#
# A fatal error has been detected by the Java Runtime Environment:
#
#  SIGSEGV (0xb) at pc=0x00007f46d25ae5ca, pid=27704, tid=139942027818752
#
# JRE version: OpenJDK Runtime Environment (8.0_45-b14) (build 1.8.0_45-internal-b14)
# Java VM: OpenJDK 64-Bit Server VM (25.45-b02 mixed mode linux-amd64 compressed oops)
# Problematic frame:
# C  [libffi.so.6+0x45ca]  ffi_closure_free+0x49a
#
# Failed to write core dump. Core dumps have been disabled. To enable core dumping, try "ulimit -c unlimited" before starting Java again
#
# If you would like to submit a bug report, please visit:
#   http://bugreport.java.com/bugreport/crash.jsp
# The crash happened outside the Java Virtual Machine in native code.
# See problematic frame for where to report the bug.
#

---------------  T H R E A D  ---------------

Current thread (0x00007f4644002000):  JavaThread "Thread-27" [_thread_in_native, id=27781, stack(0x00007f46cacb7000,0x00007f46cadb8000)]

siginfo: si_signo: 11 (SIGSEGV), si_code: 1 (SEGV_MAPERR), si_addr: 0x0000000000000018

Registers:
RAX=0x0000000000000f80, RBX=0x00007f46d27b1240, RCX=0x0000000000000000, RDX=0x0000000000000000
RSP=0x00007f46cadb67e0, RBP=0x00007f46f409c038, RSI=0x00007f46f409c070, RDI=0x0000000000000001
R8 =0x0000000000000000, R9 =0x0000000000000000, R10=0x000000000000088a, R11=0x00007f470f7438a0
R12=0x00007f46f409c048, R13=0x00007f46d226efa0, R14=0x00007f46cadb68b8, R15=0x00007f4644002000
RIP=0x00007f46d25ae5ca, EFLAGS=0x0000000000010246, CSGSFS=0x0000000000000033, ERR=0x0000000000000006
  TRAPNO=0x000000000000000e

Top of Stack: (sp=0x00007f46cadb67e0)
0x00007f46cadb67e0:   00007f46d226efa0 00007f4644002000
0x00007f46cadb67f0:   00007f46d1cff4c0 0000000000000005
0x00007f46cadb6800:   00007f46f409c048 00007f46d226efa0
0x00007f46cadb6810:   00007f46cadb6890 0000000000000000
0x00007f46cadb6820:   00007f46d226efa0 00007f46cadb68b8
0x00007f46cadb6830:   00007f4644002000 00007f46f90156d4
0x00007f46cadb6840:   fffffffe00000000 00007f46f9015422
0x00007f46cadb6850:   00007f46cadb6850 00007f46d226efa0
0x00007f46cadb6860:   00007f46cadb68b8 00007f46d226f398
0x00007f46cadb6870:   0000000000000000 00007f46d226efa0
0x00007f46cadb6880:   0000000000000000 00007f46cadb68b0
0x00007f46cadb6890:   00007f46cadb6900 00007f46f900798d
0x00007f46cadb68a0:   00000006c5c83e40 00007f46f900f2b8
0x00007f46cadb68b0:   00007f46f409c048 00000006c5d7c630
0x00007f46cadb68c0:   00007f46cadb68c0 00007f46d2227073
0x00007f46cadb68d0:   00007f46cadb6910 00007f46d222bc30
0x00007f46cadb68e0:   0000000000000000 00007f46d2227090
0x00007f46cadb68f0:   00007f46cadb68b0 00007f46cadb6910
0x00007f46cadb6900:   00007f46cadb6958 00007f46f900798d
0x00007f46cadb6910:   00000006c5d7c630 00007f46cadb6918
0x00007f46cadb6920:   00007f46d2227d4e 00007f46cadb6968
0x00007f46cadb6930:   00007f46d222bab8 0000000000000000
0x00007f46cadb6940:   00007f46d2227d68 00007f46cadb6910
0x00007f46cadb6950:   00007f46cadb6968 00007f46cadb69b0
0x00007f46cadb6960:   00007f46f900798d 00000006c5d7c630
0x00007f46cadb6970:   00007f46cadb6970 00007f46d2224ebf
0x00007f46cadb6980:   00007f46cadb69c0 00007f46d2228700
0x00007f46cadb6990:   0000000000000000 00007f46d2224ed8
0x00007f46cadb69a0:   00007f46cadb6968 00007f46cadb69c0
0x00007f46cadb69b0:   00007f46cadb6a08 00007f46f900798d
0x00007f46cadb69c0:   00000006c5d7c4f0 00007f46cadb69c8
0x00007f46cadb69d0:   00007f46d2224f6f 00007f46cadb6a20 

Instructions: (pc=0x00007f46d25ae5ca)
0x00007f46d25ae5aa:   56 18 4c 8b 4e 30 48 39 d6 0f 84 ef 03 00 00 48
0x00007f46d25ae5ba:   8b 4e 10 48 3b 0d 94 2c 20 00 0f 82 26 fe ff ff
0x00007f46d25ae5ca:   48 89 51 18 48 89 4a 10 4d 85 c9 0f 84 55 03 00
0x00007f46d25ae5da:   00 48 8b 4e 38 48 8d 79 4a 48 3b 34 fb 0f 84 b3 

Register to memory mapping:

RAX=0x0000000000000f80 is an unknown value
RBX=0x00007f46d27b1240: <offset 0x207240> in /usr/lib/x86_64-linux-gnu/libffi.so.6 at 0x00007f46d25aa000
RCX=0x0000000000000000 is an unknown value
RDX=0x0000000000000000 is an unknown value
RSP=0x00007f46cadb67e0 is pointing into the stack for thread: 0x00007f4644002000
RBP=0x00007f46f409c038 is an unknown value
RSI=0x00007f46f409c070 is an unknown value
RDI=0x0000000000000001 is an unknown value
R8 =0x0000000000000000 is an unknown value
R9 =0x0000000000000000 is an unknown value
R10=0x000000000000088a is an unknown value
R11=0x00007f470f7438a0: __sysconf+0 in /lib/x86_64-linux-gnu/libc.so.6 at 0x00007f470f677000
R12=0x00007f46f409c048 is an unknown value
R13={method} {0x00007f46d226efa0} 'nffi_closure_free' '(J)V' in 'org/lwjgl/system/libffi/LibFFI'
R14=0x00007f46cadb68b8 is pointing into the stack for thread: 0x00007f4644002000
R15=0x00007f4644002000 is a thread


Stack: [0x00007f46cacb7000,0x00007f46cadb8000],  sp=0x00007f46cadb67e0,  free space=1021k
Native frames: (J=compiled Java code, j=interpreted, Vv=VM code, C=native code)
C  [libffi.so.6+0x45ca]  ffi_closure_free+0x49a

Java frames: (J=compiled Java code, j=interpreted, Vv=VM code)
j  org.lwjgl.system.libffi.LibFFI.nffi_closure_free(J)V+0
j  org.lwjgl.system.libffi.Closure.destroy()V+35
j  org.lwjgl.system.Retainable$Default.release()V+38
j  myutils.gui.opengl.AbstractOpenGLApplication.end()V+7
j  myutils.gui.opengl.AbstractOpenGLApplication.run()V+15
j  edu.hkcc.pacmanrobot.controller.gamecontroller.MiniMap$$anonfun$run$1.apply$mcV$sp()V+7
j  edu.hkcc.pacmanrobot.utils.Worker$$anon$1.run()V+4
j  java.lang.Thread.run()V+11
v  ~StubRoutines::call_stub

---------------  P R O C E S S  ---------------

Java Threads: ( => current thread )
=>0x00007f4644002000 JavaThread "Thread-27" [_thread_in_native, id=27781, stack(0x00007f46cacb7000,0x00007f46cadb8000)]
  0x00007f465818d000 JavaThread "TimerQueue" daemon [_thread_blocked, id=27774, stack(0x00007f46caeb9000,0x00007f46cafba000)]
  0x00007f465816b000 JavaThread "Keep-Alive-Timer" daemon [_thread_blocked, id=27773, stack(0x00007f46d0087000,0x00007f46d0188000)]
  0x00007f470800e000 JavaThread "DestroyJavaVM" [_thread_blocked, id=27705, stack(0x00007f470fd50000,0x00007f470fe51000)]
  0x00007f4708841800 JavaThread "AWT-EventQueue-0" [_thread_blocked, id=27764, stack(0x00007f46d3cfd000,0x00007f46d3dfe000)]
  0x00007f470883f800 JavaThread "AWT-Shutdown" [_thread_blocked, id=27763, stack(0x00007f46d3dfe000,0x00007f46d3eff000)]
  0x00007f470883b000 JavaThread "AWT-XAWT" daemon [_thread_in_native, id=27762, stack(0x00007f46d3eff000,0x00007f46d4000000)]
  0x00007f4708824800 JavaThread "Java2D Disposer" daemon [_thread_blocked, id=27760, stack(0x00007f46ec441000,0x00007f46ec542000)]
  0x00007f468c014800 JavaThread "Thread-17" [_thread_blocked, id=27759, stack(0x00007f46ed06a000,0x00007f46ed16b000)]
  0x00007f4678003800 JavaThread "Thread-16" [_thread_in_Java, id=27758, stack(0x00007f46ecd67000,0x00007f46ece68000)]
  0x00007f466c002800 JavaThread "Thread-14" [_thread_blocked, id=27757, stack(0x00007f46ecc66000,0x00007f46ecd67000)]
  0x00007f466c001800 JavaThread "Thread-13" [_thread_blocked, id=27756, stack(0x00007f46ece68000,0x00007f46ecf69000)]
  0x00007f4678001000 JavaThread "Thread-11" [_thread_in_native, id=27753, stack(0x00007f46ecf69000,0x00007f46ed06a000)]
  0x00007f468c00e000 JavaThread "Thread-3" [_thread_in_native, id=27751, stack(0x00007f46ed16b000,0x00007f46ed26c000)]
  0x00007f468c00c800 JavaThread "Thread-7" [_thread_in_native, id=27750, stack(0x00007f46ed26c000,0x00007f46ed36d000)]
  0x00007f468c00a800 JavaThread "Thread-6" [_thread_in_native, id=27749, stack(0x00007f46ed36d000,0x00007f46ed46e000)]
  0x00007f468c009000 JavaThread "Thread-5" [_thread_in_native, id=27748, stack(0x00007f46ed46e000,0x00007f46ed56f000)]
  0x00007f468c007000 JavaThread "Thread-4" [_thread_in_native, id=27747, stack(0x00007f46ed56f000,0x00007f46ed670000)]
  0x00007f468c002800 JavaThread "Thread-8" [_thread_blocked, id=27746, stack(0x00007f46ed670000,0x00007f46ed771000)]
  0x00007f4708798000 JavaThread "Thread-0" [_thread_blocked, id=27745, stack(0x00007f46ee4d0000,0x00007f46ee5d1000)]
  0x00007f47085e6000 JavaThread "Monitor Ctrl-Break" daemon [_thread_in_native, id=27744, stack(0x00007f46eeaea000,0x00007f46eebeb000)]
  0x00007f47085ce000 JavaThread "Service Thread" daemon [_thread_blocked, id=27742, stack(0x00007f46eeeee000,0x00007f46eefef000)]
  0x00007f47085c3000 JavaThread "C1 CompilerThread3" daemon [_thread_blocked, id=27741, stack(0x00007f46eefef000,0x00007f46ef0f0000)]
  0x00007f47085c0800 JavaThread "C2 CompilerThread2" daemon [_thread_blocked, id=27740, stack(0x00007f46ef0f0000,0x00007f46ef1f1000)]
  0x00007f47085be800 JavaThread "C2 CompilerThread1" daemon [_thread_blocked, id=27739, stack(0x00007f46ef1f1000,0x00007f46ef2f2000)]
  0x00007f47085ba000 JavaThread "C2 CompilerThread0" daemon [_thread_blocked, id=27738, stack(0x00007f46ef2f2000,0x00007f46ef3f3000)]
  0x00007f47081fd000 JavaThread "Signal Dispatcher" daemon [_thread_blocked, id=27730, stack(0x00007f46f448d000,0x00007f46f458e000)]
  0x00007f47081d2800 JavaThread "Finalizer" daemon [_thread_blocked, id=27726, stack(0x00007f46f4c70000,0x00007f46f4d71000)]
  0x00007f47081d0800 JavaThread "Reference Handler" daemon [_thread_blocked, id=27725, stack(0x00007f46f4d71000,0x00007f46f4e72000)]

Other Threads:
  0x00007f47081cb000 VMThread [stack: 0x00007f46f4e72000,0x00007f46f4f73000] [id=27724]
  0x00007f47085d0800 WatcherThread [stack: 0x00007f46eeded000,0x00007f46eeeee000] [id=27743]

VM state:not at safepoint (normal execution)

VM Mutex/Monitor currently owned by a thread: None

Heap:
 PSYoungGen      total 75264K, used 20596K [0x000000076c980000, 0x0000000771d80000, 0x00000007c0000000)
  eden space 64512K, 31% used [0x000000076c980000,0x000000076dd9d2f8,0x0000000770880000)
  from space 10752K, 0% used [0x0000000771300000,0x0000000771300000,0x0000000771d80000)
  to   space 10752K, 0% used [0x0000000770880000,0x0000000770880000,0x0000000771300000)
 ParOldGen       total 70656K, used 6042K [0x00000006c5c00000, 0x00000006ca100000, 0x000000076c980000)
  object space 70656K, 8% used [0x00000006c5c00000,0x00000006c61e6998,0x00000006ca100000)
 Metaspace       used 23893K, capacity 24228K, committed 24448K, reserved 1071104K
  class space    used 2798K, capacity 2897K, committed 2944K, reserved 1048576K

Card table byte_map: [0x00007f46f882d000,0x00007f46f9000000] byte_map_base: 0x00007f46f51ff000

Marking Bits: (ParMarkBitMap*) 0x00007f470f01ee80
 Begin Bits: [0x00007f46d82e0000, 0x00007f46dc170000)
 End Bits:   [0x00007f46dc170000, 0x00007f46e0000000)

Polling page: 0x00007f470fe70000

CodeCache: size=245760Kb used=5554Kb max_used=5565Kb free=240205Kb
 bounds [0x00007f46f9000000, 0x00007f46f9580000, 0x00007f4708000000]
 total_blobs=2567 nmethods=1718 adapters=763
 compilation: enabled

Compilation events (10 events):
Event: 7.321 Thread 0x00007f47085c3000 1713       3       scala.runtime.BoxesRunTime::unboxToInt (16 bytes)
Event: 7.321 Thread 0x00007f47085c3000 nmethod 1713 0x00007f46f956d550 code [0x00007f46f956d6c0, 0x00007f46f956d9d0]
Event: 7.323 Thread 0x00007f47085be800 1715       4       java.lang.Character::digit (6 bytes)
Event: 7.323 Thread 0x00007f47085c3000 1717       3       java.util.LinkedList::isPositionIndex (18 bytes)
Event: 7.323 Thread 0x00007f47085c3000 nmethod 1717 0x00007f46f9569a10 code [0x00007f46f9569b80, 0x00007f46f9569d70]
Event: 7.323 Thread 0x00007f47085c3000 1716       3       java.util.LinkedList::checkPositionIndex (22 bytes)
Event: 7.324 Thread 0x00007f47085c3000 nmethod 1716 0x00007f46f956da90 code [0x00007f46f956dcc0, 0x00007f46f956e898]
Event: 7.324 Thread 0x00007f47085c3000 1718       3       sun.java2d.SunGraphics2D::setFont (105 bytes)
Event: 7.325 Thread 0x00007f47085c3000 nmethod 1718 0x00007f46f956ee90 code [0x00007f46f956f040, 0x00007f46f956f938]
Event: 7.326 Thread 0x00007f47085be800 nmethod 1715 0x00007f46f9572910 code [0x00007f46f9572a60, 0x00007f46f9572bd8]

GC Heap History (6 events):
Event: 0.824 GC heap before
{Heap before GC invocations=1 (full 0):
 PSYoungGen      total 75264K, used 64512K [0x000000076c980000, 0x0000000771d80000, 0x00000007c0000000)
  eden space 64512K, 100% used [0x000000076c980000,0x0000000770880000,0x0000000770880000)
  from space 10752K, 0% used [0x0000000771300000,0x0000000771300000,0x0000000771d80000)
  to   space 10752K, 0% used [0x0000000770880000,0x0000000770880000,0x0000000771300000)
 ParOldGen       total 172032K, used 0K [0x00000006c5c00000, 0x00000006d0400000, 0x000000076c980000)
  object space 172032K, 0% used [0x00000006c5c00000,0x00000006c5c00000,0x00000006d0400000)
 Metaspace       used 15680K, capacity 16000K, committed 16384K, reserved 1062912K
  class space    used 2066K, capacity 2181K, committed 2304K, reserved 1048576K
Event: 0.832 GC heap after
Heap after GC invocations=1 (full 0):
 PSYoungGen      total 75264K, used 7400K [0x000000076c980000, 0x0000000771d80000, 0x00000007c0000000)
  eden space 64512K, 0% used [0x000000076c980000,0x000000076c980000,0x0000000770880000)
  from space 10752K, 68% used [0x0000000770880000,0x0000000770fba3f0,0x0000000771300000)
  to   space 10752K, 0% used [0x0000000771300000,0x0000000771300000,0x0000000771d80000)
 ParOldGen       total 172032K, used 16K [0x00000006c5c00000, 0x00000006d0400000, 0x000000076c980000)
  object space 172032K, 0% used [0x00000006c5c00000,0x00000006c5c04000,0x00000006d0400000)
 Metaspace       used 15680K, capacity 16000K, committed 16384K, reserved 1062912K
  class space    used 2066K, capacity 2181K, committed 2304K, reserved 1048576K
}
Event: 6.442 GC heap before
{Heap before GC invocations=2 (full 0):
 PSYoungGen      total 75264K, used 24843K [0x000000076c980000, 0x0000000771d80000, 0x00000007c0000000)
  eden space 64512K, 27% used [0x000000076c980000,0x000000076da88af0,0x0000000770880000)
  from space 10752K, 68% used [0x0000000770880000,0x0000000770fba3f0,0x0000000771300000)
  to   space 10752K, 0% used [0x0000000771300000,0x0000000771300000,0x0000000771d80000)
 ParOldGen       total 172032K, used 16K [0x00000006c5c00000, 0x00000006d0400000, 0x000000076c980000)
  object space 172032K, 0% used [0x00000006c5c00000,0x00000006c5c04000,0x00000006d0400000)
 Metaspace       used 20763K, capacity 21060K, committed 21248K, reserved 1067008K
  class space    used 2680K, capacity 2801K, committed 2816K, reserved 1048576K
Event: 6.447 GC heap after
Heap after GC invocations=2 (full 0):
 PSYoungGen      total 75264K, used 6216K [0x000000076c980000, 0x0000000771d80000, 0x00000007c0000000)
  eden space 64512K, 0% used [0x000000076c980000,0x000000076c980000,0x0000000770880000)
  from space 10752K, 57% used [0x0000000771300000,0x00000007719123d8,0x0000000771d80000)
  to   space 10752K, 0% used [0x0000000770880000,0x0000000770880000,0x0000000771300000)
 ParOldGen       total 172032K, used 32K [0x00000006c5c00000, 0x00000006d0400000, 0x000000076c980000)
  object space 172032K, 0% used [0x00000006c5c00000,0x00000006c5c08000,0x00000006d0400000)
 Metaspace       used 20763K, capacity 21060K, committed 21248K, reserved 1067008K
  class space    used 2680K, capacity 2801K, committed 2816K, reserved 1048576K
}
Event: 6.447 GC heap before
{Heap before GC invocations=3 (full 1):
 PSYoungGen      total 75264K, used 6216K [0x000000076c980000, 0x0000000771d80000, 0x00000007c0000000)
  eden space 64512K, 0% used [0x000000076c980000,0x000000076c980000,0x0000000770880000)
  from space 10752K, 57% used [0x0000000771300000,0x00000007719123d8,0x0000000771d80000)
  to   space 10752K, 0% used [0x0000000770880000,0x0000000770880000,0x0000000771300000)
 ParOldGen       total 172032K, used 32K [0x00000006c5c00000, 0x00000006d0400000, 0x000000076c980000)
  object space 172032K, 0% used [0x00000006c5c00000,0x00000006c5c08000,0x00000006d0400000)
 Metaspace       used 20763K, capacity 21060K, committed 21248K, reserved 1067008K
  class space    used 2680K, capacity 2801K, committed 2816K, reserved 1048576K
Event: 6.470 GC heap after
Heap after GC invocations=3 (full 1):
 PSYoungGen      total 75264K, used 0K [0x000000076c980000, 0x0000000771d80000, 0x00000007c0000000)
  eden space 64512K, 0% used [0x000000076c980000,0x000000076c980000,0x0000000770880000)
  from space 10752K, 0% used [0x0000000771300000,0x0000000771300000,0x0000000771d80000)
  to   space 10752K, 0% used [0x0000000770880000,0x0000000770880000,0x0000000771300000)
 ParOldGen       total 70656K, used 6042K [0x00000006c5c00000, 0x00000006ca100000, 0x000000076c980000)
  object space 70656K, 8% used [0x00000006c5c00000,0x00000006c61e6998,0x00000006ca100000)
 Metaspace       used 20763K, capacity 21060K, committed 21248K, reserved 1067008K
  class space    used 2680K, capacity 2801K, committed 2816K, reserved 1048576K
}

Deoptimization events (10 events):
Event: 2.543 Thread 0x00007f4708841800 Uncommon trap: reason=class_check action=maybe_recompile pc=0x00007f46f91b8158 method=java.lang.String.equals(Ljava/lang/Object;)Z @ 8
Event: 2.543 Thread 0x00007f4708841800 Uncommon trap: reason=class_check action=maybe_recompile pc=0x00007f46f91b8158 method=java.lang.String.equals(Ljava/lang/Object;)Z @ 8
Event: 2.543 Thread 0x00007f4708841800 Uncommon trap: reason=class_check action=maybe_recompile pc=0x00007f46f91b8158 method=java.lang.String.equals(Ljava/lang/Object;)Z @ 8
Event: 2.543 Thread 0x00007f4708841800 Uncommon trap: reason=class_check action=maybe_recompile pc=0x00007f46f91b8158 method=java.lang.String.equals(Ljava/lang/Object;)Z @ 8
Event: 6.389 Thread 0x00007f466c002800 Uncommon trap: reason=unstable_if action=reinterpret pc=0x00007f46f942f9f0 method=java.util.concurrent.locks.AbstractQueuedSynchronizer.doReleaseShared()V @ 69
Event: 6.421 Thread 0x00007f466c002800 Uncommon trap: reason=unstable_if action=reinterpret pc=0x00007f46f94340e8 method=java.util.concurrent.locks.AbstractQueuedSynchronizer.doReleaseShared()V @ 69
Event: 7.224 Thread 0x00007f4644002000 Uncommon trap: reason=class_check action=maybe_recompile pc=0x00007f46f93d1fd4 method=java.io.DataInputStream.readInt()I @ 4
Event: 7.224 Thread 0x00007f4644002000 Uncommon trap: reason=class_check action=maybe_recompile pc=0x00007f46f93d1fd4 method=java.io.DataInputStream.readInt()I @ 4
Event: 7.224 Thread 0x00007f4644002000 Uncommon trap: reason=class_check action=maybe_recompile pc=0x00007f46f93d1fd4 method=java.io.DataInputStream.readInt()I @ 4
Event: 7.224 Thread 0x00007f4644002000 Uncommon trap: reason=class_check action=maybe_recompile pc=0x00007f46f93d1fd4 method=java.io.DataInputStream.readInt()I @ 4

Internal exceptions (10 events):
Event: 0.112 Thread 0x00007f470800e000 Exception <a 'java/security/PrivilegedActionException'> (0x000000076d13aff8) thrown at [/build/buildd/openjdk-8-8u45-b14/src/hotspot/src/share/vm/prims/jvm.cpp, line 1382]
Event: 0.112 Thread 0x00007f470800e000 Exception <a 'java/security/PrivilegedActionException'> (0x000000076d13b340) thrown at [/build/buildd/openjdk-8-8u45-b14/src/hotspot/src/share/vm/prims/jvm.cpp, line 1382]
Event: 0.310 Thread 0x00007f470800e000 Exception <a 'java/io/FileNotFoundException'> (0x000000076e115f68) thrown at [/build/buildd/openjdk-8-8u45-b14/src/hotspot/src/share/vm/prims/jni.cpp, line 709]
Event: 0.323 Thread 0x00007f470800e000 Exception <a 'java/lang/ClassNotFoundException': sun/dc/DuctusRenderingEngine> (0x000000076e17d5d0) thrown at [/build/buildd/openjdk-8-8u45-b14/src/hotspot/src/share/vm/classfile/systemDictionary.cpp, line 210]
Event: 0.392 Thread 0x00007f470800e000 Exception <a 'java/lang/NoSuchFieldError': method resolution failed> (0x000000076f1452f8) thrown at [/build/buildd/openjdk-8-8u45-b14/src/hotspot/src/share/vm/prims/methodHandles.cpp, line 1125]
Event: 0.394 Thread 0x00007f470800e000 Exception <a 'java/lang/NoSuchFieldError': method resolution failed> (0x000000076f154528) thrown at [/build/buildd/openjdk-8-8u45-b14/src/hotspot/src/share/vm/prims/methodHandles.cpp, line 1125]
Event: 0.493 Thread 0x00007f4708841800 Implicit null exception at 0x00007f46f91f80b5 to 0x00007f46f91f8425
Event: 0.494 Thread 0x00007f4708841800 Implicit null exception at 0x00007f46f91e5e35 to 0x00007f46f91e6191
Event: 0.754 Thread 0x00007f4708841800 Exception <a 'java/lang/reflect/InvocationTargetException'> (0x00000007705f53f0) thrown at [/build/buildd/openjdk-8-8u45-b14/src/hotspot/src/share/vm/runtime/reflection.cpp, line 1080]
Event: 7.321 Thread 0x00007f4644002000 Exception <a 'java/lang/NoSuchMethodError': scala.runtime.FloatRef.create(F)Lscala/runtime/FloatRef;> (0x000000076dcc8280) thrown at [/build/buildd/openjdk-8-8u45-b14/src/hotspot/src/share/vm/interpreter/linkResolver.cpp, line 582]

Events (10 events):
Event: 7.320 loading class edu/hkcc/pacmanrobot/utils/Point2D
Event: 7.320 loading class edu/hkcc/pacmanrobot/utils/Point2D done
Event: 7.320 loading class edu/hkcc/pacmanrobot/utils/Utils$$anon$1
Event: 7.320 loading class edu/hkcc/pacmanrobot/utils/Utils$$anon$1 done
Event: 7.321 loading class scala/runtime/FloatRef
Event: 7.321 loading class scala/runtime/FloatRef done
Event: 7.323 Thread 0x00007f4690002000 Thread added: 0x00007f4690002000
Event: 7.324 Executing VM operation: RevokeBias
Event: 7.324 Executing VM operation: RevokeBias done
Event: 7.324 Thread 0x00007f4690002000 Thread exited: 0x00007f4690002000


Dynamic libraries:
00400000-00401000 r-xp 00000000 fc:02 2238569                            /usr/lib/jvm/java-8-openjdk-amd64/jre/bin/java
00600000-00601000 r--p 00000000 fc:02 2238569                            /usr/lib/jvm/java-8-openjdk-amd64/jre/bin/java
00601000-00602000 rw-p 00001000 fc:02 2238569                            /usr/lib/jvm/java-8-openjdk-amd64/jre/bin/java
01b55000-01b76000 rw-p 00000000 00:00 0                                  [heap]
6c5c00000-6ca100000 rw-p 00000000 00:00 0 
6ca100000-76c980000 ---p 00000000 00:00 0 
76c980000-771d80000 rw-p 00000000 00:00 0 
771d80000-7c0000000 ---p 00000000 00:00 0 
7c0000000-7c02e0000 rw-p 00000000 00:00 0 
7c02e0000-800000000 ---p 00000000 00:00 0 
7f464201e000-7f4643dc7000 r-xp 00000000 fc:02 2107172                    /usr/lib/x86_64-linux-gnu/libLLVM-3.6.so.1
7f4643dc7000-7f4643dc8000 ---p 01da9000 fc:02 2107172                    /usr/lib/x86_64-linux-gnu/libLLVM-3.6.so.1
7f4643dc8000-7f4643fe4000 r--p 01da9000 fc:02 2107172                    /usr/lib/x86_64-linux-gnu/libLLVM-3.6.so.1
7f4643fe4000-7f4643fea000 rw-p 01fc5000 fc:02 2107172                    /usr/lib/x86_64-linux-gnu/libLLVM-3.6.so.1
7f4643fea000-7f4644000000 rw-p 00000000 00:00 0 
7f4644000000-7f4644021000 rw-p 00000000 00:00 0 
7f4644021000-7f4648000000 ---p 00000000 00:00 0 
7f4648000000-7f4648222000 rw-p 00000000 00:00 0 
7f4648222000-7f464c000000 ---p 00000000 00:00 0 
7f464c000000-7f464c021000 rw-p 00000000 00:00 0 
7f464c021000-7f4650000000 ---p 00000000 00:00 0 
7f4650000000-7f4650021000 rw-p 00000000 00:00 0 
7f4650021000-7f4654000000 ---p 00000000 00:00 0 
7f4654000000-7f4654021000 rw-p 00000000 00:00 0 
7f4654021000-7f4658000000 ---p 00000000 00:00 0 
7f4658000000-7f46581e4000 rw-p 00000000 00:00 0 
7f46581e4000-7f465c000000 ---p 00000000 00:00 0 
7f465c000000-7f465c021000 rw-p 00000000 00:00 0 
7f465c021000-7f4660000000 ---p 00000000 00:00 0 
7f4660000000-7f4660037000 rw-p 00000000 00:00 0 
7f4660037000-7f4664000000 ---p 00000000 00:00 0 
7f4664000000-7f4664021000 rw-p 00000000 00:00 0 
7f4664021000-7f4668000000 ---p 00000000 00:00 0 
7f4668000000-7f4668283000 rw-p 00000000 00:00 0 
7f4668283000-7f466c000000 ---p 00000000 00:00 0 
7f466c000000-7f466c27e000 rw-p 00000000 00:00 0 
7f466c27e000-7f4670000000 ---p 00000000 00:00 0 
7f4670000000-7f4670021000 rw-p 00000000 00:00 0 
7f4670021000-7f4674000000 ---p 00000000 00:00 0 
7f4674000000-7f4674021000 rw-p 00000000 00:00 0 
7f4674021000-7f4678000000 ---p 00000000 00:00 0 
7f4678000000-7f4678021000 rw-p 00000000 00:00 0 
7f4678021000-7f467c000000 ---p 00000000 00:00 0 
7f467c000000-7f467c021000 rw-p 00000000 00:00 0 
7f467c021000-7f4680000000 ---p 00000000 00:00 0 
7f4680000000-7f4680021000 rw-p 00000000 00:00 0 
7f4680021000-7f4684000000 ---p 00000000 00:00 0 
7f4684000000-7f4684021000 rw-p 00000000 00:00 0 
7f4684021000-7f4688000000 ---p 00000000 00:00 0 
7f4688000000-7f4688021000 rw-p 00000000 00:00 0 
7f4688021000-7f468c000000 ---p 00000000 00:00 0 
7f468c000000-7f468c021000 rw-p 00000000 00:00 0 
7f468c021000-7f4690000000 ---p 00000000 00:00 0 
7f4690000000-7f4690021000 rw-p 00000000 00:00 0 
7f4690021000-7f4694000000 ---p 00000000 00:00 0 
7f4694000000-7f4694021000 rw-p 00000000 00:00 0 
7f4694021000-7f4698000000 ---p 00000000 00:00 0 
7f4698000000-7f4698021000 rw-p 00000000 00:00 0 
7f4698021000-7f469c000000 ---p 00000000 00:00 0 
7f469c000000-7f469c2c8000 rw-p 00000000 00:00 0 
7f469c2c8000-7f46a0000000 ---p 00000000 00:00 0 
7f46a0000000-7f46a0021000 rw-p 00000000 00:00 0 
7f46a0021000-7f46a4000000 ---p 00000000 00:00 0 
7f46a4000000-7f46a42d2000 rw-p 00000000 00:00 0 
7f46a42d2000-7f46a8000000 ---p 00000000 00:00 0 
7f46a8000000-7f46a8242000 rw-p 00000000 00:00 0 
7f46a8242000-7f46ac000000 ---p 00000000 00:00 0 
7f46ac000000-7f46ac021000 rw-p 00000000 00:00 0 
7f46ac021000-7f46b0000000 ---p 00000000 00:00 0 
7f46b0000000-7f46b03db000 rw-p 00000000 00:00 0 
7f46b03db000-7f46b4000000 ---p 00000000 00:00 0 
7f46b4000000-7f46b4021000 rw-p 00000000 00:00 0 
7f46b4021000-7f46b8000000 ---p 00000000 00:00 0 
7f46b8000000-7f46b8021000 rw-p 00000000 00:00 0 
7f46b8021000-7f46bc000000 ---p 00000000 00:00 0 
7f46bc000000-7f46bc021000 rw-p 00000000 00:00 0 
7f46bc021000-7f46c0000000 ---p 00000000 00:00 0 
7f46c0000000-7f46c0021000 rw-p 00000000 00:00 0 
7f46c0021000-7f46c4000000 ---p 00000000 00:00 0 
7f46c4000000-7f46c4021000 rw-p 00000000 00:00 0 
7f46c4021000-7f46c8000000 ---p 00000000 00:00 0 
7f46c8e26000-7f46c8f26000 rw-p 00000000 00:00 0 
7f46c8f26000-7f46c9026000 ---p 00000000 00:00 0 
7f46c9026000-7f46c905d000 r-xp 00000000 fc:02 2108338                    /usr/lib/x86_64-linux-gnu/libtxc_dxtn_s2tc.so.0.0.0
7f46c905d000-7f46c925c000 ---p 00037000 fc:02 2108338                    /usr/lib/x86_64-linux-gnu/libtxc_dxtn_s2tc.so.0.0.0
7f46c925c000-7f46c925d000 r--p 00036000 fc:02 2108338                    /usr/lib/x86_64-linux-gnu/libtxc_dxtn_s2tc.so.0.0.0
7f46c925d000-7f46c925e000 rw-p 00037000 fc:02 2108338                    /usr/lib/x86_64-linux-gnu/libtxc_dxtn_s2tc.so.0.0.0
7f46c925e000-7f46c9283000 r-xp 00000000 fc:02 1053251                    /lib/x86_64-linux-gnu/libtinfo.so.5.9
7f46c9283000-7f46c9482000 ---p 00025000 fc:02 1053251                    /lib/x86_64-linux-gnu/libtinfo.so.5.9
7f46c9482000-7f46c9486000 r--p 00024000 fc:02 1053251                    /lib/x86_64-linux-gnu/libtinfo.so.5.9
7f46c9486000-7f46c9487000 rw-p 00028000 fc:02 1053251                    /lib/x86_64-linux-gnu/libtinfo.so.5.9
7f46c9487000-7f46c94ba000 r-xp 00000000 fc:02 2107580                    /usr/lib/x86_64-linux-gnu/libedit.so.2.0.51
7f46c94ba000-7f46c96ba000 ---p 00033000 fc:02 2107580                    /usr/lib/x86_64-linux-gnu/libedit.so.2.0.51
7f46c96ba000-7f46c96bc000 r--p 00033000 fc:02 2107580                    /usr/lib/x86_64-linux-gnu/libedit.so.2.0.51
7f46c96bc000-7f46c96bd000 rw-p 00035000 fc:02 2107580                    /usr/lib/x86_64-linux-gnu/libedit.so.2.0.51
7f46c96bd000-7f46c96c1000 rw-p 00000000 00:00 0 
7f46c96c1000-7f46c96d6000 r-xp 00000000 fc:02 2107581                    /usr/lib/x86_64-linux-gnu/libelf-0.160.so
7f46c96d6000-7f46c98d5000 ---p 00015000 fc:02 2107581                    /usr/lib/x86_64-linux-gnu/libelf-0.160.so
7f46c98d5000-7f46c98d6000 r--p 00014000 fc:02 2107581                    /usr/lib/x86_64-linux-gnu/libelf-0.160.so
7f46c98d6000-7f46c98d7000 rw-p 00015000 fc:02 2107581                    /usr/lib/x86_64-linux-gnu/libelf-0.160.so
7f46c98d7000-7f46c98e3000 r-xp 00000000 fc:02 2107576                    /usr/lib/x86_64-linux-gnu/libdrm_radeon.so.1.0.1
7f46c98e3000-7f46c9ae2000 ---p 0000c000 fc:02 2107576                    /usr/lib/x86_64-linux-gnu/libdrm_radeon.so.1.0.1
7f46c9ae2000-7f46c9ae3000 r--p 0000b000 fc:02 2107576                    /usr/lib/x86_64-linux-gnu/libdrm_radeon.so.1.0.1
7f46c9ae3000-7f46c9ae4000 rw-p 0000c000 fc:02 2107576                    /usr/lib/x86_64-linux-gnu/libdrm_radeon.so.1.0.1
7f46c9ae4000-7f46c9aea000 r-xp 00000000 fc:02 2107574                    /usr/lib/x86_64-linux-gnu/libdrm_nouveau.so.2.0.0
7f46c9aea000-7f46c9ce9000 ---p 00006000 fc:02 2107574                    /usr/lib/x86_64-linux-gnu/libdrm_nouveau.so.2.0.0
7f46c9ce9000-7f46c9cea000 r--p 00005000 fc:02 2107574                    /usr/lib/x86_64-linux-gnu/libdrm_nouveau.so.2.0.0
7f46c9cea000-7f46c9ceb000 rw-p 00006000 fc:02 2107574                    /usr/lib/x86_64-linux-gnu/libdrm_nouveau.so.2.0.0
7f46c9ceb000-7f46ca45c000 r-xp 00000000 fc:02 2361022                    /usr/lib/x86_64-linux-gnu/dri/nouveau_dri.so
7f46ca45c000-7f46ca65c000 ---p 00771000 fc:02 2361022                    /usr/lib/x86_64-linux-gnu/dri/nouveau_dri.so
7f46ca65c000-7f46ca6b3000 r--p 00771000 fc:02 2361022                    /usr/lib/x86_64-linux-gnu/dri/nouveau_dri.so
7f46ca6b3000-7f46ca6bf000 rw-p 007c8000 fc:02 2361022                    /usr/lib/x86_64-linux-gnu/dri/nouveau_dri.so
7f46ca6bf000-7f46ca8a4000 rw-p 00000000 00:00 0 
7f46ca8a4000-7f46ca8b6000 r-xp 00000000 fc:02 1053253                    /lib/x86_64-linux-gnu/libudev.so.1.6.2
7f46ca8b6000-7f46caab5000 ---p 00012000 fc:02 1053253                    /lib/x86_64-linux-gnu/libudev.so.1.6.2
7f46caab5000-7f46caab6000 r--p 00011000 fc:02 1053253                    /lib/x86_64-linux-gnu/libudev.so.1.6.2
7f46caab6000-7f46caab7000 rw-p 00012000 fc:02 1053253                    /lib/x86_64-linux-gnu/libudev.so.1.6.2
7f46caab7000-7f46cacb7000 rw-p 00000000 00:00 0 
7f46cacb7000-7f46cacba000 ---p 00000000 00:00 0 
7f46cacba000-7f46cadb8000 rw-p 00000000 00:00 0                          [stack:27781]
7f46cadb8000-7f46cadbb000 ---p 00000000 00:00 0 
7f46cadbb000-7f46caeb9000 rw-p 00000000 00:00 0 
7f46caeb9000-7f46caebc000 ---p 00000000 00:00 0 
7f46caebc000-7f46cb1ba000 rw-p 00000000 00:00 0                          [stack:27774]
7f46cb1ba000-7f46cb3ba000 rw-p 00000000 00:00 0 
7f46cb3ba000-7f46cb3bf000 r-xp 00000000 fc:02 1053178                    /lib/x86_64-linux-gnu/libnss_dns-2.21.so
7f46cb3bf000-7f46cb5be000 ---p 00005000 fc:02 1053178                    /lib/x86_64-linux-gnu/libnss_dns-2.21.so
7f46cb5be000-7f46cb5bf000 r--p 00004000 fc:02 1053178                    /lib/x86_64-linux-gnu/libnss_dns-2.21.so
7f46cb5bf000-7f46cb5c0000 rw-p 00005000 fc:02 1053178                    /lib/x86_64-linux-gnu/libnss_dns-2.21.so
7f46cb5c0000-7f46cb5c2000 r-xp 00000000 fc:02 1053186                    /lib/x86_64-linux-gnu/libnss_mdns4_minimal.so.2
7f46cb5c2000-7f46cb7c1000 ---p 00002000 fc:02 1053186                    /lib/x86_64-linux-gnu/libnss_mdns4_minimal.so.2
7f46cb7c1000-7f46cb7c2000 r--p 00001000 fc:02 1053186                    /lib/x86_64-linux-gnu/libnss_mdns4_minimal.so.2
7f46cb7c2000-7f46cb7c3000 rw-p 00002000 fc:02 1053186                    /lib/x86_64-linux-gnu/libnss_mdns4_minimal.so.2
7f46cb7c3000-7f46cb9c3000 rw-p 00000000 00:00 0 
7f46cb9c3000-7f46cb9eb000 r-xp 00000000 fc:02 2238512                    /usr/lib/jvm/java-8-openjdk-amd64/jre/lib/amd64/libsunec.so
7f46cb9eb000-7f46cbbeb000 ---p 00028000 fc:02 2238512                    /usr/lib/jvm/java-8-openjdk-amd64/jre/lib/amd64/libsunec.so
7f46cbbeb000-7f46cbbef000 r--p 00028000 fc:02 2238512                    /usr/lib/jvm/java-8-openjdk-amd64/jre/lib/amd64/libsunec.so
7f46cbbef000-7f46cbbf1000 rw-p 0002c000 fc:02 2238512                    /usr/lib/jvm/java-8-openjdk-amd64/jre/lib/amd64/libsunec.so
7f46cbbf1000-7f46cbbfd000 r-xp 00000000 fc:02 2107570                    /usr/lib/x86_64-linux-gnu/libdrm.so.2.4.0
7f46cbbfd000-7f46cbdfc000 ---p 0000c000 fc:02 2107570                    /usr/lib/x86_64-linux-gnu/libdrm.so.2.4.0
7f46cbdfc000-7f46cbdfd000 r--p 0000b000 fc:02 2107570                    /usr/lib/x86_64-linux-gnu/libdrm.so.2.4.0
7f46cbdfd000-7f46cbdfe000 rw-p 0000c000 fc:02 2107570                    /usr/lib/x86_64-linux-gnu/libdrm.so.2.4.0
7f46cbdfe000-7f46cbdff000 r-xp 00000000 fc:02 2108509                    /usr/lib/x86_64-linux-gnu/libxshmfence.so.1.0.0
7f46cbdff000-7f46cbffe000 ---p 00001000 fc:02 2108509                    /usr/lib/x86_64-linux-gnu/libxshmfence.so.1.0.0
7f46cbffe000-7f46cbfff000 r--p 00000000 fc:02 2108509                    /usr/lib/x86_64-linux-gnu/libxshmfence.so.1.0.0
7f46cbfff000-7f46cc000000 rw-p 00001000 fc:02 2108509                    /usr/lib/x86_64-linux-gnu/libxshmfence.so.1.0.0
7f46cc000000-7f46cc021000 rw-p 00000000 00:00 0 
7f46cc021000-7f46d0000000 ---p 00000000 00:00 0 
7f46d0087000-7f46d008a000 ---p 00000000 00:00 0 
7f46d008a000-7f46d0188000 rw-p 00000000 00:00 0                          [stack:27773]
7f46d0188000-7f46d018d000 r-xp 00000000 fc:02 2108491                    /usr/lib/x86_64-linux-gnu/libxcb-sync.so.1.0.0
7f46d018d000-7f46d038c000 ---p 00005000 fc:02 2108491                    /usr/lib/x86_64-linux-gnu/libxcb-sync.so.1.0.0
7f46d038c000-7f46d038d000 r--p 00004000 fc:02 2108491                    /usr/lib/x86_64-linux-gnu/libxcb-sync.so.1.0.0
7f46d038d000-7f46d038e000 rw-p 00005000 fc:02 2108491                    /usr/lib/x86_64-linux-gnu/libxcb-sync.so.1.0.0
7f46d038e000-7f46d0390000 r-xp 00000000 fc:02 2108479                    /usr/lib/x86_64-linux-gnu/libxcb-present.so.0.0.0
7f46d0390000-7f46d058f000 ---p 00002000 fc:02 2108479                    /usr/lib/x86_64-linux-gnu/libxcb-present.so.0.0.0
7f46d058f000-7f46d0590000 r--p 00001000 fc:02 2108479                    /usr/lib/x86_64-linux-gnu/libxcb-present.so.0.0.0
7f46d0590000-7f46d0591000 rw-p 00002000 fc:02 2108479                    /usr/lib/x86_64-linux-gnu/libxcb-present.so.0.0.0
7f46d0591000-7f46d0593000 r-xp 00000000 fc:02 2108469                    /usr/lib/x86_64-linux-gnu/libxcb-dri3.so.0.0.0
7f46d0593000-7f46d0792000 ---p 00002000 fc:02 2108469                    /usr/lib/x86_64-linux-gnu/libxcb-dri3.so.0.0.0
7f46d0792000-7f46d0793000 r--p 00001000 fc:02 2108469                    /usr/lib/x86_64-linux-gnu/libxcb-dri3.so.0.0.0
7f46d0793000-7f46d0794000 rw-p 00002000 fc:02 2108469                    /usr/lib/x86_64-linux-gnu/libxcb-dri3.so.0.0.0
7f46d0794000-7f46d0797000 r-xp 00000000 fc:02 2108467                    /usr/lib/x86_64-linux-gnu/libxcb-dri2.so.0.0.0
7f46d0797000-7f46d0997000 ---p 00003000 fc:02 2108467                    /usr/lib/x86_64-linux-gnu/libxcb-dri2.so.0.0.0
7f46d0997000-7f46d0998000 r--p 00003000 fc:02 2108467                    /usr/lib/x86_64-linux-gnu/libxcb-dri2.so.0.0.0
7f46d0998000-7f46d0999000 rw-p 00004000 fc:02 2108467                    /usr/lib/x86_64-linux-gnu/libxcb-dri2.so.0.0.0
7f46d0999000-7f46d09ae000 r-xp 00000000 fc:02 2108471                    /usr/lib/x86_64-linux-gnu/libxcb-glx.so.0.0.0
7f46d09ae000-7f46d0bad000 ---p 00015000 fc:02 2108471                    /usr/lib/x86_64-linux-gnu/libxcb-glx.so.0.0.0
7f46d0bad000-7f46d0baf000 r--p 00014000 fc:02 2108471                    /usr/lib/x86_64-linux-gnu/libxcb-glx.so.0.0.0
7f46d0baf000-7f46d0bb0000 rw-p 00016000 fc:02 2108471                    /usr/lib/x86_64-linux-gnu/libxcb-glx.so.0.0.0
7f46d0bb0000-7f46d0bb1000 r-xp 00000000 fc:02 2107295                    /usr/lib/x86_64-linux-gnu/libX11-xcb.so.1.0.0
7f46d0bb1000-7f46d0db0000 ---p 00001000 fc:02 2107295                    /usr/lib/x86_64-linux-gnu/libX11-xcb.so.1.0.0
7f46d0db0000-7f46d0db1000 r--p 00000000 fc:02 2107295                    /usr/lib/x86_64-linux-gnu/libX11-xcb.so.1.0.0
7f46d0db1000-7f46d0db2000 rw-p 00001000 fc:02 2107295                    /usr/lib/x86_64-linux-gnu/libX11-xcb.so.1.0.0
7f46d0db2000-7f46d0db4000 r-xp 00000000 fc:02 2107310                    /usr/lib/x86_64-linux-gnu/libXdamage.so.1.1.0
7f46d0db4000-7f46d0fb3000 ---p 00002000 fc:02 2107310                    /usr/lib/x86_64-linux-gnu/libXdamage.so.1.1.0
7f46d0fb3000-7f46d0fb4000 r--p 00001000 fc:02 2107310                    /usr/lib/x86_64-linux-gnu/libXdamage.so.1.1.0
7f46d0fb4000-7f46d0fb5000 rw-p 00002000 fc:02 2107310                    /usr/lib/x86_64-linux-gnu/libXdamage.so.1.1.0
7f46d0fb5000-7f46d0fda000 r-xp 00000000 fc:02 2107729                    /usr/lib/x86_64-linux-gnu/libglapi.so.0.0.0
7f46d0fda000-7f46d11da000 ---p 00025000 fc:02 2107729                    /usr/lib/x86_64-linux-gnu/libglapi.so.0.0.0
7f46d11da000-7f46d11dd000 r--p 00025000 fc:02 2107729                    /usr/lib/x86_64-linux-gnu/libglapi.so.0.0.0
7f46d11dd000-7f46d11de000 rw-p 00028000 fc:02 2107729                    /usr/lib/x86_64-linux-gnu/libglapi.so.0.0.0
7f46d11de000-7f46d11df000 rw-p 00000000 00:00 0 
7f46d11df000-7f46d1205000 r-xp 00000000 fc:02 1053118                    /lib/x86_64-linux-gnu/libexpat.so.1.6.0
7f46d1205000-7f46d1404000 ---p 00026000 fc:02 1053118                    /lib/x86_64-linux-gnu/libexpat.so.1.6.0
7f46d1404000-7f46d1407000 r--p 00025000 fc:02 1053118                    /lib/x86_64-linux-gnu/libexpat.so.1.6.0
7f46d1407000-7f46d1408000 rw-p 00028000 fc:02 1053118                    /lib/x86_64-linux-gnu/libexpat.so.1.6.0
7f46d1408000-7f46d140a000 r-xp 00000000 fc:02 2107324                    /usr/lib/x86_64-linux-gnu/libXinerama.so.1.0.0
7f46d140a000-7f46d1609000 ---p 00002000 fc:02 2107324                    /usr/lib/x86_64-linux-gnu/libXinerama.so.1.0.0
7f46d1609000-7f46d160a000 r--p 00001000 fc:02 2107324                    /usr/lib/x86_64-linux-gnu/libXinerama.so.1.0.0
7f46d160a000-7f46d160b000 rw-p 00002000 fc:02 2107324                    /usr/lib/x86_64-linux-gnu/libXinerama.so.1.0.0
7f46d160b000-7f46d160f000 r-xp 00000000 fc:02 2107352                    /usr/lib/x86_64-linux-gnu/libXxf86vm.so.1.0.0
7f46d160f000-7f46d180f000 ---p 00004000 fc:02 2107352                    /usr/lib/x86_64-linux-gnu/libXxf86vm.so.1.0.0
7f46d180f000-7f46d1810000 r--p 00004000 fc:02 2107352                    /usr/lib/x86_64-linux-gnu/libXxf86vm.so.1.0.0
7f46d1810000-7f46d1811000 rw-p 00005000 fc:02 2107352                    /usr/lib/x86_64-linux-gnu/libXxf86vm.so.1.0.0
7f46d1811000-7f46d181a000 r-xp 00000000 fc:02 2107334                    /usr/lib/x86_64-linux-gnu/libXrandr.so.2.2.0
7f46d181a000-7f46d1a19000 ---p 00009000 fc:02 2107334                    /usr/lib/x86_64-linux-gnu/libXrandr.so.2.2.0
7f46d1a19000-7f46d1a1a000 r--p 00008000 fc:02 2107334                    /usr/lib/x86_64-linux-gnu/libXrandr.so.2.2.0
7f46d1a1a000-7f46d1a1b000 rw-p 00009000 fc:02 2107334                    /usr/lib/x86_64-linux-gnu/libXrandr.so.2.2.0
7f46d1a1b000-7f46d1ab3000 r-xp 00000000 fc:02 2362522                    /usr/lib/x86_64-linux-gnu/mesa/libGL.so.1.2.0
7f46d1ab3000-7f46d1cb2000 ---p 00098000 fc:02 2362522                    /usr/lib/x86_64-linux-gnu/mesa/libGL.so.1.2.0
7f46d1cb2000-7f46d1cb5000 r--p 00097000 fc:02 2362522                    /usr/lib/x86_64-linux-gnu/mesa/libGL.so.1.2.0
7f46d1cb5000-7f46d1cb6000 rw-p 0009a000 fc:02 2362522                    /usr/lib/x86_64-linux-gnu/mesa/libGL.so.1.2.0
7f46d1cb6000-7f46d1cb7000 rw-p 00000000 00:00 0 
7f46d1cb7000-7f46d1d29000 r-xp 00000000 fc:01 13763062                   /home/beenotung/git/workspace/hkcc-pacman-robot/lib/lwjgl3/native/linux/x64/liblwjgl.so
7f46d1d29000-7f46d1f28000 ---p 00072000 fc:01 13763062                   /home/beenotung/git/workspace/hkcc-pacman-robot/lib/lwjgl3/native/linux/x64/liblwjgl.so
7f46d1f28000-7f46d1f29000 r--p 00071000 fc:01 13763062                   /home/beenotung/git/workspace/hkcc-pacman-robot/lib/lwjgl3/native/linux/x64/liblwjgl.so
7f46d1f29000-7f46d1f2a000 rw-p 00072000 fc:01 13763062                   /home/beenotung/git/workspace/hkcc-pacman-robot/lib/lwjgl3/native/linux/x64/liblwjgl.so
7f46d1f2a000-7f46d1f2b000 rw-p 00000000 00:00 0 
7f46d1f2b000-7f46d1f3c000 r-xp 00000000 fc:02 2238511                    /usr/lib/jvm/java-8-openjdk-amd64/jre/lib/amd64/libnio.so
7f46d1f3c000-7f46d213b000 ---p 00011000 fc:02 2238511                    /usr/lib/jvm/java-8-openjdk-amd64/jre/lib/amd64/libnio.so
7f46d213b000-7f46d213c000 r--p 00010000 fc:02 2238511                    /usr/lib/jvm/java-8-openjdk-amd64/jre/lib/amd64/libnio.so
7f46d213c000-7f46d213d000 rw-p 00011000 fc:02 2238511                    /usr/lib/jvm/java-8-openjdk-amd64/jre/lib/amd64/libnio.so
7f46d213d000-7f46d233d000 rw-p 00000000 00:00 0 
7f46d233d000-7f46d23a9000 r-xp 00000000 fc:02 1053210                    /lib/x86_64-linux-gnu/libpcre.so.3.13.1
7f46d23a9000-7f46d25a8000 ---p 0006c000 fc:02 1053210                    /lib/x86_64-linux-gnu/libpcre.so.3.13.1
7f46d25a8000-7f46d25a9000 r--p 0006b000 fc:02 1053210                    /lib/x86_64-linux-gnu/libpcre.so.3.13.1
7f46d25a9000-7f46d25aa000 rw-p 0006c000 fc:02 1053210                    /lib/x86_64-linux-gnu/libpcre.so.3.13.1
7f46d25aa000-7f46d25b1000 r-xp 00000000 fc:02 2107620                    /usr/lib/x86_64-linux-gnu/libffi.so.6.0.4
7f46d25b1000-7f46d27b0000 ---p 00007000 fc:02 2107620                    /usr/lib/x86_64-linux-gnu/libffi.so.6.0.4
7f46d27b0000-7f46d27b1000 r--p 00006000 fc:02 2107620                    /usr/lib/x86_64-linux-gnu/libffi.so.6.0.4
7f46d27b1000-7f46d27b2000 rw-p 00007000 fc:02 2107620                    /usr/lib/x86_64-linux-gnu/libffi.so.6.0.4
7f46d27b2000-7f46d27c9000 r-xp 00000000 fc:02 1053233                    /lib/x86_64-linux-gnu/libresolv-2.21.so
7f46d27c9000-7f46d29c9000 ---p 00017000 fc:02 1053233                    /lib/x86_64-linux-gnu/libresolv-2.21.so
7f46d29c9000-7f46d29cb000 r--p 00017000 fc:02 1053233                    /lib/x86_64-linux-gnu/libresolv-2.21.so
7f46d29cb000-7f46d29cc000 rw-p 00019000 fc:02 1053233                    /lib/x86_64-linux-gnu/libresolv-2.21.so
7f46d29cc000-7f46d29ce000 rw-p 00000000 00:00 0 
7f46d29ce000-7f46d29ef000 r-xp 00000000 fc:02 1053237                    /lib/x86_64-linux-gnu/libselinux.so.1
7f46d29ef000-7f46d2bee000 ---p 00021000 fc:02 1053237                    /lib/x86_64-linux-gnu/libselinux.so.1
7f46d2bee000-7f46d2bef000 r--p 00020000 fc:02 1053237                    /lib/x86_64-linux-gnu/libselinux.so.1
7f46d2bef000-7f46d2bf0000 rw-p 00021000 fc:02 1053237                    /lib/x86_64-linux-gnu/libselinux.so.1
7f46d2bf0000-7f46d2bf2000 rw-p 00000000 00:00 0 
7f46d2bf2000-7f46d2bf5000 r-xp 00000000 fc:02 2107737                    /usr/lib/x86_64-linux-gnu/libgmodule-2.0.so.0.4400.0
7f46d2bf5000-7f46d2df4000 ---p 00003000 fc:02 2107737                    /usr/lib/x86_64-linux-gnu/libgmodule-2.0.so.0.4400.0
7f46d2df4000-7f46d2df5000 r--p 00002000 fc:02 2107737                    /usr/lib/x86_64-linux-gnu/libgmodule-2.0.so.0.4400.0
7f46d2df5000-7f46d2df6000 rw-p 00003000 fc:02 2107737                    /usr/lib/x86_64-linux-gnu/libgmodule-2.0.so.0.4400.0
7f46d2df6000-7f46d2e10000 r-xp 00000000 fc:02 2107532                    /usr/lib/x86_64-linux-gnu/libdbusmenu-glib.so.4.0.12
7f46d2e10000-7f46d3010000 ---p 0001a000 fc:02 2107532                    /usr/lib/x86_64-linux-gnu/libdbusmenu-glib.so.4.0.12
7f46d3010000-7f46d3012000 r--p 0001a000 fc:02 2107532                    /usr/lib/x86_64-linux-gnu/libdbusmenu-glib.so.4.0.12
7f46d3012000-7f46d3013000 rw-p 0001c000 fc:02 2107532                    /usr/lib/x86_64-linux-gnu/libdbusmenu-glib.so.4.0.12
7f46d3013000-7f46d3120000 r-xp 00000000 fc:02 1053127                    /lib/x86_64-linux-gnu/libglib-2.0.so.0.4400.0
7f46d3120000-7f46d331f000 ---p 0010d000 fc:02 1053127                    /lib/x86_64-linux-gnu/libglib-2.0.so.0.4400.0
7f46d331f000-7f46d3320000 r--p 0010c000 fc:02 1053127                    /lib/x86_64-linux-gnu/libglib-2.0.so.0.4400.0
7f46d3320000-7f46d3321000 rw-p 0010d000 fc:02 1053127                    /lib/x86_64-linux-gnu/libglib-2.0.so.0.4400.0
7f46d3321000-7f46d3322000 rw-p 00000000 00:00 0 
7f46d3322000-7f46d3372000 r-xp 00000000 fc:02 2107751                    /usr/lib/x86_64-linux-gnu/libgobject-2.0.so.0.4400.0
7f46d3372000-7f46d3572000 ---p 00050000 fc:02 2107751                    /usr/lib/x86_64-linux-gnu/libgobject-2.0.so.0.4400.0
7f46d3572000-7f46d3573000 r--p 00050000 fc:02 2107751                    /usr/lib/x86_64-linux-gnu/libgobject-2.0.so.0.4400.0
7f46d3573000-7f46d3574000 rw-p 00051000 fc:02 2107751                    /usr/lib/x86_64-linux-gnu/libgobject-2.0.so.0.4400.0
7f46d3574000-7f46d36ec000 r-xp 00000000 fc:02 2107723                    /usr/lib/x86_64-linux-gnu/libgio-2.0.so.0.4400.0
7f46d36ec000-7f46d38ec000 ---p 00178000 fc:02 2107723                    /usr/lib/x86_64-linux-gnu/libgio-2.0.so.0.4400.0
7f46d38ec000-7f46d38f0000 r--p 00178000 fc:02 2107723                    /usr/lib/x86_64-linux-gnu/libgio-2.0.so.0.4400.0
7f46d38f0000-7f46d38f2000 rw-p 0017c000 fc:02 2107723                    /usr/lib/x86_64-linux-gnu/libgio-2.0.so.0.4400.0
7f46d38f2000-7f46d38f4000 rw-p 00000000 00:00 0 
7f46d38f4000-7f46d38fa000 r-xp 00000000 fc:02 2102685                    /usr/lib/jayatana/libjayatana.so
7f46d38fa000-7f46d3af9000 ---p 00006000 fc:02 2102685                    /usr/lib/jayatana/libjayatana.so
7f46d3af9000-7f46d3afa000 r--p 00005000 fc:02 2102685                    /usr/lib/jayatana/libjayatana.so
7f46d3afa000-7f46d3afb000 rw-p 00006000 fc:02 2102685                    /usr/lib/jayatana/libjayatana.so
7f46d3afb000-7f46d3afc000 r-xp 00000000 fc:02 2238503                    /usr/lib/jvm/java-8-openjdk-amd64/jre/lib/amd64/libjawt.so
7f46d3afc000-7f46d3cfb000 ---p 00001000 fc:02 2238503                    /usr/lib/jvm/java-8-openjdk-amd64/jre/lib/amd64/libjawt.so
7f46d3cfb000-7f46d3cfc000 r--p 00000000 fc:02 2238503                    /usr/lib/jvm/java-8-openjdk-amd64/jre/lib/amd64/libjawt.so
7f46d3cfc000-7f46d3cfd000 rw-p 00001000 fc:02 2238503                    /usr/lib/jvm/java-8-openjdk-amd64/jre/lib/amd64/libjawt.so
7f46d3cfd000-7f46d3d00000 ---p 00000000 00:00 0 
7f46d3d00000-7f46d3dfe000 rw-p 00000000 00:00 0                          [stack:27764]
7f46d3dfe000-7f46d3e01000 ---p 00000000 00:00 0 
7f46d3e01000-7f46d3eff000 rw-p 00000000 00:00 0                          [stack:27763]
7f46d3eff000-7f46d3f02000 ---p 00000000 00:00 0 
7f46d3f02000-7f46d4000000 rw-p 00000000 00:00 0                          [stack:27762]
7f46d4000000-7f46d4021000 rw-p 00000000 00:00 0 
7f46d4021000-7f46d8000000 ---p 00000000 00:00 0 
7f46d80e0000-7f46e0000000 rw-p 00000000 00:00 0 
7f46e0000000-7f46e0021000 rw-p 00000000 00:00 0 
7f46e0021000-7f46e4000000 ---p 00000000 00:00 0 
7f46e4000000-7f46e4021000 rw-p 00000000 00:00 0 
7f46e4021000-7f46e8000000 ---p 00000000 00:00 0 
7f46e8000000-7f46e8021000 rw-p 00000000 00:00 0 
7f46e8021000-7f46ec000000 ---p 00000000 00:00 0 
7f46ec031000-7f46ec036000 r-xp 00000000 fc:02 2107316                    /usr/lib/x86_64-linux-gnu/libXfixes.so.3.1.0
7f46ec036000-7f46ec235000 ---p 00005000 fc:02 2107316                    /usr/lib/x86_64-linux-gnu/libXfixes.so.3.1.0
7f46ec235000-7f46ec236000 r--p 00004000 fc:02 2107316                    /usr/lib/x86_64-linux-gnu/libXfixes.so.3.1.0
7f46ec236000-7f46ec237000 rw-p 00005000 fc:02 2107316                    /usr/lib/x86_64-linux-gnu/libXfixes.so.3.1.0
7f46ec237000-7f46ec240000 r-xp 00000000 fc:02 2107308                    /usr/lib/x86_64-linux-gnu/libXcursor.so.1.0.2
7f46ec240000-7f46ec43f000 ---p 00009000 fc:02 2107308                    /usr/lib/x86_64-linux-gnu/libXcursor.so.1.0.2
7f46ec43f000-7f46ec440000 r--p 00008000 fc:02 2107308                    /usr/lib/x86_64-linux-gnu/libXcursor.so.1.0.2
7f46ec440000-7f46ec441000 rw-p 00009000 fc:02 2107308                    /usr/lib/x86_64-linux-gnu/libXcursor.so.1.0.2
7f46ec441000-7f46ec444000 ---p 00000000 00:00 0 
7f46ec444000-7f46ec542000 rw-p 00000000 00:00 0                          [stack:27760]
7f46ec542000-7f46ec567000 r-xp 00000000 fc:02 1053222                    /lib/x86_64-linux-gnu/libpng12.so.0.51.0
7f46ec567000-7f46ec766000 ---p 00025000 fc:02 1053222                    /lib/x86_64-linux-gnu/libpng12.so.0.51.0
7f46ec766000-7f46ec767000 r--p 00024000 fc:02 1053222                    /lib/x86_64-linux-gnu/libpng12.so.0.51.0
7f46ec767000-7f46ec768000 rw-p 00025000 fc:02 1053222                    /lib/x86_64-linux-gnu/libpng12.so.0.51.0
7f46ec768000-7f46ec80a000 r-xp 00000000 fc:02 2107666                    /usr/lib/x86_64-linux-gnu/libfreetype.so.6.11.1
7f46ec80a000-7f46eca09000 ---p 000a2000 fc:02 2107666                    /usr/lib/x86_64-linux-gnu/libfreetype.so.6.11.1
7f46eca09000-7f46eca0f000 r--p 000a1000 fc:02 2107666                    /usr/lib/x86_64-linux-gnu/libfreetype.so.6.11.1
7f46eca0f000-7f46eca10000 rw-p 000a7000 fc:02 2107666                    /usr/lib/x86_64-linux-gnu/libfreetype.so.6.11.1
7f46eca10000-7f46eca62000 r-xp 00000000 fc:02 2238500                    /usr/lib/jvm/java-8-openjdk-amd64/jre/lib/amd64/libfontmanager.so
7f46eca62000-7f46ecc62000 ---p 00052000 fc:02 2238500                    /usr/lib/jvm/java-8-openjdk-amd64/jre/lib/amd64/libfontmanager.so
7f46ecc62000-7f46ecc65000 r--p 00052000 fc:02 2238500                    /usr/lib/jvm/java-8-openjdk-amd64/jre/lib/amd64/libfontmanager.so
7f46ecc65000-7f46ecc66000 rw-p 00055000 fc:02 2238500                    /usr/lib/jvm/java-8-openjdk-amd64/jre/lib/amd64/libfontmanager.so
7f46ecc66000-7f46ecc69000 ---p 00000000 00:00 0 
7f46ecc69000-7f46ecd67000 rw-p 00000000 00:00 0                          [stack:27757]
7f46ecd67000-7f46ecd6a000 ---p 00000000 00:00 0 
7f46ecd6a000-7f46ece68000 rw-p 00000000 00:00 0                          [stack:27758]
7f46ece68000-7f46ece6b000 ---p 00000000 00:00 0 
7f46ece6b000-7f46ecf69000 rw-p 00000000 00:00 0                          [stack:27756]
7f46ecf69000-7f46ecf6c000 ---p 00000000 00:00 0 
7f46ecf6c000-7f46ed06a000 rw-p 00000000 00:00 0                          [stack:27753]
7f46ed06a000-7f46ed06d000 ---p 00000000 00:00 0 
7f46ed06d000-7f46ed16b000 rw-p 00000000 00:00 0                          [stack:27759]
7f46ed16b000-7f46ed16e000 ---p 00000000 00:00 0 
7f46ed16e000-7f46ed26c000 rw-p 00000000 00:00 0                          [stack:27751]
7f46ed26c000-7f46ed26f000 ---p 00000000 00:00 0 
7f46ed26f000-7f46ed36d000 rw-p 00000000 00:00 0                          [stack:27750]
7f46ed36d000-7f46ed370000 ---p 00000000 00:00 0 
7f46ed370000-7f46ed46e000 rw-p 00000000 00:00 0                          [stack:27749]
7f46ed46e000-7f46ed471000 ---p 00000000 00:00 0 
7f46ed471000-7f46ed56f000 rw-p 00000000 00:00 0                          [stack:27748]
7f46ed56f000-7f46ed572000 ---p 00000000 00:00 0 
7f46ed572000-7f46ed670000 rw-p 00000000 00:00 0                          [stack:27747]
7f46ed670000-7f46ed673000 ---p 00000000 00:00 0 
7f46ed673000-7f46ed771000 rw-p 00000000 00:00 0                          [stack:27746]
7f46ed771000-7f46ed780000 r-xp 00000000 fc:02 2107322                    /usr/lib/x86_64-linux-gnu/libXi.so.6.1.0
7f46ed780000-7f46ed97f000 ---p 0000f000 fc:02 2107322                    /usr/lib/x86_64-linux-gnu/libXi.so.6.1.0
7f46ed97f000-7f46ed980000 r--p 0000e000 fc:02 2107322                    /usr/lib/x86_64-linux-gnu/libXi.so.6.1.0
7f46ed980000-7f46ed981000 rw-p 0000f000 fc:02 2107322                    /usr/lib/x86_64-linux-gnu/libXi.so.6.1.0
7f46ed981000-7f46ed986000 r-xp 00000000 fc:02 2107342                    /usr/lib/x86_64-linux-gnu/libXtst.so.6.1.0
7f46ed986000-7f46edb85000 ---p 00005000 fc:02 2107342                    /usr/lib/x86_64-linux-gnu/libXtst.so.6.1.0
7f46edb85000-7f46edb86000 r--p 00004000 fc:02 2107342                    /usr/lib/x86_64-linux-gnu/libXtst.so.6.1.0
7f46edb86000-7f46edb87000 rw-p 00005000 fc:02 2107342                    /usr/lib/x86_64-linux-gnu/libXtst.so.6.1.0
7f46edb87000-7f46edb90000 r-xp 00000000 fc:02 2107336                    /usr/lib/x86_64-linux-gnu/libXrender.so.1.3.0
7f46edb90000-7f46edd8f000 ---p 00009000 fc:02 2107336                    /usr/lib/x86_64-linux-gnu/libXrender.so.1.3.0
7f46edd8f000-7f46edd90000 r--p 00008000 fc:02 2107336                    /usr/lib/x86_64-linux-gnu/libXrender.so.1.3.0
7f46edd90000-7f46edd91000 rw-p 00009000 fc:02 2107336                    /usr/lib/x86_64-linux-gnu/libXrender.so.1.3.0
7f46edd91000-7f46edda2000 r-xp 00000000 fc:02 2107314                    /usr/lib/x86_64-linux-gnu/libXext.so.6.4.0
7f46edda2000-7f46edfa1000 ---p 00011000 fc:02 2107314                    /usr/lib/x86_64-linux-gnu/libXext.so.6.4.0
7f46edfa1000-7f46edfa2000 r--p 00010000 fc:02 2107314                    /usr/lib/x86_64-linux-gnu/libXext.so.6.4.0
7f46edfa2000-7f46edfa3000 rw-p 00011000 fc:02 2107314                    /usr/lib/x86_64-linux-gnu/libXext.so.6.4.0
7f46edfa3000-7f46edffa000 r-xp 00000000 fc:02 2238488                    /usr/lib/jvm/java-8-openjdk-amd64/jre/lib/amd64/libawt_xawt.so
7f46edffa000-7f46ee1fa000 ---p 00057000 fc:02 2238488                    /usr/lib/jvm/java-8-openjdk-amd64/jre/lib/amd64/libawt_xawt.so
7f46ee1fa000-7f46ee1fb000 r--p 00057000 fc:02 2238488                    /usr/lib/jvm/java-8-openjdk-amd64/jre/lib/amd64/libawt_xawt.so
7f46ee1fb000-7f46ee1fe000 rw-p 00058000 fc:02 2238488                    /usr/lib/jvm/java-8-openjdk-amd64/jre/lib/amd64/libawt_xawt.so
7f46ee1fe000-7f46ee1ff000 rw-p 00000000 00:00 0 
7f46ee1ff000-7f46ee2a0000 r-xp 00000000 fc:02 2238519                    /usr/lib/jvm/java-8-openjdk-amd64/jre/lib/amd64/libawt.so
7f46ee2a0000-7f46ee49f000 ---p 000a1000 fc:02 2238519                    /usr/lib/jvm/java-8-openjdk-amd64/jre/lib/amd64/libawt.so
7f46ee49f000-7f46ee4a0000 r--p 000a0000 fc:02 2238519                    /usr/lib/jvm/java-8-openjdk-amd64/jre/lib/amd64/libawt.so
7f46ee4a0000-7f46ee4ab000 rw-p 000a1000 fc:02 2238519                    /usr/lib/jvm/java-8-openjdk-amd64/jre/lib/amd64/libawt.so
7f46ee4ab000-7f46ee4d0000 rw-p 00000000 00:00 0 
7f46ee4d0000-7f46ee4d3000 ---p 00000000 00:00 0 
7f46ee4d3000-7f46ee8d2000 rw-p 00000000 00:00 0                          [stack:27745]
7f46ee8d2000-7f46ee8e9000 r-xp 00000000 fc:02 2238492                    /usr/lib/jvm/java-8-openjdk-amd64/jre/lib/amd64/libnet.so
7f46ee8e9000-7f46eeae8000 ---p 00017000 fc:02 2238492                    /usr/lib/jvm/java-8-openjdk-amd64/jre/lib/amd64/libnet.so
7f46eeae8000-7f46eeae9000 r--p 00016000 fc:02 2238492                    /usr/lib/jvm/java-8-openjdk-amd64/jre/lib/amd64/libnet.so
7f46eeae9000-7f46eeaea000 rw-p 00017000 fc:02 2238492                    /usr/lib/jvm/java-8-openjdk-amd64/jre/lib/amd64/libnet.so
7f46eeaea000-7f46eeaed000 ---p 00000000 00:00 0 
7f46eeaed000-7f46eebeb000 rw-p 00000000 00:00 0                          [stack:27744]
7f46eebeb000-7f46eebec000 r-xp 00000000 fc:02 269472                     /opt/idea/bin/libbreakgen64.so
7f46eebec000-7f46eedeb000 ---p 00001000 fc:02 269472                     /opt/idea/bin/libbreakgen64.so
7f46eedeb000-7f46eedec000 r--p 00000000 fc:02 269472                     /opt/idea/bin/libbreakgen64.so
7f46eedec000-7f46eeded000 rw-p 00001000 fc:02 269472                     /opt/idea/bin/libbreakgen64.so
7f46eeded000-7f46eedee000 ---p 00000000 00:00 0 
7f46eedee000-7f46eeeee000 rw-p 00000000 00:00 0                          [stack:27743]
7f46eeeee000-7f46eeef1000 ---p 00000000 00:00 0 
7f46eeef1000-7f46eefef000 rw-p 00000000 00:00 0                          [stack:27742]
7f46eefef000-7f46eeff2000 ---p 00000000 00:00 0 
7f46eeff2000-7f46ef0f0000 rw-p 00000000 00:00 0                          [stack:27741]
7f46ef0f0000-7f46ef0f3000 ---p 00000000 00:00 0 
7f46ef0f3000-7f46ef1f1000 rw-p 00000000 00:00 0                          [stack:27740]
7f46ef1f1000-7f46ef1f4000 ---p 00000000 00:00 0 
7f46ef1f4000-7f46ef2f2000 rw-p 00000000 00:00 0                          [stack:27739]
7f46ef2f2000-7f46ef2f5000 ---p 00000000 00:00 0 
7f46ef2f5000-7f46ef3f3000 rw-p 00000000 00:00 0                          [stack:27738]
7f46ef3f3000-7f46ef3f8000 r-xp 00000000 fc:02 2107312                    /usr/lib/x86_64-linux-gnu/libXdmcp.so.6.0.0
7f46ef3f8000-7f46ef5f7000 ---p 00005000 fc:02 2107312                    /usr/lib/x86_64-linux-gnu/libXdmcp.so.6.0.0
7f46ef5f7000-7f46ef5f8000 r--p 00004000 fc:02 2107312                    /usr/lib/x86_64-linux-gnu/libXdmcp.so.6.0.0
7f46ef5f8000-7f46ef5f9000 rw-p 00005000 fc:02 2107312                    /usr/lib/x86_64-linux-gnu/libXdmcp.so.6.0.0
7f46ef5f9000-7f46ef5fb000 r-xp 00000000 fc:02 2107301                    /usr/lib/x86_64-linux-gnu/libXau.so.6.0.0
7f46ef5fb000-7f46ef7fb000 ---p 00002000 fc:02 2107301                    /usr/lib/x86_64-linux-gnu/libXau.so.6.0.0
7f46ef7fb000-7f46ef7fc000 r--p 00002000 fc:02 2107301                    /usr/lib/x86_64-linux-gnu/libXau.so.6.0.0
7f46ef7fc000-7f46ef7fd000 rw-p 00003000 fc:02 2107301                    /usr/lib/x86_64-linux-gnu/libXau.so.6.0.0
7f46ef7fd000-7f46ef81a000 r-xp 00000000 fc:02 2108499                    /usr/lib/x86_64-linux-gnu/libxcb.so.1.1.0
7f46ef81a000-7f46efa1a000 ---p 0001d000 fc:02 2108499                    /usr/lib/x86_64-linux-gnu/libxcb.so.1.1.0
7f46efa1a000-7f46efa1b000 r--p 0001d000 fc:02 2108499                    /usr/lib/x86_64-linux-gnu/libxcb.so.1.1.0
7f46efa1b000-7f46efa1c000 rw-p 0001e000 fc:02 2108499                    /usr/lib/x86_64-linux-gnu/libxcb.so.1.1.0
7f46efa1c000-7f46efb4f000 r-xp 00000000 fc:02 2107297                    /usr/lib/x86_64-linux-gnu/libX11.so.6.3.0
7f46efb4f000-7f46efd4f000 ---p 00133000 fc:02 2107297                    /usr/lib/x86_64-linux-gnu/libX11.so.6.3.0
7f46efd4f000-7f46efd50000 r--p 00133000 fc:02 2107297                    /usr/lib/x86_64-linux-gnu/libX11.so.6.3.0
7f46efd50000-7f46efd54000 rw-p 00134000 fc:02 2107297                    /usr/lib/x86_64-linux-gnu/libX11.so.6.3.0
7f46efd54000-7f46efd55000 rw-p 00000000 00:00 0 
7f46efd55000-7f46efd57000 r-xp 00000000 fc:02 2102686                    /usr/lib/jayatana/libjayatanaag.so
7f46efd57000-7f46eff56000 ---p 00002000 fc:02 2102686                    /usr/lib/jayatana/libjayatanaag.so
7f46eff56000-7f46eff57000 r--p 00001000 fc:02 2102686                    /usr/lib/jayatana/libjayatanaag.so
7f46eff57000-7f46eff58000 rw-p 00002000 fc:02 2102686                    /usr/lib/jayatana/libjayatanaag.so
7f46eff58000-7f46f0000000 r--s 0090a000 fc:01 13763294                   /home/beenotung/git/workspace/hkcc-pacman-robot/lib/NeuroEvolution/NeuroEvolution.jar
7f46f0000000-7f46f0021000 rw-p 00000000 00:00 0 
7f46f0021000-7f46f4000000 ---p 00000000 00:00 0 
7f46f4071000-7f46f4072000 rwxp 00000000 00:00 0 
7f46f4072000-7f46f4079000 r--s 00000000 fc:02 2361616                    /usr/lib/x86_64-linux-gnu/gconv/gconv-modules.cache
7f46f407a000-7f46f4094000 rw-s 00000000 00:05 87621653                   /SYSV00000000 (deleted)
7f46f4094000-7f46f4097000 r--s 00015000 fc:02 2238555                    /usr/lib/jvm/java-8-openjdk-amd64/jre/lib/jce.jar
7f46f4097000-7f46f409c000 r--s 00094000 fc:02 2238521                    /usr/lib/jvm/java-8-openjdk-amd64/jre/lib/jsse.jar
7f46f409c000-7f46f409d000 rwxp 00000000 00:00 0 
7f46f409d000-7f46f40a2000 r--s 002f8000 fc:02 2238526                    /usr/lib/jvm/java-8-openjdk-amd64/jre/lib/charsets.jar
7f46f40a2000-7f46f40a4000 r--s 00006000 fc:02 2502834                    /usr/share/java/jayatana.jar
7f46f40a4000-7f46f40a5000 r--s 00000000 fc:02 2502835                    /usr/share/java/jayatanaag.jar
7f46f40a5000-7f46f40a7000 r--s 00016000 fc:02 269480                     /opt/idea/lib/idea_rt.jar
7f46f40a7000-7f46f412b000 r--s 00826000 fc:01 13763305                   /home/beenotung/git/workspace/hkcc-pacman-robot/lib/myutils/myutils.jar
7f46f412b000-7f46f4184000 r--s 004f6000 fc:01 13239010                   /home/beenotung/.ivy2/cache/org.scala-lang/scala-library/jars/scala-library-2.11.6.jar
7f46f4184000-7f46f4187000 r--s 0001a000 fc:01 13238828                   /home/beenotung/.sbt/boot/scala-2.10.4/org.scala-sbt/sbt/0.13.8/cache-0.13.8.jar
7f46f4187000-7f46f4189000 r--s 0000b000 fc:01 13238857                   /home/beenotung/.sbt/boot/scala-2.10.4/org.scala-sbt/sbt/0.13.8/tracking-0.13.8.jar
7f46f4189000-7f46f418f000 r--s 0003d000 fc:01 13238838                   /home/beenotung/.sbt/boot/scala-2.10.4/org.scala-sbt/sbt/0.13.8/io-0.13.8.jar
7f46f418f000-7f46f4196000 r--s 0004b000 fc:01 13238841                   /home/beenotung/.sbt/boot/scala-2.10.4/org.scala-sbt/sbt/0.13.8/serialization_2.10-0.1.1.jar
7f46f4196000-7f46f4198000 r--s 00001000 fc:01 13238836                   /home/beenotung/.sbt/boot/scala-2.10.4/org.scala-sbt/sbt/0.13.8/launcher-interface-0.13.8.jar
7f46f4198000-7f46f419a000 r--s 00002000 fc:01 13238852                   /home/beenotung/.sbt/boot/scala-2.10.4/org.scala-sbt/sbt/0.13.8/test-interface-1.0.jar
7f46f419a000-7f46f419f000 r--s 00036000 fc:01 13238849                   /home/beenotung/.sbt/boot/scala-2.10.4/org.scala-sbt/sbt/0.13.8/compile-0.13.8.jar
7f46f419f000-7f46f41a3000 r--s 0001b000 fc:01 13238855                   /home/beenotung/.sbt/boot/scala-2.10.4/org.scala-sbt/sbt/0.13.8/process-0.13.8.jar
7f46f41a3000-7f46f41a5000 r--s 00014000 fc:01 13238819                   /home/beenotung/.sbt/boot/scala-2.10.4/org.scala-sbt/sbt/0.13.8/apply-macro-0.13.8.jar
7f46f41a5000-7f46f41ac000 r--s 00049000 fc:01 13238823                   /home/beenotung/.sbt/boot/scala-2.10.4/org.scala-sbt/sbt/0.13.8/api-0.13.8.jar
7f46f41ac000-7f46f41b1000 r--s 00024000 fc:01 13238826                   /home/beenotung/.sbt/boot/scala-2.10.4/org.scala-sbt/sbt/0.13.8/persist-0.13.8.jar
7f46f41b1000-7f46f41e7000 r--s 002d9000 fc:01 13238862                   /home/beenotung/.sbt/boot/scala-2.10.4/org.scala-sbt/sbt/0.13.8/scala-reflect-2.10.4.jar
7f46f41e7000-7f46f421d000 r--s 002d9000 fc:01 13238888                   /home/beenotung/.sbt/boot/scala-2.10.4/lib/scala-reflect.jar
7f46f421d000-7f46f4220000 r--s 0001d000 fc:01 13238835                   /home/beenotung/.sbt/boot/scala-2.10.4/org.scala-sbt/sbt/0.13.8/task-system-0.13.8.jar
7f46f4220000-7f46f4240000 r--s 001a4000 fc:01 13238863                   /home/beenotung/.sbt/boot/scala-2.10.4/org.scala-sbt/sbt/0.13.8/ivy-0.13.8.jar
7f46f4240000-7f46f4242000 r--s 0000b000 fc:01 13238831                   /home/beenotung/.sbt/boot/scala-2.10.4/org.scala-sbt/sbt/0.13.8/xsbti/interface-0.13.8.jar
7f46f4242000-7f46f4258000 r--s 00100000 fc:01 13238821                   /home/beenotung/.sbt/boot/scala-2.10.4/org.scala-sbt/sbt/0.13.8/ivy-2.3.0-sbt-fccfbd44c9f64523b61398a0155784dcbaeae28f.jar
7f46f4258000-7f46f4262000 r--s 00085000 fc:01 13238866                   /home/beenotung/.sbt/boot/scala-2.10.4/org.scala-sbt/sbt/0.13.8/json4s-core_2.10-3.2.10.jar
7f46f4262000-7f46f4264000 r--s 00017000 fc:01 13238839                   /home/beenotung/.sbt/boot/scala-2.10.4/org.scala-sbt/sbt/0.13.8/testing-0.13.8.jar
7f46f4264000-7f46f4267000 r--s 0001d000 fc:01 13238832                   /home/beenotung/.sbt/boot/scala-2.10.4/org.scala-sbt/sbt/0.13.8/tasks-0.13.8.jar
7f46f4267000-7f46f426b000 r--s 00022000 fc:01 13238854                   /home/beenotung/.sbt/boot/scala-2.10.4/org.scala-sbt/sbt/0.13.8/sbinary_2.10-0.4.2.jar
7f46f426b000-7f46f426e000 r--s 0001c000 fc:01 13238853                   /home/beenotung/.sbt/boot/scala-2.10.4/org.scala-sbt/sbt/0.13.8/compiler-integration-0.13.8.jar
7f46f426e000-7f46f4277000 r--s 0006e000 fc:01 13238850                   /home/beenotung/.sbt/boot/scala-2.10.4/org.scala-sbt/sbt/0.13.8/actions-0.13.8.jar
7f46f4277000-7f46f4279000 r--s 00002000 fc:01 13238820                   /home/beenotung/.sbt/boot/scala-2.10.4/org.scala-sbt/sbt/0.13.8/control-0.13.8.jar
7f46f4279000-7f46f42a5000 r--s 00235000 fc:01 13238814                   /home/beenotung/.sbt/boot/scala-2.10.4/org.scala-sbt/sbt/0.13.8/main-0.13.8.jar
7f46f42a5000-7f46f42a8000 r--s 00018000 fc:01 13238887                   /home/beenotung/.sbt/boot/scala-2.10.4/lib/jansi.jar
7f46f42a8000-7f46f42ad000 r--s 00036000 fc:01 13238867                   /home/beenotung/.sbt/boot/scala-2.10.4/org.scala-sbt/sbt/0.13.8/command-0.13.8.jar
7f46f42ad000-7f46f42b0000 r--s 00013000 fc:01 13238868                   /home/beenotung/.sbt/boot/scala-2.10.4/org.scala-sbt/sbt/0.13.8/classpath-0.13.8.jar
7f46f42b0000-7f46f42b4000 r--s 00025000 fc:01 13238886                   /home/beenotung/.sbt/boot/scala-2.10.4/lib/jline.jar
7f46f42b4000-7f46f43b1000 r--s 00cca000 fc:01 13238889                   /home/beenotung/.sbt/boot/scala-2.10.4/lib/scala-compiler.jar
7f46f43b1000-7f46f43b2000 r--s 00001000 fc:01 13238845                   /home/beenotung/.sbt/boot/scala-2.10.4/org.scala-sbt/sbt/0.13.8/cross-0.13.8.jar
7f46f43b2000-7f46f43b4000 r--s 00013000 fc:01 13238837                   /home/beenotung/.sbt/boot/scala-2.10.4/org.scala-sbt/sbt/0.13.8/json4s-ast_2.10-3.2.10.jar
7f46f43b4000-7f46f43b5000 r--s 00001000 fc:01 13238815                   /home/beenotung/.sbt/boot/scala-2.10.4/org.scala-sbt/sbt/0.13.8/json4s-support_2.10-0.6.0.jar
7f46f43b5000-7f46f43b9000 r--s 00034000 fc:01 13238818                   /home/beenotung/.sbt/boot/scala-2.10.4/org.scala-sbt/sbt/0.13.8/jsch-0.1.46.jar
7f46f43b9000-7f46f43ba000 r--s 00005000 fc:01 13238858                   /home/beenotung/.sbt/boot/scala-2.10.4/org.scala-sbt/sbt/0.13.8/sbt-0.13.8.jar
7f46f43ba000-7f46f442c000 r--s 0065a000 fc:01 13238890                   /home/beenotung/.sbt/boot/scala-2.10.4/lib/scala-library.jar
7f46f442c000-7f46f4436000 r--s 00092000 fc:01 13238817                   /home/beenotung/.sbt/boot/scala-2.10.4/org.scala-sbt/sbt/0.13.8/main-settings-0.13.8.jar
7f46f4436000-7f46f4438000 r--s 00006000 fc:01 13238848                   /home/beenotung/.sbt/boot/scala-2.10.4/org.scala-sbt/sbt/0.13.8/relation-0.13.8.jar
7f46f4438000-7f46f443b000 r--s 00030000 fc:01 13238859                   /home/beenotung/.sbt/boot/scala-2.10.4/org.scala-sbt/sbt/0.13.8/jline-2.11.jar
7f46f443b000-7f46f443d000 r--s 0000e000 fc:01 13238847                   /home/beenotung/.sbt/boot/scala-2.10.4/org.scala-sbt/sbt/0.13.8/logic-0.13.8.jar
7f46f443d000-7f46f4447000 r--s 0006e000 fc:01 13238824                   /home/beenotung/.sbt/boot/scala-2.10.4/org.scala-sbt/sbt/0.13.8/incremental-compiler-0.13.8.jar
7f46f4447000-7f46f444f000 r--s 00060000 fc:01 13238822                   /home/beenotung/.sbt/boot/scala-2.10.4/org.scala-sbt/sbt/0.13.8/collections-0.13.8.jar
7f46f444f000-7f46f4452000 r--s 00018000 fc:01 13238840                   /home/beenotung/.sbt/boot/scala-2.10.4/org.scala-sbt/sbt/0.13.8/logging-0.13.8.jar
7f46f4452000-7f46f4461000 r--s 000bb000 fc:01 13238842                   /home/beenotung/.sbt/boot/scala-2.10.4/org.scala-sbt/sbt/0.13.8/scala-pickling_2.10-0.10.0.jar
7f46f4461000-7f46f4464000 r--s 0001e000 fc:01 13238827                   /home/beenotung/.sbt/boot/scala-2.10.4/org.scala-sbt/sbt/0.13.8/run-0.13.8.jar
7f46f4464000-7f46f4466000 r--s 00007000 fc:01 13238851                   /home/beenotung/.sbt/boot/scala-2.10.4/org.scala-sbt/sbt/0.13.8/paranamer-2.6.jar
7f46f4466000-7f46f446e000 r--s 00057000 fc:01 13238825                   /home/beenotung/.sbt/boot/scala-2.10.4/org.scala-sbt/sbt/0.13.8/completion-0.13.8.jar
7f46f446e000-7f46f447a000 r--s 000a4000 fc:01 13238846                   /home/beenotung/.sbt/boot/scala-2.10.4/org.scala-sbt/sbt/0.13.8/quasiquotes_2.10-2.0.1.jar
7f46f447a000-7f46f448d000 r--s 00345000 fc:02 2238525                    /usr/lib/jvm/java-8-openjdk-amd64/jre/lib/resources.jar
7f46f448d000-7f46f4490000 ---p 00000000 00:00 0 
7f46f4490000-7f46f458e000 rw-p 00000000 00:00 0                          [stack:27730]
7f46f458e000-7f46f4c70000 r--p 00000000 fc:02 2105970                    /usr/lib/locale/locale-archive
7f46f4c70000-7f46f4c73000 ---p 00000000 00:00 0 
7f46f4c73000-7f46f4d71000 rw-p 00000000 00:00 0                          [stack:27726]
7f46f4d71000-7f46f4d74000 ---p 00000000 00:00 0 
7f46f4d74000-7f46f4e72000 rw-p 00000000 00:00 0                          [stack:27725]
7f46f4e72000-7f46f4e73000 ---p 00000000 00:00 0 
7f46f4e73000-7f46f6adb000 rw-p 00000000 00:00 0                          [stack:27724]
7f46f6adb000-7f46f6ca8000 r--s 03bd3000 fc:02 2238554                    /usr/lib/jvm/java-8-openjdk-amd64/jre/lib/rt.jar
7f46f6ca8000-7f46f7cf0000 rw-p 00000000 00:00 0 
7f46f7cf0000-7f46f7cf1000 ---p 00000000 00:00 0 
7f46f7cf1000-7f46f7df1000 rw-p 00000000 00:00 0                          [stack:27714]
7f46f7df1000-7f46f7df2000 ---p 00000000 00:00 0 
7f46f7df2000-7f46f7ef2000 rw-p 00000000 00:00 0                          [stack:27713]
7f46f7ef2000-7f46f7ef3000 ---p 00000000 00:00 0 
7f46f7ef3000-7f46f7ff3000 rw-p 00000000 00:00 0                          [stack:27712]
7f46f7ff3000-7f46f7ff4000 ---p 00000000 00:00 0 
7f46f7ff4000-7f46f80f4000 rw-p 00000000 00:00 0                          [stack:27711]
7f46f80f4000-7f46f80f5000 ---p 00000000 00:00 0 
7f46f80f5000-7f46f81f5000 rw-p 00000000 00:00 0                          [stack:27710]
7f46f81f5000-7f46f81f6000 ---p 00000000 00:00 0 
7f46f81f6000-7f46f8319000 rw-p 00000000 00:00 0                          [stack:27709]
7f46f8319000-7f46f882d000 ---p 00000000 00:00 0 
7f46f882d000-7f46f8850000 rw-p 00000000 00:00 0 
7f46f8850000-7f46f8d63000 ---p 00000000 00:00 0 
7f46f8d63000-7f46f8d8e000 rw-p 00000000 00:00 0 
7f46f8d8e000-7f46f8fff000 ---p 00000000 00:00 0 
7f46f8fff000-7f46f9000000 rw-p 00000000 00:00 0 
7f46f9000000-7f46f9580000 rwxp 00000000 00:00 0 
7f46f9580000-7f4708000000 ---p 00000000 00:00 0 
7f4708000000-7f4708860000 rw-p 00000000 00:00 0 
7f4708860000-7f470c000000 ---p 00000000 00:00 0 
7f470c000000-7f470c002000 r--s 00012000 fc:01 13238856                   /home/beenotung/.sbt/boot/scala-2.10.4/org.scala-sbt/sbt/0.13.8/jawn-parser_2.10-0.6.0.jar
7f470c002000-7f470c004000 r--s 00001000 fc:01 13238869                   /home/beenotung/.sbt/boot/scala-2.10.4/org.scala-sbt/sbt/0.13.8/compiler-ivy-integration-0.13.8.jar
7f470c004000-7f470c007000 r--s 00012000 fc:01 13238829                   /home/beenotung/.sbt/boot/scala-2.10.4/org.scala-sbt/sbt/0.13.8/classfile-0.13.8.jar
7f470c007000-7f470c009000 r--s 00006000 fc:02 2506120                    /usr/share/java/java-atk-wrapper.jar
7f470c009000-7f470c00e000 r--s 00094000 fc:02 2238521                    /usr/lib/jvm/java-8-openjdk-amd64/jre/lib/jsse.jar
7f470c00e000-7f470c028000 r--s 001d3000 fc:02 2238529                    /usr/lib/jvm/java-8-openjdk-amd64/jre/lib/ext/nashorn.jar
7f470c028000-7f470c029000 ---p 00000000 00:00 0 
7f470c029000-7f470c129000 rw-p 00000000 00:00 0                          [stack:27708]
7f470c129000-7f470c12a000 ---p 00000000 00:00 0 
7f470c12a000-7f470c240000 rw-p 00000000 00:00 0                          [stack:27707]
7f470c240000-7f470c5ea000 ---p 00000000 00:00 0 
7f470c5ea000-7f470c5f2000 r-xp 00000000 fc:02 2238485                    /usr/lib/jvm/java-8-openjdk-amd64/jre/lib/amd64/libzip.so
7f470c5f2000-7f470c7f1000 ---p 00008000 fc:02 2238485                    /usr/lib/jvm/java-8-openjdk-amd64/jre/lib/amd64/libzip.so
7f470c7f1000-7f470c7f2000 r--p 00007000 fc:02 2238485                    /usr/lib/jvm/java-8-openjdk-amd64/jre/lib/amd64/libzip.so
7f470c7f2000-7f470c7f3000 rw-p 00008000 fc:02 2238485                    /usr/lib/jvm/java-8-openjdk-amd64/jre/lib/amd64/libzip.so
7f470c7f3000-7f470c7ff000 r-xp 00000000 fc:02 1053180                    /lib/x86_64-linux-gnu/libnss_files-2.21.so
7f470c7ff000-7f470c9fe000 ---p 0000c000 fc:02 1053180                    /lib/x86_64-linux-gnu/libnss_files-2.21.so
7f470c9fe000-7f470c9ff000 r--p 0000b000 fc:02 1053180                    /lib/x86_64-linux-gnu/libnss_files-2.21.so
7f470c9ff000-7f470ca00000 rw-p 0000c000 fc:02 1053180                    /lib/x86_64-linux-gnu/libnss_files-2.21.so
7f470ca00000-7f470ca0b000 r-xp 00000000 fc:02 1053190                    /lib/x86_64-linux-gnu/libnss_nis-2.21.so
7f470ca0b000-7f470cc0a000 ---p 0000b000 fc:02 1053190                    /lib/x86_64-linux-gnu/libnss_nis-2.21.so
7f470cc0a000-7f470cc0b000 r--p 0000a000 fc:02 1053190                    /lib/x86_64-linux-gnu/libnss_nis-2.21.so
7f470cc0b000-7f470cc0c000 rw-p 0000b000 fc:02 1053190                    /lib/x86_64-linux-gnu/libnss_nis-2.21.so
7f470cc0c000-7f470cc23000 r-xp 00000000 fc:02 1053174                    /lib/x86_64-linux-gnu/libnsl-2.21.so
7f470cc23000-7f470ce22000 ---p 00017000 fc:02 1053174                    /lib/x86_64-linux-gnu/libnsl-2.21.so
7f470ce22000-7f470ce23000 r--p 00016000 fc:02 1053174                    /lib/x86_64-linux-gnu/libnsl-2.21.so
7f470ce23000-7f470ce24000 rw-p 00017000 fc:02 1053174                    /lib/x86_64-linux-gnu/libnsl-2.21.so
7f470ce24000-7f470ce26000 rw-p 00000000 00:00 0 
7f470ce26000-7f470ce2e000 r-xp 00000000 fc:02 1053176                    /lib/x86_64-linux-gnu/libnss_compat-2.21.so
7f470ce2e000-7f470d02d000 ---p 00008000 fc:02 1053176                    /lib/x86_64-linux-gnu/libnss_compat-2.21.so
7f470d02d000-7f470d02e000 r--p 00007000 fc:02 1053176                    /lib/x86_64-linux-gnu/libnss_compat-2.21.so
7f470d02e000-7f470d02f000 rw-p 00008000 fc:02 1053176                    /lib/x86_64-linux-gnu/libnss_compat-2.21.so
7f470d02f000-7f470d039000 r-xp 00000000 fc:02 2238504                    /usr/lib/jvm/java-8-openjdk-amd64/jre/lib/amd64/libinstrument.so
7f470d039000-7f470d238000 ---p 0000a000 fc:02 2238504                    /usr/lib/jvm/java-8-openjdk-amd64/jre/lib/amd64/libinstrument.so
7f470d238000-7f470d239000 r--p 00009000 fc:02 2238504                    /usr/lib/jvm/java-8-openjdk-amd64/jre/lib/amd64/libinstrument.so
7f470d239000-7f470d23a000 rw-p 0000a000 fc:02 2238504                    /usr/lib/jvm/java-8-openjdk-amd64/jre/lib/amd64/libinstrument.so
7f470d23a000-7f470d268000 r-xp 00000000 fc:02 2238482                    /usr/lib/jvm/java-8-openjdk-amd64/jre/lib/amd64/libjava.so
7f470d268000-7f470d467000 ---p 0002e000 fc:02 2238482                    /usr/lib/jvm/java-8-openjdk-amd64/jre/lib/amd64/libjava.so
7f470d467000-7f470d468000 r--p 0002d000 fc:02 2238482                    /usr/lib/jvm/java-8-openjdk-amd64/jre/lib/amd64/libjava.so
7f470d468000-7f470d46a000 rw-p 0002e000 fc:02 2238482                    /usr/lib/jvm/java-8-openjdk-amd64/jre/lib/amd64/libjava.so
7f470d46a000-7f470d479000 r-xp 00000000 fc:02 2238497                    /usr/lib/jvm/java-8-openjdk-amd64/jre/lib/amd64/libverify.so
7f470d479000-7f470d679000 ---p 0000f000 fc:02 2238497                    /usr/lib/jvm/java-8-openjdk-amd64/jre/lib/amd64/libverify.so
7f470d679000-7f470d67c000 r--p 0000f000 fc:02 2238497                    /usr/lib/jvm/java-8-openjdk-amd64/jre/lib/amd64/libverify.so
7f470d67c000-7f470d67d000 rw-p 00012000 fc:02 2238497                    /usr/lib/jvm/java-8-openjdk-amd64/jre/lib/amd64/libverify.so
7f470d67d000-7f470d684000 r-xp 00000000 fc:02 1053235                    /lib/x86_64-linux-gnu/librt-2.21.so
7f470d684000-7f470d883000 ---p 00007000 fc:02 1053235                    /lib/x86_64-linux-gnu/librt-2.21.so
7f470d883000-7f470d884000 r--p 00006000 fc:02 1053235                    /lib/x86_64-linux-gnu/librt-2.21.so
7f470d884000-7f470d885000 rw-p 00007000 fc:02 1053235                    /lib/x86_64-linux-gnu/librt-2.21.so
7f470d885000-7f470d89b000 r-xp 00000000 fc:02 1053123                    /lib/x86_64-linux-gnu/libgcc_s.so.1
7f470d89b000-7f470da9a000 ---p 00016000 fc:02 1053123                    /lib/x86_64-linux-gnu/libgcc_s.so.1
7f470da9a000-7f470da9b000 rw-p 00015000 fc:02 1053123                    /lib/x86_64-linux-gnu/libgcc_s.so.1
7f470da9b000-7f470dba2000 r-xp 00000000 fc:02 1053153                    /lib/x86_64-linux-gnu/libm-2.21.so
7f470dba2000-7f470dda1000 ---p 00107000 fc:02 1053153                    /lib/x86_64-linux-gnu/libm-2.21.so
7f470dda1000-7f470dda2000 r--p 00106000 fc:02 1053153                    /lib/x86_64-linux-gnu/libm-2.21.so
7f470dda2000-7f470dda3000 rw-p 00107000 fc:02 1053153                    /lib/x86_64-linux-gnu/libm-2.21.so
7f470dda3000-7f470de93000 r-xp 00000000 fc:02 2108293                    /usr/lib/x86_64-linux-gnu/libstdc++.so.6.0.20
7f470de93000-7f470e093000 ---p 000f0000 fc:02 2108293                    /usr/lib/x86_64-linux-gnu/libstdc++.so.6.0.20
7f470e093000-7f470e09b000 r--p 000f0000 fc:02 2108293                    /usr/lib/x86_64-linux-gnu/libstdc++.so.6.0.20
7f470e09b000-7f470e09d000 rw-p 000f8000 fc:02 2108293                    /usr/lib/x86_64-linux-gnu/libstdc++.so.6.0.20
7f470e09d000-7f470e0b2000 rw-p 00000000 00:00 0 
7f470e0b2000-7f470ed3f000 r-xp 00000000 fc:02 2238509                    /usr/lib/jvm/java-8-openjdk-amd64/jre/lib/amd64/server/libjvm.so
7f470ed3f000-7f470ef3f000 ---p 00c8d000 fc:02 2238509                    /usr/lib/jvm/java-8-openjdk-amd64/jre/lib/amd64/server/libjvm.so
7f470ef3f000-7f470efe2000 r--p 00c8d000 fc:02 2238509                    /usr/lib/jvm/java-8-openjdk-amd64/jre/lib/amd64/server/libjvm.so
7f470efe2000-7f470f00b000 rw-p 00d30000 fc:02 2238509                    /usr/lib/jvm/java-8-openjdk-amd64/jre/lib/amd64/server/libjvm.so
7f470f00b000-7f470f03a000 rw-p 00000000 00:00 0 
7f470f03a000-7f470f052000 r-xp 00000000 fc:02 1053227                    /lib/x86_64-linux-gnu/libpthread-2.21.so
7f470f052000-7f470f252000 ---p 00018000 fc:02 1053227                    /lib/x86_64-linux-gnu/libpthread-2.21.so
7f470f252000-7f470f253000 r--p 00018000 fc:02 1053227                    /lib/x86_64-linux-gnu/libpthread-2.21.so
7f470f253000-7f470f254000 rw-p 00019000 fc:02 1053227                    /lib/x86_64-linux-gnu/libpthread-2.21.so
7f470f254000-7f470f258000 rw-p 00000000 00:00 0 
7f470f258000-7f470f25b000 r-xp 00000000 fc:02 1053111                    /lib/x86_64-linux-gnu/libdl-2.21.so
7f470f25b000-7f470f45a000 ---p 00003000 fc:02 1053111                    /lib/x86_64-linux-gnu/libdl-2.21.so
7f470f45a000-7f470f45b000 r--p 00002000 fc:02 1053111                    /lib/x86_64-linux-gnu/libdl-2.21.so
7f470f45b000-7f470f45c000 rw-p 00003000 fc:02 1053111                    /lib/x86_64-linux-gnu/libdl-2.21.so
7f470f45c000-7f470f475000 r-xp 00000000 fc:02 1053268                    /lib/x86_64-linux-gnu/libz.so.1.2.8
7f470f475000-7f470f675000 ---p 00019000 fc:02 1053268                    /lib/x86_64-linux-gnu/libz.so.1.2.8
7f470f675000-7f470f676000 r--p 00019000 fc:02 1053268                    /lib/x86_64-linux-gnu/libz.so.1.2.8
7f470f676000-7f470f677000 rw-p 0001a000 fc:02 1053268                    /lib/x86_64-linux-gnu/libz.so.1.2.8
7f470f677000-7f470f837000 r-xp 00000000 fc:02 1053094                    /lib/x86_64-linux-gnu/libc-2.21.so
7f470f837000-7f470fa37000 ---p 001c0000 fc:02 1053094                    /lib/x86_64-linux-gnu/libc-2.21.so
7f470fa37000-7f470fa3b000 r--p 001c0000 fc:02 1053094                    /lib/x86_64-linux-gnu/libc-2.21.so
7f470fa3b000-7f470fa3d000 rw-p 001c4000 fc:02 1053094                    /lib/x86_64-linux-gnu/libc-2.21.so
7f470fa3d000-7f470fa41000 rw-p 00000000 00:00 0 
7f470fa41000-7f470fa4f000 r-xp 00000000 fc:02 2238516                    /usr/lib/jvm/java-8-openjdk-amd64/jre/lib/amd64/jli/libjli.so
7f470fa4f000-7f470fc4e000 ---p 0000e000 fc:02 2238516                    /usr/lib/jvm/java-8-openjdk-amd64/jre/lib/amd64/jli/libjli.so
7f470fc4e000-7f470fc4f000 r--p 0000d000 fc:02 2238516                    /usr/lib/jvm/java-8-openjdk-amd64/jre/lib/amd64/jli/libjli.so
7f470fc4f000-7f470fc50000 rw-p 0000e000 fc:02 2238516                    /usr/lib/jvm/java-8-openjdk-amd64/jre/lib/amd64/jli/libjli.so
7f470fc50000-7f470fc74000 r-xp 00000000 fc:02 1053066                    /lib/x86_64-linux-gnu/ld-2.21.so
7f470fc74000-7f470fc75000 r--s 00005000 fc:01 13238816                   /home/beenotung/.sbt/boot/scala-2.10.4/org.scala-sbt/sbt/0.13.8/test-agent-0.13.8.jar
7f470fc75000-7f470fc78000 r--s 00015000 fc:02 2238555                    /usr/lib/jvm/java-8-openjdk-amd64/jre/lib/jce.jar
7f470fc78000-7f470fc7d000 r--s 002f8000 fc:02 2238526                    /usr/lib/jvm/java-8-openjdk-amd64/jre/lib/charsets.jar
7f470fc7d000-7f470fc7f000 r--s 00001000 fc:02 2238534                    /usr/lib/jvm/java-8-openjdk-amd64/jre/lib/ext/dnsns.jar
7f470fc7f000-7f470fc8a000 r--s 00116000 fc:02 2238531                    /usr/lib/jvm/java-8-openjdk-amd64/jre/lib/ext/localedata.jar
7f470fc8a000-7f470fca6000 r--s 00393000 fc:02 2238528                    /usr/lib/jvm/java-8-openjdk-amd64/jre/lib/ext/cldrdata.jar
7f470fca6000-7f470fd50000 rw-p 00000000 00:00 0 
7f470fd50000-7f470fd53000 ---p 00000000 00:00 0 
7f470fd53000-7f470fe56000 rw-p 00000000 00:00 0                          [stack:27705]
7f470fe56000-7f470fe57000 r--s 00000000 fc:02 2238552                    /usr/lib/jvm/java-8-openjdk-amd64/jre/lib/management-agent.jar
7f470fe57000-7f470fe58000 r--s 00008000 fc:02 2238530                    /usr/lib/jvm/java-8-openjdk-amd64/jre/lib/ext/sunec.jar
7f470fe58000-7f470fe5e000 r--s 0003a000 fc:02 2238533                    /usr/lib/jvm/java-8-openjdk-amd64/jre/lib/ext/sunjce_provider.jar
7f470fe5e000-7f470fe61000 r--s 00037000 fc:02 2238536                    /usr/lib/jvm/java-8-openjdk-amd64/jre/lib/ext/sunpkcs11.jar
7f470fe61000-7f470fe62000 r--s 00010000 fc:02 2238532                    /usr/lib/jvm/java-8-openjdk-amd64/jre/lib/ext/zipfs.jar
7f470fe62000-7f470fe64000 r--s 00006000 fc:02 2506120                    /usr/share/java/java-atk-wrapper.jar
7f470fe64000-7f470fe67000 r--s 0000f000 fc:02 2238535                    /usr/lib/jvm/java-8-openjdk-amd64/jre/lib/ext/icedtea-sound.jar
7f470fe67000-7f470fe6f000 rw-s 00000000 fc:02 397870                     /tmp/hsperfdata_beenotung/27704
7f470fe6f000-7f470fe70000 rw-p 00000000 00:00 0 
7f470fe70000-7f470fe71000 r--p 00000000 00:00 0 
7f470fe71000-7f470fe73000 rw-p 00000000 00:00 0 
7f470fe73000-7f470fe74000 r--p 00023000 fc:02 1053066                    /lib/x86_64-linux-gnu/ld-2.21.so
7f470fe74000-7f470fe75000 rw-p 00024000 fc:02 1053066                    /lib/x86_64-linux-gnu/ld-2.21.so
7f470fe75000-7f470fe76000 rw-p 00000000 00:00 0 
7ffda059b000-7ffda05be000 rw-p 00000000 00:00 0                          [stack]
7ffda05cb000-7ffda05cd000 r--p 00000000 00:00 0                          [vvar]
7ffda05cd000-7ffda05cf000 r-xp 00000000 00:00 0                          [vdso]
ffffffffff600000-ffffffffff601000 r-xp 00000000 00:00 0                  [vsyscall]

VM Arguments:
jvm_args: -javaagent:/usr/share/java/jayatanaag.jar -Djava.library.path=/home/beenotung/git/workspace/hkcc-pacman-robot/lib/lwjgl3/native/linux/x64:/home/beenotung/git/workspace/hkcc-pacman-robot/lib/lwjgl3/native/linux/x86:/home/beenotung/git/workspace/hkcc-pacman-robot/lib/lwjgl3/native/macosx/x64:/home/beenotung/git/workspace/hkcc-pacman-robot/lib/lwjgl3/native/windows/x64:/home/beenotung/git/workspace/hkcc-pacman-robot/lib/lwjgl3/native/windows/x86 -Didea.launcher.port=7533 -Didea.launcher.bin.path=/opt/idea/bin -Dfile.encoding=UTF-8 
java_command: com.intellij.rt.execution.application.AppMain edu.hkcc.pacmanrobot.launcher.ServerLauncher
java_class_path (initial): /usr/lib/jvm/java-1.8.0-openjdk-amd64/jre/lib/charsets.jar:/usr/lib/jvm/java-1.8.0-openjdk-amd64/jre/lib/rt.jar:/usr/lib/jvm/java-1.8.0-openjdk-amd64/jre/lib/jsse.jar:/usr/lib/jvm/java-1.8.0-openjdk-amd64/jre/lib/resources.jar:/usr/lib/jvm/java-1.8.0-openjdk-amd64/jre/lib/management-agent.jar:/usr/lib/jvm/java-1.8.0-openjdk-amd64/jre/lib/jce.jar:/usr/lib/jvm/java-1.8.0-openjdk-amd64/jre/lib/ext/cldrdata.jar:/usr/lib/jvm/java-1.8.0-openjdk-amd64/jre/lib/ext/icedtea-sound.jar:/usr/lib/jvm/java-1.8.0-openjdk-amd64/jre/lib/ext/java-atk-wrapper.jar:/usr/lib/jvm/java-1.8.0-openjdk-amd64/jre/lib/ext/zipfs.jar:/usr/lib/jvm/java-1.8.0-openjdk-amd64/jre/lib/ext/sunpkcs11.jar:/usr/lib/jvm/java-1.8.0-openjdk-amd64/jre/lib/ext/sunjce_provider.jar:/usr/lib/jvm/java-1.8.0-openjdk-amd64/jre/lib/ext/nashorn.jar:/usr/lib/jvm/java-1.8.0-openjdk-amd64/jre/lib/ext/localedata.jar:/usr/lib/jvm/java-1.8.0-openjdk-amd64/jre/lib/ext/sunec.jar:/usr/lib/jvm/java-1.8.0-openjdk-amd64/jre/lib/ext/dnsns.jar:/home/beenotung/git/workspace/hkcc-pacman-robot/target/scala-2.11/classes:/home/beenotung/.sbt/boot/scala-2.10.4/org.scala-sbt/sbt/0.13.8/quasiquotes_2.10-2.0.1.jar:/home/beenotung/.sbt/boot/scala-2.10.4/org.scala-sbt/sbt/0.13.8/classfile-0.13.8.jar:/home/beenotung/.sbt/boot/scala-2.10.4/org.scala-sbt/sbt/0.13.8/compiler-ivy-integration-0.13.8.jar:/home/beenotung/.sbt/boot/scala-2.10.4/org.scala-sbt/sbt/0.13.8/completion-0.13.8.jar:/home/beenotung/.sbt/boot/scala-2.10.4/org.scala-sbt/sbt/0.13.8/jawn-parser_2.10-0.6.0.jar:/home/beenotung/.sbt/boot/scala-2.10.4/org.scala-sbt/sbt/0.13.8/paranamer-2.6.jar:/home/beenotung/.sbt/boot/scala-2.10.4/org.scala-sbt/sbt/0.13.8/run-0.13.8.jar:/home/beenotung/.sbt/boot/scala-2.10.4/org.scala-sbt/sbt/0.13.8/test-agent-0.13.8.jar:/home/beenotung/.sbt/boot/scala-2.10.4/org.scala-sbt/sbt/0.13.8/scala-pickling_2.10-0.10.0.jar:/home/beenotung/.sbt/boot/scala-2.10.4/org.scala-sbt/sbt/0.13.8/logging-0.13.8.jar:/home/beenotung/.sbt/boot/sc
Launcher Type: SUN_STANDARD

Environment Variables:
JAVA_TOOL_OPTIONS=-javaagent:/usr/share/java/jayatanaag.jar 
PATH=/usr/games:/home/beenotung/bin:/usr/local/sbin:/usr/local/bin:/usr/sbin:/usr/bin:/sbin:/bin:/usr/games:/usr/local/games
LD_LIBRARY_PATH=/opt/idea/bin:
SHELL=/bin/bash
DISPLAY=:0

Signal Handlers:
SIGSEGV: [libjvm.so+0xa90d80], sa_mask[0]=11111111011111111101111111111110, sa_flags=SA_RESTART|SA_SIGINFO
SIGBUS: [libjvm.so+0xa90d80], sa_mask[0]=11111111011111111101111111111110, sa_flags=SA_RESTART|SA_SIGINFO
SIGFPE: [libjvm.so+0x8dbc70], sa_mask[0]=11111111011111111101111111111110, sa_flags=SA_RESTART|SA_SIGINFO
SIGPIPE: [libjvm.so+0x8dbc70], sa_mask[0]=11111111011111111101111111111110, sa_flags=SA_RESTART|SA_SIGINFO
SIGXFSZ: [libjvm.so+0x8dbc70], sa_mask[0]=11111111011111111101111111111110, sa_flags=SA_RESTART|SA_SIGINFO
SIGILL: [libjvm.so+0x8dbc70], sa_mask[0]=11111111011111111101111111111110, sa_flags=SA_RESTART|SA_SIGINFO
SIGUSR1: SIG_DFL, sa_mask[0]=00000000000000000000000000000000, sa_flags=none
SIGUSR2: [libjvm.so+0x8dbb20], sa_mask[0]=00100000000000000000000000000000, sa_flags=SA_RESTART|SA_SIGINFO
SIGHUP: [libjvm.so+0x8dbd40], sa_mask[0]=11111111011111111101111111111110, sa_flags=SA_RESTART|SA_SIGINFO
SIGINT: [libjvm.so+0x8dbd40], sa_mask[0]=11111111011111111101111111111110, sa_flags=SA_RESTART|SA_SIGINFO
SIGTERM: [libjvm.so+0x8dbd40], sa_mask[0]=11111111011111111101111111111110, sa_flags=SA_RESTART|SA_SIGINFO
SIGQUIT: [libjvm.so+0x8dbd40], sa_mask[0]=11111111011111111101111111111110, sa_flags=SA_RESTART|SA_SIGINFO


---------------  S Y S T E M  ---------------

OS:DISTRIB_ID=Ubuntu
DISTRIB_RELEASE=15.04
DISTRIB_CODENAME=vivid
DISTRIB_DESCRIPTION="Ubuntu 15.04"

uname:Linux 3.19.0-15-generic #15-Ubuntu SMP Thu Apr 16 23:32:37 UTC 2015 x86_64
libc:glibc 2.21 NPTL 2.21 
rlimit: STACK 8192k, CORE 0k, NPROC 63946, NOFILE 65536, AS infinity
load average:1.48 1.88 1.64

/proc/meminfo:
MemTotal:       16393516 kB
MemFree:         3813200 kB
MemAvailable:    8207172 kB
Buffers:          345892 kB
Cached:          4226512 kB
SwapCached:            0 kB
Active:          9601736 kB
Inactive:        2433204 kB
Active(anon):    7465296 kB
Inactive(anon):   197232 kB
Active(file):    2136440 kB
Inactive(file):  2235972 kB
Unevictable:         684 kB
Mlocked:             684 kB
SwapTotal:      33554428 kB
SwapFree:       33554428 kB
Dirty:             17588 kB
Writeback:             0 kB
AnonPages:       7465168 kB
Mapped:           635676 kB
Shmem:            199996 kB
Slab:             332580 kB
SReclaimable:     274976 kB
SUnreclaim:        57604 kB
KernelStack:       17168 kB
PageTables:        84520 kB
NFS_Unstable:          0 kB
Bounce:                0 kB
WritebackTmp:          0 kB
CommitLimit:    41751184 kB
Committed_AS:   14887080 kB
VmallocTotal:   34359738367 kB
VmallocUsed:      145572 kB
VmallocChunk:   34359488724 kB
HardwareCorrupted:     0 kB
AnonHugePages:   3477504 kB
CmaTotal:              0 kB
CmaFree:               0 kB
HugePages_Total:       0
HugePages_Free:        0
HugePages_Rsvd:        0
HugePages_Surp:        0
Hugepagesize:       2048 kB
DirectMap4k:      308796 kB
DirectMap2M:    16429056 kB


CPU:total 8 (4 cores per cpu, 2 threads per core) family 6 model 58 stepping 9, cmov, cx8, fxsr, mmx, sse, sse2, sse3, ssse3, sse4.1, sse4.2, popcnt, avx, aes, clmul, erms, ht, tsc, tscinvbit, tscinv

/proc/cpuinfo:
processor	: 0
vendor_id	: GenuineIntel
cpu family	: 6
model		: 58
model name	: Intel(R) Xeon(R) CPU E3-1230 V2 @ 3.30GHz
stepping	: 9
microcode	: 0x1b
cpu MHz		: 3552.269
cache size	: 8192 KB
physical id	: 0
siblings	: 8
core id		: 0
cpu cores	: 4
apicid		: 0
initial apicid	: 0
fpu		: yes
fpu_exception	: yes
cpuid level	: 13
wp		: yes
flags		: fpu vme de pse tsc msr pae mce cx8 apic sep mtrr pge mca cmov pat pse36 clflush dts acpi mmx fxsr sse sse2 ss ht tm pbe syscall nx rdtscp lm constant_tsc arch_perfmon pebs bts rep_good nopl xtopology nonstop_tsc aperfmperf eagerfpu pni pclmulqdq dtes64 monitor ds_cpl vmx smx est tm2 ssse3 cx16 xtpr pdcm pcid sse4_1 sse4_2 x2apic popcnt tsc_deadline_timer aes xsave avx f16c rdrand lahf_lm ida arat epb pln pts dtherm tpr_shadow vnmi flexpriority ept vpid fsgsbase smep erms xsaveopt
bugs		:
bogomips	: 6584.66
clflush size	: 64
cache_alignment	: 64
address sizes	: 36 bits physical, 48 bits virtual
power management:

processor	: 1
vendor_id	: GenuineIntel
cpu family	: 6
model		: 58
model name	: Intel(R) Xeon(R) CPU E3-1230 V2 @ 3.30GHz
stepping	: 9
microcode	: 0x1b
cpu MHz		: 3519.656
cache size	: 8192 KB
physical id	: 0
siblings	: 8
core id		: 1
cpu cores	: 4
apicid		: 2
initial apicid	: 2
fpu		: yes
fpu_exception	: yes
cpuid level	: 13
wp		: yes
flags		: fpu vme de pse tsc msr pae mce cx8 apic sep mtrr pge mca cmov pat pse36 clflush dts acpi mmx fxsr sse sse2 ss ht tm pbe syscall nx rdtscp lm constant_tsc arch_perfmon pebs bts rep_good nopl xtopology nonstop_tsc aperfmperf eagerfpu pni pclmulqdq dtes64 monitor ds_cpl vmx smx est tm2 ssse3 cx16 xtpr pdcm pcid sse4_1 sse4_2 x2apic popcnt tsc_deadline_timer aes xsave avx f16c rdrand lahf_lm ida arat epb pln pts dtherm tpr_shadow vnmi flexpriority ept vpid fsgsbase smep erms xsaveopt
bugs		:
bogomips	: 6584.66
clflush size	: 64
cache_alignment	: 64
address sizes	: 36 bits physical, 48 bits virtual
power management:

processor	: 2
vendor_id	: GenuineIntel
cpu family	: 6
model		: 58
model name	: Intel(R) Xeon(R) CPU E3-1230 V2 @ 3.30GHz
stepping	: 9
microcode	: 0x1b
cpu MHz		: 3591.843
cache size	: 8192 KB
physical id	: 0
siblings	: 8
core id		: 2
cpu cores	: 4
apicid		: 4
initial apicid	: 4
fpu		: yes
fpu_exception	: yes
cpuid level	: 13
wp		: yes
flags		: fpu vme de pse tsc msr pae mce cx8 apic sep mtrr pge mca cmov pat pse36 clflush dts acpi mmx fxsr sse sse2 ss ht tm pbe syscall nx rdtscp lm constant_tsc arch_perfmon pebs bts rep_good nopl xtopology nonstop_tsc aperfmperf eagerfpu pni pclmulqdq dtes64 monitor ds_cpl vmx smx est tm2 ssse3 cx16 xtpr pdcm pcid sse4_1 sse4_2 x2apic popcnt tsc_deadline_timer aes xsave avx f16c rdrand lahf_lm ida arat epb pln pts dtherm tpr_shadow vnmi flexpriority ept vpid fsgsbase smep erms xsaveopt
bugs		:
bogomips	: 6584.66
clflush size	: 64
cache_alignment	: 64
address sizes	: 36 bits physical, 48 bits virtual
power management:

processor	: 3
vendor_id	: GenuineIntel
cpu family	: 6
model		: 58
model name	: Intel(R) Xeon(R) CPU E3-1230 V2 @ 3.30GHz
stepping	: 9
microcode	: 0x1b
cpu MHz		: 3553.816
cache size	: 8192 KB
physical id	: 0
siblings	: 8
core id		: 3
cpu cores	: 4
apicid		: 6
initial apicid	: 6
fpu		: yes
fpu_exception	: yes
cpuid level	: 13
wp		: yes
flags		: fpu vme de pse tsc msr pae mce cx8 apic sep mtrr pge mca cmov pat pse36 clflush dts acpi mmx fxsr sse sse2 ss ht tm pbe syscall nx rdtscp lm constant_tsc arch_perfmon pebs bts rep_good nopl xtopology nonstop_tsc aperfmperf eagerfpu pni pclmulqdq dtes64 monitor ds_cpl vmx smx est tm2 ssse3 cx16 xtpr pdcm pcid sse4_1 sse4_2 x2apic popcnt tsc_deadline_timer aes xsave avx f16c rdrand lahf_lm ida arat epb pln pts dtherm tpr_shadow vnmi flexpriority ept vpid fsgsbase smep erms xsaveopt
bugs		:
bogomips	: 6584.66
clflush size	: 64
cache_alignment	: 64
address sizes	: 36 bits physical, 48 bits virtual
power management:

processor	: 4
vendor_id	: GenuineIntel
cpu family	: 6
model		: 58
model name	: Intel(R) Xeon(R) CPU E3-1230 V2 @ 3.30GHz
stepping	: 9
microcode	: 0x1b
cpu MHz		: 3513.984
cache size	: 8192 KB
physical id	: 0
siblings	: 8
core id		: 0
cpu cores	: 4
apicid		: 1
initial apicid	: 1
fpu		: yes
fpu_exception	: yes
cpuid level	: 13
wp		: yes
flags		: fpu vme de pse tsc msr pae mce cx8 apic sep mtrr pge mca cmov pat pse36 clflush dts acpi mmx fxsr sse sse2 ss ht tm pbe syscall nx rdtscp lm constant_tsc arch_perfmon pebs bts rep_good nopl xtopology nonstop_tsc aperfmperf eagerfpu pni pclmulqdq dtes64 monitor ds_cpl vmx smx est tm2 ssse3 cx16 xtpr pdcm pcid sse4_1 sse4_2 x2apic popcnt tsc_deadline_timer aes xsave avx f16c rdrand lahf_lm ida arat epb pln pts dtherm tpr_shadow vnmi flexpriority ept vpid fsgsbase smep erms xsaveopt
bugs		:
bogomips	: 6584.66
clflush size	: 64
cache_alignment	: 64
address sizes	: 36 bits physical, 48 bits virtual
power management:

processor	: 5
vendor_id	: GenuineIntel
cpu family	: 6
model		: 58
model name	: Intel(R) Xeon(R) CPU E3-1230 V2 @ 3.30GHz
stepping	: 9
microcode	: 0x1b
cpu MHz		: 3629.226
cache size	: 8192 KB
physical id	: 0
siblings	: 8
core id		: 1
cpu cores	: 4
apicid		: 3
initial apicid	: 3
fpu		: yes
fpu_exception	: yes
cpuid level	: 13
wp		: yes
flags		: fpu vme de pse tsc msr pae mce cx8 apic sep mtrr pge mca cmov pat pse36 clflush dts acpi mmx fxsr sse sse2 ss ht tm pbe syscall nx rdtscp lm constant_tsc arch_perfmon pebs bts rep_good nopl xtopology nonstop_tsc aperfmperf eagerfpu pni pclmulqdq dtes64 monitor ds_cpl vmx smx est tm2 ssse3 cx16 xtpr pdcm pcid sse4_1 sse4_2 x2apic popcnt tsc_deadline_timer aes xsave avx f16c rdrand lahf_lm ida arat epb pln pts dtherm tpr_shadow vnmi flexpriority ept vpid fsgsbase smep erms xsaveopt
bugs		:
bogomips	: 6584.66
clflush size	: 64
cache_alignment	: 64
address sizes	: 36 bits physical, 48 bits virtual
power management:

processor	: 6
vendor_id	: GenuineIntel
cpu family	: 6
model		: 58
model name	: Intel(R) Xeon(R) CPU E3-1230 V2 @ 3.30GHz
stepping	: 9
microcode	: 0x1b
cpu MHz		: 3510.375
cache size	: 8192 KB
physical id	: 0
siblings	: 8
core id		: 2
cpu cores	: 4
apicid		: 5
initial apicid	: 5
fpu		: yes
fpu_exception	: yes
cpuid level	: 13
wp		: yes
flags		: fpu vme de pse tsc msr pae mce cx8 apic sep mtrr pge mca cmov pat pse36 clflush dts acpi mmx fxsr sse sse2 ss ht tm pbe syscall nx rdtscp lm constant_tsc arch_perfmon pebs bts rep_good nopl xtopology nonstop_tsc aperfmperf eagerfpu pni pclmulqdq dtes64 monitor ds_cpl vmx smx est tm2 ssse3 cx16 xtpr pdcm pcid sse4_1 sse4_2 x2apic popcnt tsc_deadline_timer aes xsave avx f16c rdrand lahf_lm ida arat epb pln pts dtherm tpr_shadow vnmi flexpriority ept vpid fsgsbase smep erms xsaveopt
bugs		:
bogomips	: 6584.66
clflush size	: 64
cache_alignment	: 64
address sizes	: 36 bits physical, 48 bits virtual
power management:

processor	: 7
vendor_id	: GenuineIntel
cpu family	: 6
model		: 58
model name	: Intel(R) Xeon(R) CPU E3-1230 V2 @ 3.30GHz
stepping	: 9
microcode	: 0x1b
cpu MHz		: 3538.218
cache size	: 8192 KB
physical id	: 0
siblings	: 8
core id		: 3
cpu cores	: 4
apicid		: 7
initial apicid	: 7
fpu		: yes
fpu_exception	: yes
cpuid level	: 13
wp		: yes
flags		: fpu vme de pse tsc msr pae mce cx8 apic sep mtrr pge mca cmov pat pse36 clflush dts acpi mmx fxsr sse sse2 ss ht tm pbe syscall nx rdtscp lm constant_tsc arch_perfmon pebs bts rep_good nopl xtopology nonstop_tsc aperfmperf eagerfpu pni pclmulqdq dtes64 monitor ds_cpl vmx smx est tm2 ssse3 cx16 xtpr pdcm pcid sse4_1 sse4_2 x2apic popcnt tsc_deadline_timer aes xsave avx f16c rdrand lahf_lm ida arat epb pln pts dtherm tpr_shadow vnmi flexpriority ept vpid fsgsbase smep erms xsaveopt
bugs		:
bogomips	: 6584.66
clflush size	: 64
cache_alignment	: 64
address sizes	: 36 bits physical, 48 bits virtual
power management:



Memory: 4k page, physical 16393516k(3813200k free), swap 33554428k(33554428k free)

vm_info: OpenJDK 64-Bit Server VM (25.45-b02) for linux-amd64 JRE (1.8.0_45-internal-b14), built on Apr 20 2015 00:35:04 by "buildd" with gcc 4.9.2

time: Wed Apr 29 23:44:28 2015
elapsed time: 7 seconds (0d 0h 0m 7s)

