#
# A fatal error has been detected by the Java Runtime Environment:
#
#  SIGSEGV (0xb) at pc=0x00007fd7a99a0a2a, pid=3089, tid=140565154400000
#
# JRE version: Java(TM) SE Runtime Environment (8.0_25-b17) (build 1.8.0_25-b17)
# Java VM: Java HotSpot(TM) 64-Bit Server VM (25.25-b02 mixed mode linux-amd64 compressed oops)
# Problematic frame:
# C  [libffi.so.6+0x4a2a]  ffi_closure_free+0x49a
#
# Failed to write core dump. Core dumps have been disabled. To enable core dumping, try "ulimit -c unlimited" before starting Java again
#
# If you would like to submit a bug report, please visit:
#   http://bugreport.sun.com/bugreport/crash.jsp
# The crash happened outside the Java Virtual Machine in native code.
# See problematic frame for where to report the bug.
#

---------------  T H R E A D  ---------------

Current thread (0x00007fd81c0c5800):  JavaThread "Thread-0" [_thread_in_native, id=3157, stack(0x00007fd7e0088000,0x00007fd7e0189000)]

siginfo: si_signo: 11 (SIGSEGV), si_code: 1 (SEGV_MAPERR), si_addr: 0x0000000000000018

Registers:
RAX=0x0000000000000f80, RBX=0x00007fd7a9ba42c0, RCX=0x0000000000000000, RDX=0x0000000000000000
RSP=0x00007fd7e01876d0, RBP=0x00007fd825397038, RSI=0x00007fd825397070, RDI=0x0000000000000001
R8 =0x0000000000000000, R9 =0x0000000000000000, R10=0x000000000000003c, R11=0x00007fd7a99a0590
R12=0x00007fd825397048, R13=0x00007fd8207e9938, R14=0x00007fd7e01877a8, R15=0x00007fd81c0c5800
RIP=0x00007fd7a99a0a2a, EFLAGS=0x0000000000010246, CSGSFS=0x0000000000000033, ERR=0x0000000000000006
  TRAPNO=0x000000000000000e

Top of Stack: (sp=0x00007fd7e01876d0)
0x00007fd7e01876d0:   00007fd81c0c5800 00007fd7a8fdba50
0x00007fd7e01876e0:   00007fd7e22f14c0 00007fd81c007440
0x00007fd7e01876f0:   00007fd825397048 00007fd8207e9938
0x00007fd7e0187700:   00007fd7e0187780 0000000000000000
0x00007fd7e0187710:   00007fd8207e9938 00007fd7e01877a8
0x00007fd7e0187720:   00007fd81c0c5800 00007fd80d0156d4
0x00007fd7e0187730:   00007fd81c0c5800 00007fd80d015422
0x00007fd7e0187740:   00007fd7e0187740 00007fd8207e9938
0x00007fd7e0187750:   00007fd7e01877a8 00007fd8207e9d30
0x00007fd7e0187760:   0000000000000000 00007fd8207e9938
0x00007fd7e0187770:   0000000000000000 00007fd7e01877a0
0x00007fd7e0187780:   00007fd7e01877f0 00007fd80d00798d
0x00007fd7e0187790:   000000076d881588 00007fd80d00f2b8
0x00007fd7e01877a0:   00007fd825397048 000000076d8dceb8
0x00007fd7e01877b0:   00007fd7e01877b0 00007fd82066ad0b
0x00007fd7e01877c0:   00007fd7e0187800 00007fd8207c65f8
0x00007fd7e01877d0:   0000000000000000 00007fd82066ad28
0x00007fd7e01877e0:   00007fd7e01877a0 00007fd7e0187800
0x00007fd7e01877f0:   00007fd7e0187848 00007fd80d00798d
0x00007fd7e0187800:   000000076d8dceb8 00007fd7e0187808
0x00007fd7e0187810:   00007fd82066b9e6 00007fd7e0187858
0x00007fd7e0187820:   00007fd8207c6480 0000000000000000
0x00007fd7e0187830:   00007fd82066ba00 00007fd7e0187800
0x00007fd7e0187840:   00007fd7e0187858 00007fd7e01878a0
0x00007fd7e0187850:   00007fd80d00798d 000000076d8dceb8
0x00007fd7e0187860:   00007fd7e0187860 00007fd820668b37
0x00007fd7e0187870:   00007fd7e01878b0 00007fd82066c398
0x00007fd7e0187880:   0000000000000000 00007fd820668b50
0x00007fd7e0187890:   00007fd7e0187858 00007fd7e01878b0
0x00007fd7e01878a0:   00007fd7e01878f8 00007fd80d00798d
0x00007fd7e01878b0:   000000076cf328a8 00007fd7e01878b8
0x00007fd7e01878c0:   00007fd820668be7 00007fd7e0187910 

Instructions: (pc=0x00007fd7a99a0a2a)
0x00007fd7a99a0a0a:   56 18 4c 8b 4e 30 48 39 d6 0f 84 ef 03 00 00 48
0x00007fd7a99a0a1a:   8b 4e 10 48 3b 0d b4 38 20 00 0f 82 26 fe ff ff
0x00007fd7a99a0a2a:   48 89 51 18 48 89 4a 10 4d 85 c9 0f 84 55 03 00
0x00007fd7a99a0a3a:   00 48 8b 4e 38 48 8d 79 4a 48 3b 34 fb 0f 84 b3 

Register to memory mapping:

RAX=0x0000000000000f80 is an unknown value
RBX=0x00007fd7a9ba42c0: <offset 0x2082c0> in /usr/lib/libffi.so.6 at 0x00007fd7a999c000
RCX=0x0000000000000000 is an unknown value
RDX=0x0000000000000000 is an unknown value
RSP=0x00007fd7e01876d0 is pointing into the stack for thread: 0x00007fd81c0c5800
RBP=0x00007fd825397038 is an unknown value
RSI=0x00007fd825397070 is an unknown value
RDI=0x0000000000000001 is an unknown value
R8 =0x0000000000000000 is an unknown value
R9 =0x0000000000000000 is an unknown value
R10=0x000000000000003c is an unknown value
R11=0x00007fd7a99a0590: ffi_closure_free+0 in /usr/lib/libffi.so.6 at 0x00007fd7a999c000
R12=0x00007fd825397048 is an unknown value
R13={method} {0x00007fd8207e9938} 'nffi_closure_free' '(J)V' in 'org/lwjgl/system/libffi/LibFFI'
R14=0x00007fd7e01877a8 is pointing into the stack for thread: 0x00007fd81c0c5800
R15=0x00007fd81c0c5800 is a thread


Stack: [0x00007fd7e0088000,0x00007fd7e0189000],  sp=0x00007fd7e01876d0,  free space=1021k
Native frames: (J=compiled Java code, j=interpreted, Vv=VM code, C=native code)
C  [libffi.so.6+0x4a2a]  ffi_closure_free+0x49a

Java frames: (J=compiled Java code, j=interpreted, Vv=VM code)
j  org.lwjgl.system.libffi.LibFFI.nffi_closure_free(J)V+0
j  org.lwjgl.system.libffi.Closure.destroy()V+35
j  org.lwjgl.system.Retainable$Default.release()V+38
j  myutils.gui.opengl.AbstractOpenGLApplication.end()V+7
j  myutils.gui.opengl.AbstractOpenGLApplication.run()V+15
j  edu.hkcc.pacmanrobot.controller.gamecontroller.MiniMap.run()V+27
v  ~StubRoutines::call_stub

---------------  P R O C E S S  ---------------

Java Threads: ( => current thread )
  0x00007fd7a4002000 JavaThread "Thread-3" [_thread_blocked, id=3166, stack(0x00007fd7a91f5000,0x00007fd7a92f6000)]
  0x00007fd7a4003800 JavaThread "Thread-2" [_thread_in_native, id=3164, stack(0x00007fd7a90f4000,0x00007fd7a91f5000)]
  0x00007fd81c00a000 JavaThread "DestroyJavaVM" [_thread_blocked, id=3091, stack(0x00007fd825292000,0x00007fd825393000)]
=>0x00007fd81c0c5800 JavaThread "Thread-0" [_thread_in_native, id=3157, stack(0x00007fd7e0088000,0x00007fd7e0189000)]
  0x00007fd81c261800 JavaThread "Monitor Ctrl-Break" daemon [_thread_in_native, id=3130, stack(0x00007fd7e2765000,0x00007fd7e2866000)]
  0x00007fd81c0d2000 JavaThread "Service Thread" daemon [_thread_blocked, id=3121, stack(0x00007fd7e2b82000,0x00007fd7e2c83000)]
  0x00007fd81c0ba800 JavaThread "C1 CompilerThread3" daemon [_thread_blocked, id=3120, stack(0x00007fd7e2c83000,0x00007fd7e2d84000)]
  0x00007fd81c0b8800 JavaThread "C2 CompilerThread2" daemon [_thread_blocked, id=3119, stack(0x00007fd7e2d84000,0x00007fd7e2e85000)]
  0x00007fd81c0b6800 JavaThread "C2 CompilerThread1" daemon [_thread_blocked, id=3118, stack(0x00007fd7e2e85000,0x00007fd7e2f86000)]
  0x00007fd81c0b3800 JavaThread "C2 CompilerThread0" daemon [_thread_blocked, id=3117, stack(0x00007fd7e2f86000,0x00007fd7e3087000)]
  0x00007fd81c0b1800 JavaThread "Signal Dispatcher" daemon [_thread_blocked, id=3116, stack(0x00007fd7e3087000,0x00007fd7e3188000)]
  0x00007fd81c084800 JavaThread "Finalizer" daemon [_thread_blocked, id=3102, stack(0x00007fd7e334d000,0x00007fd7e344e000)]
  0x00007fd81c082800 JavaThread "Reference Handler" daemon [_thread_blocked, id=3101, stack(0x00007fd7e344e000,0x00007fd7e354f000)]

Other Threads:
  0x00007fd81c07b800 VMThread [stack: 0x00007fd7e354f000,0x00007fd7e3650000] [id=3100]
  0x00007fd81c0d4800 WatcherThread [stack: 0x00007fd7e2a81000,0x00007fd7e2b82000] [id=3122]

VM state:not at safepoint (normal execution)

VM Mutex/Monitor currently owned by a thread: None

Heap:
 PSYoungGen      total 75264K, used 34894K [0x000000076c980000, 0x0000000771d80000, 0x00000007c0000000)
  eden space 64512K, 54% used [0x000000076c980000,0x000000076eb93ac0,0x0000000770880000)
  from space 10752K, 0% used [0x0000000771300000,0x0000000771300000,0x0000000771d80000)
  to   space 10752K, 0% used [0x0000000770880000,0x0000000770880000,0x0000000771300000)
 ParOldGen       total 172032K, used 0K [0x00000006c5c00000, 0x00000006d0400000, 0x000000076c980000)
  object space 172032K, 0% used [0x00000006c5c00000,0x00000006c5c00000,0x00000006d0400000)
 Metaspace       used 10396K, capacity 10534K, committed 10624K, reserved 1058816K
  class space    used 1088K, capacity 1113K, committed 1152K, reserved 1048576K

Card table byte_map: [0x00007fd821f6b000,0x00007fd82273e000] byte_map_base: 0x00007fd81e93d000

Marking Bits: (ParMarkBitMap*) 0x00007fd8247c82c0
 Begin Bits: [0x00007fd7e42e0000, 0x00007fd7e8170000)
 End Bits:   [0x00007fd7e8170000, 0x00007fd7ec000000)

Polling page: 0x00007fd8253eb000

CodeCache: size=245760Kb used=2627Kb max_used=2639Kb free=243132Kb
 bounds [0x00007fd80d000000, 0x00007fd80d2a0000, 0x00007fd81c000000]
 total_blobs=1069 nmethods=519 adapters=465
 compilation: enabled

Compilation events (10 events):
Event: 6.131 Thread 0x00007fd81c0ba800 nmethod 514 0x00007fd80d28a250 code [0x00007fd80d28a3e0, 0x00007fd80d28a6a8]
Event: 6.131 Thread 0x00007fd81c0ba800  516   !   3       sun.reflect.UTF8::encode (191 bytes)
Event: 6.132 Thread 0x00007fd81c0b6800 nmethod 513 0x00007fd80d289e10 code [0x00007fd80d289f60, 0x00007fd80d28a068]
Event: 6.132 Thread 0x00007fd81c0ba800 nmethod 516 0x00007fd80d291110 code [0x00007fd80d291300, 0x00007fd80d291bc8]
Event: 6.132 Thread 0x00007fd81c0ba800  515       3       sun.reflect.UTF8::utf8Length (81 bytes)
Event: 6.132 Thread 0x00007fd81c0ba800 nmethod 515 0x00007fd80d290690 code [0x00007fd80d290840, 0x00007fd80d290e68]
Event: 6.133 Thread 0x00007fd81c0ba800  517       1       java.net.AbstractPlainSocketImpl::getTimeout (5 bytes)
Event: 6.133 Thread 0x00007fd81c0ba800 nmethod 517 0x00007fd80d2903d0 code [0x00007fd80d290520, 0x00007fd80d290630]
Event: 6.134 Thread 0x00007fd81c0b3800  518       4       sun.reflect.ClassFileAssembler::emitByte (11 bytes)
Event: 6.135 Thread 0x00007fd81c0b3800 nmethod 518 0x00007fd80d28fc10 code [0x00007fd80d28fd80, 0x00007fd80d28fec8]

GC Heap History (0 events):
No events

Deoptimization events (1 events):
Event: 5.997 Thread 0x00007fd81c0c5800 Uncommon trap: reason=unreached action=reinterpret pc=0x00007fd80d1e1e14 method=sun.misc.URLClassPath$JarLoader.ensureOpen()V @ 4

Internal exceptions (10 events):
Event: 6.119 Thread 0x00007fd7a4003800 Exception <a 'java/security/PrivilegedActionException'> (0x000000076e5a34a8) thrown at [/HUDSON/workspace/8-2-build-linux-amd64/jdk8u25/1514/hotspot/src/share/vm/prims/jvm.cpp, line 1312]
Event: 6.119 Thread 0x00007fd7a4003800 Exception <a 'java/security/PrivilegedActionException'> (0x000000076e5a8be8) thrown at [/HUDSON/workspace/8-2-build-linux-amd64/jdk8u25/1514/hotspot/src/share/vm/prims/jvm.cpp, line 1312]
Event: 6.119 Thread 0x00007fd7a4003800 Exception <a 'java/security/PrivilegedActionException'> (0x000000076e5ad478) thrown at [/HUDSON/workspace/8-2-build-linux-amd64/jdk8u25/1514/hotspot/src/share/vm/prims/jvm.cpp, line 1312]
Event: 6.120 Thread 0x00007fd7a4003800 Exception <a 'java/security/PrivilegedActionException'> (0x000000076e5d8ad0) thrown at [/HUDSON/workspace/8-2-build-linux-amd64/jdk8u25/1514/hotspot/src/share/vm/prims/jvm.cpp, line 1312]
Event: 6.120 Thread 0x00007fd7a4003800 Exception <a 'java/security/PrivilegedActionException'> (0x000000076e5dd920) thrown at [/HUDSON/workspace/8-2-build-linux-amd64/jdk8u25/1514/hotspot/src/share/vm/prims/jvm.cpp, line 1312]
Event: 6.121 Thread 0x00007fd7a4003800 Exception <a 'java/security/PrivilegedActionException'> (0x000000076e5eb3f0) thrown at [/HUDSON/workspace/8-2-build-linux-amd64/jdk8u25/1514/hotspot/src/share/vm/prims/jvm.cpp, line 1312]
Event: 6.122 Thread 0x00007fd7a4003800 Exception <a 'java/lang/NoSuchMethodError': <clinit>> (0x000000076e5f2818) thrown at [/HUDSON/workspace/8-2-build-linux-amd64/jdk8u25/1514/hotspot/src/share/vm/prims/jni.cpp, line 1603]
Event: 6.134 Thread 0x00007fd7a4003800 Exception <a 'java/security/PrivilegedActionException'> (0x000000076e653e78) thrown at [/HUDSON/workspace/8-2-build-linux-amd64/jdk8u25/1514/hotspot/src/share/vm/prims/jvm.cpp, line 1312]
Event: 6.140 Thread 0x00007fd81c0c5800 Exception <a 'java/security/PrivilegedActionException'> (0x000000076ead37c8) thrown at [/HUDSON/workspace/8-2-build-linux-amd64/jdk8u25/1514/hotspot/src/share/vm/prims/jvm.cpp, line 1312]
Event: 6.140 Thread 0x00007fd81c0c5800 Exception <a 'java/security/PrivilegedActionException'> (0x000000076ead7148) thrown at [/HUDSON/workspace/8-2-build-linux-amd64/jdk8u25/1514/hotspot/src/share/vm/prims/jvm.cpp, line 1312]

Events (10 events):
Event: 6.131 loading class java/util/concurrent/locks/ReentrantLock$NonfairSync
Event: 6.131 loading class java/util/concurrent/locks/ReentrantLock$NonfairSync done
Event: 6.132 loading class java/util/concurrent/locks/AbstractQueuedSynchronizer$ConditionObject
Event: 6.132 loading class java/util/concurrent/locks/AbstractQueuedSynchronizer$ConditionObject done
Event: 6.134 loading class edu/hkcc/pacmanrobot/utils/map/ObstacleMap$$anon$1
Event: 6.134 loading class edu/hkcc/pacmanrobot/utils/map/ObstacleMap$$anon$1 done
Event: 6.140 loading class edu/hkcc/pacmanrobot/utils/Utils$
Event: 6.140 loading class edu/hkcc/pacmanrobot/utils/Utils$ done
Event: 6.140 loading class edu/hkcc/pacmanrobot/utils/Point2D
Event: 6.140 loading class edu/hkcc/pacmanrobot/utils/Point2D done


Dynamic libraries:
00400000-00401000 r-xp 00000000 fe:00 3950470                            /usr/lib/jvm/java-8-jdk/jre/bin/java
00600000-00601000 rw-p 00000000 fe:00 3950470                            /usr/lib/jvm/java-8-jdk/jre/bin/java
02530000-02551000 rw-p 00000000 00:00 0                                  [heap]
6c5c00000-6d0400000 rw-p 00000000 00:00 0 
6d0400000-76c980000 ---p 00000000 00:00 0 
76c980000-771d80000 rw-p 00000000 00:00 0 
771d80000-7c0000000 ---p 00000000 00:00 0 
7c0000000-7c0120000 rw-p 00000000 00:00 0 
7c0120000-800000000 ---p 00000000 00:00 0 
7fd798000000-7fd798041000 rw-p 00000000 00:00 0 
7fd798041000-7fd79c000000 ---p 00000000 00:00 0 
7fd7a0000000-7fd7a0021000 rw-p 00000000 00:00 0 
7fd7a0021000-7fd7a4000000 ---p 00000000 00:00 0 
7fd7a4000000-7fd7a4021000 rw-p 00000000 00:00 0 
7fd7a4021000-7fd7a8000000 ---p 00000000 00:00 0 
7fd7a8ef4000-7fd7a9034000 rw-p 00000000 00:00 0 
7fd7a9034000-7fd7a90f4000 ---p 00000000 00:00 0 
7fd7a90f4000-7fd7a90f7000 ---p 00000000 00:00 0 
7fd7a90f7000-7fd7a91f5000 rw-p 00000000 00:00 0                          [stack:3164]
7fd7a91f5000-7fd7a91f8000 ---p 00000000 00:00 0 
7fd7a91f8000-7fd7a92f6000 rw-p 00000000 00:00 0                          [stack:3166]
7fd7a92f6000-7fd7a92fa000 r-xp 00000000 fe:00 2630949                    /usr/lib/libtxc_dxtn.so
7fd7a92fa000-7fd7a94f9000 ---p 00004000 fe:00 2630949                    /usr/lib/libtxc_dxtn.so
7fd7a94f9000-7fd7a94fa000 r--p 00003000 fe:00 2630949                    /usr/lib/libtxc_dxtn.so
7fd7a94fa000-7fd7a94fb000 rw-p 00004000 fe:00 2630949                    /usr/lib/libtxc_dxtn.so
7fd7a94fb000-7fd7a955a000 r-xp 00000000 fe:00 2625020                    /usr/lib/libncursesw.so.5.9
7fd7a955a000-7fd7a975a000 ---p 0005f000 fe:00 2625020                    /usr/lib/libncursesw.so.5.9
7fd7a975a000-7fd7a975e000 r--p 0005f000 fe:00 2625020                    /usr/lib/libncursesw.so.5.9
7fd7a975e000-7fd7a9760000 rw-p 00063000 fe:00 2625020                    /usr/lib/libncursesw.so.5.9
7fd7a9760000-7fd7a9796000 r-xp 00000000 fe:00 2655999                    /usr/lib/libedit.so.0.0.52
7fd7a9796000-7fd7a9995000 ---p 00036000 fe:00 2655999                    /usr/lib/libedit.so.0.0.52
7fd7a9995000-7fd7a9997000 r--p 00035000 fe:00 2655999                    /usr/lib/libedit.so.0.0.52
7fd7a9997000-7fd7a9998000 rw-p 00037000 fe:00 2655999                    /usr/lib/libedit.so.0.0.52
7fd7a9998000-7fd7a999c000 rw-p 00000000 00:00 0 
7fd7a999c000-7fd7a99a4000 r-xp 00000000 fe:00 2632155                    /usr/lib/libffi.so.6.0.4
7fd7a99a4000-7fd7a9ba3000 ---p 00008000 fe:00 2632155                    /usr/lib/libffi.so.6.0.4
7fd7a9ba3000-7fd7a9ba4000 r--p 00007000 fe:00 2632155                    /usr/lib/libffi.so.6.0.4
7fd7a9ba4000-7fd7a9ba5000 rw-p 00008000 fe:00 2632155                    /usr/lib/libffi.so.6.0.4
7fd7a9ba5000-7fd7a9bba000 r-xp 00000000 fe:00 2627701                    /usr/lib/libz.so.1.2.8
7fd7a9bba000-7fd7a9db9000 ---p 00015000 fe:00 2627701                    /usr/lib/libz.so.1.2.8
7fd7a9db9000-7fd7a9dba000 r--p 00014000 fe:00 2627701                    /usr/lib/libz.so.1.2.8
7fd7a9dba000-7fd7a9dbb000 rw-p 00015000 fe:00 2627701                    /usr/lib/libz.so.1.2.8
7fd7a9dbb000-7fd7abbb5000 r-xp 00000000 fe:00 2689109                    /usr/lib/libLLVM-3.6.so
7fd7abbb5000-7fd7abdb4000 ---p 01dfa000 fe:00 2689109                    /usr/lib/libLLVM-3.6.so
7fd7abdb4000-7fd7abfd0000 r--p 01df9000 fe:00 2689109                    /usr/lib/libLLVM-3.6.so
7fd7abfd0000-7fd7abfea000 rw-p 02015000 fe:00 2689109                    /usr/lib/libLLVM-3.6.so
7fd7abfea000-7fd7ac000000 rw-p 00000000 00:00 0 
7fd7ac000000-7fd7ac3c0000 rw-p 00000000 00:00 0 
7fd7ac3c0000-7fd7b0000000 ---p 00000000 00:00 0 
7fd7b014b000-7fd7b0153000 r-xp 00000000 fe:00 2645324                    /usr/lib/libpciaccess.so.0.11.1
7fd7b0153000-7fd7b0353000 ---p 00008000 fe:00 2645324                    /usr/lib/libpciaccess.so.0.11.1
7fd7b0353000-7fd7b0354000 r--p 00008000 fe:00 2645324                    /usr/lib/libpciaccess.so.0.11.1
7fd7b0354000-7fd7b0355000 rw-p 00009000 fe:00 2645324                    /usr/lib/libpciaccess.so.0.11.1
7fd7b0355000-7fd7b036b000 r-xp 00000000 fe:00 2624967                    /usr/lib/libgcc_s.so.1
7fd7b036b000-7fd7b056a000 ---p 00016000 fe:00 2624967                    /usr/lib/libgcc_s.so.1
7fd7b056a000-7fd7b056b000 rw-p 00015000 fe:00 2624967                    /usr/lib/libgcc_s.so.1
7fd7b056b000-7fd7b065b000 r-xp 00000000 fe:00 2624974                    /usr/lib/libstdc++.so.6.0.20
7fd7b065b000-7fd7b085b000 ---p 000f0000 fe:00 2624974                    /usr/lib/libstdc++.so.6.0.20
7fd7b085b000-7fd7b0863000 r--p 000f0000 fe:00 2624974                    /usr/lib/libstdc++.so.6.0.20
7fd7b0863000-7fd7b0865000 rw-p 000f8000 fe:00 2624974                    /usr/lib/libstdc++.so.6.0.20
7fd7b0865000-7fd7b087a000 rw-p 00000000 00:00 0 
7fd7b087a000-7fd7b088f000 r-xp 00000000 fe:00 2645555                    /usr/lib/libelf-0.161.so
7fd7b088f000-7fd7b0a8f000 ---p 00015000 fe:00 2645555                    /usr/lib/libelf-0.161.so
7fd7b0a8f000-7fd7b0a91000 r--p 00015000 fe:00 2645555                    /usr/lib/libelf-0.161.so
7fd7b0a91000-7fd7b0a92000 rw-p 00017000 fe:00 2645555                    /usr/lib/libelf-0.161.so
7fd7b0a92000-7fd7b0a9e000 r-xp 00000000 fe:00 2645372                    /usr/lib/libdrm_radeon.so.1.0.1
7fd7b0a9e000-7fd7b0c9d000 ---p 0000c000 fe:00 2645372                    /usr/lib/libdrm_radeon.so.1.0.1
7fd7b0c9d000-7fd7b0c9e000 r--p 0000b000 fe:00 2645372                    /usr/lib/libdrm_radeon.so.1.0.1
7fd7b0c9e000-7fd7b0c9f000 rw-p 0000c000 fe:00 2645372                    /usr/lib/libdrm_radeon.so.1.0.1
7fd7b0c9f000-7fd7b0cc0000 r-xp 00000000 fe:00 2645370                    /usr/lib/libdrm_intel.so.1.0.0
7fd7b0cc0000-7fd7b0ebf000 ---p 00021000 fe:00 2645370                    /usr/lib/libdrm_intel.so.1.0.0
7fd7b0ebf000-7fd7b0ec0000 r--p 00020000 fe:00 2645370                    /usr/lib/libdrm_intel.so.1.0.0
7fd7b0ec0000-7fd7b0ec1000 rw-p 00021000 fe:00 2645370                    /usr/lib/libdrm_intel.so.1.0.0
7fd7b0ec1000-7fd7b0ec7000 r-xp 00000000 fe:00 2645371                    /usr/lib/libdrm_nouveau.so.2.0.0
7fd7b0ec7000-7fd7b10c6000 ---p 00006000 fe:00 2645371                    /usr/lib/libdrm_nouveau.so.2.0.0
7fd7b10c6000-7fd7b10c7000 r--p 00005000 fe:00 2645371                    /usr/lib/libdrm_nouveau.so.2.0.0
7fd7b10c7000-7fd7b10c8000 rw-p 00006000 fe:00 2645371                    /usr/lib/libdrm_nouveau.so.2.0.0
7fd7b10c8000-7fd7b1838000 r-xp 00000000 fe:00 3301865                    /usr/lib/xorg/modules/dri/nouveau_dri.so
7fd7b1838000-7fd7b1a37000 ---p 00770000 fe:00 3301865                    /usr/lib/xorg/modules/dri/nouveau_dri.so
7fd7b1a37000-7fd7b1a8e000 r--p 0076f000 fe:00 3301865                    /usr/lib/xorg/modules/dri/nouveau_dri.so
7fd7b1a8e000-7fd7b1a9a000 rw-p 007c6000 fe:00 3301865                    /usr/lib/xorg/modules/dri/nouveau_dri.so
7fd7b1a9a000-7fd7b1c7f000 rw-p 00000000 00:00 0 
7fd7b1c7f000-7fd7b1c82000 ---p 00000000 00:00 0 
7fd7b1c82000-7fd7b1d80000 rw-p 00000000 00:00 0 
7fd7b1d80000-7fd7b1d84000 r-xp 00000000 fe:00 2631613                    /usr/lib/libattr.so.1.1.0
7fd7b1d84000-7fd7b1f83000 ---p 00004000 fe:00 2631613                    /usr/lib/libattr.so.1.1.0
7fd7b1f83000-7fd7b1f84000 r--p 00003000 fe:00 2631613                    /usr/lib/libattr.so.1.1.0
7fd7b1f84000-7fd7b1f85000 rw-p 00004000 fe:00 2631613                    /usr/lib/libattr.so.1.1.0
7fd7b1f85000-7fd7b1f89000 r-xp 00000000 fe:00 2631742                    /usr/lib/libcap.so.2.24
7fd7b1f89000-7fd7b2188000 ---p 00004000 fe:00 2631742                    /usr/lib/libcap.so.2.24
7fd7b2188000-7fd7b2189000 rw-p 00003000 fe:00 2631742                    /usr/lib/libcap.so.2.24
7fd7b2189000-7fd7b219d000 r-xp 00000000 fe:00 2624622                    /usr/lib/libresolv-2.21.so
7fd7b219d000-7fd7b239c000 ---p 00014000 fe:00 2624622                    /usr/lib/libresolv-2.21.so
7fd7b239c000-7fd7b239d000 r--p 00013000 fe:00 2624622                    /usr/lib/libresolv-2.21.so
7fd7b239d000-7fd7b239e000 rw-p 00014000 fe:00 2624622                    /usr/lib/libresolv-2.21.so
7fd7b239e000-7fd7b23a0000 rw-p 00000000 00:00 0 
7fd7b23a0000-7fd7b23a5000 r-xp 00000000 fe:00 2624684                    /usr/lib/libnss_dns-2.21.so
7fd7b23a5000-7fd7b25a4000 ---p 00005000 fe:00 2624684                    /usr/lib/libnss_dns-2.21.so
7fd7b25a4000-7fd7b25a5000 r--p 00004000 fe:00 2624684                    /usr/lib/libnss_dns-2.21.so
7fd7b25a5000-7fd7b25a6000 rw-p 00005000 fe:00 2624684                    /usr/lib/libnss_dns-2.21.so
7fd7b25a6000-7fd7b25ab000 r-xp 00000000 fe:00 2627693                    /usr/lib/libXdmcp.so.6.0.0
7fd7b25ab000-7fd7b27aa000 ---p 00005000 fe:00 2627693                    /usr/lib/libXdmcp.so.6.0.0
7fd7b27aa000-7fd7b27ab000 r--p 00004000 fe:00 2627693                    /usr/lib/libXdmcp.so.6.0.0
7fd7b27ab000-7fd7b27ac000 rw-p 00005000 fe:00 2627693                    /usr/lib/libXdmcp.so.6.0.0
7fd7b27ac000-7fd7b27ae000 r-xp 00000000 fe:00 2640834                    /usr/lib/libXau.so.6.0.0
7fd7b27ae000-7fd7b29ae000 ---p 00002000 fe:00 2640834                    /usr/lib/libXau.so.6.0.0
7fd7b29ae000-7fd7b29af000 r--p 00002000 fe:00 2640834                    /usr/lib/libXau.so.6.0.0
7fd7b29af000-7fd7b29b0000 rw-p 00003000 fe:00 2640834                    /usr/lib/libXau.so.6.0.0
7fd7b29b0000-7fd7b29b9000 r-xp 00000000 fe:00 2645497                    /usr/lib/libXrender.so.1.3.0
7fd7b29b9000-7fd7b2bb8000 ---p 00009000 fe:00 2645497                    /usr/lib/libXrender.so.1.3.0
7fd7b2bb8000-7fd7b2bb9000 r--p 00008000 fe:00 2645497                    /usr/lib/libXrender.so.1.3.0
7fd7b2bb9000-7fd7b2bba000 rw-p 00009000 fe:00 2645497                    /usr/lib/libXrender.so.1.3.0
7fd7b2bba000-7fd7b2bc6000 r-xp 00000000 fe:00 2645368                    /usr/lib/libdrm.so.2.4.0
7fd7b2bc6000-7fd7b2dc5000 ---p 0000c000 fe:00 2645368                    /usr/lib/libdrm.so.2.4.0
7fd7b2dc5000-7fd7b2dc6000 r--p 0000b000 fe:00 2645368                    /usr/lib/libdrm.so.2.4.0
7fd7b2dc6000-7fd7b2dc7000 rw-p 0000c000 fe:00 2645368                    /usr/lib/libdrm.so.2.4.0
7fd7b2dc7000-7fd7b2dc8000 r-xp 00000000 fe:00 2645518                    /usr/lib/libxshmfence.so.1.0.0
7fd7b2dc8000-7fd7b2fc8000 ---p 00001000 fe:00 2645518                    /usr/lib/libxshmfence.so.1.0.0
7fd7b2fc8000-7fd7b2fc9000 r--p 00001000 fe:00 2645518                    /usr/lib/libxshmfence.so.1.0.0
7fd7b2fc9000-7fd7b2fca000 rw-p 00002000 fe:00 2645518                    /usr/lib/libxshmfence.so.1.0.0
7fd7b2fca000-7fd7b2fcf000 r-xp 00000000 fe:00 2643171                    /usr/lib/libxcb-sync.so.1.0.0
7fd7b2fcf000-7fd7b31cf000 ---p 00005000 fe:00 2643171                    /usr/lib/libxcb-sync.so.1.0.0
7fd7b31cf000-7fd7b31d0000 r--p 00005000 fe:00 2643171                    /usr/lib/libxcb-sync.so.1.0.0
7fd7b31d0000-7fd7b31d1000 rw-p 00006000 fe:00 2643171                    /usr/lib/libxcb-sync.so.1.0.0
7fd7b31d1000-7fd7b31d4000 r-xp 00000000 fe:00 2643140                    /usr/lib/libxcb-shape.so.0.0.0
7fd7b31d4000-7fd7b33d3000 ---p 00003000 fe:00 2643140                    /usr/lib/libxcb-shape.so.0.0.0
7fd7b33d3000-7fd7b33d4000 r--p 00002000 fe:00 2643140                    /usr/lib/libxcb-shape.so.0.0.0
7fd7b33d4000-7fd7b33d5000 rw-p 00003000 fe:00 2643140                    /usr/lib/libxcb-shape.so.0.0.0
7fd7b33d5000-7fd7b33de000 r-xp 00000000 fe:00 2643125                    /usr/lib/libxcb-render.so.0.0.0
7fd7b33de000-7fd7b35dd000 ---p 00009000 fe:00 2643125                    /usr/lib/libxcb-render.so.0.0.0
7fd7b35dd000-7fd7b35de000 r--p 00008000 fe:00 2643125                    /usr/lib/libxcb-render.so.0.0.0
7fd7b35de000-7fd7b35df000 rw-p 00009000 fe:00 2643125                    /usr/lib/libxcb-render.so.0.0.0
7fd7b35df000-7fd7b35e5000 r-xp 00000000 fe:00 2643122                    /usr/lib/libxcb-xfixes.so.0.0.0
7fd7b35e5000-7fd7b37e5000 ---p 00006000 fe:00 2643122                    /usr/lib/libxcb-xfixes.so.0.0.0
7fd7b37e5000-7fd7b37e6000 r--p 00006000 fe:00 2643122                    /usr/lib/libxcb-xfixes.so.0.0.0
7fd7b37e6000-7fd7b37e7000 rw-p 00007000 fe:00 2643122                    /usr/lib/libxcb-xfixes.so.0.0.0
7fd7b37e7000-7fd7b37f4000 r-xp 00000000 fe:00 2643179                    /usr/lib/libxcb-randr.so.0.1.0
7fd7b37f4000-7fd7b39f3000 ---p 0000d000 fe:00 2643179                    /usr/lib/libxcb-randr.so.0.1.0
7fd7b39f3000-7fd7b39f4000 r--p 0000c000 fe:00 2643179                    /usr/lib/libxcb-randr.so.0.1.0
7fd7b39f4000-7fd7b39f5000 rw-p 0000d000 fe:00 2643179                    /usr/lib/libxcb-randr.so.0.1.0
7fd7b39f5000-7fd7b39f7000 r-xp 00000000 fe:00 2643158                    /usr/lib/libxcb-present.so.0.0.0
7fd7b39f7000-7fd7b3bf6000 ---p 00002000 fe:00 2643158                    /usr/lib/libxcb-present.so.0.0.0
7fd7b3bf6000-7fd7b3bf7000 r--p 00001000 fe:00 2643158                    /usr/lib/libxcb-present.so.0.0.0
7fd7b3bf7000-7fd7b3bf8000 rw-p 00002000 fe:00 2643158                    /usr/lib/libxcb-present.so.0.0.0
7fd7b3bf8000-7fd7b3bfa000 r-xp 00000000 fe:00 2643130                    /usr/lib/libxcb-dri3.so.0.0.0
7fd7b3bfa000-7fd7b3df9000 ---p 00002000 fe:00 2643130                    /usr/lib/libxcb-dri3.so.0.0.0
7fd7b3df9000-7fd7b3dfa000 r--p 00001000 fe:00 2643130                    /usr/lib/libxcb-dri3.so.0.0.0
7fd7b3dfa000-7fd7b3dfb000 rw-p 00002000 fe:00 2643130                    /usr/lib/libxcb-dri3.so.0.0.0
7fd7b3dfb000-7fd7b3dff000 r-xp 00000000 fe:00 2643155                    /usr/lib/libxcb-dri2.so.0.0.0
7fd7b3dff000-7fd7b3ffe000 ---p 00004000 fe:00 2643155                    /usr/lib/libxcb-dri2.so.0.0.0
7fd7b3ffe000-7fd7b3fff000 r--p 00003000 fe:00 2643155                    /usr/lib/libxcb-dri2.so.0.0.0
7fd7b3fff000-7fd7b4000000 rw-p 00004000 fe:00 2643155                    /usr/lib/libxcb-dri2.so.0.0.0
7fd7b4000000-7fd7b4021000 rw-p 00000000 00:00 0 
7fd7b4021000-7fd7b8000000 ---p 00000000 00:00 0 
7fd7b8000000-7fd7b8058000 rw-p 00000000 00:00 0 
7fd7b8058000-7fd7bc000000 ---p 00000000 00:00 0 
7fd7bc000000-7fd7bc255000 rw-p 00000000 00:00 0 
7fd7bc255000-7fd7c0000000 ---p 00000000 00:00 0 
7fd7c0000000-7fd7c0021000 rw-p 00000000 00:00 0 
7fd7c0021000-7fd7c4000000 ---p 00000000 00:00 0 
7fd7c4000000-7fd7c436e000 rw-p 00000000 00:00 0 
7fd7c436e000-7fd7c8000000 ---p 00000000 00:00 0 
7fd7c8000000-7fd7c8245000 rw-p 00000000 00:00 0 
7fd7c8245000-7fd7cc000000 ---p 00000000 00:00 0 
7fd7cc000000-7fd7cc021000 rw-p 00000000 00:00 0 
7fd7cc021000-7fd7d0000000 ---p 00000000 00:00 0 
7fd7d0000000-7fd7d0117000 rw-p 00000000 00:00 0 
7fd7d0117000-7fd7d4000000 ---p 00000000 00:00 0 
7fd7d4000000-7fd7d4021000 rw-p 00000000 00:00 0 
7fd7d4021000-7fd7d8000000 ---p 00000000 00:00 0 
7fd7d8000000-7fd7d8021000 rw-p 00000000 00:00 0 
7fd7d8021000-7fd7dc000000 ---p 00000000 00:00 0 
7fd7dc000000-7fd7dc021000 rw-p 00000000 00:00 0 
7fd7dc021000-7fd7e0000000 ---p 00000000 00:00 0 
7fd7e0076000-7fd7e0086000 r-xp 00000000 fe:00 2655815                    /usr/lib/libudev.so.1.6.2
7fd7e0086000-7fd7e0087000 r--p 0000f000 fe:00 2655815                    /usr/lib/libudev.so.1.6.2
7fd7e0087000-7fd7e0088000 rw-p 00010000 fe:00 2655815                    /usr/lib/libudev.so.1.6.2
7fd7e0088000-7fd7e008b000 ---p 00000000 00:00 0 
7fd7e008b000-7fd7e0189000 rw-p 00000000 00:00 0                          [stack:3157]
7fd7e0189000-7fd7e0195000 r-xp 00000000 fe:00 2633439                    /usr/lib/libnss_myhostname.so.2
7fd7e0195000-7fd7e0196000 ---p 0000c000 fe:00 2633439                    /usr/lib/libnss_myhostname.so.2
7fd7e0196000-7fd7e0198000 r--p 0000c000 fe:00 2633439                    /usr/lib/libnss_myhostname.so.2
7fd7e0198000-7fd7e0199000 rw-p 0000e000 fe:00 2633439                    /usr/lib/libnss_myhostname.so.2
7fd7e0199000-7fd7e01b0000 r-xp 00000000 fe:00 2643129                    /usr/lib/libxcb-glx.so.0.0.0
7fd7e01b0000-7fd7e03b0000 ---p 00017000 fe:00 2643129                    /usr/lib/libxcb-glx.so.0.0.0
7fd7e03b0000-7fd7e03b2000 r--p 00017000 fe:00 2643129                    /usr/lib/libxcb-glx.so.0.0.0
7fd7e03b2000-7fd7e03b3000 rw-p 00019000 fe:00 2643129                    /usr/lib/libxcb-glx.so.0.0.0
7fd7e03b3000-7fd7e03b4000 r-xp 00000000 fe:00 2643225                    /usr/lib/libX11-xcb.so.1.0.0
7fd7e03b4000-7fd7e05b3000 ---p 00001000 fe:00 2643225                    /usr/lib/libX11-xcb.so.1.0.0
7fd7e05b3000-7fd7e05b4000 r--p 00000000 fe:00 2643225                    /usr/lib/libX11-xcb.so.1.0.0
7fd7e05b4000-7fd7e05b5000 rw-p 00001000 fe:00 2643225                    /usr/lib/libX11-xcb.so.1.0.0
7fd7e05b5000-7fd7e05ba000 r-xp 00000000 fe:00 2644195                    /usr/lib/libXfixes.so.3.1.0
7fd7e05ba000-7fd7e07b9000 ---p 00005000 fe:00 2644195                    /usr/lib/libXfixes.so.3.1.0
7fd7e07b9000-7fd7e07ba000 r--p 00004000 fe:00 2644195                    /usr/lib/libXfixes.so.3.1.0
7fd7e07ba000-7fd7e07bb000 rw-p 00005000 fe:00 2644195                    /usr/lib/libXfixes.so.3.1.0
7fd7e07bb000-7fd7e07bd000 r-xp 00000000 fe:00 2645591                    /usr/lib/libXdamage.so.1.1.0
7fd7e07bd000-7fd7e09bc000 ---p 00002000 fe:00 2645591                    /usr/lib/libXdamage.so.1.1.0
7fd7e09bc000-7fd7e09bd000 r--p 00001000 fe:00 2645591                    /usr/lib/libXdamage.so.1.1.0
7fd7e09bd000-7fd7e09be000 rw-p 00002000 fe:00 2645591                    /usr/lib/libXdamage.so.1.1.0
7fd7e09be000-7fd7e09cf000 r-xp 00000000 fe:00 2644111                    /usr/lib/libXext.so.6.4.0
7fd7e09cf000-7fd7e0bce000 ---p 00011000 fe:00 2644111                    /usr/lib/libXext.so.6.4.0
7fd7e0bce000-7fd7e0bcf000 r--p 00010000 fe:00 2644111                    /usr/lib/libXext.so.6.4.0
7fd7e0bcf000-7fd7e0bd0000 rw-p 00011000 fe:00 2644111                    /usr/lib/libXext.so.6.4.0
7fd7e0bd0000-7fd7e0bf6000 r-xp 00000000 fe:00 2649644                    /usr/lib/libglapi.so.0.0.0
7fd7e0bf6000-7fd7e0df6000 ---p 00026000 fe:00 2649644                    /usr/lib/libglapi.so.0.0.0
7fd7e0df6000-7fd7e0df9000 r--p 00026000 fe:00 2649644                    /usr/lib/libglapi.so.0.0.0
7fd7e0df9000-7fd7e0dfa000 rw-p 00029000 fe:00 2649644                    /usr/lib/libglapi.so.0.0.0
7fd7e0dfa000-7fd7e0dfb000 rw-p 00000000 00:00 0 
7fd7e0dfb000-7fd7e0e22000 r-xp 00000000 fe:00 2631998                    /usr/lib/libexpat.so.1.6.0
7fd7e0e22000-7fd7e1021000 ---p 00027000 fe:00 2631998                    /usr/lib/libexpat.so.1.6.0
7fd7e1021000-7fd7e1024000 r--p 00026000 fe:00 2631998                    /usr/lib/libexpat.so.1.6.0
7fd7e1024000-7fd7e1025000 rw-p 00029000 fe:00 2631998                    /usr/lib/libexpat.so.1.6.0
7fd7e1025000-7fd7e1046000 r-xp 00000000 fe:00 2643143                    /usr/lib/libxcb.so.1.1.0
7fd7e1046000-7fd7e1245000 ---p 00021000 fe:00 2643143                    /usr/lib/libxcb.so.1.1.0
7fd7e1245000-7fd7e1246000 r--p 00020000 fe:00 2643143                    /usr/lib/libxcb.so.1.1.0
7fd7e1246000-7fd7e1247000 rw-p 00021000 fe:00 2643143                    /usr/lib/libxcb.so.1.1.0
7fd7e1247000-7fd7e1251000 r-xp 00000000 fe:00 2645985                    /usr/lib/libXcursor.so.1.0.2
7fd7e1251000-7fd7e1450000 ---p 0000a000 fe:00 2645985                    /usr/lib/libXcursor.so.1.0.2
7fd7e1450000-7fd7e1451000 r--p 00009000 fe:00 2645985                    /usr/lib/libXcursor.so.1.0.2
7fd7e1451000-7fd7e1452000 rw-p 0000a000 fe:00 2645985                    /usr/lib/libXcursor.so.1.0.2
7fd7e1452000-7fd7e1454000 r-xp 00000000 fe:00 2645987                    /usr/lib/libXinerama.so.1.0.0
7fd7e1454000-7fd7e1653000 ---p 00002000 fe:00 2645987                    /usr/lib/libXinerama.so.1.0.0
7fd7e1653000-7fd7e1654000 r--p 00001000 fe:00 2645987                    /usr/lib/libXinerama.so.1.0.0
7fd7e1654000-7fd7e1655000 rw-p 00002000 fe:00 2645987                    /usr/lib/libXinerama.so.1.0.0
7fd7e1655000-7fd7e165a000 r-xp 00000000 fe:00 2645576                    /usr/lib/libXxf86vm.so.1.0.0
7fd7e165a000-7fd7e1859000 ---p 00005000 fe:00 2645576                    /usr/lib/libXxf86vm.so.1.0.0
7fd7e1859000-7fd7e185a000 r--p 00004000 fe:00 2645576                    /usr/lib/libXxf86vm.so.1.0.0
7fd7e185a000-7fd7e185b000 rw-p 00005000 fe:00 2645576                    /usr/lib/libXxf86vm.so.1.0.0
7fd7e185b000-7fd7e1864000 r-xp 00000000 fe:00 2645997                    /usr/lib/libXrandr.so.2.2.0
7fd7e1864000-7fd7e1a63000 ---p 00009000 fe:00 2645997                    /usr/lib/libXrandr.so.2.2.0
7fd7e1a63000-7fd7e1a64000 r--p 00008000 fe:00 2645997                    /usr/lib/libXrandr.so.2.2.0
7fd7e1a64000-7fd7e1a65000 rw-p 00009000 fe:00 2645997                    /usr/lib/libXrandr.so.2.2.0
7fd7e1a65000-7fd7e1a74000 r-xp 00000000 fe:00 2644191                    /usr/lib/libXi.so.6.1.0
7fd7e1a74000-7fd7e1c74000 ---p 0000f000 fe:00 2644191                    /usr/lib/libXi.so.6.1.0
7fd7e1c74000-7fd7e1c75000 r--p 0000f000 fe:00 2644191                    /usr/lib/libXi.so.6.1.0
7fd7e1c75000-7fd7e1c76000 rw-p 00010000 fe:00 2644191                    /usr/lib/libXi.so.6.1.0
7fd7e1c76000-7fd7e1d0e000 r-xp 00000000 fe:00 3297220                    /usr/lib/mesa/libGL.so.1.2.0
7fd7e1d0e000-7fd7e1f0d000 ---p 00098000 fe:00 3297220                    /usr/lib/mesa/libGL.so.1.2.0
7fd7e1f0d000-7fd7e1f10000 r--p 00097000 fe:00 3297220                    /usr/lib/mesa/libGL.so.1.2.0
7fd7e1f10000-7fd7e1f11000 rw-p 0009a000 fe:00 3297220                    /usr/lib/mesa/libGL.so.1.2.0
7fd7e1f11000-7fd7e1f12000 rw-p 00000000 00:00 0 
7fd7e1f12000-7fd7e204d000 r-xp 00000000 fe:00 2643224                    /usr/lib/libX11.so.6.3.0
7fd7e204d000-7fd7e224c000 ---p 0013b000 fe:00 2643224                    /usr/lib/libX11.so.6.3.0
7fd7e224c000-7fd7e224e000 r--p 0013a000 fe:00 2643224                    /usr/lib/libX11.so.6.3.0
7fd7e224e000-7fd7e2253000 rw-p 0013c000 fe:00 2643224                    /usr/lib/libX11.so.6.3.0
7fd7e2253000-7fd7e2254000 rw-p 00000000 00:00 0 
7fd7e227e000-7fd7e2282000 r--s 00093000 fe:00 3949442                    /usr/lib/jvm/java-8-jdk/jre/lib/jsse.jar
7fd7e2282000-7fd7e2283000 rwxp 00000000 00:00 0 
7fd7e2283000-7fd7e228d000 r--s 00116000 fe:00 3949472                    /usr/lib/jvm/java-8-jdk/jre/lib/ext/localedata.jar
7fd7e228d000-7fd7e22a9000 r--s 00393000 fe:00 3949466                    /usr/lib/jvm/java-8-jdk/jre/lib/ext/cldrdata.jar
7fd7e22a9000-7fd7e231b000 r-xp 00000000 fe:02 41551762                   /home/beenotung/git/workspace/hkcc-pacman-robot/lib/lwjgl3/native/linux/x64/liblwjgl.so
7fd7e231b000-7fd7e251a000 ---p 00072000 fe:02 41551762                   /home/beenotung/git/workspace/hkcc-pacman-robot/lib/lwjgl3/native/linux/x64/liblwjgl.so
7fd7e251a000-7fd7e251b000 r--p 00071000 fe:02 41551762                   /home/beenotung/git/workspace/hkcc-pacman-robot/lib/lwjgl3/native/linux/x64/liblwjgl.so
7fd7e251b000-7fd7e251c000 rw-p 00072000 fe:02 41551762                   /home/beenotung/git/workspace/hkcc-pacman-robot/lib/lwjgl3/native/linux/x64/liblwjgl.so
7fd7e251c000-7fd7e254e000 rw-p 00000000 00:00 0 
7fd7e254e000-7fd7e2564000 r-xp 00000000 fe:00 4072527                    /usr/lib/jvm/java-8-jdk/jre/lib/amd64/libnet.so
7fd7e2564000-7fd7e2764000 ---p 00016000 fe:00 4072527                    /usr/lib/jvm/java-8-jdk/jre/lib/amd64/libnet.so
7fd7e2764000-7fd7e2765000 rw-p 00016000 fe:00 4072527                    /usr/lib/jvm/java-8-jdk/jre/lib/amd64/libnet.so
7fd7e2765000-7fd7e2768000 ---p 00000000 00:00 0 
7fd7e2768000-7fd7e2866000 rw-p 00000000 00:00 0                          [stack:3130]
7fd7e2866000-7fd7e2868000 r--s 00016000 fe:00 3939981                    /usr/share/intellijidea-ce/lib/idea_rt.jar
7fd7e2868000-7fd7e286b000 r--s 00011000 fe:02 41551757                   /home/beenotung/git/workspace/hkcc-pacman-robot/lib/lwjgl3/jar/disruptor.jar
7fd7e286b000-7fd7e287a000 r--s 0012b000 fe:02 41551758                   /home/beenotung/git/workspace/hkcc-pacman-robot/lib/lwjgl3/jar/lwjgl.jar
7fd7e287a000-7fd7e2922000 r--s 0090a000 fe:02 41551950                   /home/beenotung/git/workspace/hkcc-pacman-robot/lib/NeuroEvolution/NeuroEvolution.jar
7fd7e2922000-7fd7e29a6000 r--s 00826000 fe:02 41682275                   /home/beenotung/git/workspace/hkcc-pacman-robot/lib/myutils/myutils.jar
7fd7e29a6000-7fd7e29a8000 r--s 0000f000 fe:02 41681194                   /home/beenotung/git/workspace/hkcc-pacman-robot/lib/pi4j/pi4j-gpio-extension-sources.jar
7fd7e29a8000-7fd7e29ab000 r--s 00032000 fe:02 41681193                   /home/beenotung/git/workspace/hkcc-pacman-robot/lib/pi4j/pi4j-gpio-extension-javadoc.jar
7fd7e29ab000-7fd7e29ad000 r--s 00003000 fe:02 41681197                   /home/beenotung/git/workspace/hkcc-pacman-robot/lib/pi4j/pi4j-service-sources.jar
7fd7e29ad000-7fd7e29af000 r--s 00012000 fe:02 41681196                   /home/beenotung/git/workspace/hkcc-pacman-robot/lib/pi4j/pi4j-service-javadoc.jar
7fd7e29af000-7fd7e29b1000 r--s 00013000 fe:02 41681191                   /home/beenotung/git/workspace/hkcc-pacman-robot/lib/pi4j/pi4j-example-sources.jar
7fd7e29b1000-7fd7e29b4000 r--s 00031000 fe:02 41681190                   /home/beenotung/git/workspace/hkcc-pacman-robot/lib/pi4j/pi4j-example-javadoc.jar
7fd7e29b4000-7fd7e29b6000 r--s 00011000 fe:02 41681195                   /home/beenotung/git/workspace/hkcc-pacman-robot/lib/pi4j/pi4j-gpio-extension.jar
7fd7e29b6000-7fd7e29bc000 r--s 00033000 fe:02 41681186                   /home/beenotung/git/workspace/hkcc-pacman-robot/lib/pi4j/pi4j-device-sources.jar
7fd7e29bc000-7fd7e29cc000 r--s 00124000 fe:02 41681185                   /home/beenotung/git/workspace/hkcc-pacman-robot/lib/pi4j/pi4j-device-javadoc.jar
7fd7e29cc000-7fd7e29d1000 r--s 00038000 fe:02 41681183                   /home/beenotung/git/workspace/hkcc-pacman-robot/lib/pi4j/pi4j-core-sources.jar
7fd7e29d1000-7fd7e29db000 r--s 000d6000 fe:02 41681182                   /home/beenotung/git/workspace/hkcc-pacman-robot/lib/pi4j/pi4j-core-javadoc.jar
7fd7e29db000-7fd7e29dd000 r--s 00003000 fe:02 41681198                   /home/beenotung/git/workspace/hkcc-pacman-robot/lib/pi4j/pi4j-service.jar
7fd7e29dd000-7fd7e29e4000 r--s 0002c000 fe:02 41681189                   /home/beenotung/git/workspace/hkcc-pacman-robot/lib/pi4j/pi4j-device.jar
7fd7e29e4000-7fd7e29e9000 r--s 0002f000 fe:02 41681184                   /home/beenotung/git/workspace/hkcc-pacman-robot/lib/pi4j/pi4j-core.jar
7fd7e29e9000-7fd7e2a42000 r--s 004f6000 fe:02 41812706                   /home/beenotung/.ivy2/cache/org.scala-lang/scala-library/jars/scala-library-2.11.6.jar
7fd7e2a42000-7fd7e2a55000 r--s 000d5000 fe:00 3949455                    /usr/lib/jvm/java-8-jdk/jre/lib/plugin.jar
7fd7e2a55000-7fd7e2a68000 r--s 00344000 fe:00 3949438                    /usr/lib/jvm/java-8-jdk/jre/lib/resources.jar
7fd7e2a68000-7fd7e2a81000 r--s 001ea000 fe:00 3949441                    /usr/lib/jvm/java-8-jdk/jre/lib/deploy.jar
7fd7e2a81000-7fd7e2a82000 ---p 00000000 00:00 0 
7fd7e2a82000-7fd7e2b82000 rw-p 00000000 00:00 0                          [stack:3122]
7fd7e2b82000-7fd7e2b85000 ---p 00000000 00:00 0 
7fd7e2b85000-7fd7e2c83000 rw-p 00000000 00:00 0                          [stack:3121]
7fd7e2c83000-7fd7e2c86000 ---p 00000000 00:00 0 
7fd7e2c86000-7fd7e2d84000 rw-p 00000000 00:00 0                          [stack:3120]
7fd7e2d84000-7fd7e2d87000 ---p 00000000 00:00 0 
7fd7e2d87000-7fd7e2e85000 rw-p 00000000 00:00 0                          [stack:3119]
7fd7e2e85000-7fd7e2e88000 ---p 00000000 00:00 0 
7fd7e2e88000-7fd7e2f86000 rw-p 00000000 00:00 0                          [stack:3118]
7fd7e2f86000-7fd7e2f89000 ---p 00000000 00:00 0 
7fd7e2f89000-7fd7e3087000 rw-p 00000000 00:00 0                          [stack:3117]
7fd7e3087000-7fd7e308a000 ---p 00000000 00:00 0 
7fd7e308a000-7fd7e3188000 rw-p 00000000 00:00 0                          [stack:3116]
7fd7e3188000-7fd7e334d000 r--p 00000000 fe:00 2655801                    /usr/lib/locale/locale-archive
7fd7e334d000-7fd7e3350000 ---p 00000000 00:00 0 
7fd7e3350000-7fd7e344e000 rw-p 00000000 00:00 0                          [stack:3102]
7fd7e344e000-7fd7e3451000 ---p 00000000 00:00 0 
7fd7e3451000-7fd7e354f000 rw-p 00000000 00:00 0                          [stack:3101]
7fd7e354f000-7fd7e3550000 ---p 00000000 00:00 0 
7fd7e3550000-7fd7ec000000 rw-p 00000000 00:00 0                          [stack:3100]
7fd7ec000000-7fd7ec021000 rw-p 00000000 00:00 0 
7fd7ec021000-7fd7f0000000 ---p 00000000 00:00 0 
7fd7f0000000-7fd7f0021000 rw-p 00000000 00:00 0 
7fd7f0021000-7fd7f4000000 ---p 00000000 00:00 0 
7fd7f4000000-7fd7f4021000 rw-p 00000000 00:00 0 
7fd7f4021000-7fd7f8000000 ---p 00000000 00:00 0 
7fd7f8000000-7fd7f8021000 rw-p 00000000 00:00 0 
7fd7f8021000-7fd7fc000000 ---p 00000000 00:00 0 
7fd7fc000000-7fd7fc021000 rw-p 00000000 00:00 0 
7fd7fc021000-7fd800000000 ---p 00000000 00:00 0 
7fd800000000-7fd800021000 rw-p 00000000 00:00 0 
7fd800021000-7fd804000000 ---p 00000000 00:00 0 
7fd804000000-7fd804021000 rw-p 00000000 00:00 0 
7fd804021000-7fd808000000 ---p 00000000 00:00 0 
7fd808000000-7fd808021000 rw-p 00000000 00:00 0 
7fd808021000-7fd80c000000 ---p 00000000 00:00 0 
7fd80c000000-7fd80c003000 r--s 00018000 fe:02 41681192                   /home/beenotung/git/workspace/hkcc-pacman-robot/lib/pi4j/pi4j-example.jar
7fd80c003000-7fd80c009000 r--s 00036000 fe:02 41681180                   /home/beenotung/git/workspace/hkcc-pacman-robot/lib/pi4j/junit.jar
7fd80c009000-7fd80c00d000 r--s 00093000 fe:00 3949442                    /usr/lib/jvm/java-8-jdk/jre/lib/jsse.jar
7fd80c00d000-7fd80c012000 r--s 00084000 fe:00 3949445                    /usr/lib/jvm/java-8-jdk/jre/lib/jfr.jar
7fd80c012000-7fd80c01c000 r--s 00069000 fe:00 3949459                    /usr/lib/jvm/java-8-jdk/jre/lib/javaws.jar
7fd80c01c000-7fd80ce2a000 rw-p 00000000 00:00 0 
7fd80ce2a000-7fd80d000000 r--s 03caa000 fe:00 3949446                    /usr/lib/jvm/java-8-jdk/jre/lib/rt.jar
7fd80d000000-7fd80d2a0000 rwxp 00000000 00:00 0 
7fd80d2a0000-7fd81c000000 ---p 00000000 00:00 0 
7fd81c000000-7fd81c522000 rw-p 00000000 00:00 0 
7fd81c522000-7fd820000000 ---p 00000000 00:00 0 
7fd820000000-7fd820002000 r--s 0001a000 fe:00 3949452                    /usr/lib/jvm/java-8-jdk/jre/lib/jce.jar
7fd820002000-7fd820004000 r--s 00007000 fe:00 3949435                    /usr/lib/jvm/java-8-jdk/jre/lib/jfxswt.jar
7fd820004000-7fd82122c000 rw-p 00000000 00:00 0 
7fd82122c000-7fd82122d000 ---p 00000000 00:00 0 
7fd82122d000-7fd82132d000 rw-p 00000000 00:00 0                          [stack:3099]
7fd82132d000-7fd82132e000 ---p 00000000 00:00 0 
7fd82132e000-7fd82142e000 rw-p 00000000 00:00 0                          [stack:3098]
7fd82142e000-7fd82142f000 ---p 00000000 00:00 0 
7fd82142f000-7fd82152f000 rw-p 00000000 00:00 0                          [stack:3097]
7fd82152f000-7fd821530000 ---p 00000000 00:00 0 
7fd821530000-7fd821630000 rw-p 00000000 00:00 0                          [stack:3096]
7fd821630000-7fd821631000 ---p 00000000 00:00 0 
7fd821631000-7fd821731000 rw-p 00000000 00:00 0                          [stack:3095]
7fd821731000-7fd821732000 ---p 00000000 00:00 0 
7fd821732000-7fd821832000 rw-p 00000000 00:00 0                          [stack:3094]
7fd821832000-7fd821833000 ---p 00000000 00:00 0 
7fd821833000-7fd821933000 rw-p 00000000 00:00 0                          [stack:3093]
7fd821933000-7fd821934000 ---p 00000000 00:00 0 
7fd821934000-7fd821a88000 rw-p 00000000 00:00 0                          [stack:3092]
7fd821a88000-7fd821f6b000 ---p 00000000 00:00 0 
7fd821f6b000-7fd821fbf000 rw-p 00000000 00:00 0 
7fd821fbf000-7fd8224a1000 ---p 00000000 00:00 0 
7fd8224a1000-7fd8224cc000 rw-p 00000000 00:00 0 
7fd8224cc000-7fd82273d000 ---p 00000000 00:00 0 
7fd82273d000-7fd822749000 rw-p 00000000 00:00 0 
7fd822749000-7fd822afe000 ---p 00000000 00:00 0 
7fd822afe000-7fd822b18000 r-xp 00000000 fe:00 4072537                    /usr/lib/jvm/java-8-jdk/jre/lib/amd64/libzip.so
7fd822b18000-7fd822d18000 ---p 0001a000 fe:00 4072537                    /usr/lib/jvm/java-8-jdk/jre/lib/amd64/libzip.so
7fd822d18000-7fd822d19000 rw-p 0001a000 fe:00 4072537                    /usr/lib/jvm/java-8-jdk/jre/lib/amd64/libzip.so
7fd822d19000-7fd822d24000 r-xp 00000000 fe:00 2624626                    /usr/lib/libnss_files-2.21.so
7fd822d24000-7fd822f24000 ---p 0000b000 fe:00 2624626                    /usr/lib/libnss_files-2.21.so
7fd822f24000-7fd822f25000 r--p 0000b000 fe:00 2624626                    /usr/lib/libnss_files-2.21.so
7fd822f25000-7fd822f26000 rw-p 0000c000 fe:00 2624626                    /usr/lib/libnss_files-2.21.so
7fd822f26000-7fd822f50000 r-xp 00000000 fe:00 4072557                    /usr/lib/jvm/java-8-jdk/jre/lib/amd64/libjava.so
7fd822f50000-7fd823150000 ---p 0002a000 fe:00 4072557                    /usr/lib/jvm/java-8-jdk/jre/lib/amd64/libjava.so
7fd823150000-7fd823152000 rw-p 0002a000 fe:00 4072557                    /usr/lib/jvm/java-8-jdk/jre/lib/amd64/libjava.so
7fd823152000-7fd82315f000 r-xp 00000000 fe:00 4072544                    /usr/lib/jvm/java-8-jdk/jre/lib/amd64/libverify.so
7fd82315f000-7fd82335f000 ---p 0000d000 fe:00 4072544                    /usr/lib/jvm/java-8-jdk/jre/lib/amd64/libverify.so
7fd82335f000-7fd823361000 rw-p 0000d000 fe:00 4072544                    /usr/lib/jvm/java-8-jdk/jre/lib/amd64/libverify.so
7fd823361000-7fd823368000 r-xp 00000000 fe:00 2624673                    /usr/lib/librt-2.21.so
7fd823368000-7fd823567000 ---p 00007000 fe:00 2624673                    /usr/lib/librt-2.21.so
7fd823567000-7fd823568000 r--p 00006000 fe:00 2624673                    /usr/lib/librt-2.21.so
7fd823568000-7fd823569000 rw-p 00007000 fe:00 2624673                    /usr/lib/librt-2.21.so
7fd823569000-7fd82366c000 r-xp 00000000 fe:00 2624701                    /usr/lib/libm-2.21.so
7fd82366c000-7fd82386c000 ---p 00103000 fe:00 2624701                    /usr/lib/libm-2.21.so
7fd82386c000-7fd82386d000 r--p 00103000 fe:00 2624701                    /usr/lib/libm-2.21.so
7fd82386d000-7fd82386e000 rw-p 00104000 fe:00 2624701                    /usr/lib/libm-2.21.so
7fd82386e000-7fd8244db000 r-xp 00000000 fe:00 4460819                    /usr/lib/jvm/java-8-jdk/jre/lib/amd64/server/libjvm.so
7fd8244db000-7fd8246da000 ---p 00c6d000 fe:00 4460819                    /usr/lib/jvm/java-8-jdk/jre/lib/amd64/server/libjvm.so
7fd8246da000-7fd8247b0000 rw-p 00c6c000 fe:00 4460819                    /usr/lib/jvm/java-8-jdk/jre/lib/amd64/server/libjvm.so
7fd8247b0000-7fd8247f3000 rw-p 00000000 00:00 0 
7fd8247f3000-7fd82498c000 r-xp 00000000 fe:00 2624641                    /usr/lib/libc-2.21.so
7fd82498c000-7fd824b8c000 ---p 00199000 fe:00 2624641                    /usr/lib/libc-2.21.so
7fd824b8c000-7fd824b90000 r--p 00199000 fe:00 2624641                    /usr/lib/libc-2.21.so
7fd824b90000-7fd824b92000 rw-p 0019d000 fe:00 2624641                    /usr/lib/libc-2.21.so
7fd824b92000-7fd824b96000 rw-p 00000000 00:00 0 
7fd824b96000-7fd824b98000 r-xp 00000000 fe:00 2624682                    /usr/lib/libdl-2.21.so
7fd824b98000-7fd824d98000 ---p 00002000 fe:00 2624682                    /usr/lib/libdl-2.21.so
7fd824d98000-7fd824d99000 r--p 00002000 fe:00 2624682                    /usr/lib/libdl-2.21.so
7fd824d99000-7fd824d9a000 rw-p 00003000 fe:00 2624682                    /usr/lib/libdl-2.21.so
7fd824d9a000-7fd824daf000 r-xp 00000000 fe:00 4460811                    /usr/lib/jvm/java-8-jdk/jre/lib/amd64/jli/libjli.so
7fd824daf000-7fd824fae000 ---p 00015000 fe:00 4460811                    /usr/lib/jvm/java-8-jdk/jre/lib/amd64/jli/libjli.so
7fd824fae000-7fd824faf000 rw-p 00014000 fe:00 4460811                    /usr/lib/jvm/java-8-jdk/jre/lib/amd64/jli/libjli.so
7fd824faf000-7fd824fc7000 r-xp 00000000 fe:00 2624671                    /usr/lib/libpthread-2.21.so
7fd824fc7000-7fd8251c6000 ---p 00018000 fe:00 2624671                    /usr/lib/libpthread-2.21.so
7fd8251c6000-7fd8251c7000 r--p 00017000 fe:00 2624671                    /usr/lib/libpthread-2.21.so
7fd8251c7000-7fd8251c8000 rw-p 00018000 fe:00 2624671                    /usr/lib/libpthread-2.21.so
7fd8251c8000-7fd8251cc000 rw-p 00000000 00:00 0 
7fd8251cc000-7fd8251ee000 r-xp 00000000 fe:00 2624696                    /usr/lib/ld-2.21.so
7fd8251ef000-7fd8251f4000 r--s 002f8000 fe:00 3949453                    /usr/lib/jvm/java-8-jdk/jre/lib/charsets.jar
7fd8251f4000-7fd825292000 rw-p 00000000 00:00 0 
7fd825292000-7fd825295000 ---p 00000000 00:00 0 
7fd825295000-7fd825397000 rw-p 00000000 00:00 0                          [stack:3091]
7fd825397000-7fd825398000 rwxp 00000000 00:00 0 
7fd825398000-7fd825399000 r--s 00000000 fe:00 3949449                    /usr/lib/jvm/java-8-jdk/jre/lib/management-agent.jar
7fd825399000-7fd8253e2000 rw-p 00000000 00:00 0 
7fd8253e2000-7fd8253ea000 rw-s 00000000 00:1f 77756                      /tmp/hsperfdata_beenotung/3089
7fd8253ea000-7fd8253eb000 rw-p 00000000 00:00 0 
7fd8253eb000-7fd8253ec000 r--p 00000000 00:00 0 
7fd8253ec000-7fd8253ed000 rw-p 00000000 00:00 0 
7fd8253ed000-7fd8253ee000 r--p 00021000 fe:00 2624696                    /usr/lib/ld-2.21.so
7fd8253ee000-7fd8253ef000 rw-p 00022000 fe:00 2624696                    /usr/lib/ld-2.21.so
7fd8253ef000-7fd8253f0000 rw-p 00000000 00:00 0 
7ffe03f58000-7ffe03f7a000 rw-p 00000000 00:00 0                          [stack]
7ffe03fa9000-7ffe03fab000 r--p 00000000 00:00 0                          [vvar]
7ffe03fab000-7ffe03fad000 r-xp 00000000 00:00 0                          [vdso]
ffffffffff600000-ffffffffff601000 r-xp 00000000 00:00 0                  [vsyscall]

VM Arguments:
jvm_args: -Djava.library.path=/home/beenotung/git/workspace/hkcc-pacman-robot/lib/lwjgl3/native/linux/x64:/home/beenotung/git/workspace/hkcc-pacman-robot/lib/lwjgl3/native/linux/x86:/home/beenotung/git/workspace/hkcc-pacman-robot/lib/lwjgl3/native/macosx/x64:/home/beenotung/git/workspace/hkcc-pacman-robot/lib/lwjgl3/native/windows/x64:/home/beenotung/git/workspace/hkcc-pacman-robot/lib/lwjgl3/native/windows/x86 -Didea.launcher.port=7533 -Didea.launcher.bin.path=/usr/share/intellijidea-ce/bin -Dfile.encoding=UTF-8 
java_command: com.intellij.rt.execution.application.AppMain edu.hkcc.pacmanrobot.launcher.MiniMapLauncher
java_class_path (initial): /usr/lib/jvm/default/jre/lib/management-agent.jar:/usr/lib/jvm/default/jre/lib/rt.jar:/usr/lib/jvm/default/jre/lib/charsets.jar:/usr/lib/jvm/default/jre/lib/jfxswt.jar:/usr/lib/jvm/default/jre/lib/javaws.jar:/usr/lib/jvm/default/jre/lib/deploy.jar:/usr/lib/jvm/default/jre/lib/resources.jar:/usr/lib/jvm/default/jre/lib/plugin.jar:/usr/lib/jvm/default/jre/lib/jfr.jar:/usr/lib/jvm/default/jre/lib/jsse.jar:/usr/lib/jvm/default/jre/lib/jce.jar:/usr/lib/jvm/default/jre/lib/ext/jfxrt.jar:/usr/lib/jvm/default/jre/lib/ext/sunpkcs11.jar:/usr/lib/jvm/default/jre/lib/ext/nashorn.jar:/usr/lib/jvm/default/jre/lib/ext/sunjce_provider.jar:/usr/lib/jvm/default/jre/lib/ext/cldrdata.jar:/usr/lib/jvm/default/jre/lib/ext/sunec.jar:/usr/lib/jvm/default/jre/lib/ext/dnsns.jar:/usr/lib/jvm/default/jre/lib/ext/localedata.jar:/usr/lib/jvm/default/jre/lib/ext/zipfs.jar:/home/beenotung/git/workspace/hkcc-pacman-robot/target/scala-2.11/classes:/home/beenotung/.ivy2/cache/org.scala-lang/scala-library/jars/scala-library-2.11.6.jar:/home/beenotung/git/workspace/hkcc-pacman-robot/lib/pi4j/junit.jar:/home/beenotung/git/workspace/hkcc-pacman-robot/lib/pi4j/pi4j-core.jar:/home/beenotung/git/workspace/hkcc-pacman-robot/lib/pi4j/pi4j-device.jar:/home/beenotung/git/workspace/hkcc-pacman-robot/lib/pi4j/pi4j-example.jar:/home/beenotung/git/workspace/hkcc-pacman-robot/lib/pi4j/pi4j-service.jar:/home/beenotung/git/workspace/hkcc-pacman-robot/lib/pi4j/pi4j-core-javadoc.jar:/home/beenotung/git/workspace/hkcc-pacman-robot/lib/pi4j/pi4j-core-sources.jar:/home/beenotung/git/workspace/hkcc-pacman-robot/lib/pi4j/pi4j-device-javadoc.jar:/home/beenotung/git/workspace/hkcc-pacman-robot/lib/pi4j/pi4j-device-sources.jar:/home/beenotung/git/workspace/hkcc-pacman-robot/lib/pi4j/pi4j-gpio-extension.jar:/home/beenotung/git/workspace/hkcc-pacman-robot/lib/pi4j/pi4j-example-javadoc.jar:/home/beenotung/git/workspace/hkcc-pacman-robot/lib/pi4j/pi4j-example-sources.jar:/home/beenotung/git/workspace/hk
Launcher Type: SUN_STANDARD

Environment Variables:
PATH=/usr/games:/home/beenotung/bin:/usr/local/sbin:/usr/local/bin:/usr/bin:/opt/android-sdk/tools:/usr/lib/jvm/default/bin:/usr/bin/site_perl:/usr/bin/vendor_perl:/usr/bin/core_perl
USERNAME=beenotung
LD_LIBRARY_PATH=.:
SHELL=/bin/bash
DISPLAY=:1

Signal Handlers:
SIGSEGV: [libjvm.so+0xa79a80], sa_mask[0]=11111111011111111101111111111110, sa_flags=SA_RESTART|SA_SIGINFO
SIGBUS: [libjvm.so+0xa79a80], sa_mask[0]=11111111011111111101111111111110, sa_flags=SA_RESTART|SA_SIGINFO
SIGFPE: [libjvm.so+0x8e24e0], sa_mask[0]=11111111011111111101111111111110, sa_flags=SA_RESTART|SA_SIGINFO
SIGPIPE: [libjvm.so+0x8e24e0], sa_mask[0]=11111111011111111101111111111110, sa_flags=SA_RESTART|SA_SIGINFO
SIGXFSZ: [libjvm.so+0x8e24e0], sa_mask[0]=11111111011111111101111111111110, sa_flags=SA_RESTART|SA_SIGINFO
SIGILL: [libjvm.so+0x8e24e0], sa_mask[0]=11111111011111111101111111111110, sa_flags=SA_RESTART|SA_SIGINFO
SIGUSR1: SIG_DFL, sa_mask[0]=00000000000000000000000000000000, sa_flags=none
SIGUSR2: [libjvm.so+0x8e3d10], sa_mask[0]=00100000000000000000000000000000, sa_flags=SA_RESTART|SA_SIGINFO
SIGHUP: [libjvm.so+0x8e50d0], sa_mask[0]=11111111011111111101111111111110, sa_flags=SA_RESTART|SA_SIGINFO
SIGINT: [libjvm.so+0x8e50d0], sa_mask[0]=11111111011111111101111111111110, sa_flags=SA_RESTART|SA_SIGINFO
SIGTERM: [libjvm.so+0x8e50d0], sa_mask[0]=11111111011111111101111111111110, sa_flags=SA_RESTART|SA_SIGINFO
SIGQUIT: [libjvm.so+0x8e50d0], sa_mask[0]=11111111011111111101111111111110, sa_flags=SA_RESTART|SA_SIGINFO


---------------  S Y S T E M  ---------------

OS:LSB_VERSION=1.4
DISTRIB_ID=Arch
DISTRIB_RELEASE=rolling
DISTRIB_DESCRIPTION="Arch Linux"

uname:Linux 3.19.3-3-ARCH #1 SMP PREEMPT Wed Apr 8 14:10:00 CEST 2015 x86_64
libc:glibc 2.21 NPTL 2.21 
rlimit: STACK 8192k, CORE 0k, NPROC 64015, NOFILE 4096, AS infinity
load average:1.42 1.63 1.14

/proc/meminfo:
MemTotal:       16398448 kB
MemFree:        11633520 kB
MemAvailable:   12910932 kB
Buffers:          143112 kB
Cached:          1262420 kB
SwapCached:            0 kB
Active:          3648708 kB
Inactive:         749712 kB
Active(anon):    2994852 kB
Inactive(anon):    21968 kB
Active(file):     653856 kB
Inactive(file):   727744 kB
Unevictable:         532 kB
Mlocked:             532 kB
SwapTotal:             0 kB
SwapFree:              0 kB
Dirty:              1512 kB
Writeback:             0 kB
AnonPages:       2993644 kB
Mapped:           408144 kB
Shmem:             23944 kB
Slab:             174448 kB
SReclaimable:     129492 kB
SUnreclaim:        44956 kB
KernelStack:       14544 kB
PageTables:        62632 kB
NFS_Unstable:          0 kB
Bounce:                0 kB
WritebackTmp:          0 kB
CommitLimit:     8199224 kB
Committed_AS:    8973448 kB
VmallocTotal:   34359738367 kB
VmallocUsed:      155616 kB
VmallocChunk:   34359457036 kB
HardwareCorrupted:     0 kB
AnonHugePages:    567296 kB
HugePages_Total:       0
HugePages_Free:        0
HugePages_Rsvd:        0
HugePages_Surp:        0
Hugepagesize:       2048 kB
DirectMap4k:      159292 kB
DirectMap2M:    16578560 kB


CPU:total 8 (4 cores per cpu, 2 threads per core) family 6 model 58 stepping 9, cmov, cx8, fxsr, mmx, sse, sse2, sse3, ssse3, sse4.1, sse4.2, popcnt, avx, aes, clmul, erms, ht, tsc, tscinvbit, tscinv

/proc/cpuinfo:
processor	: 0
vendor_id	: GenuineIntel
cpu family	: 6
model		: 58
model name	: Intel(R) Xeon(R) CPU E3-1230 V2 @ 3.30GHz
stepping	: 9
microcode	: 0x12
cpu MHz		: 3530.613
cache size	: 8192 KB
physical id	: 0
siblings	: 8
core id		: 0
cpu cores	: 4
apicid		: 0
initial apicid	: 0
fpu		: yes
fpu_exception	: yes
cpuid level	: 13
wp		: yes
flags		: fpu vme de pse tsc msr pae mce cx8 apic sep mtrr pge mca cmov pat pse36 clflush dts acpi mmx fxsr sse sse2 ss ht tm pbe syscall nx rdtscp lm constant_tsc arch_perfmon pebs bts rep_good nopl xtopology nonstop_tsc aperfmperf eagerfpu pni pclmulqdq dtes64 monitor ds_cpl vmx smx est tm2 ssse3 cx16 xtpr pdcm pcid sse4_1 sse4_2 x2apic popcnt tsc_deadline_timer aes xsave avx f16c rdrand lahf_lm ida arat epb pln pts dtherm tpr_shadow vnmi flexpriority ept vpid fsgsbase smep erms xsaveopt
bugs		:
bogomips	: 6587.39
clflush size	: 64
cache_alignment	: 64
address sizes	: 36 bits physical, 48 bits virtual
power management:

processor	: 1
vendor_id	: GenuineIntel
cpu family	: 6
model		: 58
model name	: Intel(R) Xeon(R) CPU E3-1230 V2 @ 3.30GHz
stepping	: 9
microcode	: 0x12
cpu MHz		: 3567.867
cache size	: 8192 KB
physical id	: 0
siblings	: 8
core id		: 1
cpu cores	: 4
apicid		: 2
initial apicid	: 2
fpu		: yes
fpu_exception	: yes
cpuid level	: 13
wp		: yes
flags		: fpu vme de pse tsc msr pae mce cx8 apic sep mtrr pge mca cmov pat pse36 clflush dts acpi mmx fxsr sse sse2 ss ht tm pbe syscall nx rdtscp lm constant_tsc arch_perfmon pebs bts rep_good nopl xtopology nonstop_tsc aperfmperf eagerfpu pni pclmulqdq dtes64 monitor ds_cpl vmx smx est tm2 ssse3 cx16 xtpr pdcm pcid sse4_1 sse4_2 x2apic popcnt tsc_deadline_timer aes xsave avx f16c rdrand lahf_lm ida arat epb pln pts dtherm tpr_shadow vnmi flexpriority ept vpid fsgsbase smep erms xsaveopt
bugs		:
bogomips	: 6587.39
clflush size	: 64
cache_alignment	: 64
address sizes	: 36 bits physical, 48 bits virtual
power management:

processor	: 2
vendor_id	: GenuineIntel
cpu family	: 6
model		: 58
model name	: Intel(R) Xeon(R) CPU E3-1230 V2 @ 3.30GHz
stepping	: 9
microcode	: 0x12
cpu MHz		: 3500.320
cache size	: 8192 KB
physical id	: 0
siblings	: 8
core id		: 2
cpu cores	: 4
apicid		: 4
initial apicid	: 4
fpu		: yes
fpu_exception	: yes
cpuid level	: 13
wp		: yes
flags		: fpu vme de pse tsc msr pae mce cx8 apic sep mtrr pge mca cmov pat pse36 clflush dts acpi mmx fxsr sse sse2 ss ht tm pbe syscall nx rdtscp lm constant_tsc arch_perfmon pebs bts rep_good nopl xtopology nonstop_tsc aperfmperf eagerfpu pni pclmulqdq dtes64 monitor ds_cpl vmx smx est tm2 ssse3 cx16 xtpr pdcm pcid sse4_1 sse4_2 x2apic popcnt tsc_deadline_timer aes xsave avx f16c rdrand lahf_lm ida arat epb pln pts dtherm tpr_shadow vnmi flexpriority ept vpid fsgsbase smep erms xsaveopt
bugs		:
bogomips	: 6587.39
clflush size	: 64
cache_alignment	: 64
address sizes	: 36 bits physical, 48 bits virtual
power management:

processor	: 3
vendor_id	: GenuineIntel
cpu family	: 6
model		: 58
model name	: Intel(R) Xeon(R) CPU E3-1230 V2 @ 3.30GHz
stepping	: 9
microcode	: 0x12
cpu MHz		: 3525.714
cache size	: 8192 KB
physical id	: 0
siblings	: 8
core id		: 3
cpu cores	: 4
apicid		: 6
initial apicid	: 6
fpu		: yes
fpu_exception	: yes
cpuid level	: 13
wp		: yes
flags		: fpu vme de pse tsc msr pae mce cx8 apic sep mtrr pge mca cmov pat pse36 clflush dts acpi mmx fxsr sse sse2 ss ht tm pbe syscall nx rdtscp lm constant_tsc arch_perfmon pebs bts rep_good nopl xtopology nonstop_tsc aperfmperf eagerfpu pni pclmulqdq dtes64 monitor ds_cpl vmx smx est tm2 ssse3 cx16 xtpr pdcm pcid sse4_1 sse4_2 x2apic popcnt tsc_deadline_timer aes xsave avx f16c rdrand lahf_lm ida arat epb pln pts dtherm tpr_shadow vnmi flexpriority ept vpid fsgsbase smep erms xsaveopt
bugs		:
bogomips	: 6587.39
clflush size	: 64
cache_alignment	: 64
address sizes	: 36 bits physical, 48 bits virtual
power management:

processor	: 4
vendor_id	: GenuineIntel
cpu family	: 6
model		: 58
model name	: Intel(R) Xeon(R) CPU E3-1230 V2 @ 3.30GHz
stepping	: 9
microcode	: 0x12
cpu MHz		: 3524.039
cache size	: 8192 KB
physical id	: 0
siblings	: 8
core id		: 0
cpu cores	: 4
apicid		: 1
initial apicid	: 1
fpu		: yes
fpu_exception	: yes
cpuid level	: 13
wp		: yes
flags		: fpu vme de pse tsc msr pae mce cx8 apic sep mtrr pge mca cmov pat pse36 clflush dts acpi mmx fxsr sse sse2 ss ht tm pbe syscall nx rdtscp lm constant_tsc arch_perfmon pebs bts rep_good nopl xtopology nonstop_tsc aperfmperf eagerfpu pni pclmulqdq dtes64 monitor ds_cpl vmx smx est tm2 ssse3 cx16 xtpr pdcm pcid sse4_1 sse4_2 x2apic popcnt tsc_deadline_timer aes xsave avx f16c rdrand lahf_lm ida arat epb pln pts dtherm tpr_shadow vnmi flexpriority ept vpid fsgsbase smep erms xsaveopt
bugs		:
bogomips	: 6587.39
clflush size	: 64
cache_alignment	: 64
address sizes	: 36 bits physical, 48 bits virtual
power management:

processor	: 5
vendor_id	: GenuineIntel
cpu family	: 6
model		: 58
model name	: Intel(R) Xeon(R) CPU E3-1230 V2 @ 3.30GHz
stepping	: 9
microcode	: 0x12
cpu MHz		: 3572.378
cache size	: 8192 KB
physical id	: 0
siblings	: 8
core id		: 1
cpu cores	: 4
apicid		: 3
initial apicid	: 3
fpu		: yes
fpu_exception	: yes
cpuid level	: 13
wp		: yes
flags		: fpu vme de pse tsc msr pae mce cx8 apic sep mtrr pge mca cmov pat pse36 clflush dts acpi mmx fxsr sse sse2 ss ht tm pbe syscall nx rdtscp lm constant_tsc arch_perfmon pebs bts rep_good nopl xtopology nonstop_tsc aperfmperf eagerfpu pni pclmulqdq dtes64 monitor ds_cpl vmx smx est tm2 ssse3 cx16 xtpr pdcm pcid sse4_1 sse4_2 x2apic popcnt tsc_deadline_timer aes xsave avx f16c rdrand lahf_lm ida arat epb pln pts dtherm tpr_shadow vnmi flexpriority ept vpid fsgsbase smep erms xsaveopt
bugs		:
bogomips	: 6587.39
clflush size	: 64
cache_alignment	: 64
address sizes	: 36 bits physical, 48 bits virtual
power management:

processor	: 6
vendor_id	: GenuineIntel
cpu family	: 6
model		: 58
model name	: Intel(R) Xeon(R) CPU E3-1230 V2 @ 3.30GHz
stepping	: 9
microcode	: 0x12
cpu MHz		: 3640.441
cache size	: 8192 KB
physical id	: 0
siblings	: 8
core id		: 2
cpu cores	: 4
apicid		: 5
initial apicid	: 5
fpu		: yes
fpu_exception	: yes
cpuid level	: 13
wp		: yes
flags		: fpu vme de pse tsc msr pae mce cx8 apic sep mtrr pge mca cmov pat pse36 clflush dts acpi mmx fxsr sse sse2 ss ht tm pbe syscall nx rdtscp lm constant_tsc arch_perfmon pebs bts rep_good nopl xtopology nonstop_tsc aperfmperf eagerfpu pni pclmulqdq dtes64 monitor ds_cpl vmx smx est tm2 ssse3 cx16 xtpr pdcm pcid sse4_1 sse4_2 x2apic popcnt tsc_deadline_timer aes xsave avx f16c rdrand lahf_lm ida arat epb pln pts dtherm tpr_shadow vnmi flexpriority ept vpid fsgsbase smep erms xsaveopt
bugs		:
bogomips	: 6587.39
clflush size	: 64
cache_alignment	: 64
address sizes	: 36 bits physical, 48 bits virtual
power management:

processor	: 7
vendor_id	: GenuineIntel
cpu family	: 6
model		: 58
model name	: Intel(R) Xeon(R) CPU E3-1230 V2 @ 3.30GHz
stepping	: 9
microcode	: 0x12
cpu MHz		: 3608.730
cache size	: 8192 KB
physical id	: 0
siblings	: 8
core id		: 3
cpu cores	: 4
apicid		: 7
initial apicid	: 7
fpu		: yes
fpu_exception	: yes
cpuid level	: 13
wp		: yes
flags		: fpu vme de pse tsc msr pae mce cx8 apic sep mtrr pge mca cmov pat pse36 clflush dts acpi mmx fxsr sse sse2 ss ht tm pbe syscall nx rdtscp lm constant_tsc arch_perfmon pebs bts rep_good nopl xtopology nonstop_tsc aperfmperf eagerfpu pni pclmulqdq dtes64 monitor ds_cpl vmx smx est tm2 ssse3 cx16 xtpr pdcm pcid sse4_1 sse4_2 x2apic popcnt tsc_deadline_timer aes xsave avx f16c rdrand lahf_lm ida arat epb pln pts dtherm tpr_shadow vnmi flexpriority ept vpid fsgsbase smep erms xsaveopt
bugs		:
bogomips	: 6587.39
clflush size	: 64
cache_alignment	: 64
address sizes	: 36 bits physical, 48 bits virtual
power management:



Memory: 4k page, physical 16398448k(11633520k free), swap 0k(0k free)

vm_info: Java HotSpot(TM) 64-Bit Server VM (25.25-b02) for linux-amd64 JRE (1.8.0_25-b17), built on Sep 17 2014 17:32:11 by "java_re" with gcc 4.3.0 20080428 (Red Hat 4.3.0-8)

time: Tue Apr 14 08:32:41 2015
elapsed time: 6 seconds (0d 0h 0m 6s)

