#
# A fatal error has been detected by the Java Runtime Environment:
#
#  SIGSEGV (0xb) at pc=0x00007f768b28c5ca, pid=29080, tid=140146588505856
#
# JRE version: OpenJDK Runtime Environment (8.0_45-b14) (build 1.8.0_45-internal-b14)
# Java VM: OpenJDK 64-Bit Server VM (25.45-b02 mixed mode linux-amd64 compressed oops)
# Problematic frame:
# C  [libffi.so.6+0x45ca]  ffi_closure_free+0x49a
#
# Failed to write core dump. Core dumps have been disabled. To enable core dumping, try "ulimit -c unlimited" before starting Java again
#
# If you would like to submit a bug report, please visit:
#   http://bugreport.java.com/bugreport/crash.jsp
# The crash happened outside the Java Virtual Machine in native code.
# See problematic frame for where to report the bug.
#

---------------  T H R E A D  ---------------

Current thread (0x00007f7658002000):  JavaThread "Thread-27" [_thread_in_native, id=29159, stack(0x00007f766b8fd000,0x00007f766b9fe000)]

siginfo: si_signo: 11 (SIGSEGV), si_code: 1 (SEGV_MAPERR), si_addr: 0x0000000000000018

Registers:
RAX=0x0000000000000f80, RBX=0x00007f768b48f240, RCX=0x0000000000000000, RDX=0x0000000000000000
RSP=0x00007f766b9fc7e0, RBP=0x00007f76f4c45038, RSI=0x00007f76f4c45070, RDI=0x0000000000000001
R8 =0x0000000000000000, R9 =0x0000000000000000, R10=0x000000000000088a, R11=0x00007f77245978a0
R12=0x00007f76f4c45048, R13=0x00007f768af3be58, R14=0x00007f766b9fc8b8, R15=0x00007f7658002000
RIP=0x00007f768b28c5ca, EFLAGS=0x0000000000010246, CSGSFS=0x0000000000000033, ERR=0x0000000000000006
  TRAPNO=0x000000000000000e

Top of Stack: (sp=0x00007f766b9fc7e0)
0x00007f766b9fc7e0:   00007f768af3be58 00007f7658002000
0x00007f766b9fc7f0:   00007f768a9dd4c0 0000000000000005
0x00007f766b9fc800:   00007f76f4c45048 00007f768af3be58
0x00007f766b9fc810:   00007f766b9fc890 0000000000000000
0x00007f766b9fc820:   00007f768af3be58 00007f766b9fc8b8
0x00007f766b9fc830:   00007f7658002000 00007f770d0156d4
0x00007f766b9fc840:   fffffffe00000000 00007f770d015422
0x00007f766b9fc850:   00007f766b9fc850 00007f768af3be58
0x00007f766b9fc860:   00007f766b9fc8b8 00007f768af3c250
0x00007f766b9fc870:   0000000000000000 00007f768af3be58
0x00007f766b9fc880:   0000000000000000 00007f766b9fc8b0
0x00007f766b9fc890:   00007f766b9fc900 00007f770d00798d
0x00007f766b9fc8a0:   00000006c5c98508 00007f770d00f2b8
0x00007f766b9fc8b0:   00007f76f4c45048 00000006c5d38748
0x00007f766b9fc8c0:   00007f766b9fc8c0 00007f768af03edb
0x00007f766b9fc8d0:   00007f766b9fc910 00007f768af08b18
0x00007f766b9fc8e0:   0000000000000000 00007f768af03ef8
0x00007f766b9fc8f0:   00007f766b9fc8b0 00007f766b9fc910
0x00007f766b9fc900:   00007f766b9fc958 00007f770d00798d
0x00007f766b9fc910:   00000006c5d38748 00007f766b9fc918
0x00007f766b9fc920:   00007f768af04bb6 00007f766b9fc968
0x00007f766b9fc930:   00007f768af089a0 0000000000000000
0x00007f766b9fc940:   00007f768af04bd0 00007f766b9fc910
0x00007f766b9fc950:   00007f766b9fc968 00007f766b9fc9b0
0x00007f766b9fc960:   00007f770d00798d 00000006c5d38748
0x00007f766b9fc970:   00007f766b9fc970 00007f768af01d27
0x00007f766b9fc980:   00007f766b9fc9c0 00007f768af05568
0x00007f766b9fc990:   0000000000000000 00007f768af01d40
0x00007f766b9fc9a0:   00007f766b9fc968 00007f766b9fc9c0
0x00007f766b9fc9b0:   00007f766b9fca08 00007f770d00798d
0x00007f766b9fc9c0:   00000006c5d38608 00007f766b9fc9c8
0x00007f766b9fc9d0:   00007f768af01dd7 00007f766b9fca20 

Instructions: (pc=0x00007f768b28c5ca)
0x00007f768b28c5aa:   56 18 4c 8b 4e 30 48 39 d6 0f 84 ef 03 00 00 48
0x00007f768b28c5ba:   8b 4e 10 48 3b 0d 94 2c 20 00 0f 82 26 fe ff ff
0x00007f768b28c5ca:   48 89 51 18 48 89 4a 10 4d 85 c9 0f 84 55 03 00
0x00007f768b28c5da:   00 48 8b 4e 38 48 8d 79 4a 48 3b 34 fb 0f 84 b3 

Register to memory mapping:

RAX=0x0000000000000f80 is an unknown value
RBX=0x00007f768b48f240: <offset 0x207240> in /usr/lib/x86_64-linux-gnu/libffi.so.6 at 0x00007f768b288000
RCX=0x0000000000000000 is an unknown value
RDX=0x0000000000000000 is an unknown value
RSP=0x00007f766b9fc7e0 is pointing into the stack for thread: 0x00007f7658002000
RBP=0x00007f76f4c45038 is an unknown value
RSI=0x00007f76f4c45070 is an unknown value
RDI=0x0000000000000001 is an unknown value
R8 =0x0000000000000000 is an unknown value
R9 =0x0000000000000000 is an unknown value
R10=0x000000000000088a is an unknown value
R11=0x00007f77245978a0: __sysconf+0 in /lib/x86_64-linux-gnu/libc.so.6 at 0x00007f77244cb000
R12=0x00007f76f4c45048 is an unknown value
R13={method} {0x00007f768af3be58} 'nffi_closure_free' '(J)V' in 'org/lwjgl/system/libffi/LibFFI'
R14=0x00007f766b9fc8b8 is pointing into the stack for thread: 0x00007f7658002000
R15=0x00007f7658002000 is a thread


Stack: [0x00007f766b8fd000,0x00007f766b9fe000],  sp=0x00007f766b9fc7e0,  free space=1021k
Native frames: (J=compiled Java code, j=interpreted, Vv=VM code, C=native code)
C  [libffi.so.6+0x45ca]  ffi_closure_free+0x49a

Java frames: (J=compiled Java code, j=interpreted, Vv=VM code)
j  org.lwjgl.system.libffi.LibFFI.nffi_closure_free(J)V+0
j  org.lwjgl.system.libffi.Closure.destroy()V+35
j  org.lwjgl.system.Retainable$Default.release()V+38
j  myutils.gui.opengl.AbstractOpenGLApplication.end()V+7
j  myutils.gui.opengl.AbstractOpenGLApplication.run()V+15
j  edu.hkcc.pacmanrobot.controller.gamecontroller.MiniMap$$anonfun$run$1.apply$mcV$sp()V+7
j  edu.hkcc.pacmanrobot.utils.Worker$$anon$1.run()V+4
j  java.lang.Thread.run()V+11
v  ~StubRoutines::call_stub

---------------  P R O C E S S  ---------------

Java Threads: ( => current thread )
=>0x00007f7658002000 JavaThread "Thread-27" [_thread_in_native, id=29159, stack(0x00007f766b8fd000,0x00007f766b9fe000)]
  0x00007f7670191000 JavaThread "TimerQueue" daemon [_thread_blocked, id=29152, stack(0x00007f766bcff000,0x00007f766be00000)]
  0x00007f767015f000 JavaThread "Keep-Alive-Timer" daemon [_thread_blocked, id=29151, stack(0x00007f76ec0b3000,0x00007f76ec1b4000)]
  0x00007f771c00e000 JavaThread "DestroyJavaVM" [_thread_blocked, id=29081, stack(0x00007f7724ba4000,0x00007f7724ca5000)]
  0x00007f771c80f800 JavaThread "AWT-EventQueue-0" [_thread_blocked, id=29140, stack(0x00007f76ec93d000,0x00007f76eca3e000)]
  0x00007f771c80e000 JavaThread "AWT-Shutdown" [_thread_blocked, id=29139, stack(0x00007f76eca3e000,0x00007f76ecb3f000)]
  0x00007f771c80a800 JavaThread "AWT-XAWT" daemon [_thread_in_native, id=29138, stack(0x00007f76edc77000,0x00007f76edd78000)]
  0x00007f771c7f4800 JavaThread "Java2D Disposer" daemon [_thread_blocked, id=29136, stack(0x00007f76ede79000,0x00007f76edf7a000)]
  0x00007f7684003000 JavaThread "Thread-16" [_thread_in_Java, id=29135, stack(0x00007f76ed873000,0x00007f76ed974000)]
  0x00007f76b001c800 JavaThread "Thread-17" [_thread_blocked, id=29134, stack(0x00007f76ed974000,0x00007f76eda75000)]
  0x00007f7690002800 JavaThread "Thread-14" [_thread_blocked, id=29133, stack(0x00007f76eda75000,0x00007f76edb76000)]
  0x00007f7690001000 JavaThread "Thread-13" [_thread_blocked, id=29132, stack(0x00007f76edb76000,0x00007f76edc77000)]
  0x00007f768c001000 JavaThread "Thread-10" [_thread_in_native, id=29129, stack(0x00007f76edd78000,0x00007f76ede79000)]
  0x00007f76b0018000 JavaThread "Thread-3" [_thread_in_native, id=29127, stack(0x00007f76ee7ac000,0x00007f76ee8ad000)]
  0x00007f76b0016000 JavaThread "Thread-7" [_thread_in_native, id=29126, stack(0x00007f76eeb09000,0x00007f76eec0a000)]
  0x00007f76b0014800 JavaThread "Thread-6" [_thread_in_native, id=29125, stack(0x00007f76eeedb000,0x00007f76eefdc000)]
  0x00007f76b0012800 JavaThread "Thread-5" [_thread_in_native, id=29124, stack(0x00007f76eefdc000,0x00007f76ef0dd000)]
  0x00007f76b0011000 JavaThread "Thread-4" [_thread_in_native, id=29123, stack(0x00007f76ef0dd000,0x00007f76ef1de000)]
  0x00007f76b000c800 JavaThread "Thread-8" [_thread_blocked, id=29122, stack(0x00007f76ef1de000,0x00007f76ef2df000)]
  0x00007f771c771000 JavaThread "Thread-0" [_thread_blocked, id=29121, stack(0x00007f76ef2df000,0x00007f76ef3e0000)]
  0x00007f771c5e9800 JavaThread "Monitor Ctrl-Break" daemon [_thread_in_native, id=29120, stack(0x00007f76ef8f9000,0x00007f76ef9fa000)]
  0x00007f771c5ce000 JavaThread "Service Thread" daemon [_thread_blocked, id=29118, stack(0x00007f76efcfd000,0x00007f76efdfe000)]
  0x00007f771c5c2800 JavaThread "C1 CompilerThread3" daemon [_thread_blocked, id=29117, stack(0x00007f76efdfe000,0x00007f76efeff000)]
  0x00007f771c5c0800 JavaThread "C2 CompilerThread2" daemon [_thread_blocked, id=29116, stack(0x00007f76efeff000,0x00007f76f0000000)]
  0x00007f771c5be800 JavaThread "C2 CompilerThread1" daemon [_thread_blocked, id=29115, stack(0x00007f76f40ce000,0x00007f76f41cf000)]
  0x00007f771c5ba000 JavaThread "C2 CompilerThread0" daemon [_thread_blocked, id=29114, stack(0x00007f76f41cf000,0x00007f76f42d0000)]
  0x00007f771c1fc800 JavaThread "Signal Dispatcher" daemon [_thread_blocked, id=29106, stack(0x00007f76f51ff000,0x00007f76f5300000)]
  0x00007f771c1d2800 JavaThread "Finalizer" daemon [_thread_blocked, id=29102, stack(0x00007f76f59e2000,0x00007f76f5ae3000)]
  0x00007f771c1d0800 JavaThread "Reference Handler" daemon [_thread_blocked, id=29094, stack(0x00007f76f5ae3000,0x00007f76f5be4000)]

Other Threads:
  0x00007f771c1cb000 VMThread [stack: 0x00007f76f5be4000,0x00007f76f5ce5000] [id=29093]
  0x00007f771c5d0800 WatcherThread [stack: 0x00007f76efbfc000,0x00007f76efcfd000] [id=29119]

VM state:not at safepoint (normal execution)

VM Mutex/Monitor currently owned by a thread: None

Heap:
 PSYoungGen      total 75264K, used 19360K [0x000000076c980000, 0x0000000771d80000, 0x00000007c0000000)
  eden space 64512K, 30% used [0x000000076c980000,0x000000076dc68158,0x0000000770880000)
  from space 10752K, 0% used [0x0000000771300000,0x0000000771300000,0x0000000771d80000)
  to   space 10752K, 0% used [0x0000000770880000,0x0000000770880000,0x0000000771300000)
 ParOldGen       total 70656K, used 6114K [0x00000006c5c00000, 0x00000006ca100000, 0x000000076c980000)
  object space 70656K, 8% used [0x00000006c5c00000,0x00000006c61f89b8,0x00000006ca100000)
 Metaspace       used 23894K, capacity 24228K, committed 24448K, reserved 1071104K
  class space    used 2797K, capacity 2897K, committed 2944K, reserved 1048576K

Card table byte_map: [0x00007f77208ab000,0x00007f772107e000] byte_map_base: 0x00007f771d27d000

Marking Bits: (ParMarkBitMap*) 0x00007f7723e72e80
 Begin Bits: [0x00007f76d82e0000, 0x00007f76dc170000)
 End Bits:   [0x00007f76dc170000, 0x00007f76e0000000)

Polling page: 0x00007f7724cc4000

CodeCache: size=245760Kb used=5539Kb max_used=5539Kb free=240220Kb
 bounds [0x00007f770d000000, 0x00007f770d570000, 0x00007f771c000000]
 total_blobs=2562 nmethods=1713 adapters=763
 compilation: enabled

Compilation events (10 events):
Event: 7.128 Thread 0x00007f771c5c2800 1710       3       java.lang.Long::hashCode (8 bytes)
Event: 7.128 Thread 0x00007f771c5c2800 nmethod 1710 0x00007f770d561550 code [0x00007f770d5616a0, 0x00007f770d5617f0]
Event: 7.128 Thread 0x00007f771c5c2800 1711       3       java.util.LinkedList::checkPositionIndex (22 bytes)
Event: 7.129 Thread 0x00007f771c5c2800 nmethod 1711 0x00007f770d56b8d0 code [0x00007f770d56bb00, 0x00007f770d56c6d8]
Event: 7.129 Thread 0x00007f771c5c2800 1712       3       java.util.LinkedList::isPositionIndex (18 bytes)
Event: 7.129 Thread 0x00007f771c5c2800 nmethod 1712 0x00007f770d561190 code [0x00007f770d561300, 0x00007f770d5614f0]
Event: 7.129 Thread 0x00007f771c5c2800 1713       3       sun.awt.AWTAutoShutdown::isReadyToShutdown (37 bytes)
Event: 7.129 Thread 0x00007f771c5c2800 nmethod 1713 0x00007f770d560b50 code [0x00007f770d560ce0, 0x00007f770d561098]
Event: 7.129 Thread 0x00007f771c5c2800 1714       3       java.util.IdentityHashMap$IdentityHashMapIterator::hasNext (50 bytes)
Event: 7.129 Thread 0x00007f771c5c2800 nmethod 1714 0x00007f770d560650 code [0x00007f770d5607c0, 0x00007f770d560a50]

GC Heap History (6 events):
Event: 0.797 GC heap before
{Heap before GC invocations=1 (full 0):
 PSYoungGen      total 75264K, used 64512K [0x000000076c980000, 0x0000000771d80000, 0x00000007c0000000)
  eden space 64512K, 100% used [0x000000076c980000,0x0000000770880000,0x0000000770880000)
  from space 10752K, 0% used [0x0000000771300000,0x0000000771300000,0x0000000771d80000)
  to   space 10752K, 0% used [0x0000000770880000,0x0000000770880000,0x0000000771300000)
 ParOldGen       total 172032K, used 0K [0x00000006c5c00000, 0x00000006d0400000, 0x000000076c980000)
  object space 172032K, 0% used [0x00000006c5c00000,0x00000006c5c00000,0x00000006d0400000)
 Metaspace       used 15695K, capacity 16000K, committed 16384K, reserved 1062912K
  class space    used 2065K, capacity 2181K, committed 2304K, reserved 1048576K
Event: 0.805 GC heap after
Heap after GC invocations=1 (full 0):
 PSYoungGen      total 75264K, used 7523K [0x000000076c980000, 0x0000000771d80000, 0x00000007c0000000)
  eden space 64512K, 0% used [0x000000076c980000,0x000000076c980000,0x0000000770880000)
  from space 10752K, 69% used [0x0000000770880000,0x0000000770fd8db8,0x0000000771300000)
  to   space 10752K, 0% used [0x0000000771300000,0x0000000771300000,0x0000000771d80000)
 ParOldGen       total 172032K, used 16K [0x00000006c5c00000, 0x00000006d0400000, 0x000000076c980000)
  object space 172032K, 0% used [0x00000006c5c00000,0x00000006c5c04000,0x00000006d0400000)
 Metaspace       used 15695K, capacity 16000K, committed 16384K, reserved 1062912K
  class space    used 2065K, capacity 2181K, committed 2304K, reserved 1048576K
}
Event: 5.863 GC heap before
{Heap before GC invocations=2 (full 0):
 PSYoungGen      total 75264K, used 25006K [0x000000076c980000, 0x0000000771d80000, 0x00000007c0000000)
  eden space 64512K, 27% used [0x000000076c980000,0x000000076da92bd8,0x0000000770880000)
  from space 10752K, 69% used [0x0000000770880000,0x0000000770fd8db8,0x0000000771300000)
  to   space 10752K, 0% used [0x0000000771300000,0x0000000771300000,0x0000000771d80000)
 ParOldGen       total 172032K, used 16K [0x00000006c5c00000, 0x00000006d0400000, 0x000000076c980000)
  object space 172032K, 0% used [0x00000006c5c00000,0x00000006c5c04000,0x00000006d0400000)
 Metaspace       used 20764K, capacity 21060K, committed 21248K, reserved 1067008K
  class space    used 2679K, capacity 2801K, committed 2816K, reserved 1048576K
Event: 5.870 GC heap after
Heap after GC invocations=2 (full 0):
 PSYoungGen      total 75264K, used 6290K [0x000000076c980000, 0x0000000771d80000, 0x00000007c0000000)
  eden space 64512K, 0% used [0x000000076c980000,0x000000076c980000,0x0000000770880000)
  from space 10752K, 58% used [0x0000000771300000,0x00000007719249a0,0x0000000771d80000)
  to   space 10752K, 0% used [0x0000000770880000,0x0000000770880000,0x0000000771300000)
 ParOldGen       total 172032K, used 32K [0x00000006c5c00000, 0x00000006d0400000, 0x000000076c980000)
  object space 172032K, 0% used [0x00000006c5c00000,0x00000006c5c08000,0x00000006d0400000)
 Metaspace       used 20764K, capacity 21060K, committed 21248K, reserved 1067008K
  class space    used 2679K, capacity 2801K, committed 2816K, reserved 1048576K
}
Event: 5.870 GC heap before
{Heap before GC invocations=3 (full 1):
 PSYoungGen      total 75264K, used 6290K [0x000000076c980000, 0x0000000771d80000, 0x00000007c0000000)
  eden space 64512K, 0% used [0x000000076c980000,0x000000076c980000,0x0000000770880000)
  from space 10752K, 58% used [0x0000000771300000,0x00000007719249a0,0x0000000771d80000)
  to   space 10752K, 0% used [0x0000000770880000,0x0000000770880000,0x0000000771300000)
 ParOldGen       total 172032K, used 32K [0x00000006c5c00000, 0x00000006d0400000, 0x000000076c980000)
  object space 172032K, 0% used [0x00000006c5c00000,0x00000006c5c08000,0x00000006d0400000)
 Metaspace       used 20764K, capacity 21060K, committed 21248K, reserved 1067008K
  class space    used 2679K, capacity 2801K, committed 2816K, reserved 1048576K
Event: 5.896 GC heap after
Heap after GC invocations=3 (full 1):
 PSYoungGen      total 75264K, used 0K [0x000000076c980000, 0x0000000771d80000, 0x00000007c0000000)
  eden space 64512K, 0% used [0x000000076c980000,0x000000076c980000,0x0000000770880000)
  from space 10752K, 0% used [0x0000000771300000,0x0000000771300000,0x0000000771d80000)
  to   space 10752K, 0% used [0x0000000770880000,0x0000000770880000,0x0000000771300000)
 ParOldGen       total 70656K, used 6114K [0x00000006c5c00000, 0x00000006ca100000, 0x000000076c980000)
  object space 70656K, 8% used [0x00000006c5c00000,0x00000006c61f89b8,0x00000006ca100000)
 Metaspace       used 20764K, capacity 21060K, committed 21248K, reserved 1067008K
  class space    used 2679K, capacity 2801K, committed 2816K, reserved 1048576K
}

Deoptimization events (10 events):
Event: 0.839 Thread 0x00007f771c80f800 Uncommon trap: reason=unstable_if action=reinterpret pc=0x00007f770d30d35c method=java.lang.CharacterDataLatin1.digit(II)I @ 82
Event: 1.601 Thread 0x00007f771c80f800 Uncommon trap: reason=unstable_if action=reinterpret pc=0x00007f770d3acb44 method=java.lang.String.toLowerCase(Ljava/util/Locale;)Ljava/lang/String; @ 226
Event: 2.623 Thread 0x00007f771c80f800 Uncommon trap: reason=class_check action=maybe_recompile pc=0x00007f770d1ce2d8 method=java.lang.String.equals(Ljava/lang/Object;)Z @ 8
Event: 2.623 Thread 0x00007f771c80f800 Uncommon trap: reason=class_check action=maybe_recompile pc=0x00007f770d1ce2d8 method=java.lang.String.equals(Ljava/lang/Object;)Z @ 8
Event: 2.623 Thread 0x00007f771c80f800 Uncommon trap: reason=class_check action=maybe_recompile pc=0x00007f770d1ce2d8 method=java.lang.String.equals(Ljava/lang/Object;)Z @ 8
Event: 2.623 Thread 0x00007f771c80f800 Uncommon trap: reason=class_check action=maybe_recompile pc=0x00007f770d1ce2d8 method=java.lang.String.equals(Ljava/lang/Object;)Z @ 8
Event: 7.019 Thread 0x00007f7658002000 Uncommon trap: reason=class_check action=maybe_recompile pc=0x00007f770d3da354 method=java.io.DataInputStream.readInt()I @ 4
Event: 7.019 Thread 0x00007f7658002000 Uncommon trap: reason=class_check action=maybe_recompile pc=0x00007f770d3da354 method=java.io.DataInputStream.readInt()I @ 4
Event: 7.019 Thread 0x00007f7658002000 Uncommon trap: reason=class_check action=maybe_recompile pc=0x00007f770d3da354 method=java.io.DataInputStream.readInt()I @ 4
Event: 7.019 Thread 0x00007f7658002000 Uncommon trap: reason=class_check action=maybe_recompile pc=0x00007f770d3da354 method=java.io.DataInputStream.readInt()I @ 4

Internal exceptions (10 events):
Event: 0.115 Thread 0x00007f771c00e000 Exception <a 'java/security/PrivilegedActionException'> (0x000000076d13b1b8) thrown at [/build/buildd/openjdk-8-8u45-b14/src/hotspot/src/share/vm/prims/jvm.cpp, line 1382]
Event: 0.115 Thread 0x00007f771c00e000 Exception <a 'java/security/PrivilegedActionException'> (0x000000076d13b500) thrown at [/build/buildd/openjdk-8-8u45-b14/src/hotspot/src/share/vm/prims/jvm.cpp, line 1382]
Event: 0.359 Thread 0x00007f771c00e000 Exception <a 'java/io/FileNotFoundException'> (0x000000076e116210) thrown at [/build/buildd/openjdk-8-8u45-b14/src/hotspot/src/share/vm/prims/jni.cpp, line 709]
Event: 0.379 Thread 0x00007f771c00e000 Exception <a 'java/lang/ClassNotFoundException': sun/dc/DuctusRenderingEngine> (0x000000076e17d878) thrown at [/build/buildd/openjdk-8-8u45-b14/src/hotspot/src/share/vm/classfile/systemDictionary.cpp, line 210]
Event: 0.433 Thread 0x00007f771c00e000 Exception <a 'java/lang/NoSuchFieldError': method resolution failed> (0x000000076f145438) thrown at [/build/buildd/openjdk-8-8u45-b14/src/hotspot/src/share/vm/prims/methodHandles.cpp, line 1125]
Event: 0.434 Thread 0x00007f771c00e000 Exception <a 'java/lang/NoSuchFieldError': method resolution failed> (0x000000076f154668) thrown at [/build/buildd/openjdk-8-8u45-b14/src/hotspot/src/share/vm/prims/methodHandles.cpp, line 1125]
Event: 0.522 Thread 0x00007f771c80f800 Implicit null exception at 0x00007f770d1ee135 to 0x00007f770d1ee4b5
Event: 0.523 Thread 0x00007f771c80f800 Implicit null exception at 0x00007f770d1e03f5 to 0x00007f770d1e0751
Event: 0.749 Thread 0x00007f771c80f800 Exception <a 'java/lang/reflect/InvocationTargetException'> (0x00000007705f7ae8) thrown at [/build/buildd/openjdk-8-8u45-b14/src/hotspot/src/share/vm/runtime/reflection.cpp, line 1080]
Event: 7.124 Thread 0x00007f7658002000 Exception <a 'java/lang/NoSuchMethodError': scala.runtime.FloatRef.create(F)Lscala/runtime/FloatRef;> (0x000000076dc4ce10) thrown at [/build/buildd/openjdk-8-8u45-b14/src/hotspot/src/share/vm/interpreter/linkResolver.cpp, line 582]

Events (10 events):
Event: 7.122 loading class org/lwjgl/opengl/WGLNVGPUAffinity
Event: 7.122 loading class org/lwjgl/opengl/WGLNVGPUAffinity done
Event: 7.122 loading class org/lwjgl/system/linux/opengl/LinuxGLContext$MakeCurrentActionARB
Event: 7.123 loading class org/lwjgl/system/linux/opengl/LinuxGLContext$MakeCurrentActionARB done
Event: 7.123 loading class edu/hkcc/pacmanrobot/utils/Point2D
Event: 7.123 loading class edu/hkcc/pacmanrobot/utils/Point2D done
Event: 7.123 loading class edu/hkcc/pacmanrobot/utils/Utils$$anon$1
Event: 7.123 loading class edu/hkcc/pacmanrobot/utils/Utils$$anon$1 done
Event: 7.124 loading class scala/runtime/FloatRef
Event: 7.124 loading class scala/runtime/FloatRef done


Dynamic libraries:
00400000-00401000 r-xp 00000000 fc:02 2238569                            /usr/lib/jvm/java-8-openjdk-amd64/jre/bin/java
00600000-00601000 r--p 00000000 fc:02 2238569                            /usr/lib/jvm/java-8-openjdk-amd64/jre/bin/java
00601000-00602000 rw-p 00001000 fc:02 2238569                            /usr/lib/jvm/java-8-openjdk-amd64/jre/bin/java
0239f000-023c0000 rw-p 00000000 00:00 0                                  [heap]
6c5c00000-6ca100000 rw-p 00000000 00:00 0 
6ca100000-76c980000 ---p 00000000 00:00 0 
76c980000-771d80000 rw-p 00000000 00:00 0 
771d80000-7c0000000 ---p 00000000 00:00 0 
7c0000000-7c02e0000 rw-p 00000000 00:00 0 
7c02e0000-800000000 ---p 00000000 00:00 0 
7f7657bc8000-7f7657cc8000 rw-p 00000000 00:00 0 
7f7657cc8000-7f7657dc8000 ---p 00000000 00:00 0 
7f7657dc8000-7f7657dff000 r-xp 00000000 fc:02 2108338                    /usr/lib/x86_64-linux-gnu/libtxc_dxtn_s2tc.so.0.0.0
7f7657dff000-7f7657ffe000 ---p 00037000 fc:02 2108338                    /usr/lib/x86_64-linux-gnu/libtxc_dxtn_s2tc.so.0.0.0
7f7657ffe000-7f7657fff000 r--p 00036000 fc:02 2108338                    /usr/lib/x86_64-linux-gnu/libtxc_dxtn_s2tc.so.0.0.0
7f7657fff000-7f7658000000 rw-p 00037000 fc:02 2108338                    /usr/lib/x86_64-linux-gnu/libtxc_dxtn_s2tc.so.0.0.0
7f7658000000-7f7658021000 rw-p 00000000 00:00 0 
7f7658021000-7f765c000000 ---p 00000000 00:00 0 
7f765c000000-7f765c214000 rw-p 00000000 00:00 0 
7f765c214000-7f7660000000 ---p 00000000 00:00 0 
7f7660000000-7f7660021000 rw-p 00000000 00:00 0 
7f7660021000-7f7664000000 ---p 00000000 00:00 0 
7f7664000000-7f7664021000 rw-p 00000000 00:00 0 
7f7664021000-7f7668000000 ---p 00000000 00:00 0 
7f76680c2000-7f76680e7000 r-xp 00000000 fc:02 1053251                    /lib/x86_64-linux-gnu/libtinfo.so.5.9
7f76680e7000-7f76682e6000 ---p 00025000 fc:02 1053251                    /lib/x86_64-linux-gnu/libtinfo.so.5.9
7f76682e6000-7f76682ea000 r--p 00024000 fc:02 1053251                    /lib/x86_64-linux-gnu/libtinfo.so.5.9
7f76682ea000-7f76682eb000 rw-p 00028000 fc:02 1053251                    /lib/x86_64-linux-gnu/libtinfo.so.5.9
7f76682eb000-7f766831e000 r-xp 00000000 fc:02 2107580                    /usr/lib/x86_64-linux-gnu/libedit.so.2.0.51
7f766831e000-7f766851e000 ---p 00033000 fc:02 2107580                    /usr/lib/x86_64-linux-gnu/libedit.so.2.0.51
7f766851e000-7f7668520000 r--p 00033000 fc:02 2107580                    /usr/lib/x86_64-linux-gnu/libedit.so.2.0.51
7f7668520000-7f7668521000 rw-p 00035000 fc:02 2107580                    /usr/lib/x86_64-linux-gnu/libedit.so.2.0.51
7f7668521000-7f7668525000 rw-p 00000000 00:00 0 
7f7668525000-7f766a2ce000 r-xp 00000000 fc:02 2107172                    /usr/lib/x86_64-linux-gnu/libLLVM-3.6.so.1
7f766a2ce000-7f766a2cf000 ---p 01da9000 fc:02 2107172                    /usr/lib/x86_64-linux-gnu/libLLVM-3.6.so.1
7f766a2cf000-7f766a4eb000 r--p 01da9000 fc:02 2107172                    /usr/lib/x86_64-linux-gnu/libLLVM-3.6.so.1
7f766a4eb000-7f766a4f1000 rw-p 01fc5000 fc:02 2107172                    /usr/lib/x86_64-linux-gnu/libLLVM-3.6.so.1
7f766a4f1000-7f766a507000 rw-p 00000000 00:00 0 
7f766a507000-7f766a51c000 r-xp 00000000 fc:02 2107581                    /usr/lib/x86_64-linux-gnu/libelf-0.160.so
7f766a51c000-7f766a71b000 ---p 00015000 fc:02 2107581                    /usr/lib/x86_64-linux-gnu/libelf-0.160.so
7f766a71b000-7f766a71c000 r--p 00014000 fc:02 2107581                    /usr/lib/x86_64-linux-gnu/libelf-0.160.so
7f766a71c000-7f766a71d000 rw-p 00015000 fc:02 2107581                    /usr/lib/x86_64-linux-gnu/libelf-0.160.so
7f766a71d000-7f766a729000 r-xp 00000000 fc:02 2107576                    /usr/lib/x86_64-linux-gnu/libdrm_radeon.so.1.0.1
7f766a729000-7f766a928000 ---p 0000c000 fc:02 2107576                    /usr/lib/x86_64-linux-gnu/libdrm_radeon.so.1.0.1
7f766a928000-7f766a929000 r--p 0000b000 fc:02 2107576                    /usr/lib/x86_64-linux-gnu/libdrm_radeon.so.1.0.1
7f766a929000-7f766a92a000 rw-p 0000c000 fc:02 2107576                    /usr/lib/x86_64-linux-gnu/libdrm_radeon.so.1.0.1
7f766a92a000-7f766a930000 r-xp 00000000 fc:02 2107574                    /usr/lib/x86_64-linux-gnu/libdrm_nouveau.so.2.0.0
7f766a930000-7f766ab2f000 ---p 00006000 fc:02 2107574                    /usr/lib/x86_64-linux-gnu/libdrm_nouveau.so.2.0.0
7f766ab2f000-7f766ab30000 r--p 00005000 fc:02 2107574                    /usr/lib/x86_64-linux-gnu/libdrm_nouveau.so.2.0.0
7f766ab30000-7f766ab31000 rw-p 00006000 fc:02 2107574                    /usr/lib/x86_64-linux-gnu/libdrm_nouveau.so.2.0.0
7f766ab31000-7f766b2a2000 r-xp 00000000 fc:02 2361022                    /usr/lib/x86_64-linux-gnu/dri/nouveau_dri.so
7f766b2a2000-7f766b4a2000 ---p 00771000 fc:02 2361022                    /usr/lib/x86_64-linux-gnu/dri/nouveau_dri.so
7f766b4a2000-7f766b4f9000 r--p 00771000 fc:02 2361022                    /usr/lib/x86_64-linux-gnu/dri/nouveau_dri.so
7f766b4f9000-7f766b505000 rw-p 007c8000 fc:02 2361022                    /usr/lib/x86_64-linux-gnu/dri/nouveau_dri.so
7f766b505000-7f766b6ea000 rw-p 00000000 00:00 0 
7f766b6ea000-7f766b6fc000 r-xp 00000000 fc:02 1053253                    /lib/x86_64-linux-gnu/libudev.so.1.6.2
7f766b6fc000-7f766b8fb000 ---p 00012000 fc:02 1053253                    /lib/x86_64-linux-gnu/libudev.so.1.6.2
7f766b8fb000-7f766b8fc000 r--p 00011000 fc:02 1053253                    /lib/x86_64-linux-gnu/libudev.so.1.6.2
7f766b8fc000-7f766b8fd000 rw-p 00012000 fc:02 1053253                    /lib/x86_64-linux-gnu/libudev.so.1.6.2
7f766b8fd000-7f766b900000 ---p 00000000 00:00 0 
7f766b900000-7f766bbfe000 rw-p 00000000 00:00 0                          [stack:29159]
7f766bbfe000-7f766bc01000 ---p 00000000 00:00 0 
7f766bc01000-7f766bcff000 rw-p 00000000 00:00 0 
7f766bcff000-7f766bd02000 ---p 00000000 00:00 0 
7f766bd02000-7f766c000000 rw-p 00000000 00:00 0                          [stack:29152]
7f766c000000-7f766c021000 rw-p 00000000 00:00 0 
7f766c021000-7f7670000000 ---p 00000000 00:00 0 
7f7670000000-7f76701ea000 rw-p 00000000 00:00 0 
7f76701ea000-7f7674000000 ---p 00000000 00:00 0 
7f7674000000-7f7674021000 rw-p 00000000 00:00 0 
7f7674021000-7f7678000000 ---p 00000000 00:00 0 
7f7678000000-7f7678021000 rw-p 00000000 00:00 0 
7f7678021000-7f767c000000 ---p 00000000 00:00 0 
7f767c000000-7f767c03c000 rw-p 00000000 00:00 0 
7f767c03c000-7f7680000000 ---p 00000000 00:00 0 
7f7680000000-7f768027b000 rw-p 00000000 00:00 0 
7f768027b000-7f7684000000 ---p 00000000 00:00 0 
7f7684000000-7f7684021000 rw-p 00000000 00:00 0 
7f7684021000-7f7688000000 ---p 00000000 00:00 0 
7f7688020000-7f7688220000 rw-p 00000000 00:00 0 
7f7688220000-7f7688225000 r-xp 00000000 fc:02 1053178                    /lib/x86_64-linux-gnu/libnss_dns-2.21.so
7f7688225000-7f7688424000 ---p 00005000 fc:02 1053178                    /lib/x86_64-linux-gnu/libnss_dns-2.21.so
7f7688424000-7f7688425000 r--p 00004000 fc:02 1053178                    /lib/x86_64-linux-gnu/libnss_dns-2.21.so
7f7688425000-7f7688426000 rw-p 00005000 fc:02 1053178                    /lib/x86_64-linux-gnu/libnss_dns-2.21.so
7f7688426000-7f7688428000 r-xp 00000000 fc:02 1053186                    /lib/x86_64-linux-gnu/libnss_mdns4_minimal.so.2
7f7688428000-7f7688627000 ---p 00002000 fc:02 1053186                    /lib/x86_64-linux-gnu/libnss_mdns4_minimal.so.2
7f7688627000-7f7688628000 r--p 00001000 fc:02 1053186                    /lib/x86_64-linux-gnu/libnss_mdns4_minimal.so.2
7f7688628000-7f7688629000 rw-p 00002000 fc:02 1053186                    /lib/x86_64-linux-gnu/libnss_mdns4_minimal.so.2
7f7688629000-7f7688829000 rw-p 00000000 00:00 0 
7f7688829000-7f7688851000 r-xp 00000000 fc:02 2238512                    /usr/lib/jvm/java-8-openjdk-amd64/jre/lib/amd64/libsunec.so
7f7688851000-7f7688a51000 ---p 00028000 fc:02 2238512                    /usr/lib/jvm/java-8-openjdk-amd64/jre/lib/amd64/libsunec.so
7f7688a51000-7f7688a55000 r--p 00028000 fc:02 2238512                    /usr/lib/jvm/java-8-openjdk-amd64/jre/lib/amd64/libsunec.so
7f7688a55000-7f7688a57000 rw-p 0002c000 fc:02 2238512                    /usr/lib/jvm/java-8-openjdk-amd64/jre/lib/amd64/libsunec.so
7f7688a57000-7f7688a63000 r-xp 00000000 fc:02 2107570                    /usr/lib/x86_64-linux-gnu/libdrm.so.2.4.0
7f7688a63000-7f7688c62000 ---p 0000c000 fc:02 2107570                    /usr/lib/x86_64-linux-gnu/libdrm.so.2.4.0
7f7688c62000-7f7688c63000 r--p 0000b000 fc:02 2107570                    /usr/lib/x86_64-linux-gnu/libdrm.so.2.4.0
7f7688c63000-7f7688c64000 rw-p 0000c000 fc:02 2107570                    /usr/lib/x86_64-linux-gnu/libdrm.so.2.4.0
7f7688c64000-7f7688c65000 r-xp 00000000 fc:02 2108509                    /usr/lib/x86_64-linux-gnu/libxshmfence.so.1.0.0
7f7688c65000-7f7688e64000 ---p 00001000 fc:02 2108509                    /usr/lib/x86_64-linux-gnu/libxshmfence.so.1.0.0
7f7688e64000-7f7688e65000 r--p 00000000 fc:02 2108509                    /usr/lib/x86_64-linux-gnu/libxshmfence.so.1.0.0
7f7688e65000-7f7688e66000 rw-p 00001000 fc:02 2108509                    /usr/lib/x86_64-linux-gnu/libxshmfence.so.1.0.0
7f7688e66000-7f7688e6b000 r-xp 00000000 fc:02 2108491                    /usr/lib/x86_64-linux-gnu/libxcb-sync.so.1.0.0
7f7688e6b000-7f768906a000 ---p 00005000 fc:02 2108491                    /usr/lib/x86_64-linux-gnu/libxcb-sync.so.1.0.0
7f768906a000-7f768906b000 r--p 00004000 fc:02 2108491                    /usr/lib/x86_64-linux-gnu/libxcb-sync.so.1.0.0
7f768906b000-7f768906c000 rw-p 00005000 fc:02 2108491                    /usr/lib/x86_64-linux-gnu/libxcb-sync.so.1.0.0
7f768906c000-7f768906e000 r-xp 00000000 fc:02 2108479                    /usr/lib/x86_64-linux-gnu/libxcb-present.so.0.0.0
7f768906e000-7f768926d000 ---p 00002000 fc:02 2108479                    /usr/lib/x86_64-linux-gnu/libxcb-present.so.0.0.0
7f768926d000-7f768926e000 r--p 00001000 fc:02 2108479                    /usr/lib/x86_64-linux-gnu/libxcb-present.so.0.0.0
7f768926e000-7f768926f000 rw-p 00002000 fc:02 2108479                    /usr/lib/x86_64-linux-gnu/libxcb-present.so.0.0.0
7f768926f000-7f7689271000 r-xp 00000000 fc:02 2108469                    /usr/lib/x86_64-linux-gnu/libxcb-dri3.so.0.0.0
7f7689271000-7f7689470000 ---p 00002000 fc:02 2108469                    /usr/lib/x86_64-linux-gnu/libxcb-dri3.so.0.0.0
7f7689470000-7f7689471000 r--p 00001000 fc:02 2108469                    /usr/lib/x86_64-linux-gnu/libxcb-dri3.so.0.0.0
7f7689471000-7f7689472000 rw-p 00002000 fc:02 2108469                    /usr/lib/x86_64-linux-gnu/libxcb-dri3.so.0.0.0
7f7689472000-7f7689475000 r-xp 00000000 fc:02 2108467                    /usr/lib/x86_64-linux-gnu/libxcb-dri2.so.0.0.0
7f7689475000-7f7689675000 ---p 00003000 fc:02 2108467                    /usr/lib/x86_64-linux-gnu/libxcb-dri2.so.0.0.0
7f7689675000-7f7689676000 r--p 00003000 fc:02 2108467                    /usr/lib/x86_64-linux-gnu/libxcb-dri2.so.0.0.0
7f7689676000-7f7689677000 rw-p 00004000 fc:02 2108467                    /usr/lib/x86_64-linux-gnu/libxcb-dri2.so.0.0.0
7f7689677000-7f768968c000 r-xp 00000000 fc:02 2108471                    /usr/lib/x86_64-linux-gnu/libxcb-glx.so.0.0.0
7f768968c000-7f768988b000 ---p 00015000 fc:02 2108471                    /usr/lib/x86_64-linux-gnu/libxcb-glx.so.0.0.0
7f768988b000-7f768988d000 r--p 00014000 fc:02 2108471                    /usr/lib/x86_64-linux-gnu/libxcb-glx.so.0.0.0
7f768988d000-7f768988e000 rw-p 00016000 fc:02 2108471                    /usr/lib/x86_64-linux-gnu/libxcb-glx.so.0.0.0
7f768988e000-7f768988f000 r-xp 00000000 fc:02 2107295                    /usr/lib/x86_64-linux-gnu/libX11-xcb.so.1.0.0
7f768988f000-7f7689a8e000 ---p 00001000 fc:02 2107295                    /usr/lib/x86_64-linux-gnu/libX11-xcb.so.1.0.0
7f7689a8e000-7f7689a8f000 r--p 00000000 fc:02 2107295                    /usr/lib/x86_64-linux-gnu/libX11-xcb.so.1.0.0
7f7689a8f000-7f7689a90000 rw-p 00001000 fc:02 2107295                    /usr/lib/x86_64-linux-gnu/libX11-xcb.so.1.0.0
7f7689a90000-7f7689a92000 r-xp 00000000 fc:02 2107310                    /usr/lib/x86_64-linux-gnu/libXdamage.so.1.1.0
7f7689a92000-7f7689c91000 ---p 00002000 fc:02 2107310                    /usr/lib/x86_64-linux-gnu/libXdamage.so.1.1.0
7f7689c91000-7f7689c92000 r--p 00001000 fc:02 2107310                    /usr/lib/x86_64-linux-gnu/libXdamage.so.1.1.0
7f7689c92000-7f7689c93000 rw-p 00002000 fc:02 2107310                    /usr/lib/x86_64-linux-gnu/libXdamage.so.1.1.0
7f7689c93000-7f7689cb8000 r-xp 00000000 fc:02 2107729                    /usr/lib/x86_64-linux-gnu/libglapi.so.0.0.0
7f7689cb8000-7f7689eb8000 ---p 00025000 fc:02 2107729                    /usr/lib/x86_64-linux-gnu/libglapi.so.0.0.0
7f7689eb8000-7f7689ebb000 r--p 00025000 fc:02 2107729                    /usr/lib/x86_64-linux-gnu/libglapi.so.0.0.0
7f7689ebb000-7f7689ebc000 rw-p 00028000 fc:02 2107729                    /usr/lib/x86_64-linux-gnu/libglapi.so.0.0.0
7f7689ebc000-7f7689ebd000 rw-p 00000000 00:00 0 
7f7689ebd000-7f7689ee3000 r-xp 00000000 fc:02 1053118                    /lib/x86_64-linux-gnu/libexpat.so.1.6.0
7f7689ee3000-7f768a0e2000 ---p 00026000 fc:02 1053118                    /lib/x86_64-linux-gnu/libexpat.so.1.6.0
7f768a0e2000-7f768a0e5000 r--p 00025000 fc:02 1053118                    /lib/x86_64-linux-gnu/libexpat.so.1.6.0
7f768a0e5000-7f768a0e6000 rw-p 00028000 fc:02 1053118                    /lib/x86_64-linux-gnu/libexpat.so.1.6.0
7f768a0e6000-7f768a0e8000 r-xp 00000000 fc:02 2107324                    /usr/lib/x86_64-linux-gnu/libXinerama.so.1.0.0
7f768a0e8000-7f768a2e7000 ---p 00002000 fc:02 2107324                    /usr/lib/x86_64-linux-gnu/libXinerama.so.1.0.0
7f768a2e7000-7f768a2e8000 r--p 00001000 fc:02 2107324                    /usr/lib/x86_64-linux-gnu/libXinerama.so.1.0.0
7f768a2e8000-7f768a2e9000 rw-p 00002000 fc:02 2107324                    /usr/lib/x86_64-linux-gnu/libXinerama.so.1.0.0
7f768a2e9000-7f768a2ed000 r-xp 00000000 fc:02 2107352                    /usr/lib/x86_64-linux-gnu/libXxf86vm.so.1.0.0
7f768a2ed000-7f768a4ed000 ---p 00004000 fc:02 2107352                    /usr/lib/x86_64-linux-gnu/libXxf86vm.so.1.0.0
7f768a4ed000-7f768a4ee000 r--p 00004000 fc:02 2107352                    /usr/lib/x86_64-linux-gnu/libXxf86vm.so.1.0.0
7f768a4ee000-7f768a4ef000 rw-p 00005000 fc:02 2107352                    /usr/lib/x86_64-linux-gnu/libXxf86vm.so.1.0.0
7f768a4ef000-7f768a4f8000 r-xp 00000000 fc:02 2107334                    /usr/lib/x86_64-linux-gnu/libXrandr.so.2.2.0
7f768a4f8000-7f768a6f7000 ---p 00009000 fc:02 2107334                    /usr/lib/x86_64-linux-gnu/libXrandr.so.2.2.0
7f768a6f7000-7f768a6f8000 r--p 00008000 fc:02 2107334                    /usr/lib/x86_64-linux-gnu/libXrandr.so.2.2.0
7f768a6f8000-7f768a6f9000 rw-p 00009000 fc:02 2107334                    /usr/lib/x86_64-linux-gnu/libXrandr.so.2.2.0
7f768a6f9000-7f768a791000 r-xp 00000000 fc:02 2362522                    /usr/lib/x86_64-linux-gnu/mesa/libGL.so.1.2.0
7f768a791000-7f768a990000 ---p 00098000 fc:02 2362522                    /usr/lib/x86_64-linux-gnu/mesa/libGL.so.1.2.0
7f768a990000-7f768a993000 r--p 00097000 fc:02 2362522                    /usr/lib/x86_64-linux-gnu/mesa/libGL.so.1.2.0
7f768a993000-7f768a994000 rw-p 0009a000 fc:02 2362522                    /usr/lib/x86_64-linux-gnu/mesa/libGL.so.1.2.0
7f768a994000-7f768a995000 rw-p 00000000 00:00 0 
7f768a995000-7f768aa07000 r-xp 00000000 fc:01 13763062                   /home/beenotung/git/workspace/hkcc-pacman-robot/lib/lwjgl3/native/linux/x64/liblwjgl.so
7f768aa07000-7f768ac06000 ---p 00072000 fc:01 13763062                   /home/beenotung/git/workspace/hkcc-pacman-robot/lib/lwjgl3/native/linux/x64/liblwjgl.so
7f768ac06000-7f768ac07000 r--p 00071000 fc:01 13763062                   /home/beenotung/git/workspace/hkcc-pacman-robot/lib/lwjgl3/native/linux/x64/liblwjgl.so
7f768ac07000-7f768ac08000 rw-p 00072000 fc:01 13763062                   /home/beenotung/git/workspace/hkcc-pacman-robot/lib/lwjgl3/native/linux/x64/liblwjgl.so
7f768ac08000-7f768ac09000 rw-p 00000000 00:00 0 
7f768ac09000-7f768ac1a000 r-xp 00000000 fc:02 2238511                    /usr/lib/jvm/java-8-openjdk-amd64/jre/lib/amd64/libnio.so
7f768ac1a000-7f768ae19000 ---p 00011000 fc:02 2238511                    /usr/lib/jvm/java-8-openjdk-amd64/jre/lib/amd64/libnio.so
7f768ae19000-7f768ae1a000 r--p 00010000 fc:02 2238511                    /usr/lib/jvm/java-8-openjdk-amd64/jre/lib/amd64/libnio.so
7f768ae1a000-7f768ae1b000 rw-p 00011000 fc:02 2238511                    /usr/lib/jvm/java-8-openjdk-amd64/jre/lib/amd64/libnio.so
7f768ae1b000-7f768b01b000 rw-p 00000000 00:00 0 
7f768b01b000-7f768b087000 r-xp 00000000 fc:02 1053210                    /lib/x86_64-linux-gnu/libpcre.so.3.13.1
7f768b087000-7f768b286000 ---p 0006c000 fc:02 1053210                    /lib/x86_64-linux-gnu/libpcre.so.3.13.1
7f768b286000-7f768b287000 r--p 0006b000 fc:02 1053210                    /lib/x86_64-linux-gnu/libpcre.so.3.13.1
7f768b287000-7f768b288000 rw-p 0006c000 fc:02 1053210                    /lib/x86_64-linux-gnu/libpcre.so.3.13.1
7f768b288000-7f768b28f000 r-xp 00000000 fc:02 2107620                    /usr/lib/x86_64-linux-gnu/libffi.so.6.0.4
7f768b28f000-7f768b48e000 ---p 00007000 fc:02 2107620                    /usr/lib/x86_64-linux-gnu/libffi.so.6.0.4
7f768b48e000-7f768b48f000 r--p 00006000 fc:02 2107620                    /usr/lib/x86_64-linux-gnu/libffi.so.6.0.4
7f768b48f000-7f768b490000 rw-p 00007000 fc:02 2107620                    /usr/lib/x86_64-linux-gnu/libffi.so.6.0.4
7f768b490000-7f768b4a7000 r-xp 00000000 fc:02 1053233                    /lib/x86_64-linux-gnu/libresolv-2.21.so
7f768b4a7000-7f768b6a7000 ---p 00017000 fc:02 1053233                    /lib/x86_64-linux-gnu/libresolv-2.21.so
7f768b6a7000-7f768b6a9000 r--p 00017000 fc:02 1053233                    /lib/x86_64-linux-gnu/libresolv-2.21.so
7f768b6a9000-7f768b6aa000 rw-p 00019000 fc:02 1053233                    /lib/x86_64-linux-gnu/libresolv-2.21.so
7f768b6aa000-7f768b6ac000 rw-p 00000000 00:00 0 
7f768b6ac000-7f768b6cd000 r-xp 00000000 fc:02 1053237                    /lib/x86_64-linux-gnu/libselinux.so.1
7f768b6cd000-7f768b8cc000 ---p 00021000 fc:02 1053237                    /lib/x86_64-linux-gnu/libselinux.so.1
7f768b8cc000-7f768b8cd000 r--p 00020000 fc:02 1053237                    /lib/x86_64-linux-gnu/libselinux.so.1
7f768b8cd000-7f768b8ce000 rw-p 00021000 fc:02 1053237                    /lib/x86_64-linux-gnu/libselinux.so.1
7f768b8ce000-7f768b8d0000 rw-p 00000000 00:00 0 
7f768b8d0000-7f768b8d3000 r-xp 00000000 fc:02 2107737                    /usr/lib/x86_64-linux-gnu/libgmodule-2.0.so.0.4400.0
7f768b8d3000-7f768bad2000 ---p 00003000 fc:02 2107737                    /usr/lib/x86_64-linux-gnu/libgmodule-2.0.so.0.4400.0
7f768bad2000-7f768bad3000 r--p 00002000 fc:02 2107737                    /usr/lib/x86_64-linux-gnu/libgmodule-2.0.so.0.4400.0
7f768bad3000-7f768bad4000 rw-p 00003000 fc:02 2107737                    /usr/lib/x86_64-linux-gnu/libgmodule-2.0.so.0.4400.0
7f768bad4000-7f768baee000 r-xp 00000000 fc:02 2107532                    /usr/lib/x86_64-linux-gnu/libdbusmenu-glib.so.4.0.12
7f768baee000-7f768bcee000 ---p 0001a000 fc:02 2107532                    /usr/lib/x86_64-linux-gnu/libdbusmenu-glib.so.4.0.12
7f768bcee000-7f768bcf0000 r--p 0001a000 fc:02 2107532                    /usr/lib/x86_64-linux-gnu/libdbusmenu-glib.so.4.0.12
7f768bcf0000-7f768bcf1000 rw-p 0001c000 fc:02 2107532                    /usr/lib/x86_64-linux-gnu/libdbusmenu-glib.so.4.0.12
7f768bcf1000-7f768bdfe000 r-xp 00000000 fc:02 1053127                    /lib/x86_64-linux-gnu/libglib-2.0.so.0.4400.0
7f768bdfe000-7f768bffd000 ---p 0010d000 fc:02 1053127                    /lib/x86_64-linux-gnu/libglib-2.0.so.0.4400.0
7f768bffd000-7f768bffe000 r--p 0010c000 fc:02 1053127                    /lib/x86_64-linux-gnu/libglib-2.0.so.0.4400.0
7f768bffe000-7f768bfff000 rw-p 0010d000 fc:02 1053127                    /lib/x86_64-linux-gnu/libglib-2.0.so.0.4400.0
7f768bfff000-7f768c000000 rw-p 00000000 00:00 0 
7f768c000000-7f768c021000 rw-p 00000000 00:00 0 
7f768c021000-7f7690000000 ---p 00000000 00:00 0 
7f7690000000-7f7690021000 rw-p 00000000 00:00 0 
7f7690021000-7f7694000000 ---p 00000000 00:00 0 
7f7694000000-7f7694021000 rw-p 00000000 00:00 0 
7f7694021000-7f7698000000 ---p 00000000 00:00 0 
7f7698000000-7f7698021000 rw-p 00000000 00:00 0 
7f7698021000-7f769c000000 ---p 00000000 00:00 0 
7f769c000000-7f769c021000 rw-p 00000000 00:00 0 
7f769c021000-7f76a0000000 ---p 00000000 00:00 0 
7f76a0000000-7f76a0021000 rw-p 00000000 00:00 0 
7f76a0021000-7f76a4000000 ---p 00000000 00:00 0 
7f76a4000000-7f76a4021000 rw-p 00000000 00:00 0 
7f76a4021000-7f76a8000000 ---p 00000000 00:00 0 
7f76a8000000-7f76a8021000 rw-p 00000000 00:00 0 
7f76a8021000-7f76ac000000 ---p 00000000 00:00 0 
7f76ac000000-7f76ac021000 rw-p 00000000 00:00 0 
7f76ac021000-7f76b0000000 ---p 00000000 00:00 0 
7f76b0000000-7f76b0023000 rw-p 00000000 00:00 0 
7f76b0023000-7f76b4000000 ---p 00000000 00:00 0 
7f76b4000000-7f76b4021000 rw-p 00000000 00:00 0 
7f76b4021000-7f76b8000000 ---p 00000000 00:00 0 
7f76b8000000-7f76b8021000 rw-p 00000000 00:00 0 
7f76b8021000-7f76bc000000 ---p 00000000 00:00 0 
7f76bc000000-7f76bc2a9000 rw-p 00000000 00:00 0 
7f76bc2a9000-7f76c0000000 ---p 00000000 00:00 0 
7f76c0000000-7f76c01ec000 rw-p 00000000 00:00 0 
7f76c01ec000-7f76c4000000 ---p 00000000 00:00 0 
7f76c4000000-7f76c436e000 rw-p 00000000 00:00 0 
7f76c436e000-7f76c8000000 ---p 00000000 00:00 0 
7f76c8000000-7f76c826f000 rw-p 00000000 00:00 0 
7f76c826f000-7f76cc000000 ---p 00000000 00:00 0 
7f76cc000000-7f76cc021000 rw-p 00000000 00:00 0 
7f76cc021000-7f76d0000000 ---p 00000000 00:00 0 
7f76d0000000-7f76d0021000 rw-p 00000000 00:00 0 
7f76d0021000-7f76d4000000 ---p 00000000 00:00 0 
7f76d4000000-7f76d4021000 rw-p 00000000 00:00 0 
7f76d4021000-7f76d8000000 ---p 00000000 00:00 0 
7f76d808e000-7f76d80de000 r-xp 00000000 fc:02 2107751                    /usr/lib/x86_64-linux-gnu/libgobject-2.0.so.0.4400.0
7f76d80de000-7f76d82de000 ---p 00050000 fc:02 2107751                    /usr/lib/x86_64-linux-gnu/libgobject-2.0.so.0.4400.0
7f76d82de000-7f76d82df000 r--p 00050000 fc:02 2107751                    /usr/lib/x86_64-linux-gnu/libgobject-2.0.so.0.4400.0
7f76d82df000-7f76d82e0000 rw-p 00051000 fc:02 2107751                    /usr/lib/x86_64-linux-gnu/libgobject-2.0.so.0.4400.0
7f76d82e0000-7f76e0000000 rw-p 00000000 00:00 0 
7f76e0000000-7f76e0021000 rw-p 00000000 00:00 0 
7f76e0021000-7f76e4000000 ---p 00000000 00:00 0 
7f76e4000000-7f76e4021000 rw-p 00000000 00:00 0 
7f76e4021000-7f76e8000000 ---p 00000000 00:00 0 
7f76e8000000-7f76e8021000 rw-p 00000000 00:00 0 
7f76e8021000-7f76ec000000 ---p 00000000 00:00 0 
7f76ec0b3000-7f76ec0b6000 ---p 00000000 00:00 0 
7f76ec0b6000-7f76ec1b4000 rw-p 00000000 00:00 0                          [stack:29151]
7f76ec1b4000-7f76ec32c000 r-xp 00000000 fc:02 2107723                    /usr/lib/x86_64-linux-gnu/libgio-2.0.so.0.4400.0
7f76ec32c000-7f76ec52c000 ---p 00178000 fc:02 2107723                    /usr/lib/x86_64-linux-gnu/libgio-2.0.so.0.4400.0
7f76ec52c000-7f76ec530000 r--p 00178000 fc:02 2107723                    /usr/lib/x86_64-linux-gnu/libgio-2.0.so.0.4400.0
7f76ec530000-7f76ec532000 rw-p 0017c000 fc:02 2107723                    /usr/lib/x86_64-linux-gnu/libgio-2.0.so.0.4400.0
7f76ec532000-7f76ec534000 rw-p 00000000 00:00 0 
7f76ec534000-7f76ec53a000 r-xp 00000000 fc:02 2102685                    /usr/lib/jayatana/libjayatana.so
7f76ec53a000-7f76ec739000 ---p 00006000 fc:02 2102685                    /usr/lib/jayatana/libjayatana.so
7f76ec739000-7f76ec73a000 r--p 00005000 fc:02 2102685                    /usr/lib/jayatana/libjayatana.so
7f76ec73a000-7f76ec73b000 rw-p 00006000 fc:02 2102685                    /usr/lib/jayatana/libjayatana.so
7f76ec73b000-7f76ec73c000 r-xp 00000000 fc:02 2238503                    /usr/lib/jvm/java-8-openjdk-amd64/jre/lib/amd64/libjawt.so
7f76ec73c000-7f76ec93b000 ---p 00001000 fc:02 2238503                    /usr/lib/jvm/java-8-openjdk-amd64/jre/lib/amd64/libjawt.so
7f76ec93b000-7f76ec93c000 r--p 00000000 fc:02 2238503                    /usr/lib/jvm/java-8-openjdk-amd64/jre/lib/amd64/libjawt.so
7f76ec93c000-7f76ec93d000 rw-p 00001000 fc:02 2238503                    /usr/lib/jvm/java-8-openjdk-amd64/jre/lib/amd64/libjawt.so
7f76ec93d000-7f76ec940000 ---p 00000000 00:00 0 
7f76ec940000-7f76eca3e000 rw-p 00000000 00:00 0                          [stack:29140]
7f76eca3e000-7f76eca41000 ---p 00000000 00:00 0 
7f76eca41000-7f76ecd3f000 rw-p 00000000 00:00 0                          [stack:29139]
7f76ecd3f000-7f76ecd44000 r-xp 00000000 fc:02 2107316                    /usr/lib/x86_64-linux-gnu/libXfixes.so.3.1.0
7f76ecd44000-7f76ecf43000 ---p 00005000 fc:02 2107316                    /usr/lib/x86_64-linux-gnu/libXfixes.so.3.1.0
7f76ecf43000-7f76ecf44000 r--p 00004000 fc:02 2107316                    /usr/lib/x86_64-linux-gnu/libXfixes.so.3.1.0
7f76ecf44000-7f76ecf45000 rw-p 00005000 fc:02 2107316                    /usr/lib/x86_64-linux-gnu/libXfixes.so.3.1.0
7f76ecf45000-7f76ecf4e000 r-xp 00000000 fc:02 2107308                    /usr/lib/x86_64-linux-gnu/libXcursor.so.1.0.2
7f76ecf4e000-7f76ed14d000 ---p 00009000 fc:02 2107308                    /usr/lib/x86_64-linux-gnu/libXcursor.so.1.0.2
7f76ed14d000-7f76ed14e000 r--p 00008000 fc:02 2107308                    /usr/lib/x86_64-linux-gnu/libXcursor.so.1.0.2
7f76ed14e000-7f76ed14f000 rw-p 00009000 fc:02 2107308                    /usr/lib/x86_64-linux-gnu/libXcursor.so.1.0.2
7f76ed14f000-7f76ed174000 r-xp 00000000 fc:02 1053222                    /lib/x86_64-linux-gnu/libpng12.so.0.51.0
7f76ed174000-7f76ed373000 ---p 00025000 fc:02 1053222                    /lib/x86_64-linux-gnu/libpng12.so.0.51.0
7f76ed373000-7f76ed374000 r--p 00024000 fc:02 1053222                    /lib/x86_64-linux-gnu/libpng12.so.0.51.0
7f76ed374000-7f76ed375000 rw-p 00025000 fc:02 1053222                    /lib/x86_64-linux-gnu/libpng12.so.0.51.0
7f76ed375000-7f76ed417000 r-xp 00000000 fc:02 2107666                    /usr/lib/x86_64-linux-gnu/libfreetype.so.6.11.1
7f76ed417000-7f76ed616000 ---p 000a2000 fc:02 2107666                    /usr/lib/x86_64-linux-gnu/libfreetype.so.6.11.1
7f76ed616000-7f76ed61c000 r--p 000a1000 fc:02 2107666                    /usr/lib/x86_64-linux-gnu/libfreetype.so.6.11.1
7f76ed61c000-7f76ed61d000 rw-p 000a7000 fc:02 2107666                    /usr/lib/x86_64-linux-gnu/libfreetype.so.6.11.1
7f76ed61d000-7f76ed66f000 r-xp 00000000 fc:02 2238500                    /usr/lib/jvm/java-8-openjdk-amd64/jre/lib/amd64/libfontmanager.so
7f76ed66f000-7f76ed86f000 ---p 00052000 fc:02 2238500                    /usr/lib/jvm/java-8-openjdk-amd64/jre/lib/amd64/libfontmanager.so
7f76ed86f000-7f76ed872000 r--p 00052000 fc:02 2238500                    /usr/lib/jvm/java-8-openjdk-amd64/jre/lib/amd64/libfontmanager.so
7f76ed872000-7f76ed873000 rw-p 00055000 fc:02 2238500                    /usr/lib/jvm/java-8-openjdk-amd64/jre/lib/amd64/libfontmanager.so
7f76ed873000-7f76ed876000 ---p 00000000 00:00 0 
7f76ed876000-7f76ed974000 rw-p 00000000 00:00 0                          [stack:29135]
7f76ed974000-7f76ed977000 ---p 00000000 00:00 0 
7f76ed977000-7f76eda75000 rw-p 00000000 00:00 0                          [stack:29134]
7f76eda75000-7f76eda78000 ---p 00000000 00:00 0 
7f76eda78000-7f76edb76000 rw-p 00000000 00:00 0                          [stack:29133]
7f76edb76000-7f76edb79000 ---p 00000000 00:00 0 
7f76edb79000-7f76edc77000 rw-p 00000000 00:00 0                          [stack:29132]
7f76edc77000-7f76edc7a000 ---p 00000000 00:00 0 
7f76edc7a000-7f76edd78000 rw-p 00000000 00:00 0                          [stack:29138]
7f76edd78000-7f76edd7b000 ---p 00000000 00:00 0 
7f76edd7b000-7f76ede79000 rw-p 00000000 00:00 0                          [stack:29129]
7f76ede79000-7f76ede7c000 ---p 00000000 00:00 0 
7f76ede7c000-7f76edf7a000 rw-p 00000000 00:00 0                          [stack:29136]
7f76edf7a000-7f76edf89000 r-xp 00000000 fc:02 2107322                    /usr/lib/x86_64-linux-gnu/libXi.so.6.1.0
7f76edf89000-7f76ee188000 ---p 0000f000 fc:02 2107322                    /usr/lib/x86_64-linux-gnu/libXi.so.6.1.0
7f76ee188000-7f76ee189000 r--p 0000e000 fc:02 2107322                    /usr/lib/x86_64-linux-gnu/libXi.so.6.1.0
7f76ee189000-7f76ee18a000 rw-p 0000f000 fc:02 2107322                    /usr/lib/x86_64-linux-gnu/libXi.so.6.1.0
7f76ee18a000-7f76ee18f000 r-xp 00000000 fc:02 2107342                    /usr/lib/x86_64-linux-gnu/libXtst.so.6.1.0
7f76ee18f000-7f76ee38e000 ---p 00005000 fc:02 2107342                    /usr/lib/x86_64-linux-gnu/libXtst.so.6.1.0
7f76ee38e000-7f76ee38f000 r--p 00004000 fc:02 2107342                    /usr/lib/x86_64-linux-gnu/libXtst.so.6.1.0
7f76ee38f000-7f76ee390000 rw-p 00005000 fc:02 2107342                    /usr/lib/x86_64-linux-gnu/libXtst.so.6.1.0
7f76ee390000-7f76ee399000 r-xp 00000000 fc:02 2107336                    /usr/lib/x86_64-linux-gnu/libXrender.so.1.3.0
7f76ee399000-7f76ee598000 ---p 00009000 fc:02 2107336                    /usr/lib/x86_64-linux-gnu/libXrender.so.1.3.0
7f76ee598000-7f76ee599000 r--p 00008000 fc:02 2107336                    /usr/lib/x86_64-linux-gnu/libXrender.so.1.3.0
7f76ee599000-7f76ee59a000 rw-p 00009000 fc:02 2107336                    /usr/lib/x86_64-linux-gnu/libXrender.so.1.3.0
7f76ee59a000-7f76ee5ab000 r-xp 00000000 fc:02 2107314                    /usr/lib/x86_64-linux-gnu/libXext.so.6.4.0
7f76ee5ab000-7f76ee7aa000 ---p 00011000 fc:02 2107314                    /usr/lib/x86_64-linux-gnu/libXext.so.6.4.0
7f76ee7aa000-7f76ee7ab000 r--p 00010000 fc:02 2107314                    /usr/lib/x86_64-linux-gnu/libXext.so.6.4.0
7f76ee7ab000-7f76ee7ac000 rw-p 00011000 fc:02 2107314                    /usr/lib/x86_64-linux-gnu/libXext.so.6.4.0
7f76ee7ac000-7f76ee7af000 ---p 00000000 00:00 0 
7f76ee7af000-7f76ee8ad000 rw-p 00000000 00:00 0                          [stack:29127]
7f76ee8ad000-7f76ee904000 r-xp 00000000 fc:02 2238488                    /usr/lib/jvm/java-8-openjdk-amd64/jre/lib/amd64/libawt_xawt.so
7f76ee904000-7f76eeb04000 ---p 00057000 fc:02 2238488                    /usr/lib/jvm/java-8-openjdk-amd64/jre/lib/amd64/libawt_xawt.so
7f76eeb04000-7f76eeb05000 r--p 00057000 fc:02 2238488                    /usr/lib/jvm/java-8-openjdk-amd64/jre/lib/amd64/libawt_xawt.so
7f76eeb05000-7f76eeb08000 rw-p 00058000 fc:02 2238488                    /usr/lib/jvm/java-8-openjdk-amd64/jre/lib/amd64/libawt_xawt.so
7f76eeb08000-7f76eeb09000 rw-p 00000000 00:00 0 
7f76eeb09000-7f76eeb0c000 ---p 00000000 00:00 0 
7f76eeb0c000-7f76eec0a000 rw-p 00000000 00:00 0                          [stack:29126]
7f76eec0a000-7f76eecab000 r-xp 00000000 fc:02 2238519                    /usr/lib/jvm/java-8-openjdk-amd64/jre/lib/amd64/libawt.so
7f76eecab000-7f76eeeaa000 ---p 000a1000 fc:02 2238519                    /usr/lib/jvm/java-8-openjdk-amd64/jre/lib/amd64/libawt.so
7f76eeeaa000-7f76eeeab000 r--p 000a0000 fc:02 2238519                    /usr/lib/jvm/java-8-openjdk-amd64/jre/lib/amd64/libawt.so
7f76eeeab000-7f76eeeb6000 rw-p 000a1000 fc:02 2238519                    /usr/lib/jvm/java-8-openjdk-amd64/jre/lib/amd64/libawt.so
7f76eeeb6000-7f76eeedb000 rw-p 00000000 00:00 0 
7f76eeedb000-7f76eeede000 ---p 00000000 00:00 0 
7f76eeede000-7f76eefdc000 rw-p 00000000 00:00 0                          [stack:29125]
7f76eefdc000-7f76eefdf000 ---p 00000000 00:00 0 
7f76eefdf000-7f76ef0dd000 rw-p 00000000 00:00 0                          [stack:29124]
7f76ef0dd000-7f76ef0e0000 ---p 00000000 00:00 0 
7f76ef0e0000-7f76ef1de000 rw-p 00000000 00:00 0                          [stack:29123]
7f76ef1de000-7f76ef1e1000 ---p 00000000 00:00 0 
7f76ef1e1000-7f76ef2df000 rw-p 00000000 00:00 0                          [stack:29122]
7f76ef2df000-7f76ef2e2000 ---p 00000000 00:00 0 
7f76ef2e2000-7f76ef6e1000 rw-p 00000000 00:00 0                          [stack:29121]
7f76ef6e1000-7f76ef6f8000 r-xp 00000000 fc:02 2238492                    /usr/lib/jvm/java-8-openjdk-amd64/jre/lib/amd64/libnet.so
7f76ef6f8000-7f76ef8f7000 ---p 00017000 fc:02 2238492                    /usr/lib/jvm/java-8-openjdk-amd64/jre/lib/amd64/libnet.so
7f76ef8f7000-7f76ef8f8000 r--p 00016000 fc:02 2238492                    /usr/lib/jvm/java-8-openjdk-amd64/jre/lib/amd64/libnet.so
7f76ef8f8000-7f76ef8f9000 rw-p 00017000 fc:02 2238492                    /usr/lib/jvm/java-8-openjdk-amd64/jre/lib/amd64/libnet.so
7f76ef8f9000-7f76ef8fc000 ---p 00000000 00:00 0 
7f76ef8fc000-7f76ef9fa000 rw-p 00000000 00:00 0                          [stack:29120]
7f76ef9fa000-7f76ef9fb000 r-xp 00000000 fc:02 269472                     /opt/idea/bin/libbreakgen64.so
7f76ef9fb000-7f76efbfa000 ---p 00001000 fc:02 269472                     /opt/idea/bin/libbreakgen64.so
7f76efbfa000-7f76efbfb000 r--p 00000000 fc:02 269472                     /opt/idea/bin/libbreakgen64.so
7f76efbfb000-7f76efbfc000 rw-p 00001000 fc:02 269472                     /opt/idea/bin/libbreakgen64.so
7f76efbfc000-7f76efbfd000 ---p 00000000 00:00 0 
7f76efbfd000-7f76efcfd000 rw-p 00000000 00:00 0                          [stack:29119]
7f76efcfd000-7f76efd00000 ---p 00000000 00:00 0 
7f76efd00000-7f76efdfe000 rw-p 00000000 00:00 0                          [stack:29118]
7f76efdfe000-7f76efe01000 ---p 00000000 00:00 0 
7f76efe01000-7f76efeff000 rw-p 00000000 00:00 0                          [stack:29117]
7f76efeff000-7f76eff02000 ---p 00000000 00:00 0 
7f76eff02000-7f76f0000000 rw-p 00000000 00:00 0                          [stack:29116]
7f76f0000000-7f76f0021000 rw-p 00000000 00:00 0 
7f76f0021000-7f76f4000000 ---p 00000000 00:00 0 
7f76f408b000-7f76f40a5000 rw-s 00000000 00:05 88440854                   /SYSV00000000 (deleted)
7f76f40ce000-7f76f40d1000 ---p 00000000 00:00 0 
7f76f40d1000-7f76f41cf000 rw-p 00000000 00:00 0                          [stack:29115]
7f76f41cf000-7f76f41d2000 ---p 00000000 00:00 0 
7f76f41d2000-7f76f42d0000 rw-p 00000000 00:00 0                          [stack:29114]
7f76f42d0000-7f76f42d5000 r-xp 00000000 fc:02 2107312                    /usr/lib/x86_64-linux-gnu/libXdmcp.so.6.0.0
7f76f42d5000-7f76f44d4000 ---p 00005000 fc:02 2107312                    /usr/lib/x86_64-linux-gnu/libXdmcp.so.6.0.0
7f76f44d4000-7f76f44d5000 r--p 00004000 fc:02 2107312                    /usr/lib/x86_64-linux-gnu/libXdmcp.so.6.0.0
7f76f44d5000-7f76f44d6000 rw-p 00005000 fc:02 2107312                    /usr/lib/x86_64-linux-gnu/libXdmcp.so.6.0.0
7f76f44d6000-7f76f44d8000 r-xp 00000000 fc:02 2107301                    /usr/lib/x86_64-linux-gnu/libXau.so.6.0.0
7f76f44d8000-7f76f46d8000 ---p 00002000 fc:02 2107301                    /usr/lib/x86_64-linux-gnu/libXau.so.6.0.0
7f76f46d8000-7f76f46d9000 r--p 00002000 fc:02 2107301                    /usr/lib/x86_64-linux-gnu/libXau.so.6.0.0
7f76f46d9000-7f76f46da000 rw-p 00003000 fc:02 2107301                    /usr/lib/x86_64-linux-gnu/libXau.so.6.0.0
7f76f46da000-7f76f46f7000 r-xp 00000000 fc:02 2108499                    /usr/lib/x86_64-linux-gnu/libxcb.so.1.1.0
7f76f46f7000-7f76f48f7000 ---p 0001d000 fc:02 2108499                    /usr/lib/x86_64-linux-gnu/libxcb.so.1.1.0
7f76f48f7000-7f76f48f8000 r--p 0001d000 fc:02 2108499                    /usr/lib/x86_64-linux-gnu/libxcb.so.1.1.0
7f76f48f8000-7f76f48f9000 rw-p 0001e000 fc:02 2108499                    /usr/lib/x86_64-linux-gnu/libxcb.so.1.1.0
7f76f48f9000-7f76f4a2c000 r-xp 00000000 fc:02 2107297                    /usr/lib/x86_64-linux-gnu/libX11.so.6.3.0
7f76f4a2c000-7f76f4c2c000 ---p 00133000 fc:02 2107297                    /usr/lib/x86_64-linux-gnu/libX11.so.6.3.0
7f76f4c2c000-7f76f4c2d000 r--p 00133000 fc:02 2107297                    /usr/lib/x86_64-linux-gnu/libX11.so.6.3.0
7f76f4c2d000-7f76f4c31000 rw-p 00134000 fc:02 2107297                    /usr/lib/x86_64-linux-gnu/libX11.so.6.3.0
7f76f4c31000-7f76f4c32000 rw-p 00000000 00:00 0 
7f76f4c34000-7f76f4c35000 rwxp 00000000 00:00 0 
7f76f4c35000-7f76f4c3c000 r--s 00000000 fc:02 2361616                    /usr/lib/x86_64-linux-gnu/gconv/gconv-modules.cache
7f76f4c3d000-7f76f4c40000 r--s 00015000 fc:02 2238555                    /usr/lib/jvm/java-8-openjdk-amd64/jre/lib/jce.jar
7f76f4c40000-7f76f4c45000 r--s 00094000 fc:02 2238521                    /usr/lib/jvm/java-8-openjdk-amd64/jre/lib/jsse.jar
7f76f4c45000-7f76f4c46000 rwxp 00000000 00:00 0 
7f76f4c46000-7f76f4c4b000 r--s 002f8000 fc:02 2238526                    /usr/lib/jvm/java-8-openjdk-amd64/jre/lib/charsets.jar
7f76f4c4b000-7f76f4c4d000 r--s 00006000 fc:02 2502834                    /usr/share/java/jayatana.jar
7f76f4c4d000-7f76f4c4f000 r-xp 00000000 fc:02 2102686                    /usr/lib/jayatana/libjayatanaag.so
7f76f4c4f000-7f76f4e4e000 ---p 00002000 fc:02 2102686                    /usr/lib/jayatana/libjayatanaag.so
7f76f4e4e000-7f76f4e4f000 r--p 00001000 fc:02 2102686                    /usr/lib/jayatana/libjayatanaag.so
7f76f4e4f000-7f76f4e50000 rw-p 00002000 fc:02 2102686                    /usr/lib/jayatana/libjayatanaag.so
7f76f4e50000-7f76f4e51000 r--s 00000000 fc:02 2502835                    /usr/share/java/jayatanaag.jar
7f76f4e51000-7f76f4e53000 r--s 00016000 fc:02 269480                     /opt/idea/lib/idea_rt.jar
7f76f4e53000-7f76f4efb000 r--s 0090a000 fc:01 13763294                   /home/beenotung/git/workspace/hkcc-pacman-robot/lib/NeuroEvolution/NeuroEvolution.jar
7f76f4efb000-7f76f4f7f000 r--s 00826000 fc:01 13763305                   /home/beenotung/git/workspace/hkcc-pacman-robot/lib/myutils/myutils.jar
7f76f4f7f000-7f76f4fd8000 r--s 004f6000 fc:01 13239010                   /home/beenotung/.ivy2/cache/org.scala-lang/scala-library/jars/scala-library-2.11.6.jar
7f76f4fd8000-7f76f4fdb000 r--s 0001a000 fc:01 13238828                   /home/beenotung/.sbt/boot/scala-2.10.4/org.scala-sbt/sbt/0.13.8/cache-0.13.8.jar
7f76f4fdb000-7f76f4fdd000 r--s 0000b000 fc:01 13238857                   /home/beenotung/.sbt/boot/scala-2.10.4/org.scala-sbt/sbt/0.13.8/tracking-0.13.8.jar
7f76f4fdd000-7f76f4fe3000 r--s 0003d000 fc:01 13238838                   /home/beenotung/.sbt/boot/scala-2.10.4/org.scala-sbt/sbt/0.13.8/io-0.13.8.jar
7f76f4fe3000-7f76f4fea000 r--s 0004b000 fc:01 13238841                   /home/beenotung/.sbt/boot/scala-2.10.4/org.scala-sbt/sbt/0.13.8/serialization_2.10-0.1.1.jar
7f76f4fea000-7f76f4fec000 r--s 00001000 fc:01 13238836                   /home/beenotung/.sbt/boot/scala-2.10.4/org.scala-sbt/sbt/0.13.8/launcher-interface-0.13.8.jar
7f76f4fec000-7f76f4fee000 r--s 00002000 fc:01 13238852                   /home/beenotung/.sbt/boot/scala-2.10.4/org.scala-sbt/sbt/0.13.8/test-interface-1.0.jar
7f76f4fee000-7f76f4ff3000 r--s 00036000 fc:01 13238849                   /home/beenotung/.sbt/boot/scala-2.10.4/org.scala-sbt/sbt/0.13.8/compile-0.13.8.jar
7f76f4ff3000-7f76f4ff7000 r--s 0001b000 fc:01 13238855                   /home/beenotung/.sbt/boot/scala-2.10.4/org.scala-sbt/sbt/0.13.8/process-0.13.8.jar
7f76f4ff7000-7f76f4ff9000 r--s 00014000 fc:01 13238819                   /home/beenotung/.sbt/boot/scala-2.10.4/org.scala-sbt/sbt/0.13.8/apply-macro-0.13.8.jar
7f76f4ff9000-7f76f5000000 r--s 00049000 fc:01 13238823                   /home/beenotung/.sbt/boot/scala-2.10.4/org.scala-sbt/sbt/0.13.8/api-0.13.8.jar
7f76f5000000-7f76f5005000 r--s 00024000 fc:01 13238826                   /home/beenotung/.sbt/boot/scala-2.10.4/org.scala-sbt/sbt/0.13.8/persist-0.13.8.jar
7f76f5005000-7f76f503b000 r--s 002d9000 fc:01 13238862                   /home/beenotung/.sbt/boot/scala-2.10.4/org.scala-sbt/sbt/0.13.8/scala-reflect-2.10.4.jar
7f76f503b000-7f76f5071000 r--s 002d9000 fc:01 13238888                   /home/beenotung/.sbt/boot/scala-2.10.4/lib/scala-reflect.jar
7f76f5071000-7f76f5074000 r--s 0001d000 fc:01 13238835                   /home/beenotung/.sbt/boot/scala-2.10.4/org.scala-sbt/sbt/0.13.8/task-system-0.13.8.jar
7f76f5074000-7f76f5094000 r--s 001a4000 fc:01 13238863                   /home/beenotung/.sbt/boot/scala-2.10.4/org.scala-sbt/sbt/0.13.8/ivy-0.13.8.jar
7f76f5094000-7f76f5096000 r--s 0000b000 fc:01 13238831                   /home/beenotung/.sbt/boot/scala-2.10.4/org.scala-sbt/sbt/0.13.8/xsbti/interface-0.13.8.jar
7f76f5096000-7f76f50ac000 r--s 00100000 fc:01 13238821                   /home/beenotung/.sbt/boot/scala-2.10.4/org.scala-sbt/sbt/0.13.8/ivy-2.3.0-sbt-fccfbd44c9f64523b61398a0155784dcbaeae28f.jar
7f76f50ac000-7f76f50b6000 r--s 00085000 fc:01 13238866                   /home/beenotung/.sbt/boot/scala-2.10.4/org.scala-sbt/sbt/0.13.8/json4s-core_2.10-3.2.10.jar
7f76f50b6000-7f76f50b8000 r--s 00017000 fc:01 13238839                   /home/beenotung/.sbt/boot/scala-2.10.4/org.scala-sbt/sbt/0.13.8/testing-0.13.8.jar
7f76f50b8000-7f76f50bb000 r--s 0001d000 fc:01 13238832                   /home/beenotung/.sbt/boot/scala-2.10.4/org.scala-sbt/sbt/0.13.8/tasks-0.13.8.jar
7f76f50bb000-7f76f50bf000 r--s 00022000 fc:01 13238854                   /home/beenotung/.sbt/boot/scala-2.10.4/org.scala-sbt/sbt/0.13.8/sbinary_2.10-0.4.2.jar
7f76f50bf000-7f76f50c2000 r--s 0001c000 fc:01 13238853                   /home/beenotung/.sbt/boot/scala-2.10.4/org.scala-sbt/sbt/0.13.8/compiler-integration-0.13.8.jar
7f76f50c2000-7f76f50cb000 r--s 0006e000 fc:01 13238850                   /home/beenotung/.sbt/boot/scala-2.10.4/org.scala-sbt/sbt/0.13.8/actions-0.13.8.jar
7f76f50cb000-7f76f50f7000 r--s 00235000 fc:01 13238814                   /home/beenotung/.sbt/boot/scala-2.10.4/org.scala-sbt/sbt/0.13.8/main-0.13.8.jar
7f76f50f7000-7f76f50fa000 r--s 00018000 fc:01 13238887                   /home/beenotung/.sbt/boot/scala-2.10.4/lib/jansi.jar
7f76f50fa000-7f76f50ff000 r--s 00036000 fc:01 13238867                   /home/beenotung/.sbt/boot/scala-2.10.4/org.scala-sbt/sbt/0.13.8/command-0.13.8.jar
7f76f50ff000-7f76f5102000 r--s 00013000 fc:01 13238868                   /home/beenotung/.sbt/boot/scala-2.10.4/org.scala-sbt/sbt/0.13.8/classpath-0.13.8.jar
7f76f5102000-7f76f51ff000 r--s 00cca000 fc:01 13238889                   /home/beenotung/.sbt/boot/scala-2.10.4/lib/scala-compiler.jar
7f76f51ff000-7f76f5202000 ---p 00000000 00:00 0 
7f76f5202000-7f76f5300000 rw-p 00000000 00:00 0                          [stack:29106]
7f76f5300000-7f76f59e2000 r--p 00000000 fc:02 2105970                    /usr/lib/locale/locale-archive
7f76f59e2000-7f76f59e5000 ---p 00000000 00:00 0 
7f76f59e5000-7f76f5ae3000 rw-p 00000000 00:00 0                          [stack:29102]
7f76f5ae3000-7f76f5ae6000 ---p 00000000 00:00 0 
7f76f5ae6000-7f76f5be4000 rw-p 00000000 00:00 0                          [stack:29094]
7f76f5be4000-7f76f5be5000 ---p 00000000 00:00 0 
7f76f5be5000-7f76f8000000 rw-p 00000000 00:00 0                          [stack:29093]
7f76f8000000-7f76f8021000 rw-p 00000000 00:00 0 
7f76f8021000-7f76fc000000 ---p 00000000 00:00 0 
7f76fc000000-7f76fc021000 rw-p 00000000 00:00 0 
7f76fc021000-7f7700000000 ---p 00000000 00:00 0 
7f7700000000-7f7700021000 rw-p 00000000 00:00 0 
7f7700021000-7f7704000000 ---p 00000000 00:00 0 
7f7704000000-7f7704021000 rw-p 00000000 00:00 0 
7f7704021000-7f7708000000 ---p 00000000 00:00 0 
7f7708000000-7f7708021000 rw-p 00000000 00:00 0 
7f7708021000-7f770c000000 ---p 00000000 00:00 0 
7f770c000000-7f770c002000 r--s 00002000 fc:01 13238820                   /home/beenotung/.sbt/boot/scala-2.10.4/org.scala-sbt/sbt/0.13.8/control-0.13.8.jar
7f770c002000-7f770c006000 r--s 00025000 fc:01 13238886                   /home/beenotung/.sbt/boot/scala-2.10.4/lib/jline.jar
7f770c006000-7f770c007000 r--s 00001000 fc:01 13238845                   /home/beenotung/.sbt/boot/scala-2.10.4/org.scala-sbt/sbt/0.13.8/cross-0.13.8.jar
7f770c007000-7f770c009000 r--s 00013000 fc:01 13238837                   /home/beenotung/.sbt/boot/scala-2.10.4/org.scala-sbt/sbt/0.13.8/json4s-ast_2.10-3.2.10.jar
7f770c009000-7f770c00a000 r--s 00001000 fc:01 13238815                   /home/beenotung/.sbt/boot/scala-2.10.4/org.scala-sbt/sbt/0.13.8/json4s-support_2.10-0.6.0.jar
7f770c00a000-7f770c00e000 r--s 00034000 fc:01 13238818                   /home/beenotung/.sbt/boot/scala-2.10.4/org.scala-sbt/sbt/0.13.8/jsch-0.1.46.jar
7f770c00e000-7f770c00f000 r--s 00005000 fc:01 13238858                   /home/beenotung/.sbt/boot/scala-2.10.4/org.scala-sbt/sbt/0.13.8/sbt-0.13.8.jar
7f770c00f000-7f770c081000 r--s 0065a000 fc:01 13238890                   /home/beenotung/.sbt/boot/scala-2.10.4/lib/scala-library.jar
7f770c081000-7f770c08b000 r--s 00092000 fc:01 13238817                   /home/beenotung/.sbt/boot/scala-2.10.4/org.scala-sbt/sbt/0.13.8/main-settings-0.13.8.jar
7f770c08b000-7f770c08d000 r--s 00006000 fc:01 13238848                   /home/beenotung/.sbt/boot/scala-2.10.4/org.scala-sbt/sbt/0.13.8/relation-0.13.8.jar
7f770c08d000-7f770c090000 r--s 00030000 fc:01 13238859                   /home/beenotung/.sbt/boot/scala-2.10.4/org.scala-sbt/sbt/0.13.8/jline-2.11.jar
7f770c090000-7f770c092000 r--s 0000e000 fc:01 13238847                   /home/beenotung/.sbt/boot/scala-2.10.4/org.scala-sbt/sbt/0.13.8/logic-0.13.8.jar
7f770c092000-7f770c09c000 r--s 0006e000 fc:01 13238824                   /home/beenotung/.sbt/boot/scala-2.10.4/org.scala-sbt/sbt/0.13.8/incremental-compiler-0.13.8.jar
7f770c09c000-7f770c0a4000 r--s 00060000 fc:01 13238822                   /home/beenotung/.sbt/boot/scala-2.10.4/org.scala-sbt/sbt/0.13.8/collections-0.13.8.jar
7f770c0a4000-7f770c0a7000 r--s 00018000 fc:01 13238840                   /home/beenotung/.sbt/boot/scala-2.10.4/org.scala-sbt/sbt/0.13.8/logging-0.13.8.jar
7f770c0a7000-7f770c0b6000 r--s 000bb000 fc:01 13238842                   /home/beenotung/.sbt/boot/scala-2.10.4/org.scala-sbt/sbt/0.13.8/scala-pickling_2.10-0.10.0.jar
7f770c0b6000-7f770c0b9000 r--s 0001e000 fc:01 13238827                   /home/beenotung/.sbt/boot/scala-2.10.4/org.scala-sbt/sbt/0.13.8/run-0.13.8.jar
7f770c0b9000-7f770c0bb000 r--s 00007000 fc:01 13238851                   /home/beenotung/.sbt/boot/scala-2.10.4/org.scala-sbt/sbt/0.13.8/paranamer-2.6.jar
7f770c0bb000-7f770c0bd000 r--s 00012000 fc:01 13238856                   /home/beenotung/.sbt/boot/scala-2.10.4/org.scala-sbt/sbt/0.13.8/jawn-parser_2.10-0.6.0.jar
7f770c0bd000-7f770c0c5000 r--s 00057000 fc:01 13238825                   /home/beenotung/.sbt/boot/scala-2.10.4/org.scala-sbt/sbt/0.13.8/completion-0.13.8.jar
7f770c0c5000-7f770c0c7000 r--s 00001000 fc:01 13238869                   /home/beenotung/.sbt/boot/scala-2.10.4/org.scala-sbt/sbt/0.13.8/compiler-ivy-integration-0.13.8.jar
7f770c0c7000-7f770c0d3000 r--s 000a4000 fc:01 13238846                   /home/beenotung/.sbt/boot/scala-2.10.4/org.scala-sbt/sbt/0.13.8/quasiquotes_2.10-2.0.1.jar
7f770c0d3000-7f770c0e6000 r--s 00345000 fc:02 2238525                    /usr/lib/jvm/java-8-openjdk-amd64/jre/lib/resources.jar
7f770c0e6000-7f770c2b3000 r--s 03bd3000 fc:02 2238554                    /usr/lib/jvm/java-8-openjdk-amd64/jre/lib/rt.jar
7f770c2b3000-7f770cafb000 rw-p 00000000 00:00 0 
7f770cafb000-7f770cafc000 ---p 00000000 00:00 0 
7f770cafc000-7f770cbfc000 rw-p 00000000 00:00 0                          [stack:29089]
7f770cbfc000-7f770cbfd000 ---p 00000000 00:00 0 
7f770cbfd000-7f770ccfd000 rw-p 00000000 00:00 0                          [stack:29088]
7f770ccfd000-7f770ccfe000 ---p 00000000 00:00 0 
7f770ccfe000-7f770cdfe000 rw-p 00000000 00:00 0                          [stack:29087]
7f770cdfe000-7f770cdff000 ---p 00000000 00:00 0 
7f770cdff000-7f770ceff000 rw-p 00000000 00:00 0                          [stack:29086]
7f770ceff000-7f770cf00000 ---p 00000000 00:00 0 
7f770cf00000-7f770d000000 rw-p 00000000 00:00 0                          [stack:29085]
7f770d000000-7f770d570000 rwxp 00000000 00:00 0 
7f770d570000-7f771c000000 ---p 00000000 00:00 0 
7f771c000000-7f771c9ea000 rw-p 00000000 00:00 0 
7f771c9ea000-7f7720000000 ---p 00000000 00:00 0 
7f7720000000-7f7720003000 r--s 00012000 fc:01 13238829                   /home/beenotung/.sbt/boot/scala-2.10.4/org.scala-sbt/sbt/0.13.8/classfile-0.13.8.jar
7f7720003000-7f7720005000 r--s 00006000 fc:02 2506120                    /usr/share/java/java-atk-wrapper.jar
7f7720005000-7f772000a000 r--s 00094000 fc:02 2238521                    /usr/lib/jvm/java-8-openjdk-amd64/jre/lib/jsse.jar
7f772000a000-7f7720024000 r--s 001d3000 fc:02 2238529                    /usr/lib/jvm/java-8-openjdk-amd64/jre/lib/ext/nashorn.jar
7f7720024000-7f7720071000 rw-p 00000000 00:00 0 
7f7720071000-7f7720072000 ---p 00000000 00:00 0 
7f7720072000-7f7720172000 rw-p 00000000 00:00 0                          [stack:29084]
7f7720172000-7f7720173000 ---p 00000000 00:00 0 
7f7720173000-7f7720273000 rw-p 00000000 00:00 0                          [stack:29083]
7f7720273000-7f7720274000 ---p 00000000 00:00 0 
7f7720274000-7f7720397000 rw-p 00000000 00:00 0                          [stack:29082]
7f7720397000-7f77208ab000 ---p 00000000 00:00 0 
7f77208ab000-7f77208ce000 rw-p 00000000 00:00 0 
7f77208ce000-7f7720de1000 ---p 00000000 00:00 0 
7f7720de1000-7f7720e0c000 rw-p 00000000 00:00 0 
7f7720e0c000-7f772107d000 ---p 00000000 00:00 0 
7f772107d000-7f7721094000 rw-p 00000000 00:00 0 
7f7721094000-7f772143e000 ---p 00000000 00:00 0 
7f772143e000-7f7721446000 r-xp 00000000 fc:02 2238485                    /usr/lib/jvm/java-8-openjdk-amd64/jre/lib/amd64/libzip.so
7f7721446000-7f7721645000 ---p 00008000 fc:02 2238485                    /usr/lib/jvm/java-8-openjdk-amd64/jre/lib/amd64/libzip.so
7f7721645000-7f7721646000 r--p 00007000 fc:02 2238485                    /usr/lib/jvm/java-8-openjdk-amd64/jre/lib/amd64/libzip.so
7f7721646000-7f7721647000 rw-p 00008000 fc:02 2238485                    /usr/lib/jvm/java-8-openjdk-amd64/jre/lib/amd64/libzip.so
7f7721647000-7f7721653000 r-xp 00000000 fc:02 1053180                    /lib/x86_64-linux-gnu/libnss_files-2.21.so
7f7721653000-7f7721852000 ---p 0000c000 fc:02 1053180                    /lib/x86_64-linux-gnu/libnss_files-2.21.so
7f7721852000-7f7721853000 r--p 0000b000 fc:02 1053180                    /lib/x86_64-linux-gnu/libnss_files-2.21.so
7f7721853000-7f7721854000 rw-p 0000c000 fc:02 1053180                    /lib/x86_64-linux-gnu/libnss_files-2.21.so
7f7721854000-7f772185f000 r-xp 00000000 fc:02 1053190                    /lib/x86_64-linux-gnu/libnss_nis-2.21.so
7f772185f000-7f7721a5e000 ---p 0000b000 fc:02 1053190                    /lib/x86_64-linux-gnu/libnss_nis-2.21.so
7f7721a5e000-7f7721a5f000 r--p 0000a000 fc:02 1053190                    /lib/x86_64-linux-gnu/libnss_nis-2.21.so
7f7721a5f000-7f7721a60000 rw-p 0000b000 fc:02 1053190                    /lib/x86_64-linux-gnu/libnss_nis-2.21.so
7f7721a60000-7f7721a77000 r-xp 00000000 fc:02 1053174                    /lib/x86_64-linux-gnu/libnsl-2.21.so
7f7721a77000-7f7721c76000 ---p 00017000 fc:02 1053174                    /lib/x86_64-linux-gnu/libnsl-2.21.so
7f7721c76000-7f7721c77000 r--p 00016000 fc:02 1053174                    /lib/x86_64-linux-gnu/libnsl-2.21.so
7f7721c77000-7f7721c78000 rw-p 00017000 fc:02 1053174                    /lib/x86_64-linux-gnu/libnsl-2.21.so
7f7721c78000-7f7721c7a000 rw-p 00000000 00:00 0 
7f7721c7a000-7f7721c82000 r-xp 00000000 fc:02 1053176                    /lib/x86_64-linux-gnu/libnss_compat-2.21.so
7f7721c82000-7f7721e81000 ---p 00008000 fc:02 1053176                    /lib/x86_64-linux-gnu/libnss_compat-2.21.so
7f7721e81000-7f7721e82000 r--p 00007000 fc:02 1053176                    /lib/x86_64-linux-gnu/libnss_compat-2.21.so
7f7721e82000-7f7721e83000 rw-p 00008000 fc:02 1053176                    /lib/x86_64-linux-gnu/libnss_compat-2.21.so
7f7721e83000-7f7721e8d000 r-xp 00000000 fc:02 2238504                    /usr/lib/jvm/java-8-openjdk-amd64/jre/lib/amd64/libinstrument.so
7f7721e8d000-7f772208c000 ---p 0000a000 fc:02 2238504                    /usr/lib/jvm/java-8-openjdk-amd64/jre/lib/amd64/libinstrument.so
7f772208c000-7f772208d000 r--p 00009000 fc:02 2238504                    /usr/lib/jvm/java-8-openjdk-amd64/jre/lib/amd64/libinstrument.so
7f772208d000-7f772208e000 rw-p 0000a000 fc:02 2238504                    /usr/lib/jvm/java-8-openjdk-amd64/jre/lib/amd64/libinstrument.so
7f772208e000-7f77220bc000 r-xp 00000000 fc:02 2238482                    /usr/lib/jvm/java-8-openjdk-amd64/jre/lib/amd64/libjava.so
7f77220bc000-7f77222bb000 ---p 0002e000 fc:02 2238482                    /usr/lib/jvm/java-8-openjdk-amd64/jre/lib/amd64/libjava.so
7f77222bb000-7f77222bc000 r--p 0002d000 fc:02 2238482                    /usr/lib/jvm/java-8-openjdk-amd64/jre/lib/amd64/libjava.so
7f77222bc000-7f77222be000 rw-p 0002e000 fc:02 2238482                    /usr/lib/jvm/java-8-openjdk-amd64/jre/lib/amd64/libjava.so
7f77222be000-7f77222cd000 r-xp 00000000 fc:02 2238497                    /usr/lib/jvm/java-8-openjdk-amd64/jre/lib/amd64/libverify.so
7f77222cd000-7f77224cd000 ---p 0000f000 fc:02 2238497                    /usr/lib/jvm/java-8-openjdk-amd64/jre/lib/amd64/libverify.so
7f77224cd000-7f77224d0000 r--p 0000f000 fc:02 2238497                    /usr/lib/jvm/java-8-openjdk-amd64/jre/lib/amd64/libverify.so
7f77224d0000-7f77224d1000 rw-p 00012000 fc:02 2238497                    /usr/lib/jvm/java-8-openjdk-amd64/jre/lib/amd64/libverify.so
7f77224d1000-7f77224d8000 r-xp 00000000 fc:02 1053235                    /lib/x86_64-linux-gnu/librt-2.21.so
7f77224d8000-7f77226d7000 ---p 00007000 fc:02 1053235                    /lib/x86_64-linux-gnu/librt-2.21.so
7f77226d7000-7f77226d8000 r--p 00006000 fc:02 1053235                    /lib/x86_64-linux-gnu/librt-2.21.so
7f77226d8000-7f77226d9000 rw-p 00007000 fc:02 1053235                    /lib/x86_64-linux-gnu/librt-2.21.so
7f77226d9000-7f77226ef000 r-xp 00000000 fc:02 1053123                    /lib/x86_64-linux-gnu/libgcc_s.so.1
7f77226ef000-7f77228ee000 ---p 00016000 fc:02 1053123                    /lib/x86_64-linux-gnu/libgcc_s.so.1
7f77228ee000-7f77228ef000 rw-p 00015000 fc:02 1053123                    /lib/x86_64-linux-gnu/libgcc_s.so.1
7f77228ef000-7f77229f6000 r-xp 00000000 fc:02 1053153                    /lib/x86_64-linux-gnu/libm-2.21.so
7f77229f6000-7f7722bf5000 ---p 00107000 fc:02 1053153                    /lib/x86_64-linux-gnu/libm-2.21.so
7f7722bf5000-7f7722bf6000 r--p 00106000 fc:02 1053153                    /lib/x86_64-linux-gnu/libm-2.21.so
7f7722bf6000-7f7722bf7000 rw-p 00107000 fc:02 1053153                    /lib/x86_64-linux-gnu/libm-2.21.so
7f7722bf7000-7f7722ce7000 r-xp 00000000 fc:02 2108293                    /usr/lib/x86_64-linux-gnu/libstdc++.so.6.0.20
7f7722ce7000-7f7722ee7000 ---p 000f0000 fc:02 2108293                    /usr/lib/x86_64-linux-gnu/libstdc++.so.6.0.20
7f7722ee7000-7f7722eef000 r--p 000f0000 fc:02 2108293                    /usr/lib/x86_64-linux-gnu/libstdc++.so.6.0.20
7f7722eef000-7f7722ef1000 rw-p 000f8000 fc:02 2108293                    /usr/lib/x86_64-linux-gnu/libstdc++.so.6.0.20
7f7722ef1000-7f7722f06000 rw-p 00000000 00:00 0 
7f7722f06000-7f7723b93000 r-xp 00000000 fc:02 2238509                    /usr/lib/jvm/java-8-openjdk-amd64/jre/lib/amd64/server/libjvm.so
7f7723b93000-7f7723d93000 ---p 00c8d000 fc:02 2238509                    /usr/lib/jvm/java-8-openjdk-amd64/jre/lib/amd64/server/libjvm.so
7f7723d93000-7f7723e36000 r--p 00c8d000 fc:02 2238509                    /usr/lib/jvm/java-8-openjdk-amd64/jre/lib/amd64/server/libjvm.so
7f7723e36000-7f7723e5f000 rw-p 00d30000 fc:02 2238509                    /usr/lib/jvm/java-8-openjdk-amd64/jre/lib/amd64/server/libjvm.so
7f7723e5f000-7f7723e8e000 rw-p 00000000 00:00 0 
7f7723e8e000-7f7723ea6000 r-xp 00000000 fc:02 1053227                    /lib/x86_64-linux-gnu/libpthread-2.21.so
7f7723ea6000-7f77240a6000 ---p 00018000 fc:02 1053227                    /lib/x86_64-linux-gnu/libpthread-2.21.so
7f77240a6000-7f77240a7000 r--p 00018000 fc:02 1053227                    /lib/x86_64-linux-gnu/libpthread-2.21.so
7f77240a7000-7f77240a8000 rw-p 00019000 fc:02 1053227                    /lib/x86_64-linux-gnu/libpthread-2.21.so
7f77240a8000-7f77240ac000 rw-p 00000000 00:00 0 
7f77240ac000-7f77240af000 r-xp 00000000 fc:02 1053111                    /lib/x86_64-linux-gnu/libdl-2.21.so
7f77240af000-7f77242ae000 ---p 00003000 fc:02 1053111                    /lib/x86_64-linux-gnu/libdl-2.21.so
7f77242ae000-7f77242af000 r--p 00002000 fc:02 1053111                    /lib/x86_64-linux-gnu/libdl-2.21.so
7f77242af000-7f77242b0000 rw-p 00003000 fc:02 1053111                    /lib/x86_64-linux-gnu/libdl-2.21.so
7f77242b0000-7f77242c9000 r-xp 00000000 fc:02 1053268                    /lib/x86_64-linux-gnu/libz.so.1.2.8
7f77242c9000-7f77244c9000 ---p 00019000 fc:02 1053268                    /lib/x86_64-linux-gnu/libz.so.1.2.8
7f77244c9000-7f77244ca000 r--p 00019000 fc:02 1053268                    /lib/x86_64-linux-gnu/libz.so.1.2.8
7f77244ca000-7f77244cb000 rw-p 0001a000 fc:02 1053268                    /lib/x86_64-linux-gnu/libz.so.1.2.8
7f77244cb000-7f772468b000 r-xp 00000000 fc:02 1053094                    /lib/x86_64-linux-gnu/libc-2.21.so
7f772468b000-7f772488b000 ---p 001c0000 fc:02 1053094                    /lib/x86_64-linux-gnu/libc-2.21.so
7f772488b000-7f772488f000 r--p 001c0000 fc:02 1053094                    /lib/x86_64-linux-gnu/libc-2.21.so
7f772488f000-7f7724891000 rw-p 001c4000 fc:02 1053094                    /lib/x86_64-linux-gnu/libc-2.21.so
7f7724891000-7f7724895000 rw-p 00000000 00:00 0 
7f7724895000-7f77248a3000 r-xp 00000000 fc:02 2238516                    /usr/lib/jvm/java-8-openjdk-amd64/jre/lib/amd64/jli/libjli.so
7f77248a3000-7f7724aa2000 ---p 0000e000 fc:02 2238516                    /usr/lib/jvm/java-8-openjdk-amd64/jre/lib/amd64/jli/libjli.so
7f7724aa2000-7f7724aa3000 r--p 0000d000 fc:02 2238516                    /usr/lib/jvm/java-8-openjdk-amd64/jre/lib/amd64/jli/libjli.so
7f7724aa3000-7f7724aa4000 rw-p 0000e000 fc:02 2238516                    /usr/lib/jvm/java-8-openjdk-amd64/jre/lib/amd64/jli/libjli.so
7f7724aa4000-7f7724ac8000 r-xp 00000000 fc:02 1053066                    /lib/x86_64-linux-gnu/ld-2.21.so
7f7724ac8000-7f7724ac9000 r--s 00005000 fc:01 13238816                   /home/beenotung/.sbt/boot/scala-2.10.4/org.scala-sbt/sbt/0.13.8/test-agent-0.13.8.jar
7f7724ac9000-7f7724acc000 r--s 00015000 fc:02 2238555                    /usr/lib/jvm/java-8-openjdk-amd64/jre/lib/jce.jar
7f7724acc000-7f7724ad1000 r--s 002f8000 fc:02 2238526                    /usr/lib/jvm/java-8-openjdk-amd64/jre/lib/charsets.jar
7f7724ad1000-7f7724ad3000 r--s 00001000 fc:02 2238534                    /usr/lib/jvm/java-8-openjdk-amd64/jre/lib/ext/dnsns.jar
7f7724ad3000-7f7724ade000 r--s 00116000 fc:02 2238531                    /usr/lib/jvm/java-8-openjdk-amd64/jre/lib/ext/localedata.jar
7f7724ade000-7f7724afa000 r--s 00393000 fc:02 2238528                    /usr/lib/jvm/java-8-openjdk-amd64/jre/lib/ext/cldrdata.jar
7f7724afa000-7f7724ba4000 rw-p 00000000 00:00 0 
7f7724ba4000-7f7724ba7000 ---p 00000000 00:00 0 
7f7724ba7000-7f7724caa000 rw-p 00000000 00:00 0                          [stack:29081]
7f7724caa000-7f7724cab000 r--s 00000000 fc:02 2238552                    /usr/lib/jvm/java-8-openjdk-amd64/jre/lib/management-agent.jar
7f7724cab000-7f7724cac000 r--s 00008000 fc:02 2238530                    /usr/lib/jvm/java-8-openjdk-amd64/jre/lib/ext/sunec.jar
7f7724cac000-7f7724cb2000 r--s 0003a000 fc:02 2238533                    /usr/lib/jvm/java-8-openjdk-amd64/jre/lib/ext/sunjce_provider.jar
7f7724cb2000-7f7724cb5000 r--s 00037000 fc:02 2238536                    /usr/lib/jvm/java-8-openjdk-amd64/jre/lib/ext/sunpkcs11.jar
7f7724cb5000-7f7724cb6000 r--s 00010000 fc:02 2238532                    /usr/lib/jvm/java-8-openjdk-amd64/jre/lib/ext/zipfs.jar
7f7724cb6000-7f7724cb8000 r--s 00006000 fc:02 2506120                    /usr/share/java/java-atk-wrapper.jar
7f7724cb8000-7f7724cbb000 r--s 0000f000 fc:02 2238535                    /usr/lib/jvm/java-8-openjdk-amd64/jre/lib/ext/icedtea-sound.jar
7f7724cbb000-7f7724cc3000 rw-s 00000000 fc:02 397870                     /tmp/hsperfdata_beenotung/29080
7f7724cc3000-7f7724cc4000 rw-p 00000000 00:00 0 
7f7724cc4000-7f7724cc5000 r--p 00000000 00:00 0 
7f7724cc5000-7f7724cc7000 rw-p 00000000 00:00 0 
7f7724cc7000-7f7724cc8000 r--p 00023000 fc:02 1053066                    /lib/x86_64-linux-gnu/ld-2.21.so
7f7724cc8000-7f7724cc9000 rw-p 00024000 fc:02 1053066                    /lib/x86_64-linux-gnu/ld-2.21.so
7f7724cc9000-7f7724cca000 rw-p 00000000 00:00 0 
7ffc7b668000-7ffc7b68b000 rw-p 00000000 00:00 0                          [stack]
7ffc7b6eb000-7ffc7b6ed000 r--p 00000000 00:00 0                          [vvar]
7ffc7b6ed000-7ffc7b6ef000 r-xp 00000000 00:00 0                          [vdso]
ffffffffff600000-ffffffffff601000 r-xp 00000000 00:00 0                  [vsyscall]

VM Arguments:
jvm_args: -javaagent:/usr/share/java/jayatanaag.jar -Djava.library.path=/home/beenotung/git/workspace/hkcc-pacman-robot/lib/lwjgl3/native/linux/x64:/home/beenotung/git/workspace/hkcc-pacman-robot/lib/lwjgl3/native/linux/x86:/home/beenotung/git/workspace/hkcc-pacman-robot/lib/lwjgl3/native/macosx/x64:/home/beenotung/git/workspace/hkcc-pacman-robot/lib/lwjgl3/native/windows/x64:/home/beenotung/git/workspace/hkcc-pacman-robot/lib/lwjgl3/native/windows/x86 -Didea.launcher.port=7534 -Didea.launcher.bin.path=/opt/idea/bin -Dfile.encoding=UTF-8 
java_command: com.intellij.rt.execution.application.AppMain edu.hkcc.pacmanrobot.launcher.ServerLauncher
java_class_path (initial): /usr/lib/jvm/java-1.8.0-openjdk-amd64/jre/lib/charsets.jar:/usr/lib/jvm/java-1.8.0-openjdk-amd64/jre/lib/rt.jar:/usr/lib/jvm/java-1.8.0-openjdk-amd64/jre/lib/jsse.jar:/usr/lib/jvm/java-1.8.0-openjdk-amd64/jre/lib/resources.jar:/usr/lib/jvm/java-1.8.0-openjdk-amd64/jre/lib/management-agent.jar:/usr/lib/jvm/java-1.8.0-openjdk-amd64/jre/lib/jce.jar:/usr/lib/jvm/java-1.8.0-openjdk-amd64/jre/lib/ext/cldrdata.jar:/usr/lib/jvm/java-1.8.0-openjdk-amd64/jre/lib/ext/icedtea-sound.jar:/usr/lib/jvm/java-1.8.0-openjdk-amd64/jre/lib/ext/java-atk-wrapper.jar:/usr/lib/jvm/java-1.8.0-openjdk-amd64/jre/lib/ext/zipfs.jar:/usr/lib/jvm/java-1.8.0-openjdk-amd64/jre/lib/ext/sunpkcs11.jar:/usr/lib/jvm/java-1.8.0-openjdk-amd64/jre/lib/ext/sunjce_provider.jar:/usr/lib/jvm/java-1.8.0-openjdk-amd64/jre/lib/ext/nashorn.jar:/usr/lib/jvm/java-1.8.0-openjdk-amd64/jre/lib/ext/localedata.jar:/usr/lib/jvm/java-1.8.0-openjdk-amd64/jre/lib/ext/sunec.jar:/usr/lib/jvm/java-1.8.0-openjdk-amd64/jre/lib/ext/dnsns.jar:/home/beenotung/git/workspace/hkcc-pacman-robot/target/scala-2.11/classes:/home/beenotung/.sbt/boot/scala-2.10.4/org.scala-sbt/sbt/0.13.8/quasiquotes_2.10-2.0.1.jar:/home/beenotung/.sbt/boot/scala-2.10.4/org.scala-sbt/sbt/0.13.8/classfile-0.13.8.jar:/home/beenotung/.sbt/boot/scala-2.10.4/org.scala-sbt/sbt/0.13.8/compiler-ivy-integration-0.13.8.jar:/home/beenotung/.sbt/boot/scala-2.10.4/org.scala-sbt/sbt/0.13.8/completion-0.13.8.jar:/home/beenotung/.sbt/boot/scala-2.10.4/org.scala-sbt/sbt/0.13.8/jawn-parser_2.10-0.6.0.jar:/home/beenotung/.sbt/boot/scala-2.10.4/org.scala-sbt/sbt/0.13.8/paranamer-2.6.jar:/home/beenotung/.sbt/boot/scala-2.10.4/org.scala-sbt/sbt/0.13.8/run-0.13.8.jar:/home/beenotung/.sbt/boot/scala-2.10.4/org.scala-sbt/sbt/0.13.8/test-agent-0.13.8.jar:/home/beenotung/.sbt/boot/scala-2.10.4/org.scala-sbt/sbt/0.13.8/scala-pickling_2.10-0.10.0.jar:/home/beenotung/.sbt/boot/scala-2.10.4/org.scala-sbt/sbt/0.13.8/logging-0.13.8.jar:/home/beenotung/.sbt/boot/sc
Launcher Type: SUN_STANDARD

Environment Variables:
JAVA_TOOL_OPTIONS=-javaagent:/usr/share/java/jayatanaag.jar 
PATH=/usr/games:/home/beenotung/bin:/usr/local/sbin:/usr/local/bin:/usr/sbin:/usr/bin:/sbin:/bin:/usr/games:/usr/local/games
LD_LIBRARY_PATH=/opt/idea/bin:
SHELL=/bin/bash
DISPLAY=:0

Signal Handlers:
SIGSEGV: [libjvm.so+0xa90d80], sa_mask[0]=11111111011111111101111111111110, sa_flags=SA_RESTART|SA_SIGINFO
SIGBUS: [libjvm.so+0xa90d80], sa_mask[0]=11111111011111111101111111111110, sa_flags=SA_RESTART|SA_SIGINFO
SIGFPE: [libjvm.so+0x8dbc70], sa_mask[0]=11111111011111111101111111111110, sa_flags=SA_RESTART|SA_SIGINFO
SIGPIPE: [libjvm.so+0x8dbc70], sa_mask[0]=11111111011111111101111111111110, sa_flags=SA_RESTART|SA_SIGINFO
SIGXFSZ: [libjvm.so+0x8dbc70], sa_mask[0]=11111111011111111101111111111110, sa_flags=SA_RESTART|SA_SIGINFO
SIGILL: [libjvm.so+0x8dbc70], sa_mask[0]=11111111011111111101111111111110, sa_flags=SA_RESTART|SA_SIGINFO
SIGUSR1: SIG_DFL, sa_mask[0]=00000000000000000000000000000000, sa_flags=none
SIGUSR2: [libjvm.so+0x8dbb20], sa_mask[0]=00100000000000000000000000000000, sa_flags=SA_RESTART|SA_SIGINFO
SIGHUP: [libjvm.so+0x8dbd40], sa_mask[0]=11111111011111111101111111111110, sa_flags=SA_RESTART|SA_SIGINFO
SIGINT: [libjvm.so+0x8dbd40], sa_mask[0]=11111111011111111101111111111110, sa_flags=SA_RESTART|SA_SIGINFO
SIGTERM: [libjvm.so+0x8dbd40], sa_mask[0]=11111111011111111101111111111110, sa_flags=SA_RESTART|SA_SIGINFO
SIGQUIT: [libjvm.so+0x8dbd40], sa_mask[0]=11111111011111111101111111111110, sa_flags=SA_RESTART|SA_SIGINFO


---------------  S Y S T E M  ---------------

OS:DISTRIB_ID=Ubuntu
DISTRIB_RELEASE=15.04
DISTRIB_CODENAME=vivid
DISTRIB_DESCRIPTION="Ubuntu 15.04"

uname:Linux 3.19.0-15-generic #15-Ubuntu SMP Thu Apr 16 23:32:37 UTC 2015 x86_64
libc:glibc 2.21 NPTL 2.21 
rlimit: STACK 8192k, CORE 0k, NPROC 63946, NOFILE 65536, AS infinity
load average:2.09 1.27 1.17

/proc/meminfo:
MemTotal:       16393516 kB
MemFree:         3152536 kB
MemAvailable:    7549124 kB
Buffers:          347532 kB
Cached:          4208956 kB
SwapCached:            0 kB
Active:         10323220 kB
Inactive:        2365996 kB
Active(anon):    8135484 kB
Inactive(anon):   178852 kB
Active(file):    2187736 kB
Inactive(file):  2187144 kB
Unevictable:         684 kB
Mlocked:             684 kB
SwapTotal:      33554428 kB
SwapFree:       33554428 kB
Dirty:             10004 kB
Writeback:             0 kB
AnonPages:       8133496 kB
Mapped:           617780 kB
Shmem:            181616 kB
Slab:             332856 kB
SReclaimable:     275124 kB
SUnreclaim:        57732 kB
KernelStack:       18016 kB
PageTables:        91028 kB
NFS_Unstable:          0 kB
Bounce:                0 kB
WritebackTmp:          0 kB
CommitLimit:    41751184 kB
Committed_AS:   16138212 kB
VmallocTotal:   34359738367 kB
VmallocUsed:      145644 kB
VmallocChunk:   34359488724 kB
HardwareCorrupted:     0 kB
AnonHugePages:   3469312 kB
CmaTotal:              0 kB
CmaFree:               0 kB
HugePages_Total:       0
HugePages_Free:        0
HugePages_Rsvd:        0
HugePages_Surp:        0
Hugepagesize:       2048 kB
DirectMap4k:      308796 kB
DirectMap2M:    16429056 kB


CPU:total 8 (4 cores per cpu, 2 threads per core) family 6 model 58 stepping 9, cmov, cx8, fxsr, mmx, sse, sse2, sse3, ssse3, sse4.1, sse4.2, popcnt, avx, aes, clmul, erms, ht, tsc, tscinvbit, tscinv

/proc/cpuinfo:
processor	: 0
vendor_id	: GenuineIntel
cpu family	: 6
model		: 58
model name	: Intel(R) Xeon(R) CPU E3-1230 V2 @ 3.30GHz
stepping	: 9
microcode	: 0x1b
cpu MHz		: 3623.554
cache size	: 8192 KB
physical id	: 0
siblings	: 8
core id		: 0
cpu cores	: 4
apicid		: 0
initial apicid	: 0
fpu		: yes
fpu_exception	: yes
cpuid level	: 13
wp		: yes
flags		: fpu vme de pse tsc msr pae mce cx8 apic sep mtrr pge mca cmov pat pse36 clflush dts acpi mmx fxsr sse sse2 ss ht tm pbe syscall nx rdtscp lm constant_tsc arch_perfmon pebs bts rep_good nopl xtopology nonstop_tsc aperfmperf eagerfpu pni pclmulqdq dtes64 monitor ds_cpl vmx smx est tm2 ssse3 cx16 xtpr pdcm pcid sse4_1 sse4_2 x2apic popcnt tsc_deadline_timer aes xsave avx f16c rdrand lahf_lm ida arat epb pln pts dtherm tpr_shadow vnmi flexpriority ept vpid fsgsbase smep erms xsaveopt
bugs		:
bogomips	: 6584.66
clflush size	: 64
cache_alignment	: 64
address sizes	: 36 bits physical, 48 bits virtual
power management:

processor	: 1
vendor_id	: GenuineIntel
cpu family	: 6
model		: 58
model name	: Intel(R) Xeon(R) CPU E3-1230 V2 @ 3.30GHz
stepping	: 9
microcode	: 0x1b
cpu MHz		: 3568.125
cache size	: 8192 KB
physical id	: 0
siblings	: 8
core id		: 1
cpu cores	: 4
apicid		: 2
initial apicid	: 2
fpu		: yes
fpu_exception	: yes
cpuid level	: 13
wp		: yes
flags		: fpu vme de pse tsc msr pae mce cx8 apic sep mtrr pge mca cmov pat pse36 clflush dts acpi mmx fxsr sse sse2 ss ht tm pbe syscall nx rdtscp lm constant_tsc arch_perfmon pebs bts rep_good nopl xtopology nonstop_tsc aperfmperf eagerfpu pni pclmulqdq dtes64 monitor ds_cpl vmx smx est tm2 ssse3 cx16 xtpr pdcm pcid sse4_1 sse4_2 x2apic popcnt tsc_deadline_timer aes xsave avx f16c rdrand lahf_lm ida arat epb pln pts dtherm tpr_shadow vnmi flexpriority ept vpid fsgsbase smep erms xsaveopt
bugs		:
bogomips	: 6584.66
clflush size	: 64
cache_alignment	: 64
address sizes	: 36 bits physical, 48 bits virtual
power management:

processor	: 2
vendor_id	: GenuineIntel
cpu family	: 6
model		: 58
model name	: Intel(R) Xeon(R) CPU E3-1230 V2 @ 3.30GHz
stepping	: 9
microcode	: 0x1b
cpu MHz		: 3532.160
cache size	: 8192 KB
physical id	: 0
siblings	: 8
core id		: 2
cpu cores	: 4
apicid		: 4
initial apicid	: 4
fpu		: yes
fpu_exception	: yes
cpuid level	: 13
wp		: yes
flags		: fpu vme de pse tsc msr pae mce cx8 apic sep mtrr pge mca cmov pat pse36 clflush dts acpi mmx fxsr sse sse2 ss ht tm pbe syscall nx rdtscp lm constant_tsc arch_perfmon pebs bts rep_good nopl xtopology nonstop_tsc aperfmperf eagerfpu pni pclmulqdq dtes64 monitor ds_cpl vmx smx est tm2 ssse3 cx16 xtpr pdcm pcid sse4_1 sse4_2 x2apic popcnt tsc_deadline_timer aes xsave avx f16c rdrand lahf_lm ida arat epb pln pts dtherm tpr_shadow vnmi flexpriority ept vpid fsgsbase smep erms xsaveopt
bugs		:
bogomips	: 6584.66
clflush size	: 64
cache_alignment	: 64
address sizes	: 36 bits physical, 48 bits virtual
power management:

processor	: 3
vendor_id	: GenuineIntel
cpu family	: 6
model		: 58
model name	: Intel(R) Xeon(R) CPU E3-1230 V2 @ 3.30GHz
stepping	: 9
microcode	: 0x1b
cpu MHz		: 3686.332
cache size	: 8192 KB
physical id	: 0
siblings	: 8
core id		: 3
cpu cores	: 4
apicid		: 6
initial apicid	: 6
fpu		: yes
fpu_exception	: yes
cpuid level	: 13
wp		: yes
flags		: fpu vme de pse tsc msr pae mce cx8 apic sep mtrr pge mca cmov pat pse36 clflush dts acpi mmx fxsr sse sse2 ss ht tm pbe syscall nx rdtscp lm constant_tsc arch_perfmon pebs bts rep_good nopl xtopology nonstop_tsc aperfmperf eagerfpu pni pclmulqdq dtes64 monitor ds_cpl vmx smx est tm2 ssse3 cx16 xtpr pdcm pcid sse4_1 sse4_2 x2apic popcnt tsc_deadline_timer aes xsave avx f16c rdrand lahf_lm ida arat epb pln pts dtherm tpr_shadow vnmi flexpriority ept vpid fsgsbase smep erms xsaveopt
bugs		:
bogomips	: 6584.66
clflush size	: 64
cache_alignment	: 64
address sizes	: 36 bits physical, 48 bits virtual
power management:

processor	: 4
vendor_id	: GenuineIntel
cpu family	: 6
model		: 58
model name	: Intel(R) Xeon(R) CPU E3-1230 V2 @ 3.30GHz
stepping	: 9
microcode	: 0x1b
cpu MHz		: 3562.710
cache size	: 8192 KB
physical id	: 0
siblings	: 8
core id		: 0
cpu cores	: 4
apicid		: 1
initial apicid	: 1
fpu		: yes
fpu_exception	: yes
cpuid level	: 13
wp		: yes
flags		: fpu vme de pse tsc msr pae mce cx8 apic sep mtrr pge mca cmov pat pse36 clflush dts acpi mmx fxsr sse sse2 ss ht tm pbe syscall nx rdtscp lm constant_tsc arch_perfmon pebs bts rep_good nopl xtopology nonstop_tsc aperfmperf eagerfpu pni pclmulqdq dtes64 monitor ds_cpl vmx smx est tm2 ssse3 cx16 xtpr pdcm pcid sse4_1 sse4_2 x2apic popcnt tsc_deadline_timer aes xsave avx f16c rdrand lahf_lm ida arat epb pln pts dtherm tpr_shadow vnmi flexpriority ept vpid fsgsbase smep erms xsaveopt
bugs		:
bogomips	: 6584.66
clflush size	: 64
cache_alignment	: 64
address sizes	: 36 bits physical, 48 bits virtual
power management:

processor	: 5
vendor_id	: GenuineIntel
cpu family	: 6
model		: 58
model name	: Intel(R) Xeon(R) CPU E3-1230 V2 @ 3.30GHz
stepping	: 9
microcode	: 0x1b
cpu MHz		: 3527.906
cache size	: 8192 KB
physical id	: 0
siblings	: 8
core id		: 1
cpu cores	: 4
apicid		: 3
initial apicid	: 3
fpu		: yes
fpu_exception	: yes
cpuid level	: 13
wp		: yes
flags		: fpu vme de pse tsc msr pae mce cx8 apic sep mtrr pge mca cmov pat pse36 clflush dts acpi mmx fxsr sse sse2 ss ht tm pbe syscall nx rdtscp lm constant_tsc arch_perfmon pebs bts rep_good nopl xtopology nonstop_tsc aperfmperf eagerfpu pni pclmulqdq dtes64 monitor ds_cpl vmx smx est tm2 ssse3 cx16 xtpr pdcm pcid sse4_1 sse4_2 x2apic popcnt tsc_deadline_timer aes xsave avx f16c rdrand lahf_lm ida arat epb pln pts dtherm tpr_shadow vnmi flexpriority ept vpid fsgsbase smep erms xsaveopt
bugs		:
bogomips	: 6584.66
clflush size	: 64
cache_alignment	: 64
address sizes	: 36 bits physical, 48 bits virtual
power management:

processor	: 6
vendor_id	: GenuineIntel
cpu family	: 6
model		: 58
model name	: Intel(R) Xeon(R) CPU E3-1230 V2 @ 3.30GHz
stepping	: 9
microcode	: 0x1b
cpu MHz		: 3556.523
cache size	: 8192 KB
physical id	: 0
siblings	: 8
core id		: 2
cpu cores	: 4
apicid		: 5
initial apicid	: 5
fpu		: yes
fpu_exception	: yes
cpuid level	: 13
wp		: yes
flags		: fpu vme de pse tsc msr pae mce cx8 apic sep mtrr pge mca cmov pat pse36 clflush dts acpi mmx fxsr sse sse2 ss ht tm pbe syscall nx rdtscp lm constant_tsc arch_perfmon pebs bts rep_good nopl xtopology nonstop_tsc aperfmperf eagerfpu pni pclmulqdq dtes64 monitor ds_cpl vmx smx est tm2 ssse3 cx16 xtpr pdcm pcid sse4_1 sse4_2 x2apic popcnt tsc_deadline_timer aes xsave avx f16c rdrand lahf_lm ida arat epb pln pts dtherm tpr_shadow vnmi flexpriority ept vpid fsgsbase smep erms xsaveopt
bugs		:
bogomips	: 6584.66
clflush size	: 64
cache_alignment	: 64
address sizes	: 36 bits physical, 48 bits virtual
power management:

processor	: 7
vendor_id	: GenuineIntel
cpu family	: 6
model		: 58
model name	: Intel(R) Xeon(R) CPU E3-1230 V2 @ 3.30GHz
stepping	: 9
microcode	: 0x1b
cpu MHz		: 3661.066
cache size	: 8192 KB
physical id	: 0
siblings	: 8
core id		: 3
cpu cores	: 4
apicid		: 7
initial apicid	: 7
fpu		: yes
fpu_exception	: yes
cpuid level	: 13
wp		: yes
flags		: fpu vme de pse tsc msr pae mce cx8 apic sep mtrr pge mca cmov pat pse36 clflush dts acpi mmx fxsr sse sse2 ss ht tm pbe syscall nx rdtscp lm constant_tsc arch_perfmon pebs bts rep_good nopl xtopology nonstop_tsc aperfmperf eagerfpu pni pclmulqdq dtes64 monitor ds_cpl vmx smx est tm2 ssse3 cx16 xtpr pdcm pcid sse4_1 sse4_2 x2apic popcnt tsc_deadline_timer aes xsave avx f16c rdrand lahf_lm ida arat epb pln pts dtherm tpr_shadow vnmi flexpriority ept vpid fsgsbase smep erms xsaveopt
bugs		:
bogomips	: 6584.66
clflush size	: 64
cache_alignment	: 64
address sizes	: 36 bits physical, 48 bits virtual
power management:



Memory: 4k page, physical 16393516k(3152536k free), swap 33554428k(33554428k free)

vm_info: OpenJDK 64-Bit Server VM (25.45-b02) for linux-amd64 JRE (1.8.0_45-internal-b14), built on Apr 20 2015 00:35:04 by "buildd" with gcc 4.9.2

time: Thu Apr 30 00:09:42 2015
elapsed time: 7 seconds (0d 0h 0m 7s)

