#
# A fatal error has been detected by the Java Runtime Environment:
#
#  SIGSEGV (0xb) at pc=0x00007fd82c295a2a, pid=10817, tid=140567503574784
#
# JRE version: Java(TM) SE Runtime Environment (8.0_25-b17) (build 1.8.0_25-b17)
# Java VM: Java HotSpot(TM) 64-Bit Server VM (25.25-b02 mixed mode linux-amd64 compressed oops)
# Problematic frame:
# C  [libffi.so.6+0x4a2a]  ffi_closure_free+0x49a
#
# Failed to write core dump. Core dumps have been disabled. To enable core dumping, try "ulimit -c unlimited" before starting Java again
#
# If you would like to submit a bug report, please visit:
#   http://bugreport.sun.com/bugreport/crash.jsp
# The crash happened outside the Java Virtual Machine in native code.
# See problematic frame for where to report the bug.
#

---------------  T H R E A D  ---------------

Current thread (0x00007fd8a83f5000):  JavaThread "Thread-0" [_thread_in_native, id=10869, stack(0x00007fd86c0e1000,0x00007fd86c1e2000)]

siginfo: si_signo: 11 (SIGSEGV), si_code: 1 (SEGV_MAPERR), si_addr: 0x0000000000000018

Registers:
RAX=0x0000000000000f80, RBX=0x00007fd82c4992c0, RCX=0x0000000000000000, RDX=0x0000000000000000
RSP=0x00007fd86c1e06d0, RBP=0x00007fd8aff34038, RSI=0x00007fd8aff34070, RDI=0x0000000000000001
R8 =0x0000000000000000, R9 =0x0000000000000000, R10=0x000000000000003c, R11=0x00007fd82c295590
R12=0x00007fd8aff34048, R13=0x00007fd87006f938, R14=0x00007fd86c1e07a8, R15=0x00007fd8a83f5000
RIP=0x00007fd82c295a2a, EFLAGS=0x0000000000010246, CSGSFS=0x0000000000000033, ERR=0x0000000000000006
  TRAPNO=0x000000000000000e

Top of Stack: (sp=0x00007fd86c1e06d0)
0x00007fd86c1e06d0:   00007fd8a83f5000 00007fd827abced8
0x00007fd86c1e06e0:   00007fd86ce8e4c0 00007fd8a8007440
0x00007fd86c1e06f0:   00007fd8aff34048 00007fd87006f938
0x00007fd86c1e0700:   00007fd86c1e0780 0000000000000000
0x00007fd86c1e0710:   00007fd87006f938 00007fd86c1e07a8
0x00007fd86c1e0720:   00007fd8a83f5000 00007fd8990156d4
0x00007fd86c1e0730:   00007fd8a83f5000 00007fd899015422
0x00007fd86c1e0740:   00007fd86c1e0740 00007fd87006f938
0x00007fd86c1e0750:   00007fd86c1e07a8 00007fd87006fd30
0x00007fd86c1e0760:   0000000000000000 00007fd87006f938
0x00007fd86c1e0770:   0000000000000000 00007fd86c1e07a0
0x00007fd86c1e0780:   00007fd86c1e07f0 00007fd89900798d
0x00007fd86c1e0790:   000000076d8814b8 00007fd89900f2b8
0x00007fd86c1e07a0:   00007fd8aff34048 000000076d8dce20
0x00007fd86c1e07b0:   00007fd86c1e07b0 00007fd86fef0d0b
0x00007fd86c1e07c0:   00007fd86c1e0800 00007fd87004c5f8
0x00007fd86c1e07d0:   0000000000000000 00007fd86fef0d28
0x00007fd86c1e07e0:   00007fd86c1e07a0 00007fd86c1e0800
0x00007fd86c1e07f0:   00007fd86c1e0848 00007fd89900798d
0x00007fd86c1e0800:   000000076d8dce20 00007fd86c1e0808
0x00007fd86c1e0810:   00007fd86fef19e6 00007fd86c1e0858
0x00007fd86c1e0820:   00007fd87004c480 0000000000000000
0x00007fd86c1e0830:   00007fd86fef1a00 00007fd86c1e0800
0x00007fd86c1e0840:   00007fd86c1e0858 00007fd86c1e08a0
0x00007fd86c1e0850:   00007fd89900798d 000000076d8dce20
0x00007fd86c1e0860:   00007fd86c1e0860 00007fd86feeeb37
0x00007fd86c1e0870:   00007fd86c1e08b0 00007fd86fef2398
0x00007fd86c1e0880:   0000000000000000 00007fd86feeeb50
0x00007fd86c1e0890:   00007fd86c1e0858 00007fd86c1e08b0
0x00007fd86c1e08a0:   00007fd86c1e08f8 00007fd89900798d
0x00007fd86c1e08b0:   000000076cf328a8 00007fd86c1e08b8
0x00007fd86c1e08c0:   00007fd86feeebe7 00007fd86c1e0910 

Instructions: (pc=0x00007fd82c295a2a)
0x00007fd82c295a0a:   56 18 4c 8b 4e 30 48 39 d6 0f 84 ef 03 00 00 48
0x00007fd82c295a1a:   8b 4e 10 48 3b 0d b4 38 20 00 0f 82 26 fe ff ff
0x00007fd82c295a2a:   48 89 51 18 48 89 4a 10 4d 85 c9 0f 84 55 03 00
0x00007fd82c295a3a:   00 48 8b 4e 38 48 8d 79 4a 48 3b 34 fb 0f 84 b3 

Register to memory mapping:

RAX=0x0000000000000f80 is an unknown value
RBX=0x00007fd82c4992c0: <offset 0x2082c0> in /usr/lib/libffi.so.6 at 0x00007fd82c291000
RCX=0x0000000000000000 is an unknown value
RDX=0x0000000000000000 is an unknown value
RSP=0x00007fd86c1e06d0 is pointing into the stack for thread: 0x00007fd8a83f5000
RBP=0x00007fd8aff34038 is an unknown value
RSI=0x00007fd8aff34070 is an unknown value
RDI=0x0000000000000001 is an unknown value
R8 =0x0000000000000000 is an unknown value
R9 =0x0000000000000000 is an unknown value
R10=0x000000000000003c is an unknown value
R11=0x00007fd82c295590: ffi_closure_free+0 in /usr/lib/libffi.so.6 at 0x00007fd82c291000
R12=0x00007fd8aff34048 is an unknown value
R13={method} {0x00007fd87006f938} 'nffi_closure_free' '(J)V' in 'org/lwjgl/system/libffi/LibFFI'
R14=0x00007fd86c1e07a8 is pointing into the stack for thread: 0x00007fd8a83f5000
R15=0x00007fd8a83f5000 is a thread


Stack: [0x00007fd86c0e1000,0x00007fd86c1e2000],  sp=0x00007fd86c1e06d0,  free space=1021k
Native frames: (J=compiled Java code, j=interpreted, Vv=VM code, C=native code)
C  [libffi.so.6+0x4a2a]  ffi_closure_free+0x49a

Java frames: (J=compiled Java code, j=interpreted, Vv=VM code)
j  org.lwjgl.system.libffi.LibFFI.nffi_closure_free(J)V+0
j  org.lwjgl.system.libffi.Closure.destroy()V+35
j  org.lwjgl.system.Retainable$Default.release()V+38
j  myutils.gui.opengl.AbstractOpenGLApplication.end()V+7
j  myutils.gui.opengl.AbstractOpenGLApplication.run()V+15
j  edu.hkcc.pacmanrobot.controller.gamecontroller.MiniMap.run()V+27
v  ~StubRoutines::call_stub

---------------  P R O C E S S  ---------------

Java Threads: ( => current thread )
  0x00007fd830003800 JavaThread "Thread-3" [_thread_blocked, id=10878, stack(0x00007fd83c6c2000,0x00007fd83c7c3000)]
  0x00007fd830002000 JavaThread "Thread-2" [_thread_in_native, id=10876, stack(0x00007fd83c5c1000,0x00007fd83c6c2000)]
  0x00007fd8a800a000 JavaThread "DestroyJavaVM" [_thread_blocked, id=10818, stack(0x00007fd8afe2f000,0x00007fd8aff30000)]
=>0x00007fd8a83f5000 JavaThread "Thread-0" [_thread_in_native, id=10869, stack(0x00007fd86c0e1000,0x00007fd86c1e2000)]
  0x00007fd8a8269800 JavaThread "Monitor Ctrl-Break" daemon [_thread_in_native, id=10858, stack(0x00007fd86d302000,0x00007fd86d403000)]
  0x00007fd8a80da000 JavaThread "Service Thread" daemon [_thread_blocked, id=10856, stack(0x00007fd86d6f9000,0x00007fd86d7fa000)]
  0x00007fd8a80ba800 JavaThread "C1 CompilerThread3" daemon [_thread_blocked, id=10853, stack(0x00007fd86d7fa000,0x00007fd86d8fb000)]
  0x00007fd8a80b8800 JavaThread "C2 CompilerThread2" daemon [_thread_blocked, id=10852, stack(0x00007fd86d8fb000,0x00007fd86d9fc000)]
  0x00007fd8a80b6800 JavaThread "C2 CompilerThread1" daemon [_thread_blocked, id=10851, stack(0x00007fd86d9fc000,0x00007fd86dafd000)]
  0x00007fd8a80b3800 JavaThread "C2 CompilerThread0" daemon [_thread_blocked, id=10850, stack(0x00007fd86dafd000,0x00007fd86dbfe000)]
  0x00007fd8a80b1800 JavaThread "Signal Dispatcher" daemon [_thread_blocked, id=10849, stack(0x00007fd86dbfe000,0x00007fd86dcff000)]
  0x00007fd8a8084800 JavaThread "Finalizer" daemon [_thread_blocked, id=10841, stack(0x00007fd86dec4000,0x00007fd86dfc5000)]
  0x00007fd8a8082800 JavaThread "Reference Handler" daemon [_thread_blocked, id=10840, stack(0x00007fd86dfc5000,0x00007fd86e0c6000)]

Other Threads:
  0x00007fd8a807b800 VMThread [stack: 0x00007fd86e0c6000,0x00007fd86e1c7000] [id=10838]
  0x00007fd8a80dc800 WatcherThread [stack: 0x00007fd86d5f8000,0x00007fd86d6f9000] [id=10857]

VM state:not at safepoint (normal execution)

VM Mutex/Monitor currently owned by a thread: None

Heap:
 PSYoungGen      total 75264K, used 34907K [0x000000076c980000, 0x0000000771d80000, 0x00000007c0000000)
  eden space 64512K, 54% used [0x000000076c980000,0x000000076eb96d40,0x0000000770880000)
  from space 10752K, 0% used [0x0000000771300000,0x0000000771300000,0x0000000771d80000)
  to   space 10752K, 0% used [0x0000000770880000,0x0000000770880000,0x0000000771300000)
 ParOldGen       total 172032K, used 0K [0x00000006c5c00000, 0x00000006d0400000, 0x000000076c980000)
  object space 172032K, 0% used [0x00000006c5c00000,0x00000006c5c00000,0x00000006d0400000)
 Metaspace       used 10388K, capacity 10470K, committed 10624K, reserved 1058816K
  class space    used 1087K, capacity 1113K, committed 1152K, reserved 1048576K

Card table byte_map: [0x00007fd8acb08000,0x00007fd8ad2db000] byte_map_base: 0x00007fd8a94da000

Marking Bits: (ParMarkBitMap*) 0x00007fd8af3652c0
 Begin Bits: [0x00007fd8702e0000, 0x00007fd874170000)
 End Bits:   [0x00007fd874170000, 0x00007fd878000000)

Polling page: 0x00007fd8aff88000

CodeCache: size=245760Kb used=2624Kb max_used=2627Kb free=243135Kb
 bounds [0x00007fd899000000, 0x00007fd8992a0000, 0x00007fd8a8000000]
 total_blobs=1062 nmethods=512 adapters=465
 compilation: enabled

Compilation events (10 events):
Event: 5.974 Thread 0x00007fd8a80ba800  508       3       sun.util.calendar.AbstractCalendar::getCalendarDate (217 bytes)
Event: 5.975 Thread 0x00007fd8a80ba800 nmethod 508 0x00007fd899288b10 code [0x00007fd899288d40, 0x00007fd899289cb8]
Event: 5.975 Thread 0x00007fd8a80ba800  509       3       sun.util.calendar.ZoneInfo::getOffsets (8 bytes)
Event: 5.975 Thread 0x00007fd8a80ba800 nmethod 509 0x00007fd89928a250 code [0x00007fd89928a3c0, 0x00007fd89928a548]
Event: 5.975 Thread 0x00007fd8a80ba800  510       3       sun.util.calendar.CalendarDate::setZoneOffset (6 bytes)
Event: 5.975 Thread 0x00007fd8a80ba800 nmethod 510 0x00007fd89928a5d0 code [0x00007fd89928a720, 0x00007fd89928a870]
Event: 5.977 Thread 0x00007fd8a80b6800 nmethod 495 0x00007fd89928ea90 code [0x00007fd89928ece0, 0x00007fd89928f680]
Event: 5.978 Thread 0x00007fd8a80b8800 nmethod 496 0x00007fd89928aa50 code [0x00007fd89928ac80, 0x00007fd89928b690]
Event: 5.980 Thread 0x00007fd8a80b3800  511       4       java.io.UnixFileSystem::normalize (75 bytes)
Event: 5.983 Thread 0x00007fd8a80b3800 nmethod 511 0x00007fd899290590 code [0x00007fd899290700, 0x00007fd899290958]

GC Heap History (0 events):
No events

Deoptimization events (1 events):
Event: 5.894 Thread 0x00007fd8a83f5000 Uncommon trap: reason=unreached action=reinterpret pc=0x00007fd8991ec9d8 method=sun.misc.URLClassPath$JarLoader.ensureOpen()V @ 4

Internal exceptions (10 events):
Event: 5.985 Thread 0x00007fd8a83f5000 Exception <a 'java/security/PrivilegedActionException'> (0x000000076eaa53b8) thrown at [/HUDSON/workspace/8-2-build-linux-amd64/jdk8u25/1514/hotspot/src/share/vm/prims/jvm.cpp, line 1312]
Event: 5.986 Thread 0x00007fd8a83f5000 Exception <a 'java/security/PrivilegedActionException'> (0x000000076eaad890) thrown at [/HUDSON/workspace/8-2-build-linux-amd64/jdk8u25/1514/hotspot/src/share/vm/prims/jvm.cpp, line 1312]
Event: 5.986 Thread 0x00007fd8a83f5000 Exception <a 'java/security/PrivilegedActionException'> (0x000000076eab3ef0) thrown at [/HUDSON/workspace/8-2-build-linux-amd64/jdk8u25/1514/hotspot/src/share/vm/prims/jvm.cpp, line 1312]
Event: 5.986 Thread 0x00007fd8a83f5000 Exception <a 'java/security/PrivilegedActionException'> (0x000000076eab9f78) thrown at [/HUDSON/workspace/8-2-build-linux-amd64/jdk8u25/1514/hotspot/src/share/vm/prims/jvm.cpp, line 1312]
Event: 5.986 Thread 0x00007fd8a83f5000 Exception <a 'java/security/PrivilegedActionException'> (0x000000076eabffc8) thrown at [/HUDSON/workspace/8-2-build-linux-amd64/jdk8u25/1514/hotspot/src/share/vm/prims/jvm.cpp, line 1312]
Event: 5.987 Thread 0x00007fd8a83f5000 Exception <a 'java/security/PrivilegedActionException'> (0x000000076eac62e8) thrown at [/HUDSON/workspace/8-2-build-linux-amd64/jdk8u25/1514/hotspot/src/share/vm/prims/jvm.cpp, line 1312]
Event: 5.987 Thread 0x00007fd8a83f5000 Exception <a 'java/security/PrivilegedActionException'> (0x000000076eace4b0) thrown at [/HUDSON/workspace/8-2-build-linux-amd64/jdk8u25/1514/hotspot/src/share/vm/prims/jvm.cpp, line 1312]
Event: 5.987 Thread 0x00007fd8a83f5000 Exception <a 'java/security/PrivilegedActionException'> (0x000000076ead6480) thrown at [/HUDSON/workspace/8-2-build-linux-amd64/jdk8u25/1514/hotspot/src/share/vm/prims/jvm.cpp, line 1312]
Event: 5.987 Thread 0x00007fd8a83f5000 Exception <a 'java/security/PrivilegedActionException'> (0x000000076eadd868) thrown at [/HUDSON/workspace/8-2-build-linux-amd64/jdk8u25/1514/hotspot/src/share/vm/prims/jvm.cpp, line 1312]
Event: 5.988 Thread 0x00007fd8a83f5000 Exception <a 'java/security/PrivilegedActionException'> (0x000000076eae11e8) thrown at [/HUDSON/workspace/8-2-build-linux-amd64/jdk8u25/1514/hotspot/src/share/vm/prims/jvm.cpp, line 1312]

Events (10 events):
Event: 5.987 loading class org/lwjgl/opengl/WGLNVDXInterop
Event: 5.987 loading class org/lwjgl/opengl/WGLNVDXInterop done
Event: 5.987 loading class org/lwjgl/opengl/WGLNVGPUAffinity
Event: 5.987 loading class org/lwjgl/opengl/WGLNVGPUAffinity done
Event: 5.987 loading class org/lwjgl/system/linux/opengl/LinuxGLContext$MakeCurrentActionARB
Event: 5.987 loading class org/lwjgl/system/linux/opengl/LinuxGLContext$MakeCurrentActionARB done
Event: 5.987 loading class edu/hkcc/pacmanrobot/utils/Utils$
Event: 5.987 loading class edu/hkcc/pacmanrobot/utils/Utils$ done
Event: 5.988 loading class edu/hkcc/pacmanrobot/utils/Point2D
Event: 5.988 loading class edu/hkcc/pacmanrobot/utils/Point2D done


Dynamic libraries:
00400000-00401000 r-xp 00000000 fe:00 3950470                            /usr/lib/jvm/java-8-jdk/jre/bin/java
00600000-00601000 rw-p 00000000 fe:00 3950470                            /usr/lib/jvm/java-8-jdk/jre/bin/java
00f0f000-00f30000 rw-p 00000000 00:00 0                                  [heap]
6c5c00000-6d0400000 rw-p 00000000 00:00 0 
6d0400000-76c980000 ---p 00000000 00:00 0 
76c980000-771d80000 rw-p 00000000 00:00 0 
771d80000-7c0000000 ---p 00000000 00:00 0 
7c0000000-7c0120000 rw-p 00000000 00:00 0 
7c0120000-800000000 ---p 00000000 00:00 0 
7fd827996000-7fd827ad6000 rw-p 00000000 00:00 0 
7fd827ad6000-7fd827b96000 ---p 00000000 00:00 0 
7fd827b96000-7fd827b9a000 r-xp 00000000 fe:00 2630949                    /usr/lib/libtxc_dxtn.so
7fd827b9a000-7fd827d99000 ---p 00004000 fe:00 2630949                    /usr/lib/libtxc_dxtn.so
7fd827d99000-7fd827d9a000 r--p 00003000 fe:00 2630949                    /usr/lib/libtxc_dxtn.so
7fd827d9a000-7fd827d9b000 rw-p 00004000 fe:00 2630949                    /usr/lib/libtxc_dxtn.so
7fd827d9b000-7fd827dfa000 r-xp 00000000 fe:00 2625020                    /usr/lib/libncursesw.so.5.9
7fd827dfa000-7fd827ffa000 ---p 0005f000 fe:00 2625020                    /usr/lib/libncursesw.so.5.9
7fd827ffa000-7fd827ffe000 r--p 0005f000 fe:00 2625020                    /usr/lib/libncursesw.so.5.9
7fd827ffe000-7fd828000000 rw-p 00063000 fe:00 2625020                    /usr/lib/libncursesw.so.5.9
7fd828000000-7fd82805d000 rw-p 00000000 00:00 0 
7fd82805d000-7fd82c000000 ---p 00000000 00:00 0 
7fd82c055000-7fd82c08b000 r-xp 00000000 fe:00 2655999                    /usr/lib/libedit.so.0.0.52
7fd82c08b000-7fd82c28a000 ---p 00036000 fe:00 2655999                    /usr/lib/libedit.so.0.0.52
7fd82c28a000-7fd82c28c000 r--p 00035000 fe:00 2655999                    /usr/lib/libedit.so.0.0.52
7fd82c28c000-7fd82c28d000 rw-p 00037000 fe:00 2655999                    /usr/lib/libedit.so.0.0.52
7fd82c28d000-7fd82c291000 rw-p 00000000 00:00 0 
7fd82c291000-7fd82c299000 r-xp 00000000 fe:00 2632155                    /usr/lib/libffi.so.6.0.4
7fd82c299000-7fd82c498000 ---p 00008000 fe:00 2632155                    /usr/lib/libffi.so.6.0.4
7fd82c498000-7fd82c499000 r--p 00007000 fe:00 2632155                    /usr/lib/libffi.so.6.0.4
7fd82c499000-7fd82c49a000 rw-p 00008000 fe:00 2632155                    /usr/lib/libffi.so.6.0.4
7fd82c49a000-7fd82c4af000 r-xp 00000000 fe:00 2627701                    /usr/lib/libz.so.1.2.8
7fd82c4af000-7fd82c6ae000 ---p 00015000 fe:00 2627701                    /usr/lib/libz.so.1.2.8
7fd82c6ae000-7fd82c6af000 r--p 00014000 fe:00 2627701                    /usr/lib/libz.so.1.2.8
7fd82c6af000-7fd82c6b0000 rw-p 00015000 fe:00 2627701                    /usr/lib/libz.so.1.2.8
7fd82c6b0000-7fd82c6b8000 r-xp 00000000 fe:00 2645324                    /usr/lib/libpciaccess.so.0.11.1
7fd82c6b8000-7fd82c8b8000 ---p 00008000 fe:00 2645324                    /usr/lib/libpciaccess.so.0.11.1
7fd82c8b8000-7fd82c8b9000 r--p 00008000 fe:00 2645324                    /usr/lib/libpciaccess.so.0.11.1
7fd82c8b9000-7fd82c8ba000 rw-p 00009000 fe:00 2645324                    /usr/lib/libpciaccess.so.0.11.1
7fd82c8ba000-7fd82c8d0000 r-xp 00000000 fe:00 2624967                    /usr/lib/libgcc_s.so.1
7fd82c8d0000-7fd82cacf000 ---p 00016000 fe:00 2624967                    /usr/lib/libgcc_s.so.1
7fd82cacf000-7fd82cad0000 rw-p 00015000 fe:00 2624967                    /usr/lib/libgcc_s.so.1
7fd82cad0000-7fd82cbc0000 r-xp 00000000 fe:00 2624974                    /usr/lib/libstdc++.so.6.0.20
7fd82cbc0000-7fd82cdc0000 ---p 000f0000 fe:00 2624974                    /usr/lib/libstdc++.so.6.0.20
7fd82cdc0000-7fd82cdc8000 r--p 000f0000 fe:00 2624974                    /usr/lib/libstdc++.so.6.0.20
7fd82cdc8000-7fd82cdca000 rw-p 000f8000 fe:00 2624974                    /usr/lib/libstdc++.so.6.0.20
7fd82cdca000-7fd82cddf000 rw-p 00000000 00:00 0 
7fd82cddf000-7fd82ebd9000 r-xp 00000000 fe:00 2689109                    /usr/lib/libLLVM-3.6.so
7fd82ebd9000-7fd82edd8000 ---p 01dfa000 fe:00 2689109                    /usr/lib/libLLVM-3.6.so
7fd82edd8000-7fd82eff4000 r--p 01df9000 fe:00 2689109                    /usr/lib/libLLVM-3.6.so
7fd82eff4000-7fd82f00e000 rw-p 02015000 fe:00 2689109                    /usr/lib/libLLVM-3.6.so
7fd82f00e000-7fd82f024000 rw-p 00000000 00:00 0 
7fd82f024000-7fd82f039000 r-xp 00000000 fe:00 2645555                    /usr/lib/libelf-0.161.so
7fd82f039000-7fd82f239000 ---p 00015000 fe:00 2645555                    /usr/lib/libelf-0.161.so
7fd82f239000-7fd82f23b000 r--p 00015000 fe:00 2645555                    /usr/lib/libelf-0.161.so
7fd82f23b000-7fd82f23c000 rw-p 00017000 fe:00 2645555                    /usr/lib/libelf-0.161.so
7fd82f23c000-7fd82f248000 r-xp 00000000 fe:00 2645372                    /usr/lib/libdrm_radeon.so.1.0.1
7fd82f248000-7fd82f447000 ---p 0000c000 fe:00 2645372                    /usr/lib/libdrm_radeon.so.1.0.1
7fd82f447000-7fd82f448000 r--p 0000b000 fe:00 2645372                    /usr/lib/libdrm_radeon.so.1.0.1
7fd82f448000-7fd82f449000 rw-p 0000c000 fe:00 2645372                    /usr/lib/libdrm_radeon.so.1.0.1
7fd82f449000-7fd82fbb9000 r-xp 00000000 fe:00 3301865                    /usr/lib/xorg/modules/dri/nouveau_dri.so
7fd82fbb9000-7fd82fdb8000 ---p 00770000 fe:00 3301865                    /usr/lib/xorg/modules/dri/nouveau_dri.so
7fd82fdb8000-7fd82fe0f000 r--p 0076f000 fe:00 3301865                    /usr/lib/xorg/modules/dri/nouveau_dri.so
7fd82fe0f000-7fd82fe1b000 rw-p 007c6000 fe:00 3301865                    /usr/lib/xorg/modules/dri/nouveau_dri.so
7fd82fe1b000-7fd830000000 rw-p 00000000 00:00 0 
7fd830000000-7fd830021000 rw-p 00000000 00:00 0 
7fd830021000-7fd834000000 ---p 00000000 00:00 0 
7fd834000000-7fd834021000 rw-p 00000000 00:00 0 
7fd834021000-7fd838000000 ---p 00000000 00:00 0 
7fd838000000-7fd83835f000 rw-p 00000000 00:00 0 
7fd83835f000-7fd83c000000 ---p 00000000 00:00 0 
7fd83c198000-7fd83c1b9000 r-xp 00000000 fe:00 2645370                    /usr/lib/libdrm_intel.so.1.0.0
7fd83c1b9000-7fd83c3b8000 ---p 00021000 fe:00 2645370                    /usr/lib/libdrm_intel.so.1.0.0
7fd83c3b8000-7fd83c3b9000 r--p 00020000 fe:00 2645370                    /usr/lib/libdrm_intel.so.1.0.0
7fd83c3b9000-7fd83c3ba000 rw-p 00021000 fe:00 2645370                    /usr/lib/libdrm_intel.so.1.0.0
7fd83c3ba000-7fd83c3c0000 r-xp 00000000 fe:00 2645371                    /usr/lib/libdrm_nouveau.so.2.0.0
7fd83c3c0000-7fd83c5bf000 ---p 00006000 fe:00 2645371                    /usr/lib/libdrm_nouveau.so.2.0.0
7fd83c5bf000-7fd83c5c0000 r--p 00005000 fe:00 2645371                    /usr/lib/libdrm_nouveau.so.2.0.0
7fd83c5c0000-7fd83c5c1000 rw-p 00006000 fe:00 2645371                    /usr/lib/libdrm_nouveau.so.2.0.0
7fd83c5c1000-7fd83c5c4000 ---p 00000000 00:00 0 
7fd83c5c4000-7fd83c6c2000 rw-p 00000000 00:00 0                          [stack:10876]
7fd83c6c2000-7fd83c6c5000 ---p 00000000 00:00 0 
7fd83c6c5000-7fd83c7c3000 rw-p 00000000 00:00 0                          [stack:10878]
7fd83c7c3000-7fd83c7c6000 ---p 00000000 00:00 0 
7fd83c7c6000-7fd83c8c4000 rw-p 00000000 00:00 0 
7fd83c8c4000-7fd83c8c8000 r-xp 00000000 fe:00 2631613                    /usr/lib/libattr.so.1.1.0
7fd83c8c8000-7fd83cac7000 ---p 00004000 fe:00 2631613                    /usr/lib/libattr.so.1.1.0
7fd83cac7000-7fd83cac8000 r--p 00003000 fe:00 2631613                    /usr/lib/libattr.so.1.1.0
7fd83cac8000-7fd83cac9000 rw-p 00004000 fe:00 2631613                    /usr/lib/libattr.so.1.1.0
7fd83cac9000-7fd83cacd000 r-xp 00000000 fe:00 2631742                    /usr/lib/libcap.so.2.24
7fd83cacd000-7fd83cccc000 ---p 00004000 fe:00 2631742                    /usr/lib/libcap.so.2.24
7fd83cccc000-7fd83cccd000 rw-p 00003000 fe:00 2631742                    /usr/lib/libcap.so.2.24
7fd83cccd000-7fd83cce1000 r-xp 00000000 fe:00 2624622                    /usr/lib/libresolv-2.21.so
7fd83cce1000-7fd83cee0000 ---p 00014000 fe:00 2624622                    /usr/lib/libresolv-2.21.so
7fd83cee0000-7fd83cee1000 r--p 00013000 fe:00 2624622                    /usr/lib/libresolv-2.21.so
7fd83cee1000-7fd83cee2000 rw-p 00014000 fe:00 2624622                    /usr/lib/libresolv-2.21.so
7fd83cee2000-7fd83cee4000 rw-p 00000000 00:00 0 
7fd83cee4000-7fd83cee9000 r-xp 00000000 fe:00 2624684                    /usr/lib/libnss_dns-2.21.so
7fd83cee9000-7fd83d0e8000 ---p 00005000 fe:00 2624684                    /usr/lib/libnss_dns-2.21.so
7fd83d0e8000-7fd83d0e9000 r--p 00004000 fe:00 2624684                    /usr/lib/libnss_dns-2.21.so
7fd83d0e9000-7fd83d0ea000 rw-p 00005000 fe:00 2624684                    /usr/lib/libnss_dns-2.21.so
7fd83d0ea000-7fd83d0ef000 r-xp 00000000 fe:00 2627693                    /usr/lib/libXdmcp.so.6.0.0
7fd83d0ef000-7fd83d2ee000 ---p 00005000 fe:00 2627693                    /usr/lib/libXdmcp.so.6.0.0
7fd83d2ee000-7fd83d2ef000 r--p 00004000 fe:00 2627693                    /usr/lib/libXdmcp.so.6.0.0
7fd83d2ef000-7fd83d2f0000 rw-p 00005000 fe:00 2627693                    /usr/lib/libXdmcp.so.6.0.0
7fd83d2f0000-7fd83d2f2000 r-xp 00000000 fe:00 2640834                    /usr/lib/libXau.so.6.0.0
7fd83d2f2000-7fd83d4f2000 ---p 00002000 fe:00 2640834                    /usr/lib/libXau.so.6.0.0
7fd83d4f2000-7fd83d4f3000 r--p 00002000 fe:00 2640834                    /usr/lib/libXau.so.6.0.0
7fd83d4f3000-7fd83d4f4000 rw-p 00003000 fe:00 2640834                    /usr/lib/libXau.so.6.0.0
7fd83d4f4000-7fd83d4fd000 r-xp 00000000 fe:00 2645497                    /usr/lib/libXrender.so.1.3.0
7fd83d4fd000-7fd83d6fc000 ---p 00009000 fe:00 2645497                    /usr/lib/libXrender.so.1.3.0
7fd83d6fc000-7fd83d6fd000 r--p 00008000 fe:00 2645497                    /usr/lib/libXrender.so.1.3.0
7fd83d6fd000-7fd83d6fe000 rw-p 00009000 fe:00 2645497                    /usr/lib/libXrender.so.1.3.0
7fd83d6fe000-7fd83d70a000 r-xp 00000000 fe:00 2645368                    /usr/lib/libdrm.so.2.4.0
7fd83d70a000-7fd83d909000 ---p 0000c000 fe:00 2645368                    /usr/lib/libdrm.so.2.4.0
7fd83d909000-7fd83d90a000 r--p 0000b000 fe:00 2645368                    /usr/lib/libdrm.so.2.4.0
7fd83d90a000-7fd83d90b000 rw-p 0000c000 fe:00 2645368                    /usr/lib/libdrm.so.2.4.0
7fd83d90b000-7fd83d90c000 r-xp 00000000 fe:00 2645518                    /usr/lib/libxshmfence.so.1.0.0
7fd83d90c000-7fd83db0c000 ---p 00001000 fe:00 2645518                    /usr/lib/libxshmfence.so.1.0.0
7fd83db0c000-7fd83db0d000 r--p 00001000 fe:00 2645518                    /usr/lib/libxshmfence.so.1.0.0
7fd83db0d000-7fd83db0e000 rw-p 00002000 fe:00 2645518                    /usr/lib/libxshmfence.so.1.0.0
7fd83db0e000-7fd83db13000 r-xp 00000000 fe:00 2643171                    /usr/lib/libxcb-sync.so.1.0.0
7fd83db13000-7fd83dd13000 ---p 00005000 fe:00 2643171                    /usr/lib/libxcb-sync.so.1.0.0
7fd83dd13000-7fd83dd14000 r--p 00005000 fe:00 2643171                    /usr/lib/libxcb-sync.so.1.0.0
7fd83dd14000-7fd83dd15000 rw-p 00006000 fe:00 2643171                    /usr/lib/libxcb-sync.so.1.0.0
7fd83dd15000-7fd83dd18000 r-xp 00000000 fe:00 2643140                    /usr/lib/libxcb-shape.so.0.0.0
7fd83dd18000-7fd83df17000 ---p 00003000 fe:00 2643140                    /usr/lib/libxcb-shape.so.0.0.0
7fd83df17000-7fd83df18000 r--p 00002000 fe:00 2643140                    /usr/lib/libxcb-shape.so.0.0.0
7fd83df18000-7fd83df19000 rw-p 00003000 fe:00 2643140                    /usr/lib/libxcb-shape.so.0.0.0
7fd83df19000-7fd83df22000 r-xp 00000000 fe:00 2643125                    /usr/lib/libxcb-render.so.0.0.0
7fd83df22000-7fd83e121000 ---p 00009000 fe:00 2643125                    /usr/lib/libxcb-render.so.0.0.0
7fd83e121000-7fd83e122000 r--p 00008000 fe:00 2643125                    /usr/lib/libxcb-render.so.0.0.0
7fd83e122000-7fd83e123000 rw-p 00009000 fe:00 2643125                    /usr/lib/libxcb-render.so.0.0.0
7fd83e123000-7fd83e129000 r-xp 00000000 fe:00 2643122                    /usr/lib/libxcb-xfixes.so.0.0.0
7fd83e129000-7fd83e329000 ---p 00006000 fe:00 2643122                    /usr/lib/libxcb-xfixes.so.0.0.0
7fd83e329000-7fd83e32a000 r--p 00006000 fe:00 2643122                    /usr/lib/libxcb-xfixes.so.0.0.0
7fd83e32a000-7fd83e32b000 rw-p 00007000 fe:00 2643122                    /usr/lib/libxcb-xfixes.so.0.0.0
7fd83e32b000-7fd83e338000 r-xp 00000000 fe:00 2643179                    /usr/lib/libxcb-randr.so.0.1.0
7fd83e338000-7fd83e537000 ---p 0000d000 fe:00 2643179                    /usr/lib/libxcb-randr.so.0.1.0
7fd83e537000-7fd83e538000 r--p 0000c000 fe:00 2643179                    /usr/lib/libxcb-randr.so.0.1.0
7fd83e538000-7fd83e539000 rw-p 0000d000 fe:00 2643179                    /usr/lib/libxcb-randr.so.0.1.0
7fd83e539000-7fd83e53b000 r-xp 00000000 fe:00 2643158                    /usr/lib/libxcb-present.so.0.0.0
7fd83e53b000-7fd83e73a000 ---p 00002000 fe:00 2643158                    /usr/lib/libxcb-present.so.0.0.0
7fd83e73a000-7fd83e73b000 r--p 00001000 fe:00 2643158                    /usr/lib/libxcb-present.so.0.0.0
7fd83e73b000-7fd83e73c000 rw-p 00002000 fe:00 2643158                    /usr/lib/libxcb-present.so.0.0.0
7fd83e73c000-7fd83e73e000 r-xp 00000000 fe:00 2643130                    /usr/lib/libxcb-dri3.so.0.0.0
7fd83e73e000-7fd83e93d000 ---p 00002000 fe:00 2643130                    /usr/lib/libxcb-dri3.so.0.0.0
7fd83e93d000-7fd83e93e000 r--p 00001000 fe:00 2643130                    /usr/lib/libxcb-dri3.so.0.0.0
7fd83e93e000-7fd83e93f000 rw-p 00002000 fe:00 2643130                    /usr/lib/libxcb-dri3.so.0.0.0
7fd83e93f000-7fd83e943000 r-xp 00000000 fe:00 2643155                    /usr/lib/libxcb-dri2.so.0.0.0
7fd83e943000-7fd83eb42000 ---p 00004000 fe:00 2643155                    /usr/lib/libxcb-dri2.so.0.0.0
7fd83eb42000-7fd83eb43000 r--p 00003000 fe:00 2643155                    /usr/lib/libxcb-dri2.so.0.0.0
7fd83eb43000-7fd83eb44000 rw-p 00004000 fe:00 2643155                    /usr/lib/libxcb-dri2.so.0.0.0
7fd83eb44000-7fd83eb5b000 r-xp 00000000 fe:00 2643129                    /usr/lib/libxcb-glx.so.0.0.0
7fd83eb5b000-7fd83ed5b000 ---p 00017000 fe:00 2643129                    /usr/lib/libxcb-glx.so.0.0.0
7fd83ed5b000-7fd83ed5d000 r--p 00017000 fe:00 2643129                    /usr/lib/libxcb-glx.so.0.0.0
7fd83ed5d000-7fd83ed5e000 rw-p 00019000 fe:00 2643129                    /usr/lib/libxcb-glx.so.0.0.0
7fd83ed5e000-7fd83ed5f000 r-xp 00000000 fe:00 2643225                    /usr/lib/libX11-xcb.so.1.0.0
7fd83ed5f000-7fd83ef5e000 ---p 00001000 fe:00 2643225                    /usr/lib/libX11-xcb.so.1.0.0
7fd83ef5e000-7fd83ef5f000 r--p 00000000 fe:00 2643225                    /usr/lib/libX11-xcb.so.1.0.0
7fd83ef5f000-7fd83ef60000 rw-p 00001000 fe:00 2643225                    /usr/lib/libX11-xcb.so.1.0.0
7fd83ef60000-7fd83ef65000 r-xp 00000000 fe:00 2644195                    /usr/lib/libXfixes.so.3.1.0
7fd83ef65000-7fd83f164000 ---p 00005000 fe:00 2644195                    /usr/lib/libXfixes.so.3.1.0
7fd83f164000-7fd83f165000 r--p 00004000 fe:00 2644195                    /usr/lib/libXfixes.so.3.1.0
7fd83f165000-7fd83f166000 rw-p 00005000 fe:00 2644195                    /usr/lib/libXfixes.so.3.1.0
7fd83f166000-7fd83f168000 r-xp 00000000 fe:00 2645591                    /usr/lib/libXdamage.so.1.1.0
7fd83f168000-7fd83f367000 ---p 00002000 fe:00 2645591                    /usr/lib/libXdamage.so.1.1.0
7fd83f367000-7fd83f368000 r--p 00001000 fe:00 2645591                    /usr/lib/libXdamage.so.1.1.0
7fd83f368000-7fd83f369000 rw-p 00002000 fe:00 2645591                    /usr/lib/libXdamage.so.1.1.0
7fd83f369000-7fd83f37a000 r-xp 00000000 fe:00 2644111                    /usr/lib/libXext.so.6.4.0
7fd83f37a000-7fd83f579000 ---p 00011000 fe:00 2644111                    /usr/lib/libXext.so.6.4.0
7fd83f579000-7fd83f57a000 r--p 00010000 fe:00 2644111                    /usr/lib/libXext.so.6.4.0
7fd83f57a000-7fd83f57b000 rw-p 00011000 fe:00 2644111                    /usr/lib/libXext.so.6.4.0
7fd83f57b000-7fd83f5a1000 r-xp 00000000 fe:00 2649644                    /usr/lib/libglapi.so.0.0.0
7fd83f5a1000-7fd83f7a1000 ---p 00026000 fe:00 2649644                    /usr/lib/libglapi.so.0.0.0
7fd83f7a1000-7fd83f7a4000 r--p 00026000 fe:00 2649644                    /usr/lib/libglapi.so.0.0.0
7fd83f7a4000-7fd83f7a5000 rw-p 00029000 fe:00 2649644                    /usr/lib/libglapi.so.0.0.0
7fd83f7a5000-7fd83f7a6000 rw-p 00000000 00:00 0 
7fd83f7a6000-7fd83f7cd000 r-xp 00000000 fe:00 2631998                    /usr/lib/libexpat.so.1.6.0
7fd83f7cd000-7fd83f9cc000 ---p 00027000 fe:00 2631998                    /usr/lib/libexpat.so.1.6.0
7fd83f9cc000-7fd83f9cf000 r--p 00026000 fe:00 2631998                    /usr/lib/libexpat.so.1.6.0
7fd83f9cf000-7fd83f9d0000 rw-p 00029000 fe:00 2631998                    /usr/lib/libexpat.so.1.6.0
7fd83f9d0000-7fd83f9f1000 r-xp 00000000 fe:00 2643143                    /usr/lib/libxcb.so.1.1.0
7fd83f9f1000-7fd83fbf0000 ---p 00021000 fe:00 2643143                    /usr/lib/libxcb.so.1.1.0
7fd83fbf0000-7fd83fbf1000 r--p 00020000 fe:00 2643143                    /usr/lib/libxcb.so.1.1.0
7fd83fbf1000-7fd83fbf2000 rw-p 00021000 fe:00 2643143                    /usr/lib/libxcb.so.1.1.0
7fd83fbf2000-7fd83fbfc000 r-xp 00000000 fe:00 2645985                    /usr/lib/libXcursor.so.1.0.2
7fd83fbfc000-7fd83fdfb000 ---p 0000a000 fe:00 2645985                    /usr/lib/libXcursor.so.1.0.2
7fd83fdfb000-7fd83fdfc000 r--p 00009000 fe:00 2645985                    /usr/lib/libXcursor.so.1.0.2
7fd83fdfc000-7fd83fdfd000 rw-p 0000a000 fe:00 2645985                    /usr/lib/libXcursor.so.1.0.2
7fd83fdfd000-7fd83fdff000 r-xp 00000000 fe:00 2645987                    /usr/lib/libXinerama.so.1.0.0
7fd83fdff000-7fd83fffe000 ---p 00002000 fe:00 2645987                    /usr/lib/libXinerama.so.1.0.0
7fd83fffe000-7fd83ffff000 r--p 00001000 fe:00 2645987                    /usr/lib/libXinerama.so.1.0.0
7fd83ffff000-7fd840000000 rw-p 00002000 fe:00 2645987                    /usr/lib/libXinerama.so.1.0.0
7fd840000000-7fd840021000 rw-p 00000000 00:00 0 
7fd840021000-7fd844000000 ---p 00000000 00:00 0 
7fd844000000-7fd844036000 rw-p 00000000 00:00 0 
7fd844036000-7fd848000000 ---p 00000000 00:00 0 
7fd848000000-7fd8481ef000 rw-p 00000000 00:00 0 
7fd8481ef000-7fd84c000000 ---p 00000000 00:00 0 
7fd84c000000-7fd84c021000 rw-p 00000000 00:00 0 
7fd84c021000-7fd850000000 ---p 00000000 00:00 0 
7fd850000000-7fd8501c7000 rw-p 00000000 00:00 0 
7fd8501c7000-7fd854000000 ---p 00000000 00:00 0 
7fd854000000-7fd8540e3000 rw-p 00000000 00:00 0 
7fd8540e3000-7fd858000000 ---p 00000000 00:00 0 
7fd858000000-7fd858021000 rw-p 00000000 00:00 0 
7fd858021000-7fd85c000000 ---p 00000000 00:00 0 
7fd85c000000-7fd85c2eb000 rw-p 00000000 00:00 0 
7fd85c2eb000-7fd860000000 ---p 00000000 00:00 0 
7fd860000000-7fd860021000 rw-p 00000000 00:00 0 
7fd860021000-7fd864000000 ---p 00000000 00:00 0 
7fd864000000-7fd864021000 rw-p 00000000 00:00 0 
7fd864021000-7fd868000000 ---p 00000000 00:00 0 
7fd868000000-7fd868021000 rw-p 00000000 00:00 0 
7fd868021000-7fd86c000000 ---p 00000000 00:00 0 
7fd86c0cf000-7fd86c0df000 r-xp 00000000 fe:00 2655815                    /usr/lib/libudev.so.1.6.2
7fd86c0df000-7fd86c0e0000 r--p 0000f000 fe:00 2655815                    /usr/lib/libudev.so.1.6.2
7fd86c0e0000-7fd86c0e1000 rw-p 00010000 fe:00 2655815                    /usr/lib/libudev.so.1.6.2
7fd86c0e1000-7fd86c0e4000 ---p 00000000 00:00 0 
7fd86c0e4000-7fd86c1e2000 rw-p 00000000 00:00 0                          [stack:10869]
7fd86c1e2000-7fd86c1ee000 r-xp 00000000 fe:00 2633439                    /usr/lib/libnss_myhostname.so.2
7fd86c1ee000-7fd86c1ef000 ---p 0000c000 fe:00 2633439                    /usr/lib/libnss_myhostname.so.2
7fd86c1ef000-7fd86c1f1000 r--p 0000c000 fe:00 2633439                    /usr/lib/libnss_myhostname.so.2
7fd86c1f1000-7fd86c1f2000 rw-p 0000e000 fe:00 2633439                    /usr/lib/libnss_myhostname.so.2
7fd86c1f2000-7fd86c1f7000 r-xp 00000000 fe:00 2645576                    /usr/lib/libXxf86vm.so.1.0.0
7fd86c1f7000-7fd86c3f6000 ---p 00005000 fe:00 2645576                    /usr/lib/libXxf86vm.so.1.0.0
7fd86c3f6000-7fd86c3f7000 r--p 00004000 fe:00 2645576                    /usr/lib/libXxf86vm.so.1.0.0
7fd86c3f7000-7fd86c3f8000 rw-p 00005000 fe:00 2645576                    /usr/lib/libXxf86vm.so.1.0.0
7fd86c3f8000-7fd86c401000 r-xp 00000000 fe:00 2645997                    /usr/lib/libXrandr.so.2.2.0
7fd86c401000-7fd86c600000 ---p 00009000 fe:00 2645997                    /usr/lib/libXrandr.so.2.2.0
7fd86c600000-7fd86c601000 r--p 00008000 fe:00 2645997                    /usr/lib/libXrandr.so.2.2.0
7fd86c601000-7fd86c602000 rw-p 00009000 fe:00 2645997                    /usr/lib/libXrandr.so.2.2.0
7fd86c602000-7fd86c611000 r-xp 00000000 fe:00 2644191                    /usr/lib/libXi.so.6.1.0
7fd86c611000-7fd86c811000 ---p 0000f000 fe:00 2644191                    /usr/lib/libXi.so.6.1.0
7fd86c811000-7fd86c812000 r--p 0000f000 fe:00 2644191                    /usr/lib/libXi.so.6.1.0
7fd86c812000-7fd86c813000 rw-p 00010000 fe:00 2644191                    /usr/lib/libXi.so.6.1.0
7fd86c813000-7fd86c8ab000 r-xp 00000000 fe:00 3297220                    /usr/lib/mesa/libGL.so.1.2.0
7fd86c8ab000-7fd86caaa000 ---p 00098000 fe:00 3297220                    /usr/lib/mesa/libGL.so.1.2.0
7fd86caaa000-7fd86caad000 r--p 00097000 fe:00 3297220                    /usr/lib/mesa/libGL.so.1.2.0
7fd86caad000-7fd86caae000 rw-p 0009a000 fe:00 3297220                    /usr/lib/mesa/libGL.so.1.2.0
7fd86caae000-7fd86caaf000 rw-p 00000000 00:00 0 
7fd86caaf000-7fd86cbea000 r-xp 00000000 fe:00 2643224                    /usr/lib/libX11.so.6.3.0
7fd86cbea000-7fd86cde9000 ---p 0013b000 fe:00 2643224                    /usr/lib/libX11.so.6.3.0
7fd86cde9000-7fd86cdeb000 r--p 0013a000 fe:00 2643224                    /usr/lib/libX11.so.6.3.0
7fd86cdeb000-7fd86cdf0000 rw-p 0013c000 fe:00 2643224                    /usr/lib/libX11.so.6.3.0
7fd86cdf0000-7fd86cdf1000 rw-p 00000000 00:00 0 
7fd86ce1b000-7fd86ce1c000 rwxp 00000000 00:00 0 
7fd86ce1c000-7fd86ce26000 r--s 00116000 fe:00 3949472                    /usr/lib/jvm/java-8-jdk/jre/lib/ext/localedata.jar
7fd86ce26000-7fd86ce42000 r--s 00393000 fe:00 3949466                    /usr/lib/jvm/java-8-jdk/jre/lib/ext/cldrdata.jar
7fd86ce42000-7fd86ce46000 r--s 00093000 fe:00 3949442                    /usr/lib/jvm/java-8-jdk/jre/lib/jsse.jar
7fd86ce46000-7fd86ceb8000 r-xp 00000000 fe:02 41551762                   /home/beenotung/git/workspace/hkcc-pacman-robot/lib/lwjgl3/native/linux/x64/liblwjgl.so
7fd86ceb8000-7fd86d0b7000 ---p 00072000 fe:02 41551762                   /home/beenotung/git/workspace/hkcc-pacman-robot/lib/lwjgl3/native/linux/x64/liblwjgl.so
7fd86d0b7000-7fd86d0b8000 r--p 00071000 fe:02 41551762                   /home/beenotung/git/workspace/hkcc-pacman-robot/lib/lwjgl3/native/linux/x64/liblwjgl.so
7fd86d0b8000-7fd86d0b9000 rw-p 00072000 fe:02 41551762                   /home/beenotung/git/workspace/hkcc-pacman-robot/lib/lwjgl3/native/linux/x64/liblwjgl.so
7fd86d0b9000-7fd86d0eb000 rw-p 00000000 00:00 0 
7fd86d0eb000-7fd86d101000 r-xp 00000000 fe:00 4072527                    /usr/lib/jvm/java-8-jdk/jre/lib/amd64/libnet.so
7fd86d101000-7fd86d301000 ---p 00016000 fe:00 4072527                    /usr/lib/jvm/java-8-jdk/jre/lib/amd64/libnet.so
7fd86d301000-7fd86d302000 rw-p 00016000 fe:00 4072527                    /usr/lib/jvm/java-8-jdk/jre/lib/amd64/libnet.so
7fd86d302000-7fd86d305000 ---p 00000000 00:00 0 
7fd86d305000-7fd86d403000 rw-p 00000000 00:00 0                          [stack:10858]
7fd86d403000-7fd86d405000 r--s 00016000 fe:00 3939981                    /usr/share/intellijidea-ce/lib/idea_rt.jar
7fd86d405000-7fd86d408000 r--s 00011000 fe:02 41551757                   /home/beenotung/git/workspace/hkcc-pacman-robot/lib/lwjgl3/jar/disruptor.jar
7fd86d408000-7fd86d417000 r--s 0012b000 fe:02 41551758                   /home/beenotung/git/workspace/hkcc-pacman-robot/lib/lwjgl3/jar/lwjgl.jar
7fd86d417000-7fd86d4bf000 r--s 0090a000 fe:02 41551950                   /home/beenotung/git/workspace/hkcc-pacman-robot/lib/NeuroEvolution/NeuroEvolution.jar
7fd86d4bf000-7fd86d543000 r--s 00826000 fe:02 41682275                   /home/beenotung/git/workspace/hkcc-pacman-robot/lib/myutils/myutils.jar
7fd86d543000-7fd86d545000 r--s 0000f000 fe:02 41681194                   /home/beenotung/git/workspace/hkcc-pacman-robot/lib/pi4j/pi4j-gpio-extension-sources.jar
7fd86d545000-7fd86d548000 r--s 00032000 fe:02 41681193                   /home/beenotung/git/workspace/hkcc-pacman-robot/lib/pi4j/pi4j-gpio-extension-javadoc.jar
7fd86d548000-7fd86d54a000 r--s 00003000 fe:02 41681197                   /home/beenotung/git/workspace/hkcc-pacman-robot/lib/pi4j/pi4j-service-sources.jar
7fd86d54a000-7fd86d54c000 r--s 00012000 fe:02 41681196                   /home/beenotung/git/workspace/hkcc-pacman-robot/lib/pi4j/pi4j-service-javadoc.jar
7fd86d54c000-7fd86d54e000 r--s 00013000 fe:02 41681191                   /home/beenotung/git/workspace/hkcc-pacman-robot/lib/pi4j/pi4j-example-sources.jar
7fd86d54e000-7fd86d551000 r--s 00031000 fe:02 41681190                   /home/beenotung/git/workspace/hkcc-pacman-robot/lib/pi4j/pi4j-example-javadoc.jar
7fd86d551000-7fd86d553000 r--s 00011000 fe:02 41681195                   /home/beenotung/git/workspace/hkcc-pacman-robot/lib/pi4j/pi4j-gpio-extension.jar
7fd86d553000-7fd86d559000 r--s 00033000 fe:02 41681186                   /home/beenotung/git/workspace/hkcc-pacman-robot/lib/pi4j/pi4j-device-sources.jar
7fd86d559000-7fd86d569000 r--s 00124000 fe:02 41681185                   /home/beenotung/git/workspace/hkcc-pacman-robot/lib/pi4j/pi4j-device-javadoc.jar
7fd86d569000-7fd86d56e000 r--s 00038000 fe:02 41681183                   /home/beenotung/git/workspace/hkcc-pacman-robot/lib/pi4j/pi4j-core-sources.jar
7fd86d56e000-7fd86d578000 r--s 000d6000 fe:02 41681182                   /home/beenotung/git/workspace/hkcc-pacman-robot/lib/pi4j/pi4j-core-javadoc.jar
7fd86d578000-7fd86d57a000 r--s 00003000 fe:02 41681198                   /home/beenotung/git/workspace/hkcc-pacman-robot/lib/pi4j/pi4j-service.jar
7fd86d57a000-7fd86d581000 r--s 0002c000 fe:02 41681189                   /home/beenotung/git/workspace/hkcc-pacman-robot/lib/pi4j/pi4j-device.jar
7fd86d581000-7fd86d586000 r--s 0002f000 fe:02 41681184                   /home/beenotung/git/workspace/hkcc-pacman-robot/lib/pi4j/pi4j-core.jar
7fd86d586000-7fd86d58c000 r--s 00036000 fe:02 41681180                   /home/beenotung/git/workspace/hkcc-pacman-robot/lib/pi4j/junit.jar
7fd86d58c000-7fd86d5e5000 r--s 004f6000 fe:02 41812706                   /home/beenotung/.ivy2/cache/org.scala-lang/scala-library/jars/scala-library-2.11.6.jar
7fd86d5e5000-7fd86d5f8000 r--s 000d5000 fe:00 3949455                    /usr/lib/jvm/java-8-jdk/jre/lib/plugin.jar
7fd86d5f8000-7fd86d5f9000 ---p 00000000 00:00 0 
7fd86d5f9000-7fd86d6f9000 rw-p 00000000 00:00 0                          [stack:10857]
7fd86d6f9000-7fd86d6fc000 ---p 00000000 00:00 0 
7fd86d6fc000-7fd86d7fa000 rw-p 00000000 00:00 0                          [stack:10856]
7fd86d7fa000-7fd86d7fd000 ---p 00000000 00:00 0 
7fd86d7fd000-7fd86d8fb000 rw-p 00000000 00:00 0                          [stack:10853]
7fd86d8fb000-7fd86d8fe000 ---p 00000000 00:00 0 
7fd86d8fe000-7fd86d9fc000 rw-p 00000000 00:00 0                          [stack:10852]
7fd86d9fc000-7fd86d9ff000 ---p 00000000 00:00 0 
7fd86d9ff000-7fd86dafd000 rw-p 00000000 00:00 0                          [stack:10851]
7fd86dafd000-7fd86db00000 ---p 00000000 00:00 0 
7fd86db00000-7fd86dbfe000 rw-p 00000000 00:00 0                          [stack:10850]
7fd86dbfe000-7fd86dc01000 ---p 00000000 00:00 0 
7fd86dc01000-7fd86dcff000 rw-p 00000000 00:00 0                          [stack:10849]
7fd86dcff000-7fd86dec4000 r--p 00000000 fe:00 2655801                    /usr/lib/locale/locale-archive
7fd86dec4000-7fd86dec7000 ---p 00000000 00:00 0 
7fd86dec7000-7fd86dfc5000 rw-p 00000000 00:00 0                          [stack:10841]
7fd86dfc5000-7fd86dfc8000 ---p 00000000 00:00 0 
7fd86dfc8000-7fd86e0c6000 rw-p 00000000 00:00 0                          [stack:10840]
7fd86e0c6000-7fd86e0c7000 ---p 00000000 00:00 0 
7fd86e0c7000-7fd878000000 rw-p 00000000 00:00 0                          [stack:10838]
7fd878000000-7fd878021000 rw-p 00000000 00:00 0 
7fd878021000-7fd87c000000 ---p 00000000 00:00 0 
7fd87c000000-7fd87c021000 rw-p 00000000 00:00 0 
7fd87c021000-7fd880000000 ---p 00000000 00:00 0 
7fd880000000-7fd880021000 rw-p 00000000 00:00 0 
7fd880021000-7fd884000000 ---p 00000000 00:00 0 
7fd884000000-7fd884021000 rw-p 00000000 00:00 0 
7fd884021000-7fd888000000 ---p 00000000 00:00 0 
7fd888000000-7fd888021000 rw-p 00000000 00:00 0 
7fd888021000-7fd88c000000 ---p 00000000 00:00 0 
7fd88c000000-7fd88c021000 rw-p 00000000 00:00 0 
7fd88c021000-7fd890000000 ---p 00000000 00:00 0 
7fd890000000-7fd890021000 rw-p 00000000 00:00 0 
7fd890021000-7fd894000000 ---p 00000000 00:00 0 
7fd894000000-7fd894021000 rw-p 00000000 00:00 0 
7fd894021000-7fd898000000 ---p 00000000 00:00 0 
7fd898000000-7fd898003000 r--s 00018000 fe:02 41681192                   /home/beenotung/git/workspace/hkcc-pacman-robot/lib/pi4j/pi4j-example.jar
7fd898003000-7fd898007000 r--s 00093000 fe:00 3949442                    /usr/lib/jvm/java-8-jdk/jre/lib/jsse.jar
7fd898007000-7fd89800c000 r--s 00084000 fe:00 3949445                    /usr/lib/jvm/java-8-jdk/jre/lib/jfr.jar
7fd89800c000-7fd89801f000 r--s 00344000 fe:00 3949438                    /usr/lib/jvm/java-8-jdk/jre/lib/resources.jar
7fd89801f000-7fd898038000 r--s 001ea000 fe:00 3949441                    /usr/lib/jvm/java-8-jdk/jre/lib/deploy.jar
7fd898038000-7fd8982df000 rw-p 00000000 00:00 0 
7fd8982df000-7fd8984b5000 r--s 03caa000 fe:00 3949446                    /usr/lib/jvm/java-8-jdk/jre/lib/rt.jar
7fd8984b5000-7fd898cfd000 rw-p 00000000 00:00 0 
7fd898cfd000-7fd898cfe000 ---p 00000000 00:00 0 
7fd898cfe000-7fd898dfe000 rw-p 00000000 00:00 0                          [stack:10828]
7fd898dfe000-7fd898dff000 ---p 00000000 00:00 0 
7fd898dff000-7fd898eff000 rw-p 00000000 00:00 0                          [stack:10827]
7fd898eff000-7fd898f00000 ---p 00000000 00:00 0 
7fd898f00000-7fd899000000 rw-p 00000000 00:00 0                          [stack:10826]
7fd899000000-7fd8992a0000 rwxp 00000000 00:00 0 
7fd8992a0000-7fd8a8000000 ---p 00000000 00:00 0 
7fd8a8000000-7fd8a8572000 rw-p 00000000 00:00 0 
7fd8a8572000-7fd8ac000000 ---p 00000000 00:00 0 
7fd8ac000000-7fd8ac002000 r--s 0001a000 fe:00 3949452                    /usr/lib/jvm/java-8-jdk/jre/lib/jce.jar
7fd8ac002000-7fd8ac00c000 r--s 00069000 fe:00 3949459                    /usr/lib/jvm/java-8-jdk/jre/lib/javaws.jar
7fd8ac00c000-7fd8ac00e000 r--s 00007000 fe:00 3949435                    /usr/lib/jvm/java-8-jdk/jre/lib/jfxswt.jar
7fd8ac00e000-7fd8ac0cc000 rw-p 00000000 00:00 0 
7fd8ac0cc000-7fd8ac0cd000 ---p 00000000 00:00 0 
7fd8ac0cd000-7fd8ac1cd000 rw-p 00000000 00:00 0                          [stack:10825]
7fd8ac1cd000-7fd8ac1ce000 ---p 00000000 00:00 0 
7fd8ac1ce000-7fd8ac2ce000 rw-p 00000000 00:00 0                          [stack:10824]
7fd8ac2ce000-7fd8ac2cf000 ---p 00000000 00:00 0 
7fd8ac2cf000-7fd8ac3cf000 rw-p 00000000 00:00 0                          [stack:10823]
7fd8ac3cf000-7fd8ac3d0000 ---p 00000000 00:00 0 
7fd8ac3d0000-7fd8ac4d0000 rw-p 00000000 00:00 0                          [stack:10822]
7fd8ac4d0000-7fd8ac4d1000 ---p 00000000 00:00 0 
7fd8ac4d1000-7fd8ac625000 rw-p 00000000 00:00 0                          [stack:10821]
7fd8ac625000-7fd8acb08000 ---p 00000000 00:00 0 
7fd8acb08000-7fd8acb5c000 rw-p 00000000 00:00 0 
7fd8acb5c000-7fd8ad03e000 ---p 00000000 00:00 0 
7fd8ad03e000-7fd8ad069000 rw-p 00000000 00:00 0 
7fd8ad069000-7fd8ad2da000 ---p 00000000 00:00 0 
7fd8ad2da000-7fd8ad2e6000 rw-p 00000000 00:00 0 
7fd8ad2e6000-7fd8ad69b000 ---p 00000000 00:00 0 
7fd8ad69b000-7fd8ad6b5000 r-xp 00000000 fe:00 4072537                    /usr/lib/jvm/java-8-jdk/jre/lib/amd64/libzip.so
7fd8ad6b5000-7fd8ad8b5000 ---p 0001a000 fe:00 4072537                    /usr/lib/jvm/java-8-jdk/jre/lib/amd64/libzip.so
7fd8ad8b5000-7fd8ad8b6000 rw-p 0001a000 fe:00 4072537                    /usr/lib/jvm/java-8-jdk/jre/lib/amd64/libzip.so
7fd8ad8b6000-7fd8ad8c1000 r-xp 00000000 fe:00 2624626                    /usr/lib/libnss_files-2.21.so
7fd8ad8c1000-7fd8adac1000 ---p 0000b000 fe:00 2624626                    /usr/lib/libnss_files-2.21.so
7fd8adac1000-7fd8adac2000 r--p 0000b000 fe:00 2624626                    /usr/lib/libnss_files-2.21.so
7fd8adac2000-7fd8adac3000 rw-p 0000c000 fe:00 2624626                    /usr/lib/libnss_files-2.21.so
7fd8adac3000-7fd8adaed000 r-xp 00000000 fe:00 4072557                    /usr/lib/jvm/java-8-jdk/jre/lib/amd64/libjava.so
7fd8adaed000-7fd8adced000 ---p 0002a000 fe:00 4072557                    /usr/lib/jvm/java-8-jdk/jre/lib/amd64/libjava.so
7fd8adced000-7fd8adcef000 rw-p 0002a000 fe:00 4072557                    /usr/lib/jvm/java-8-jdk/jre/lib/amd64/libjava.so
7fd8adcef000-7fd8adcfc000 r-xp 00000000 fe:00 4072544                    /usr/lib/jvm/java-8-jdk/jre/lib/amd64/libverify.so
7fd8adcfc000-7fd8adefc000 ---p 0000d000 fe:00 4072544                    /usr/lib/jvm/java-8-jdk/jre/lib/amd64/libverify.so
7fd8adefc000-7fd8adefe000 rw-p 0000d000 fe:00 4072544                    /usr/lib/jvm/java-8-jdk/jre/lib/amd64/libverify.so
7fd8adefe000-7fd8adf05000 r-xp 00000000 fe:00 2624673                    /usr/lib/librt-2.21.so
7fd8adf05000-7fd8ae104000 ---p 00007000 fe:00 2624673                    /usr/lib/librt-2.21.so
7fd8ae104000-7fd8ae105000 r--p 00006000 fe:00 2624673                    /usr/lib/librt-2.21.so
7fd8ae105000-7fd8ae106000 rw-p 00007000 fe:00 2624673                    /usr/lib/librt-2.21.so
7fd8ae106000-7fd8ae209000 r-xp 00000000 fe:00 2624701                    /usr/lib/libm-2.21.so
7fd8ae209000-7fd8ae409000 ---p 00103000 fe:00 2624701                    /usr/lib/libm-2.21.so
7fd8ae409000-7fd8ae40a000 r--p 00103000 fe:00 2624701                    /usr/lib/libm-2.21.so
7fd8ae40a000-7fd8ae40b000 rw-p 00104000 fe:00 2624701                    /usr/lib/libm-2.21.so
7fd8ae40b000-7fd8af078000 r-xp 00000000 fe:00 4460819                    /usr/lib/jvm/java-8-jdk/jre/lib/amd64/server/libjvm.so
7fd8af078000-7fd8af277000 ---p 00c6d000 fe:00 4460819                    /usr/lib/jvm/java-8-jdk/jre/lib/amd64/server/libjvm.so
7fd8af277000-7fd8af34d000 rw-p 00c6c000 fe:00 4460819                    /usr/lib/jvm/java-8-jdk/jre/lib/amd64/server/libjvm.so
7fd8af34d000-7fd8af390000 rw-p 00000000 00:00 0 
7fd8af390000-7fd8af529000 r-xp 00000000 fe:00 2624641                    /usr/lib/libc-2.21.so
7fd8af529000-7fd8af729000 ---p 00199000 fe:00 2624641                    /usr/lib/libc-2.21.so
7fd8af729000-7fd8af72d000 r--p 00199000 fe:00 2624641                    /usr/lib/libc-2.21.so
7fd8af72d000-7fd8af72f000 rw-p 0019d000 fe:00 2624641                    /usr/lib/libc-2.21.so
7fd8af72f000-7fd8af733000 rw-p 00000000 00:00 0 
7fd8af733000-7fd8af735000 r-xp 00000000 fe:00 2624682                    /usr/lib/libdl-2.21.so
7fd8af735000-7fd8af935000 ---p 00002000 fe:00 2624682                    /usr/lib/libdl-2.21.so
7fd8af935000-7fd8af936000 r--p 00002000 fe:00 2624682                    /usr/lib/libdl-2.21.so
7fd8af936000-7fd8af937000 rw-p 00003000 fe:00 2624682                    /usr/lib/libdl-2.21.so
7fd8af937000-7fd8af94c000 r-xp 00000000 fe:00 4460811                    /usr/lib/jvm/java-8-jdk/jre/lib/amd64/jli/libjli.so
7fd8af94c000-7fd8afb4b000 ---p 00015000 fe:00 4460811                    /usr/lib/jvm/java-8-jdk/jre/lib/amd64/jli/libjli.so
7fd8afb4b000-7fd8afb4c000 rw-p 00014000 fe:00 4460811                    /usr/lib/jvm/java-8-jdk/jre/lib/amd64/jli/libjli.so
7fd8afb4c000-7fd8afb64000 r-xp 00000000 fe:00 2624671                    /usr/lib/libpthread-2.21.so
7fd8afb64000-7fd8afd63000 ---p 00018000 fe:00 2624671                    /usr/lib/libpthread-2.21.so
7fd8afd63000-7fd8afd64000 r--p 00017000 fe:00 2624671                    /usr/lib/libpthread-2.21.so
7fd8afd64000-7fd8afd65000 rw-p 00018000 fe:00 2624671                    /usr/lib/libpthread-2.21.so
7fd8afd65000-7fd8afd69000 rw-p 00000000 00:00 0 
7fd8afd69000-7fd8afd8b000 r-xp 00000000 fe:00 2624696                    /usr/lib/ld-2.21.so
7fd8afd8c000-7fd8afd91000 r--s 002f8000 fe:00 3949453                    /usr/lib/jvm/java-8-jdk/jre/lib/charsets.jar
7fd8afd91000-7fd8afe2f000 rw-p 00000000 00:00 0 
7fd8afe2f000-7fd8afe32000 ---p 00000000 00:00 0 
7fd8afe32000-7fd8aff34000 rw-p 00000000 00:00 0                          [stack:10818]
7fd8aff34000-7fd8aff35000 rwxp 00000000 00:00 0 
7fd8aff35000-7fd8aff36000 r--s 00000000 fe:00 3949449                    /usr/lib/jvm/java-8-jdk/jre/lib/management-agent.jar
7fd8aff36000-7fd8aff7f000 rw-p 00000000 00:00 0 
7fd8aff7f000-7fd8aff87000 rw-s 00000000 00:1e 83315                      /tmp/hsperfdata_beenotung/10817
7fd8aff87000-7fd8aff88000 rw-p 00000000 00:00 0 
7fd8aff88000-7fd8aff89000 r--p 00000000 00:00 0 
7fd8aff89000-7fd8aff8a000 rw-p 00000000 00:00 0 
7fd8aff8a000-7fd8aff8b000 r--p 00021000 fe:00 2624696                    /usr/lib/ld-2.21.so
7fd8aff8b000-7fd8aff8c000 rw-p 00022000 fe:00 2624696                    /usr/lib/ld-2.21.so
7fd8aff8c000-7fd8aff8d000 rw-p 00000000 00:00 0 
7ffd5d44f000-7ffd5d471000 rw-p 00000000 00:00 0                          [stack]
7ffd5d4c3000-7ffd5d4c5000 r--p 00000000 00:00 0                          [vvar]
7ffd5d4c5000-7ffd5d4c7000 r-xp 00000000 00:00 0                          [vdso]
ffffffffff600000-ffffffffff601000 r-xp 00000000 00:00 0                  [vsyscall]

VM Arguments:
jvm_args: -Djava.library.path=/home/beenotung/git/workspace/hkcc-pacman-robot/lib/lwjgl3/native/linux/x64:/home/beenotung/git/workspace/hkcc-pacman-robot/lib/lwjgl3/native/linux/x86:/home/beenotung/git/workspace/hkcc-pacman-robot/lib/lwjgl3/native/macosx/x64:/home/beenotung/git/workspace/hkcc-pacman-robot/lib/lwjgl3/native/windows/x64:/home/beenotung/git/workspace/hkcc-pacman-robot/lib/lwjgl3/native/windows/x86 -Didea.launcher.port=7533 -Didea.launcher.bin.path=/usr/share/intellijidea-ce/bin -Dfile.encoding=UTF-8 
java_command: com.intellij.rt.execution.application.AppMain edu.hkcc.pacmanrobot.launcher.MiniMapLauncher
java_class_path (initial): /usr/lib/jvm/default/jre/lib/management-agent.jar:/usr/lib/jvm/default/jre/lib/rt.jar:/usr/lib/jvm/default/jre/lib/charsets.jar:/usr/lib/jvm/default/jre/lib/jfxswt.jar:/usr/lib/jvm/default/jre/lib/javaws.jar:/usr/lib/jvm/default/jre/lib/deploy.jar:/usr/lib/jvm/default/jre/lib/resources.jar:/usr/lib/jvm/default/jre/lib/plugin.jar:/usr/lib/jvm/default/jre/lib/jfr.jar:/usr/lib/jvm/default/jre/lib/jsse.jar:/usr/lib/jvm/default/jre/lib/jce.jar:/usr/lib/jvm/default/jre/lib/ext/jfxrt.jar:/usr/lib/jvm/default/jre/lib/ext/sunpkcs11.jar:/usr/lib/jvm/default/jre/lib/ext/nashorn.jar:/usr/lib/jvm/default/jre/lib/ext/sunjce_provider.jar:/usr/lib/jvm/default/jre/lib/ext/cldrdata.jar:/usr/lib/jvm/default/jre/lib/ext/sunec.jar:/usr/lib/jvm/default/jre/lib/ext/dnsns.jar:/usr/lib/jvm/default/jre/lib/ext/localedata.jar:/usr/lib/jvm/default/jre/lib/ext/zipfs.jar:/home/beenotung/git/workspace/hkcc-pacman-robot/target/scala-2.11/classes:/home/beenotung/.ivy2/cache/org.scala-lang/scala-library/jars/scala-library-2.11.6.jar:/home/beenotung/git/workspace/hkcc-pacman-robot/lib/pi4j/junit.jar:/home/beenotung/git/workspace/hkcc-pacman-robot/lib/pi4j/pi4j-core.jar:/home/beenotung/git/workspace/hkcc-pacman-robot/lib/pi4j/pi4j-device.jar:/home/beenotung/git/workspace/hkcc-pacman-robot/lib/pi4j/pi4j-example.jar:/home/beenotung/git/workspace/hkcc-pacman-robot/lib/pi4j/pi4j-service.jar:/home/beenotung/git/workspace/hkcc-pacman-robot/lib/pi4j/pi4j-core-javadoc.jar:/home/beenotung/git/workspace/hkcc-pacman-robot/lib/pi4j/pi4j-core-sources.jar:/home/beenotung/git/workspace/hkcc-pacman-robot/lib/pi4j/pi4j-device-javadoc.jar:/home/beenotung/git/workspace/hkcc-pacman-robot/lib/pi4j/pi4j-device-sources.jar:/home/beenotung/git/workspace/hkcc-pacman-robot/lib/pi4j/pi4j-gpio-extension.jar:/home/beenotung/git/workspace/hkcc-pacman-robot/lib/pi4j/pi4j-example-javadoc.jar:/home/beenotung/git/workspace/hkcc-pacman-robot/lib/pi4j/pi4j-example-sources.jar:/home/beenotung/git/workspace/hk
Launcher Type: SUN_STANDARD

Environment Variables:
PATH=/usr/games:/home/beenotung/bin:/usr/local/sbin:/usr/local/bin:/usr/bin:/opt/android-sdk/tools:/usr/lib/jvm/default/bin:/usr/bin/site_perl:/usr/bin/vendor_perl:/usr/bin/core_perl
USERNAME=beenotung
LD_LIBRARY_PATH=.:
SHELL=/bin/bash
DISPLAY=:1

Signal Handlers:
SIGSEGV: [libjvm.so+0xa79a80], sa_mask[0]=11111111011111111101111111111110, sa_flags=SA_RESTART|SA_SIGINFO
SIGBUS: [libjvm.so+0xa79a80], sa_mask[0]=11111111011111111101111111111110, sa_flags=SA_RESTART|SA_SIGINFO
SIGFPE: [libjvm.so+0x8e24e0], sa_mask[0]=11111111011111111101111111111110, sa_flags=SA_RESTART|SA_SIGINFO
SIGPIPE: [libjvm.so+0x8e24e0], sa_mask[0]=11111111011111111101111111111110, sa_flags=SA_RESTART|SA_SIGINFO
SIGXFSZ: [libjvm.so+0x8e24e0], sa_mask[0]=11111111011111111101111111111110, sa_flags=SA_RESTART|SA_SIGINFO
SIGILL: [libjvm.so+0x8e24e0], sa_mask[0]=11111111011111111101111111111110, sa_flags=SA_RESTART|SA_SIGINFO
SIGUSR1: SIG_DFL, sa_mask[0]=00000000000000000000000000000000, sa_flags=none
SIGUSR2: [libjvm.so+0x8e3d10], sa_mask[0]=00100000000000000000000000000000, sa_flags=SA_RESTART|SA_SIGINFO
SIGHUP: [libjvm.so+0x8e50d0], sa_mask[0]=11111111011111111101111111111110, sa_flags=SA_RESTART|SA_SIGINFO
SIGINT: [libjvm.so+0x8e50d0], sa_mask[0]=11111111011111111101111111111110, sa_flags=SA_RESTART|SA_SIGINFO
SIGTERM: [libjvm.so+0x8e50d0], sa_mask[0]=11111111011111111101111111111110, sa_flags=SA_RESTART|SA_SIGINFO
SIGQUIT: [libjvm.so+0x8e50d0], sa_mask[0]=11111111011111111101111111111110, sa_flags=SA_RESTART|SA_SIGINFO


---------------  S Y S T E M  ---------------

OS:LSB_VERSION=1.4
DISTRIB_ID=Arch
DISTRIB_RELEASE=rolling
DISTRIB_DESCRIPTION="Arch Linux"

uname:Linux 3.19.3-3-ARCH #1 SMP PREEMPT Wed Apr 8 14:10:00 CEST 2015 x86_64
libc:glibc 2.21 NPTL 2.21 
rlimit: STACK 8192k, CORE 0k, NPROC 64015, NOFILE 4096, AS infinity
load average:1.36 0.80 0.91

/proc/meminfo:
MemTotal:       16398448 kB
MemFree:        11907524 kB
MemAvailable:   13336688 kB
Buffers:          171248 kB
Cached:          1362268 kB
SwapCached:            0 kB
Active:          3346804 kB
Inactive:         771824 kB
Active(anon):    2586908 kB
Inactive(anon):     7760 kB
Active(file):     759896 kB
Inactive(file):   764064 kB
Unevictable:         532 kB
Mlocked:             532 kB
SwapTotal:             0 kB
SwapFree:              0 kB
Dirty:              7228 kB
Writeback:             4 kB
AnonPages:       2585720 kB
Mapped:           373408 kB
Shmem:              9568 kB
Slab:             193152 kB
SReclaimable:     148280 kB
SUnreclaim:        44872 kB
KernelStack:       13136 kB
PageTables:        58436 kB
NFS_Unstable:          0 kB
Bounce:                0 kB
WritebackTmp:          0 kB
CommitLimit:     8199224 kB
Committed_AS:    8135604 kB
VmallocTotal:   34359738367 kB
VmallocUsed:      155560 kB
VmallocChunk:   34359579168 kB
HardwareCorrupted:     0 kB
AnonHugePages:    935936 kB
HugePages_Total:       0
HugePages_Free:        0
HugePages_Rsvd:        0
HugePages_Surp:        0
Hugepagesize:       2048 kB
DirectMap4k:      161340 kB
DirectMap2M:    16576512 kB


CPU:total 8 (4 cores per cpu, 2 threads per core) family 6 model 58 stepping 9, cmov, cx8, fxsr, mmx, sse, sse2, sse3, ssse3, sse4.1, sse4.2, popcnt, avx, aes, clmul, erms, ht, tsc, tscinvbit, tscinv

/proc/cpuinfo:
processor	: 0
vendor_id	: GenuineIntel
cpu family	: 6
model		: 58
model name	: Intel(R) Xeon(R) CPU E3-1230 V2 @ 3.30GHz
stepping	: 9
microcode	: 0x12
cpu MHz		: 3575.601
cache size	: 8192 KB
physical id	: 0
siblings	: 8
core id		: 0
cpu cores	: 4
apicid		: 0
initial apicid	: 0
fpu		: yes
fpu_exception	: yes
cpuid level	: 13
wp		: yes
flags		: fpu vme de pse tsc msr pae mce cx8 apic sep mtrr pge mca cmov pat pse36 clflush dts acpi mmx fxsr sse sse2 ss ht tm pbe syscall nx rdtscp lm constant_tsc arch_perfmon pebs bts rep_good nopl xtopology nonstop_tsc aperfmperf eagerfpu pni pclmulqdq dtes64 monitor ds_cpl vmx smx est tm2 ssse3 cx16 xtpr pdcm pcid sse4_1 sse4_2 x2apic popcnt tsc_deadline_timer aes xsave avx f16c rdrand lahf_lm ida arat epb pln pts dtherm tpr_shadow vnmi flexpriority ept vpid fsgsbase smep erms xsaveopt
bugs		:
bogomips	: 6588.75
clflush size	: 64
cache_alignment	: 64
address sizes	: 36 bits physical, 48 bits virtual
power management:

processor	: 1
vendor_id	: GenuineIntel
cpu family	: 6
model		: 58
model name	: Intel(R) Xeon(R) CPU E3-1230 V2 @ 3.30GHz
stepping	: 9
microcode	: 0x12
cpu MHz		: 3517.464
cache size	: 8192 KB
physical id	: 0
siblings	: 8
core id		: 1
cpu cores	: 4
apicid		: 2
initial apicid	: 2
fpu		: yes
fpu_exception	: yes
cpuid level	: 13
wp		: yes
flags		: fpu vme de pse tsc msr pae mce cx8 apic sep mtrr pge mca cmov pat pse36 clflush dts acpi mmx fxsr sse sse2 ss ht tm pbe syscall nx rdtscp lm constant_tsc arch_perfmon pebs bts rep_good nopl xtopology nonstop_tsc aperfmperf eagerfpu pni pclmulqdq dtes64 monitor ds_cpl vmx smx est tm2 ssse3 cx16 xtpr pdcm pcid sse4_1 sse4_2 x2apic popcnt tsc_deadline_timer aes xsave avx f16c rdrand lahf_lm ida arat epb pln pts dtherm tpr_shadow vnmi flexpriority ept vpid fsgsbase smep erms xsaveopt
bugs		:
bogomips	: 6588.75
clflush size	: 64
cache_alignment	: 64
address sizes	: 36 bits physical, 48 bits virtual
power management:

processor	: 2
vendor_id	: GenuineIntel
cpu family	: 6
model		: 58
model name	: Intel(R) Xeon(R) CPU E3-1230 V2 @ 3.30GHz
stepping	: 9
microcode	: 0x12
cpu MHz		: 3516.433
cache size	: 8192 KB
physical id	: 0
siblings	: 8
core id		: 2
cpu cores	: 4
apicid		: 4
initial apicid	: 4
fpu		: yes
fpu_exception	: yes
cpuid level	: 13
wp		: yes
flags		: fpu vme de pse tsc msr pae mce cx8 apic sep mtrr pge mca cmov pat pse36 clflush dts acpi mmx fxsr sse sse2 ss ht tm pbe syscall nx rdtscp lm constant_tsc arch_perfmon pebs bts rep_good nopl xtopology nonstop_tsc aperfmperf eagerfpu pni pclmulqdq dtes64 monitor ds_cpl vmx smx est tm2 ssse3 cx16 xtpr pdcm pcid sse4_1 sse4_2 x2apic popcnt tsc_deadline_timer aes xsave avx f16c rdrand lahf_lm ida arat epb pln pts dtherm tpr_shadow vnmi flexpriority ept vpid fsgsbase smep erms xsaveopt
bugs		:
bogomips	: 6588.75
clflush size	: 64
cache_alignment	: 64
address sizes	: 36 bits physical, 48 bits virtual
power management:

processor	: 3
vendor_id	: GenuineIntel
cpu family	: 6
model		: 58
model name	: Intel(R) Xeon(R) CPU E3-1230 V2 @ 3.30GHz
stepping	: 9
microcode	: 0x12
cpu MHz		: 3647.273
cache size	: 8192 KB
physical id	: 0
siblings	: 8
core id		: 3
cpu cores	: 4
apicid		: 6
initial apicid	: 6
fpu		: yes
fpu_exception	: yes
cpuid level	: 13
wp		: yes
flags		: fpu vme de pse tsc msr pae mce cx8 apic sep mtrr pge mca cmov pat pse36 clflush dts acpi mmx fxsr sse sse2 ss ht tm pbe syscall nx rdtscp lm constant_tsc arch_perfmon pebs bts rep_good nopl xtopology nonstop_tsc aperfmperf eagerfpu pni pclmulqdq dtes64 monitor ds_cpl vmx smx est tm2 ssse3 cx16 xtpr pdcm pcid sse4_1 sse4_2 x2apic popcnt tsc_deadline_timer aes xsave avx f16c rdrand lahf_lm ida arat epb pln pts dtherm tpr_shadow vnmi flexpriority ept vpid fsgsbase smep erms xsaveopt
bugs		:
bogomips	: 6588.75
clflush size	: 64
cache_alignment	: 64
address sizes	: 36 bits physical, 48 bits virtual
power management:

processor	: 4
vendor_id	: GenuineIntel
cpu family	: 6
model		: 58
model name	: Intel(R) Xeon(R) CPU E3-1230 V2 @ 3.30GHz
stepping	: 9
microcode	: 0x12
cpu MHz		: 3530.871
cache size	: 8192 KB
physical id	: 0
siblings	: 8
core id		: 0
cpu cores	: 4
apicid		: 1
initial apicid	: 1
fpu		: yes
fpu_exception	: yes
cpuid level	: 13
wp		: yes
flags		: fpu vme de pse tsc msr pae mce cx8 apic sep mtrr pge mca cmov pat pse36 clflush dts acpi mmx fxsr sse sse2 ss ht tm pbe syscall nx rdtscp lm constant_tsc arch_perfmon pebs bts rep_good nopl xtopology nonstop_tsc aperfmperf eagerfpu pni pclmulqdq dtes64 monitor ds_cpl vmx smx est tm2 ssse3 cx16 xtpr pdcm pcid sse4_1 sse4_2 x2apic popcnt tsc_deadline_timer aes xsave avx f16c rdrand lahf_lm ida arat epb pln pts dtherm tpr_shadow vnmi flexpriority ept vpid fsgsbase smep erms xsaveopt
bugs		:
bogomips	: 6588.75
clflush size	: 64
cache_alignment	: 64
address sizes	: 36 bits physical, 48 bits virtual
power management:

processor	: 5
vendor_id	: GenuineIntel
cpu family	: 6
model		: 58
model name	: Intel(R) Xeon(R) CPU E3-1230 V2 @ 3.30GHz
stepping	: 9
microcode	: 0x12
cpu MHz		: 3550.851
cache size	: 8192 KB
physical id	: 0
siblings	: 8
core id		: 1
cpu cores	: 4
apicid		: 3
initial apicid	: 3
fpu		: yes
fpu_exception	: yes
cpuid level	: 13
wp		: yes
flags		: fpu vme de pse tsc msr pae mce cx8 apic sep mtrr pge mca cmov pat pse36 clflush dts acpi mmx fxsr sse sse2 ss ht tm pbe syscall nx rdtscp lm constant_tsc arch_perfmon pebs bts rep_good nopl xtopology nonstop_tsc aperfmperf eagerfpu pni pclmulqdq dtes64 monitor ds_cpl vmx smx est tm2 ssse3 cx16 xtpr pdcm pcid sse4_1 sse4_2 x2apic popcnt tsc_deadline_timer aes xsave avx f16c rdrand lahf_lm ida arat epb pln pts dtherm tpr_shadow vnmi flexpriority ept vpid fsgsbase smep erms xsaveopt
bugs		:
bogomips	: 6588.75
clflush size	: 64
cache_alignment	: 64
address sizes	: 36 bits physical, 48 bits virtual
power management:

processor	: 6
vendor_id	: GenuineIntel
cpu family	: 6
model		: 58
model name	: Intel(R) Xeon(R) CPU E3-1230 V2 @ 3.30GHz
stepping	: 9
microcode	: 0x12
cpu MHz		: 3515.789
cache size	: 8192 KB
physical id	: 0
siblings	: 8
core id		: 2
cpu cores	: 4
apicid		: 5
initial apicid	: 5
fpu		: yes
fpu_exception	: yes
cpuid level	: 13
wp		: yes
flags		: fpu vme de pse tsc msr pae mce cx8 apic sep mtrr pge mca cmov pat pse36 clflush dts acpi mmx fxsr sse sse2 ss ht tm pbe syscall nx rdtscp lm constant_tsc arch_perfmon pebs bts rep_good nopl xtopology nonstop_tsc aperfmperf eagerfpu pni pclmulqdq dtes64 monitor ds_cpl vmx smx est tm2 ssse3 cx16 xtpr pdcm pcid sse4_1 sse4_2 x2apic popcnt tsc_deadline_timer aes xsave avx f16c rdrand lahf_lm ida arat epb pln pts dtherm tpr_shadow vnmi flexpriority ept vpid fsgsbase smep erms xsaveopt
bugs		:
bogomips	: 6588.75
clflush size	: 64
cache_alignment	: 64
address sizes	: 36 bits physical, 48 bits virtual
power management:

processor	: 7
vendor_id	: GenuineIntel
cpu family	: 6
model		: 58
model name	: Intel(R) Xeon(R) CPU E3-1230 V2 @ 3.30GHz
stepping	: 9
microcode	: 0x12
cpu MHz		: 3304.898
cache size	: 8192 KB
physical id	: 0
siblings	: 8
core id		: 3
cpu cores	: 4
apicid		: 7
initial apicid	: 7
fpu		: yes
fpu_exception	: yes
cpuid level	: 13
wp		: yes
flags		: fpu vme de pse tsc msr pae mce cx8 apic sep mtrr pge mca cmov pat pse36 clflush dts acpi mmx fxsr sse sse2 ss ht tm pbe syscall nx rdtscp lm constant_tsc arch_perfmon pebs bts rep_good nopl xtopology nonstop_tsc aperfmperf eagerfpu pni pclmulqdq dtes64 monitor ds_cpl vmx smx est tm2 ssse3 cx16 xtpr pdcm pcid sse4_1 sse4_2 x2apic popcnt tsc_deadline_timer aes xsave avx f16c rdrand lahf_lm ida arat epb pln pts dtherm tpr_shadow vnmi flexpriority ept vpid fsgsbase smep erms xsaveopt
bugs		:
bogomips	: 6588.75
clflush size	: 64
cache_alignment	: 64
address sizes	: 36 bits physical, 48 bits virtual
power management:



Memory: 4k page, physical 16398448k(11907524k free), swap 0k(0k free)

vm_info: Java HotSpot(TM) 64-Bit Server VM (25.25-b02) for linux-amd64 JRE (1.8.0_25-b17), built on Sep 17 2014 17:32:11 by "java_re" with gcc 4.3.0 20080428 (Red Hat 4.3.0-8)

time: Tue Apr 14 07:38:48 2015
elapsed time: 6 seconds (0d 0h 0m 6s)

