#
# A fatal error has been detected by the Java Runtime Environment:
#
#  SIGSEGV (0xb) at pc=0x00007fb3c4549a2a, pid=13566, tid=140410468288256
#
# JRE version: Java(TM) SE Runtime Environment (8.0_25-b17) (build 1.8.0_25-b17)
# Java VM: Java HotSpot(TM) 64-Bit Server VM (25.25-b02 mixed mode linux-amd64 compressed oops)
# Problematic frame:
# C  [libffi.so.6+0x4a2a]  ffi_closure_free+0x49a
#
# Failed to write core dump. Core dumps have been disabled. To enable core dumping, try "ulimit -c unlimited" before starting Java again
#
# If you would like to submit a bug report, please visit:
#   http://bugreport.sun.com/bugreport/crash.jsp
# The crash happened outside the Java Virtual Machine in native code.
# See problematic frame for where to report the bug.
#

---------------  T H R E A D  ---------------

Current thread (0x00007fb3f83d2000):  JavaThread "Thread-0" [_thread_in_native, id=13666, stack(0x00007fb3dc05c000,0x00007fb3dc15d000)]

siginfo: si_signo: 11 (SIGSEGV), si_code: 1 (SEGV_MAPERR), si_addr: 0x0000000000000018

Registers:
RAX=0x0000000000000f80, RBX=0x00007fb3c474d2c0, RCX=0x0000000000000000, RDX=0x0000000000000000
RSP=0x00007fb3dc15b550, RBP=0x00007fb3fde64038, RSI=0x00007fb3fde64070, RDI=0x0000000000000001
R8 =0x0000000000000000, R9 =0x0000000000000000, R10=0x000000000000003c, R11=0x00007fb3c4549590
R12=0x00007fb3fde64048, R13=0x00007fb3e6280938, R14=0x00007fb3dc15b628, R15=0x00007fb3f83d2000
RIP=0x00007fb3c4549a2a, EFLAGS=0x0000000000010246, CSGSFS=0x0000000000000033, ERR=0x0000000000000006
  TRAPNO=0x000000000000000e

Top of Stack: (sp=0x00007fb3dc15b550)
0x00007fb3dc15b550:   00007fb3f83d2000 00007fb381aa1b90
0x00007fb3dc15b560:   00007fb3deade4c0 00007fb3f8007440
0x00007fb3dc15b570:   00007fb3fde64048 00007fb3e6280938
0x00007fb3dc15b580:   00007fb3dc15b600 0000000000000000
0x00007fb3dc15b590:   00007fb3e6280938 00007fb3dc15b628
0x00007fb3dc15b5a0:   00007fb3f83d2000 00007fb3e85aa6d4
0x00007fb3dc15b5b0:   00007fb3f83d2000 00007fb3e85aa422
0x00007fb3dc15b5c0:   00007fb3dc15b5c0 00007fb3e6280938
0x00007fb3dc15b5d0:   00007fb3dc15b628 00007fb3e6280d30
0x00007fb3dc15b5e0:   0000000000000000 00007fb3e6280938
0x00007fb3dc15b5f0:   0000000000000000 00007fb3dc15b620
0x00007fb3dc15b600:   00007fb3dc15b670 00007fb3e859c98d
0x00007fb3dc15b610:   000000076d8814b8 00007fb3e85a42b8
0x00007fb3dc15b620:   00007fb3fde64048 000000076d8dcdd8
0x00007fb3dc15b630:   00007fb3dc15b630 00007fb3e6101d0b
0x00007fb3dc15b640:   00007fb3dc15b680 00007fb3e625d5f8
0x00007fb3dc15b650:   0000000000000000 00007fb3e6101d28
0x00007fb3dc15b660:   00007fb3dc15b620 00007fb3dc15b680
0x00007fb3dc15b670:   00007fb3dc15b6c8 00007fb3e859c98d
0x00007fb3dc15b680:   000000076d8dcdd8 00007fb3dc15b688
0x00007fb3dc15b690:   00007fb3e61029e6 00007fb3dc15b6d8
0x00007fb3dc15b6a0:   00007fb3e625d480 0000000000000000
0x00007fb3dc15b6b0:   00007fb3e6102a00 00007fb3dc15b680
0x00007fb3dc15b6c0:   00007fb3dc15b6d8 00007fb3dc15b720
0x00007fb3dc15b6d0:   00007fb3e859c98d 000000076d8dcdd8
0x00007fb3dc15b6e0:   00007fb3dc15b6e0 00007fb3e60ffb37
0x00007fb3dc15b6f0:   00007fb3dc15b730 00007fb3e6103398
0x00007fb3dc15b700:   0000000000000000 00007fb3e60ffb50
0x00007fb3dc15b710:   00007fb3dc15b6d8 00007fb3dc15b730
0x00007fb3dc15b720:   00007fb3dc15b778 00007fb3e859c98d
0x00007fb3dc15b730:   000000076cf328a8 00007fb3dc15b738
0x00007fb3dc15b740:   00007fb3e60ffbe7 00007fb3dc15b790 

Instructions: (pc=0x00007fb3c4549a2a)
0x00007fb3c4549a0a:   56 18 4c 8b 4e 30 48 39 d6 0f 84 ef 03 00 00 48
0x00007fb3c4549a1a:   8b 4e 10 48 3b 0d b4 38 20 00 0f 82 26 fe ff ff
0x00007fb3c4549a2a:   48 89 51 18 48 89 4a 10 4d 85 c9 0f 84 55 03 00
0x00007fb3c4549a3a:   00 48 8b 4e 38 48 8d 79 4a 48 3b 34 fb 0f 84 b3 

Register to memory mapping:

RAX=0x0000000000000f80 is an unknown value
RBX=0x00007fb3c474d2c0: <offset 0x2082c0> in /usr/lib/libffi.so.6 at 0x00007fb3c4545000
RCX=0x0000000000000000 is an unknown value
RDX=0x0000000000000000 is an unknown value
RSP=0x00007fb3dc15b550 is pointing into the stack for thread: 0x00007fb3f83d2000
RBP=0x00007fb3fde64038 is an unknown value
RSI=0x00007fb3fde64070 is an unknown value
RDI=0x0000000000000001 is an unknown value
R8 =0x0000000000000000 is an unknown value
R9 =0x0000000000000000 is an unknown value
R10=0x000000000000003c is an unknown value
R11=0x00007fb3c4549590: ffi_closure_free+0 in /usr/lib/libffi.so.6 at 0x00007fb3c4545000
R12=0x00007fb3fde64048 is an unknown value
R13={method} {0x00007fb3e6280938} 'nffi_closure_free' '(J)V' in 'org/lwjgl/system/libffi/LibFFI'
R14=0x00007fb3dc15b628 is pointing into the stack for thread: 0x00007fb3f83d2000
R15=0x00007fb3f83d2000 is a thread


Stack: [0x00007fb3dc05c000,0x00007fb3dc15d000],  sp=0x00007fb3dc15b550,  free space=1021k
Native frames: (J=compiled Java code, j=interpreted, Vv=VM code, C=native code)
C  [libffi.so.6+0x4a2a]  ffi_closure_free+0x49a

Java frames: (J=compiled Java code, j=interpreted, Vv=VM code)
j  org.lwjgl.system.libffi.LibFFI.nffi_closure_free(J)V+0
j  org.lwjgl.system.libffi.Closure.destroy()V+35
j  org.lwjgl.system.Retainable$Default.release()V+38
j  myutils.gui.opengl.AbstractOpenGLApplication.end()V+7
j  myutils.gui.opengl.AbstractOpenGLApplication.run()V+15
j  edu.hkcc.pacmanrobot.controller.gamecontroller.MiniMap.run()V+27
v  ~StubRoutines::call_stub

---------------  P R O C E S S  ---------------

Java Threads: ( => current thread )
  0x00007fb37c003800 JavaThread "Thread-3" [_thread_blocked, id=13690, stack(0x00007fb381bb9000,0x00007fb381cba000)]
  0x00007fb37c002000 JavaThread "Thread-2" [_thread_in_native, id=13688, stack(0x00007fb381cba000,0x00007fb381dbb000)]
  0x00007fb3f800a000 JavaThread "DestroyJavaVM" [_thread_blocked, id=13567, stack(0x00007fb3fdd5f000,0x00007fb3fde60000)]
=>0x00007fb3f83d2000 JavaThread "Thread-0" [_thread_in_native, id=13666, stack(0x00007fb3dc05c000,0x00007fb3dc15d000)]
  0x00007fb3f825a800 JavaThread "Monitor Ctrl-Break" daemon [_thread_in_native, id=13606, stack(0x00007fb3def52000,0x00007fb3df053000)]
  0x00007fb3f80d2000 JavaThread "Service Thread" daemon [_thread_blocked, id=13597, stack(0x00007fb3df330000,0x00007fb3df431000)]
  0x00007fb3f80ba800 JavaThread "C1 CompilerThread3" daemon [_thread_blocked, id=13596, stack(0x00007fb3df431000,0x00007fb3df532000)]
  0x00007fb3f80b8800 JavaThread "C2 CompilerThread2" daemon [_thread_blocked, id=13595, stack(0x00007fb3df532000,0x00007fb3df633000)]
  0x00007fb3f80b6800 JavaThread "C2 CompilerThread1" daemon [_thread_blocked, id=13594, stack(0x00007fb3df633000,0x00007fb3df734000)]
  0x00007fb3f80b3800 JavaThread "C2 CompilerThread0" daemon [_thread_blocked, id=13593, stack(0x00007fb3df734000,0x00007fb3df835000)]
  0x00007fb3f80b1800 JavaThread "Signal Dispatcher" daemon [_thread_blocked, id=13592, stack(0x00007fb3df835000,0x00007fb3df936000)]
  0x00007fb3f8084800 JavaThread "Finalizer" daemon [_thread_blocked, id=13588, stack(0x00007fb3dfafb000,0x00007fb3dfbfc000)]
  0x00007fb3f8082800 JavaThread "Reference Handler" daemon [_thread_blocked, id=13587, stack(0x00007fb3dfbfc000,0x00007fb3dfcfd000)]

Other Threads:
  0x00007fb3f807b800 VMThread [stack: 0x00007fb3dfcfd000,0x00007fb3dfdfe000] [id=13586]
  0x00007fb3f80d4800 WatcherThread [stack: 0x00007fb3df22f000,0x00007fb3df330000] [id=13598]

VM state:not at safepoint (normal execution)

VM Mutex/Monitor currently owned by a thread: None

Heap:
 PSYoungGen      total 75264K, used 34943K [0x000000076c980000, 0x0000000771d80000, 0x00000007c0000000)
  eden space 64512K, 54% used [0x000000076c980000,0x000000076eb9fe80,0x0000000770880000)
  from space 10752K, 0% used [0x0000000771300000,0x0000000771300000,0x0000000771d80000)
  to   space 10752K, 0% used [0x0000000770880000,0x0000000770880000,0x0000000771300000)
 ParOldGen       total 172032K, used 0K [0x00000006c5c00000, 0x00000006d0400000, 0x000000076c980000)
  object space 172032K, 0% used [0x00000006c5c00000,0x00000006c5c00000,0x00000006d0400000)
 Metaspace       used 10407K, capacity 10534K, committed 10624K, reserved 1058816K
  class space    used 1088K, capacity 1113K, committed 1152K, reserved 1048576K

Card table byte_map: [0x00007fb3e7a02000,0x00007fb3e81d5000] byte_map_base: 0x00007fb3e43d4000

Marking Bits: (ParMarkBitMap*) 0x00007fb3fd2952c0
 Begin Bits: [0x00007fb3b02e0000, 0x00007fb3b4170000)
 End Bits:   [0x00007fb3b4170000, 0x00007fb3b8000000)

Polling page: 0x00007fb3fdeb8000

CodeCache: size=245760Kb used=2694Kb max_used=2705Kb free=243065Kb
 bounds [0x00007fb3e8595000, 0x00007fb3e8845000, 0x00007fb3f7595000]
 total_blobs=1111 nmethods=561 adapters=465
 compilation: enabled

Compilation events (10 events):
Event: 16.893 Thread 0x00007fb3f80b8800 nmethod 554 0x00007fb3e882ecd0 code [0x00007fb3e882ee20, 0x00007fb3e882ef28]
Event: 16.893 Thread 0x00007fb3f80ba800  557       3       sun.reflect.UTF8::utf8Length (81 bytes)
Event: 16.894 Thread 0x00007fb3f80ba800 nmethod 557 0x00007fb3e8836dd0 code [0x00007fb3e8836f80, 0x00007fb3e88375a8]
Event: 16.894 Thread 0x00007fb3f80ba800  558   !   3       sun.reflect.UTF8::encode (191 bytes)
Event: 16.894 Thread 0x00007fb3f80ba800 nmethod 558 0x00007fb3e8835d50 code [0x00007fb3e8835f40, 0x00007fb3e8836808]
Event: 16.894 Thread 0x00007fb3f80ba800  559       3       java.lang.reflect.AccessibleObject::<init> (5 bytes)
Event: 16.894 Thread 0x00007fb3f80ba800 nmethod 559 0x00007fb3e8835990 code [0x00007fb3e8835b00, 0x00007fb3e8835cb0]
Event: 16.898 Thread 0x00007fb3f80ba800  560       1       java.net.AbstractPlainSocketImpl::getTimeout (5 bytes)
Event: 16.898 Thread 0x00007fb3f80ba800 nmethod 560 0x00007fb3e88356d0 code [0x00007fb3e8835820, 0x00007fb3e8835930]
Event: 16.899 Thread 0x00007fb3f80b6800 nmethod 553 0x00007fb3e8834dd0 code [0x00007fb3e8834f40, 0x00007fb3e8835318]

GC Heap History (0 events):
No events

Deoptimization events (1 events):
Event: 11.889 Thread 0x00007fb3f83d2000 Uncommon trap: reason=unreached action=reinterpret pc=0x00007fb3e879ce14 method=sun.misc.URLClassPath$JarLoader.ensureOpen()V @ 4

Internal exceptions (10 events):
Event: 16.873 Thread 0x00007fb37c002000 Exception <a 'java/security/PrivilegedActionException'> (0x000000076eab8250) thrown at [/HUDSON/workspace/8-2-build-linux-amd64/jdk8u25/1514/hotspot/src/share/vm/prims/jvm.cpp, line 1312]
Event: 16.873 Thread 0x00007fb37c002000 Exception <a 'java/security/PrivilegedActionException'> (0x000000076eabd628) thrown at [/HUDSON/workspace/8-2-build-linux-amd64/jdk8u25/1514/hotspot/src/share/vm/prims/jvm.cpp, line 1312]
Event: 16.873 Thread 0x00007fb37c002000 Exception <a 'java/security/PrivilegedActionException'> (0x000000076eac2d68) thrown at [/HUDSON/workspace/8-2-build-linux-amd64/jdk8u25/1514/hotspot/src/share/vm/prims/jvm.cpp, line 1312]
Event: 16.874 Thread 0x00007fb37c002000 Exception <a 'java/security/PrivilegedActionException'> (0x000000076eac75f8) thrown at [/HUDSON/workspace/8-2-build-linux-amd64/jdk8u25/1514/hotspot/src/share/vm/prims/jvm.cpp, line 1312]
Event: 16.875 Thread 0x00007fb37c002000 Exception <a 'java/security/PrivilegedActionException'> (0x000000076eaf2c50) thrown at [/HUDSON/workspace/8-2-build-linux-amd64/jdk8u25/1514/hotspot/src/share/vm/prims/jvm.cpp, line 1312]
Event: 16.875 Thread 0x00007fb37c002000 Exception <a 'java/security/PrivilegedActionException'> (0x000000076eaf7aa0) thrown at [/HUDSON/workspace/8-2-build-linux-amd64/jdk8u25/1514/hotspot/src/share/vm/prims/jvm.cpp, line 1312]
Event: 16.878 Thread 0x00007fb37c002000 Exception <a 'java/lang/NoSuchMethodError': <clinit>> (0x000000076eb08f00) thrown at [/HUDSON/workspace/8-2-build-linux-amd64/jdk8u25/1514/hotspot/src/share/vm/prims/jni.cpp, line 1603]
Event: 16.900 Thread 0x00007fb37c002000 Exception <a 'java/security/PrivilegedActionException'> (0x000000076eb6a560) thrown at [/HUDSON/workspace/8-2-build-linux-amd64/jdk8u25/1514/hotspot/src/share/vm/prims/jvm.cpp, line 1312]
Event: 16.915 Thread 0x00007fb3f83d2000 Exception <a 'java/security/PrivilegedActionException'> (0x000000076e992ed0) thrown at [/HUDSON/workspace/8-2-build-linux-amd64/jdk8u25/1514/hotspot/src/share/vm/prims/jvm.cpp, line 1312]
Event: 16.915 Thread 0x00007fb3f83d2000 Exception <a 'java/security/PrivilegedActionException'> (0x000000076e996850) thrown at [/HUDSON/workspace/8-2-build-linux-amd64/jdk8u25/1514/hotspot/src/share/vm/prims/jvm.cpp, line 1312]

Events (10 events):
Event: 16.892 loading class java/util/concurrent/locks/ReentrantLock$NonfairSync
Event: 16.892 loading class java/util/concurrent/locks/ReentrantLock$NonfairSync done
Event: 16.895 loading class java/util/concurrent/locks/AbstractQueuedSynchronizer$ConditionObject
Event: 16.895 loading class java/util/concurrent/locks/AbstractQueuedSynchronizer$ConditionObject done
Event: 16.899 loading class edu/hkcc/pacmanrobot/utils/map/ObstacleMap$$anon$1
Event: 16.899 loading class edu/hkcc/pacmanrobot/utils/map/ObstacleMap$$anon$1 done
Event: 16.915 loading class edu/hkcc/pacmanrobot/utils/Utils$
Event: 16.915 loading class edu/hkcc/pacmanrobot/utils/Utils$ done
Event: 16.915 loading class edu/hkcc/pacmanrobot/utils/Point2D
Event: 16.915 loading class edu/hkcc/pacmanrobot/utils/Point2D done


Dynamic libraries:
00400000-00401000 r-xp 00000000 fe:00 3950470                            /usr/lib/jvm/java-8-jdk/jre/bin/java
00600000-00601000 rw-p 00000000 fe:00 3950470                            /usr/lib/jvm/java-8-jdk/jre/bin/java
01592000-015b3000 rw-p 00000000 00:00 0                                  [heap]
6c5c00000-6d0400000 rw-p 00000000 00:00 0 
6d0400000-76c980000 ---p 00000000 00:00 0 
76c980000-771d80000 rw-p 00000000 00:00 0 
771d80000-7c0000000 ---p 00000000 00:00 0 
7c0000000-7c0120000 rw-p 00000000 00:00 0 
7c0120000-800000000 ---p 00000000 00:00 0 
7fb370000000-7fb370021000 rw-p 00000000 00:00 0 
7fb370021000-7fb374000000 ---p 00000000 00:00 0 
7fb378000000-7fb378043000 rw-p 00000000 00:00 0 
7fb378043000-7fb37c000000 ---p 00000000 00:00 0 
7fb37c000000-7fb37c021000 rw-p 00000000 00:00 0 
7fb37c021000-7fb380000000 ---p 00000000 00:00 0 
7fb3819b9000-7fb381af9000 rw-p 00000000 00:00 0 
7fb381af9000-7fb381bb9000 ---p 00000000 00:00 0 
7fb381bb9000-7fb381bbc000 ---p 00000000 00:00 0 
7fb381bbc000-7fb381cba000 rw-p 00000000 00:00 0                          [stack:13690]
7fb381cba000-7fb381cbd000 ---p 00000000 00:00 0 
7fb381cbd000-7fb381dbb000 rw-p 00000000 00:00 0                          [stack:13688]
7fb381dbb000-7fb383bb5000 r-xp 00000000 fe:00 2689109                    /usr/lib/libLLVM-3.6.so
7fb383bb5000-7fb383db4000 ---p 01dfa000 fe:00 2689109                    /usr/lib/libLLVM-3.6.so
7fb383db4000-7fb383fd0000 r--p 01df9000 fe:00 2689109                    /usr/lib/libLLVM-3.6.so
7fb383fd0000-7fb383fea000 rw-p 02015000 fe:00 2689109                    /usr/lib/libLLVM-3.6.so
7fb383fea000-7fb384000000 rw-p 00000000 00:00 0 
7fb384000000-7fb384038000 rw-p 00000000 00:00 0 
7fb384038000-7fb388000000 ---p 00000000 00:00 0 
7fb388000000-7fb3885b7000 rw-p 00000000 00:00 0 
7fb3885b7000-7fb38c000000 ---p 00000000 00:00 0 
7fb38c000000-7fb38c021000 rw-p 00000000 00:00 0 
7fb38c021000-7fb390000000 ---p 00000000 00:00 0 
7fb390000000-7fb390021000 rw-p 00000000 00:00 0 
7fb390021000-7fb394000000 ---p 00000000 00:00 0 
7fb394000000-7fb3941bf000 rw-p 00000000 00:00 0 
7fb3941bf000-7fb398000000 ---p 00000000 00:00 0 
7fb398000000-7fb39824e000 rw-p 00000000 00:00 0 
7fb39824e000-7fb39c000000 ---p 00000000 00:00 0 
7fb39c000000-7fb39c318000 rw-p 00000000 00:00 0 
7fb39c318000-7fb3a0000000 ---p 00000000 00:00 0 
7fb3a0000000-7fb3a021d000 rw-p 00000000 00:00 0 
7fb3a021d000-7fb3a4000000 ---p 00000000 00:00 0 
7fb3a4000000-7fb3a4021000 rw-p 00000000 00:00 0 
7fb3a4021000-7fb3a8000000 ---p 00000000 00:00 0 
7fb3a8000000-7fb3a8021000 rw-p 00000000 00:00 0 
7fb3a8021000-7fb3ac000000 ---p 00000000 00:00 0 
7fb3ac000000-7fb3ac021000 rw-p 00000000 00:00 0 
7fb3ac021000-7fb3b0000000 ---p 00000000 00:00 0 
7fb3b00db000-7fb3b00df000 r-xp 00000000 fe:00 2630949                    /usr/lib/libtxc_dxtn.so
7fb3b00df000-7fb3b02de000 ---p 00004000 fe:00 2630949                    /usr/lib/libtxc_dxtn.so
7fb3b02de000-7fb3b02df000 r--p 00003000 fe:00 2630949                    /usr/lib/libtxc_dxtn.so
7fb3b02df000-7fb3b02e0000 rw-p 00004000 fe:00 2630949                    /usr/lib/libtxc_dxtn.so
7fb3b02e0000-7fb3b8000000 rw-p 00000000 00:00 0 
7fb3b8000000-7fb3b8021000 rw-p 00000000 00:00 0 
7fb3b8021000-7fb3bc000000 ---p 00000000 00:00 0 
7fb3bc000000-7fb3bc021000 rw-p 00000000 00:00 0 
7fb3bc021000-7fb3c0000000 ---p 00000000 00:00 0 
7fb3c0000000-7fb3c0021000 rw-p 00000000 00:00 0 
7fb3c0021000-7fb3c4000000 ---p 00000000 00:00 0 
7fb3c40a4000-7fb3c4103000 r-xp 00000000 fe:00 2625020                    /usr/lib/libncursesw.so.5.9
7fb3c4103000-7fb3c4303000 ---p 0005f000 fe:00 2625020                    /usr/lib/libncursesw.so.5.9
7fb3c4303000-7fb3c4307000 r--p 0005f000 fe:00 2625020                    /usr/lib/libncursesw.so.5.9
7fb3c4307000-7fb3c4309000 rw-p 00063000 fe:00 2625020                    /usr/lib/libncursesw.so.5.9
7fb3c4309000-7fb3c433f000 r-xp 00000000 fe:00 2655999                    /usr/lib/libedit.so.0.0.52
7fb3c433f000-7fb3c453e000 ---p 00036000 fe:00 2655999                    /usr/lib/libedit.so.0.0.52
7fb3c453e000-7fb3c4540000 r--p 00035000 fe:00 2655999                    /usr/lib/libedit.so.0.0.52
7fb3c4540000-7fb3c4541000 rw-p 00037000 fe:00 2655999                    /usr/lib/libedit.so.0.0.52
7fb3c4541000-7fb3c4545000 rw-p 00000000 00:00 0 
7fb3c4545000-7fb3c454d000 r-xp 00000000 fe:00 2632155                    /usr/lib/libffi.so.6.0.4
7fb3c454d000-7fb3c474c000 ---p 00008000 fe:00 2632155                    /usr/lib/libffi.so.6.0.4
7fb3c474c000-7fb3c474d000 r--p 00007000 fe:00 2632155                    /usr/lib/libffi.so.6.0.4
7fb3c474d000-7fb3c474e000 rw-p 00008000 fe:00 2632155                    /usr/lib/libffi.so.6.0.4
7fb3c474e000-7fb3c4763000 r-xp 00000000 fe:00 2627701                    /usr/lib/libz.so.1.2.8
7fb3c4763000-7fb3c4962000 ---p 00015000 fe:00 2627701                    /usr/lib/libz.so.1.2.8
7fb3c4962000-7fb3c4963000 r--p 00014000 fe:00 2627701                    /usr/lib/libz.so.1.2.8
7fb3c4963000-7fb3c4964000 rw-p 00015000 fe:00 2627701                    /usr/lib/libz.so.1.2.8
7fb3c4964000-7fb3c496c000 r-xp 00000000 fe:00 2645324                    /usr/lib/libpciaccess.so.0.11.1
7fb3c496c000-7fb3c4b6c000 ---p 00008000 fe:00 2645324                    /usr/lib/libpciaccess.so.0.11.1
7fb3c4b6c000-7fb3c4b6d000 r--p 00008000 fe:00 2645324                    /usr/lib/libpciaccess.so.0.11.1
7fb3c4b6d000-7fb3c4b6e000 rw-p 00009000 fe:00 2645324                    /usr/lib/libpciaccess.so.0.11.1
7fb3c4b6e000-7fb3c4b84000 r-xp 00000000 fe:00 2624967                    /usr/lib/libgcc_s.so.1
7fb3c4b84000-7fb3c4d83000 ---p 00016000 fe:00 2624967                    /usr/lib/libgcc_s.so.1
7fb3c4d83000-7fb3c4d84000 rw-p 00015000 fe:00 2624967                    /usr/lib/libgcc_s.so.1
7fb3c4d84000-7fb3c4e74000 r-xp 00000000 fe:00 2624974                    /usr/lib/libstdc++.so.6.0.20
7fb3c4e74000-7fb3c5074000 ---p 000f0000 fe:00 2624974                    /usr/lib/libstdc++.so.6.0.20
7fb3c5074000-7fb3c507c000 r--p 000f0000 fe:00 2624974                    /usr/lib/libstdc++.so.6.0.20
7fb3c507c000-7fb3c507e000 rw-p 000f8000 fe:00 2624974                    /usr/lib/libstdc++.so.6.0.20
7fb3c507e000-7fb3c5093000 rw-p 00000000 00:00 0 
7fb3c5093000-7fb3c50a8000 r-xp 00000000 fe:00 2645555                    /usr/lib/libelf-0.161.so
7fb3c50a8000-7fb3c52a8000 ---p 00015000 fe:00 2645555                    /usr/lib/libelf-0.161.so
7fb3c52a8000-7fb3c52aa000 r--p 00015000 fe:00 2645555                    /usr/lib/libelf-0.161.so
7fb3c52aa000-7fb3c52ab000 rw-p 00017000 fe:00 2645555                    /usr/lib/libelf-0.161.so
7fb3c52ab000-7fb3c52b7000 r-xp 00000000 fe:00 2645372                    /usr/lib/libdrm_radeon.so.1.0.1
7fb3c52b7000-7fb3c54b6000 ---p 0000c000 fe:00 2645372                    /usr/lib/libdrm_radeon.so.1.0.1
7fb3c54b6000-7fb3c54b7000 r--p 0000b000 fe:00 2645372                    /usr/lib/libdrm_radeon.so.1.0.1
7fb3c54b7000-7fb3c54b8000 rw-p 0000c000 fe:00 2645372                    /usr/lib/libdrm_radeon.so.1.0.1
7fb3c54b8000-7fb3c54d9000 r-xp 00000000 fe:00 2645370                    /usr/lib/libdrm_intel.so.1.0.0
7fb3c54d9000-7fb3c56d8000 ---p 00021000 fe:00 2645370                    /usr/lib/libdrm_intel.so.1.0.0
7fb3c56d8000-7fb3c56d9000 r--p 00020000 fe:00 2645370                    /usr/lib/libdrm_intel.so.1.0.0
7fb3c56d9000-7fb3c56da000 rw-p 00021000 fe:00 2645370                    /usr/lib/libdrm_intel.so.1.0.0
7fb3c56da000-7fb3c56e0000 r-xp 00000000 fe:00 2645371                    /usr/lib/libdrm_nouveau.so.2.0.0
7fb3c56e0000-7fb3c58df000 ---p 00006000 fe:00 2645371                    /usr/lib/libdrm_nouveau.so.2.0.0
7fb3c58df000-7fb3c58e0000 r--p 00005000 fe:00 2645371                    /usr/lib/libdrm_nouveau.so.2.0.0
7fb3c58e0000-7fb3c58e1000 rw-p 00006000 fe:00 2645371                    /usr/lib/libdrm_nouveau.so.2.0.0
7fb3c58e1000-7fb3c6051000 r-xp 00000000 fe:00 3301865                    /usr/lib/xorg/modules/dri/nouveau_dri.so
7fb3c6051000-7fb3c6250000 ---p 00770000 fe:00 3301865                    /usr/lib/xorg/modules/dri/nouveau_dri.so
7fb3c6250000-7fb3c62a7000 r--p 0076f000 fe:00 3301865                    /usr/lib/xorg/modules/dri/nouveau_dri.so
7fb3c62a7000-7fb3c62b3000 rw-p 007c6000 fe:00 3301865                    /usr/lib/xorg/modules/dri/nouveau_dri.so
7fb3c62b3000-7fb3c6498000 rw-p 00000000 00:00 0 
7fb3c6498000-7fb3c649b000 ---p 00000000 00:00 0 
7fb3c649b000-7fb3c6599000 rw-p 00000000 00:00 0 
7fb3c6599000-7fb3c659d000 r-xp 00000000 fe:00 2631613                    /usr/lib/libattr.so.1.1.0
7fb3c659d000-7fb3c679c000 ---p 00004000 fe:00 2631613                    /usr/lib/libattr.so.1.1.0
7fb3c679c000-7fb3c679d000 r--p 00003000 fe:00 2631613                    /usr/lib/libattr.so.1.1.0
7fb3c679d000-7fb3c679e000 rw-p 00004000 fe:00 2631613                    /usr/lib/libattr.so.1.1.0
7fb3c679e000-7fb3c67a2000 r-xp 00000000 fe:00 2631742                    /usr/lib/libcap.so.2.24
7fb3c67a2000-7fb3c69a1000 ---p 00004000 fe:00 2631742                    /usr/lib/libcap.so.2.24
7fb3c69a1000-7fb3c69a2000 rw-p 00003000 fe:00 2631742                    /usr/lib/libcap.so.2.24
7fb3c69a2000-7fb3c69b6000 r-xp 00000000 fe:00 2624622                    /usr/lib/libresolv-2.21.so
7fb3c69b6000-7fb3c6bb5000 ---p 00014000 fe:00 2624622                    /usr/lib/libresolv-2.21.so
7fb3c6bb5000-7fb3c6bb6000 r--p 00013000 fe:00 2624622                    /usr/lib/libresolv-2.21.so
7fb3c6bb6000-7fb3c6bb7000 rw-p 00014000 fe:00 2624622                    /usr/lib/libresolv-2.21.so
7fb3c6bb7000-7fb3c6bb9000 rw-p 00000000 00:00 0 
7fb3c6bb9000-7fb3c6bbe000 r-xp 00000000 fe:00 2624684                    /usr/lib/libnss_dns-2.21.so
7fb3c6bbe000-7fb3c6dbd000 ---p 00005000 fe:00 2624684                    /usr/lib/libnss_dns-2.21.so
7fb3c6dbd000-7fb3c6dbe000 r--p 00004000 fe:00 2624684                    /usr/lib/libnss_dns-2.21.so
7fb3c6dbe000-7fb3c6dbf000 rw-p 00005000 fe:00 2624684                    /usr/lib/libnss_dns-2.21.so
7fb3c6dbf000-7fb3c6dc4000 r-xp 00000000 fe:00 2627693                    /usr/lib/libXdmcp.so.6.0.0
7fb3c6dc4000-7fb3c6fc3000 ---p 00005000 fe:00 2627693                    /usr/lib/libXdmcp.so.6.0.0
7fb3c6fc3000-7fb3c6fc4000 r--p 00004000 fe:00 2627693                    /usr/lib/libXdmcp.so.6.0.0
7fb3c6fc4000-7fb3c6fc5000 rw-p 00005000 fe:00 2627693                    /usr/lib/libXdmcp.so.6.0.0
7fb3c6fc5000-7fb3c6fc7000 r-xp 00000000 fe:00 2640834                    /usr/lib/libXau.so.6.0.0
7fb3c6fc7000-7fb3c71c7000 ---p 00002000 fe:00 2640834                    /usr/lib/libXau.so.6.0.0
7fb3c71c7000-7fb3c71c8000 r--p 00002000 fe:00 2640834                    /usr/lib/libXau.so.6.0.0
7fb3c71c8000-7fb3c71c9000 rw-p 00003000 fe:00 2640834                    /usr/lib/libXau.so.6.0.0
7fb3c71c9000-7fb3c71d2000 r-xp 00000000 fe:00 2645497                    /usr/lib/libXrender.so.1.3.0
7fb3c71d2000-7fb3c73d1000 ---p 00009000 fe:00 2645497                    /usr/lib/libXrender.so.1.3.0
7fb3c73d1000-7fb3c73d2000 r--p 00008000 fe:00 2645497                    /usr/lib/libXrender.so.1.3.0
7fb3c73d2000-7fb3c73d3000 rw-p 00009000 fe:00 2645497                    /usr/lib/libXrender.so.1.3.0
7fb3c73d3000-7fb3c73df000 r-xp 00000000 fe:00 2645368                    /usr/lib/libdrm.so.2.4.0
7fb3c73df000-7fb3c75de000 ---p 0000c000 fe:00 2645368                    /usr/lib/libdrm.so.2.4.0
7fb3c75de000-7fb3c75df000 r--p 0000b000 fe:00 2645368                    /usr/lib/libdrm.so.2.4.0
7fb3c75df000-7fb3c75e0000 rw-p 0000c000 fe:00 2645368                    /usr/lib/libdrm.so.2.4.0
7fb3c75e0000-7fb3c75e1000 r-xp 00000000 fe:00 2645518                    /usr/lib/libxshmfence.so.1.0.0
7fb3c75e1000-7fb3c77e1000 ---p 00001000 fe:00 2645518                    /usr/lib/libxshmfence.so.1.0.0
7fb3c77e1000-7fb3c77e2000 r--p 00001000 fe:00 2645518                    /usr/lib/libxshmfence.so.1.0.0
7fb3c77e2000-7fb3c77e3000 rw-p 00002000 fe:00 2645518                    /usr/lib/libxshmfence.so.1.0.0
7fb3c77e3000-7fb3c77e8000 r-xp 00000000 fe:00 2643171                    /usr/lib/libxcb-sync.so.1.0.0
7fb3c77e8000-7fb3c79e8000 ---p 00005000 fe:00 2643171                    /usr/lib/libxcb-sync.so.1.0.0
7fb3c79e8000-7fb3c79e9000 r--p 00005000 fe:00 2643171                    /usr/lib/libxcb-sync.so.1.0.0
7fb3c79e9000-7fb3c79ea000 rw-p 00006000 fe:00 2643171                    /usr/lib/libxcb-sync.so.1.0.0
7fb3c79ea000-7fb3c79ed000 r-xp 00000000 fe:00 2643140                    /usr/lib/libxcb-shape.so.0.0.0
7fb3c79ed000-7fb3c7bec000 ---p 00003000 fe:00 2643140                    /usr/lib/libxcb-shape.so.0.0.0
7fb3c7bec000-7fb3c7bed000 r--p 00002000 fe:00 2643140                    /usr/lib/libxcb-shape.so.0.0.0
7fb3c7bed000-7fb3c7bee000 rw-p 00003000 fe:00 2643140                    /usr/lib/libxcb-shape.so.0.0.0
7fb3c7bee000-7fb3c7bf7000 r-xp 00000000 fe:00 2643125                    /usr/lib/libxcb-render.so.0.0.0
7fb3c7bf7000-7fb3c7df6000 ---p 00009000 fe:00 2643125                    /usr/lib/libxcb-render.so.0.0.0
7fb3c7df6000-7fb3c7df7000 r--p 00008000 fe:00 2643125                    /usr/lib/libxcb-render.so.0.0.0
7fb3c7df7000-7fb3c7df8000 rw-p 00009000 fe:00 2643125                    /usr/lib/libxcb-render.so.0.0.0
7fb3c7df8000-7fb3c7dfe000 r-xp 00000000 fe:00 2643122                    /usr/lib/libxcb-xfixes.so.0.0.0
7fb3c7dfe000-7fb3c7ffe000 ---p 00006000 fe:00 2643122                    /usr/lib/libxcb-xfixes.so.0.0.0
7fb3c7ffe000-7fb3c7fff000 r--p 00006000 fe:00 2643122                    /usr/lib/libxcb-xfixes.so.0.0.0
7fb3c7fff000-7fb3c8000000 rw-p 00007000 fe:00 2643122                    /usr/lib/libxcb-xfixes.so.0.0.0
7fb3c8000000-7fb3c8021000 rw-p 00000000 00:00 0 
7fb3c8021000-7fb3cc000000 ---p 00000000 00:00 0 
7fb3cc000000-7fb3cc021000 rw-p 00000000 00:00 0 
7fb3cc021000-7fb3d0000000 ---p 00000000 00:00 0 
7fb3d0000000-7fb3d0021000 rw-p 00000000 00:00 0 
7fb3d0021000-7fb3d4000000 ---p 00000000 00:00 0 
7fb3d4000000-7fb3d4021000 rw-p 00000000 00:00 0 
7fb3d4021000-7fb3d8000000 ---p 00000000 00:00 0 
7fb3d8000000-7fb3d8021000 rw-p 00000000 00:00 0 
7fb3d8021000-7fb3dc000000 ---p 00000000 00:00 0 
7fb3dc04a000-7fb3dc05a000 r-xp 00000000 fe:00 2655815                    /usr/lib/libudev.so.1.6.2
7fb3dc05a000-7fb3dc05b000 r--p 0000f000 fe:00 2655815                    /usr/lib/libudev.so.1.6.2
7fb3dc05b000-7fb3dc05c000 rw-p 00010000 fe:00 2655815                    /usr/lib/libudev.so.1.6.2
7fb3dc05c000-7fb3dc05f000 ---p 00000000 00:00 0 
7fb3dc05f000-7fb3dc15d000 rw-p 00000000 00:00 0                          [stack:13666]
7fb3dc15d000-7fb3dc169000 r-xp 00000000 fe:00 2633439                    /usr/lib/libnss_myhostname.so.2
7fb3dc169000-7fb3dc16a000 ---p 0000c000 fe:00 2633439                    /usr/lib/libnss_myhostname.so.2
7fb3dc16a000-7fb3dc16c000 r--p 0000c000 fe:00 2633439                    /usr/lib/libnss_myhostname.so.2
7fb3dc16c000-7fb3dc16d000 rw-p 0000e000 fe:00 2633439                    /usr/lib/libnss_myhostname.so.2
7fb3dc16d000-7fb3dc17a000 r-xp 00000000 fe:00 2643179                    /usr/lib/libxcb-randr.so.0.1.0
7fb3dc17a000-7fb3dc379000 ---p 0000d000 fe:00 2643179                    /usr/lib/libxcb-randr.so.0.1.0
7fb3dc379000-7fb3dc37a000 r--p 0000c000 fe:00 2643179                    /usr/lib/libxcb-randr.so.0.1.0
7fb3dc37a000-7fb3dc37b000 rw-p 0000d000 fe:00 2643179                    /usr/lib/libxcb-randr.so.0.1.0
7fb3dc37b000-7fb3dc37d000 r-xp 00000000 fe:00 2643158                    /usr/lib/libxcb-present.so.0.0.0
7fb3dc37d000-7fb3dc57c000 ---p 00002000 fe:00 2643158                    /usr/lib/libxcb-present.so.0.0.0
7fb3dc57c000-7fb3dc57d000 r--p 00001000 fe:00 2643158                    /usr/lib/libxcb-present.so.0.0.0
7fb3dc57d000-7fb3dc57e000 rw-p 00002000 fe:00 2643158                    /usr/lib/libxcb-present.so.0.0.0
7fb3dc57e000-7fb3dc580000 r-xp 00000000 fe:00 2643130                    /usr/lib/libxcb-dri3.so.0.0.0
7fb3dc580000-7fb3dc77f000 ---p 00002000 fe:00 2643130                    /usr/lib/libxcb-dri3.so.0.0.0
7fb3dc77f000-7fb3dc780000 r--p 00001000 fe:00 2643130                    /usr/lib/libxcb-dri3.so.0.0.0
7fb3dc780000-7fb3dc781000 rw-p 00002000 fe:00 2643130                    /usr/lib/libxcb-dri3.so.0.0.0
7fb3dc781000-7fb3dc785000 r-xp 00000000 fe:00 2643155                    /usr/lib/libxcb-dri2.so.0.0.0
7fb3dc785000-7fb3dc984000 ---p 00004000 fe:00 2643155                    /usr/lib/libxcb-dri2.so.0.0.0
7fb3dc984000-7fb3dc985000 r--p 00003000 fe:00 2643155                    /usr/lib/libxcb-dri2.so.0.0.0
7fb3dc985000-7fb3dc986000 rw-p 00004000 fe:00 2643155                    /usr/lib/libxcb-dri2.so.0.0.0
7fb3dc986000-7fb3dc99d000 r-xp 00000000 fe:00 2643129                    /usr/lib/libxcb-glx.so.0.0.0
7fb3dc99d000-7fb3dcb9d000 ---p 00017000 fe:00 2643129                    /usr/lib/libxcb-glx.so.0.0.0
7fb3dcb9d000-7fb3dcb9f000 r--p 00017000 fe:00 2643129                    /usr/lib/libxcb-glx.so.0.0.0
7fb3dcb9f000-7fb3dcba0000 rw-p 00019000 fe:00 2643129                    /usr/lib/libxcb-glx.so.0.0.0
7fb3dcba0000-7fb3dcba1000 r-xp 00000000 fe:00 2643225                    /usr/lib/libX11-xcb.so.1.0.0
7fb3dcba1000-7fb3dcda0000 ---p 00001000 fe:00 2643225                    /usr/lib/libX11-xcb.so.1.0.0
7fb3dcda0000-7fb3dcda1000 r--p 00000000 fe:00 2643225                    /usr/lib/libX11-xcb.so.1.0.0
7fb3dcda1000-7fb3dcda2000 rw-p 00001000 fe:00 2643225                    /usr/lib/libX11-xcb.so.1.0.0
7fb3dcda2000-7fb3dcda7000 r-xp 00000000 fe:00 2644195                    /usr/lib/libXfixes.so.3.1.0
7fb3dcda7000-7fb3dcfa6000 ---p 00005000 fe:00 2644195                    /usr/lib/libXfixes.so.3.1.0
7fb3dcfa6000-7fb3dcfa7000 r--p 00004000 fe:00 2644195                    /usr/lib/libXfixes.so.3.1.0
7fb3dcfa7000-7fb3dcfa8000 rw-p 00005000 fe:00 2644195                    /usr/lib/libXfixes.so.3.1.0
7fb3dcfa8000-7fb3dcfaa000 r-xp 00000000 fe:00 2645591                    /usr/lib/libXdamage.so.1.1.0
7fb3dcfaa000-7fb3dd1a9000 ---p 00002000 fe:00 2645591                    /usr/lib/libXdamage.so.1.1.0
7fb3dd1a9000-7fb3dd1aa000 r--p 00001000 fe:00 2645591                    /usr/lib/libXdamage.so.1.1.0
7fb3dd1aa000-7fb3dd1ab000 rw-p 00002000 fe:00 2645591                    /usr/lib/libXdamage.so.1.1.0
7fb3dd1ab000-7fb3dd1bc000 r-xp 00000000 fe:00 2644111                    /usr/lib/libXext.so.6.4.0
7fb3dd1bc000-7fb3dd3bb000 ---p 00011000 fe:00 2644111                    /usr/lib/libXext.so.6.4.0
7fb3dd3bb000-7fb3dd3bc000 r--p 00010000 fe:00 2644111                    /usr/lib/libXext.so.6.4.0
7fb3dd3bc000-7fb3dd3bd000 rw-p 00011000 fe:00 2644111                    /usr/lib/libXext.so.6.4.0
7fb3dd3bd000-7fb3dd3e3000 r-xp 00000000 fe:00 2649644                    /usr/lib/libglapi.so.0.0.0
7fb3dd3e3000-7fb3dd5e3000 ---p 00026000 fe:00 2649644                    /usr/lib/libglapi.so.0.0.0
7fb3dd5e3000-7fb3dd5e6000 r--p 00026000 fe:00 2649644                    /usr/lib/libglapi.so.0.0.0
7fb3dd5e6000-7fb3dd5e7000 rw-p 00029000 fe:00 2649644                    /usr/lib/libglapi.so.0.0.0
7fb3dd5e7000-7fb3dd5e8000 rw-p 00000000 00:00 0 
7fb3dd5e8000-7fb3dd60f000 r-xp 00000000 fe:00 2631998                    /usr/lib/libexpat.so.1.6.0
7fb3dd60f000-7fb3dd80e000 ---p 00027000 fe:00 2631998                    /usr/lib/libexpat.so.1.6.0
7fb3dd80e000-7fb3dd811000 r--p 00026000 fe:00 2631998                    /usr/lib/libexpat.so.1.6.0
7fb3dd811000-7fb3dd812000 rw-p 00029000 fe:00 2631998                    /usr/lib/libexpat.so.1.6.0
7fb3dd812000-7fb3dd833000 r-xp 00000000 fe:00 2643143                    /usr/lib/libxcb.so.1.1.0
7fb3dd833000-7fb3dda32000 ---p 00021000 fe:00 2643143                    /usr/lib/libxcb.so.1.1.0
7fb3dda32000-7fb3dda33000 r--p 00020000 fe:00 2643143                    /usr/lib/libxcb.so.1.1.0
7fb3dda33000-7fb3dda34000 rw-p 00021000 fe:00 2643143                    /usr/lib/libxcb.so.1.1.0
7fb3dda34000-7fb3dda3e000 r-xp 00000000 fe:00 2645985                    /usr/lib/libXcursor.so.1.0.2
7fb3dda3e000-7fb3ddc3d000 ---p 0000a000 fe:00 2645985                    /usr/lib/libXcursor.so.1.0.2
7fb3ddc3d000-7fb3ddc3e000 r--p 00009000 fe:00 2645985                    /usr/lib/libXcursor.so.1.0.2
7fb3ddc3e000-7fb3ddc3f000 rw-p 0000a000 fe:00 2645985                    /usr/lib/libXcursor.so.1.0.2
7fb3ddc3f000-7fb3ddc41000 r-xp 00000000 fe:00 2645987                    /usr/lib/libXinerama.so.1.0.0
7fb3ddc41000-7fb3dde40000 ---p 00002000 fe:00 2645987                    /usr/lib/libXinerama.so.1.0.0
7fb3dde40000-7fb3dde41000 r--p 00001000 fe:00 2645987                    /usr/lib/libXinerama.so.1.0.0
7fb3dde41000-7fb3dde42000 rw-p 00002000 fe:00 2645987                    /usr/lib/libXinerama.so.1.0.0
7fb3dde42000-7fb3dde47000 r-xp 00000000 fe:00 2645576                    /usr/lib/libXxf86vm.so.1.0.0
7fb3dde47000-7fb3de046000 ---p 00005000 fe:00 2645576                    /usr/lib/libXxf86vm.so.1.0.0
7fb3de046000-7fb3de047000 r--p 00004000 fe:00 2645576                    /usr/lib/libXxf86vm.so.1.0.0
7fb3de047000-7fb3de048000 rw-p 00005000 fe:00 2645576                    /usr/lib/libXxf86vm.so.1.0.0
7fb3de048000-7fb3de051000 r-xp 00000000 fe:00 2645997                    /usr/lib/libXrandr.so.2.2.0
7fb3de051000-7fb3de250000 ---p 00009000 fe:00 2645997                    /usr/lib/libXrandr.so.2.2.0
7fb3de250000-7fb3de251000 r--p 00008000 fe:00 2645997                    /usr/lib/libXrandr.so.2.2.0
7fb3de251000-7fb3de252000 rw-p 00009000 fe:00 2645997                    /usr/lib/libXrandr.so.2.2.0
7fb3de252000-7fb3de261000 r-xp 00000000 fe:00 2644191                    /usr/lib/libXi.so.6.1.0
7fb3de261000-7fb3de461000 ---p 0000f000 fe:00 2644191                    /usr/lib/libXi.so.6.1.0
7fb3de461000-7fb3de462000 r--p 0000f000 fe:00 2644191                    /usr/lib/libXi.so.6.1.0
7fb3de462000-7fb3de463000 rw-p 00010000 fe:00 2644191                    /usr/lib/libXi.so.6.1.0
7fb3de463000-7fb3de4fb000 r-xp 00000000 fe:00 3297220                    /usr/lib/mesa/libGL.so.1.2.0
7fb3de4fb000-7fb3de6fa000 ---p 00098000 fe:00 3297220                    /usr/lib/mesa/libGL.so.1.2.0
7fb3de6fa000-7fb3de6fd000 r--p 00097000 fe:00 3297220                    /usr/lib/mesa/libGL.so.1.2.0
7fb3de6fd000-7fb3de6fe000 rw-p 0009a000 fe:00 3297220                    /usr/lib/mesa/libGL.so.1.2.0
7fb3de6fe000-7fb3de6ff000 rw-p 00000000 00:00 0 
7fb3de6ff000-7fb3de83a000 r-xp 00000000 fe:00 2643224                    /usr/lib/libX11.so.6.3.0
7fb3de83a000-7fb3dea39000 ---p 0013b000 fe:00 2643224                    /usr/lib/libX11.so.6.3.0
7fb3dea39000-7fb3dea3b000 r--p 0013a000 fe:00 2643224                    /usr/lib/libX11.so.6.3.0
7fb3dea3b000-7fb3dea40000 rw-p 0013c000 fe:00 2643224                    /usr/lib/libX11.so.6.3.0
7fb3dea40000-7fb3dea41000 rw-p 00000000 00:00 0 
7fb3dea6b000-7fb3dea6f000 r--s 00093000 fe:00 3949442                    /usr/lib/jvm/java-8-jdk/jre/lib/jsse.jar
7fb3dea6f000-7fb3dea70000 rwxp 00000000 00:00 0 
7fb3dea70000-7fb3dea7a000 r--s 00116000 fe:00 3949472                    /usr/lib/jvm/java-8-jdk/jre/lib/ext/localedata.jar
7fb3dea7a000-7fb3dea96000 r--s 00393000 fe:00 3949466                    /usr/lib/jvm/java-8-jdk/jre/lib/ext/cldrdata.jar
7fb3dea96000-7fb3deb08000 r-xp 00000000 fe:02 41551762                   /home/beenotung/git/workspace/hkcc-pacman-robot/lib/lwjgl3/native/linux/x64/liblwjgl.so
7fb3deb08000-7fb3ded07000 ---p 00072000 fe:02 41551762                   /home/beenotung/git/workspace/hkcc-pacman-robot/lib/lwjgl3/native/linux/x64/liblwjgl.so
7fb3ded07000-7fb3ded08000 r--p 00071000 fe:02 41551762                   /home/beenotung/git/workspace/hkcc-pacman-robot/lib/lwjgl3/native/linux/x64/liblwjgl.so
7fb3ded08000-7fb3ded09000 rw-p 00072000 fe:02 41551762                   /home/beenotung/git/workspace/hkcc-pacman-robot/lib/lwjgl3/native/linux/x64/liblwjgl.so
7fb3ded09000-7fb3ded3b000 rw-p 00000000 00:00 0 
7fb3ded3b000-7fb3ded51000 r-xp 00000000 fe:00 4072527                    /usr/lib/jvm/java-8-jdk/jre/lib/amd64/libnet.so
7fb3ded51000-7fb3def51000 ---p 00016000 fe:00 4072527                    /usr/lib/jvm/java-8-jdk/jre/lib/amd64/libnet.so
7fb3def51000-7fb3def52000 rw-p 00016000 fe:00 4072527                    /usr/lib/jvm/java-8-jdk/jre/lib/amd64/libnet.so
7fb3def52000-7fb3def55000 ---p 00000000 00:00 0 
7fb3def55000-7fb3df053000 rw-p 00000000 00:00 0                          [stack:13606]
7fb3df053000-7fb3df055000 r--s 00016000 fe:00 3939981                    /usr/share/intellijidea-ce/lib/idea_rt.jar
7fb3df055000-7fb3df058000 r--s 00011000 fe:02 41551757                   /home/beenotung/git/workspace/hkcc-pacman-robot/lib/lwjgl3/jar/disruptor.jar
7fb3df058000-7fb3df067000 r--s 0012b000 fe:02 41551758                   /home/beenotung/git/workspace/hkcc-pacman-robot/lib/lwjgl3/jar/lwjgl.jar
7fb3df067000-7fb3df10f000 r--s 0090a000 fe:02 41551950                   /home/beenotung/git/workspace/hkcc-pacman-robot/lib/NeuroEvolution/NeuroEvolution.jar
7fb3df10f000-7fb3df193000 r--s 00826000 fe:02 41682275                   /home/beenotung/git/workspace/hkcc-pacman-robot/lib/myutils/myutils.jar
7fb3df193000-7fb3df195000 r--s 0000f000 fe:02 41681194                   /home/beenotung/git/workspace/hkcc-pacman-robot/lib/pi4j/pi4j-gpio-extension-sources.jar
7fb3df195000-7fb3df198000 r--s 00032000 fe:02 41681193                   /home/beenotung/git/workspace/hkcc-pacman-robot/lib/pi4j/pi4j-gpio-extension-javadoc.jar
7fb3df198000-7fb3df19a000 r--s 00003000 fe:02 41681197                   /home/beenotung/git/workspace/hkcc-pacman-robot/lib/pi4j/pi4j-service-sources.jar
7fb3df19a000-7fb3df19c000 r--s 00012000 fe:02 41681196                   /home/beenotung/git/workspace/hkcc-pacman-robot/lib/pi4j/pi4j-service-javadoc.jar
7fb3df19c000-7fb3df19e000 r--s 00013000 fe:02 41681191                   /home/beenotung/git/workspace/hkcc-pacman-robot/lib/pi4j/pi4j-example-sources.jar
7fb3df19e000-7fb3df1a1000 r--s 00031000 fe:02 41681190                   /home/beenotung/git/workspace/hkcc-pacman-robot/lib/pi4j/pi4j-example-javadoc.jar
7fb3df1a1000-7fb3df1a3000 r--s 00011000 fe:02 41681195                   /home/beenotung/git/workspace/hkcc-pacman-robot/lib/pi4j/pi4j-gpio-extension.jar
7fb3df1a3000-7fb3df1a9000 r--s 00033000 fe:02 41681186                   /home/beenotung/git/workspace/hkcc-pacman-robot/lib/pi4j/pi4j-device-sources.jar
7fb3df1a9000-7fb3df1b9000 r--s 00124000 fe:02 41681185                   /home/beenotung/git/workspace/hkcc-pacman-robot/lib/pi4j/pi4j-device-javadoc.jar
7fb3df1b9000-7fb3df1be000 r--s 00038000 fe:02 41681183                   /home/beenotung/git/workspace/hkcc-pacman-robot/lib/pi4j/pi4j-core-sources.jar
7fb3df1be000-7fb3df1c8000 r--s 000d6000 fe:02 41681182                   /home/beenotung/git/workspace/hkcc-pacman-robot/lib/pi4j/pi4j-core-javadoc.jar
7fb3df1c8000-7fb3df1ca000 r--s 00003000 fe:02 41681198                   /home/beenotung/git/workspace/hkcc-pacman-robot/lib/pi4j/pi4j-service.jar
7fb3df1ca000-7fb3df1d1000 r--s 0002c000 fe:02 41681189                   /home/beenotung/git/workspace/hkcc-pacman-robot/lib/pi4j/pi4j-device.jar
7fb3df1d1000-7fb3df1d6000 r--s 0002f000 fe:02 41681184                   /home/beenotung/git/workspace/hkcc-pacman-robot/lib/pi4j/pi4j-core.jar
7fb3df1d6000-7fb3df22f000 r--s 004f6000 fe:02 41812706                   /home/beenotung/.ivy2/cache/org.scala-lang/scala-library/jars/scala-library-2.11.6.jar
7fb3df22f000-7fb3df230000 ---p 00000000 00:00 0 
7fb3df230000-7fb3df330000 rw-p 00000000 00:00 0                          [stack:13598]
7fb3df330000-7fb3df333000 ---p 00000000 00:00 0 
7fb3df333000-7fb3df431000 rw-p 00000000 00:00 0                          [stack:13597]
7fb3df431000-7fb3df434000 ---p 00000000 00:00 0 
7fb3df434000-7fb3df532000 rw-p 00000000 00:00 0                          [stack:13596]
7fb3df532000-7fb3df535000 ---p 00000000 00:00 0 
7fb3df535000-7fb3df633000 rw-p 00000000 00:00 0                          [stack:13595]
7fb3df633000-7fb3df636000 ---p 00000000 00:00 0 
7fb3df636000-7fb3df734000 rw-p 00000000 00:00 0                          [stack:13594]
7fb3df734000-7fb3df737000 ---p 00000000 00:00 0 
7fb3df737000-7fb3df835000 rw-p 00000000 00:00 0                          [stack:13593]
7fb3df835000-7fb3df838000 ---p 00000000 00:00 0 
7fb3df838000-7fb3df936000 rw-p 00000000 00:00 0                          [stack:13592]
7fb3df936000-7fb3dfafb000 r--p 00000000 fe:00 2655801                    /usr/lib/locale/locale-archive
7fb3dfafb000-7fb3dfafe000 ---p 00000000 00:00 0 
7fb3dfafe000-7fb3dfbfc000 rw-p 00000000 00:00 0                          [stack:13588]
7fb3dfbfc000-7fb3dfbff000 ---p 00000000 00:00 0 
7fb3dfbff000-7fb3dfcfd000 rw-p 00000000 00:00 0                          [stack:13587]
7fb3dfcfd000-7fb3dfcfe000 ---p 00000000 00:00 0 
7fb3dfcfe000-7fb3e0000000 rw-p 00000000 00:00 0                          [stack:13586]
7fb3e0000000-7fb3e0021000 rw-p 00000000 00:00 0 
7fb3e0021000-7fb3e4000000 ---p 00000000 00:00 0 
7fb3e4000000-7fb3e4003000 r--s 00018000 fe:02 41681192                   /home/beenotung/git/workspace/hkcc-pacman-robot/lib/pi4j/pi4j-example.jar
7fb3e4003000-7fb3e4009000 r--s 00036000 fe:02 41681180                   /home/beenotung/git/workspace/hkcc-pacman-robot/lib/pi4j/junit.jar
7fb3e4009000-7fb3e400b000 r--s 0001a000 fe:00 3949452                    /usr/lib/jvm/java-8-jdk/jre/lib/jce.jar
7fb3e400b000-7fb3e401e000 r--s 000d5000 fe:00 3949455                    /usr/lib/jvm/java-8-jdk/jre/lib/plugin.jar
7fb3e401e000-7fb3e4031000 r--s 00344000 fe:00 3949438                    /usr/lib/jvm/java-8-jdk/jre/lib/resources.jar
7fb3e4031000-7fb3e404a000 r--s 001ea000 fe:00 3949441                    /usr/lib/jvm/java-8-jdk/jre/lib/deploy.jar
7fb3e404a000-7fb3e5a4a000 rw-p 00000000 00:00 0 
7fb3e5a4a000-7fb3e5c20000 r--s 03caa000 fe:00 3949446                    /usr/lib/jvm/java-8-jdk/jre/lib/rt.jar
7fb3e5c20000-7fb3e6cc3000 rw-p 00000000 00:00 0 
7fb3e6cc3000-7fb3e6cc4000 ---p 00000000 00:00 0 
7fb3e6cc4000-7fb3e6dc4000 rw-p 00000000 00:00 0                          [stack:13575]
7fb3e6dc4000-7fb3e6dc5000 ---p 00000000 00:00 0 
7fb3e6dc5000-7fb3e6ec5000 rw-p 00000000 00:00 0                          [stack:13574]
7fb3e6ec5000-7fb3e6ec6000 ---p 00000000 00:00 0 
7fb3e6ec6000-7fb3e6fc6000 rw-p 00000000 00:00 0                          [stack:13573]
7fb3e6fc6000-7fb3e6fc7000 ---p 00000000 00:00 0 
7fb3e6fc7000-7fb3e70c7000 rw-p 00000000 00:00 0                          [stack:13572]
7fb3e70c7000-7fb3e70c8000 ---p 00000000 00:00 0 
7fb3e70c8000-7fb3e71c8000 rw-p 00000000 00:00 0                          [stack:13571]
7fb3e71c8000-7fb3e71c9000 ---p 00000000 00:00 0 
7fb3e71c9000-7fb3e72c9000 rw-p 00000000 00:00 0                          [stack:13570]
7fb3e72c9000-7fb3e72ca000 ---p 00000000 00:00 0 
7fb3e72ca000-7fb3e73ca000 rw-p 00000000 00:00 0                          [stack:13569]
7fb3e73ca000-7fb3e73cb000 ---p 00000000 00:00 0 
7fb3e73cb000-7fb3e751f000 rw-p 00000000 00:00 0                          [stack:13568]
7fb3e751f000-7fb3e7a02000 ---p 00000000 00:00 0 
7fb3e7a02000-7fb3e7a56000 rw-p 00000000 00:00 0 
7fb3e7a56000-7fb3e7f38000 ---p 00000000 00:00 0 
7fb3e7f38000-7fb3e7f63000 rw-p 00000000 00:00 0 
7fb3e7f63000-7fb3e81d4000 ---p 00000000 00:00 0 
7fb3e81d4000-7fb3e81e0000 rw-p 00000000 00:00 0 
7fb3e81e0000-7fb3e8595000 ---p 00000000 00:00 0 
7fb3e8595000-7fb3e8845000 rwxp 00000000 00:00 0 
7fb3e8845000-7fb3f7595000 ---p 00000000 00:00 0 
7fb3f7595000-7fb3f75af000 r-xp 00000000 fe:00 4072537                    /usr/lib/jvm/java-8-jdk/jre/lib/amd64/libzip.so
7fb3f75af000-7fb3f77af000 ---p 0001a000 fe:00 4072537                    /usr/lib/jvm/java-8-jdk/jre/lib/amd64/libzip.so
7fb3f77af000-7fb3f77b0000 rw-p 0001a000 fe:00 4072537                    /usr/lib/jvm/java-8-jdk/jre/lib/amd64/libzip.so
7fb3f77b0000-7fb3f77bb000 r-xp 00000000 fe:00 2624626                    /usr/lib/libnss_files-2.21.so
7fb3f77bb000-7fb3f79bb000 ---p 0000b000 fe:00 2624626                    /usr/lib/libnss_files-2.21.so
7fb3f79bb000-7fb3f79bc000 r--p 0000b000 fe:00 2624626                    /usr/lib/libnss_files-2.21.so
7fb3f79bc000-7fb3f79bd000 rw-p 0000c000 fe:00 2624626                    /usr/lib/libnss_files-2.21.so
7fb3f79bd000-7fb3f79e7000 r-xp 00000000 fe:00 4072557                    /usr/lib/jvm/java-8-jdk/jre/lib/amd64/libjava.so
7fb3f79e7000-7fb3f7be7000 ---p 0002a000 fe:00 4072557                    /usr/lib/jvm/java-8-jdk/jre/lib/amd64/libjava.so
7fb3f7be7000-7fb3f7be9000 rw-p 0002a000 fe:00 4072557                    /usr/lib/jvm/java-8-jdk/jre/lib/amd64/libjava.so
7fb3f7be9000-7fb3f7bf6000 r-xp 00000000 fe:00 4072544                    /usr/lib/jvm/java-8-jdk/jre/lib/amd64/libverify.so
7fb3f7bf6000-7fb3f7df6000 ---p 0000d000 fe:00 4072544                    /usr/lib/jvm/java-8-jdk/jre/lib/amd64/libverify.so
7fb3f7df6000-7fb3f7df8000 rw-p 0000d000 fe:00 4072544                    /usr/lib/jvm/java-8-jdk/jre/lib/amd64/libverify.so
7fb3f7df8000-7fb3f7dff000 r-xp 00000000 fe:00 2624673                    /usr/lib/librt-2.21.so
7fb3f7dff000-7fb3f7ffe000 ---p 00007000 fe:00 2624673                    /usr/lib/librt-2.21.so
7fb3f7ffe000-7fb3f7fff000 r--p 00006000 fe:00 2624673                    /usr/lib/librt-2.21.so
7fb3f7fff000-7fb3f8000000 rw-p 00007000 fe:00 2624673                    /usr/lib/librt-2.21.so
7fb3f8000000-7fb3f8550000 rw-p 00000000 00:00 0 
7fb3f8550000-7fb3fc000000 ---p 00000000 00:00 0 
7fb3fc000000-7fb3fc004000 r--s 00093000 fe:00 3949442                    /usr/lib/jvm/java-8-jdk/jre/lib/jsse.jar
7fb3fc004000-7fb3fc009000 r--s 00084000 fe:00 3949445                    /usr/lib/jvm/java-8-jdk/jre/lib/jfr.jar
7fb3fc009000-7fb3fc013000 r--s 00069000 fe:00 3949459                    /usr/lib/jvm/java-8-jdk/jre/lib/javaws.jar
7fb3fc013000-7fb3fc015000 r--s 00007000 fe:00 3949435                    /usr/lib/jvm/java-8-jdk/jre/lib/jfxswt.jar
7fb3fc015000-7fb3fc036000 rw-p 00000000 00:00 0 
7fb3fc036000-7fb3fc139000 r-xp 00000000 fe:00 2624701                    /usr/lib/libm-2.21.so
7fb3fc139000-7fb3fc339000 ---p 00103000 fe:00 2624701                    /usr/lib/libm-2.21.so
7fb3fc339000-7fb3fc33a000 r--p 00103000 fe:00 2624701                    /usr/lib/libm-2.21.so
7fb3fc33a000-7fb3fc33b000 rw-p 00104000 fe:00 2624701                    /usr/lib/libm-2.21.so
7fb3fc33b000-7fb3fcfa8000 r-xp 00000000 fe:00 4460819                    /usr/lib/jvm/java-8-jdk/jre/lib/amd64/server/libjvm.so
7fb3fcfa8000-7fb3fd1a7000 ---p 00c6d000 fe:00 4460819                    /usr/lib/jvm/java-8-jdk/jre/lib/amd64/server/libjvm.so
7fb3fd1a7000-7fb3fd27d000 rw-p 00c6c000 fe:00 4460819                    /usr/lib/jvm/java-8-jdk/jre/lib/amd64/server/libjvm.so
7fb3fd27d000-7fb3fd2c0000 rw-p 00000000 00:00 0 
7fb3fd2c0000-7fb3fd459000 r-xp 00000000 fe:00 2624641                    /usr/lib/libc-2.21.so
7fb3fd459000-7fb3fd659000 ---p 00199000 fe:00 2624641                    /usr/lib/libc-2.21.so
7fb3fd659000-7fb3fd65d000 r--p 00199000 fe:00 2624641                    /usr/lib/libc-2.21.so
7fb3fd65d000-7fb3fd65f000 rw-p 0019d000 fe:00 2624641                    /usr/lib/libc-2.21.so
7fb3fd65f000-7fb3fd663000 rw-p 00000000 00:00 0 
7fb3fd663000-7fb3fd665000 r-xp 00000000 fe:00 2624682                    /usr/lib/libdl-2.21.so
7fb3fd665000-7fb3fd865000 ---p 00002000 fe:00 2624682                    /usr/lib/libdl-2.21.so
7fb3fd865000-7fb3fd866000 r--p 00002000 fe:00 2624682                    /usr/lib/libdl-2.21.so
7fb3fd866000-7fb3fd867000 rw-p 00003000 fe:00 2624682                    /usr/lib/libdl-2.21.so
7fb3fd867000-7fb3fd87c000 r-xp 00000000 fe:00 4460811                    /usr/lib/jvm/java-8-jdk/jre/lib/amd64/jli/libjli.so
7fb3fd87c000-7fb3fda7b000 ---p 00015000 fe:00 4460811                    /usr/lib/jvm/java-8-jdk/jre/lib/amd64/jli/libjli.so
7fb3fda7b000-7fb3fda7c000 rw-p 00014000 fe:00 4460811                    /usr/lib/jvm/java-8-jdk/jre/lib/amd64/jli/libjli.so
7fb3fda7c000-7fb3fda94000 r-xp 00000000 fe:00 2624671                    /usr/lib/libpthread-2.21.so
7fb3fda94000-7fb3fdc93000 ---p 00018000 fe:00 2624671                    /usr/lib/libpthread-2.21.so
7fb3fdc93000-7fb3fdc94000 r--p 00017000 fe:00 2624671                    /usr/lib/libpthread-2.21.so
7fb3fdc94000-7fb3fdc95000 rw-p 00018000 fe:00 2624671                    /usr/lib/libpthread-2.21.so
7fb3fdc95000-7fb3fdc99000 rw-p 00000000 00:00 0 
7fb3fdc99000-7fb3fdcbb000 r-xp 00000000 fe:00 2624696                    /usr/lib/ld-2.21.so
7fb3fdcbc000-7fb3fdcc1000 r--s 002f8000 fe:00 3949453                    /usr/lib/jvm/java-8-jdk/jre/lib/charsets.jar
7fb3fdcc1000-7fb3fdd5f000 rw-p 00000000 00:00 0 
7fb3fdd5f000-7fb3fdd62000 ---p 00000000 00:00 0 
7fb3fdd62000-7fb3fde64000 rw-p 00000000 00:00 0                          [stack:13567]
7fb3fde64000-7fb3fde65000 rwxp 00000000 00:00 0 
7fb3fde65000-7fb3fde66000 r--s 00000000 fe:00 3949449                    /usr/lib/jvm/java-8-jdk/jre/lib/management-agent.jar
7fb3fde66000-7fb3fdeaf000 rw-p 00000000 00:00 0 
7fb3fdeaf000-7fb3fdeb7000 rw-s 00000000 00:1f 104882                     /tmp/hsperfdata_beenotung/13566
7fb3fdeb7000-7fb3fdeb8000 rw-p 00000000 00:00 0 
7fb3fdeb8000-7fb3fdeb9000 r--p 00000000 00:00 0 
7fb3fdeb9000-7fb3fdeba000 rw-p 00000000 00:00 0 
7fb3fdeba000-7fb3fdebb000 r--p 00021000 fe:00 2624696                    /usr/lib/ld-2.21.so
7fb3fdebb000-7fb3fdebc000 rw-p 00022000 fe:00 2624696                    /usr/lib/ld-2.21.so
7fb3fdebc000-7fb3fdebd000 rw-p 00000000 00:00 0 
7ffdbbd2d000-7ffdbbd4f000 rw-p 00000000 00:00 0                          [stack]
7ffdbbdc6000-7ffdbbdc8000 r--p 00000000 00:00 0                          [vvar]
7ffdbbdc8000-7ffdbbdca000 r-xp 00000000 00:00 0                          [vdso]
ffffffffff600000-ffffffffff601000 r-xp 00000000 00:00 0                  [vsyscall]

VM Arguments:
jvm_args: -Djava.library.path=/home/beenotung/git/workspace/hkcc-pacman-robot/lib/lwjgl3/native/linux/x64:/home/beenotung/git/workspace/hkcc-pacman-robot/lib/lwjgl3/native/linux/x86:/home/beenotung/git/workspace/hkcc-pacman-robot/lib/lwjgl3/native/macosx/x64:/home/beenotung/git/workspace/hkcc-pacman-robot/lib/lwjgl3/native/windows/x64:/home/beenotung/git/workspace/hkcc-pacman-robot/lib/lwjgl3/native/windows/x86 -Didea.launcher.port=7534 -Didea.launcher.bin.path=/usr/share/intellijidea-ce/bin -Dfile.encoding=UTF-8 
java_command: com.intellij.rt.execution.application.AppMain edu.hkcc.pacmanrobot.launcher.MiniMapLauncher
java_class_path (initial): /usr/lib/jvm/default/jre/lib/management-agent.jar:/usr/lib/jvm/default/jre/lib/rt.jar:/usr/lib/jvm/default/jre/lib/charsets.jar:/usr/lib/jvm/default/jre/lib/jfxswt.jar:/usr/lib/jvm/default/jre/lib/javaws.jar:/usr/lib/jvm/default/jre/lib/deploy.jar:/usr/lib/jvm/default/jre/lib/resources.jar:/usr/lib/jvm/default/jre/lib/plugin.jar:/usr/lib/jvm/default/jre/lib/jfr.jar:/usr/lib/jvm/default/jre/lib/jsse.jar:/usr/lib/jvm/default/jre/lib/jce.jar:/usr/lib/jvm/default/jre/lib/ext/jfxrt.jar:/usr/lib/jvm/default/jre/lib/ext/sunpkcs11.jar:/usr/lib/jvm/default/jre/lib/ext/nashorn.jar:/usr/lib/jvm/default/jre/lib/ext/sunjce_provider.jar:/usr/lib/jvm/default/jre/lib/ext/cldrdata.jar:/usr/lib/jvm/default/jre/lib/ext/sunec.jar:/usr/lib/jvm/default/jre/lib/ext/dnsns.jar:/usr/lib/jvm/default/jre/lib/ext/localedata.jar:/usr/lib/jvm/default/jre/lib/ext/zipfs.jar:/home/beenotung/git/workspace/hkcc-pacman-robot/target/scala-2.11/classes:/home/beenotung/.ivy2/cache/org.scala-lang/scala-library/jars/scala-library-2.11.6.jar:/home/beenotung/git/workspace/hkcc-pacman-robot/lib/pi4j/junit.jar:/home/beenotung/git/workspace/hkcc-pacman-robot/lib/pi4j/pi4j-core.jar:/home/beenotung/git/workspace/hkcc-pacman-robot/lib/pi4j/pi4j-device.jar:/home/beenotung/git/workspace/hkcc-pacman-robot/lib/pi4j/pi4j-example.jar:/home/beenotung/git/workspace/hkcc-pacman-robot/lib/pi4j/pi4j-service.jar:/home/beenotung/git/workspace/hkcc-pacman-robot/lib/pi4j/pi4j-core-javadoc.jar:/home/beenotung/git/workspace/hkcc-pacman-robot/lib/pi4j/pi4j-core-sources.jar:/home/beenotung/git/workspace/hkcc-pacman-robot/lib/pi4j/pi4j-device-javadoc.jar:/home/beenotung/git/workspace/hkcc-pacman-robot/lib/pi4j/pi4j-device-sources.jar:/home/beenotung/git/workspace/hkcc-pacman-robot/lib/pi4j/pi4j-gpio-extension.jar:/home/beenotung/git/workspace/hkcc-pacman-robot/lib/pi4j/pi4j-example-javadoc.jar:/home/beenotung/git/workspace/hkcc-pacman-robot/lib/pi4j/pi4j-example-sources.jar:/home/beenotung/git/workspace/hk
Launcher Type: SUN_STANDARD

Environment Variables:
PATH=/usr/games:/home/beenotung/bin:/usr/local/sbin:/usr/local/bin:/usr/bin:/opt/android-sdk/tools:/usr/lib/jvm/default/bin:/usr/bin/site_perl:/usr/bin/vendor_perl:/usr/bin/core_perl
USERNAME=beenotung
LD_LIBRARY_PATH=.:
SHELL=/bin/bash
DISPLAY=:1

Signal Handlers:
SIGSEGV: [libjvm.so+0xa79a80], sa_mask[0]=11111111011111111101111111111110, sa_flags=SA_RESTART|SA_SIGINFO
SIGBUS: [libjvm.so+0xa79a80], sa_mask[0]=11111111011111111101111111111110, sa_flags=SA_RESTART|SA_SIGINFO
SIGFPE: [libjvm.so+0x8e24e0], sa_mask[0]=11111111011111111101111111111110, sa_flags=SA_RESTART|SA_SIGINFO
SIGPIPE: [libjvm.so+0x8e24e0], sa_mask[0]=11111111011111111101111111111110, sa_flags=SA_RESTART|SA_SIGINFO
SIGXFSZ: [libjvm.so+0x8e24e0], sa_mask[0]=11111111011111111101111111111110, sa_flags=SA_RESTART|SA_SIGINFO
SIGILL: [libjvm.so+0x8e24e0], sa_mask[0]=11111111011111111101111111111110, sa_flags=SA_RESTART|SA_SIGINFO
SIGUSR1: SIG_DFL, sa_mask[0]=00000000000000000000000000000000, sa_flags=none
SIGUSR2: [libjvm.so+0x8e3d10], sa_mask[0]=00100000000000000000000000000000, sa_flags=SA_RESTART|SA_SIGINFO
SIGHUP: [libjvm.so+0x8e50d0], sa_mask[0]=11111111011111111101111111111110, sa_flags=SA_RESTART|SA_SIGINFO
SIGINT: [libjvm.so+0x8e50d0], sa_mask[0]=11111111011111111101111111111110, sa_flags=SA_RESTART|SA_SIGINFO
SIGTERM: [libjvm.so+0x8e50d0], sa_mask[0]=11111111011111111101111111111110, sa_flags=SA_RESTART|SA_SIGINFO
SIGQUIT: [libjvm.so+0x8e50d0], sa_mask[0]=11111111011111111101111111111110, sa_flags=SA_RESTART|SA_SIGINFO


---------------  S Y S T E M  ---------------

OS:LSB_VERSION=1.4
DISTRIB_ID=Arch
DISTRIB_RELEASE=rolling
DISTRIB_DESCRIPTION="Arch Linux"

uname:Linux 3.19.3-3-ARCH #1 SMP PREEMPT Wed Apr 8 14:10:00 CEST 2015 x86_64
libc:glibc 2.21 NPTL 2.21 
rlimit: STACK 8192k, CORE 0k, NPROC 64015, NOFILE 4096, AS infinity
load average:0.95 1.49 1.48

/proc/meminfo:
MemTotal:       16398448 kB
MemFree:        11576612 kB
MemAvailable:   12958844 kB
Buffers:          148572 kB
Cached:          1358148 kB
SwapCached:            0 kB
Active:          3648840 kB
Inactive:         803876 kB
Active(anon):    2948048 kB
Inactive(anon):    21360 kB
Active(file):     700792 kB
Inactive(file):   782516 kB
Unevictable:        1032 kB
Mlocked:            1032 kB
SwapTotal:             0 kB
SwapFree:              0 kB
Dirty:               396 kB
Writeback:             0 kB
AnonPages:       2947380 kB
Mapped:           404088 kB
Shmem:             23420 kB
Slab:             184064 kB
SReclaimable:     135720 kB
SUnreclaim:        48344 kB
KernelStack:       13984 kB
PageTables:        62952 kB
NFS_Unstable:          0 kB
Bounce:                0 kB
WritebackTmp:          0 kB
CommitLimit:     8199224 kB
Committed_AS:    8943164 kB
VmallocTotal:   34359738367 kB
VmallocUsed:      155624 kB
VmallocChunk:   34359556272 kB
HardwareCorrupted:     0 kB
AnonHugePages:    716800 kB
HugePages_Total:       0
HugePages_Free:        0
HugePages_Rsvd:        0
HugePages_Surp:        0
Hugepagesize:       2048 kB
DirectMap4k:      171580 kB
DirectMap2M:    16566272 kB


CPU:total 8 (4 cores per cpu, 2 threads per core) family 6 model 58 stepping 9, cmov, cx8, fxsr, mmx, sse, sse2, sse3, ssse3, sse4.1, sse4.2, popcnt, avx, aes, clmul, erms, ht, tsc, tscinvbit, tscinv

/proc/cpuinfo:
processor	: 0
vendor_id	: GenuineIntel
cpu family	: 6
model		: 58
model name	: Intel(R) Xeon(R) CPU E3-1230 V2 @ 3.30GHz
stepping	: 9
microcode	: 0x12
cpu MHz		: 2172.972
cache size	: 8192 KB
physical id	: 0
siblings	: 8
core id		: 0
cpu cores	: 4
apicid		: 0
initial apicid	: 0
fpu		: yes
fpu_exception	: yes
cpuid level	: 13
wp		: yes
flags		: fpu vme de pse tsc msr pae mce cx8 apic sep mtrr pge mca cmov pat pse36 clflush dts acpi mmx fxsr sse sse2 ss ht tm pbe syscall nx rdtscp lm constant_tsc arch_perfmon pebs bts rep_good nopl xtopology nonstop_tsc aperfmperf eagerfpu pni pclmulqdq dtes64 monitor ds_cpl vmx smx est tm2 ssse3 cx16 xtpr pdcm pcid sse4_1 sse4_2 x2apic popcnt tsc_deadline_timer aes xsave avx f16c rdrand lahf_lm ida arat epb pln pts dtherm tpr_shadow vnmi flexpriority ept vpid fsgsbase smep erms xsaveopt
bugs		:
bogomips	: 6587.28
clflush size	: 64
cache_alignment	: 64
address sizes	: 36 bits physical, 48 bits virtual
power management:

processor	: 1
vendor_id	: GenuineIntel
cpu family	: 6
model		: 58
model name	: Intel(R) Xeon(R) CPU E3-1230 V2 @ 3.30GHz
stepping	: 9
microcode	: 0x12
cpu MHz		: 2154.925
cache size	: 8192 KB
physical id	: 0
siblings	: 8
core id		: 1
cpu cores	: 4
apicid		: 2
initial apicid	: 2
fpu		: yes
fpu_exception	: yes
cpuid level	: 13
wp		: yes
flags		: fpu vme de pse tsc msr pae mce cx8 apic sep mtrr pge mca cmov pat pse36 clflush dts acpi mmx fxsr sse sse2 ss ht tm pbe syscall nx rdtscp lm constant_tsc arch_perfmon pebs bts rep_good nopl xtopology nonstop_tsc aperfmperf eagerfpu pni pclmulqdq dtes64 monitor ds_cpl vmx smx est tm2 ssse3 cx16 xtpr pdcm pcid sse4_1 sse4_2 x2apic popcnt tsc_deadline_timer aes xsave avx f16c rdrand lahf_lm ida arat epb pln pts dtherm tpr_shadow vnmi flexpriority ept vpid fsgsbase smep erms xsaveopt
bugs		:
bogomips	: 6587.28
clflush size	: 64
cache_alignment	: 64
address sizes	: 36 bits physical, 48 bits virtual
power management:

processor	: 2
vendor_id	: GenuineIntel
cpu family	: 6
model		: 58
model name	: Intel(R) Xeon(R) CPU E3-1230 V2 @ 3.30GHz
stepping	: 9
microcode	: 0x12
cpu MHz		: 1980.515
cache size	: 8192 KB
physical id	: 0
siblings	: 8
core id		: 2
cpu cores	: 4
apicid		: 4
initial apicid	: 4
fpu		: yes
fpu_exception	: yes
cpuid level	: 13
wp		: yes
flags		: fpu vme de pse tsc msr pae mce cx8 apic sep mtrr pge mca cmov pat pse36 clflush dts acpi mmx fxsr sse sse2 ss ht tm pbe syscall nx rdtscp lm constant_tsc arch_perfmon pebs bts rep_good nopl xtopology nonstop_tsc aperfmperf eagerfpu pni pclmulqdq dtes64 monitor ds_cpl vmx smx est tm2 ssse3 cx16 xtpr pdcm pcid sse4_1 sse4_2 x2apic popcnt tsc_deadline_timer aes xsave avx f16c rdrand lahf_lm ida arat epb pln pts dtherm tpr_shadow vnmi flexpriority ept vpid fsgsbase smep erms xsaveopt
bugs		:
bogomips	: 6587.28
clflush size	: 64
cache_alignment	: 64
address sizes	: 36 bits physical, 48 bits virtual
power management:

processor	: 3
vendor_id	: GenuineIntel
cpu family	: 6
model		: 58
model name	: Intel(R) Xeon(R) CPU E3-1230 V2 @ 3.30GHz
stepping	: 9
microcode	: 0x12
cpu MHz		: 2199.914
cache size	: 8192 KB
physical id	: 0
siblings	: 8
core id		: 3
cpu cores	: 4
apicid		: 6
initial apicid	: 6
fpu		: yes
fpu_exception	: yes
cpuid level	: 13
wp		: yes
flags		: fpu vme de pse tsc msr pae mce cx8 apic sep mtrr pge mca cmov pat pse36 clflush dts acpi mmx fxsr sse sse2 ss ht tm pbe syscall nx rdtscp lm constant_tsc arch_perfmon pebs bts rep_good nopl xtopology nonstop_tsc aperfmperf eagerfpu pni pclmulqdq dtes64 monitor ds_cpl vmx smx est tm2 ssse3 cx16 xtpr pdcm pcid sse4_1 sse4_2 x2apic popcnt tsc_deadline_timer aes xsave avx f16c rdrand lahf_lm ida arat epb pln pts dtherm tpr_shadow vnmi flexpriority ept vpid fsgsbase smep erms xsaveopt
bugs		:
bogomips	: 6587.28
clflush size	: 64
cache_alignment	: 64
address sizes	: 36 bits physical, 48 bits virtual
power management:

processor	: 4
vendor_id	: GenuineIntel
cpu family	: 6
model		: 58
model name	: Intel(R) Xeon(R) CPU E3-1230 V2 @ 3.30GHz
stepping	: 9
microcode	: 0x12
cpu MHz		: 2028.339
cache size	: 8192 KB
physical id	: 0
siblings	: 8
core id		: 0
cpu cores	: 4
apicid		: 1
initial apicid	: 1
fpu		: yes
fpu_exception	: yes
cpuid level	: 13
wp		: yes
flags		: fpu vme de pse tsc msr pae mce cx8 apic sep mtrr pge mca cmov pat pse36 clflush dts acpi mmx fxsr sse sse2 ss ht tm pbe syscall nx rdtscp lm constant_tsc arch_perfmon pebs bts rep_good nopl xtopology nonstop_tsc aperfmperf eagerfpu pni pclmulqdq dtes64 monitor ds_cpl vmx smx est tm2 ssse3 cx16 xtpr pdcm pcid sse4_1 sse4_2 x2apic popcnt tsc_deadline_timer aes xsave avx f16c rdrand lahf_lm ida arat epb pln pts dtherm tpr_shadow vnmi flexpriority ept vpid fsgsbase smep erms xsaveopt
bugs		:
bogomips	: 6587.28
clflush size	: 64
cache_alignment	: 64
address sizes	: 36 bits physical, 48 bits virtual
power management:

processor	: 5
vendor_id	: GenuineIntel
cpu family	: 6
model		: 58
model name	: Intel(R) Xeon(R) CPU E3-1230 V2 @ 3.30GHz
stepping	: 9
microcode	: 0x12
cpu MHz		: 2089.570
cache size	: 8192 KB
physical id	: 0
siblings	: 8
core id		: 1
cpu cores	: 4
apicid		: 3
initial apicid	: 3
fpu		: yes
fpu_exception	: yes
cpuid level	: 13
wp		: yes
flags		: fpu vme de pse tsc msr pae mce cx8 apic sep mtrr pge mca cmov pat pse36 clflush dts acpi mmx fxsr sse sse2 ss ht tm pbe syscall nx rdtscp lm constant_tsc arch_perfmon pebs bts rep_good nopl xtopology nonstop_tsc aperfmperf eagerfpu pni pclmulqdq dtes64 monitor ds_cpl vmx smx est tm2 ssse3 cx16 xtpr pdcm pcid sse4_1 sse4_2 x2apic popcnt tsc_deadline_timer aes xsave avx f16c rdrand lahf_lm ida arat epb pln pts dtherm tpr_shadow vnmi flexpriority ept vpid fsgsbase smep erms xsaveopt
bugs		:
bogomips	: 6587.28
clflush size	: 64
cache_alignment	: 64
address sizes	: 36 bits physical, 48 bits virtual
power management:

processor	: 6
vendor_id	: GenuineIntel
cpu family	: 6
model		: 58
model name	: Intel(R) Xeon(R) CPU E3-1230 V2 @ 3.30GHz
stepping	: 9
microcode	: 0x12
cpu MHz		: 1647.679
cache size	: 8192 KB
physical id	: 0
siblings	: 8
core id		: 2
cpu cores	: 4
apicid		: 5
initial apicid	: 5
fpu		: yes
fpu_exception	: yes
cpuid level	: 13
wp		: yes
flags		: fpu vme de pse tsc msr pae mce cx8 apic sep mtrr pge mca cmov pat pse36 clflush dts acpi mmx fxsr sse sse2 ss ht tm pbe syscall nx rdtscp lm constant_tsc arch_perfmon pebs bts rep_good nopl xtopology nonstop_tsc aperfmperf eagerfpu pni pclmulqdq dtes64 monitor ds_cpl vmx smx est tm2 ssse3 cx16 xtpr pdcm pcid sse4_1 sse4_2 x2apic popcnt tsc_deadline_timer aes xsave avx f16c rdrand lahf_lm ida arat epb pln pts dtherm tpr_shadow vnmi flexpriority ept vpid fsgsbase smep erms xsaveopt
bugs		:
bogomips	: 6587.28
clflush size	: 64
cache_alignment	: 64
address sizes	: 36 bits physical, 48 bits virtual
power management:

processor	: 7
vendor_id	: GenuineIntel
cpu family	: 6
model		: 58
model name	: Intel(R) Xeon(R) CPU E3-1230 V2 @ 3.30GHz
stepping	: 9
microcode	: 0x12
cpu MHz		: 1793.730
cache size	: 8192 KB
physical id	: 0
siblings	: 8
core id		: 3
cpu cores	: 4
apicid		: 7
initial apicid	: 7
fpu		: yes
fpu_exception	: yes
cpuid level	: 13
wp		: yes
flags		: fpu vme de pse tsc msr pae mce cx8 apic sep mtrr pge mca cmov pat pse36 clflush dts acpi mmx fxsr sse sse2 ss ht tm pbe syscall nx rdtscp lm constant_tsc arch_perfmon pebs bts rep_good nopl xtopology nonstop_tsc aperfmperf eagerfpu pni pclmulqdq dtes64 monitor ds_cpl vmx smx est tm2 ssse3 cx16 xtpr pdcm pcid sse4_1 sse4_2 x2apic popcnt tsc_deadline_timer aes xsave avx f16c rdrand lahf_lm ida arat epb pln pts dtherm tpr_shadow vnmi flexpriority ept vpid fsgsbase smep erms xsaveopt
bugs		:
bogomips	: 6587.28
clflush size	: 64
cache_alignment	: 64
address sizes	: 36 bits physical, 48 bits virtual
power management:



Memory: 4k page, physical 16398448k(11576612k free), swap 0k(0k free)

vm_info: Java HotSpot(TM) 64-Bit Server VM (25.25-b02) for linux-amd64 JRE (1.8.0_25-b17), built on Sep 17 2014 17:32:11 by "java_re" with gcc 4.3.0 20080428 (Red Hat 4.3.0-8)

time: Tue Apr 14 10:13:50 2015
elapsed time: 16 seconds (0d 0h 0m 16s)

