#
# A fatal error has been detected by the Java Runtime Environment:
#
#  SIGSEGV (0xb) at pc=0x00007f69352615ca, pid=20474, tid=140090963441408
#
# JRE version: OpenJDK Runtime Environment (8.0_45-b14) (build 1.8.0_45-internal-b14)
# Java VM: OpenJDK 64-Bit Server VM (25.45-b02 mixed mode linux-amd64 compressed oops)
# Problematic frame:
# C  [libffi.so.6+0x45ca]  ffi_closure_free+0x49a
#
# Failed to write core dump. Core dumps have been disabled. To enable core dumping, try "ulimit -c unlimited" before starting Java again
#
# If you would like to submit a bug report, please visit:
#   http://bugreport.java.com/bugreport/crash.jsp
# The crash happened outside the Java Virtual Machine in native code.
# See problematic frame for where to report the bug.
#

---------------  T H R E A D  ---------------

Current thread (0x00007f69a879b800):  JavaThread "Thread-0" [_thread_in_native, id=20515, stack(0x00007f69780cb000,0x00007f69781cc000)]

siginfo: si_signo: 11 (SIGSEGV), si_code: 1 (SEGV_MAPERR), si_addr: 0x0000000000000018

Registers:
RAX=0x0000000000000f80, RBX=0x00007f6935464240, RCX=0x0000000000000000, RDX=0x0000000000000000
RSP=0x00007f69781ca890, RBP=0x00007f697944a038, RSI=0x00007f697944a070, RDI=0x0000000000000001
R8 =0x0000000000000000, R9 =0x0000000000000000, R10=0x000000000000002e, R11=0x00007f6935261130
R12=0x00007f697944a048, R13=0x00007f699846cc80, R14=0x00007f69781ca968, R15=0x00007f69a879b800
RIP=0x00007f69352615ca, EFLAGS=0x0000000000010246, CSGSFS=0x0000000000000033, ERR=0x0000000000000006
  TRAPNO=0x000000000000000e

Top of Stack: (sp=0x00007f69781ca890)
0x00007f69781ca890:   00007f699846cc80 00007f69a879b800
0x00007f69781ca8a0:   00007f693ed744c0 0000000000000005
0x00007f69781ca8b0:   00007f697944a048 00007f699846cc80
0x00007f69781ca8c0:   00007f69781ca940 0000000000000000
0x00007f69781ca8d0:   00007f699846cc80 00007f69781ca968
0x00007f69781ca8e0:   00007f69a879b800 00007f69990156d4
0x00007f69781ca8f0:   fffffffe00000000 00007f6999015422
0x00007f69781ca900:   00007f69781ca900 00007f699846cc80
0x00007f69781ca910:   00007f69781ca968 00007f699846d078
0x00007f69781ca920:   0000000000000000 00007f699846cc80
0x00007f69781ca930:   0000000000000000 00007f69781ca960
0x00007f69781ca940:   00007f69781ca9b0 00007f699900798d
0x00007f69781ca950:   000000076d352a80 00007f699900f2b8
0x00007f69781ca960:   00007f697944a048 000000076d3e5880
0x00007f69781ca970:   00007f69781ca970 00007f699843ef93
0x00007f69781ca980:   00007f69781ca9c0 00007f6998449650
0x00007f69781ca990:   0000000000000000 00007f699843efb0
0x00007f69781ca9a0:   00007f69781ca960 00007f69781ca9c0
0x00007f69781ca9b0:   00007f69781caa08 00007f699900798d
0x00007f69781ca9c0:   000000076d3e5880 00007f69781ca9c8
0x00007f69781ca9d0:   00007f699843fc6e 00007f69781caa18
0x00007f69781ca9e0:   00007f69984494d8 0000000000000000
0x00007f69781ca9f0:   00007f699843fc88 00007f69781ca9c0
0x00007f69781caa00:   00007f69781caa18 00007f69781caa60
0x00007f69781caa10:   00007f699900798d 000000076d3e5880
0x00007f69781caa20:   00007f69781caa20 00007f699843cddf
0x00007f69781caa30:   00007f69781caa70 00007f6998440620
0x00007f69781caa40:   0000000000000000 00007f699843cdf8
0x00007f69781caa50:   00007f69781caa18 00007f69781caa70
0x00007f69781caa60:   00007f69781caab8 00007f699900798d
0x00007f69781caa70:   000000076d15cab0 00007f69781caa78
0x00007f69781caa80:   00007f699843ce89 00007f69781caad0 

Instructions: (pc=0x00007f69352615ca)
0x00007f69352615aa:   56 18 4c 8b 4e 30 48 39 d6 0f 84 ef 03 00 00 48
0x00007f69352615ba:   8b 4e 10 48 3b 0d 94 2c 20 00 0f 82 26 fe ff ff
0x00007f69352615ca:   48 89 51 18 48 89 4a 10 4d 85 c9 0f 84 55 03 00
0x00007f69352615da:   00 48 8b 4e 38 48 8d 79 4a 48 3b 34 fb 0f 84 b3 

Register to memory mapping:

RAX=0x0000000000000f80 is an unknown value
RBX=0x00007f6935464240: <offset 0x207240> in /usr/lib/x86_64-linux-gnu/libffi.so.6 at 0x00007f693525d000
RCX=0x0000000000000000 is an unknown value
RDX=0x0000000000000000 is an unknown value
RSP=0x00007f69781ca890 is pointing into the stack for thread: 0x00007f69a879b800
RBP=0x00007f697944a038 is an unknown value
RSI=0x00007f697944a070 is an unknown value
RDI=0x0000000000000001 is an unknown value
R8 =0x0000000000000000 is an unknown value
R9 =0x0000000000000000 is an unknown value
R10=0x000000000000002e is an unknown value
R11=0x00007f6935261130: ffi_closure_free+0 in /usr/lib/x86_64-linux-gnu/libffi.so.6 at 0x00007f693525d000
R12=0x00007f697944a048 is an unknown value
R13={method} {0x00007f699846cc80} 'nffi_closure_free' '(J)V' in 'org/lwjgl/system/libffi/LibFFI'
R14=0x00007f69781ca968 is pointing into the stack for thread: 0x00007f69a879b800
R15=0x00007f69a879b800 is a thread


Stack: [0x00007f69780cb000,0x00007f69781cc000],  sp=0x00007f69781ca890,  free space=1022k
Native frames: (J=compiled Java code, j=interpreted, Vv=VM code, C=native code)
C  [libffi.so.6+0x45ca]  ffi_closure_free+0x49a

Java frames: (J=compiled Java code, j=interpreted, Vv=VM code)
j  org.lwjgl.system.libffi.LibFFI.nffi_closure_free(J)V+0
j  org.lwjgl.system.libffi.Closure.destroy()V+35
j  org.lwjgl.system.Retainable$Default.release()V+38
j  myutils.gui.opengl.AbstractOpenGLApplication.end()V+7
j  myutils.gui.opengl.AbstractOpenGLApplication.run()V+9
j  edu.hkcc.pacmanrobot.controller.gamecontroller.MiniMap.run()V+12
v  ~StubRoutines::call_stub

---------------  P R O C E S S  ---------------

Java Threads: ( => current thread )
  0x00007f69a800e000 JavaThread "DestroyJavaVM" [_thread_blocked, id=20476, stack(0x00007f69b13a9000,0x00007f69b14aa000)]
=>0x00007f69a879b800 JavaThread "Thread-0" [_thread_in_native, id=20515, stack(0x00007f69780cb000,0x00007f69781cc000)]
  0x00007f69a85fe000 JavaThread "Monitor Ctrl-Break" daemon [_thread_in_native, id=20514, stack(0x00007f69781cc000,0x00007f69782cd000)]
  0x00007f69a85ce000 JavaThread "Service Thread" daemon [_thread_blocked, id=20512, stack(0x00007f69785d0000,0x00007f69786d1000)]
  0x00007f69a85c2800 JavaThread "C1 CompilerThread3" daemon [_thread_blocked, id=20511, stack(0x00007f69786d1000,0x00007f69787d2000)]
  0x00007f69a85c0800 JavaThread "C2 CompilerThread2" daemon [_thread_blocked, id=20510, stack(0x00007f69787d2000,0x00007f69788d3000)]
  0x00007f69a85be800 JavaThread "C2 CompilerThread1" daemon [_thread_blocked, id=20509, stack(0x00007f69788d3000,0x00007f69789d4000)]
  0x00007f69a85b9800 JavaThread "C2 CompilerThread0" daemon [_thread_blocked, id=20508, stack(0x00007f69789d4000,0x00007f6978ad5000)]
  0x00007f69a81fc800 JavaThread "Signal Dispatcher" daemon [_thread_blocked, id=20500, stack(0x00007f69799ff000,0x00007f6979b00000)]
  0x00007f69a81d2800 JavaThread "Finalizer" daemon [_thread_blocked, id=20496, stack(0x00007f697a1e2000,0x00007f697a2e3000)]
  0x00007f69a81d0800 JavaThread "Reference Handler" daemon [_thread_blocked, id=20495, stack(0x00007f697a2e3000,0x00007f697a3e4000)]

Other Threads:
  0x00007f69a81cb000 VMThread [stack: 0x00007f697a3e4000,0x00007f697a4e5000] [id=20494]
  0x00007f69a85d0800 WatcherThread [stack: 0x00007f69784cf000,0x00007f69785d0000] [id=20513]

VM state:not at safepoint (normal execution)

VM Mutex/Monitor currently owned by a thread: None

Heap:
 PSYoungGen      total 75264K, used 43002K [0x000000076c980000, 0x0000000771d80000, 0x00000007c0000000)
  eden space 64512K, 66% used [0x000000076c980000,0x000000076f37ebb8,0x0000000770880000)
  from space 10752K, 0% used [0x0000000771300000,0x0000000771300000,0x0000000771d80000)
  to   space 10752K, 0% used [0x0000000770880000,0x0000000770880000,0x0000000771300000)
 ParOldGen       total 172032K, used 0K [0x00000006c5c00000, 0x00000006d0400000, 0x000000076c980000)
  object space 172032K, 0% used [0x00000006c5c00000,0x00000006c5c00000,0x00000006d0400000)
 Metaspace       used 9805K, capacity 10016K, committed 10368K, reserved 1058816K
  class space    used 1011K, capacity 1040K, committed 1152K, reserved 1048576K

Card table byte_map: [0x00007f69ad0b0000,0x00007f69ad883000] byte_map_base: 0x00007f69a9a82000

Marking Bits: (ParMarkBitMap*) 0x00007f69b0677e80
 Begin Bits: [0x00007f696c2e0000, 0x00007f6970170000)
 End Bits:   [0x00007f6970170000, 0x00007f6974000000)

Polling page: 0x00007f69b14c9000

CodeCache: size=245760Kb used=2473Kb max_used=2473Kb free=243286Kb
 bounds [0x00007f6999000000, 0x00007f6999270000, 0x00007f69a8000000]
 total_blobs=1023 nmethods=473 adapters=465
 compilation: enabled

Compilation events (10 events):
Event: 4.061 Thread 0x00007f69a85c2800  469       3       java.util.concurrent.Semaphore::acquire (9 bytes)
Event: 4.061 Thread 0x00007f69a85c2800 nmethod 469 0x00007f6999268d50 code [0x00007f6999268f00, 0x00007f69992693d8]
Event: 4.061 Thread 0x00007f69a85c2800  470       3       java.util.concurrent.locks.AbstractQueuedSynchronizer::acquireSharedInterruptibly (28 bytes)
Event: 4.061 Thread 0x00007f69a85c2800 nmethod 470 0x00007f6999269610 code [0x00007f69992697c0, 0x00007f6999269bb8]
Event: 4.061 Thread 0x00007f69a85c2800  471       3       java.util.concurrent.Semaphore$NonfairSync::tryAcquireShared (6 bytes)
Event: 4.062 Thread 0x00007f69a85c2800 nmethod 471 0x00007f6999269d50 code [0x00007f6999269ee0, 0x00007f699926a370]
Event: 4.077 Thread 0x00007f69a85c2800  472       3       java.util.concurrent.Semaphore$Sync::tryReleaseShared (38 bytes)
Event: 4.077 Thread 0x00007f69a85c2800 nmethod 472 0x00007f699926a4d0 code [0x00007f699926a660, 0x00007f699926aae8]
Event: 4.077 Thread 0x00007f69a85c2800  473       3       java.util.concurrent.locks.AbstractQueuedSynchronizer::doReleaseShared (79 bytes)
Event: 4.078 Thread 0x00007f69a85c2800 nmethod 473 0x00007f699926ac50 code [0x00007f699926ae00, 0x00007f699926b3c8]

GC Heap History (0 events):
No events

Deoptimization events (2 events):
Event: 0.738 Thread 0x00007f69a879b800 Uncommon trap: reason=unstable_if action=reinterpret pc=0x00007f69991124bc method=java.lang.String.indexOf(II)I @ 49
Event: 0.741 Thread 0x00007f69a879b800 Uncommon trap: reason=unstable_if action=reinterpret pc=0x00007f69991d06a8 method=sun.net.www.ParseUtil.encodePath(Ljava/lang/String;Z)Ljava/lang/String; @ 109

Internal exceptions (10 events):
Event: 0.057 Thread 0x00007f69a800e000 Exception <a 'java/util/zip/ZipException'> (0x000000076ca6a948) thrown at [/build/buildd/openjdk-8-8u45-b14/src/hotspot/src/share/vm/prims/jni.cpp, line 709]
Event: 0.057 Thread 0x00007f69a800e000 Exception <a 'java/security/PrivilegedActionException'> (0x000000076ca6b028) thrown at [/build/buildd/openjdk-8-8u45-b14/src/hotspot/src/share/vm/prims/jvm.cpp, line 1382]
Event: 0.057 Thread 0x00007f69a800e000 Exception <a 'java/security/PrivilegedActionException'> (0x000000076ca6b1e0) thrown at [/build/buildd/openjdk-8-8u45-b14/src/hotspot/src/share/vm/prims/jvm.cpp, line 1382]
Event: 0.122 Thread 0x00007f69a800e000 Exception <a 'java/security/PrivilegedActionException'> (0x000000076d19c7b0) thrown at [/build/buildd/openjdk-8-8u45-b14/src/hotspot/src/share/vm/prims/jvm.cpp, line 1382]
Event: 0.122 Thread 0x00007f69a800e000 Exception <a 'java/security/PrivilegedActionException'> (0x000000076d19caf8) thrown at [/build/buildd/openjdk-8-8u45-b14/src/hotspot/src/share/vm/prims/jvm.cpp, line 1382]
Event: 0.122 Thread 0x00007f69a800e000 Exception <a 'java/security/PrivilegedActionException'> (0x000000076d19ec40) thrown at [/build/buildd/openjdk-8-8u45-b14/src/hotspot/src/share/vm/prims/jvm.cpp, line 1382]
Event: 0.122 Thread 0x00007f69a800e000 Exception <a 'java/security/PrivilegedActionException'> (0x000000076d19ef88) thrown at [/build/buildd/openjdk-8-8u45-b14/src/hotspot/src/share/vm/prims/jvm.cpp, line 1382]
Event: 0.122 Thread 0x00007f69a800e000 Exception <a 'java/security/PrivilegedActionException'> (0x000000076d19fb38) thrown at [/build/buildd/openjdk-8-8u45-b14/src/hotspot/src/share/vm/prims/jvm.cpp, line 1382]
Event: 0.122 Thread 0x00007f69a800e000 Exception <a 'java/security/PrivilegedActionException'> (0x000000076d19fe80) thrown at [/build/buildd/openjdk-8-8u45-b14/src/hotspot/src/share/vm/prims/jvm.cpp, line 1382]
Event: 0.127 Thread 0x00007f69a800e000 Exception <a 'java/io/FileNotFoundException'> (0x000000076d1bbfc8) thrown at [/build/buildd/openjdk-8-8u45-b14/src/hotspot/src/share/vm/prims/jni.cpp, line 709]

Events (10 events):
Event: 0.906 loading class org/lwjgl/opengl/WGLNVDelayBeforeSwap
Event: 0.906 loading class org/lwjgl/opengl/WGLNVDelayBeforeSwap done
Event: 0.907 loading class org/lwjgl/opengl/WGLNVDXInterop
Event: 0.907 loading class org/lwjgl/opengl/WGLNVDXInterop done
Event: 0.907 loading class org/lwjgl/opengl/WGLNVGPUAffinity
Event: 0.907 loading class org/lwjgl/opengl/WGLNVGPUAffinity done
Event: 0.908 loading class org/lwjgl/system/linux/opengl/LinuxGLContext$MakeCurrentActionARB
Event: 0.908 loading class org/lwjgl/system/linux/opengl/LinuxGLContext$MakeCurrentActionARB done
Event: 4.100 Executing VM operation: EnableBiasedLocking
Event: 4.101 Executing VM operation: EnableBiasedLocking done


Dynamic libraries:
00400000-00401000 r-xp 00000000 fc:02 2238569                            /usr/lib/jvm/java-8-openjdk-amd64/jre/bin/java
00600000-00601000 r--p 00000000 fc:02 2238569                            /usr/lib/jvm/java-8-openjdk-amd64/jre/bin/java
00601000-00602000 rw-p 00001000 fc:02 2238569                            /usr/lib/jvm/java-8-openjdk-amd64/jre/bin/java
0180a000-0182b000 rw-p 00000000 00:00 0                                  [heap]
6c5c00000-6d0400000 rw-p 00000000 00:00 0 
6d0400000-76c980000 ---p 00000000 00:00 0 
76c980000-771d80000 rw-p 00000000 00:00 0 
771d80000-7c0000000 ---p 00000000 00:00 0 
7c0000000-7c0120000 rw-p 00000000 00:00 0 
7c0120000-800000000 ---p 00000000 00:00 0 
7f69349c2000-7f6934ac2000 rw-p 00000000 00:00 0 
7f6934ac2000-7f6934bc2000 ---p 00000000 00:00 0 
7f6934bc2000-7f6934bf9000 r-xp 00000000 fc:02 2108338                    /usr/lib/x86_64-linux-gnu/libtxc_dxtn_s2tc.so.0.0.0
7f6934bf9000-7f6934df8000 ---p 00037000 fc:02 2108338                    /usr/lib/x86_64-linux-gnu/libtxc_dxtn_s2tc.so.0.0.0
7f6934df8000-7f6934df9000 r--p 00036000 fc:02 2108338                    /usr/lib/x86_64-linux-gnu/libtxc_dxtn_s2tc.so.0.0.0
7f6934df9000-7f6934dfa000 rw-p 00037000 fc:02 2108338                    /usr/lib/x86_64-linux-gnu/libtxc_dxtn_s2tc.so.0.0.0
7f6934dfa000-7f6934e1f000 r-xp 00000000 fc:02 1053251                    /lib/x86_64-linux-gnu/libtinfo.so.5.9
7f6934e1f000-7f693501e000 ---p 00025000 fc:02 1053251                    /lib/x86_64-linux-gnu/libtinfo.so.5.9
7f693501e000-7f6935022000 r--p 00024000 fc:02 1053251                    /lib/x86_64-linux-gnu/libtinfo.so.5.9
7f6935022000-7f6935023000 rw-p 00028000 fc:02 1053251                    /lib/x86_64-linux-gnu/libtinfo.so.5.9
7f6935023000-7f6935056000 r-xp 00000000 fc:02 2107580                    /usr/lib/x86_64-linux-gnu/libedit.so.2.0.51
7f6935056000-7f6935256000 ---p 00033000 fc:02 2107580                    /usr/lib/x86_64-linux-gnu/libedit.so.2.0.51
7f6935256000-7f6935258000 r--p 00033000 fc:02 2107580                    /usr/lib/x86_64-linux-gnu/libedit.so.2.0.51
7f6935258000-7f6935259000 rw-p 00035000 fc:02 2107580                    /usr/lib/x86_64-linux-gnu/libedit.so.2.0.51
7f6935259000-7f693525d000 rw-p 00000000 00:00 0 
7f693525d000-7f6935264000 r-xp 00000000 fc:02 2107620                    /usr/lib/x86_64-linux-gnu/libffi.so.6.0.4
7f6935264000-7f6935463000 ---p 00007000 fc:02 2107620                    /usr/lib/x86_64-linux-gnu/libffi.so.6.0.4
7f6935463000-7f6935464000 r--p 00006000 fc:02 2107620                    /usr/lib/x86_64-linux-gnu/libffi.so.6.0.4
7f6935464000-7f6935465000 rw-p 00007000 fc:02 2107620                    /usr/lib/x86_64-linux-gnu/libffi.so.6.0.4
7f6935465000-7f693720e000 r-xp 00000000 fc:02 2107172                    /usr/lib/x86_64-linux-gnu/libLLVM-3.6.so.1
7f693720e000-7f693720f000 ---p 01da9000 fc:02 2107172                    /usr/lib/x86_64-linux-gnu/libLLVM-3.6.so.1
7f693720f000-7f693742b000 r--p 01da9000 fc:02 2107172                    /usr/lib/x86_64-linux-gnu/libLLVM-3.6.so.1
7f693742b000-7f6937431000 rw-p 01fc5000 fc:02 2107172                    /usr/lib/x86_64-linux-gnu/libLLVM-3.6.so.1
7f6937431000-7f6937447000 rw-p 00000000 00:00 0 
7f6937447000-7f6937bb8000 r-xp 00000000 fc:02 2361022                    /usr/lib/x86_64-linux-gnu/dri/nouveau_dri.so
7f6937bb8000-7f6937db8000 ---p 00771000 fc:02 2361022                    /usr/lib/x86_64-linux-gnu/dri/nouveau_dri.so
7f6937db8000-7f6937e0f000 r--p 00771000 fc:02 2361022                    /usr/lib/x86_64-linux-gnu/dri/nouveau_dri.so
7f6937e0f000-7f6937e1b000 rw-p 007c8000 fc:02 2361022                    /usr/lib/x86_64-linux-gnu/dri/nouveau_dri.so
7f6937e1b000-7f6938000000 rw-p 00000000 00:00 0 
7f6938000000-7f69384dd000 rw-p 00000000 00:00 0 
7f69384dd000-7f693c000000 ---p 00000000 00:00 0 
7f693c1a1000-7f693c1b6000 r-xp 00000000 fc:02 2107581                    /usr/lib/x86_64-linux-gnu/libelf-0.160.so
7f693c1b6000-7f693c3b5000 ---p 00015000 fc:02 2107581                    /usr/lib/x86_64-linux-gnu/libelf-0.160.so
7f693c3b5000-7f693c3b6000 r--p 00014000 fc:02 2107581                    /usr/lib/x86_64-linux-gnu/libelf-0.160.so
7f693c3b6000-7f693c3b7000 rw-p 00015000 fc:02 2107581                    /usr/lib/x86_64-linux-gnu/libelf-0.160.so
7f693c3b7000-7f693c3c3000 r-xp 00000000 fc:02 2107576                    /usr/lib/x86_64-linux-gnu/libdrm_radeon.so.1.0.1
7f693c3c3000-7f693c5c2000 ---p 0000c000 fc:02 2107576                    /usr/lib/x86_64-linux-gnu/libdrm_radeon.so.1.0.1
7f693c5c2000-7f693c5c3000 r--p 0000b000 fc:02 2107576                    /usr/lib/x86_64-linux-gnu/libdrm_radeon.so.1.0.1
7f693c5c3000-7f693c5c4000 rw-p 0000c000 fc:02 2107576                    /usr/lib/x86_64-linux-gnu/libdrm_radeon.so.1.0.1
7f693c5c4000-7f693c5ca000 r-xp 00000000 fc:02 2107574                    /usr/lib/x86_64-linux-gnu/libdrm_nouveau.so.2.0.0
7f693c5ca000-7f693c7c9000 ---p 00006000 fc:02 2107574                    /usr/lib/x86_64-linux-gnu/libdrm_nouveau.so.2.0.0
7f693c7c9000-7f693c7ca000 r--p 00005000 fc:02 2107574                    /usr/lib/x86_64-linux-gnu/libdrm_nouveau.so.2.0.0
7f693c7ca000-7f693c7cb000 rw-p 00006000 fc:02 2107574                    /usr/lib/x86_64-linux-gnu/libdrm_nouveau.so.2.0.0
7f693c7cb000-7f693c7dd000 r-xp 00000000 fc:02 1053253                    /lib/x86_64-linux-gnu/libudev.so.1.6.2
7f693c7dd000-7f693c9dc000 ---p 00012000 fc:02 1053253                    /lib/x86_64-linux-gnu/libudev.so.1.6.2
7f693c9dc000-7f693c9dd000 r--p 00011000 fc:02 1053253                    /lib/x86_64-linux-gnu/libudev.so.1.6.2
7f693c9dd000-7f693c9de000 rw-p 00012000 fc:02 1053253                    /lib/x86_64-linux-gnu/libudev.so.1.6.2
7f693c9de000-7f693c9ea000 r-xp 00000000 fc:02 2107570                    /usr/lib/x86_64-linux-gnu/libdrm.so.2.4.0
7f693c9ea000-7f693cbe9000 ---p 0000c000 fc:02 2107570                    /usr/lib/x86_64-linux-gnu/libdrm.so.2.4.0
7f693cbe9000-7f693cbea000 r--p 0000b000 fc:02 2107570                    /usr/lib/x86_64-linux-gnu/libdrm.so.2.4.0
7f693cbea000-7f693cbeb000 rw-p 0000c000 fc:02 2107570                    /usr/lib/x86_64-linux-gnu/libdrm.so.2.4.0
7f693cbeb000-7f693cbec000 r-xp 00000000 fc:02 2108509                    /usr/lib/x86_64-linux-gnu/libxshmfence.so.1.0.0
7f693cbec000-7f693cdeb000 ---p 00001000 fc:02 2108509                    /usr/lib/x86_64-linux-gnu/libxshmfence.so.1.0.0
7f693cdeb000-7f693cdec000 r--p 00000000 fc:02 2108509                    /usr/lib/x86_64-linux-gnu/libxshmfence.so.1.0.0
7f693cdec000-7f693cded000 rw-p 00001000 fc:02 2108509                    /usr/lib/x86_64-linux-gnu/libxshmfence.so.1.0.0
7f693cded000-7f693cdf2000 r-xp 00000000 fc:02 2108491                    /usr/lib/x86_64-linux-gnu/libxcb-sync.so.1.0.0
7f693cdf2000-7f693cff1000 ---p 00005000 fc:02 2108491                    /usr/lib/x86_64-linux-gnu/libxcb-sync.so.1.0.0
7f693cff1000-7f693cff2000 r--p 00004000 fc:02 2108491                    /usr/lib/x86_64-linux-gnu/libxcb-sync.so.1.0.0
7f693cff2000-7f693cff3000 rw-p 00005000 fc:02 2108491                    /usr/lib/x86_64-linux-gnu/libxcb-sync.so.1.0.0
7f693cff3000-7f693cff5000 r-xp 00000000 fc:02 2108479                    /usr/lib/x86_64-linux-gnu/libxcb-present.so.0.0.0
7f693cff5000-7f693d1f4000 ---p 00002000 fc:02 2108479                    /usr/lib/x86_64-linux-gnu/libxcb-present.so.0.0.0
7f693d1f4000-7f693d1f5000 r--p 00001000 fc:02 2108479                    /usr/lib/x86_64-linux-gnu/libxcb-present.so.0.0.0
7f693d1f5000-7f693d1f6000 rw-p 00002000 fc:02 2108479                    /usr/lib/x86_64-linux-gnu/libxcb-present.so.0.0.0
7f693d1f6000-7f693d1f8000 r-xp 00000000 fc:02 2108469                    /usr/lib/x86_64-linux-gnu/libxcb-dri3.so.0.0.0
7f693d1f8000-7f693d3f7000 ---p 00002000 fc:02 2108469                    /usr/lib/x86_64-linux-gnu/libxcb-dri3.so.0.0.0
7f693d3f7000-7f693d3f8000 r--p 00001000 fc:02 2108469                    /usr/lib/x86_64-linux-gnu/libxcb-dri3.so.0.0.0
7f693d3f8000-7f693d3f9000 rw-p 00002000 fc:02 2108469                    /usr/lib/x86_64-linux-gnu/libxcb-dri3.so.0.0.0
7f693d3f9000-7f693d3fc000 r-xp 00000000 fc:02 2108467                    /usr/lib/x86_64-linux-gnu/libxcb-dri2.so.0.0.0
7f693d3fc000-7f693d5fc000 ---p 00003000 fc:02 2108467                    /usr/lib/x86_64-linux-gnu/libxcb-dri2.so.0.0.0
7f693d5fc000-7f693d5fd000 r--p 00003000 fc:02 2108467                    /usr/lib/x86_64-linux-gnu/libxcb-dri2.so.0.0.0
7f693d5fd000-7f693d5fe000 rw-p 00004000 fc:02 2108467                    /usr/lib/x86_64-linux-gnu/libxcb-dri2.so.0.0.0
7f693d5fe000-7f693d613000 r-xp 00000000 fc:02 2108471                    /usr/lib/x86_64-linux-gnu/libxcb-glx.so.0.0.0
7f693d613000-7f693d812000 ---p 00015000 fc:02 2108471                    /usr/lib/x86_64-linux-gnu/libxcb-glx.so.0.0.0
7f693d812000-7f693d814000 r--p 00014000 fc:02 2108471                    /usr/lib/x86_64-linux-gnu/libxcb-glx.so.0.0.0
7f693d814000-7f693d815000 rw-p 00016000 fc:02 2108471                    /usr/lib/x86_64-linux-gnu/libxcb-glx.so.0.0.0
7f693d815000-7f693d816000 r-xp 00000000 fc:02 2107295                    /usr/lib/x86_64-linux-gnu/libX11-xcb.so.1.0.0
7f693d816000-7f693da15000 ---p 00001000 fc:02 2107295                    /usr/lib/x86_64-linux-gnu/libX11-xcb.so.1.0.0
7f693da15000-7f693da16000 r--p 00000000 fc:02 2107295                    /usr/lib/x86_64-linux-gnu/libX11-xcb.so.1.0.0
7f693da16000-7f693da17000 rw-p 00001000 fc:02 2107295                    /usr/lib/x86_64-linux-gnu/libX11-xcb.so.1.0.0
7f693da17000-7f693da1c000 r-xp 00000000 fc:02 2107316                    /usr/lib/x86_64-linux-gnu/libXfixes.so.3.1.0
7f693da1c000-7f693dc1b000 ---p 00005000 fc:02 2107316                    /usr/lib/x86_64-linux-gnu/libXfixes.so.3.1.0
7f693dc1b000-7f693dc1c000 r--p 00004000 fc:02 2107316                    /usr/lib/x86_64-linux-gnu/libXfixes.so.3.1.0
7f693dc1c000-7f693dc1d000 rw-p 00005000 fc:02 2107316                    /usr/lib/x86_64-linux-gnu/libXfixes.so.3.1.0
7f693dc1d000-7f693dc1f000 r-xp 00000000 fc:02 2107310                    /usr/lib/x86_64-linux-gnu/libXdamage.so.1.1.0
7f693dc1f000-7f693de1e000 ---p 00002000 fc:02 2107310                    /usr/lib/x86_64-linux-gnu/libXdamage.so.1.1.0
7f693de1e000-7f693de1f000 r--p 00001000 fc:02 2107310                    /usr/lib/x86_64-linux-gnu/libXdamage.so.1.1.0
7f693de1f000-7f693de20000 rw-p 00002000 fc:02 2107310                    /usr/lib/x86_64-linux-gnu/libXdamage.so.1.1.0
7f693de20000-7f693de45000 r-xp 00000000 fc:02 2107729                    /usr/lib/x86_64-linux-gnu/libglapi.so.0.0.0
7f693de45000-7f693e045000 ---p 00025000 fc:02 2107729                    /usr/lib/x86_64-linux-gnu/libglapi.so.0.0.0
7f693e045000-7f693e048000 r--p 00025000 fc:02 2107729                    /usr/lib/x86_64-linux-gnu/libglapi.so.0.0.0
7f693e048000-7f693e049000 rw-p 00028000 fc:02 2107729                    /usr/lib/x86_64-linux-gnu/libglapi.so.0.0.0
7f693e049000-7f693e04a000 rw-p 00000000 00:00 0 
7f693e04a000-7f693e070000 r-xp 00000000 fc:02 1053118                    /lib/x86_64-linux-gnu/libexpat.so.1.6.0
7f693e070000-7f693e26f000 ---p 00026000 fc:02 1053118                    /lib/x86_64-linux-gnu/libexpat.so.1.6.0
7f693e26f000-7f693e272000 r--p 00025000 fc:02 1053118                    /lib/x86_64-linux-gnu/libexpat.so.1.6.0
7f693e272000-7f693e273000 rw-p 00028000 fc:02 1053118                    /lib/x86_64-linux-gnu/libexpat.so.1.6.0
7f693e273000-7f693e27c000 r-xp 00000000 fc:02 2107308                    /usr/lib/x86_64-linux-gnu/libXcursor.so.1.0.2
7f693e27c000-7f693e47b000 ---p 00009000 fc:02 2107308                    /usr/lib/x86_64-linux-gnu/libXcursor.so.1.0.2
7f693e47b000-7f693e47c000 r--p 00008000 fc:02 2107308                    /usr/lib/x86_64-linux-gnu/libXcursor.so.1.0.2
7f693e47c000-7f693e47d000 rw-p 00009000 fc:02 2107308                    /usr/lib/x86_64-linux-gnu/libXcursor.so.1.0.2
7f693e47d000-7f693e47f000 r-xp 00000000 fc:02 2107324                    /usr/lib/x86_64-linux-gnu/libXinerama.so.1.0.0
7f693e47f000-7f693e67e000 ---p 00002000 fc:02 2107324                    /usr/lib/x86_64-linux-gnu/libXinerama.so.1.0.0
7f693e67e000-7f693e67f000 r--p 00001000 fc:02 2107324                    /usr/lib/x86_64-linux-gnu/libXinerama.so.1.0.0
7f693e67f000-7f693e680000 rw-p 00002000 fc:02 2107324                    /usr/lib/x86_64-linux-gnu/libXinerama.so.1.0.0
7f693e680000-7f693e684000 r-xp 00000000 fc:02 2107352                    /usr/lib/x86_64-linux-gnu/libXxf86vm.so.1.0.0
7f693e684000-7f693e884000 ---p 00004000 fc:02 2107352                    /usr/lib/x86_64-linux-gnu/libXxf86vm.so.1.0.0
7f693e884000-7f693e885000 r--p 00004000 fc:02 2107352                    /usr/lib/x86_64-linux-gnu/libXxf86vm.so.1.0.0
7f693e885000-7f693e886000 rw-p 00005000 fc:02 2107352                    /usr/lib/x86_64-linux-gnu/libXxf86vm.so.1.0.0
7f693e886000-7f693e88f000 r-xp 00000000 fc:02 2107334                    /usr/lib/x86_64-linux-gnu/libXrandr.so.2.2.0
7f693e88f000-7f693ea8e000 ---p 00009000 fc:02 2107334                    /usr/lib/x86_64-linux-gnu/libXrandr.so.2.2.0
7f693ea8e000-7f693ea8f000 r--p 00008000 fc:02 2107334                    /usr/lib/x86_64-linux-gnu/libXrandr.so.2.2.0
7f693ea8f000-7f693ea90000 rw-p 00009000 fc:02 2107334                    /usr/lib/x86_64-linux-gnu/libXrandr.so.2.2.0
7f693ea90000-7f693eb28000 r-xp 00000000 fc:02 2362522                    /usr/lib/x86_64-linux-gnu/mesa/libGL.so.1.2.0
7f693eb28000-7f693ed27000 ---p 00098000 fc:02 2362522                    /usr/lib/x86_64-linux-gnu/mesa/libGL.so.1.2.0
7f693ed27000-7f693ed2a000 r--p 00097000 fc:02 2362522                    /usr/lib/x86_64-linux-gnu/mesa/libGL.so.1.2.0
7f693ed2a000-7f693ed2b000 rw-p 0009a000 fc:02 2362522                    /usr/lib/x86_64-linux-gnu/mesa/libGL.so.1.2.0
7f693ed2b000-7f693ed2c000 rw-p 00000000 00:00 0 
7f693ed2c000-7f693ed9e000 r-xp 00000000 fc:01 13763062                   /home/beenotung/git/workspace/hkcc-pacman-robot/lib/lwjgl3/native/linux/x64/liblwjgl.so
7f693ed9e000-7f693ef9d000 ---p 00072000 fc:01 13763062                   /home/beenotung/git/workspace/hkcc-pacman-robot/lib/lwjgl3/native/linux/x64/liblwjgl.so
7f693ef9d000-7f693ef9e000 r--p 00071000 fc:01 13763062                   /home/beenotung/git/workspace/hkcc-pacman-robot/lib/lwjgl3/native/linux/x64/liblwjgl.so
7f693ef9e000-7f693ef9f000 rw-p 00072000 fc:01 13763062                   /home/beenotung/git/workspace/hkcc-pacman-robot/lib/lwjgl3/native/linux/x64/liblwjgl.so
7f693ef9f000-7f693efa0000 rw-p 00000000 00:00 0 
7f693efa0000-7f693efaf000 r-xp 00000000 fc:02 2107322                    /usr/lib/x86_64-linux-gnu/libXi.so.6.1.0
7f693efaf000-7f693f1ae000 ---p 0000f000 fc:02 2107322                    /usr/lib/x86_64-linux-gnu/libXi.so.6.1.0
7f693f1ae000-7f693f1af000 r--p 0000e000 fc:02 2107322                    /usr/lib/x86_64-linux-gnu/libXi.so.6.1.0
7f693f1af000-7f693f1b0000 rw-p 0000f000 fc:02 2107322                    /usr/lib/x86_64-linux-gnu/libXi.so.6.1.0
7f693f1b0000-7f693f1b5000 r-xp 00000000 fc:02 2107342                    /usr/lib/x86_64-linux-gnu/libXtst.so.6.1.0
7f693f1b5000-7f693f3b4000 ---p 00005000 fc:02 2107342                    /usr/lib/x86_64-linux-gnu/libXtst.so.6.1.0
7f693f3b4000-7f693f3b5000 r--p 00004000 fc:02 2107342                    /usr/lib/x86_64-linux-gnu/libXtst.so.6.1.0
7f693f3b5000-7f693f3b6000 rw-p 00005000 fc:02 2107342                    /usr/lib/x86_64-linux-gnu/libXtst.so.6.1.0
7f693f3b6000-7f693f3bf000 r-xp 00000000 fc:02 2107336                    /usr/lib/x86_64-linux-gnu/libXrender.so.1.3.0
7f693f3bf000-7f693f5be000 ---p 00009000 fc:02 2107336                    /usr/lib/x86_64-linux-gnu/libXrender.so.1.3.0
7f693f5be000-7f693f5bf000 r--p 00008000 fc:02 2107336                    /usr/lib/x86_64-linux-gnu/libXrender.so.1.3.0
7f693f5bf000-7f693f5c0000 rw-p 00009000 fc:02 2107336                    /usr/lib/x86_64-linux-gnu/libXrender.so.1.3.0
7f693f5c0000-7f693f5d1000 r-xp 00000000 fc:02 2107314                    /usr/lib/x86_64-linux-gnu/libXext.so.6.4.0
7f693f5d1000-7f693f7d0000 ---p 00011000 fc:02 2107314                    /usr/lib/x86_64-linux-gnu/libXext.so.6.4.0
7f693f7d0000-7f693f7d1000 r--p 00010000 fc:02 2107314                    /usr/lib/x86_64-linux-gnu/libXext.so.6.4.0
7f693f7d1000-7f693f7d2000 rw-p 00011000 fc:02 2107314                    /usr/lib/x86_64-linux-gnu/libXext.so.6.4.0
7f693f7d2000-7f693f829000 r-xp 00000000 fc:02 2238488                    /usr/lib/jvm/java-8-openjdk-amd64/jre/lib/amd64/libawt_xawt.so
7f693f829000-7f693fa29000 ---p 00057000 fc:02 2238488                    /usr/lib/jvm/java-8-openjdk-amd64/jre/lib/amd64/libawt_xawt.so
7f693fa29000-7f693fa2a000 r--p 00057000 fc:02 2238488                    /usr/lib/jvm/java-8-openjdk-amd64/jre/lib/amd64/libawt_xawt.so
7f693fa2a000-7f693fa2d000 rw-p 00058000 fc:02 2238488                    /usr/lib/jvm/java-8-openjdk-amd64/jre/lib/amd64/libawt_xawt.so
7f693fa2d000-7f693fa2e000 rw-p 00000000 00:00 0 
7f693fa2e000-7f693facf000 r-xp 00000000 fc:02 2238519                    /usr/lib/jvm/java-8-openjdk-amd64/jre/lib/amd64/libawt.so
7f693facf000-7f693fcce000 ---p 000a1000 fc:02 2238519                    /usr/lib/jvm/java-8-openjdk-amd64/jre/lib/amd64/libawt.so
7f693fcce000-7f693fccf000 r--p 000a0000 fc:02 2238519                    /usr/lib/jvm/java-8-openjdk-amd64/jre/lib/amd64/libawt.so
7f693fccf000-7f693fcda000 rw-p 000a1000 fc:02 2238519                    /usr/lib/jvm/java-8-openjdk-amd64/jre/lib/amd64/libawt.so
7f693fcda000-7f6940000000 rw-p 00000000 00:00 0 
7f6940000000-7f6940021000 rw-p 00000000 00:00 0 
7f6940021000-7f6944000000 ---p 00000000 00:00 0 
7f6944000000-7f6944021000 rw-p 00000000 00:00 0 
7f6944021000-7f6948000000 ---p 00000000 00:00 0 
7f6948000000-7f69480e1000 rw-p 00000000 00:00 0 
7f69480e1000-7f694c000000 ---p 00000000 00:00 0 
7f694c000000-7f694c021000 rw-p 00000000 00:00 0 
7f694c021000-7f6950000000 ---p 00000000 00:00 0 
7f6950000000-7f6950176000 rw-p 00000000 00:00 0 
7f6950176000-7f6954000000 ---p 00000000 00:00 0 
7f6954000000-7f6954244000 rw-p 00000000 00:00 0 
7f6954244000-7f6958000000 ---p 00000000 00:00 0 
7f6958000000-7f6958021000 rw-p 00000000 00:00 0 
7f6958021000-7f695c000000 ---p 00000000 00:00 0 
7f695c000000-7f695c2a1000 rw-p 00000000 00:00 0 
7f695c2a1000-7f6960000000 ---p 00000000 00:00 0 
7f6960000000-7f6960021000 rw-p 00000000 00:00 0 
7f6960021000-7f6964000000 ---p 00000000 00:00 0 
7f6964000000-7f6964021000 rw-p 00000000 00:00 0 
7f6964021000-7f6968000000 ---p 00000000 00:00 0 
7f6968000000-7f6968021000 rw-p 00000000 00:00 0 
7f6968021000-7f696c000000 ---p 00000000 00:00 0 
7f696c0c8000-7f696c0df000 r-xp 00000000 fc:02 2238492                    /usr/lib/jvm/java-8-openjdk-amd64/jre/lib/amd64/libnet.so
7f696c0df000-7f696c2de000 ---p 00017000 fc:02 2238492                    /usr/lib/jvm/java-8-openjdk-amd64/jre/lib/amd64/libnet.so
7f696c2de000-7f696c2df000 r--p 00016000 fc:02 2238492                    /usr/lib/jvm/java-8-openjdk-amd64/jre/lib/amd64/libnet.so
7f696c2df000-7f696c2e0000 rw-p 00017000 fc:02 2238492                    /usr/lib/jvm/java-8-openjdk-amd64/jre/lib/amd64/libnet.so
7f696c2e0000-7f6974000000 rw-p 00000000 00:00 0 
7f6974000000-7f6974021000 rw-p 00000000 00:00 0 
7f6974021000-7f6978000000 ---p 00000000 00:00 0 
7f69780cb000-7f69780ce000 ---p 00000000 00:00 0 
7f69780ce000-7f69781cc000 rw-p 00000000 00:00 0                          [stack:20515]
7f69781cc000-7f69781cf000 ---p 00000000 00:00 0 
7f69781cf000-7f69782cd000 rw-p 00000000 00:00 0                          [stack:20514]
7f69782cd000-7f69782ce000 r-xp 00000000 fc:02 269472                     /opt/idea/bin/libbreakgen64.so
7f69782ce000-7f69784cd000 ---p 00001000 fc:02 269472                     /opt/idea/bin/libbreakgen64.so
7f69784cd000-7f69784ce000 r--p 00000000 fc:02 269472                     /opt/idea/bin/libbreakgen64.so
7f69784ce000-7f69784cf000 rw-p 00001000 fc:02 269472                     /opt/idea/bin/libbreakgen64.so
7f69784cf000-7f69784d0000 ---p 00000000 00:00 0 
7f69784d0000-7f69785d0000 rw-p 00000000 00:00 0                          [stack:20513]
7f69785d0000-7f69785d3000 ---p 00000000 00:00 0 
7f69785d3000-7f69786d1000 rw-p 00000000 00:00 0                          [stack:20512]
7f69786d1000-7f69786d4000 ---p 00000000 00:00 0 
7f69786d4000-7f69787d2000 rw-p 00000000 00:00 0                          [stack:20511]
7f69787d2000-7f69787d5000 ---p 00000000 00:00 0 
7f69787d5000-7f69788d3000 rw-p 00000000 00:00 0                          [stack:20510]
7f69788d3000-7f69788d6000 ---p 00000000 00:00 0 
7f69788d6000-7f69789d4000 rw-p 00000000 00:00 0                          [stack:20509]
7f69789d4000-7f69789d7000 ---p 00000000 00:00 0 
7f69789d7000-7f6978ad5000 rw-p 00000000 00:00 0                          [stack:20508]
7f6978ad5000-7f6978ada000 r-xp 00000000 fc:02 2107312                    /usr/lib/x86_64-linux-gnu/libXdmcp.so.6.0.0
7f6978ada000-7f6978cd9000 ---p 00005000 fc:02 2107312                    /usr/lib/x86_64-linux-gnu/libXdmcp.so.6.0.0
7f6978cd9000-7f6978cda000 r--p 00004000 fc:02 2107312                    /usr/lib/x86_64-linux-gnu/libXdmcp.so.6.0.0
7f6978cda000-7f6978cdb000 rw-p 00005000 fc:02 2107312                    /usr/lib/x86_64-linux-gnu/libXdmcp.so.6.0.0
7f6978cdb000-7f6978cdd000 r-xp 00000000 fc:02 2107301                    /usr/lib/x86_64-linux-gnu/libXau.so.6.0.0
7f6978cdd000-7f6978edd000 ---p 00002000 fc:02 2107301                    /usr/lib/x86_64-linux-gnu/libXau.so.6.0.0
7f6978edd000-7f6978ede000 r--p 00002000 fc:02 2107301                    /usr/lib/x86_64-linux-gnu/libXau.so.6.0.0
7f6978ede000-7f6978edf000 rw-p 00003000 fc:02 2107301                    /usr/lib/x86_64-linux-gnu/libXau.so.6.0.0
7f6978edf000-7f6978efc000 r-xp 00000000 fc:02 2108499                    /usr/lib/x86_64-linux-gnu/libxcb.so.1.1.0
7f6978efc000-7f69790fc000 ---p 0001d000 fc:02 2108499                    /usr/lib/x86_64-linux-gnu/libxcb.so.1.1.0
7f69790fc000-7f69790fd000 r--p 0001d000 fc:02 2108499                    /usr/lib/x86_64-linux-gnu/libxcb.so.1.1.0
7f69790fd000-7f69790fe000 rw-p 0001e000 fc:02 2108499                    /usr/lib/x86_64-linux-gnu/libxcb.so.1.1.0
7f69790fe000-7f6979231000 r-xp 00000000 fc:02 2107297                    /usr/lib/x86_64-linux-gnu/libX11.so.6.3.0
7f6979231000-7f6979431000 ---p 00133000 fc:02 2107297                    /usr/lib/x86_64-linux-gnu/libX11.so.6.3.0
7f6979431000-7f6979432000 r--p 00133000 fc:02 2107297                    /usr/lib/x86_64-linux-gnu/libX11.so.6.3.0
7f6979432000-7f6979436000 rw-p 00134000 fc:02 2107297                    /usr/lib/x86_64-linux-gnu/libX11.so.6.3.0
7f6979436000-7f6979437000 rw-p 00000000 00:00 0 
7f6979441000-7f6979442000 rwxp 00000000 00:00 0 
7f6979442000-7f6979449000 r--s 00000000 fc:02 2361616                    /usr/lib/x86_64-linux-gnu/gconv/gconv-modules.cache
7f697944a000-7f697944b000 rwxp 00000000 00:00 0 
7f697944b000-7f697944d000 r--s 00006000 fc:02 2502834                    /usr/share/java/jayatana.jar
7f697944d000-7f6979452000 r--s 002f8000 fc:02 2238526                    /usr/lib/jvm/java-8-openjdk-amd64/jre/lib/charsets.jar
7f6979452000-7f6979454000 r-xp 00000000 fc:02 2102686                    /usr/lib/jayatana/libjayatanaag.so
7f6979454000-7f6979653000 ---p 00002000 fc:02 2102686                    /usr/lib/jayatana/libjayatanaag.so
7f6979653000-7f6979654000 r--p 00001000 fc:02 2102686                    /usr/lib/jayatana/libjayatanaag.so
7f6979654000-7f6979655000 rw-p 00002000 fc:02 2102686                    /usr/lib/jayatana/libjayatanaag.so
7f6979655000-7f6979657000 r--s 00016000 fc:02 269480                     /opt/idea/lib/idea_rt.jar
7f6979657000-7f69796ff000 r--s 0090a000 fc:01 13763294                   /home/beenotung/git/workspace/hkcc-pacman-robot/lib/NeuroEvolution/NeuroEvolution.jar
7f69796ff000-7f6979783000 r--s 00826000 fc:01 13763305                   /home/beenotung/git/workspace/hkcc-pacman-robot/lib/myutils/myutils.jar
7f6979783000-7f69797dc000 r--s 004f6000 fc:01 13239010                   /home/beenotung/.ivy2/cache/org.scala-lang/scala-library/jars/scala-library-2.11.6.jar
7f69797dc000-7f69797df000 r--s 0001a000 fc:01 13238828                   /home/beenotung/.sbt/boot/scala-2.10.4/org.scala-sbt/sbt/0.13.8/cache-0.13.8.jar
7f69797df000-7f69797e1000 r--s 0000b000 fc:01 13238857                   /home/beenotung/.sbt/boot/scala-2.10.4/org.scala-sbt/sbt/0.13.8/tracking-0.13.8.jar
7f69797e1000-7f69797e7000 r--s 0003d000 fc:01 13238838                   /home/beenotung/.sbt/boot/scala-2.10.4/org.scala-sbt/sbt/0.13.8/io-0.13.8.jar
7f69797e7000-7f69797ee000 r--s 0004b000 fc:01 13238841                   /home/beenotung/.sbt/boot/scala-2.10.4/org.scala-sbt/sbt/0.13.8/serialization_2.10-0.1.1.jar
7f69797ee000-7f69797f0000 r--s 00001000 fc:01 13238836                   /home/beenotung/.sbt/boot/scala-2.10.4/org.scala-sbt/sbt/0.13.8/launcher-interface-0.13.8.jar
7f69797f0000-7f69797f2000 r--s 00002000 fc:01 13238852                   /home/beenotung/.sbt/boot/scala-2.10.4/org.scala-sbt/sbt/0.13.8/test-interface-1.0.jar
7f69797f2000-7f69797f7000 r--s 00036000 fc:01 13238849                   /home/beenotung/.sbt/boot/scala-2.10.4/org.scala-sbt/sbt/0.13.8/compile-0.13.8.jar
7f69797f7000-7f69797fb000 r--s 0001b000 fc:01 13238855                   /home/beenotung/.sbt/boot/scala-2.10.4/org.scala-sbt/sbt/0.13.8/process-0.13.8.jar
7f69797fb000-7f69797fd000 r--s 00014000 fc:01 13238819                   /home/beenotung/.sbt/boot/scala-2.10.4/org.scala-sbt/sbt/0.13.8/apply-macro-0.13.8.jar
7f69797fd000-7f6979804000 r--s 00049000 fc:01 13238823                   /home/beenotung/.sbt/boot/scala-2.10.4/org.scala-sbt/sbt/0.13.8/api-0.13.8.jar
7f6979804000-7f697983a000 r--s 002d9000 fc:01 13238862                   /home/beenotung/.sbt/boot/scala-2.10.4/org.scala-sbt/sbt/0.13.8/scala-reflect-2.10.4.jar
7f697983a000-7f6979870000 r--s 002d9000 fc:01 13238888                   /home/beenotung/.sbt/boot/scala-2.10.4/lib/scala-reflect.jar
7f6979870000-7f6979890000 r--s 001a4000 fc:01 13238863                   /home/beenotung/.sbt/boot/scala-2.10.4/org.scala-sbt/sbt/0.13.8/ivy-0.13.8.jar
7f6979890000-7f697998d000 r--s 00cca000 fc:01 13238889                   /home/beenotung/.sbt/boot/scala-2.10.4/lib/scala-compiler.jar
7f697998d000-7f69799ff000 r--s 0065a000 fc:01 13238890                   /home/beenotung/.sbt/boot/scala-2.10.4/lib/scala-library.jar
7f69799ff000-7f6979a02000 ---p 00000000 00:00 0 
7f6979a02000-7f6979b00000 rw-p 00000000 00:00 0                          [stack:20500]
7f6979b00000-7f697a1e2000 r--p 00000000 fc:02 2105970                    /usr/lib/locale/locale-archive
7f697a1e2000-7f697a1e5000 ---p 00000000 00:00 0 
7f697a1e5000-7f697a2e3000 rw-p 00000000 00:00 0                          [stack:20496]
7f697a2e3000-7f697a2e6000 ---p 00000000 00:00 0 
7f697a2e6000-7f697a3e4000 rw-p 00000000 00:00 0                          [stack:20495]
7f697a3e4000-7f697a3e5000 ---p 00000000 00:00 0 
7f697a3e5000-7f697c000000 rw-p 00000000 00:00 0                          [stack:20494]
7f697c000000-7f697c021000 rw-p 00000000 00:00 0 
7f697c021000-7f6980000000 ---p 00000000 00:00 0 
7f6980000000-7f6980021000 rw-p 00000000 00:00 0 
7f6980021000-7f6984000000 ---p 00000000 00:00 0 
7f6984000000-7f6984021000 rw-p 00000000 00:00 0 
7f6984021000-7f6988000000 ---p 00000000 00:00 0 
7f6988000000-7f6988021000 rw-p 00000000 00:00 0 
7f6988021000-7f698c000000 ---p 00000000 00:00 0 
7f698c000000-7f698c021000 rw-p 00000000 00:00 0 
7f698c021000-7f6990000000 ---p 00000000 00:00 0 
7f6990000000-7f6990021000 rw-p 00000000 00:00 0 
7f6990021000-7f6994000000 ---p 00000000 00:00 0 
7f6994000000-7f6994021000 rw-p 00000000 00:00 0 
7f6994021000-7f6998000000 ---p 00000000 00:00 0 
7f6998000000-7f6998001000 r--s 00000000 fc:02 2502835                    /usr/share/java/jayatanaag.jar
7f6998001000-7f6998006000 r--s 00024000 fc:01 13238826                   /home/beenotung/.sbt/boot/scala-2.10.4/org.scala-sbt/sbt/0.13.8/persist-0.13.8.jar
7f6998006000-7f6998009000 r--s 0001d000 fc:01 13238835                   /home/beenotung/.sbt/boot/scala-2.10.4/org.scala-sbt/sbt/0.13.8/task-system-0.13.8.jar
7f6998009000-7f699800b000 r--s 0000b000 fc:01 13238831                   /home/beenotung/.sbt/boot/scala-2.10.4/org.scala-sbt/sbt/0.13.8/xsbti/interface-0.13.8.jar
7f699800b000-7f6998021000 r--s 00100000 fc:01 13238821                   /home/beenotung/.sbt/boot/scala-2.10.4/org.scala-sbt/sbt/0.13.8/ivy-2.3.0-sbt-fccfbd44c9f64523b61398a0155784dcbaeae28f.jar
7f6998021000-7f699802b000 r--s 00085000 fc:01 13238866                   /home/beenotung/.sbt/boot/scala-2.10.4/org.scala-sbt/sbt/0.13.8/json4s-core_2.10-3.2.10.jar
7f699802b000-7f699802e000 r--s 0001d000 fc:01 13238832                   /home/beenotung/.sbt/boot/scala-2.10.4/org.scala-sbt/sbt/0.13.8/tasks-0.13.8.jar
7f699802e000-7f6999000000 rw-p 00000000 00:00 0 
7f6999000000-7f6999270000 rwxp 00000000 00:00 0 
7f6999270000-7f69a8000000 ---p 00000000 00:00 0 
7f69a8000000-7f69a891d000 rw-p 00000000 00:00 0 
7f69a891d000-7f69ac000000 ---p 00000000 00:00 0 
7f69ac000000-7f69ac002000 r--s 00017000 fc:01 13238839                   /home/beenotung/.sbt/boot/scala-2.10.4/org.scala-sbt/sbt/0.13.8/testing-0.13.8.jar
7f69ac002000-7f69ac006000 r--s 00022000 fc:01 13238854                   /home/beenotung/.sbt/boot/scala-2.10.4/org.scala-sbt/sbt/0.13.8/sbinary_2.10-0.4.2.jar
7f69ac006000-7f69ac009000 r--s 0001c000 fc:01 13238853                   /home/beenotung/.sbt/boot/scala-2.10.4/org.scala-sbt/sbt/0.13.8/compiler-integration-0.13.8.jar
7f69ac009000-7f69ac012000 r--s 0006e000 fc:01 13238850                   /home/beenotung/.sbt/boot/scala-2.10.4/org.scala-sbt/sbt/0.13.8/actions-0.13.8.jar
7f69ac012000-7f69ac014000 r--s 00002000 fc:01 13238820                   /home/beenotung/.sbt/boot/scala-2.10.4/org.scala-sbt/sbt/0.13.8/control-0.13.8.jar
7f69ac014000-7f69ac040000 r--s 00235000 fc:01 13238814                   /home/beenotung/.sbt/boot/scala-2.10.4/org.scala-sbt/sbt/0.13.8/main-0.13.8.jar
7f69ac040000-7f69ac043000 r--s 00018000 fc:01 13238887                   /home/beenotung/.sbt/boot/scala-2.10.4/lib/jansi.jar
7f69ac043000-7f69ac048000 r--s 00036000 fc:01 13238867                   /home/beenotung/.sbt/boot/scala-2.10.4/org.scala-sbt/sbt/0.13.8/command-0.13.8.jar
7f69ac048000-7f69ac04b000 r--s 00013000 fc:01 13238868                   /home/beenotung/.sbt/boot/scala-2.10.4/org.scala-sbt/sbt/0.13.8/classpath-0.13.8.jar
7f69ac04b000-7f69ac04f000 r--s 00025000 fc:01 13238886                   /home/beenotung/.sbt/boot/scala-2.10.4/lib/jline.jar
7f69ac04f000-7f69ac050000 r--s 00001000 fc:01 13238845                   /home/beenotung/.sbt/boot/scala-2.10.4/org.scala-sbt/sbt/0.13.8/cross-0.13.8.jar
7f69ac050000-7f69ac052000 r--s 00013000 fc:01 13238837                   /home/beenotung/.sbt/boot/scala-2.10.4/org.scala-sbt/sbt/0.13.8/json4s-ast_2.10-3.2.10.jar
7f69ac052000-7f69ac053000 r--s 00001000 fc:01 13238815                   /home/beenotung/.sbt/boot/scala-2.10.4/org.scala-sbt/sbt/0.13.8/json4s-support_2.10-0.6.0.jar
7f69ac053000-7f69ac057000 r--s 00034000 fc:01 13238818                   /home/beenotung/.sbt/boot/scala-2.10.4/org.scala-sbt/sbt/0.13.8/jsch-0.1.46.jar
7f69ac057000-7f69ac058000 r--s 00005000 fc:01 13238858                   /home/beenotung/.sbt/boot/scala-2.10.4/org.scala-sbt/sbt/0.13.8/sbt-0.13.8.jar
7f69ac058000-7f69ac062000 r--s 00092000 fc:01 13238817                   /home/beenotung/.sbt/boot/scala-2.10.4/org.scala-sbt/sbt/0.13.8/main-settings-0.13.8.jar
7f69ac062000-7f69ac064000 r--s 00006000 fc:01 13238848                   /home/beenotung/.sbt/boot/scala-2.10.4/org.scala-sbt/sbt/0.13.8/relation-0.13.8.jar
7f69ac064000-7f69ac067000 r--s 00030000 fc:01 13238859                   /home/beenotung/.sbt/boot/scala-2.10.4/org.scala-sbt/sbt/0.13.8/jline-2.11.jar
7f69ac067000-7f69ac069000 r--s 0000e000 fc:01 13238847                   /home/beenotung/.sbt/boot/scala-2.10.4/org.scala-sbt/sbt/0.13.8/logic-0.13.8.jar
7f69ac069000-7f69ac073000 r--s 0006e000 fc:01 13238824                   /home/beenotung/.sbt/boot/scala-2.10.4/org.scala-sbt/sbt/0.13.8/incremental-compiler-0.13.8.jar
7f69ac073000-7f69ac07b000 r--s 00060000 fc:01 13238822                   /home/beenotung/.sbt/boot/scala-2.10.4/org.scala-sbt/sbt/0.13.8/collections-0.13.8.jar
7f69ac07b000-7f69ac07e000 r--s 00018000 fc:01 13238840                   /home/beenotung/.sbt/boot/scala-2.10.4/org.scala-sbt/sbt/0.13.8/logging-0.13.8.jar
7f69ac07e000-7f69ac08d000 r--s 000bb000 fc:01 13238842                   /home/beenotung/.sbt/boot/scala-2.10.4/org.scala-sbt/sbt/0.13.8/scala-pickling_2.10-0.10.0.jar
7f69ac08d000-7f69ac090000 r--s 0001e000 fc:01 13238827                   /home/beenotung/.sbt/boot/scala-2.10.4/org.scala-sbt/sbt/0.13.8/run-0.13.8.jar
7f69ac090000-7f69ac092000 r--s 00007000 fc:01 13238851                   /home/beenotung/.sbt/boot/scala-2.10.4/org.scala-sbt/sbt/0.13.8/paranamer-2.6.jar
7f69ac092000-7f69ac094000 r--s 00012000 fc:01 13238856                   /home/beenotung/.sbt/boot/scala-2.10.4/org.scala-sbt/sbt/0.13.8/jawn-parser_2.10-0.6.0.jar
7f69ac094000-7f69ac09c000 r--s 00057000 fc:01 13238825                   /home/beenotung/.sbt/boot/scala-2.10.4/org.scala-sbt/sbt/0.13.8/completion-0.13.8.jar
7f69ac09c000-7f69ac09e000 r--s 00001000 fc:01 13238869                   /home/beenotung/.sbt/boot/scala-2.10.4/org.scala-sbt/sbt/0.13.8/compiler-ivy-integration-0.13.8.jar
7f69ac09e000-7f69ac0a1000 r--s 00012000 fc:01 13238829                   /home/beenotung/.sbt/boot/scala-2.10.4/org.scala-sbt/sbt/0.13.8/classfile-0.13.8.jar
7f69ac0a1000-7f69ac0ad000 r--s 000a4000 fc:01 13238846                   /home/beenotung/.sbt/boot/scala-2.10.4/org.scala-sbt/sbt/0.13.8/quasiquotes_2.10-2.0.1.jar
7f69ac0ad000-7f69ac0af000 r--s 00006000 fc:02 2506120                    /usr/share/java/java-atk-wrapper.jar
7f69ac0af000-7f69ac0c2000 r--s 00345000 fc:02 2238525                    /usr/lib/jvm/java-8-openjdk-amd64/jre/lib/resources.jar
7f69ac0c2000-7f69ac0c7000 r--s 00094000 fc:02 2238521                    /usr/lib/jvm/java-8-openjdk-amd64/jre/lib/jsse.jar
7f69ac0c7000-7f69ac0e1000 r--s 001d3000 fc:02 2238529                    /usr/lib/jvm/java-8-openjdk-amd64/jre/lib/ext/nashorn.jar
7f69ac0e1000-7f69ac12e000 rw-p 00000000 00:00 0 
7f69ac12e000-7f69ac2fb000 r--s 03bd3000 fc:02 2238554                    /usr/lib/jvm/java-8-openjdk-amd64/jre/lib/rt.jar
7f69ac2fb000-7f69ac371000 rw-p 00000000 00:00 0 
7f69ac371000-7f69ac372000 ---p 00000000 00:00 0 
7f69ac372000-7f69ac472000 rw-p 00000000 00:00 0                          [stack:20485]
7f69ac472000-7f69ac473000 ---p 00000000 00:00 0 
7f69ac473000-7f69ac573000 rw-p 00000000 00:00 0                          [stack:20484]
7f69ac573000-7f69ac574000 ---p 00000000 00:00 0 
7f69ac574000-7f69ac674000 rw-p 00000000 00:00 0                          [stack:20483]
7f69ac674000-7f69ac675000 ---p 00000000 00:00 0 
7f69ac675000-7f69ac775000 rw-p 00000000 00:00 0                          [stack:20482]
7f69ac775000-7f69ac776000 ---p 00000000 00:00 0 
7f69ac776000-7f69ac876000 rw-p 00000000 00:00 0                          [stack:20481]
7f69ac876000-7f69ac877000 ---p 00000000 00:00 0 
7f69ac877000-7f69ac977000 rw-p 00000000 00:00 0                          [stack:20480]
7f69ac977000-7f69ac978000 ---p 00000000 00:00 0 
7f69ac978000-7f69aca78000 rw-p 00000000 00:00 0                          [stack:20479]
7f69aca78000-7f69aca79000 ---p 00000000 00:00 0 
7f69aca79000-7f69acbcd000 rw-p 00000000 00:00 0                          [stack:20478]
7f69acbcd000-7f69ad0b0000 ---p 00000000 00:00 0 
7f69ad0b0000-7f69ad104000 rw-p 00000000 00:00 0 
7f69ad104000-7f69ad5e6000 ---p 00000000 00:00 0 
7f69ad5e6000-7f69ad611000 rw-p 00000000 00:00 0 
7f69ad611000-7f69ad882000 ---p 00000000 00:00 0 
7f69ad882000-7f69ad88d000 rw-p 00000000 00:00 0 
7f69ad88d000-7f69adc43000 ---p 00000000 00:00 0 
7f69adc43000-7f69adc4b000 r-xp 00000000 fc:02 2238485                    /usr/lib/jvm/java-8-openjdk-amd64/jre/lib/amd64/libzip.so
7f69adc4b000-7f69ade4a000 ---p 00008000 fc:02 2238485                    /usr/lib/jvm/java-8-openjdk-amd64/jre/lib/amd64/libzip.so
7f69ade4a000-7f69ade4b000 r--p 00007000 fc:02 2238485                    /usr/lib/jvm/java-8-openjdk-amd64/jre/lib/amd64/libzip.so
7f69ade4b000-7f69ade4c000 rw-p 00008000 fc:02 2238485                    /usr/lib/jvm/java-8-openjdk-amd64/jre/lib/amd64/libzip.so
7f69ade4c000-7f69ade58000 r-xp 00000000 fc:02 1053180                    /lib/x86_64-linux-gnu/libnss_files-2.21.so
7f69ade58000-7f69ae057000 ---p 0000c000 fc:02 1053180                    /lib/x86_64-linux-gnu/libnss_files-2.21.so
7f69ae057000-7f69ae058000 r--p 0000b000 fc:02 1053180                    /lib/x86_64-linux-gnu/libnss_files-2.21.so
7f69ae058000-7f69ae059000 rw-p 0000c000 fc:02 1053180                    /lib/x86_64-linux-gnu/libnss_files-2.21.so
7f69ae059000-7f69ae064000 r-xp 00000000 fc:02 1053190                    /lib/x86_64-linux-gnu/libnss_nis-2.21.so
7f69ae064000-7f69ae263000 ---p 0000b000 fc:02 1053190                    /lib/x86_64-linux-gnu/libnss_nis-2.21.so
7f69ae263000-7f69ae264000 r--p 0000a000 fc:02 1053190                    /lib/x86_64-linux-gnu/libnss_nis-2.21.so
7f69ae264000-7f69ae265000 rw-p 0000b000 fc:02 1053190                    /lib/x86_64-linux-gnu/libnss_nis-2.21.so
7f69ae265000-7f69ae27c000 r-xp 00000000 fc:02 1053174                    /lib/x86_64-linux-gnu/libnsl-2.21.so
7f69ae27c000-7f69ae47b000 ---p 00017000 fc:02 1053174                    /lib/x86_64-linux-gnu/libnsl-2.21.so
7f69ae47b000-7f69ae47c000 r--p 00016000 fc:02 1053174                    /lib/x86_64-linux-gnu/libnsl-2.21.so
7f69ae47c000-7f69ae47d000 rw-p 00017000 fc:02 1053174                    /lib/x86_64-linux-gnu/libnsl-2.21.so
7f69ae47d000-7f69ae47f000 rw-p 00000000 00:00 0 
7f69ae47f000-7f69ae487000 r-xp 00000000 fc:02 1053176                    /lib/x86_64-linux-gnu/libnss_compat-2.21.so
7f69ae487000-7f69ae686000 ---p 00008000 fc:02 1053176                    /lib/x86_64-linux-gnu/libnss_compat-2.21.so
7f69ae686000-7f69ae687000 r--p 00007000 fc:02 1053176                    /lib/x86_64-linux-gnu/libnss_compat-2.21.so
7f69ae687000-7f69ae688000 rw-p 00008000 fc:02 1053176                    /lib/x86_64-linux-gnu/libnss_compat-2.21.so
7f69ae688000-7f69ae692000 r-xp 00000000 fc:02 2238504                    /usr/lib/jvm/java-8-openjdk-amd64/jre/lib/amd64/libinstrument.so
7f69ae692000-7f69ae891000 ---p 0000a000 fc:02 2238504                    /usr/lib/jvm/java-8-openjdk-amd64/jre/lib/amd64/libinstrument.so
7f69ae891000-7f69ae892000 r--p 00009000 fc:02 2238504                    /usr/lib/jvm/java-8-openjdk-amd64/jre/lib/amd64/libinstrument.so
7f69ae892000-7f69ae893000 rw-p 0000a000 fc:02 2238504                    /usr/lib/jvm/java-8-openjdk-amd64/jre/lib/amd64/libinstrument.so
7f69ae893000-7f69ae8c1000 r-xp 00000000 fc:02 2238482                    /usr/lib/jvm/java-8-openjdk-amd64/jre/lib/amd64/libjava.so
7f69ae8c1000-7f69aeac0000 ---p 0002e000 fc:02 2238482                    /usr/lib/jvm/java-8-openjdk-amd64/jre/lib/amd64/libjava.so
7f69aeac0000-7f69aeac1000 r--p 0002d000 fc:02 2238482                    /usr/lib/jvm/java-8-openjdk-amd64/jre/lib/amd64/libjava.so
7f69aeac1000-7f69aeac3000 rw-p 0002e000 fc:02 2238482                    /usr/lib/jvm/java-8-openjdk-amd64/jre/lib/amd64/libjava.so
7f69aeac3000-7f69aead2000 r-xp 00000000 fc:02 2238497                    /usr/lib/jvm/java-8-openjdk-amd64/jre/lib/amd64/libverify.so
7f69aead2000-7f69aecd2000 ---p 0000f000 fc:02 2238497                    /usr/lib/jvm/java-8-openjdk-amd64/jre/lib/amd64/libverify.so
7f69aecd2000-7f69aecd5000 r--p 0000f000 fc:02 2238497                    /usr/lib/jvm/java-8-openjdk-amd64/jre/lib/amd64/libverify.so
7f69aecd5000-7f69aecd6000 rw-p 00012000 fc:02 2238497                    /usr/lib/jvm/java-8-openjdk-amd64/jre/lib/amd64/libverify.so
7f69aecd6000-7f69aecdd000 r-xp 00000000 fc:02 1053235                    /lib/x86_64-linux-gnu/librt-2.21.so
7f69aecdd000-7f69aeedc000 ---p 00007000 fc:02 1053235                    /lib/x86_64-linux-gnu/librt-2.21.so
7f69aeedc000-7f69aeedd000 r--p 00006000 fc:02 1053235                    /lib/x86_64-linux-gnu/librt-2.21.so
7f69aeedd000-7f69aeede000 rw-p 00007000 fc:02 1053235                    /lib/x86_64-linux-gnu/librt-2.21.so
7f69aeede000-7f69aeef4000 r-xp 00000000 fc:02 1053123                    /lib/x86_64-linux-gnu/libgcc_s.so.1
7f69aeef4000-7f69af0f3000 ---p 00016000 fc:02 1053123                    /lib/x86_64-linux-gnu/libgcc_s.so.1
7f69af0f3000-7f69af0f4000 rw-p 00015000 fc:02 1053123                    /lib/x86_64-linux-gnu/libgcc_s.so.1
7f69af0f4000-7f69af1fb000 r-xp 00000000 fc:02 1053153                    /lib/x86_64-linux-gnu/libm-2.21.so
7f69af1fb000-7f69af3fa000 ---p 00107000 fc:02 1053153                    /lib/x86_64-linux-gnu/libm-2.21.so
7f69af3fa000-7f69af3fb000 r--p 00106000 fc:02 1053153                    /lib/x86_64-linux-gnu/libm-2.21.so
7f69af3fb000-7f69af3fc000 rw-p 00107000 fc:02 1053153                    /lib/x86_64-linux-gnu/libm-2.21.so
7f69af3fc000-7f69af4ec000 r-xp 00000000 fc:02 2108293                    /usr/lib/x86_64-linux-gnu/libstdc++.so.6.0.20
7f69af4ec000-7f69af6ec000 ---p 000f0000 fc:02 2108293                    /usr/lib/x86_64-linux-gnu/libstdc++.so.6.0.20
7f69af6ec000-7f69af6f4000 r--p 000f0000 fc:02 2108293                    /usr/lib/x86_64-linux-gnu/libstdc++.so.6.0.20
7f69af6f4000-7f69af6f6000 rw-p 000f8000 fc:02 2108293                    /usr/lib/x86_64-linux-gnu/libstdc++.so.6.0.20
7f69af6f6000-7f69af70b000 rw-p 00000000 00:00 0 
7f69af70b000-7f69b0398000 r-xp 00000000 fc:02 2238509                    /usr/lib/jvm/java-8-openjdk-amd64/jre/lib/amd64/server/libjvm.so
7f69b0398000-7f69b0598000 ---p 00c8d000 fc:02 2238509                    /usr/lib/jvm/java-8-openjdk-amd64/jre/lib/amd64/server/libjvm.so
7f69b0598000-7f69b063b000 r--p 00c8d000 fc:02 2238509                    /usr/lib/jvm/java-8-openjdk-amd64/jre/lib/amd64/server/libjvm.so
7f69b063b000-7f69b0664000 rw-p 00d30000 fc:02 2238509                    /usr/lib/jvm/java-8-openjdk-amd64/jre/lib/amd64/server/libjvm.so
7f69b0664000-7f69b0693000 rw-p 00000000 00:00 0 
7f69b0693000-7f69b06ab000 r-xp 00000000 fc:02 1053227                    /lib/x86_64-linux-gnu/libpthread-2.21.so
7f69b06ab000-7f69b08ab000 ---p 00018000 fc:02 1053227                    /lib/x86_64-linux-gnu/libpthread-2.21.so
7f69b08ab000-7f69b08ac000 r--p 00018000 fc:02 1053227                    /lib/x86_64-linux-gnu/libpthread-2.21.so
7f69b08ac000-7f69b08ad000 rw-p 00019000 fc:02 1053227                    /lib/x86_64-linux-gnu/libpthread-2.21.so
7f69b08ad000-7f69b08b1000 rw-p 00000000 00:00 0 
7f69b08b1000-7f69b08b4000 r-xp 00000000 fc:02 1053111                    /lib/x86_64-linux-gnu/libdl-2.21.so
7f69b08b4000-7f69b0ab3000 ---p 00003000 fc:02 1053111                    /lib/x86_64-linux-gnu/libdl-2.21.so
7f69b0ab3000-7f69b0ab4000 r--p 00002000 fc:02 1053111                    /lib/x86_64-linux-gnu/libdl-2.21.so
7f69b0ab4000-7f69b0ab5000 rw-p 00003000 fc:02 1053111                    /lib/x86_64-linux-gnu/libdl-2.21.so
7f69b0ab5000-7f69b0ace000 r-xp 00000000 fc:02 1053268                    /lib/x86_64-linux-gnu/libz.so.1.2.8
7f69b0ace000-7f69b0cce000 ---p 00019000 fc:02 1053268                    /lib/x86_64-linux-gnu/libz.so.1.2.8
7f69b0cce000-7f69b0ccf000 r--p 00019000 fc:02 1053268                    /lib/x86_64-linux-gnu/libz.so.1.2.8
7f69b0ccf000-7f69b0cd0000 rw-p 0001a000 fc:02 1053268                    /lib/x86_64-linux-gnu/libz.so.1.2.8
7f69b0cd0000-7f69b0e90000 r-xp 00000000 fc:02 1053094                    /lib/x86_64-linux-gnu/libc-2.21.so
7f69b0e90000-7f69b1090000 ---p 001c0000 fc:02 1053094                    /lib/x86_64-linux-gnu/libc-2.21.so
7f69b1090000-7f69b1094000 r--p 001c0000 fc:02 1053094                    /lib/x86_64-linux-gnu/libc-2.21.so
7f69b1094000-7f69b1096000 rw-p 001c4000 fc:02 1053094                    /lib/x86_64-linux-gnu/libc-2.21.so
7f69b1096000-7f69b109a000 rw-p 00000000 00:00 0 
7f69b109a000-7f69b10a8000 r-xp 00000000 fc:02 2238516                    /usr/lib/jvm/java-8-openjdk-amd64/jre/lib/amd64/jli/libjli.so
7f69b10a8000-7f69b12a7000 ---p 0000e000 fc:02 2238516                    /usr/lib/jvm/java-8-openjdk-amd64/jre/lib/amd64/jli/libjli.so
7f69b12a7000-7f69b12a8000 r--p 0000d000 fc:02 2238516                    /usr/lib/jvm/java-8-openjdk-amd64/jre/lib/amd64/jli/libjli.so
7f69b12a8000-7f69b12a9000 rw-p 0000e000 fc:02 2238516                    /usr/lib/jvm/java-8-openjdk-amd64/jre/lib/amd64/jli/libjli.so
7f69b12a9000-7f69b12cd000 r-xp 00000000 fc:02 1053066                    /lib/x86_64-linux-gnu/ld-2.21.so
7f69b12cd000-7f69b12ce000 r--s 00005000 fc:01 13238816                   /home/beenotung/.sbt/boot/scala-2.10.4/org.scala-sbt/sbt/0.13.8/test-agent-0.13.8.jar
7f69b12ce000-7f69b12d1000 r--s 00015000 fc:02 2238555                    /usr/lib/jvm/java-8-openjdk-amd64/jre/lib/jce.jar
7f69b12d1000-7f69b12d6000 r--s 002f8000 fc:02 2238526                    /usr/lib/jvm/java-8-openjdk-amd64/jre/lib/charsets.jar
7f69b12d6000-7f69b12d8000 r--s 00001000 fc:02 2238534                    /usr/lib/jvm/java-8-openjdk-amd64/jre/lib/ext/dnsns.jar
7f69b12d8000-7f69b12e3000 r--s 00116000 fc:02 2238531                    /usr/lib/jvm/java-8-openjdk-amd64/jre/lib/ext/localedata.jar
7f69b12e3000-7f69b12ff000 r--s 00393000 fc:02 2238528                    /usr/lib/jvm/java-8-openjdk-amd64/jre/lib/ext/cldrdata.jar
7f69b12ff000-7f69b13a9000 rw-p 00000000 00:00 0 
7f69b13a9000-7f69b13ac000 ---p 00000000 00:00 0 
7f69b13ac000-7f69b14af000 rw-p 00000000 00:00 0                          [stack:20476]
7f69b14af000-7f69b14b0000 r--s 00000000 fc:02 2238552                    /usr/lib/jvm/java-8-openjdk-amd64/jre/lib/management-agent.jar
7f69b14b0000-7f69b14b1000 r--s 00008000 fc:02 2238530                    /usr/lib/jvm/java-8-openjdk-amd64/jre/lib/ext/sunec.jar
7f69b14b1000-7f69b14b7000 r--s 0003a000 fc:02 2238533                    /usr/lib/jvm/java-8-openjdk-amd64/jre/lib/ext/sunjce_provider.jar
7f69b14b7000-7f69b14ba000 r--s 00037000 fc:02 2238536                    /usr/lib/jvm/java-8-openjdk-amd64/jre/lib/ext/sunpkcs11.jar
7f69b14ba000-7f69b14bb000 r--s 00010000 fc:02 2238532                    /usr/lib/jvm/java-8-openjdk-amd64/jre/lib/ext/zipfs.jar
7f69b14bb000-7f69b14bd000 r--s 00006000 fc:02 2506120                    /usr/share/java/java-atk-wrapper.jar
7f69b14bd000-7f69b14c0000 r--s 0000f000 fc:02 2238535                    /usr/lib/jvm/java-8-openjdk-amd64/jre/lib/ext/icedtea-sound.jar
7f69b14c0000-7f69b14c8000 rw-s 00000000 fc:02 397709                     /tmp/hsperfdata_beenotung/20474
7f69b14c8000-7f69b14c9000 rw-p 00000000 00:00 0 
7f69b14c9000-7f69b14ca000 r--p 00000000 00:00 0 
7f69b14ca000-7f69b14cc000 rw-p 00000000 00:00 0 
7f69b14cc000-7f69b14cd000 r--p 00023000 fc:02 1053066                    /lib/x86_64-linux-gnu/ld-2.21.so
7f69b14cd000-7f69b14ce000 rw-p 00024000 fc:02 1053066                    /lib/x86_64-linux-gnu/ld-2.21.so
7f69b14ce000-7f69b14cf000 rw-p 00000000 00:00 0 
7ffd05097000-7ffd050ba000 rw-p 00000000 00:00 0                          [stack]
7ffd050d0000-7ffd050d2000 r--p 00000000 00:00 0                          [vvar]
7ffd050d2000-7ffd050d4000 r-xp 00000000 00:00 0                          [vdso]
ffffffffff600000-ffffffffff601000 r-xp 00000000 00:00 0                  [vsyscall]

VM Arguments:
jvm_args: -javaagent:/usr/share/java/jayatanaag.jar -Djava.library.path=/home/beenotung/git/workspace/hkcc-pacman-robot/lib/lwjgl3/native/linux/x64:/home/beenotung/git/workspace/hkcc-pacman-robot/lib/lwjgl3/native/linux/x86:/home/beenotung/git/workspace/hkcc-pacman-robot/lib/lwjgl3/native/macosx/x64:/home/beenotung/git/workspace/hkcc-pacman-robot/lib/lwjgl3/native/windows/x64:/home/beenotung/git/workspace/hkcc-pacman-robot/lib/lwjgl3/native/windows/x86 -Didea.launcher.port=7534 -Didea.launcher.bin.path=/opt/idea/bin -Dfile.encoding=UTF-8 
java_command: com.intellij.rt.execution.application.AppMain edu.hkcc.pacmanrobot.launcher.MiniMapLauncher
java_class_path (initial): /usr/lib/jvm/java-1.8.0-openjdk-amd64/jre/lib/charsets.jar:/usr/lib/jvm/java-1.8.0-openjdk-amd64/jre/lib/rt.jar:/usr/lib/jvm/java-1.8.0-openjdk-amd64/jre/lib/jsse.jar:/usr/lib/jvm/java-1.8.0-openjdk-amd64/jre/lib/resources.jar:/usr/lib/jvm/java-1.8.0-openjdk-amd64/jre/lib/management-agent.jar:/usr/lib/jvm/java-1.8.0-openjdk-amd64/jre/lib/jce.jar:/usr/lib/jvm/java-1.8.0-openjdk-amd64/jre/lib/ext/cldrdata.jar:/usr/lib/jvm/java-1.8.0-openjdk-amd64/jre/lib/ext/icedtea-sound.jar:/usr/lib/jvm/java-1.8.0-openjdk-amd64/jre/lib/ext/java-atk-wrapper.jar:/usr/lib/jvm/java-1.8.0-openjdk-amd64/jre/lib/ext/zipfs.jar:/usr/lib/jvm/java-1.8.0-openjdk-amd64/jre/lib/ext/sunpkcs11.jar:/usr/lib/jvm/java-1.8.0-openjdk-amd64/jre/lib/ext/sunjce_provider.jar:/usr/lib/jvm/java-1.8.0-openjdk-amd64/jre/lib/ext/nashorn.jar:/usr/lib/jvm/java-1.8.0-openjdk-amd64/jre/lib/ext/localedata.jar:/usr/lib/jvm/java-1.8.0-openjdk-amd64/jre/lib/ext/sunec.jar:/usr/lib/jvm/java-1.8.0-openjdk-amd64/jre/lib/ext/dnsns.jar:/home/beenotung/git/workspace/hkcc-pacman-robot/target/scala-2.11/classes:/home/beenotung/.sbt/boot/scala-2.10.4/org.scala-sbt/sbt/0.13.8/quasiquotes_2.10-2.0.1.jar:/home/beenotung/.sbt/boot/scala-2.10.4/org.scala-sbt/sbt/0.13.8/classfile-0.13.8.jar:/home/beenotung/.sbt/boot/scala-2.10.4/org.scala-sbt/sbt/0.13.8/compiler-ivy-integration-0.13.8.jar:/home/beenotung/.sbt/boot/scala-2.10.4/org.scala-sbt/sbt/0.13.8/completion-0.13.8.jar:/home/beenotung/.sbt/boot/scala-2.10.4/org.scala-sbt/sbt/0.13.8/jawn-parser_2.10-0.6.0.jar:/home/beenotung/.sbt/boot/scala-2.10.4/org.scala-sbt/sbt/0.13.8/paranamer-2.6.jar:/home/beenotung/.sbt/boot/scala-2.10.4/org.scala-sbt/sbt/0.13.8/run-0.13.8.jar:/home/beenotung/.sbt/boot/scala-2.10.4/org.scala-sbt/sbt/0.13.8/test-agent-0.13.8.jar:/home/beenotung/.sbt/boot/scala-2.10.4/org.scala-sbt/sbt/0.13.8/scala-pickling_2.10-0.10.0.jar:/home/beenotung/.sbt/boot/scala-2.10.4/org.scala-sbt/sbt/0.13.8/logging-0.13.8.jar:/home/beenotung/.sbt/boot/sc
Launcher Type: SUN_STANDARD

Environment Variables:
JAVA_TOOL_OPTIONS=-javaagent:/usr/share/java/jayatanaag.jar 
PATH=/usr/games:/home/beenotung/bin:/usr/local/sbin:/usr/local/bin:/usr/sbin:/usr/bin:/sbin:/bin:/usr/games:/usr/local/games
LD_LIBRARY_PATH=/opt/idea/bin:
SHELL=/bin/bash
DISPLAY=:0

Signal Handlers:
SIGSEGV: [libjvm.so+0xa90d80], sa_mask[0]=11111111011111111101111111111110, sa_flags=SA_RESTART|SA_SIGINFO
SIGBUS: [libjvm.so+0xa90d80], sa_mask[0]=11111111011111111101111111111110, sa_flags=SA_RESTART|SA_SIGINFO
SIGFPE: [libjvm.so+0x8dbc70], sa_mask[0]=11111111011111111101111111111110, sa_flags=SA_RESTART|SA_SIGINFO
SIGPIPE: [libjvm.so+0x8dbc70], sa_mask[0]=11111111011111111101111111111110, sa_flags=SA_RESTART|SA_SIGINFO
SIGXFSZ: [libjvm.so+0x8dbc70], sa_mask[0]=11111111011111111101111111111110, sa_flags=SA_RESTART|SA_SIGINFO
SIGILL: [libjvm.so+0x8dbc70], sa_mask[0]=11111111011111111101111111111110, sa_flags=SA_RESTART|SA_SIGINFO
SIGUSR1: SIG_DFL, sa_mask[0]=00000000000000000000000000000000, sa_flags=none
SIGUSR2: [libjvm.so+0x8dbb20], sa_mask[0]=00100000000000000000000000000000, sa_flags=SA_RESTART|SA_SIGINFO
SIGHUP: [libjvm.so+0x8dbd40], sa_mask[0]=11111111011111111101111111111110, sa_flags=SA_RESTART|SA_SIGINFO
SIGINT: [libjvm.so+0x8dbd40], sa_mask[0]=11111111011111111101111111111110, sa_flags=SA_RESTART|SA_SIGINFO
SIGTERM: [libjvm.so+0x8dbd40], sa_mask[0]=11111111011111111101111111111110, sa_flags=SA_RESTART|SA_SIGINFO
SIGQUIT: [libjvm.so+0x8dbd40], sa_mask[0]=11111111011111111101111111111110, sa_flags=SA_RESTART|SA_SIGINFO


---------------  S Y S T E M  ---------------

OS:DISTRIB_ID=Ubuntu
DISTRIB_RELEASE=15.04
DISTRIB_CODENAME=vivid
DISTRIB_DESCRIPTION="Ubuntu 15.04"

uname:Linux 3.19.0-15-generic #15-Ubuntu SMP Thu Apr 16 23:32:37 UTC 2015 x86_64
libc:glibc 2.21 NPTL 2.21 
rlimit: STACK 8192k, CORE 0k, NPROC 63946, NOFILE 65536, AS infinity
load average:1.04 1.08 0.86

/proc/meminfo:
MemTotal:       16393516 kB
MemFree:         4124456 kB
MemAvailable:    7935276 kB
Buffers:          330396 kB
Cached:          3674916 kB
SwapCached:            0 kB
Active:          9634604 kB
Inactive:        2108552 kB
Active(anon):    7740600 kB
Inactive(anon):   192468 kB
Active(file):    1894004 kB
Inactive(file):  1916084 kB
Unevictable:         684 kB
Mlocked:             684 kB
SwapTotal:      33554428 kB
SwapFree:       33554428 kB
Dirty:             14280 kB
Writeback:             0 kB
AnonPages:       7738560 kB
Mapped:           623968 kB
Shmem:            195232 kB
Slab:             311680 kB
SReclaimable:     254148 kB
SUnreclaim:        57532 kB
KernelStack:       17136 kB
PageTables:        87044 kB
NFS_Unstable:          0 kB
Bounce:                0 kB
WritebackTmp:          0 kB
CommitLimit:    41751184 kB
Committed_AS:   15510396 kB
VmallocTotal:   34359738367 kB
VmallocUsed:      145596 kB
VmallocChunk:   34359488724 kB
HardwareCorrupted:     0 kB
AnonHugePages:   3297280 kB
CmaTotal:              0 kB
CmaFree:               0 kB
HugePages_Total:       0
HugePages_Free:        0
HugePages_Rsvd:        0
HugePages_Surp:        0
Hugepagesize:       2048 kB
DirectMap4k:      306748 kB
DirectMap2M:    16431104 kB


CPU:total 8 (4 cores per cpu, 2 threads per core) family 6 model 58 stepping 9, cmov, cx8, fxsr, mmx, sse, sse2, sse3, ssse3, sse4.1, sse4.2, popcnt, avx, aes, clmul, erms, ht, tsc, tscinvbit, tscinv

/proc/cpuinfo:
processor	: 0
vendor_id	: GenuineIntel
cpu family	: 6
model		: 58
model name	: Intel(R) Xeon(R) CPU E3-1230 V2 @ 3.30GHz
stepping	: 9
microcode	: 0x1b
cpu MHz		: 1819.640
cache size	: 8192 KB
physical id	: 0
siblings	: 8
core id		: 0
cpu cores	: 4
apicid		: 0
initial apicid	: 0
fpu		: yes
fpu_exception	: yes
cpuid level	: 13
wp		: yes
flags		: fpu vme de pse tsc msr pae mce cx8 apic sep mtrr pge mca cmov pat pse36 clflush dts acpi mmx fxsr sse sse2 ss ht tm pbe syscall nx rdtscp lm constant_tsc arch_perfmon pebs bts rep_good nopl xtopology nonstop_tsc aperfmperf eagerfpu pni pclmulqdq dtes64 monitor ds_cpl vmx smx est tm2 ssse3 cx16 xtpr pdcm pcid sse4_1 sse4_2 x2apic popcnt tsc_deadline_timer aes xsave avx f16c rdrand lahf_lm ida arat epb pln pts dtherm tpr_shadow vnmi flexpriority ept vpid fsgsbase smep erms xsaveopt
bugs		:
bogomips	: 6584.66
clflush size	: 64
cache_alignment	: 64
address sizes	: 36 bits physical, 48 bits virtual
power management:

processor	: 1
vendor_id	: GenuineIntel
cpu family	: 6
model		: 58
model name	: Intel(R) Xeon(R) CPU E3-1230 V2 @ 3.30GHz
stepping	: 9
microcode	: 0x1b
cpu MHz		: 1774.910
cache size	: 8192 KB
physical id	: 0
siblings	: 8
core id		: 1
cpu cores	: 4
apicid		: 2
initial apicid	: 2
fpu		: yes
fpu_exception	: yes
cpuid level	: 13
wp		: yes
flags		: fpu vme de pse tsc msr pae mce cx8 apic sep mtrr pge mca cmov pat pse36 clflush dts acpi mmx fxsr sse sse2 ss ht tm pbe syscall nx rdtscp lm constant_tsc arch_perfmon pebs bts rep_good nopl xtopology nonstop_tsc aperfmperf eagerfpu pni pclmulqdq dtes64 monitor ds_cpl vmx smx est tm2 ssse3 cx16 xtpr pdcm pcid sse4_1 sse4_2 x2apic popcnt tsc_deadline_timer aes xsave avx f16c rdrand lahf_lm ida arat epb pln pts dtherm tpr_shadow vnmi flexpriority ept vpid fsgsbase smep erms xsaveopt
bugs		:
bogomips	: 6584.66
clflush size	: 64
cache_alignment	: 64
address sizes	: 36 bits physical, 48 bits virtual
power management:

processor	: 2
vendor_id	: GenuineIntel
cpu family	: 6
model		: 58
model name	: Intel(R) Xeon(R) CPU E3-1230 V2 @ 3.30GHz
stepping	: 9
microcode	: 0x1b
cpu MHz		: 1733.531
cache size	: 8192 KB
physical id	: 0
siblings	: 8
core id		: 2
cpu cores	: 4
apicid		: 4
initial apicid	: 4
fpu		: yes
fpu_exception	: yes
cpuid level	: 13
wp		: yes
flags		: fpu vme de pse tsc msr pae mce cx8 apic sep mtrr pge mca cmov pat pse36 clflush dts acpi mmx fxsr sse sse2 ss ht tm pbe syscall nx rdtscp lm constant_tsc arch_perfmon pebs bts rep_good nopl xtopology nonstop_tsc aperfmperf eagerfpu pni pclmulqdq dtes64 monitor ds_cpl vmx smx est tm2 ssse3 cx16 xtpr pdcm pcid sse4_1 sse4_2 x2apic popcnt tsc_deadline_timer aes xsave avx f16c rdrand lahf_lm ida arat epb pln pts dtherm tpr_shadow vnmi flexpriority ept vpid fsgsbase smep erms xsaveopt
bugs		:
bogomips	: 6584.66
clflush size	: 64
cache_alignment	: 64
address sizes	: 36 bits physical, 48 bits virtual
power management:

processor	: 3
vendor_id	: GenuineIntel
cpu family	: 6
model		: 58
model name	: Intel(R) Xeon(R) CPU E3-1230 V2 @ 3.30GHz
stepping	: 9
microcode	: 0x1b
cpu MHz		: 1779.679
cache size	: 8192 KB
physical id	: 0
siblings	: 8
core id		: 3
cpu cores	: 4
apicid		: 6
initial apicid	: 6
fpu		: yes
fpu_exception	: yes
cpuid level	: 13
wp		: yes
flags		: fpu vme de pse tsc msr pae mce cx8 apic sep mtrr pge mca cmov pat pse36 clflush dts acpi mmx fxsr sse sse2 ss ht tm pbe syscall nx rdtscp lm constant_tsc arch_perfmon pebs bts rep_good nopl xtopology nonstop_tsc aperfmperf eagerfpu pni pclmulqdq dtes64 monitor ds_cpl vmx smx est tm2 ssse3 cx16 xtpr pdcm pcid sse4_1 sse4_2 x2apic popcnt tsc_deadline_timer aes xsave avx f16c rdrand lahf_lm ida arat epb pln pts dtherm tpr_shadow vnmi flexpriority ept vpid fsgsbase smep erms xsaveopt
bugs		:
bogomips	: 6584.66
clflush size	: 64
cache_alignment	: 64
address sizes	: 36 bits physical, 48 bits virtual
power management:

processor	: 4
vendor_id	: GenuineIntel
cpu family	: 6
model		: 58
model name	: Intel(R) Xeon(R) CPU E3-1230 V2 @ 3.30GHz
stepping	: 9
microcode	: 0x1b
cpu MHz		: 1695.761
cache size	: 8192 KB
physical id	: 0
siblings	: 8
core id		: 0
cpu cores	: 4
apicid		: 1
initial apicid	: 1
fpu		: yes
fpu_exception	: yes
cpuid level	: 13
wp		: yes
flags		: fpu vme de pse tsc msr pae mce cx8 apic sep mtrr pge mca cmov pat pse36 clflush dts acpi mmx fxsr sse sse2 ss ht tm pbe syscall nx rdtscp lm constant_tsc arch_perfmon pebs bts rep_good nopl xtopology nonstop_tsc aperfmperf eagerfpu pni pclmulqdq dtes64 monitor ds_cpl vmx smx est tm2 ssse3 cx16 xtpr pdcm pcid sse4_1 sse4_2 x2apic popcnt tsc_deadline_timer aes xsave avx f16c rdrand lahf_lm ida arat epb pln pts dtherm tpr_shadow vnmi flexpriority ept vpid fsgsbase smep erms xsaveopt
bugs		:
bogomips	: 6584.66
clflush size	: 64
cache_alignment	: 64
address sizes	: 36 bits physical, 48 bits virtual
power management:

processor	: 5
vendor_id	: GenuineIntel
cpu family	: 6
model		: 58
model name	: Intel(R) Xeon(R) CPU E3-1230 V2 @ 3.30GHz
stepping	: 9
microcode	: 0x1b
cpu MHz		: 1993.792
cache size	: 8192 KB
physical id	: 0
siblings	: 8
core id		: 1
cpu cores	: 4
apicid		: 3
initial apicid	: 3
fpu		: yes
fpu_exception	: yes
cpuid level	: 13
wp		: yes
flags		: fpu vme de pse tsc msr pae mce cx8 apic sep mtrr pge mca cmov pat pse36 clflush dts acpi mmx fxsr sse sse2 ss ht tm pbe syscall nx rdtscp lm constant_tsc arch_perfmon pebs bts rep_good nopl xtopology nonstop_tsc aperfmperf eagerfpu pni pclmulqdq dtes64 monitor ds_cpl vmx smx est tm2 ssse3 cx16 xtpr pdcm pcid sse4_1 sse4_2 x2apic popcnt tsc_deadline_timer aes xsave avx f16c rdrand lahf_lm ida arat epb pln pts dtherm tpr_shadow vnmi flexpriority ept vpid fsgsbase smep erms xsaveopt
bugs		:
bogomips	: 6584.66
clflush size	: 64
cache_alignment	: 64
address sizes	: 36 bits physical, 48 bits virtual
power management:

processor	: 6
vendor_id	: GenuineIntel
cpu family	: 6
model		: 58
model name	: Intel(R) Xeon(R) CPU E3-1230 V2 @ 3.30GHz
stepping	: 9
microcode	: 0x1b
cpu MHz		: 1837.687
cache size	: 8192 KB
physical id	: 0
siblings	: 8
core id		: 2
cpu cores	: 4
apicid		: 5
initial apicid	: 5
fpu		: yes
fpu_exception	: yes
cpuid level	: 13
wp		: yes
flags		: fpu vme de pse tsc msr pae mce cx8 apic sep mtrr pge mca cmov pat pse36 clflush dts acpi mmx fxsr sse sse2 ss ht tm pbe syscall nx rdtscp lm constant_tsc arch_perfmon pebs bts rep_good nopl xtopology nonstop_tsc aperfmperf eagerfpu pni pclmulqdq dtes64 monitor ds_cpl vmx smx est tm2 ssse3 cx16 xtpr pdcm pcid sse4_1 sse4_2 x2apic popcnt tsc_deadline_timer aes xsave avx f16c rdrand lahf_lm ida arat epb pln pts dtherm tpr_shadow vnmi flexpriority ept vpid fsgsbase smep erms xsaveopt
bugs		:
bogomips	: 6584.66
clflush size	: 64
cache_alignment	: 64
address sizes	: 36 bits physical, 48 bits virtual
power management:

processor	: 7
vendor_id	: GenuineIntel
cpu family	: 6
model		: 58
model name	: Intel(R) Xeon(R) CPU E3-1230 V2 @ 3.30GHz
stepping	: 9
microcode	: 0x1b
cpu MHz		: 1886.285
cache size	: 8192 KB
physical id	: 0
siblings	: 8
core id		: 3
cpu cores	: 4
apicid		: 7
initial apicid	: 7
fpu		: yes
fpu_exception	: yes
cpuid level	: 13
wp		: yes
flags		: fpu vme de pse tsc msr pae mce cx8 apic sep mtrr pge mca cmov pat pse36 clflush dts acpi mmx fxsr sse sse2 ss ht tm pbe syscall nx rdtscp lm constant_tsc arch_perfmon pebs bts rep_good nopl xtopology nonstop_tsc aperfmperf eagerfpu pni pclmulqdq dtes64 monitor ds_cpl vmx smx est tm2 ssse3 cx16 xtpr pdcm pcid sse4_1 sse4_2 x2apic popcnt tsc_deadline_timer aes xsave avx f16c rdrand lahf_lm ida arat epb pln pts dtherm tpr_shadow vnmi flexpriority ept vpid fsgsbase smep erms xsaveopt
bugs		:
bogomips	: 6584.66
clflush size	: 64
cache_alignment	: 64
address sizes	: 36 bits physical, 48 bits virtual
power management:



Memory: 4k page, physical 16393516k(4124456k free), swap 33554428k(33554428k free)

vm_info: OpenJDK 64-Bit Server VM (25.45-b02) for linux-amd64 JRE (1.8.0_45-internal-b14), built on Apr 20 2015 00:35:04 by "buildd" with gcc 4.9.2

time: Wed Apr 29 22:40:15 2015
elapsed time: 4 seconds (0d 0h 0m 4s)

