#
# A fatal error has been detected by the Java Runtime Environment:
#
#  SIGSEGV (0xb) at pc=0x00007f0d1fbe05ca, pid=29716, tid=139694284674816
#
# JRE version: OpenJDK Runtime Environment (8.0_45-b14) (build 1.8.0_45-internal-b14)
# Java VM: OpenJDK 64-Bit Server VM (25.45-b02 mixed mode linux-amd64 compressed oops)
# Problematic frame:
# C  [libffi.so.6+0x45ca]  ffi_closure_free+0x49a
#
# Failed to write core dump. Core dumps have been disabled. To enable core dumping, try "ulimit -c unlimited" before starting Java again
#
# If you would like to submit a bug report, please visit:
#   http://bugreport.java.com/bugreport/crash.jsp
# The crash happened outside the Java Virtual Machine in native code.
# See problematic frame for where to report the bug.
#

---------------  T H R E A D  ---------------

Current thread (0x00007f0c94002000):  JavaThread "Thread-26" [_thread_in_native, id=29795, stack(0x00007f0d1c271000,0x00007f0d1c372000)]

siginfo: si_signo: 11 (SIGSEGV), si_code: 1 (SEGV_MAPERR), si_addr: 0x0000000000000018

Registers:
RAX=0x0000000000000f80, RBX=0x00007f0d1fde3240, RCX=0x0000000000000000, RDX=0x0000000000000000
RSP=0x00007f0d1c3707e0, RBP=0x00007f0d35767038, RSI=0x00007f0d35767070, RDI=0x0000000000000001
R8 =0x0000000000000000, R9 =0x0000000000000000, R10=0x000000000000088a, R11=0x00007f0d5d0b98a0
R12=0x00007f0d35767048, R13=0x00007f0d1f89fe58, R14=0x00007f0d1c3708b8, R15=0x00007f0c94002000
RIP=0x00007f0d1fbe05ca, EFLAGS=0x0000000000010246, CSGSFS=0x0000000000000033, ERR=0x0000000000000006
  TRAPNO=0x000000000000000e

Top of Stack: (sp=0x00007f0d1c3707e0)
0x00007f0d1c3707e0:   00007f0d1f89fe58 00007f0c94002000
0x00007f0d1c3707f0:   00007f0d1f3314c0 0000000000000005
0x00007f0d1c370800:   00007f0d35767048 00007f0d1f89fe58
0x00007f0d1c370810:   00007f0d1c370890 0000000000000000
0x00007f0d1c370820:   00007f0d1f89fe58 00007f0d1c3708b8
0x00007f0d1c370830:   00007f0c94002000 00007f0d450156d4
0x00007f0d1c370840:   fffffffe00000000 00007f0d45015422
0x00007f0d1c370850:   00007f0d1c370850 00007f0d1f89fe58
0x00007f0d1c370860:   00007f0d1c3708b8 00007f0d1f8a0250
0x00007f0d1c370870:   0000000000000000 00007f0d1f89fe58
0x00007f0d1c370880:   0000000000000000 00007f0d1c3708b0
0x00007f0d1c370890:   00007f0d1c370900 00007f0d4500798d
0x00007f0d1c3708a0:   00000006c5cd7240 00007f0d4500f2b8
0x00007f0d1c3708b0:   00007f0d35767048 00000006c5c89440
0x00007f0d1c3708c0:   00007f0d1c3708c0 00007f0d1f857edb
0x00007f0d1c3708d0:   00007f0d1c370910 00007f0d1f85cb08
0x00007f0d1c3708e0:   0000000000000000 00007f0d1f857ef8
0x00007f0d1c3708f0:   00007f0d1c3708b0 00007f0d1c370910
0x00007f0d1c370900:   00007f0d1c370958 00007f0d4500798d
0x00007f0d1c370910:   00000006c5c89440 00007f0d1c370918
0x00007f0d1c370920:   00007f0d1f858bb6 00007f0d1c370968
0x00007f0d1c370930:   00007f0d1f85c990 0000000000000000
0x00007f0d1c370940:   00007f0d1f858bd0 00007f0d1c370910
0x00007f0d1c370950:   00007f0d1c370968 00007f0d1c3709b0
0x00007f0d1c370960:   00007f0d4500798d 00000006c5c89440
0x00007f0d1c370970:   00007f0d1c370970 00007f0d1f855d27
0x00007f0d1c370980:   00007f0d1c3709c0 00007f0d1f859568
0x00007f0d1c370990:   0000000000000000 00007f0d1f855d40
0x00007f0d1c3709a0:   00007f0d1c370968 00007f0d1c3709c0
0x00007f0d1c3709b0:   00007f0d1c370a08 00007f0d4500798d
0x00007f0d1c3709c0:   00000006c5c89300 00007f0d1c3709c8
0x00007f0d1c3709d0:   00007f0d1f855dd7 00007f0d1c370a20 

Instructions: (pc=0x00007f0d1fbe05ca)
0x00007f0d1fbe05aa:   56 18 4c 8b 4e 30 48 39 d6 0f 84 ef 03 00 00 48
0x00007f0d1fbe05ba:   8b 4e 10 48 3b 0d 94 2c 20 00 0f 82 26 fe ff ff
0x00007f0d1fbe05ca:   48 89 51 18 48 89 4a 10 4d 85 c9 0f 84 55 03 00
0x00007f0d1fbe05da:   00 48 8b 4e 38 48 8d 79 4a 48 3b 34 fb 0f 84 b3 

Register to memory mapping:

RAX=0x0000000000000f80 is an unknown value
RBX=0x00007f0d1fde3240: <offset 0x207240> in /usr/lib/x86_64-linux-gnu/libffi.so.6 at 0x00007f0d1fbdc000
RCX=0x0000000000000000 is an unknown value
RDX=0x0000000000000000 is an unknown value
RSP=0x00007f0d1c3707e0 is pointing into the stack for thread: 0x00007f0c94002000
RBP=0x00007f0d35767038 is an unknown value
RSI=0x00007f0d35767070 is an unknown value
RDI=0x0000000000000001 is an unknown value
R8 =0x0000000000000000 is an unknown value
R9 =0x0000000000000000 is an unknown value
R10=0x000000000000088a is an unknown value
R11=0x00007f0d5d0b98a0: __sysconf+0 in /lib/x86_64-linux-gnu/libc.so.6 at 0x00007f0d5cfed000
R12=0x00007f0d35767048 is an unknown value
R13={method} {0x00007f0d1f89fe58} 'nffi_closure_free' '(J)V' in 'org/lwjgl/system/libffi/LibFFI'
R14=0x00007f0d1c3708b8 is pointing into the stack for thread: 0x00007f0c94002000
R15=0x00007f0c94002000 is a thread


Stack: [0x00007f0d1c271000,0x00007f0d1c372000],  sp=0x00007f0d1c3707e0,  free space=1021k
Native frames: (J=compiled Java code, j=interpreted, Vv=VM code, C=native code)
C  [libffi.so.6+0x45ca]  ffi_closure_free+0x49a

Java frames: (J=compiled Java code, j=interpreted, Vv=VM code)
j  org.lwjgl.system.libffi.LibFFI.nffi_closure_free(J)V+0
j  org.lwjgl.system.libffi.Closure.destroy()V+35
j  org.lwjgl.system.Retainable$Default.release()V+38
j  myutils.gui.opengl.AbstractOpenGLApplication.end()V+7
j  myutils.gui.opengl.AbstractOpenGLApplication.run()V+15
j  edu.hkcc.pacmanrobot.controller.gamecontroller.MiniMap$$anonfun$run$1.apply$mcV$sp()V+7
j  edu.hkcc.pacmanrobot.utils.Worker$$anon$1.run()V+4
j  java.lang.Thread.run()V+11
v  ~StubRoutines::call_stub

---------------  P R O C E S S  ---------------

Java Threads: ( => current thread )
=>0x00007f0c94002000 JavaThread "Thread-26" [_thread_in_native, id=29795, stack(0x00007f0d1c271000,0x00007f0d1c372000)]
  0x00007f0ca81a7000 JavaThread "TimerQueue" daemon [_thread_blocked, id=29789, stack(0x00007f0d1c673000,0x00007f0d1c774000)]
  0x00007f0ca8185000 JavaThread "Keep-Alive-Timer" daemon [_thread_blocked, id=29788, stack(0x00007f0d2c02e000,0x00007f0d2c12f000)]
  0x00007f0d5400e000 JavaThread "DestroyJavaVM" [_thread_blocked, id=29717, stack(0x00007f0d5d6c6000,0x00007f0d5d7c7000)]
  0x00007f0d54814000 JavaThread "AWT-EventQueue-0" [_thread_blocked, id=29776, stack(0x00007f0d2d45e000,0x00007f0d2d55f000)]
  0x00007f0d54812000 JavaThread "AWT-Shutdown" [_thread_blocked, id=29775, stack(0x00007f0d2d55f000,0x00007f0d2d660000)]
  0x00007f0d5480e000 JavaThread "AWT-XAWT" daemon [_thread_in_native, id=29774, stack(0x00007f0d2d660000,0x00007f0d2d761000)]
  0x00007f0d547f7000 JavaThread "Java2D Disposer" daemon [_thread_blocked, id=29773, stack(0x00007f0d2dd71000,0x00007f0d2de72000)]
  0x00007f0cdc019000 JavaThread "Thread-17" [_thread_blocked, id=29771, stack(0x00007f0d2e798000,0x00007f0d2e899000)]
  0x00007f0cb4003000 JavaThread "Thread-16" [_thread_in_Java, id=29770, stack(0x00007f0d2e99a000,0x00007f0d2ea9b000)]
  0x00007f0cc0002800 JavaThread "Thread-14" [_thread_blocked, id=29769, stack(0x00007f0d2e596000,0x00007f0d2e697000)]
  0x00007f0cc0001000 JavaThread "Thread-13" [_thread_blocked, id=29768, stack(0x00007f0d2e697000,0x00007f0d2e798000)]
  0x00007f0cc8001000 JavaThread "Thread-10" [_thread_in_native, id=29765, stack(0x00007f0d2e899000,0x00007f0d2e99a000)]
  0x00007f0cdc010000 JavaThread "Thread-3" [_thread_in_native, id=29763, stack(0x00007f0d2ea9b000,0x00007f0d2eb9c000)]
  0x00007f0cdc00e800 JavaThread "Thread-7" [_thread_in_native, id=29762, stack(0x00007f0d2eb9c000,0x00007f0d2ec9d000)]
  0x00007f0cdc00c800 JavaThread "Thread-6" [_thread_in_native, id=29761, stack(0x00007f0d2ec9d000,0x00007f0d2ed9e000)]
  0x00007f0cdc00b000 JavaThread "Thread-5" [_thread_in_native, id=29760, stack(0x00007f0d2ed9e000,0x00007f0d2ee9f000)]
  0x00007f0cdc009000 JavaThread "Thread-4" [_thread_in_native, id=29759, stack(0x00007f0d2ee9f000,0x00007f0d2efa0000)]
  0x00007f0cdc002800 JavaThread "Thread-8" [_thread_blocked, id=29758, stack(0x00007f0d340cf000,0x00007f0d341d0000)]
  0x00007f0d54779800 JavaThread "Thread-0" [_thread_blocked, id=29757, stack(0x00007f0d341d0000,0x00007f0d342d1000)]
  0x00007f0d545e6000 JavaThread "Monitor Ctrl-Break" daemon [_thread_in_native, id=29756, stack(0x00007f0d344e9000,0x00007f0d345ea000)]
  0x00007f0d545ce000 JavaThread "Service Thread" daemon [_thread_blocked, id=29754, stack(0x00007f0d348ed000,0x00007f0d349ee000)]
  0x00007f0d545c3000 JavaThread "C1 CompilerThread3" daemon [_thread_blocked, id=29753, stack(0x00007f0d349ee000,0x00007f0d34aef000)]
  0x00007f0d545c0800 JavaThread "C2 CompilerThread2" daemon [_thread_blocked, id=29752, stack(0x00007f0d34aef000,0x00007f0d34bf0000)]
  0x00007f0d545be800 JavaThread "C2 CompilerThread1" daemon [_thread_blocked, id=29751, stack(0x00007f0d34bf0000,0x00007f0d34cf1000)]
  0x00007f0d545ba000 JavaThread "C2 CompilerThread0" daemon [_thread_blocked, id=29750, stack(0x00007f0d34cf1000,0x00007f0d34df2000)]
  0x00007f0d541fd000 JavaThread "Signal Dispatcher" daemon [_thread_blocked, id=29743, stack(0x00007f0d35d02000,0x00007f0d35e03000)]
  0x00007f0d541d2800 JavaThread "Finalizer" daemon [_thread_blocked, id=29738, stack(0x00007f0d364e5000,0x00007f0d365e6000)]
  0x00007f0d541d0800 JavaThread "Reference Handler" daemon [_thread_blocked, id=29737, stack(0x00007f0d365e6000,0x00007f0d366e7000)]

Other Threads:
  0x00007f0d541cb000 VMThread [stack: 0x00007f0d366e7000,0x00007f0d367e8000] [id=29736]
  0x00007f0d545d0800 WatcherThread [stack: 0x00007f0d347ec000,0x00007f0d348ed000] [id=29755]

VM state:not at safepoint (normal execution)

VM Mutex/Monitor currently owned by a thread: None

Heap:
 PSYoungGen      total 75264K, used 19497K [0x000000076c980000, 0x0000000771d80000, 0x00000007c0000000)
  eden space 64512K, 30% used [0x000000076c980000,0x000000076dc8a498,0x0000000770880000)
  from space 10752K, 0% used [0x0000000771300000,0x0000000771300000,0x0000000771d80000)
  to   space 10752K, 0% used [0x0000000770880000,0x0000000770880000,0x0000000771300000)
 ParOldGen       total 70656K, used 6119K [0x00000006c5c00000, 0x00000006ca100000, 0x000000076c980000)
  object space 70656K, 8% used [0x00000006c5c00000,0x00000006c61f9ec8,0x00000006ca100000)
 Metaspace       used 23921K, capacity 24260K, committed 24448K, reserved 1071104K
  class space    used 2805K, capacity 2929K, committed 2944K, reserved 1048576K

Card table byte_map: [0x00007f0d593cd000,0x00007f0d59ba0000] byte_map_base: 0x00007f0d55d9f000

Marking Bits: (ParMarkBitMap*) 0x00007f0d5c994e80
 Begin Bits: [0x00007f0d102e0000, 0x00007f0d14170000)
 End Bits:   [0x00007f0d14170000, 0x00007f0d18000000)

Polling page: 0x00007f0d5d7e6000

CodeCache: size=245760Kb used=5607Kb max_used=5607Kb free=240152Kb
 bounds [0x00007f0d45000000, 0x00007f0d45580000, 0x00007f0d54000000]
 total_blobs=2605 nmethods=1755 adapters=764
 compilation: enabled

Compilation events (10 events):
Event: 6.611 Thread 0x00007f0d545c3000 1752       3       edu.hkcc.pacmanrobot.controller.gamecontroller.MiniMap$MiniMapRunnable::getXForOpenGL (34 bytes)
Event: 6.611 Thread 0x00007f0d545c3000 nmethod 1752 0x00007f0d455733d0 code [0x00007f0d455735a0, 0x00007f0d45573ad0]
Event: 6.611 Thread 0x00007f0d545c3000 1755       3       scala.runtime.ScalaRunTime$::array_apply (263 bytes)
Event: 6.613 Thread 0x00007f0d545c3000 nmethod 1755 0x00007f0d45573c90 code [0x00007f0d45574020, 0x00007f0d45576468]
Event: 6.613 Thread 0x00007f0d545c3000 1756       3       scala.runtime.ScalaRunTime$::array_update (256 bytes)
Event: 6.614 Thread 0x00007f0d545c3000 nmethod 1756 0x00007f0d45577a50 code [0x00007f0d45577e00, 0x00007f0d4557ae58]
Event: 6.614 Thread 0x00007f0d545c3000 1753       3       edu.hkcc.pacmanrobot.controller.gamecontroller.MiniMap$MiniMapRunnable::getYForOpenGL (34 bytes)
Event: 6.614 Thread 0x00007f0d545c3000 nmethod 1753 0x00007f0d4557c2d0 code [0x00007f0d4557c4a0, 0x00007f0d4557c9d0]
Event: 6.614 Thread 0x00007f0d545c3000 1757       3       sun.java2d.xr.XRUtils::j2dAlphaCompToXR (121 bytes)
Event: 6.615 Thread 0x00007f0d545c3000 nmethod 1757 0x00007f0d4557cb90 code [0x00007f0d4557cd80, 0x00007f0d4557d698]

GC Heap History (6 events):
Event: 0.869 GC heap before
{Heap before GC invocations=1 (full 0):
 PSYoungGen      total 75264K, used 64512K [0x000000076c980000, 0x0000000771d80000, 0x00000007c0000000)
  eden space 64512K, 100% used [0x000000076c980000,0x0000000770880000,0x0000000770880000)
  from space 10752K, 0% used [0x0000000771300000,0x0000000771300000,0x0000000771d80000)
  to   space 10752K, 0% used [0x0000000770880000,0x0000000770880000,0x0000000771300000)
 ParOldGen       total 172032K, used 0K [0x00000006c5c00000, 0x00000006d0400000, 0x000000076c980000)
  object space 172032K, 0% used [0x00000006c5c00000,0x00000006c5c00000,0x00000006d0400000)
 Metaspace       used 15715K, capacity 16000K, committed 16384K, reserved 1062912K
  class space    used 2063K, capacity 2181K, committed 2304K, reserved 1048576K
Event: 0.877 GC heap after
Heap after GC invocations=1 (full 0):
 PSYoungGen      total 75264K, used 7467K [0x000000076c980000, 0x0000000771d80000, 0x00000007c0000000)
  eden space 64512K, 0% used [0x000000076c980000,0x000000076c980000,0x0000000770880000)
  from space 10752K, 69% used [0x0000000770880000,0x0000000770fcac80,0x0000000771300000)
  to   space 10752K, 0% used [0x0000000771300000,0x0000000771300000,0x0000000771d80000)
 ParOldGen       total 172032K, used 8K [0x00000006c5c00000, 0x00000006d0400000, 0x000000076c980000)
  object space 172032K, 0% used [0x00000006c5c00000,0x00000006c5c02000,0x00000006d0400000)
 Metaspace       used 15715K, capacity 16000K, committed 16384K, reserved 1062912K
  class space    used 2063K, capacity 2181K, committed 2304K, reserved 1048576K
}
Event: 5.660 GC heap before
{Heap before GC invocations=2 (full 0):
 PSYoungGen      total 75264K, used 24299K [0x000000076c980000, 0x0000000771d80000, 0x00000007c0000000)
  eden space 64512K, 26% used [0x000000076c980000,0x000000076d9f00e0,0x0000000770880000)
  from space 10752K, 69% used [0x0000000770880000,0x0000000770fcac80,0x0000000771300000)
  to   space 10752K, 0% used [0x0000000771300000,0x0000000771300000,0x0000000771d80000)
 ParOldGen       total 172032K, used 8K [0x00000006c5c00000, 0x00000006d0400000, 0x000000076c980000)
  object space 172032K, 0% used [0x00000006c5c00000,0x00000006c5c02000,0x00000006d0400000)
 Metaspace       used 20772K, capacity 21060K, committed 21248K, reserved 1067008K
  class space    used 2686K, capacity 2801K, committed 2816K, reserved 1048576K
Event: 5.670 GC heap after
Heap after GC invocations=2 (full 0):
 PSYoungGen      total 75264K, used 6300K [0x000000076c980000, 0x0000000771d80000, 0x00000007c0000000)
  eden space 64512K, 0% used [0x000000076c980000,0x000000076c980000,0x0000000770880000)
  from space 10752K, 58% used [0x0000000771300000,0x0000000771927240,0x0000000771d80000)
  to   space 10752K, 0% used [0x0000000770880000,0x0000000770880000,0x0000000771300000)
 ParOldGen       total 172032K, used 24K [0x00000006c5c00000, 0x00000006d0400000, 0x000000076c980000)
  object space 172032K, 0% used [0x00000006c5c00000,0x00000006c5c06000,0x00000006d0400000)
 Metaspace       used 20772K, capacity 21060K, committed 21248K, reserved 1067008K
  class space    used 2686K, capacity 2801K, committed 2816K, reserved 1048576K
}
Event: 5.670 GC heap before
{Heap before GC invocations=3 (full 1):
 PSYoungGen      total 75264K, used 6300K [0x000000076c980000, 0x0000000771d80000, 0x00000007c0000000)
  eden space 64512K, 0% used [0x000000076c980000,0x000000076c980000,0x0000000770880000)
  from space 10752K, 58% used [0x0000000771300000,0x0000000771927240,0x0000000771d80000)
  to   space 10752K, 0% used [0x0000000770880000,0x0000000770880000,0x0000000771300000)
 ParOldGen       total 172032K, used 24K [0x00000006c5c00000, 0x00000006d0400000, 0x000000076c980000)
  object space 172032K, 0% used [0x00000006c5c00000,0x00000006c5c06000,0x00000006d0400000)
 Metaspace       used 20772K, capacity 21060K, committed 21248K, reserved 1067008K
  class space    used 2686K, capacity 2801K, committed 2816K, reserved 1048576K
Event: 5.693 GC heap after
Heap after GC invocations=3 (full 1):
 PSYoungGen      total 75264K, used 0K [0x000000076c980000, 0x0000000771d80000, 0x00000007c0000000)
  eden space 64512K, 0% used [0x000000076c980000,0x000000076c980000,0x0000000770880000)
  from space 10752K, 0% used [0x0000000771300000,0x0000000771300000,0x0000000771d80000)
  to   space 10752K, 0% used [0x0000000770880000,0x0000000770880000,0x0000000771300000)
 ParOldGen       total 70656K, used 6119K [0x00000006c5c00000, 0x00000006ca100000, 0x000000076c980000)
  object space 70656K, 8% used [0x00000006c5c00000,0x00000006c61f9ec8,0x00000006ca100000)
 Metaspace       used 20772K, capacity 21060K, committed 21248K, reserved 1067008K
  class space    used 2686K, capacity 2801K, committed 2816K, reserved 1048576K
}

Deoptimization events (10 events):
Event: 0.822 Thread 0x00007f0d54814000 Uncommon trap: reason=class_check action=maybe_recompile pc=0x00007f0d452b52fc method=java.util.Properties$LineReader.readLine()I @ 62
Event: 0.830 Thread 0x00007f0d54814000 Uncommon trap: reason=unstable_if action=reinterpret pc=0x00007f0d453a1d3c method=java.util.Properties$LineReader.readLine()I @ 206
Event: 0.830 Thread 0x00007f0d54814000 Uncommon trap: reason=unstable_if action=reinterpret pc=0x00007f0d452b503c method=java.util.Properties$LineReader.readLine()I @ 206
Event: 0.859 Thread 0x00007f0d54814000 Uncommon trap: reason=unstable_if action=reinterpret pc=0x00007f0d4538c55c method=java.io.ByteArrayInputStream.read([BII)I @ 63
Event: 0.930 Thread 0x00007f0d54814000 Uncommon trap: reason=unstable_if action=reinterpret pc=0x00007f0d4531885c method=java.lang.CharacterDataLatin1.digit(II)I @ 82
Event: 1.424 Thread 0x00007f0d54814000 Uncommon trap: reason=unstable_if action=reinterpret pc=0x00007f0d453cc374 method=java.lang.String.toLowerCase(Ljava/util/Locale;)Ljava/lang/String; @ 226
Event: 2.431 Thread 0x00007f0d54814000 Uncommon trap: reason=class_check action=maybe_recompile pc=0x00007f0d4519ee18 method=java.lang.String.equals(Ljava/lang/Object;)Z @ 8
Event: 2.431 Thread 0x00007f0d54814000 Uncommon trap: reason=class_check action=maybe_recompile pc=0x00007f0d4519ee18 method=java.lang.String.equals(Ljava/lang/Object;)Z @ 8
Event: 2.431 Thread 0x00007f0d54814000 Uncommon trap: reason=class_check action=maybe_recompile pc=0x00007f0d4519ee18 method=java.lang.String.equals(Ljava/lang/Object;)Z @ 8
Event: 2.431 Thread 0x00007f0d54814000 Uncommon trap: reason=class_check action=maybe_recompile pc=0x00007f0d4519ee18 method=java.lang.String.equals(Ljava/lang/Object;)Z @ 8

Internal exceptions (10 events):
Event: 0.116 Thread 0x00007f0d5400e000 Exception <a 'java/security/PrivilegedActionException'> (0x000000076d13aff8) thrown at [/build/buildd/openjdk-8-8u45-b14/src/hotspot/src/share/vm/prims/jvm.cpp, line 1382]
Event: 0.116 Thread 0x00007f0d5400e000 Exception <a 'java/security/PrivilegedActionException'> (0x000000076d13b340) thrown at [/build/buildd/openjdk-8-8u45-b14/src/hotspot/src/share/vm/prims/jvm.cpp, line 1382]
Event: 0.305 Thread 0x00007f0d5400e000 Exception <a 'java/io/FileNotFoundException'> (0x000000076e1164a0) thrown at [/build/buildd/openjdk-8-8u45-b14/src/hotspot/src/share/vm/prims/jni.cpp, line 709]
Event: 0.319 Thread 0x00007f0d5400e000 Exception <a 'java/lang/ClassNotFoundException': sun/dc/DuctusRenderingEngine> (0x000000076e17db08) thrown at [/build/buildd/openjdk-8-8u45-b14/src/hotspot/src/share/vm/classfile/systemDictionary.cpp, line 210]
Event: 0.414 Thread 0x00007f0d5400e000 Exception <a 'java/lang/NoSuchFieldError': method resolution failed> (0x000000076f145a38) thrown at [/build/buildd/openjdk-8-8u45-b14/src/hotspot/src/share/vm/prims/methodHandles.cpp, line 1125]
Event: 0.416 Thread 0x00007f0d5400e000 Exception <a 'java/lang/NoSuchFieldError': method resolution failed> (0x000000076f154c68) thrown at [/build/buildd/openjdk-8-8u45-b14/src/hotspot/src/share/vm/prims/methodHandles.cpp, line 1125]
Event: 0.524 Thread 0x00007f0d54814000 Implicit null exception at 0x00007f0d451e2635 to 0x00007f0d451e29a5
Event: 0.525 Thread 0x00007f0d54814000 Implicit null exception at 0x00007f0d451be8b5 to 0x00007f0d451bec11
Event: 0.802 Thread 0x00007f0d54814000 Exception <a 'java/lang/reflect/InvocationTargetException'> (0x00000007705fbd88) thrown at [/build/buildd/openjdk-8-8u45-b14/src/hotspot/src/share/vm/runtime/reflection.cpp, line 1080]
Event: 6.610 Thread 0x00007f0c94002000 Exception <a 'java/lang/NoSuchMethodError': scala.Predef$.$conforms()Lscala/Predef$$less$colon$less;> (0x000000076dc698a0) thrown at [/build/buildd/openjdk-8-8u45-b14/src/hotspot/src/share/vm/interpreter/linkResolver.cpp, line 582]

Events (10 events):
Event: 6.604 loading class org/lwjgl/system/linux/opengl/LinuxGLContext$MakeCurrentActionARB
Event: 6.604 loading class org/lwjgl/system/linux/opengl/LinuxGLContext$MakeCurrentActionARB done
Event: 6.605 loading class edu/hkcc/pacmanrobot/utils/Point2D
Event: 6.605 loading class edu/hkcc/pacmanrobot/utils/Point2D done
Event: 6.605 loading class edu/hkcc/pacmanrobot/utils/Utils$$anon$1
Event: 6.605 loading class edu/hkcc/pacmanrobot/utils/Utils$$anon$1 done
Event: 6.606 loading class edu/hkcc/pacmanrobot/controller/gamecontroller/MiniMap$MiniMapRunnable$$anon$1
Event: 6.606 loading class edu/hkcc/pacmanrobot/controller/gamecontroller/MiniMap$MiniMapRunnable$$anon$1 done
Event: 6.607 loading class edu/hkcc/pacmanrobot/controller/gamecontroller/MiniMap$MiniMapRunnable$OpenglObstacle
Event: 6.607 loading class edu/hkcc/pacmanrobot/controller/gamecontroller/MiniMap$MiniMapRunnable$OpenglObstacle done


Dynamic libraries:
00400000-00401000 r-xp 00000000 fc:02 2238569                            /usr/lib/jvm/java-8-openjdk-amd64/jre/bin/java
00600000-00601000 r--p 00000000 fc:02 2238569                            /usr/lib/jvm/java-8-openjdk-amd64/jre/bin/java
00601000-00602000 rw-p 00001000 fc:02 2238569                            /usr/lib/jvm/java-8-openjdk-amd64/jre/bin/java
01abb000-01adc000 rw-p 00000000 00:00 0                                  [heap]
6c5c00000-6ca100000 rw-p 00000000 00:00 0 
6ca100000-76c980000 ---p 00000000 00:00 0 
76c980000-771d80000 rw-p 00000000 00:00 0 
771d80000-7c0000000 ---p 00000000 00:00 0 
7c0000000-7c02e0000 rw-p 00000000 00:00 0 
7c02e0000-800000000 ---p 00000000 00:00 0 
7f0c907a7000-7f0c908a7000 rw-p 00000000 00:00 0 
7f0c908a7000-7f0c909a7000 ---p 00000000 00:00 0 
7f0c909a7000-7f0c909de000 r-xp 00000000 fc:02 2108338                    /usr/lib/x86_64-linux-gnu/libtxc_dxtn_s2tc.so.0.0.0
7f0c909de000-7f0c90bdd000 ---p 00037000 fc:02 2108338                    /usr/lib/x86_64-linux-gnu/libtxc_dxtn_s2tc.so.0.0.0
7f0c90bdd000-7f0c90bde000 r--p 00036000 fc:02 2108338                    /usr/lib/x86_64-linux-gnu/libtxc_dxtn_s2tc.so.0.0.0
7f0c90bde000-7f0c90bdf000 rw-p 00037000 fc:02 2108338                    /usr/lib/x86_64-linux-gnu/libtxc_dxtn_s2tc.so.0.0.0
7f0c90bdf000-7f0c90c04000 r-xp 00000000 fc:02 1053251                    /lib/x86_64-linux-gnu/libtinfo.so.5.9
7f0c90c04000-7f0c90e03000 ---p 00025000 fc:02 1053251                    /lib/x86_64-linux-gnu/libtinfo.so.5.9
7f0c90e03000-7f0c90e07000 r--p 00024000 fc:02 1053251                    /lib/x86_64-linux-gnu/libtinfo.so.5.9
7f0c90e07000-7f0c90e08000 rw-p 00028000 fc:02 1053251                    /lib/x86_64-linux-gnu/libtinfo.so.5.9
7f0c90e08000-7f0c90e3b000 r-xp 00000000 fc:02 2107580                    /usr/lib/x86_64-linux-gnu/libedit.so.2.0.51
7f0c90e3b000-7f0c9103b000 ---p 00033000 fc:02 2107580                    /usr/lib/x86_64-linux-gnu/libedit.so.2.0.51
7f0c9103b000-7f0c9103d000 r--p 00033000 fc:02 2107580                    /usr/lib/x86_64-linux-gnu/libedit.so.2.0.51
7f0c9103d000-7f0c9103e000 rw-p 00035000 fc:02 2107580                    /usr/lib/x86_64-linux-gnu/libedit.so.2.0.51
7f0c9103e000-7f0c91042000 rw-p 00000000 00:00 0 
7f0c91042000-7f0c92deb000 r-xp 00000000 fc:02 2107172                    /usr/lib/x86_64-linux-gnu/libLLVM-3.6.so.1
7f0c92deb000-7f0c92dec000 ---p 01da9000 fc:02 2107172                    /usr/lib/x86_64-linux-gnu/libLLVM-3.6.so.1
7f0c92dec000-7f0c93008000 r--p 01da9000 fc:02 2107172                    /usr/lib/x86_64-linux-gnu/libLLVM-3.6.so.1
7f0c93008000-7f0c9300e000 rw-p 01fc5000 fc:02 2107172                    /usr/lib/x86_64-linux-gnu/libLLVM-3.6.so.1
7f0c9300e000-7f0c93024000 rw-p 00000000 00:00 0 
7f0c93024000-7f0c93039000 r-xp 00000000 fc:02 2107581                    /usr/lib/x86_64-linux-gnu/libelf-0.160.so
7f0c93039000-7f0c93238000 ---p 00015000 fc:02 2107581                    /usr/lib/x86_64-linux-gnu/libelf-0.160.so
7f0c93238000-7f0c93239000 r--p 00014000 fc:02 2107581                    /usr/lib/x86_64-linux-gnu/libelf-0.160.so
7f0c93239000-7f0c9323a000 rw-p 00015000 fc:02 2107581                    /usr/lib/x86_64-linux-gnu/libelf-0.160.so
7f0c9323a000-7f0c93246000 r-xp 00000000 fc:02 2107576                    /usr/lib/x86_64-linux-gnu/libdrm_radeon.so.1.0.1
7f0c93246000-7f0c93445000 ---p 0000c000 fc:02 2107576                    /usr/lib/x86_64-linux-gnu/libdrm_radeon.so.1.0.1
7f0c93445000-7f0c93446000 r--p 0000b000 fc:02 2107576                    /usr/lib/x86_64-linux-gnu/libdrm_radeon.so.1.0.1
7f0c93446000-7f0c93447000 rw-p 0000c000 fc:02 2107576                    /usr/lib/x86_64-linux-gnu/libdrm_radeon.so.1.0.1
7f0c93447000-7f0c93bb8000 r-xp 00000000 fc:02 2361022                    /usr/lib/x86_64-linux-gnu/dri/nouveau_dri.so
7f0c93bb8000-7f0c93db8000 ---p 00771000 fc:02 2361022                    /usr/lib/x86_64-linux-gnu/dri/nouveau_dri.so
7f0c93db8000-7f0c93e0f000 r--p 00771000 fc:02 2361022                    /usr/lib/x86_64-linux-gnu/dri/nouveau_dri.so
7f0c93e0f000-7f0c93e1b000 rw-p 007c8000 fc:02 2361022                    /usr/lib/x86_64-linux-gnu/dri/nouveau_dri.so
7f0c93e1b000-7f0c94000000 rw-p 00000000 00:00 0 
7f0c94000000-7f0c94021000 rw-p 00000000 00:00 0 
7f0c94021000-7f0c98000000 ---p 00000000 00:00 0 
7f0c98000000-7f0c9821b000 rw-p 00000000 00:00 0 
7f0c9821b000-7f0c9c000000 ---p 00000000 00:00 0 
7f0c9c000000-7f0c9c021000 rw-p 00000000 00:00 0 
7f0c9c021000-7f0ca0000000 ---p 00000000 00:00 0 
7f0ca0000000-7f0ca0021000 rw-p 00000000 00:00 0 
7f0ca0021000-7f0ca4000000 ---p 00000000 00:00 0 
7f0ca4000000-7f0ca4021000 rw-p 00000000 00:00 0 
7f0ca4021000-7f0ca8000000 ---p 00000000 00:00 0 
7f0ca8000000-7f0ca8201000 rw-p 00000000 00:00 0 
7f0ca8201000-7f0cac000000 ---p 00000000 00:00 0 
7f0cac000000-7f0cac021000 rw-p 00000000 00:00 0 
7f0cac021000-7f0cb0000000 ---p 00000000 00:00 0 
7f0cb0000000-7f0cb0036000 rw-p 00000000 00:00 0 
7f0cb0036000-7f0cb4000000 ---p 00000000 00:00 0 
7f0cb4000000-7f0cb4021000 rw-p 00000000 00:00 0 
7f0cb4021000-7f0cb8000000 ---p 00000000 00:00 0 
7f0cb8000000-7f0cb828a000 rw-p 00000000 00:00 0 
7f0cb828a000-7f0cbc000000 ---p 00000000 00:00 0 
7f0cbc000000-7f0cbc021000 rw-p 00000000 00:00 0 
7f0cbc021000-7f0cc0000000 ---p 00000000 00:00 0 
7f0cc0000000-7f0cc027f000 rw-p 00000000 00:00 0 
7f0cc027f000-7f0cc4000000 ---p 00000000 00:00 0 
7f0cc4000000-7f0cc4021000 rw-p 00000000 00:00 0 
7f0cc4021000-7f0cc8000000 ---p 00000000 00:00 0 
7f0cc8000000-7f0cc8021000 rw-p 00000000 00:00 0 
7f0cc8021000-7f0ccc000000 ---p 00000000 00:00 0 
7f0ccc000000-7f0ccc021000 rw-p 00000000 00:00 0 
7f0ccc021000-7f0cd0000000 ---p 00000000 00:00 0 
7f0cd0000000-7f0cd0021000 rw-p 00000000 00:00 0 
7f0cd0021000-7f0cd4000000 ---p 00000000 00:00 0 
7f0cd4000000-7f0cd4021000 rw-p 00000000 00:00 0 
7f0cd4021000-7f0cd8000000 ---p 00000000 00:00 0 
7f0cd8000000-7f0cd8021000 rw-p 00000000 00:00 0 
7f0cd8021000-7f0cdc000000 ---p 00000000 00:00 0 
7f0cdc000000-7f0cdc021000 rw-p 00000000 00:00 0 
7f0cdc021000-7f0ce0000000 ---p 00000000 00:00 0 
7f0ce0000000-7f0ce0021000 rw-p 00000000 00:00 0 
7f0ce0021000-7f0ce4000000 ---p 00000000 00:00 0 
7f0ce4000000-7f0ce4021000 rw-p 00000000 00:00 0 
7f0ce4021000-7f0ce8000000 ---p 00000000 00:00 0 
7f0ce8000000-7f0ce8021000 rw-p 00000000 00:00 0 
7f0ce8021000-7f0cec000000 ---p 00000000 00:00 0 
7f0cec000000-7f0cec1f6000 rw-p 00000000 00:00 0 
7f0cec1f6000-7f0cf0000000 ---p 00000000 00:00 0 
7f0cf0000000-7f0cf0021000 rw-p 00000000 00:00 0 
7f0cf0021000-7f0cf4000000 ---p 00000000 00:00 0 
7f0cf4000000-7f0cf42d6000 rw-p 00000000 00:00 0 
7f0cf42d6000-7f0cf8000000 ---p 00000000 00:00 0 
7f0cf8000000-7f0cf82c6000 rw-p 00000000 00:00 0 
7f0cf82c6000-7f0cfc000000 ---p 00000000 00:00 0 
7f0cfc000000-7f0cfc021000 rw-p 00000000 00:00 0 
7f0cfc021000-7f0d00000000 ---p 00000000 00:00 0 
7f0d00000000-7f0d0030d000 rw-p 00000000 00:00 0 
7f0d0030d000-7f0d04000000 ---p 00000000 00:00 0 
7f0d04000000-7f0d04021000 rw-p 00000000 00:00 0 
7f0d04021000-7f0d08000000 ---p 00000000 00:00 0 
7f0d08000000-7f0d08021000 rw-p 00000000 00:00 0 
7f0d08021000-7f0d0c000000 ---p 00000000 00:00 0 
7f0d0c000000-7f0d0c02b000 rw-p 00000000 00:00 0 
7f0d0c02b000-7f0d10000000 ---p 00000000 00:00 0 
7f0d100d9000-7f0d100df000 r-xp 00000000 fc:02 2107574                    /usr/lib/x86_64-linux-gnu/libdrm_nouveau.so.2.0.0
7f0d100df000-7f0d102de000 ---p 00006000 fc:02 2107574                    /usr/lib/x86_64-linux-gnu/libdrm_nouveau.so.2.0.0
7f0d102de000-7f0d102df000 r--p 00005000 fc:02 2107574                    /usr/lib/x86_64-linux-gnu/libdrm_nouveau.so.2.0.0
7f0d102df000-7f0d102e0000 rw-p 00006000 fc:02 2107574                    /usr/lib/x86_64-linux-gnu/libdrm_nouveau.so.2.0.0
7f0d102e0000-7f0d18000000 rw-p 00000000 00:00 0 
7f0d18000000-7f0d18021000 rw-p 00000000 00:00 0 
7f0d18021000-7f0d1c000000 ---p 00000000 00:00 0 
7f0d1c05e000-7f0d1c070000 r-xp 00000000 fc:02 1053253                    /lib/x86_64-linux-gnu/libudev.so.1.6.2
7f0d1c070000-7f0d1c26f000 ---p 00012000 fc:02 1053253                    /lib/x86_64-linux-gnu/libudev.so.1.6.2
7f0d1c26f000-7f0d1c270000 r--p 00011000 fc:02 1053253                    /lib/x86_64-linux-gnu/libudev.so.1.6.2
7f0d1c270000-7f0d1c271000 rw-p 00012000 fc:02 1053253                    /lib/x86_64-linux-gnu/libudev.so.1.6.2
7f0d1c271000-7f0d1c274000 ---p 00000000 00:00 0 
7f0d1c274000-7f0d1c572000 rw-p 00000000 00:00 0                          [stack:29795]
7f0d1c572000-7f0d1c575000 ---p 00000000 00:00 0 
7f0d1c575000-7f0d1c673000 rw-p 00000000 00:00 0 
7f0d1c673000-7f0d1c676000 ---p 00000000 00:00 0 
7f0d1c676000-7f0d1c974000 rw-p 00000000 00:00 0                          [stack:29789]
7f0d1c974000-7f0d1cb74000 rw-p 00000000 00:00 0 
7f0d1cb74000-7f0d1cb79000 r-xp 00000000 fc:02 1053178                    /lib/x86_64-linux-gnu/libnss_dns-2.21.so
7f0d1cb79000-7f0d1cd78000 ---p 00005000 fc:02 1053178                    /lib/x86_64-linux-gnu/libnss_dns-2.21.so
7f0d1cd78000-7f0d1cd79000 r--p 00004000 fc:02 1053178                    /lib/x86_64-linux-gnu/libnss_dns-2.21.so
7f0d1cd79000-7f0d1cd7a000 rw-p 00005000 fc:02 1053178                    /lib/x86_64-linux-gnu/libnss_dns-2.21.so
7f0d1cd7a000-7f0d1cd7c000 r-xp 00000000 fc:02 1053186                    /lib/x86_64-linux-gnu/libnss_mdns4_minimal.so.2
7f0d1cd7c000-7f0d1cf7b000 ---p 00002000 fc:02 1053186                    /lib/x86_64-linux-gnu/libnss_mdns4_minimal.so.2
7f0d1cf7b000-7f0d1cf7c000 r--p 00001000 fc:02 1053186                    /lib/x86_64-linux-gnu/libnss_mdns4_minimal.so.2
7f0d1cf7c000-7f0d1cf7d000 rw-p 00002000 fc:02 1053186                    /lib/x86_64-linux-gnu/libnss_mdns4_minimal.so.2
7f0d1cf7d000-7f0d1d17d000 rw-p 00000000 00:00 0 
7f0d1d17d000-7f0d1d1a5000 r-xp 00000000 fc:02 2238512                    /usr/lib/jvm/java-8-openjdk-amd64/jre/lib/amd64/libsunec.so
7f0d1d1a5000-7f0d1d3a5000 ---p 00028000 fc:02 2238512                    /usr/lib/jvm/java-8-openjdk-amd64/jre/lib/amd64/libsunec.so
7f0d1d3a5000-7f0d1d3a9000 r--p 00028000 fc:02 2238512                    /usr/lib/jvm/java-8-openjdk-amd64/jre/lib/amd64/libsunec.so
7f0d1d3a9000-7f0d1d3ab000 rw-p 0002c000 fc:02 2238512                    /usr/lib/jvm/java-8-openjdk-amd64/jre/lib/amd64/libsunec.so
7f0d1d3ab000-7f0d1d3b7000 r-xp 00000000 fc:02 2107570                    /usr/lib/x86_64-linux-gnu/libdrm.so.2.4.0
7f0d1d3b7000-7f0d1d5b6000 ---p 0000c000 fc:02 2107570                    /usr/lib/x86_64-linux-gnu/libdrm.so.2.4.0
7f0d1d5b6000-7f0d1d5b7000 r--p 0000b000 fc:02 2107570                    /usr/lib/x86_64-linux-gnu/libdrm.so.2.4.0
7f0d1d5b7000-7f0d1d5b8000 rw-p 0000c000 fc:02 2107570                    /usr/lib/x86_64-linux-gnu/libdrm.so.2.4.0
7f0d1d5b8000-7f0d1d5b9000 r-xp 00000000 fc:02 2108509                    /usr/lib/x86_64-linux-gnu/libxshmfence.so.1.0.0
7f0d1d5b9000-7f0d1d7b8000 ---p 00001000 fc:02 2108509                    /usr/lib/x86_64-linux-gnu/libxshmfence.so.1.0.0
7f0d1d7b8000-7f0d1d7b9000 r--p 00000000 fc:02 2108509                    /usr/lib/x86_64-linux-gnu/libxshmfence.so.1.0.0
7f0d1d7b9000-7f0d1d7ba000 rw-p 00001000 fc:02 2108509                    /usr/lib/x86_64-linux-gnu/libxshmfence.so.1.0.0
7f0d1d7ba000-7f0d1d7bf000 r-xp 00000000 fc:02 2108491                    /usr/lib/x86_64-linux-gnu/libxcb-sync.so.1.0.0
7f0d1d7bf000-7f0d1d9be000 ---p 00005000 fc:02 2108491                    /usr/lib/x86_64-linux-gnu/libxcb-sync.so.1.0.0
7f0d1d9be000-7f0d1d9bf000 r--p 00004000 fc:02 2108491                    /usr/lib/x86_64-linux-gnu/libxcb-sync.so.1.0.0
7f0d1d9bf000-7f0d1d9c0000 rw-p 00005000 fc:02 2108491                    /usr/lib/x86_64-linux-gnu/libxcb-sync.so.1.0.0
7f0d1d9c0000-7f0d1d9c2000 r-xp 00000000 fc:02 2108479                    /usr/lib/x86_64-linux-gnu/libxcb-present.so.0.0.0
7f0d1d9c2000-7f0d1dbc1000 ---p 00002000 fc:02 2108479                    /usr/lib/x86_64-linux-gnu/libxcb-present.so.0.0.0
7f0d1dbc1000-7f0d1dbc2000 r--p 00001000 fc:02 2108479                    /usr/lib/x86_64-linux-gnu/libxcb-present.so.0.0.0
7f0d1dbc2000-7f0d1dbc3000 rw-p 00002000 fc:02 2108479                    /usr/lib/x86_64-linux-gnu/libxcb-present.so.0.0.0
7f0d1dbc3000-7f0d1dbc5000 r-xp 00000000 fc:02 2108469                    /usr/lib/x86_64-linux-gnu/libxcb-dri3.so.0.0.0
7f0d1dbc5000-7f0d1ddc4000 ---p 00002000 fc:02 2108469                    /usr/lib/x86_64-linux-gnu/libxcb-dri3.so.0.0.0
7f0d1ddc4000-7f0d1ddc5000 r--p 00001000 fc:02 2108469                    /usr/lib/x86_64-linux-gnu/libxcb-dri3.so.0.0.0
7f0d1ddc5000-7f0d1ddc6000 rw-p 00002000 fc:02 2108469                    /usr/lib/x86_64-linux-gnu/libxcb-dri3.so.0.0.0
7f0d1ddc6000-7f0d1ddc9000 r-xp 00000000 fc:02 2108467                    /usr/lib/x86_64-linux-gnu/libxcb-dri2.so.0.0.0
7f0d1ddc9000-7f0d1dfc9000 ---p 00003000 fc:02 2108467                    /usr/lib/x86_64-linux-gnu/libxcb-dri2.so.0.0.0
7f0d1dfc9000-7f0d1dfca000 r--p 00003000 fc:02 2108467                    /usr/lib/x86_64-linux-gnu/libxcb-dri2.so.0.0.0
7f0d1dfca000-7f0d1dfcb000 rw-p 00004000 fc:02 2108467                    /usr/lib/x86_64-linux-gnu/libxcb-dri2.so.0.0.0
7f0d1dfcb000-7f0d1dfe0000 r-xp 00000000 fc:02 2108471                    /usr/lib/x86_64-linux-gnu/libxcb-glx.so.0.0.0
7f0d1dfe0000-7f0d1e1df000 ---p 00015000 fc:02 2108471                    /usr/lib/x86_64-linux-gnu/libxcb-glx.so.0.0.0
7f0d1e1df000-7f0d1e1e1000 r--p 00014000 fc:02 2108471                    /usr/lib/x86_64-linux-gnu/libxcb-glx.so.0.0.0
7f0d1e1e1000-7f0d1e1e2000 rw-p 00016000 fc:02 2108471                    /usr/lib/x86_64-linux-gnu/libxcb-glx.so.0.0.0
7f0d1e1e2000-7f0d1e1e3000 r-xp 00000000 fc:02 2107295                    /usr/lib/x86_64-linux-gnu/libX11-xcb.so.1.0.0
7f0d1e1e3000-7f0d1e3e2000 ---p 00001000 fc:02 2107295                    /usr/lib/x86_64-linux-gnu/libX11-xcb.so.1.0.0
7f0d1e3e2000-7f0d1e3e3000 r--p 00000000 fc:02 2107295                    /usr/lib/x86_64-linux-gnu/libX11-xcb.so.1.0.0
7f0d1e3e3000-7f0d1e3e4000 rw-p 00001000 fc:02 2107295                    /usr/lib/x86_64-linux-gnu/libX11-xcb.so.1.0.0
7f0d1e3e4000-7f0d1e3e6000 r-xp 00000000 fc:02 2107310                    /usr/lib/x86_64-linux-gnu/libXdamage.so.1.1.0
7f0d1e3e6000-7f0d1e5e5000 ---p 00002000 fc:02 2107310                    /usr/lib/x86_64-linux-gnu/libXdamage.so.1.1.0
7f0d1e5e5000-7f0d1e5e6000 r--p 00001000 fc:02 2107310                    /usr/lib/x86_64-linux-gnu/libXdamage.so.1.1.0
7f0d1e5e6000-7f0d1e5e7000 rw-p 00002000 fc:02 2107310                    /usr/lib/x86_64-linux-gnu/libXdamage.so.1.1.0
7f0d1e5e7000-7f0d1e60c000 r-xp 00000000 fc:02 2107729                    /usr/lib/x86_64-linux-gnu/libglapi.so.0.0.0
7f0d1e60c000-7f0d1e80c000 ---p 00025000 fc:02 2107729                    /usr/lib/x86_64-linux-gnu/libglapi.so.0.0.0
7f0d1e80c000-7f0d1e80f000 r--p 00025000 fc:02 2107729                    /usr/lib/x86_64-linux-gnu/libglapi.so.0.0.0
7f0d1e80f000-7f0d1e810000 rw-p 00028000 fc:02 2107729                    /usr/lib/x86_64-linux-gnu/libglapi.so.0.0.0
7f0d1e810000-7f0d1e811000 rw-p 00000000 00:00 0 
7f0d1e811000-7f0d1e837000 r-xp 00000000 fc:02 1053118                    /lib/x86_64-linux-gnu/libexpat.so.1.6.0
7f0d1e837000-7f0d1ea36000 ---p 00026000 fc:02 1053118                    /lib/x86_64-linux-gnu/libexpat.so.1.6.0
7f0d1ea36000-7f0d1ea39000 r--p 00025000 fc:02 1053118                    /lib/x86_64-linux-gnu/libexpat.so.1.6.0
7f0d1ea39000-7f0d1ea3a000 rw-p 00028000 fc:02 1053118                    /lib/x86_64-linux-gnu/libexpat.so.1.6.0
7f0d1ea3a000-7f0d1ea3c000 r-xp 00000000 fc:02 2107324                    /usr/lib/x86_64-linux-gnu/libXinerama.so.1.0.0
7f0d1ea3c000-7f0d1ec3b000 ---p 00002000 fc:02 2107324                    /usr/lib/x86_64-linux-gnu/libXinerama.so.1.0.0
7f0d1ec3b000-7f0d1ec3c000 r--p 00001000 fc:02 2107324                    /usr/lib/x86_64-linux-gnu/libXinerama.so.1.0.0
7f0d1ec3c000-7f0d1ec3d000 rw-p 00002000 fc:02 2107324                    /usr/lib/x86_64-linux-gnu/libXinerama.so.1.0.0
7f0d1ec3d000-7f0d1ec41000 r-xp 00000000 fc:02 2107352                    /usr/lib/x86_64-linux-gnu/libXxf86vm.so.1.0.0
7f0d1ec41000-7f0d1ee41000 ---p 00004000 fc:02 2107352                    /usr/lib/x86_64-linux-gnu/libXxf86vm.so.1.0.0
7f0d1ee41000-7f0d1ee42000 r--p 00004000 fc:02 2107352                    /usr/lib/x86_64-linux-gnu/libXxf86vm.so.1.0.0
7f0d1ee42000-7f0d1ee43000 rw-p 00005000 fc:02 2107352                    /usr/lib/x86_64-linux-gnu/libXxf86vm.so.1.0.0
7f0d1ee43000-7f0d1ee4c000 r-xp 00000000 fc:02 2107334                    /usr/lib/x86_64-linux-gnu/libXrandr.so.2.2.0
7f0d1ee4c000-7f0d1f04b000 ---p 00009000 fc:02 2107334                    /usr/lib/x86_64-linux-gnu/libXrandr.so.2.2.0
7f0d1f04b000-7f0d1f04c000 r--p 00008000 fc:02 2107334                    /usr/lib/x86_64-linux-gnu/libXrandr.so.2.2.0
7f0d1f04c000-7f0d1f04d000 rw-p 00009000 fc:02 2107334                    /usr/lib/x86_64-linux-gnu/libXrandr.so.2.2.0
7f0d1f04d000-7f0d1f0e5000 r-xp 00000000 fc:02 2362522                    /usr/lib/x86_64-linux-gnu/mesa/libGL.so.1.2.0
7f0d1f0e5000-7f0d1f2e4000 ---p 00098000 fc:02 2362522                    /usr/lib/x86_64-linux-gnu/mesa/libGL.so.1.2.0
7f0d1f2e4000-7f0d1f2e7000 r--p 00097000 fc:02 2362522                    /usr/lib/x86_64-linux-gnu/mesa/libGL.so.1.2.0
7f0d1f2e7000-7f0d1f2e8000 rw-p 0009a000 fc:02 2362522                    /usr/lib/x86_64-linux-gnu/mesa/libGL.so.1.2.0
7f0d1f2e8000-7f0d1f2e9000 rw-p 00000000 00:00 0 
7f0d1f2e9000-7f0d1f35b000 r-xp 00000000 fc:01 13763062                   /home/beenotung/git/workspace/hkcc-pacman-robot/lib/lwjgl3/native/linux/x64/liblwjgl.so
7f0d1f35b000-7f0d1f55a000 ---p 00072000 fc:01 13763062                   /home/beenotung/git/workspace/hkcc-pacman-robot/lib/lwjgl3/native/linux/x64/liblwjgl.so
7f0d1f55a000-7f0d1f55b000 r--p 00071000 fc:01 13763062                   /home/beenotung/git/workspace/hkcc-pacman-robot/lib/lwjgl3/native/linux/x64/liblwjgl.so
7f0d1f55b000-7f0d1f55c000 rw-p 00072000 fc:01 13763062                   /home/beenotung/git/workspace/hkcc-pacman-robot/lib/lwjgl3/native/linux/x64/liblwjgl.so
7f0d1f55c000-7f0d1f55d000 rw-p 00000000 00:00 0 
7f0d1f55d000-7f0d1f56e000 r-xp 00000000 fc:02 2238511                    /usr/lib/jvm/java-8-openjdk-amd64/jre/lib/amd64/libnio.so
7f0d1f56e000-7f0d1f76d000 ---p 00011000 fc:02 2238511                    /usr/lib/jvm/java-8-openjdk-amd64/jre/lib/amd64/libnio.so
7f0d1f76d000-7f0d1f76e000 r--p 00010000 fc:02 2238511                    /usr/lib/jvm/java-8-openjdk-amd64/jre/lib/amd64/libnio.so
7f0d1f76e000-7f0d1f76f000 rw-p 00011000 fc:02 2238511                    /usr/lib/jvm/java-8-openjdk-amd64/jre/lib/amd64/libnio.so
7f0d1f76f000-7f0d1f96f000 rw-p 00000000 00:00 0 
7f0d1f96f000-7f0d1f9db000 r-xp 00000000 fc:02 1053210                    /lib/x86_64-linux-gnu/libpcre.so.3.13.1
7f0d1f9db000-7f0d1fbda000 ---p 0006c000 fc:02 1053210                    /lib/x86_64-linux-gnu/libpcre.so.3.13.1
7f0d1fbda000-7f0d1fbdb000 r--p 0006b000 fc:02 1053210                    /lib/x86_64-linux-gnu/libpcre.so.3.13.1
7f0d1fbdb000-7f0d1fbdc000 rw-p 0006c000 fc:02 1053210                    /lib/x86_64-linux-gnu/libpcre.so.3.13.1
7f0d1fbdc000-7f0d1fbe3000 r-xp 00000000 fc:02 2107620                    /usr/lib/x86_64-linux-gnu/libffi.so.6.0.4
7f0d1fbe3000-7f0d1fde2000 ---p 00007000 fc:02 2107620                    /usr/lib/x86_64-linux-gnu/libffi.so.6.0.4
7f0d1fde2000-7f0d1fde3000 r--p 00006000 fc:02 2107620                    /usr/lib/x86_64-linux-gnu/libffi.so.6.0.4
7f0d1fde3000-7f0d1fde4000 rw-p 00007000 fc:02 2107620                    /usr/lib/x86_64-linux-gnu/libffi.so.6.0.4
7f0d1fde4000-7f0d1fdfb000 r-xp 00000000 fc:02 1053233                    /lib/x86_64-linux-gnu/libresolv-2.21.so
7f0d1fdfb000-7f0d1fffb000 ---p 00017000 fc:02 1053233                    /lib/x86_64-linux-gnu/libresolv-2.21.so
7f0d1fffb000-7f0d1fffd000 r--p 00017000 fc:02 1053233                    /lib/x86_64-linux-gnu/libresolv-2.21.so
7f0d1fffd000-7f0d1fffe000 rw-p 00019000 fc:02 1053233                    /lib/x86_64-linux-gnu/libresolv-2.21.so
7f0d1fffe000-7f0d20000000 rw-p 00000000 00:00 0 
7f0d20000000-7f0d20021000 rw-p 00000000 00:00 0 
7f0d20021000-7f0d24000000 ---p 00000000 00:00 0 
7f0d24000000-7f0d24021000 rw-p 00000000 00:00 0 
7f0d24021000-7f0d28000000 ---p 00000000 00:00 0 
7f0d28000000-7f0d28021000 rw-p 00000000 00:00 0 
7f0d28021000-7f0d2c000000 ---p 00000000 00:00 0 
7f0d2c02e000-7f0d2c031000 ---p 00000000 00:00 0 
7f0d2c031000-7f0d2c12f000 rw-p 00000000 00:00 0                          [stack:29788]
7f0d2c12f000-7f0d2c150000 r-xp 00000000 fc:02 1053237                    /lib/x86_64-linux-gnu/libselinux.so.1
7f0d2c150000-7f0d2c34f000 ---p 00021000 fc:02 1053237                    /lib/x86_64-linux-gnu/libselinux.so.1
7f0d2c34f000-7f0d2c350000 r--p 00020000 fc:02 1053237                    /lib/x86_64-linux-gnu/libselinux.so.1
7f0d2c350000-7f0d2c351000 rw-p 00021000 fc:02 1053237                    /lib/x86_64-linux-gnu/libselinux.so.1
7f0d2c351000-7f0d2c353000 rw-p 00000000 00:00 0 
7f0d2c353000-7f0d2c356000 r-xp 00000000 fc:02 2107737                    /usr/lib/x86_64-linux-gnu/libgmodule-2.0.so.0.4400.0
7f0d2c356000-7f0d2c555000 ---p 00003000 fc:02 2107737                    /usr/lib/x86_64-linux-gnu/libgmodule-2.0.so.0.4400.0
7f0d2c555000-7f0d2c556000 r--p 00002000 fc:02 2107737                    /usr/lib/x86_64-linux-gnu/libgmodule-2.0.so.0.4400.0
7f0d2c556000-7f0d2c557000 rw-p 00003000 fc:02 2107737                    /usr/lib/x86_64-linux-gnu/libgmodule-2.0.so.0.4400.0
7f0d2c557000-7f0d2c571000 r-xp 00000000 fc:02 2107532                    /usr/lib/x86_64-linux-gnu/libdbusmenu-glib.so.4.0.12
7f0d2c571000-7f0d2c771000 ---p 0001a000 fc:02 2107532                    /usr/lib/x86_64-linux-gnu/libdbusmenu-glib.so.4.0.12
7f0d2c771000-7f0d2c773000 r--p 0001a000 fc:02 2107532                    /usr/lib/x86_64-linux-gnu/libdbusmenu-glib.so.4.0.12
7f0d2c773000-7f0d2c774000 rw-p 0001c000 fc:02 2107532                    /usr/lib/x86_64-linux-gnu/libdbusmenu-glib.so.4.0.12
7f0d2c774000-7f0d2c881000 r-xp 00000000 fc:02 1053127                    /lib/x86_64-linux-gnu/libglib-2.0.so.0.4400.0
7f0d2c881000-7f0d2ca80000 ---p 0010d000 fc:02 1053127                    /lib/x86_64-linux-gnu/libglib-2.0.so.0.4400.0
7f0d2ca80000-7f0d2ca81000 r--p 0010c000 fc:02 1053127                    /lib/x86_64-linux-gnu/libglib-2.0.so.0.4400.0
7f0d2ca81000-7f0d2ca82000 rw-p 0010d000 fc:02 1053127                    /lib/x86_64-linux-gnu/libglib-2.0.so.0.4400.0
7f0d2ca82000-7f0d2ca83000 rw-p 00000000 00:00 0 
7f0d2ca83000-7f0d2cad3000 r-xp 00000000 fc:02 2107751                    /usr/lib/x86_64-linux-gnu/libgobject-2.0.so.0.4400.0
7f0d2cad3000-7f0d2ccd3000 ---p 00050000 fc:02 2107751                    /usr/lib/x86_64-linux-gnu/libgobject-2.0.so.0.4400.0
7f0d2ccd3000-7f0d2ccd4000 r--p 00050000 fc:02 2107751                    /usr/lib/x86_64-linux-gnu/libgobject-2.0.so.0.4400.0
7f0d2ccd4000-7f0d2ccd5000 rw-p 00051000 fc:02 2107751                    /usr/lib/x86_64-linux-gnu/libgobject-2.0.so.0.4400.0
7f0d2ccd5000-7f0d2ce4d000 r-xp 00000000 fc:02 2107723                    /usr/lib/x86_64-linux-gnu/libgio-2.0.so.0.4400.0
7f0d2ce4d000-7f0d2d04d000 ---p 00178000 fc:02 2107723                    /usr/lib/x86_64-linux-gnu/libgio-2.0.so.0.4400.0
7f0d2d04d000-7f0d2d051000 r--p 00178000 fc:02 2107723                    /usr/lib/x86_64-linux-gnu/libgio-2.0.so.0.4400.0
7f0d2d051000-7f0d2d053000 rw-p 0017c000 fc:02 2107723                    /usr/lib/x86_64-linux-gnu/libgio-2.0.so.0.4400.0
7f0d2d053000-7f0d2d055000 rw-p 00000000 00:00 0 
7f0d2d055000-7f0d2d05b000 r-xp 00000000 fc:02 2102685                    /usr/lib/jayatana/libjayatana.so
7f0d2d05b000-7f0d2d25a000 ---p 00006000 fc:02 2102685                    /usr/lib/jayatana/libjayatana.so
7f0d2d25a000-7f0d2d25b000 r--p 00005000 fc:02 2102685                    /usr/lib/jayatana/libjayatana.so
7f0d2d25b000-7f0d2d25c000 rw-p 00006000 fc:02 2102685                    /usr/lib/jayatana/libjayatana.so
7f0d2d25c000-7f0d2d25d000 r-xp 00000000 fc:02 2238503                    /usr/lib/jvm/java-8-openjdk-amd64/jre/lib/amd64/libjawt.so
7f0d2d25d000-7f0d2d45c000 ---p 00001000 fc:02 2238503                    /usr/lib/jvm/java-8-openjdk-amd64/jre/lib/amd64/libjawt.so
7f0d2d45c000-7f0d2d45d000 r--p 00000000 fc:02 2238503                    /usr/lib/jvm/java-8-openjdk-amd64/jre/lib/amd64/libjawt.so
7f0d2d45d000-7f0d2d45e000 rw-p 00001000 fc:02 2238503                    /usr/lib/jvm/java-8-openjdk-amd64/jre/lib/amd64/libjawt.so
7f0d2d45e000-7f0d2d461000 ---p 00000000 00:00 0 
7f0d2d461000-7f0d2d55f000 rw-p 00000000 00:00 0                          [stack:29776]
7f0d2d55f000-7f0d2d562000 ---p 00000000 00:00 0 
7f0d2d562000-7f0d2d660000 rw-p 00000000 00:00 0                          [stack:29775]
7f0d2d660000-7f0d2d663000 ---p 00000000 00:00 0 
7f0d2d663000-7f0d2d961000 rw-p 00000000 00:00 0                          [stack:29774]
7f0d2d961000-7f0d2d966000 r-xp 00000000 fc:02 2107316                    /usr/lib/x86_64-linux-gnu/libXfixes.so.3.1.0
7f0d2d966000-7f0d2db65000 ---p 00005000 fc:02 2107316                    /usr/lib/x86_64-linux-gnu/libXfixes.so.3.1.0
7f0d2db65000-7f0d2db66000 r--p 00004000 fc:02 2107316                    /usr/lib/x86_64-linux-gnu/libXfixes.so.3.1.0
7f0d2db66000-7f0d2db67000 rw-p 00005000 fc:02 2107316                    /usr/lib/x86_64-linux-gnu/libXfixes.so.3.1.0
7f0d2db67000-7f0d2db70000 r-xp 00000000 fc:02 2107308                    /usr/lib/x86_64-linux-gnu/libXcursor.so.1.0.2
7f0d2db70000-7f0d2dd6f000 ---p 00009000 fc:02 2107308                    /usr/lib/x86_64-linux-gnu/libXcursor.so.1.0.2
7f0d2dd6f000-7f0d2dd70000 r--p 00008000 fc:02 2107308                    /usr/lib/x86_64-linux-gnu/libXcursor.so.1.0.2
7f0d2dd70000-7f0d2dd71000 rw-p 00009000 fc:02 2107308                    /usr/lib/x86_64-linux-gnu/libXcursor.so.1.0.2
7f0d2dd71000-7f0d2dd74000 ---p 00000000 00:00 0 
7f0d2dd74000-7f0d2de72000 rw-p 00000000 00:00 0                          [stack:29773]
7f0d2de72000-7f0d2de97000 r-xp 00000000 fc:02 1053222                    /lib/x86_64-linux-gnu/libpng12.so.0.51.0
7f0d2de97000-7f0d2e096000 ---p 00025000 fc:02 1053222                    /lib/x86_64-linux-gnu/libpng12.so.0.51.0
7f0d2e096000-7f0d2e097000 r--p 00024000 fc:02 1053222                    /lib/x86_64-linux-gnu/libpng12.so.0.51.0
7f0d2e097000-7f0d2e098000 rw-p 00025000 fc:02 1053222                    /lib/x86_64-linux-gnu/libpng12.so.0.51.0
7f0d2e098000-7f0d2e13a000 r-xp 00000000 fc:02 2107666                    /usr/lib/x86_64-linux-gnu/libfreetype.so.6.11.1
7f0d2e13a000-7f0d2e339000 ---p 000a2000 fc:02 2107666                    /usr/lib/x86_64-linux-gnu/libfreetype.so.6.11.1
7f0d2e339000-7f0d2e33f000 r--p 000a1000 fc:02 2107666                    /usr/lib/x86_64-linux-gnu/libfreetype.so.6.11.1
7f0d2e33f000-7f0d2e340000 rw-p 000a7000 fc:02 2107666                    /usr/lib/x86_64-linux-gnu/libfreetype.so.6.11.1
7f0d2e340000-7f0d2e392000 r-xp 00000000 fc:02 2238500                    /usr/lib/jvm/java-8-openjdk-amd64/jre/lib/amd64/libfontmanager.so
7f0d2e392000-7f0d2e592000 ---p 00052000 fc:02 2238500                    /usr/lib/jvm/java-8-openjdk-amd64/jre/lib/amd64/libfontmanager.so
7f0d2e592000-7f0d2e595000 r--p 00052000 fc:02 2238500                    /usr/lib/jvm/java-8-openjdk-amd64/jre/lib/amd64/libfontmanager.so
7f0d2e595000-7f0d2e596000 rw-p 00055000 fc:02 2238500                    /usr/lib/jvm/java-8-openjdk-amd64/jre/lib/amd64/libfontmanager.so
7f0d2e596000-7f0d2e599000 ---p 00000000 00:00 0 
7f0d2e599000-7f0d2e697000 rw-p 00000000 00:00 0                          [stack:29769]
7f0d2e697000-7f0d2e69a000 ---p 00000000 00:00 0 
7f0d2e69a000-7f0d2e798000 rw-p 00000000 00:00 0                          [stack:29768]
7f0d2e798000-7f0d2e79b000 ---p 00000000 00:00 0 
7f0d2e79b000-7f0d2e899000 rw-p 00000000 00:00 0                          [stack:29771]
7f0d2e899000-7f0d2e89c000 ---p 00000000 00:00 0 
7f0d2e89c000-7f0d2e99a000 rw-p 00000000 00:00 0                          [stack:29765]
7f0d2e99a000-7f0d2e99d000 ---p 00000000 00:00 0 
7f0d2e99d000-7f0d2ea9b000 rw-p 00000000 00:00 0                          [stack:29770]
7f0d2ea9b000-7f0d2ea9e000 ---p 00000000 00:00 0 
7f0d2ea9e000-7f0d2eb9c000 rw-p 00000000 00:00 0                          [stack:29763]
7f0d2eb9c000-7f0d2eb9f000 ---p 00000000 00:00 0 
7f0d2eb9f000-7f0d2ec9d000 rw-p 00000000 00:00 0                          [stack:29762]
7f0d2ec9d000-7f0d2eca0000 ---p 00000000 00:00 0 
7f0d2eca0000-7f0d2ed9e000 rw-p 00000000 00:00 0                          [stack:29761]
7f0d2ed9e000-7f0d2eda1000 ---p 00000000 00:00 0 
7f0d2eda1000-7f0d2ee9f000 rw-p 00000000 00:00 0                          [stack:29760]
7f0d2ee9f000-7f0d2eea2000 ---p 00000000 00:00 0 
7f0d2eea2000-7f0d2efa0000 rw-p 00000000 00:00 0                          [stack:29759]
7f0d2efa0000-7f0d2efaf000 r-xp 00000000 fc:02 2107322                    /usr/lib/x86_64-linux-gnu/libXi.so.6.1.0
7f0d2efaf000-7f0d2f1ae000 ---p 0000f000 fc:02 2107322                    /usr/lib/x86_64-linux-gnu/libXi.so.6.1.0
7f0d2f1ae000-7f0d2f1af000 r--p 0000e000 fc:02 2107322                    /usr/lib/x86_64-linux-gnu/libXi.so.6.1.0
7f0d2f1af000-7f0d2f1b0000 rw-p 0000f000 fc:02 2107322                    /usr/lib/x86_64-linux-gnu/libXi.so.6.1.0
7f0d2f1b0000-7f0d2f1b5000 r-xp 00000000 fc:02 2107342                    /usr/lib/x86_64-linux-gnu/libXtst.so.6.1.0
7f0d2f1b5000-7f0d2f3b4000 ---p 00005000 fc:02 2107342                    /usr/lib/x86_64-linux-gnu/libXtst.so.6.1.0
7f0d2f3b4000-7f0d2f3b5000 r--p 00004000 fc:02 2107342                    /usr/lib/x86_64-linux-gnu/libXtst.so.6.1.0
7f0d2f3b5000-7f0d2f3b6000 rw-p 00005000 fc:02 2107342                    /usr/lib/x86_64-linux-gnu/libXtst.so.6.1.0
7f0d2f3b6000-7f0d2f3bf000 r-xp 00000000 fc:02 2107336                    /usr/lib/x86_64-linux-gnu/libXrender.so.1.3.0
7f0d2f3bf000-7f0d2f5be000 ---p 00009000 fc:02 2107336                    /usr/lib/x86_64-linux-gnu/libXrender.so.1.3.0
7f0d2f5be000-7f0d2f5bf000 r--p 00008000 fc:02 2107336                    /usr/lib/x86_64-linux-gnu/libXrender.so.1.3.0
7f0d2f5bf000-7f0d2f5c0000 rw-p 00009000 fc:02 2107336                    /usr/lib/x86_64-linux-gnu/libXrender.so.1.3.0
7f0d2f5c0000-7f0d2f5d1000 r-xp 00000000 fc:02 2107314                    /usr/lib/x86_64-linux-gnu/libXext.so.6.4.0
7f0d2f5d1000-7f0d2f7d0000 ---p 00011000 fc:02 2107314                    /usr/lib/x86_64-linux-gnu/libXext.so.6.4.0
7f0d2f7d0000-7f0d2f7d1000 r--p 00010000 fc:02 2107314                    /usr/lib/x86_64-linux-gnu/libXext.so.6.4.0
7f0d2f7d1000-7f0d2f7d2000 rw-p 00011000 fc:02 2107314                    /usr/lib/x86_64-linux-gnu/libXext.so.6.4.0
7f0d2f7d2000-7f0d2f829000 r-xp 00000000 fc:02 2238488                    /usr/lib/jvm/java-8-openjdk-amd64/jre/lib/amd64/libawt_xawt.so
7f0d2f829000-7f0d2fa29000 ---p 00057000 fc:02 2238488                    /usr/lib/jvm/java-8-openjdk-amd64/jre/lib/amd64/libawt_xawt.so
7f0d2fa29000-7f0d2fa2a000 r--p 00057000 fc:02 2238488                    /usr/lib/jvm/java-8-openjdk-amd64/jre/lib/amd64/libawt_xawt.so
7f0d2fa2a000-7f0d2fa2d000 rw-p 00058000 fc:02 2238488                    /usr/lib/jvm/java-8-openjdk-amd64/jre/lib/amd64/libawt_xawt.so
7f0d2fa2d000-7f0d2fa2e000 rw-p 00000000 00:00 0 
7f0d2fa2e000-7f0d2facf000 r-xp 00000000 fc:02 2238519                    /usr/lib/jvm/java-8-openjdk-amd64/jre/lib/amd64/libawt.so
7f0d2facf000-7f0d2fcce000 ---p 000a1000 fc:02 2238519                    /usr/lib/jvm/java-8-openjdk-amd64/jre/lib/amd64/libawt.so
7f0d2fcce000-7f0d2fccf000 r--p 000a0000 fc:02 2238519                    /usr/lib/jvm/java-8-openjdk-amd64/jre/lib/amd64/libawt.so
7f0d2fccf000-7f0d2fcda000 rw-p 000a1000 fc:02 2238519                    /usr/lib/jvm/java-8-openjdk-amd64/jre/lib/amd64/libawt.so
7f0d2fcda000-7f0d30000000 rw-p 00000000 00:00 0 
7f0d30000000-7f0d30021000 rw-p 00000000 00:00 0 
7f0d30021000-7f0d34000000 ---p 00000000 00:00 0 
7f0d340b5000-7f0d340cf000 rw-s 00000000 00:05 89161749                   /SYSV00000000 (deleted)
7f0d340cf000-7f0d340d2000 ---p 00000000 00:00 0 
7f0d340d2000-7f0d341d0000 rw-p 00000000 00:00 0                          [stack:29758]
7f0d341d0000-7f0d341d3000 ---p 00000000 00:00 0 
7f0d341d3000-7f0d342d1000 rw-p 00000000 00:00 0                          [stack:29757]
7f0d342d1000-7f0d342e8000 r-xp 00000000 fc:02 2238492                    /usr/lib/jvm/java-8-openjdk-amd64/jre/lib/amd64/libnet.so
7f0d342e8000-7f0d344e7000 ---p 00017000 fc:02 2238492                    /usr/lib/jvm/java-8-openjdk-amd64/jre/lib/amd64/libnet.so
7f0d344e7000-7f0d344e8000 r--p 00016000 fc:02 2238492                    /usr/lib/jvm/java-8-openjdk-amd64/jre/lib/amd64/libnet.so
7f0d344e8000-7f0d344e9000 rw-p 00017000 fc:02 2238492                    /usr/lib/jvm/java-8-openjdk-amd64/jre/lib/amd64/libnet.so
7f0d344e9000-7f0d344ec000 ---p 00000000 00:00 0 
7f0d344ec000-7f0d345ea000 rw-p 00000000 00:00 0                          [stack:29756]
7f0d345ea000-7f0d345eb000 r-xp 00000000 fc:02 269472                     /opt/idea/bin/libbreakgen64.so
7f0d345eb000-7f0d347ea000 ---p 00001000 fc:02 269472                     /opt/idea/bin/libbreakgen64.so
7f0d347ea000-7f0d347eb000 r--p 00000000 fc:02 269472                     /opt/idea/bin/libbreakgen64.so
7f0d347eb000-7f0d347ec000 rw-p 00001000 fc:02 269472                     /opt/idea/bin/libbreakgen64.so
7f0d347ec000-7f0d347ed000 ---p 00000000 00:00 0 
7f0d347ed000-7f0d348ed000 rw-p 00000000 00:00 0                          [stack:29755]
7f0d348ed000-7f0d348f0000 ---p 00000000 00:00 0 
7f0d348f0000-7f0d349ee000 rw-p 00000000 00:00 0                          [stack:29754]
7f0d349ee000-7f0d349f1000 ---p 00000000 00:00 0 
7f0d349f1000-7f0d34aef000 rw-p 00000000 00:00 0                          [stack:29753]
7f0d34aef000-7f0d34af2000 ---p 00000000 00:00 0 
7f0d34af2000-7f0d34bf0000 rw-p 00000000 00:00 0                          [stack:29752]
7f0d34bf0000-7f0d34bf3000 ---p 00000000 00:00 0 
7f0d34bf3000-7f0d34cf1000 rw-p 00000000 00:00 0                          [stack:29751]
7f0d34cf1000-7f0d34cf4000 ---p 00000000 00:00 0 
7f0d34cf4000-7f0d34df2000 rw-p 00000000 00:00 0                          [stack:29750]
7f0d34df2000-7f0d34df7000 r-xp 00000000 fc:02 2107312                    /usr/lib/x86_64-linux-gnu/libXdmcp.so.6.0.0
7f0d34df7000-7f0d34ff6000 ---p 00005000 fc:02 2107312                    /usr/lib/x86_64-linux-gnu/libXdmcp.so.6.0.0
7f0d34ff6000-7f0d34ff7000 r--p 00004000 fc:02 2107312                    /usr/lib/x86_64-linux-gnu/libXdmcp.so.6.0.0
7f0d34ff7000-7f0d34ff8000 rw-p 00005000 fc:02 2107312                    /usr/lib/x86_64-linux-gnu/libXdmcp.so.6.0.0
7f0d34ff8000-7f0d34ffa000 r-xp 00000000 fc:02 2107301                    /usr/lib/x86_64-linux-gnu/libXau.so.6.0.0
7f0d34ffa000-7f0d351fa000 ---p 00002000 fc:02 2107301                    /usr/lib/x86_64-linux-gnu/libXau.so.6.0.0
7f0d351fa000-7f0d351fb000 r--p 00002000 fc:02 2107301                    /usr/lib/x86_64-linux-gnu/libXau.so.6.0.0
7f0d351fb000-7f0d351fc000 rw-p 00003000 fc:02 2107301                    /usr/lib/x86_64-linux-gnu/libXau.so.6.0.0
7f0d351fc000-7f0d35219000 r-xp 00000000 fc:02 2108499                    /usr/lib/x86_64-linux-gnu/libxcb.so.1.1.0
7f0d35219000-7f0d35419000 ---p 0001d000 fc:02 2108499                    /usr/lib/x86_64-linux-gnu/libxcb.so.1.1.0
7f0d35419000-7f0d3541a000 r--p 0001d000 fc:02 2108499                    /usr/lib/x86_64-linux-gnu/libxcb.so.1.1.0
7f0d3541a000-7f0d3541b000 rw-p 0001e000 fc:02 2108499                    /usr/lib/x86_64-linux-gnu/libxcb.so.1.1.0
7f0d3541b000-7f0d3554e000 r-xp 00000000 fc:02 2107297                    /usr/lib/x86_64-linux-gnu/libX11.so.6.3.0
7f0d3554e000-7f0d3574e000 ---p 00133000 fc:02 2107297                    /usr/lib/x86_64-linux-gnu/libX11.so.6.3.0
7f0d3574e000-7f0d3574f000 r--p 00133000 fc:02 2107297                    /usr/lib/x86_64-linux-gnu/libX11.so.6.3.0
7f0d3574f000-7f0d35753000 rw-p 00134000 fc:02 2107297                    /usr/lib/x86_64-linux-gnu/libX11.so.6.3.0
7f0d35753000-7f0d35754000 rw-p 00000000 00:00 0 
7f0d35756000-7f0d35757000 rwxp 00000000 00:00 0 
7f0d35757000-7f0d3575e000 r--s 00000000 fc:02 2361616                    /usr/lib/x86_64-linux-gnu/gconv/gconv-modules.cache
7f0d3575f000-7f0d35762000 r--s 00015000 fc:02 2238555                    /usr/lib/jvm/java-8-openjdk-amd64/jre/lib/jce.jar
7f0d35762000-7f0d35767000 r--s 00094000 fc:02 2238521                    /usr/lib/jvm/java-8-openjdk-amd64/jre/lib/jsse.jar
7f0d35767000-7f0d35768000 rwxp 00000000 00:00 0 
7f0d35768000-7f0d3576d000 r--s 002f8000 fc:02 2238526                    /usr/lib/jvm/java-8-openjdk-amd64/jre/lib/charsets.jar
7f0d3576d000-7f0d3576f000 r--s 00006000 fc:02 2502834                    /usr/share/java/jayatana.jar
7f0d3576f000-7f0d35771000 r-xp 00000000 fc:02 2102686                    /usr/lib/jayatana/libjayatanaag.so
7f0d35771000-7f0d35970000 ---p 00002000 fc:02 2102686                    /usr/lib/jayatana/libjayatanaag.so
7f0d35970000-7f0d35971000 r--p 00001000 fc:02 2102686                    /usr/lib/jayatana/libjayatanaag.so
7f0d35971000-7f0d35972000 rw-p 00002000 fc:02 2102686                    /usr/lib/jayatana/libjayatanaag.so
7f0d35972000-7f0d35974000 r--s 00016000 fc:02 269480                     /opt/idea/lib/idea_rt.jar
7f0d35974000-7f0d35a1c000 r--s 0090a000 fc:01 13763294                   /home/beenotung/git/workspace/hkcc-pacman-robot/lib/NeuroEvolution/NeuroEvolution.jar
7f0d35a1c000-7f0d35aa0000 r--s 00826000 fc:01 13763305                   /home/beenotung/git/workspace/hkcc-pacman-robot/lib/myutils/myutils.jar
7f0d35aa0000-7f0d35af9000 r--s 004f6000 fc:01 13239010                   /home/beenotung/.ivy2/cache/org.scala-lang/scala-library/jars/scala-library-2.11.6.jar
7f0d35af9000-7f0d35afc000 r--s 0001a000 fc:01 13238828                   /home/beenotung/.sbt/boot/scala-2.10.4/org.scala-sbt/sbt/0.13.8/cache-0.13.8.jar
7f0d35afc000-7f0d35afe000 r--s 0000b000 fc:01 13238857                   /home/beenotung/.sbt/boot/scala-2.10.4/org.scala-sbt/sbt/0.13.8/tracking-0.13.8.jar
7f0d35afe000-7f0d35b04000 r--s 0003d000 fc:01 13238838                   /home/beenotung/.sbt/boot/scala-2.10.4/org.scala-sbt/sbt/0.13.8/io-0.13.8.jar
7f0d35b04000-7f0d35b0b000 r--s 0004b000 fc:01 13238841                   /home/beenotung/.sbt/boot/scala-2.10.4/org.scala-sbt/sbt/0.13.8/serialization_2.10-0.1.1.jar
7f0d35b0b000-7f0d35b0d000 r--s 00001000 fc:01 13238836                   /home/beenotung/.sbt/boot/scala-2.10.4/org.scala-sbt/sbt/0.13.8/launcher-interface-0.13.8.jar
7f0d35b0d000-7f0d35b0f000 r--s 00002000 fc:01 13238852                   /home/beenotung/.sbt/boot/scala-2.10.4/org.scala-sbt/sbt/0.13.8/test-interface-1.0.jar
7f0d35b0f000-7f0d35b14000 r--s 00036000 fc:01 13238849                   /home/beenotung/.sbt/boot/scala-2.10.4/org.scala-sbt/sbt/0.13.8/compile-0.13.8.jar
7f0d35b14000-7f0d35b18000 r--s 0001b000 fc:01 13238855                   /home/beenotung/.sbt/boot/scala-2.10.4/org.scala-sbt/sbt/0.13.8/process-0.13.8.jar
7f0d35b18000-7f0d35b1a000 r--s 00014000 fc:01 13238819                   /home/beenotung/.sbt/boot/scala-2.10.4/org.scala-sbt/sbt/0.13.8/apply-macro-0.13.8.jar
7f0d35b1a000-7f0d35b21000 r--s 00049000 fc:01 13238823                   /home/beenotung/.sbt/boot/scala-2.10.4/org.scala-sbt/sbt/0.13.8/api-0.13.8.jar
7f0d35b21000-7f0d35b26000 r--s 00024000 fc:01 13238826                   /home/beenotung/.sbt/boot/scala-2.10.4/org.scala-sbt/sbt/0.13.8/persist-0.13.8.jar
7f0d35b26000-7f0d35b5c000 r--s 002d9000 fc:01 13238862                   /home/beenotung/.sbt/boot/scala-2.10.4/org.scala-sbt/sbt/0.13.8/scala-reflect-2.10.4.jar
7f0d35b5c000-7f0d35b92000 r--s 002d9000 fc:01 13238888                   /home/beenotung/.sbt/boot/scala-2.10.4/lib/scala-reflect.jar
7f0d35b92000-7f0d35b95000 r--s 0001d000 fc:01 13238835                   /home/beenotung/.sbt/boot/scala-2.10.4/org.scala-sbt/sbt/0.13.8/task-system-0.13.8.jar
7f0d35b95000-7f0d35bb5000 r--s 001a4000 fc:01 13238863                   /home/beenotung/.sbt/boot/scala-2.10.4/org.scala-sbt/sbt/0.13.8/ivy-0.13.8.jar
7f0d35bb5000-7f0d35bb7000 r--s 0000b000 fc:01 13238831                   /home/beenotung/.sbt/boot/scala-2.10.4/org.scala-sbt/sbt/0.13.8/xsbti/interface-0.13.8.jar
7f0d35bb7000-7f0d35bcd000 r--s 00100000 fc:01 13238821                   /home/beenotung/.sbt/boot/scala-2.10.4/org.scala-sbt/sbt/0.13.8/ivy-2.3.0-sbt-fccfbd44c9f64523b61398a0155784dcbaeae28f.jar
7f0d35bcd000-7f0d35bd7000 r--s 00085000 fc:01 13238866                   /home/beenotung/.sbt/boot/scala-2.10.4/org.scala-sbt/sbt/0.13.8/json4s-core_2.10-3.2.10.jar
7f0d35bd7000-7f0d35bd9000 r--s 00017000 fc:01 13238839                   /home/beenotung/.sbt/boot/scala-2.10.4/org.scala-sbt/sbt/0.13.8/testing-0.13.8.jar
7f0d35bd9000-7f0d35c05000 r--s 00235000 fc:01 13238814                   /home/beenotung/.sbt/boot/scala-2.10.4/org.scala-sbt/sbt/0.13.8/main-0.13.8.jar
7f0d35c05000-7f0d35d02000 r--s 00cca000 fc:01 13238889                   /home/beenotung/.sbt/boot/scala-2.10.4/lib/scala-compiler.jar
7f0d35d02000-7f0d35d05000 ---p 00000000 00:00 0 
7f0d35d05000-7f0d35e03000 rw-p 00000000 00:00 0                          [stack:29743]
7f0d35e03000-7f0d364e5000 r--p 00000000 fc:02 2105970                    /usr/lib/locale/locale-archive
7f0d364e5000-7f0d364e8000 ---p 00000000 00:00 0 
7f0d364e8000-7f0d365e6000 rw-p 00000000 00:00 0                          [stack:29738]
7f0d365e6000-7f0d365e9000 ---p 00000000 00:00 0 
7f0d365e9000-7f0d366e7000 rw-p 00000000 00:00 0                          [stack:29737]
7f0d366e7000-7f0d366e8000 ---p 00000000 00:00 0 
7f0d366e8000-7f0d38000000 rw-p 00000000 00:00 0                          [stack:29736]
7f0d38000000-7f0d38021000 rw-p 00000000 00:00 0 
7f0d38021000-7f0d3c000000 ---p 00000000 00:00 0 
7f0d3c000000-7f0d3c021000 rw-p 00000000 00:00 0 
7f0d3c021000-7f0d40000000 ---p 00000000 00:00 0 
7f0d40000000-7f0d40021000 rw-p 00000000 00:00 0 
7f0d40021000-7f0d44000000 ---p 00000000 00:00 0 
7f0d44000000-7f0d44001000 r--s 00000000 fc:02 2502835                    /usr/share/java/jayatanaag.jar
7f0d44001000-7f0d44004000 r--s 0001d000 fc:01 13238832                   /home/beenotung/.sbt/boot/scala-2.10.4/org.scala-sbt/sbt/0.13.8/tasks-0.13.8.jar
7f0d44004000-7f0d44008000 r--s 00022000 fc:01 13238854                   /home/beenotung/.sbt/boot/scala-2.10.4/org.scala-sbt/sbt/0.13.8/sbinary_2.10-0.4.2.jar
7f0d44008000-7f0d4400b000 r--s 0001c000 fc:01 13238853                   /home/beenotung/.sbt/boot/scala-2.10.4/org.scala-sbt/sbt/0.13.8/compiler-integration-0.13.8.jar
7f0d4400b000-7f0d44014000 r--s 0006e000 fc:01 13238850                   /home/beenotung/.sbt/boot/scala-2.10.4/org.scala-sbt/sbt/0.13.8/actions-0.13.8.jar
7f0d44014000-7f0d44016000 r--s 00002000 fc:01 13238820                   /home/beenotung/.sbt/boot/scala-2.10.4/org.scala-sbt/sbt/0.13.8/control-0.13.8.jar
7f0d44016000-7f0d44019000 r--s 00018000 fc:01 13238887                   /home/beenotung/.sbt/boot/scala-2.10.4/lib/jansi.jar
7f0d44019000-7f0d4401e000 r--s 00036000 fc:01 13238867                   /home/beenotung/.sbt/boot/scala-2.10.4/org.scala-sbt/sbt/0.13.8/command-0.13.8.jar
7f0d4401e000-7f0d44021000 r--s 00013000 fc:01 13238868                   /home/beenotung/.sbt/boot/scala-2.10.4/org.scala-sbt/sbt/0.13.8/classpath-0.13.8.jar
7f0d44021000-7f0d44025000 r--s 00025000 fc:01 13238886                   /home/beenotung/.sbt/boot/scala-2.10.4/lib/jline.jar
7f0d44025000-7f0d44026000 r--s 00001000 fc:01 13238845                   /home/beenotung/.sbt/boot/scala-2.10.4/org.scala-sbt/sbt/0.13.8/cross-0.13.8.jar
7f0d44026000-7f0d44028000 r--s 00013000 fc:01 13238837                   /home/beenotung/.sbt/boot/scala-2.10.4/org.scala-sbt/sbt/0.13.8/json4s-ast_2.10-3.2.10.jar
7f0d44028000-7f0d44029000 r--s 00001000 fc:01 13238815                   /home/beenotung/.sbt/boot/scala-2.10.4/org.scala-sbt/sbt/0.13.8/json4s-support_2.10-0.6.0.jar
7f0d44029000-7f0d4402d000 r--s 00034000 fc:01 13238818                   /home/beenotung/.sbt/boot/scala-2.10.4/org.scala-sbt/sbt/0.13.8/jsch-0.1.46.jar
7f0d4402d000-7f0d4402e000 r--s 00005000 fc:01 13238858                   /home/beenotung/.sbt/boot/scala-2.10.4/org.scala-sbt/sbt/0.13.8/sbt-0.13.8.jar
7f0d4402e000-7f0d45000000 rw-p 00000000 00:00 0 
7f0d45000000-7f0d45580000 rwxp 00000000 00:00 0 
7f0d45580000-7f0d54000000 ---p 00000000 00:00 0 
7f0d54000000-7f0d54860000 rw-p 00000000 00:00 0 
7f0d54860000-7f0d58000000 ---p 00000000 00:00 0 
7f0d58000000-7f0d58072000 r--s 0065a000 fc:01 13238890                   /home/beenotung/.sbt/boot/scala-2.10.4/lib/scala-library.jar
7f0d58072000-7f0d5807c000 r--s 00092000 fc:01 13238817                   /home/beenotung/.sbt/boot/scala-2.10.4/org.scala-sbt/sbt/0.13.8/main-settings-0.13.8.jar
7f0d5807c000-7f0d5807e000 r--s 00006000 fc:01 13238848                   /home/beenotung/.sbt/boot/scala-2.10.4/org.scala-sbt/sbt/0.13.8/relation-0.13.8.jar
7f0d5807e000-7f0d58081000 r--s 00030000 fc:01 13238859                   /home/beenotung/.sbt/boot/scala-2.10.4/org.scala-sbt/sbt/0.13.8/jline-2.11.jar
7f0d58081000-7f0d58083000 r--s 0000e000 fc:01 13238847                   /home/beenotung/.sbt/boot/scala-2.10.4/org.scala-sbt/sbt/0.13.8/logic-0.13.8.jar
7f0d58083000-7f0d5808d000 r--s 0006e000 fc:01 13238824                   /home/beenotung/.sbt/boot/scala-2.10.4/org.scala-sbt/sbt/0.13.8/incremental-compiler-0.13.8.jar
7f0d5808d000-7f0d58095000 r--s 00060000 fc:01 13238822                   /home/beenotung/.sbt/boot/scala-2.10.4/org.scala-sbt/sbt/0.13.8/collections-0.13.8.jar
7f0d58095000-7f0d58098000 r--s 00018000 fc:01 13238840                   /home/beenotung/.sbt/boot/scala-2.10.4/org.scala-sbt/sbt/0.13.8/logging-0.13.8.jar
7f0d58098000-7f0d580a7000 r--s 000bb000 fc:01 13238842                   /home/beenotung/.sbt/boot/scala-2.10.4/org.scala-sbt/sbt/0.13.8/scala-pickling_2.10-0.10.0.jar
7f0d580a7000-7f0d580aa000 r--s 0001e000 fc:01 13238827                   /home/beenotung/.sbt/boot/scala-2.10.4/org.scala-sbt/sbt/0.13.8/run-0.13.8.jar
7f0d580aa000-7f0d580ac000 r--s 00007000 fc:01 13238851                   /home/beenotung/.sbt/boot/scala-2.10.4/org.scala-sbt/sbt/0.13.8/paranamer-2.6.jar
7f0d580ac000-7f0d580ae000 r--s 00012000 fc:01 13238856                   /home/beenotung/.sbt/boot/scala-2.10.4/org.scala-sbt/sbt/0.13.8/jawn-parser_2.10-0.6.0.jar
7f0d580ae000-7f0d580b6000 r--s 00057000 fc:01 13238825                   /home/beenotung/.sbt/boot/scala-2.10.4/org.scala-sbt/sbt/0.13.8/completion-0.13.8.jar
7f0d580b6000-7f0d580b8000 r--s 00001000 fc:01 13238869                   /home/beenotung/.sbt/boot/scala-2.10.4/org.scala-sbt/sbt/0.13.8/compiler-ivy-integration-0.13.8.jar
7f0d580b8000-7f0d580bb000 r--s 00012000 fc:01 13238829                   /home/beenotung/.sbt/boot/scala-2.10.4/org.scala-sbt/sbt/0.13.8/classfile-0.13.8.jar
7f0d580bb000-7f0d580c7000 r--s 000a4000 fc:01 13238846                   /home/beenotung/.sbt/boot/scala-2.10.4/org.scala-sbt/sbt/0.13.8/quasiquotes_2.10-2.0.1.jar
7f0d580c7000-7f0d580c9000 r--s 00006000 fc:02 2506120                    /usr/share/java/java-atk-wrapper.jar
7f0d580c9000-7f0d580dc000 r--s 00345000 fc:02 2238525                    /usr/lib/jvm/java-8-openjdk-amd64/jre/lib/resources.jar
7f0d580dc000-7f0d580e1000 r--s 00094000 fc:02 2238521                    /usr/lib/jvm/java-8-openjdk-amd64/jre/lib/jsse.jar
7f0d580e1000-7f0d580fb000 r--s 001d3000 fc:02 2238529                    /usr/lib/jvm/java-8-openjdk-amd64/jre/lib/ext/nashorn.jar
7f0d580fb000-7f0d5844b000 rw-p 00000000 00:00 0 
7f0d5844b000-7f0d58618000 r--s 03bd3000 fc:02 2238554                    /usr/lib/jvm/java-8-openjdk-amd64/jre/lib/rt.jar
7f0d58618000-7f0d5868e000 rw-p 00000000 00:00 0 
7f0d5868e000-7f0d5868f000 ---p 00000000 00:00 0 
7f0d5868f000-7f0d5878f000 rw-p 00000000 00:00 0                          [stack:29726]
7f0d5878f000-7f0d58790000 ---p 00000000 00:00 0 
7f0d58790000-7f0d58890000 rw-p 00000000 00:00 0                          [stack:29725]
7f0d58890000-7f0d58891000 ---p 00000000 00:00 0 
7f0d58891000-7f0d58991000 rw-p 00000000 00:00 0                          [stack:29724]
7f0d58991000-7f0d58992000 ---p 00000000 00:00 0 
7f0d58992000-7f0d58a92000 rw-p 00000000 00:00 0                          [stack:29723]
7f0d58a92000-7f0d58a93000 ---p 00000000 00:00 0 
7f0d58a93000-7f0d58b93000 rw-p 00000000 00:00 0                          [stack:29722]
7f0d58b93000-7f0d58b94000 ---p 00000000 00:00 0 
7f0d58b94000-7f0d58c94000 rw-p 00000000 00:00 0                          [stack:29721]
7f0d58c94000-7f0d58c95000 ---p 00000000 00:00 0 
7f0d58c95000-7f0d58d95000 rw-p 00000000 00:00 0                          [stack:29720]
7f0d58d95000-7f0d58d96000 ---p 00000000 00:00 0 
7f0d58d96000-7f0d58eb9000 rw-p 00000000 00:00 0                          [stack:29718]
7f0d58eb9000-7f0d593cd000 ---p 00000000 00:00 0 
7f0d593cd000-7f0d593f0000 rw-p 00000000 00:00 0 
7f0d593f0000-7f0d59903000 ---p 00000000 00:00 0 
7f0d59903000-7f0d5992e000 rw-p 00000000 00:00 0 
7f0d5992e000-7f0d59b9f000 ---p 00000000 00:00 0 
7f0d59b9f000-7f0d59bb6000 rw-p 00000000 00:00 0 
7f0d59bb6000-7f0d59f60000 ---p 00000000 00:00 0 
7f0d59f60000-7f0d59f68000 r-xp 00000000 fc:02 2238485                    /usr/lib/jvm/java-8-openjdk-amd64/jre/lib/amd64/libzip.so
7f0d59f68000-7f0d5a167000 ---p 00008000 fc:02 2238485                    /usr/lib/jvm/java-8-openjdk-amd64/jre/lib/amd64/libzip.so
7f0d5a167000-7f0d5a168000 r--p 00007000 fc:02 2238485                    /usr/lib/jvm/java-8-openjdk-amd64/jre/lib/amd64/libzip.so
7f0d5a168000-7f0d5a169000 rw-p 00008000 fc:02 2238485                    /usr/lib/jvm/java-8-openjdk-amd64/jre/lib/amd64/libzip.so
7f0d5a169000-7f0d5a175000 r-xp 00000000 fc:02 1053180                    /lib/x86_64-linux-gnu/libnss_files-2.21.so
7f0d5a175000-7f0d5a374000 ---p 0000c000 fc:02 1053180                    /lib/x86_64-linux-gnu/libnss_files-2.21.so
7f0d5a374000-7f0d5a375000 r--p 0000b000 fc:02 1053180                    /lib/x86_64-linux-gnu/libnss_files-2.21.so
7f0d5a375000-7f0d5a376000 rw-p 0000c000 fc:02 1053180                    /lib/x86_64-linux-gnu/libnss_files-2.21.so
7f0d5a376000-7f0d5a381000 r-xp 00000000 fc:02 1053190                    /lib/x86_64-linux-gnu/libnss_nis-2.21.so
7f0d5a381000-7f0d5a580000 ---p 0000b000 fc:02 1053190                    /lib/x86_64-linux-gnu/libnss_nis-2.21.so
7f0d5a580000-7f0d5a581000 r--p 0000a000 fc:02 1053190                    /lib/x86_64-linux-gnu/libnss_nis-2.21.so
7f0d5a581000-7f0d5a582000 rw-p 0000b000 fc:02 1053190                    /lib/x86_64-linux-gnu/libnss_nis-2.21.so
7f0d5a582000-7f0d5a599000 r-xp 00000000 fc:02 1053174                    /lib/x86_64-linux-gnu/libnsl-2.21.so
7f0d5a599000-7f0d5a798000 ---p 00017000 fc:02 1053174                    /lib/x86_64-linux-gnu/libnsl-2.21.so
7f0d5a798000-7f0d5a799000 r--p 00016000 fc:02 1053174                    /lib/x86_64-linux-gnu/libnsl-2.21.so
7f0d5a799000-7f0d5a79a000 rw-p 00017000 fc:02 1053174                    /lib/x86_64-linux-gnu/libnsl-2.21.so
7f0d5a79a000-7f0d5a79c000 rw-p 00000000 00:00 0 
7f0d5a79c000-7f0d5a7a4000 r-xp 00000000 fc:02 1053176                    /lib/x86_64-linux-gnu/libnss_compat-2.21.so
7f0d5a7a4000-7f0d5a9a3000 ---p 00008000 fc:02 1053176                    /lib/x86_64-linux-gnu/libnss_compat-2.21.so
7f0d5a9a3000-7f0d5a9a4000 r--p 00007000 fc:02 1053176                    /lib/x86_64-linux-gnu/libnss_compat-2.21.so
7f0d5a9a4000-7f0d5a9a5000 rw-p 00008000 fc:02 1053176                    /lib/x86_64-linux-gnu/libnss_compat-2.21.so
7f0d5a9a5000-7f0d5a9af000 r-xp 00000000 fc:02 2238504                    /usr/lib/jvm/java-8-openjdk-amd64/jre/lib/amd64/libinstrument.so
7f0d5a9af000-7f0d5abae000 ---p 0000a000 fc:02 2238504                    /usr/lib/jvm/java-8-openjdk-amd64/jre/lib/amd64/libinstrument.so
7f0d5abae000-7f0d5abaf000 r--p 00009000 fc:02 2238504                    /usr/lib/jvm/java-8-openjdk-amd64/jre/lib/amd64/libinstrument.so
7f0d5abaf000-7f0d5abb0000 rw-p 0000a000 fc:02 2238504                    /usr/lib/jvm/java-8-openjdk-amd64/jre/lib/amd64/libinstrument.so
7f0d5abb0000-7f0d5abde000 r-xp 00000000 fc:02 2238482                    /usr/lib/jvm/java-8-openjdk-amd64/jre/lib/amd64/libjava.so
7f0d5abde000-7f0d5addd000 ---p 0002e000 fc:02 2238482                    /usr/lib/jvm/java-8-openjdk-amd64/jre/lib/amd64/libjava.so
7f0d5addd000-7f0d5adde000 r--p 0002d000 fc:02 2238482                    /usr/lib/jvm/java-8-openjdk-amd64/jre/lib/amd64/libjava.so
7f0d5adde000-7f0d5ade0000 rw-p 0002e000 fc:02 2238482                    /usr/lib/jvm/java-8-openjdk-amd64/jre/lib/amd64/libjava.so
7f0d5ade0000-7f0d5adef000 r-xp 00000000 fc:02 2238497                    /usr/lib/jvm/java-8-openjdk-amd64/jre/lib/amd64/libverify.so
7f0d5adef000-7f0d5afef000 ---p 0000f000 fc:02 2238497                    /usr/lib/jvm/java-8-openjdk-amd64/jre/lib/amd64/libverify.so
7f0d5afef000-7f0d5aff2000 r--p 0000f000 fc:02 2238497                    /usr/lib/jvm/java-8-openjdk-amd64/jre/lib/amd64/libverify.so
7f0d5aff2000-7f0d5aff3000 rw-p 00012000 fc:02 2238497                    /usr/lib/jvm/java-8-openjdk-amd64/jre/lib/amd64/libverify.so
7f0d5aff3000-7f0d5affa000 r-xp 00000000 fc:02 1053235                    /lib/x86_64-linux-gnu/librt-2.21.so
7f0d5affa000-7f0d5b1f9000 ---p 00007000 fc:02 1053235                    /lib/x86_64-linux-gnu/librt-2.21.so
7f0d5b1f9000-7f0d5b1fa000 r--p 00006000 fc:02 1053235                    /lib/x86_64-linux-gnu/librt-2.21.so
7f0d5b1fa000-7f0d5b1fb000 rw-p 00007000 fc:02 1053235                    /lib/x86_64-linux-gnu/librt-2.21.so
7f0d5b1fb000-7f0d5b211000 r-xp 00000000 fc:02 1053123                    /lib/x86_64-linux-gnu/libgcc_s.so.1
7f0d5b211000-7f0d5b410000 ---p 00016000 fc:02 1053123                    /lib/x86_64-linux-gnu/libgcc_s.so.1
7f0d5b410000-7f0d5b411000 rw-p 00015000 fc:02 1053123                    /lib/x86_64-linux-gnu/libgcc_s.so.1
7f0d5b411000-7f0d5b518000 r-xp 00000000 fc:02 1053153                    /lib/x86_64-linux-gnu/libm-2.21.so
7f0d5b518000-7f0d5b717000 ---p 00107000 fc:02 1053153                    /lib/x86_64-linux-gnu/libm-2.21.so
7f0d5b717000-7f0d5b718000 r--p 00106000 fc:02 1053153                    /lib/x86_64-linux-gnu/libm-2.21.so
7f0d5b718000-7f0d5b719000 rw-p 00107000 fc:02 1053153                    /lib/x86_64-linux-gnu/libm-2.21.so
7f0d5b719000-7f0d5b809000 r-xp 00000000 fc:02 2108293                    /usr/lib/x86_64-linux-gnu/libstdc++.so.6.0.20
7f0d5b809000-7f0d5ba09000 ---p 000f0000 fc:02 2108293                    /usr/lib/x86_64-linux-gnu/libstdc++.so.6.0.20
7f0d5ba09000-7f0d5ba11000 r--p 000f0000 fc:02 2108293                    /usr/lib/x86_64-linux-gnu/libstdc++.so.6.0.20
7f0d5ba11000-7f0d5ba13000 rw-p 000f8000 fc:02 2108293                    /usr/lib/x86_64-linux-gnu/libstdc++.so.6.0.20
7f0d5ba13000-7f0d5ba28000 rw-p 00000000 00:00 0 
7f0d5ba28000-7f0d5c6b5000 r-xp 00000000 fc:02 2238509                    /usr/lib/jvm/java-8-openjdk-amd64/jre/lib/amd64/server/libjvm.so
7f0d5c6b5000-7f0d5c8b5000 ---p 00c8d000 fc:02 2238509                    /usr/lib/jvm/java-8-openjdk-amd64/jre/lib/amd64/server/libjvm.so
7f0d5c8b5000-7f0d5c958000 r--p 00c8d000 fc:02 2238509                    /usr/lib/jvm/java-8-openjdk-amd64/jre/lib/amd64/server/libjvm.so
7f0d5c958000-7f0d5c981000 rw-p 00d30000 fc:02 2238509                    /usr/lib/jvm/java-8-openjdk-amd64/jre/lib/amd64/server/libjvm.so
7f0d5c981000-7f0d5c9b0000 rw-p 00000000 00:00 0 
7f0d5c9b0000-7f0d5c9c8000 r-xp 00000000 fc:02 1053227                    /lib/x86_64-linux-gnu/libpthread-2.21.so
7f0d5c9c8000-7f0d5cbc8000 ---p 00018000 fc:02 1053227                    /lib/x86_64-linux-gnu/libpthread-2.21.so
7f0d5cbc8000-7f0d5cbc9000 r--p 00018000 fc:02 1053227                    /lib/x86_64-linux-gnu/libpthread-2.21.so
7f0d5cbc9000-7f0d5cbca000 rw-p 00019000 fc:02 1053227                    /lib/x86_64-linux-gnu/libpthread-2.21.so
7f0d5cbca000-7f0d5cbce000 rw-p 00000000 00:00 0 
7f0d5cbce000-7f0d5cbd1000 r-xp 00000000 fc:02 1053111                    /lib/x86_64-linux-gnu/libdl-2.21.so
7f0d5cbd1000-7f0d5cdd0000 ---p 00003000 fc:02 1053111                    /lib/x86_64-linux-gnu/libdl-2.21.so
7f0d5cdd0000-7f0d5cdd1000 r--p 00002000 fc:02 1053111                    /lib/x86_64-linux-gnu/libdl-2.21.so
7f0d5cdd1000-7f0d5cdd2000 rw-p 00003000 fc:02 1053111                    /lib/x86_64-linux-gnu/libdl-2.21.so
7f0d5cdd2000-7f0d5cdeb000 r-xp 00000000 fc:02 1053268                    /lib/x86_64-linux-gnu/libz.so.1.2.8
7f0d5cdeb000-7f0d5cfeb000 ---p 00019000 fc:02 1053268                    /lib/x86_64-linux-gnu/libz.so.1.2.8
7f0d5cfeb000-7f0d5cfec000 r--p 00019000 fc:02 1053268                    /lib/x86_64-linux-gnu/libz.so.1.2.8
7f0d5cfec000-7f0d5cfed000 rw-p 0001a000 fc:02 1053268                    /lib/x86_64-linux-gnu/libz.so.1.2.8
7f0d5cfed000-7f0d5d1ad000 r-xp 00000000 fc:02 1053094                    /lib/x86_64-linux-gnu/libc-2.21.so
7f0d5d1ad000-7f0d5d3ad000 ---p 001c0000 fc:02 1053094                    /lib/x86_64-linux-gnu/libc-2.21.so
7f0d5d3ad000-7f0d5d3b1000 r--p 001c0000 fc:02 1053094                    /lib/x86_64-linux-gnu/libc-2.21.so
7f0d5d3b1000-7f0d5d3b3000 rw-p 001c4000 fc:02 1053094                    /lib/x86_64-linux-gnu/libc-2.21.so
7f0d5d3b3000-7f0d5d3b7000 rw-p 00000000 00:00 0 
7f0d5d3b7000-7f0d5d3c5000 r-xp 00000000 fc:02 2238516                    /usr/lib/jvm/java-8-openjdk-amd64/jre/lib/amd64/jli/libjli.so
7f0d5d3c5000-7f0d5d5c4000 ---p 0000e000 fc:02 2238516                    /usr/lib/jvm/java-8-openjdk-amd64/jre/lib/amd64/jli/libjli.so
7f0d5d5c4000-7f0d5d5c5000 r--p 0000d000 fc:02 2238516                    /usr/lib/jvm/java-8-openjdk-amd64/jre/lib/amd64/jli/libjli.so
7f0d5d5c5000-7f0d5d5c6000 rw-p 0000e000 fc:02 2238516                    /usr/lib/jvm/java-8-openjdk-amd64/jre/lib/amd64/jli/libjli.so
7f0d5d5c6000-7f0d5d5ea000 r-xp 00000000 fc:02 1053066                    /lib/x86_64-linux-gnu/ld-2.21.so
7f0d5d5ea000-7f0d5d5eb000 r--s 00005000 fc:01 13238816                   /home/beenotung/.sbt/boot/scala-2.10.4/org.scala-sbt/sbt/0.13.8/test-agent-0.13.8.jar
7f0d5d5eb000-7f0d5d5ee000 r--s 00015000 fc:02 2238555                    /usr/lib/jvm/java-8-openjdk-amd64/jre/lib/jce.jar
7f0d5d5ee000-7f0d5d5f3000 r--s 002f8000 fc:02 2238526                    /usr/lib/jvm/java-8-openjdk-amd64/jre/lib/charsets.jar
7f0d5d5f3000-7f0d5d5f5000 r--s 00001000 fc:02 2238534                    /usr/lib/jvm/java-8-openjdk-amd64/jre/lib/ext/dnsns.jar
7f0d5d5f5000-7f0d5d600000 r--s 00116000 fc:02 2238531                    /usr/lib/jvm/java-8-openjdk-amd64/jre/lib/ext/localedata.jar
7f0d5d600000-7f0d5d61c000 r--s 00393000 fc:02 2238528                    /usr/lib/jvm/java-8-openjdk-amd64/jre/lib/ext/cldrdata.jar
7f0d5d61c000-7f0d5d6c6000 rw-p 00000000 00:00 0 
7f0d5d6c6000-7f0d5d6c9000 ---p 00000000 00:00 0 
7f0d5d6c9000-7f0d5d7cc000 rw-p 00000000 00:00 0                          [stack:29717]
7f0d5d7cc000-7f0d5d7cd000 r--s 00000000 fc:02 2238552                    /usr/lib/jvm/java-8-openjdk-amd64/jre/lib/management-agent.jar
7f0d5d7cd000-7f0d5d7ce000 r--s 00008000 fc:02 2238530                    /usr/lib/jvm/java-8-openjdk-amd64/jre/lib/ext/sunec.jar
7f0d5d7ce000-7f0d5d7d4000 r--s 0003a000 fc:02 2238533                    /usr/lib/jvm/java-8-openjdk-amd64/jre/lib/ext/sunjce_provider.jar
7f0d5d7d4000-7f0d5d7d7000 r--s 00037000 fc:02 2238536                    /usr/lib/jvm/java-8-openjdk-amd64/jre/lib/ext/sunpkcs11.jar
7f0d5d7d7000-7f0d5d7d8000 r--s 00010000 fc:02 2238532                    /usr/lib/jvm/java-8-openjdk-amd64/jre/lib/ext/zipfs.jar
7f0d5d7d8000-7f0d5d7da000 r--s 00006000 fc:02 2506120                    /usr/share/java/java-atk-wrapper.jar
7f0d5d7da000-7f0d5d7dd000 r--s 0000f000 fc:02 2238535                    /usr/lib/jvm/java-8-openjdk-amd64/jre/lib/ext/icedtea-sound.jar
7f0d5d7dd000-7f0d5d7e5000 rw-s 00000000 fc:02 397870                     /tmp/hsperfdata_beenotung/29716
7f0d5d7e5000-7f0d5d7e6000 rw-p 00000000 00:00 0 
7f0d5d7e6000-7f0d5d7e7000 r--p 00000000 00:00 0 
7f0d5d7e7000-7f0d5d7e9000 rw-p 00000000 00:00 0 
7f0d5d7e9000-7f0d5d7ea000 r--p 00023000 fc:02 1053066                    /lib/x86_64-linux-gnu/ld-2.21.so
7f0d5d7ea000-7f0d5d7eb000 rw-p 00024000 fc:02 1053066                    /lib/x86_64-linux-gnu/ld-2.21.so
7f0d5d7eb000-7f0d5d7ec000 rw-p 00000000 00:00 0 
7ffc8770a000-7ffc8772d000 rw-p 00000000 00:00 0                          [stack]
7ffc8773f000-7ffc87741000 r--p 00000000 00:00 0                          [vvar]
7ffc87741000-7ffc87743000 r-xp 00000000 00:00 0                          [vdso]
ffffffffff600000-ffffffffff601000 r-xp 00000000 00:00 0                  [vsyscall]

VM Arguments:
jvm_args: -javaagent:/usr/share/java/jayatanaag.jar -Djava.library.path=/home/beenotung/git/workspace/hkcc-pacman-robot/lib/lwjgl3/native/linux/x64:/home/beenotung/git/workspace/hkcc-pacman-robot/lib/lwjgl3/native/linux/x86:/home/beenotung/git/workspace/hkcc-pacman-robot/lib/lwjgl3/native/macosx/x64:/home/beenotung/git/workspace/hkcc-pacman-robot/lib/lwjgl3/native/windows/x64:/home/beenotung/git/workspace/hkcc-pacman-robot/lib/lwjgl3/native/windows/x86 -Didea.launcher.port=7534 -Didea.launcher.bin.path=/opt/idea/bin -Dfile.encoding=UTF-8 
java_command: com.intellij.rt.execution.application.AppMain edu.hkcc.pacmanrobot.launcher.ServerLauncher
java_class_path (initial): /usr/lib/jvm/java-1.8.0-openjdk-amd64/jre/lib/charsets.jar:/usr/lib/jvm/java-1.8.0-openjdk-amd64/jre/lib/rt.jar:/usr/lib/jvm/java-1.8.0-openjdk-amd64/jre/lib/jsse.jar:/usr/lib/jvm/java-1.8.0-openjdk-amd64/jre/lib/resources.jar:/usr/lib/jvm/java-1.8.0-openjdk-amd64/jre/lib/management-agent.jar:/usr/lib/jvm/java-1.8.0-openjdk-amd64/jre/lib/jce.jar:/usr/lib/jvm/java-1.8.0-openjdk-amd64/jre/lib/ext/cldrdata.jar:/usr/lib/jvm/java-1.8.0-openjdk-amd64/jre/lib/ext/icedtea-sound.jar:/usr/lib/jvm/java-1.8.0-openjdk-amd64/jre/lib/ext/java-atk-wrapper.jar:/usr/lib/jvm/java-1.8.0-openjdk-amd64/jre/lib/ext/zipfs.jar:/usr/lib/jvm/java-1.8.0-openjdk-amd64/jre/lib/ext/sunpkcs11.jar:/usr/lib/jvm/java-1.8.0-openjdk-amd64/jre/lib/ext/sunjce_provider.jar:/usr/lib/jvm/java-1.8.0-openjdk-amd64/jre/lib/ext/nashorn.jar:/usr/lib/jvm/java-1.8.0-openjdk-amd64/jre/lib/ext/localedata.jar:/usr/lib/jvm/java-1.8.0-openjdk-amd64/jre/lib/ext/sunec.jar:/usr/lib/jvm/java-1.8.0-openjdk-amd64/jre/lib/ext/dnsns.jar:/home/beenotung/git/workspace/hkcc-pacman-robot/target/scala-2.11/classes:/home/beenotung/.sbt/boot/scala-2.10.4/org.scala-sbt/sbt/0.13.8/quasiquotes_2.10-2.0.1.jar:/home/beenotung/.sbt/boot/scala-2.10.4/org.scala-sbt/sbt/0.13.8/classfile-0.13.8.jar:/home/beenotung/.sbt/boot/scala-2.10.4/org.scala-sbt/sbt/0.13.8/compiler-ivy-integration-0.13.8.jar:/home/beenotung/.sbt/boot/scala-2.10.4/org.scala-sbt/sbt/0.13.8/completion-0.13.8.jar:/home/beenotung/.sbt/boot/scala-2.10.4/org.scala-sbt/sbt/0.13.8/jawn-parser_2.10-0.6.0.jar:/home/beenotung/.sbt/boot/scala-2.10.4/org.scala-sbt/sbt/0.13.8/paranamer-2.6.jar:/home/beenotung/.sbt/boot/scala-2.10.4/org.scala-sbt/sbt/0.13.8/run-0.13.8.jar:/home/beenotung/.sbt/boot/scala-2.10.4/org.scala-sbt/sbt/0.13.8/test-agent-0.13.8.jar:/home/beenotung/.sbt/boot/scala-2.10.4/org.scala-sbt/sbt/0.13.8/scala-pickling_2.10-0.10.0.jar:/home/beenotung/.sbt/boot/scala-2.10.4/org.scala-sbt/sbt/0.13.8/logging-0.13.8.jar:/home/beenotung/.sbt/boot/sc
Launcher Type: SUN_STANDARD

Environment Variables:
JAVA_TOOL_OPTIONS=-javaagent:/usr/share/java/jayatanaag.jar 
PATH=/usr/games:/home/beenotung/bin:/usr/local/sbin:/usr/local/bin:/usr/sbin:/usr/bin:/sbin:/bin:/usr/games:/usr/local/games
LD_LIBRARY_PATH=/opt/idea/bin:
SHELL=/bin/bash
DISPLAY=:0

Signal Handlers:
SIGSEGV: [libjvm.so+0xa90d80], sa_mask[0]=11111111011111111101111111111110, sa_flags=SA_RESTART|SA_SIGINFO
SIGBUS: [libjvm.so+0xa90d80], sa_mask[0]=11111111011111111101111111111110, sa_flags=SA_RESTART|SA_SIGINFO
SIGFPE: [libjvm.so+0x8dbc70], sa_mask[0]=11111111011111111101111111111110, sa_flags=SA_RESTART|SA_SIGINFO
SIGPIPE: [libjvm.so+0x8dbc70], sa_mask[0]=11111111011111111101111111111110, sa_flags=SA_RESTART|SA_SIGINFO
SIGXFSZ: [libjvm.so+0x8dbc70], sa_mask[0]=11111111011111111101111111111110, sa_flags=SA_RESTART|SA_SIGINFO
SIGILL: [libjvm.so+0x8dbc70], sa_mask[0]=11111111011111111101111111111110, sa_flags=SA_RESTART|SA_SIGINFO
SIGUSR1: SIG_DFL, sa_mask[0]=00000000000000000000000000000000, sa_flags=none
SIGUSR2: [libjvm.so+0x8dbb20], sa_mask[0]=00100000000000000000000000000000, sa_flags=SA_RESTART|SA_SIGINFO
SIGHUP: [libjvm.so+0x8dbd40], sa_mask[0]=11111111011111111101111111111110, sa_flags=SA_RESTART|SA_SIGINFO
SIGINT: [libjvm.so+0x8dbd40], sa_mask[0]=11111111011111111101111111111110, sa_flags=SA_RESTART|SA_SIGINFO
SIGTERM: [libjvm.so+0x8dbd40], sa_mask[0]=11111111011111111101111111111110, sa_flags=SA_RESTART|SA_SIGINFO
SIGQUIT: [libjvm.so+0x8dbd40], sa_mask[0]=11111111011111111101111111111110, sa_flags=SA_RESTART|SA_SIGINFO


---------------  S Y S T E M  ---------------

OS:DISTRIB_ID=Ubuntu
DISTRIB_RELEASE=15.04
DISTRIB_CODENAME=vivid
DISTRIB_DESCRIPTION="Ubuntu 15.04"

uname:Linux 3.19.0-15-generic #15-Ubuntu SMP Thu Apr 16 23:32:37 UTC 2015 x86_64
libc:glibc 2.21 NPTL 2.21 
rlimit: STACK 8192k, CORE 0k, NPROC 63946, NOFILE 65536, AS infinity
load average:1.11 1.51 1.30

/proc/meminfo:
MemTotal:       16393516 kB
MemFree:         3150756 kB
MemAvailable:    7547388 kB
Buffers:          347904 kB
Cached:          4205340 kB
SwapCached:            0 kB
Active:         10329004 kB
Inactive:        2361328 kB
Active(anon):    8139844 kB
Inactive(anon):   175768 kB
Active(file):    2189160 kB
Inactive(file):  2185560 kB
Unevictable:         684 kB
Mlocked:             684 kB
SwapTotal:      33554428 kB
SwapFree:       33554428 kB
Dirty:             16036 kB
Writeback:             0 kB
AnonPages:       8137860 kB
Mapped:           614896 kB
Shmem:            178532 kB
Slab:             333128 kB
SReclaimable:     275328 kB
SUnreclaim:        57800 kB
KernelStack:       18112 kB
PageTables:        90900 kB
NFS_Unstable:          0 kB
Bounce:                0 kB
WritebackTmp:          0 kB
CommitLimit:    41751184 kB
Committed_AS:   16115528 kB
VmallocTotal:   34359738367 kB
VmallocUsed:      145644 kB
VmallocChunk:   34359488724 kB
HardwareCorrupted:     0 kB
AnonHugePages:   3454976 kB
CmaTotal:              0 kB
CmaFree:               0 kB
HugePages_Total:       0
HugePages_Free:        0
HugePages_Rsvd:        0
HugePages_Surp:        0
Hugepagesize:       2048 kB
DirectMap4k:      308796 kB
DirectMap2M:    16429056 kB


CPU:total 8 (4 cores per cpu, 2 threads per core) family 6 model 58 stepping 9, cmov, cx8, fxsr, mmx, sse, sse2, sse3, ssse3, sse4.1, sse4.2, popcnt, avx, aes, clmul, erms, ht, tsc, tscinvbit, tscinv

/proc/cpuinfo:
processor	: 0
vendor_id	: GenuineIntel
cpu family	: 6
model		: 58
model name	: Intel(R) Xeon(R) CPU E3-1230 V2 @ 3.30GHz
stepping	: 9
microcode	: 0x1b
cpu MHz		: 3530.871
cache size	: 8192 KB
physical id	: 0
siblings	: 8
core id		: 0
cpu cores	: 4
apicid		: 0
initial apicid	: 0
fpu		: yes
fpu_exception	: yes
cpuid level	: 13
wp		: yes
flags		: fpu vme de pse tsc msr pae mce cx8 apic sep mtrr pge mca cmov pat pse36 clflush dts acpi mmx fxsr sse sse2 ss ht tm pbe syscall nx rdtscp lm constant_tsc arch_perfmon pebs bts rep_good nopl xtopology nonstop_tsc aperfmperf eagerfpu pni pclmulqdq dtes64 monitor ds_cpl vmx smx est tm2 ssse3 cx16 xtpr pdcm pcid sse4_1 sse4_2 x2apic popcnt tsc_deadline_timer aes xsave avx f16c rdrand lahf_lm ida arat epb pln pts dtherm tpr_shadow vnmi flexpriority ept vpid fsgsbase smep erms xsaveopt
bugs		:
bogomips	: 6584.66
clflush size	: 64
cache_alignment	: 64
address sizes	: 36 bits physical, 48 bits virtual
power management:

processor	: 1
vendor_id	: GenuineIntel
cpu family	: 6
model		: 58
model name	: Intel(R) Xeon(R) CPU E3-1230 V2 @ 3.30GHz
stepping	: 9
microcode	: 0x1b
cpu MHz		: 3598.160
cache size	: 8192 KB
physical id	: 0
siblings	: 8
core id		: 1
cpu cores	: 4
apicid		: 2
initial apicid	: 2
fpu		: yes
fpu_exception	: yes
cpuid level	: 13
wp		: yes
flags		: fpu vme de pse tsc msr pae mce cx8 apic sep mtrr pge mca cmov pat pse36 clflush dts acpi mmx fxsr sse sse2 ss ht tm pbe syscall nx rdtscp lm constant_tsc arch_perfmon pebs bts rep_good nopl xtopology nonstop_tsc aperfmperf eagerfpu pni pclmulqdq dtes64 monitor ds_cpl vmx smx est tm2 ssse3 cx16 xtpr pdcm pcid sse4_1 sse4_2 x2apic popcnt tsc_deadline_timer aes xsave avx f16c rdrand lahf_lm ida arat epb pln pts dtherm tpr_shadow vnmi flexpriority ept vpid fsgsbase smep erms xsaveopt
bugs		:
bogomips	: 6584.66
clflush size	: 64
cache_alignment	: 64
address sizes	: 36 bits physical, 48 bits virtual
power management:

processor	: 2
vendor_id	: GenuineIntel
cpu family	: 6
model		: 58
model name	: Intel(R) Xeon(R) CPU E3-1230 V2 @ 3.30GHz
stepping	: 9
microcode	: 0x1b
cpu MHz		: 3593.003
cache size	: 8192 KB
physical id	: 0
siblings	: 8
core id		: 2
cpu cores	: 4
apicid		: 4
initial apicid	: 4
fpu		: yes
fpu_exception	: yes
cpuid level	: 13
wp		: yes
flags		: fpu vme de pse tsc msr pae mce cx8 apic sep mtrr pge mca cmov pat pse36 clflush dts acpi mmx fxsr sse sse2 ss ht tm pbe syscall nx rdtscp lm constant_tsc arch_perfmon pebs bts rep_good nopl xtopology nonstop_tsc aperfmperf eagerfpu pni pclmulqdq dtes64 monitor ds_cpl vmx smx est tm2 ssse3 cx16 xtpr pdcm pcid sse4_1 sse4_2 x2apic popcnt tsc_deadline_timer aes xsave avx f16c rdrand lahf_lm ida arat epb pln pts dtherm tpr_shadow vnmi flexpriority ept vpid fsgsbase smep erms xsaveopt
bugs		:
bogomips	: 6584.66
clflush size	: 64
cache_alignment	: 64
address sizes	: 36 bits physical, 48 bits virtual
power management:

processor	: 3
vendor_id	: GenuineIntel
cpu family	: 6
model		: 58
model name	: Intel(R) Xeon(R) CPU E3-1230 V2 @ 3.30GHz
stepping	: 9
microcode	: 0x1b
cpu MHz		: 3531.128
cache size	: 8192 KB
physical id	: 0
siblings	: 8
core id		: 3
cpu cores	: 4
apicid		: 6
initial apicid	: 6
fpu		: yes
fpu_exception	: yes
cpuid level	: 13
wp		: yes
flags		: fpu vme de pse tsc msr pae mce cx8 apic sep mtrr pge mca cmov pat pse36 clflush dts acpi mmx fxsr sse sse2 ss ht tm pbe syscall nx rdtscp lm constant_tsc arch_perfmon pebs bts rep_good nopl xtopology nonstop_tsc aperfmperf eagerfpu pni pclmulqdq dtes64 monitor ds_cpl vmx smx est tm2 ssse3 cx16 xtpr pdcm pcid sse4_1 sse4_2 x2apic popcnt tsc_deadline_timer aes xsave avx f16c rdrand lahf_lm ida arat epb pln pts dtherm tpr_shadow vnmi flexpriority ept vpid fsgsbase smep erms xsaveopt
bugs		:
bogomips	: 6584.66
clflush size	: 64
cache_alignment	: 64
address sizes	: 36 bits physical, 48 bits virtual
power management:

processor	: 4
vendor_id	: GenuineIntel
cpu family	: 6
model		: 58
model name	: Intel(R) Xeon(R) CPU E3-1230 V2 @ 3.30GHz
stepping	: 9
microcode	: 0x1b
cpu MHz		: 3515.660
cache size	: 8192 KB
physical id	: 0
siblings	: 8
core id		: 0
cpu cores	: 4
apicid		: 1
initial apicid	: 1
fpu		: yes
fpu_exception	: yes
cpuid level	: 13
wp		: yes
flags		: fpu vme de pse tsc msr pae mce cx8 apic sep mtrr pge mca cmov pat pse36 clflush dts acpi mmx fxsr sse sse2 ss ht tm pbe syscall nx rdtscp lm constant_tsc arch_perfmon pebs bts rep_good nopl xtopology nonstop_tsc aperfmperf eagerfpu pni pclmulqdq dtes64 monitor ds_cpl vmx smx est tm2 ssse3 cx16 xtpr pdcm pcid sse4_1 sse4_2 x2apic popcnt tsc_deadline_timer aes xsave avx f16c rdrand lahf_lm ida arat epb pln pts dtherm tpr_shadow vnmi flexpriority ept vpid fsgsbase smep erms xsaveopt
bugs		:
bogomips	: 6584.66
clflush size	: 64
cache_alignment	: 64
address sizes	: 36 bits physical, 48 bits virtual
power management:

processor	: 5
vendor_id	: GenuineIntel
cpu family	: 6
model		: 58
model name	: Intel(R) Xeon(R) CPU E3-1230 V2 @ 3.30GHz
stepping	: 9
microcode	: 0x1b
cpu MHz		: 3557.296
cache size	: 8192 KB
physical id	: 0
siblings	: 8
core id		: 1
cpu cores	: 4
apicid		: 3
initial apicid	: 3
fpu		: yes
fpu_exception	: yes
cpuid level	: 13
wp		: yes
flags		: fpu vme de pse tsc msr pae mce cx8 apic sep mtrr pge mca cmov pat pse36 clflush dts acpi mmx fxsr sse sse2 ss ht tm pbe syscall nx rdtscp lm constant_tsc arch_perfmon pebs bts rep_good nopl xtopology nonstop_tsc aperfmperf eagerfpu pni pclmulqdq dtes64 monitor ds_cpl vmx smx est tm2 ssse3 cx16 xtpr pdcm pcid sse4_1 sse4_2 x2apic popcnt tsc_deadline_timer aes xsave avx f16c rdrand lahf_lm ida arat epb pln pts dtherm tpr_shadow vnmi flexpriority ept vpid fsgsbase smep erms xsaveopt
bugs		:
bogomips	: 6584.66
clflush size	: 64
cache_alignment	: 64
address sizes	: 36 bits physical, 48 bits virtual
power management:

processor	: 6
vendor_id	: GenuineIntel
cpu family	: 6
model		: 58
model name	: Intel(R) Xeon(R) CPU E3-1230 V2 @ 3.30GHz
stepping	: 9
microcode	: 0x1b
cpu MHz		: 3607.054
cache size	: 8192 KB
physical id	: 0
siblings	: 8
core id		: 2
cpu cores	: 4
apicid		: 5
initial apicid	: 5
fpu		: yes
fpu_exception	: yes
cpuid level	: 13
wp		: yes
flags		: fpu vme de pse tsc msr pae mce cx8 apic sep mtrr pge mca cmov pat pse36 clflush dts acpi mmx fxsr sse sse2 ss ht tm pbe syscall nx rdtscp lm constant_tsc arch_perfmon pebs bts rep_good nopl xtopology nonstop_tsc aperfmperf eagerfpu pni pclmulqdq dtes64 monitor ds_cpl vmx smx est tm2 ssse3 cx16 xtpr pdcm pcid sse4_1 sse4_2 x2apic popcnt tsc_deadline_timer aes xsave avx f16c rdrand lahf_lm ida arat epb pln pts dtherm tpr_shadow vnmi flexpriority ept vpid fsgsbase smep erms xsaveopt
bugs		:
bogomips	: 6584.66
clflush size	: 64
cache_alignment	: 64
address sizes	: 36 bits physical, 48 bits virtual
power management:

processor	: 7
vendor_id	: GenuineIntel
cpu family	: 6
model		: 58
model name	: Intel(R) Xeon(R) CPU E3-1230 V2 @ 3.30GHz
stepping	: 9
microcode	: 0x1b
cpu MHz		: 3520.300
cache size	: 8192 KB
physical id	: 0
siblings	: 8
core id		: 3
cpu cores	: 4
apicid		: 7
initial apicid	: 7
fpu		: yes
fpu_exception	: yes
cpuid level	: 13
wp		: yes
flags		: fpu vme de pse tsc msr pae mce cx8 apic sep mtrr pge mca cmov pat pse36 clflush dts acpi mmx fxsr sse sse2 ss ht tm pbe syscall nx rdtscp lm constant_tsc arch_perfmon pebs bts rep_good nopl xtopology nonstop_tsc aperfmperf eagerfpu pni pclmulqdq dtes64 monitor ds_cpl vmx smx est tm2 ssse3 cx16 xtpr pdcm pcid sse4_1 sse4_2 x2apic popcnt tsc_deadline_timer aes xsave avx f16c rdrand lahf_lm ida arat epb pln pts dtherm tpr_shadow vnmi flexpriority ept vpid fsgsbase smep erms xsaveopt
bugs		:
bogomips	: 6584.66
clflush size	: 64
cache_alignment	: 64
address sizes	: 36 bits physical, 48 bits virtual
power management:



Memory: 4k page, physical 16393516k(3150756k free), swap 33554428k(33554428k free)

vm_info: OpenJDK 64-Bit Server VM (25.45-b02) for linux-amd64 JRE (1.8.0_45-internal-b14), built on Apr 20 2015 00:35:04 by "buildd" with gcc 4.9.2

time: Thu Apr 30 00:15:14 2015
elapsed time: 6 seconds (0d 0h 0m 6s)

