#
# A fatal error has been detected by the Java Runtime Environment:
#
#  SIGSEGV (0xb) at pc=0x00007fd9a25ae5ca, pid=29875, tid=140572381378304
#
# JRE version: OpenJDK Runtime Environment (8.0_45-b14) (build 1.8.0_45-internal-b14)
# Java VM: OpenJDK 64-Bit Server VM (25.45-b02 mixed mode linux-amd64 compressed oops)
# Problematic frame:
# C  [libffi.so.6+0x45ca]  ffi_closure_free+0x49a
#
# Failed to write core dump. Core dumps have been disabled. To enable core dumping, try "ulimit -c unlimited" before starting Java again
#
# If you would like to submit a bug report, please visit:
#   http://bugreport.java.com/bugreport/crash.jsp
# The crash happened outside the Java Virtual Machine in native code.
# See problematic frame for where to report the bug.
#

---------------  T H R E A D  ---------------

Current thread (0x00007fd984002000):  JavaThread "Thread-31" [_thread_in_native, id=29959, stack(0x00007fd98ecb7000,0x00007fd98edb8000)]

siginfo: si_signo: 11 (SIGSEGV), si_code: 1 (SEGV_MAPERR), si_addr: 0x0000000000000018

Registers:
RAX=0x0000000000000f80, RBX=0x00007fd9a27b1240, RCX=0x0000000000000000, RDX=0x0000000000000000
RSP=0x00007fd98edb67e0, RBP=0x00007fda2c05d038, RSI=0x00007fda2c05d070, RDI=0x0000000000000001
R8 =0x0000000000000000, R9 =0x0000000000000000, R10=0x000000000000088a, R11=0x00007fda477ac8a0
R12=0x00007fda2c05d048, R13=0x00007fd9a225ee58, R14=0x00007fd98edb68b8, R15=0x00007fd984002000
RIP=0x00007fd9a25ae5ca, EFLAGS=0x0000000000010246, CSGSFS=0x0000000000000033, ERR=0x0000000000000006
  TRAPNO=0x000000000000000e

Top of Stack: (sp=0x00007fd98edb67e0)
0x00007fd98edb67e0:   00007fd9a225ee58 00007fd984002000
0x00007fd98edb67f0:   00007fd9a1cff4c0 0000000000000005
0x00007fd98edb6800:   00007fda2c05d048 00007fd9a225ee58
0x00007fd98edb6810:   00007fd98edb6890 0000000000000000
0x00007fd98edb6820:   00007fd9a225ee58 00007fd98edb68b8
0x00007fd98edb6830:   00007fd984002000 00007fda310156d4
0x00007fd98edb6840:   fffffffe00000000 00007fda31015422
0x00007fd98edb6850:   00007fd98edb6850 00007fd9a225ee58
0x00007fd98edb6860:   00007fd98edb68b8 00007fd9a225f250
0x00007fd98edb6870:   0000000000000000 00007fd9a225ee58
0x00007fd98edb6880:   0000000000000000 00007fd98edb68b0
0x00007fd98edb6890:   00007fd98edb6900 00007fda3100798d
0x00007fd98edb68a0:   00000006c5cbbb58 00007fda3100f2b8
0x00007fd98edb68b0:   00007fda2c05d048 00000006c5d77bb8
0x00007fd98edb68c0:   00007fd98edb68c0 00007fd9a2226edb
0x00007fd98edb68d0:   00007fd98edb6910 00007fd9a222bb08
0x00007fd98edb68e0:   0000000000000000 00007fd9a2226ef8
0x00007fd98edb68f0:   00007fd98edb68b0 00007fd98edb6910
0x00007fd98edb6900:   00007fd98edb6958 00007fda3100798d
0x00007fd98edb6910:   00000006c5d77bb8 00007fd98edb6918
0x00007fd98edb6920:   00007fd9a2227bb6 00007fd98edb6968
0x00007fd98edb6930:   00007fd9a222b990 0000000000000000
0x00007fd98edb6940:   00007fd9a2227bd0 00007fd98edb6910
0x00007fd98edb6950:   00007fd98edb6968 00007fd98edb69b0
0x00007fd98edb6960:   00007fda3100798d 00000006c5d77bb8
0x00007fd98edb6970:   00007fd98edb6970 00007fd9a2224d27
0x00007fd98edb6980:   00007fd98edb69c0 00007fd9a2228568
0x00007fd98edb6990:   0000000000000000 00007fd9a2224d40
0x00007fd98edb69a0:   00007fd98edb6968 00007fd98edb69c0
0x00007fd98edb69b0:   00007fd98edb6a08 00007fda3100798d
0x00007fd98edb69c0:   00000006c5d77a78 00007fd98edb69c8
0x00007fd98edb69d0:   00007fd9a2224dd7 00007fd98edb6a20 

Instructions: (pc=0x00007fd9a25ae5ca)
0x00007fd9a25ae5aa:   56 18 4c 8b 4e 30 48 39 d6 0f 84 ef 03 00 00 48
0x00007fd9a25ae5ba:   8b 4e 10 48 3b 0d 94 2c 20 00 0f 82 26 fe ff ff
0x00007fd9a25ae5ca:   48 89 51 18 48 89 4a 10 4d 85 c9 0f 84 55 03 00
0x00007fd9a25ae5da:   00 48 8b 4e 38 48 8d 79 4a 48 3b 34 fb 0f 84 b3 

Register to memory mapping:

RAX=0x0000000000000f80 is an unknown value
RBX=0x00007fd9a27b1240: <offset 0x207240> in /usr/lib/x86_64-linux-gnu/libffi.so.6 at 0x00007fd9a25aa000
RCX=0x0000000000000000 is an unknown value
RDX=0x0000000000000000 is an unknown value
RSP=0x00007fd98edb67e0 is pointing into the stack for thread: 0x00007fd984002000
RBP=0x00007fda2c05d038 is an unknown value
RSI=0x00007fda2c05d070 is an unknown value
RDI=0x0000000000000001 is an unknown value
R8 =0x0000000000000000 is an unknown value
R9 =0x0000000000000000 is an unknown value
R10=0x000000000000088a is an unknown value
R11=0x00007fda477ac8a0: __sysconf+0 in /lib/x86_64-linux-gnu/libc.so.6 at 0x00007fda476e0000
R12=0x00007fda2c05d048 is an unknown value
R13={method} {0x00007fd9a225ee58} 'nffi_closure_free' '(J)V' in 'org/lwjgl/system/libffi/LibFFI'
R14=0x00007fd98edb68b8 is pointing into the stack for thread: 0x00007fd984002000
R15=0x00007fd984002000 is a thread


Stack: [0x00007fd98ecb7000,0x00007fd98edb8000],  sp=0x00007fd98edb67e0,  free space=1021k
Native frames: (J=compiled Java code, j=interpreted, Vv=VM code, C=native code)
C  [libffi.so.6+0x45ca]  ffi_closure_free+0x49a

Java frames: (J=compiled Java code, j=interpreted, Vv=VM code)
j  org.lwjgl.system.libffi.LibFFI.nffi_closure_free(J)V+0
j  org.lwjgl.system.libffi.Closure.destroy()V+35
j  org.lwjgl.system.Retainable$Default.release()V+38
j  myutils.gui.opengl.AbstractOpenGLApplication.end()V+7
j  myutils.gui.opengl.AbstractOpenGLApplication.run()V+15
j  edu.hkcc.pacmanrobot.controller.gamecontroller.MiniMap$$anonfun$run$1.apply$mcV$sp()V+7
j  edu.hkcc.pacmanrobot.utils.Worker$$anon$1.run()V+4
j  java.lang.Thread.run()V+11
v  ~StubRoutines::call_stub

---------------  P R O C E S S  ---------------

Java Threads: ( => current thread )
=>0x00007fd984002000 JavaThread "Thread-31" [_thread_in_native, id=29959, stack(0x00007fd98ecb7000,0x00007fd98edb8000)]
  0x00007fd994188000 JavaThread "TimerQueue" daemon [_thread_blocked, id=29952, stack(0x00007fd98eeb9000,0x00007fd98efba000)]
  0x00007fd994165800 JavaThread "Keep-Alive-Timer" daemon [_thread_blocked, id=29951, stack(0x00007fd9a0087000,0x00007fd9a0188000)]
  0x00007fda4000e000 JavaThread "DestroyJavaVM" [_thread_blocked, id=29876, stack(0x00007fda47db9000,0x00007fda47eba000)]
  0x00007fda40813000 JavaThread "AWT-EventQueue-0" [_thread_blocked, id=29935, stack(0x00007fd9a3cfd000,0x00007fd9a3dfe000)]
  0x00007fda40811800 JavaThread "AWT-Shutdown" [_thread_blocked, id=29934, stack(0x00007fd9a3dfe000,0x00007fd9a3eff000)]
  0x00007fda4080d000 JavaThread "AWT-XAWT" daemon [_thread_in_native, id=29933, stack(0x00007fd9a3eff000,0x00007fd9a4000000)]
  0x00007fda407f6800 JavaThread "Java2D Disposer" daemon [_thread_blocked, id=29932, stack(0x00007fda14e0f000,0x00007fda14f10000)]
  0x00007fd9cc020000 JavaThread "Thread-17" [_thread_blocked, id=29930, stack(0x00007fda14f10000,0x00007fda15011000)]
  0x00007fd9b0004000 JavaThread "Thread-16" [_thread_in_Java, id=29929, stack(0x00007fda15112000,0x00007fda15213000)]
  0x00007fd9b8005000 JavaThread "Thread-14" [_thread_blocked, id=29928, stack(0x00007fda14c0c000,0x00007fda14d0d000)]
  0x00007fd9b8003000 JavaThread "Thread-13" [_thread_blocked, id=29927, stack(0x00007fda14d0d000,0x00007fda14e0e000)]
  0x00007fd9b8001000 JavaThread "Thread-10" [_thread_in_native, id=29924, stack(0x00007fda15011000,0x00007fda15112000)]
  0x00007fd9cc018000 JavaThread "Thread-3" [_thread_in_native, id=29922, stack(0x00007fda15213000,0x00007fda15314000)]
  0x00007fd9cc016000 JavaThread "Thread-7" [_thread_in_native, id=29921, stack(0x00007fda15314000,0x00007fda15415000)]
  0x00007fd9cc014800 JavaThread "Thread-6" [_thread_in_native, id=29920, stack(0x00007fda15ea3000,0x00007fda15fa4000)]
  0x00007fd9cc012800 JavaThread "Thread-5" [_thread_in_native, id=29919, stack(0x00007fda15fa4000,0x00007fda160a5000)]
  0x00007fd9cc011000 JavaThread "Thread-4" [_thread_in_native, id=29918, stack(0x00007fda160a5000,0x00007fda161a6000)]
  0x00007fd9cc00c800 JavaThread "Thread-8" [_thread_blocked, id=29917, stack(0x00007fda161a6000,0x00007fda162a7000)]
  0x00007fda4077f000 JavaThread "Thread-0" [_thread_blocked, id=29916, stack(0x00007fda16578000,0x00007fda16679000)]
  0x00007fda405db000 JavaThread "Monitor Ctrl-Break" daemon [_thread_in_native, id=29915, stack(0x00007fda16b92000,0x00007fda16c93000)]
  0x00007fda405d6000 JavaThread "Service Thread" daemon [_thread_blocked, id=29913, stack(0x00007fda16f96000,0x00007fda17097000)]
  0x00007fda405c2800 JavaThread "C1 CompilerThread3" daemon [_thread_blocked, id=29912, stack(0x00007fda17097000,0x00007fda17198000)]
  0x00007fda405c0800 JavaThread "C2 CompilerThread2" daemon [_thread_blocked, id=29911, stack(0x00007fda17198000,0x00007fda17299000)]
  0x00007fda405be800 JavaThread "C2 CompilerThread1" daemon [_thread_blocked, id=29910, stack(0x00007fda17299000,0x00007fda1739a000)]
  0x00007fda405ba000 JavaThread "C2 CompilerThread0" daemon [_thread_blocked, id=29909, stack(0x00007fda1739a000,0x00007fda1749b000)]
  0x00007fda401fc800 JavaThread "Signal Dispatcher" daemon [_thread_blocked, id=29901, stack(0x00007fda2c503000,0x00007fda2c604000)]
  0x00007fda401d2800 JavaThread "Finalizer" daemon [_thread_blocked, id=29887, stack(0x00007fda2cce6000,0x00007fda2cde7000)]
  0x00007fda401d0800 JavaThread "Reference Handler" daemon [_thread_blocked, id=29886, stack(0x00007fda2cde7000,0x00007fda2cee8000)]

Other Threads:
  0x00007fda401cb000 VMThread [stack: 0x00007fda2cee8000,0x00007fda2cfe9000] [id=29885]
  0x00007fda405d8800 WatcherThread [stack: 0x00007fda16e95000,0x00007fda16f96000] [id=29914]

VM state:not at safepoint (normal execution)

VM Mutex/Monitor currently owned by a thread: None

Heap:
 PSYoungGen      total 71168K, used 23293K [0x000000076c980000, 0x0000000775880000, 0x00000007c0000000)
  eden space 64512K, 36% used [0x000000076c980000,0x000000076e03f748,0x0000000770880000)
  from space 6656K, 0% used [0x0000000775200000,0x0000000775200000,0x0000000775880000)
  to   space 10752K, 0% used [0x0000000774380000,0x0000000774380000,0x0000000774e00000)
 ParOldGen       total 71168K, used 6217K [0x00000006c5c00000, 0x00000006ca180000, 0x000000076c980000)
  object space 71168K, 8% used [0x00000006c5c00000,0x00000006c62126f8,0x00000006ca180000)
 Metaspace       used 24022K, capacity 24300K, committed 24704K, reserved 1071104K
  class space    used 2798K, capacity 2897K, committed 2944K, reserved 1048576K

Card table byte_map: [0x00007fda3082d000,0x00007fda31000000] byte_map_base: 0x00007fda2d1ff000

Marking Bits: (ParMarkBitMap*) 0x00007fda47087e80
 Begin Bits: [0x00007fda002e0000, 0x00007fda04170000)
 End Bits:   [0x00007fda04170000, 0x00007fda08000000)

Polling page: 0x00007fda47ed9000

CodeCache: size=245760Kb used=6046Kb max_used=6060Kb free=239714Kb
 bounds [0x00007fda31000000, 0x00007fda31600000, 0x00007fda40000000]
 total_blobs=2721 nmethods=1871 adapters=764
 compilation: enabled

Compilation events (10 events):
Event: 11.914 Thread 0x00007fda405c2800 nmethod 1870 0x00007fda315dd850 code [0x00007fda315dd9c0, 0x00007fda315ddcc8]
Event: 11.914 Thread 0x00007fda405c2800 1871       3       sun.java2d.loops.SurfaceType::pixelFor (10 bytes)
Event: 11.914 Thread 0x00007fda405c2800 nmethod 1871 0x00007fda315dd3d0 code [0x00007fda315dd540, 0x00007fda315dd768]
Event: 11.914 Thread 0x00007fda405c2800 1872       3       sun.awt.image.PixelConverter$Xrgb::rgbToPixel (2 bytes)
Event: 11.914 Thread 0x00007fda405c2800 nmethod 1872 0x00007fda315dd0d0 code [0x00007fda315dd220, 0x00007fda315dd370]
Event: 11.914 Thread 0x00007fda405c2800 1869       3       java.awt.EventQueue::getPriority (78 bytes)
Event: 11.914 Thread 0x00007fda405c2800 nmethod 1869 0x00007fda315dc6d0 code [0x00007fda315dc880, 0x00007fda315dcf70]
Event: 11.919 Thread 0x00007fda405ba000 nmethod 1864 0x00007fda315eb2d0 code [0x00007fda315eb440, 0x00007fda315eb898]
Event: 11.923 Thread 0x00007fda405c0800 nmethod 1862 0x00007fda315ee550 code [0x00007fda315ee700, 0x00007fda315ef778]
Event: 11.927 Thread 0x00007fda405be800 nmethod 1861 0x00007fda315f0310 code [0x00007fda315f04a0, 0x00007fda315f1378]

GC Heap History (6 events):
Event: 0.894 GC heap before
{Heap before GC invocations=1 (full 0):
 PSYoungGen      total 75264K, used 64512K [0x000000076c980000, 0x0000000771d80000, 0x00000007c0000000)
  eden space 64512K, 100% used [0x000000076c980000,0x0000000770880000,0x0000000770880000)
  from space 10752K, 0% used [0x0000000771300000,0x0000000771300000,0x0000000771d80000)
  to   space 10752K, 0% used [0x0000000770880000,0x0000000770880000,0x0000000771300000)
 ParOldGen       total 172032K, used 0K [0x00000006c5c00000, 0x00000006d0400000, 0x000000076c980000)
  object space 172032K, 0% used [0x00000006c5c00000,0x00000006c5c00000,0x00000006d0400000)
 Metaspace       used 15688K, capacity 16008K, committed 16384K, reserved 1062912K
  class space    used 2063K, capacity 2181K, committed 2304K, reserved 1048576K
Event: 0.904 GC heap after
Heap after GC invocations=1 (full 0):
 PSYoungGen      total 75264K, used 7428K [0x000000076c980000, 0x0000000775c80000, 0x00000007c0000000)
  eden space 64512K, 0% used [0x000000076c980000,0x000000076c980000,0x0000000770880000)
  from space 10752K, 69% used [0x0000000770880000,0x0000000770fc1240,0x0000000771300000)
  to   space 10752K, 0% used [0x0000000775200000,0x0000000775200000,0x0000000775c80000)
 ParOldGen       total 172032K, used 8K [0x00000006c5c00000, 0x00000006d0400000, 0x000000076c980000)
  object space 172032K, 0% used [0x00000006c5c00000,0x00000006c5c02000,0x00000006d0400000)
 Metaspace       used 15688K, capacity 16008K, committed 16384K, reserved 1062912K
  class space    used 2063K, capacity 2181K, committed 2304K, reserved 1048576K
}
Event: 11.350 GC heap before
{Heap before GC invocations=2 (full 0):
 PSYoungGen      total 75264K, used 25302K [0x000000076c980000, 0x0000000775c80000, 0x00000007c0000000)
  eden space 64512K, 27% used [0x000000076c980000,0x000000076daf47d0,0x0000000770880000)
  from space 10752K, 69% used [0x0000000770880000,0x0000000770fc1240,0x0000000771300000)
  to   space 10752K, 0% used [0x0000000775200000,0x0000000775200000,0x0000000775c80000)
 ParOldGen       total 172032K, used 8K [0x00000006c5c00000, 0x00000006d0400000, 0x000000076c980000)
  object space 172032K, 0% used [0x00000006c5c00000,0x00000006c5c02000,0x00000006d0400000)
 Metaspace       used 20783K, capacity 21068K, committed 21248K, reserved 1067008K
  class space    used 2686K, capacity 2801K, committed 2816K, reserved 1048576K
Event: 11.355 GC heap after
Heap after GC invocations=2 (full 0):
 PSYoungGen      total 71168K, used 6420K [0x000000076c980000, 0x0000000775880000, 0x00000007c0000000)
  eden space 64512K, 0% used [0x000000076c980000,0x000000076c980000,0x0000000770880000)
  from space 6656K, 96% used [0x0000000775200000,0x00000007758453a8,0x0000000775880000)
  to   space 10752K, 0% used [0x0000000774380000,0x0000000774380000,0x0000000774e00000)
 ParOldGen       total 172032K, used 32K [0x00000006c5c00000, 0x00000006d0400000, 0x000000076c980000)
  object space 172032K, 0% used [0x00000006c5c00000,0x00000006c5c08000,0x00000006d0400000)
 Metaspace       used 20783K, capacity 21068K, committed 21248K, reserved 1067008K
  class space    used 2686K, capacity 2801K, committed 2816K, reserved 1048576K
}
Event: 11.355 GC heap before
{Heap before GC invocations=3 (full 1):
 PSYoungGen      total 71168K, used 6420K [0x000000076c980000, 0x0000000775880000, 0x00000007c0000000)
  eden space 64512K, 0% used [0x000000076c980000,0x000000076c980000,0x0000000770880000)
  from space 6656K, 96% used [0x0000000775200000,0x00000007758453a8,0x0000000775880000)
  to   space 10752K, 0% used [0x0000000774380000,0x0000000774380000,0x0000000774e00000)
 ParOldGen       total 172032K, used 32K [0x00000006c5c00000, 0x00000006d0400000, 0x000000076c980000)
  object space 172032K, 0% used [0x00000006c5c00000,0x00000006c5c08000,0x00000006d0400000)
 Metaspace       used 20783K, capacity 21068K, committed 21248K, reserved 1067008K
  class space    used 2686K, capacity 2801K, committed 2816K, reserved 1048576K
Event: 11.377 GC heap after
Heap after GC invocations=3 (full 1):
 PSYoungGen      total 71168K, used 0K [0x000000076c980000, 0x0000000775880000, 0x00000007c0000000)
  eden space 64512K, 0% used [0x000000076c980000,0x000000076c980000,0x0000000770880000)
  from space 6656K, 0% used [0x0000000775200000,0x0000000775200000,0x0000000775880000)
  to   space 10752K, 0% used [0x0000000774380000,0x0000000774380000,0x0000000774e00000)
 ParOldGen       total 71168K, used 6217K [0x00000006c5c00000, 0x00000006ca180000, 0x000000076c980000)
  object space 71168K, 8% used [0x00000006c5c00000,0x00000006c62126f8,0x00000006ca180000)
 Metaspace       used 20783K, capacity 21068K, committed 21248K, reserved 1067008K
  class space    used 2686K, capacity 2801K, committed 2816K, reserved 1048576K
}

Deoptimization events (10 events):
Event: 0.944 Thread 0x00007fda40813000 Uncommon trap: reason=unstable_if action=reinterpret pc=0x00007fda3130029c method=java.lang.CharacterDataLatin1.digit(II)I @ 82
Event: 6.639 Thread 0x00007fda40813000 Uncommon trap: reason=unstable_if action=reinterpret pc=0x00007fda313ae174 method=java.lang.String.toLowerCase(Ljava/util/Locale;)Ljava/lang/String; @ 226
Event: 7.625 Thread 0x00007fda40813000 Uncommon trap: reason=class_check action=maybe_recompile pc=0x00007fda311a9ad8 method=java.lang.String.equals(Ljava/lang/Object;)Z @ 8
Event: 7.625 Thread 0x00007fda40813000 Uncommon trap: reason=class_check action=maybe_recompile pc=0x00007fda311a9ad8 method=java.lang.String.equals(Ljava/lang/Object;)Z @ 8
Event: 7.625 Thread 0x00007fda40813000 Uncommon trap: reason=class_check action=maybe_recompile pc=0x00007fda311a9ad8 method=java.lang.String.equals(Ljava/lang/Object;)Z @ 8
Event: 7.625 Thread 0x00007fda40813000 Uncommon trap: reason=class_check action=maybe_recompile pc=0x00007fda311a9ad8 method=java.lang.String.equals(Ljava/lang/Object;)Z @ 8
Event: 11.747 Thread 0x00007fd984002000 Uncommon trap: reason=class_check action=maybe_recompile pc=0x00007fda313e2f94 method=java.io.DataInputStream.readInt()I @ 4
Event: 11.747 Thread 0x00007fd984002000 Uncommon trap: reason=class_check action=maybe_recompile pc=0x00007fda313e2f94 method=java.io.DataInputStream.readInt()I @ 4
Event: 11.747 Thread 0x00007fd984002000 Uncommon trap: reason=class_check action=maybe_recompile pc=0x00007fda313e2f94 method=java.io.DataInputStream.readInt()I @ 4
Event: 11.747 Thread 0x00007fd984002000 Uncommon trap: reason=class_check action=maybe_recompile pc=0x00007fda313e2f94 method=java.io.DataInputStream.readInt()I @ 4

Internal exceptions (10 events):
Event: 0.126 Thread 0x00007fda4000e000 Exception <a 'java/security/PrivilegedActionException'> (0x000000076d13b248) thrown at [/build/buildd/openjdk-8-8u45-b14/src/hotspot/src/share/vm/prims/jvm.cpp, line 1382]
Event: 0.126 Thread 0x00007fda4000e000 Exception <a 'java/security/PrivilegedActionException'> (0x000000076d13b590) thrown at [/build/buildd/openjdk-8-8u45-b14/src/hotspot/src/share/vm/prims/jvm.cpp, line 1382]
Event: 0.356 Thread 0x00007fda4000e000 Exception <a 'java/io/FileNotFoundException'> (0x000000076e1165e0) thrown at [/build/buildd/openjdk-8-8u45-b14/src/hotspot/src/share/vm/prims/jni.cpp, line 709]
Event: 0.376 Thread 0x00007fda4000e000 Exception <a 'java/lang/ClassNotFoundException': sun/dc/DuctusRenderingEngine> (0x000000076e17dc48) thrown at [/build/buildd/openjdk-8-8u45-b14/src/hotspot/src/share/vm/classfile/systemDictionary.cpp, line 210]
Event: 0.441 Thread 0x00007fda4000e000 Exception <a 'java/lang/NoSuchFieldError': method resolution failed> (0x000000076f145c20) thrown at [/build/buildd/openjdk-8-8u45-b14/src/hotspot/src/share/vm/prims/methodHandles.cpp, line 1125]
Event: 0.443 Thread 0x00007fda4000e000 Exception <a 'java/lang/NoSuchFieldError': method resolution failed> (0x000000076f154e50) thrown at [/build/buildd/openjdk-8-8u45-b14/src/hotspot/src/share/vm/prims/methodHandles.cpp, line 1125]
Event: 0.523 Thread 0x00007fda40813000 Implicit null exception at 0x00007fda311e78b5 to 0x00007fda311e7c35
Event: 0.524 Thread 0x00007fda40813000 Implicit null exception at 0x00007fda311c57b5 to 0x00007fda311c5b11
Event: 0.821 Thread 0x00007fda40813000 Exception <a 'java/lang/reflect/InvocationTargetException'> (0x00000007705fcb08) thrown at [/build/buildd/openjdk-8-8u45-b14/src/hotspot/src/share/vm/runtime/reflection.cpp, line 1080]
Event: 11.910 Thread 0x00007fd984002000 Exception <a 'java/lang/NoSuchMethodError': scala.Predef$.$conforms()Lscala/Predef$$less$colon$less;> (0x000000076e033278) thrown at [/build/buildd/openjdk-8-8u45-b14/src/hotspot/src/share/vm/interpreter/linkResolver.cpp, line 582]

Events (10 events):
Event: 11.837 loading class org/lwjgl/system/linux/opengl/LinuxGLContext$MakeCurrentActionARB
Event: 11.837 loading class org/lwjgl/system/linux/opengl/LinuxGLContext$MakeCurrentActionARB done
Event: 11.838 loading class edu/hkcc/pacmanrobot/utils/Point2D
Event: 11.838 loading class edu/hkcc/pacmanrobot/utils/Point2D done
Event: 11.838 loading class edu/hkcc/pacmanrobot/utils/Utils$$anon$1
Event: 11.838 loading class edu/hkcc/pacmanrobot/utils/Utils$$anon$1 done
Event: 11.842 loading class edu/hkcc/pacmanrobot/controller/gamecontroller/MiniMap$MiniMapRunnable$$anon$1
Event: 11.842 loading class edu/hkcc/pacmanrobot/controller/gamecontroller/MiniMap$MiniMapRunnable$$anon$1 done
Event: 11.842 loading class edu/hkcc/pacmanrobot/controller/gamecontroller/MiniMap$MiniMapRunnable$OpenglObstacle
Event: 11.842 loading class edu/hkcc/pacmanrobot/controller/gamecontroller/MiniMap$MiniMapRunnable$OpenglObstacle done


Dynamic libraries:
00400000-00401000 r-xp 00000000 fc:02 2238569                            /usr/lib/jvm/java-8-openjdk-amd64/jre/bin/java
00600000-00601000 r--p 00000000 fc:02 2238569                            /usr/lib/jvm/java-8-openjdk-amd64/jre/bin/java
00601000-00602000 rw-p 00001000 fc:02 2238569                            /usr/lib/jvm/java-8-openjdk-amd64/jre/bin/java
02595000-025b6000 rw-p 00000000 00:00 0                                  [heap]
6c5c00000-6ca180000 rw-p 00000000 00:00 0 
6ca180000-76c980000 ---p 00000000 00:00 0 
76c980000-775880000 rw-p 00000000 00:00 0 
775880000-7c0000000 ---p 00000000 00:00 0 
7c0000000-7c02e0000 rw-p 00000000 00:00 0 
7c02e0000-800000000 ---p 00000000 00:00 0 
7fd978000000-7fd978240000 rw-p 00000000 00:00 0 
7fd978240000-7fd97c000000 ---p 00000000 00:00 0 
7fd97e01e000-7fd97fdc7000 r-xp 00000000 fc:02 2107172                    /usr/lib/x86_64-linux-gnu/libLLVM-3.6.so.1
7fd97fdc7000-7fd97fdc8000 ---p 01da9000 fc:02 2107172                    /usr/lib/x86_64-linux-gnu/libLLVM-3.6.so.1
7fd97fdc8000-7fd97ffe4000 r--p 01da9000 fc:02 2107172                    /usr/lib/x86_64-linux-gnu/libLLVM-3.6.so.1
7fd97ffe4000-7fd97ffea000 rw-p 01fc5000 fc:02 2107172                    /usr/lib/x86_64-linux-gnu/libLLVM-3.6.so.1
7fd97ffea000-7fd980000000 rw-p 00000000 00:00 0 
7fd980000000-7fd980021000 rw-p 00000000 00:00 0 
7fd980021000-7fd984000000 ---p 00000000 00:00 0 
7fd984000000-7fd984021000 rw-p 00000000 00:00 0 
7fd984021000-7fd988000000 ---p 00000000 00:00 0 
7fd988000000-7fd988021000 rw-p 00000000 00:00 0 
7fd988021000-7fd98c000000 ---p 00000000 00:00 0 
7fd98ce26000-7fd98cf66000 rw-p 00000000 00:00 0 
7fd98cf66000-7fd98d026000 ---p 00000000 00:00 0 
7fd98d026000-7fd98d05d000 r-xp 00000000 fc:02 2108338                    /usr/lib/x86_64-linux-gnu/libtxc_dxtn_s2tc.so.0.0.0
7fd98d05d000-7fd98d25c000 ---p 00037000 fc:02 2108338                    /usr/lib/x86_64-linux-gnu/libtxc_dxtn_s2tc.so.0.0.0
7fd98d25c000-7fd98d25d000 r--p 00036000 fc:02 2108338                    /usr/lib/x86_64-linux-gnu/libtxc_dxtn_s2tc.so.0.0.0
7fd98d25d000-7fd98d25e000 rw-p 00037000 fc:02 2108338                    /usr/lib/x86_64-linux-gnu/libtxc_dxtn_s2tc.so.0.0.0
7fd98d25e000-7fd98d283000 r-xp 00000000 fc:02 1053251                    /lib/x86_64-linux-gnu/libtinfo.so.5.9
7fd98d283000-7fd98d482000 ---p 00025000 fc:02 1053251                    /lib/x86_64-linux-gnu/libtinfo.so.5.9
7fd98d482000-7fd98d486000 r--p 00024000 fc:02 1053251                    /lib/x86_64-linux-gnu/libtinfo.so.5.9
7fd98d486000-7fd98d487000 rw-p 00028000 fc:02 1053251                    /lib/x86_64-linux-gnu/libtinfo.so.5.9
7fd98d487000-7fd98d4ba000 r-xp 00000000 fc:02 2107580                    /usr/lib/x86_64-linux-gnu/libedit.so.2.0.51
7fd98d4ba000-7fd98d6ba000 ---p 00033000 fc:02 2107580                    /usr/lib/x86_64-linux-gnu/libedit.so.2.0.51
7fd98d6ba000-7fd98d6bc000 r--p 00033000 fc:02 2107580                    /usr/lib/x86_64-linux-gnu/libedit.so.2.0.51
7fd98d6bc000-7fd98d6bd000 rw-p 00035000 fc:02 2107580                    /usr/lib/x86_64-linux-gnu/libedit.so.2.0.51
7fd98d6bd000-7fd98d6c1000 rw-p 00000000 00:00 0 
7fd98d6c1000-7fd98d6d6000 r-xp 00000000 fc:02 2107581                    /usr/lib/x86_64-linux-gnu/libelf-0.160.so
7fd98d6d6000-7fd98d8d5000 ---p 00015000 fc:02 2107581                    /usr/lib/x86_64-linux-gnu/libelf-0.160.so
7fd98d8d5000-7fd98d8d6000 r--p 00014000 fc:02 2107581                    /usr/lib/x86_64-linux-gnu/libelf-0.160.so
7fd98d8d6000-7fd98d8d7000 rw-p 00015000 fc:02 2107581                    /usr/lib/x86_64-linux-gnu/libelf-0.160.so
7fd98d8d7000-7fd98d8e3000 r-xp 00000000 fc:02 2107576                    /usr/lib/x86_64-linux-gnu/libdrm_radeon.so.1.0.1
7fd98d8e3000-7fd98dae2000 ---p 0000c000 fc:02 2107576                    /usr/lib/x86_64-linux-gnu/libdrm_radeon.so.1.0.1
7fd98dae2000-7fd98dae3000 r--p 0000b000 fc:02 2107576                    /usr/lib/x86_64-linux-gnu/libdrm_radeon.so.1.0.1
7fd98dae3000-7fd98dae4000 rw-p 0000c000 fc:02 2107576                    /usr/lib/x86_64-linux-gnu/libdrm_radeon.so.1.0.1
7fd98dae4000-7fd98daea000 r-xp 00000000 fc:02 2107574                    /usr/lib/x86_64-linux-gnu/libdrm_nouveau.so.2.0.0
7fd98daea000-7fd98dce9000 ---p 00006000 fc:02 2107574                    /usr/lib/x86_64-linux-gnu/libdrm_nouveau.so.2.0.0
7fd98dce9000-7fd98dcea000 r--p 00005000 fc:02 2107574                    /usr/lib/x86_64-linux-gnu/libdrm_nouveau.so.2.0.0
7fd98dcea000-7fd98dceb000 rw-p 00006000 fc:02 2107574                    /usr/lib/x86_64-linux-gnu/libdrm_nouveau.so.2.0.0
7fd98dceb000-7fd98e45c000 r-xp 00000000 fc:02 2361022                    /usr/lib/x86_64-linux-gnu/dri/nouveau_dri.so
7fd98e45c000-7fd98e65c000 ---p 00771000 fc:02 2361022                    /usr/lib/x86_64-linux-gnu/dri/nouveau_dri.so
7fd98e65c000-7fd98e6b3000 r--p 00771000 fc:02 2361022                    /usr/lib/x86_64-linux-gnu/dri/nouveau_dri.so
7fd98e6b3000-7fd98e6bf000 rw-p 007c8000 fc:02 2361022                    /usr/lib/x86_64-linux-gnu/dri/nouveau_dri.so
7fd98e6bf000-7fd98e8a4000 rw-p 00000000 00:00 0 
7fd98e8a4000-7fd98e8b6000 r-xp 00000000 fc:02 1053253                    /lib/x86_64-linux-gnu/libudev.so.1.6.2
7fd98e8b6000-7fd98eab5000 ---p 00012000 fc:02 1053253                    /lib/x86_64-linux-gnu/libudev.so.1.6.2
7fd98eab5000-7fd98eab6000 r--p 00011000 fc:02 1053253                    /lib/x86_64-linux-gnu/libudev.so.1.6.2
7fd98eab6000-7fd98eab7000 rw-p 00012000 fc:02 1053253                    /lib/x86_64-linux-gnu/libudev.so.1.6.2
7fd98eab7000-7fd98ecb7000 rw-p 00000000 00:00 0 
7fd98ecb7000-7fd98ecba000 ---p 00000000 00:00 0 
7fd98ecba000-7fd98edb8000 rw-p 00000000 00:00 0                          [stack:29959]
7fd98edb8000-7fd98edbb000 ---p 00000000 00:00 0 
7fd98edbb000-7fd98eeb9000 rw-p 00000000 00:00 0 
7fd98eeb9000-7fd98eebc000 ---p 00000000 00:00 0 
7fd98eebc000-7fd98f1ba000 rw-p 00000000 00:00 0                          [stack:29952]
7fd98f1ba000-7fd98f3ba000 rw-p 00000000 00:00 0 
7fd98f3ba000-7fd98f3bf000 r-xp 00000000 fc:02 1053178                    /lib/x86_64-linux-gnu/libnss_dns-2.21.so
7fd98f3bf000-7fd98f5be000 ---p 00005000 fc:02 1053178                    /lib/x86_64-linux-gnu/libnss_dns-2.21.so
7fd98f5be000-7fd98f5bf000 r--p 00004000 fc:02 1053178                    /lib/x86_64-linux-gnu/libnss_dns-2.21.so
7fd98f5bf000-7fd98f5c0000 rw-p 00005000 fc:02 1053178                    /lib/x86_64-linux-gnu/libnss_dns-2.21.so
7fd98f5c0000-7fd98f5c2000 r-xp 00000000 fc:02 1053186                    /lib/x86_64-linux-gnu/libnss_mdns4_minimal.so.2
7fd98f5c2000-7fd98f7c1000 ---p 00002000 fc:02 1053186                    /lib/x86_64-linux-gnu/libnss_mdns4_minimal.so.2
7fd98f7c1000-7fd98f7c2000 r--p 00001000 fc:02 1053186                    /lib/x86_64-linux-gnu/libnss_mdns4_minimal.so.2
7fd98f7c2000-7fd98f7c3000 rw-p 00002000 fc:02 1053186                    /lib/x86_64-linux-gnu/libnss_mdns4_minimal.so.2
7fd98f7c3000-7fd98f9c3000 rw-p 00000000 00:00 0 
7fd98f9c3000-7fd98f9eb000 r-xp 00000000 fc:02 2238512                    /usr/lib/jvm/java-8-openjdk-amd64/jre/lib/amd64/libsunec.so
7fd98f9eb000-7fd98fbeb000 ---p 00028000 fc:02 2238512                    /usr/lib/jvm/java-8-openjdk-amd64/jre/lib/amd64/libsunec.so
7fd98fbeb000-7fd98fbef000 r--p 00028000 fc:02 2238512                    /usr/lib/jvm/java-8-openjdk-amd64/jre/lib/amd64/libsunec.so
7fd98fbef000-7fd98fbf1000 rw-p 0002c000 fc:02 2238512                    /usr/lib/jvm/java-8-openjdk-amd64/jre/lib/amd64/libsunec.so
7fd98fbf1000-7fd98fbfd000 r-xp 00000000 fc:02 2107570                    /usr/lib/x86_64-linux-gnu/libdrm.so.2.4.0
7fd98fbfd000-7fd98fdfc000 ---p 0000c000 fc:02 2107570                    /usr/lib/x86_64-linux-gnu/libdrm.so.2.4.0
7fd98fdfc000-7fd98fdfd000 r--p 0000b000 fc:02 2107570                    /usr/lib/x86_64-linux-gnu/libdrm.so.2.4.0
7fd98fdfd000-7fd98fdfe000 rw-p 0000c000 fc:02 2107570                    /usr/lib/x86_64-linux-gnu/libdrm.so.2.4.0
7fd98fdfe000-7fd98fdff000 r-xp 00000000 fc:02 2108509                    /usr/lib/x86_64-linux-gnu/libxshmfence.so.1.0.0
7fd98fdff000-7fd98fffe000 ---p 00001000 fc:02 2108509                    /usr/lib/x86_64-linux-gnu/libxshmfence.so.1.0.0
7fd98fffe000-7fd98ffff000 r--p 00000000 fc:02 2108509                    /usr/lib/x86_64-linux-gnu/libxshmfence.so.1.0.0
7fd98ffff000-7fd990000000 rw-p 00001000 fc:02 2108509                    /usr/lib/x86_64-linux-gnu/libxshmfence.so.1.0.0
7fd990000000-7fd990021000 rw-p 00000000 00:00 0 
7fd990021000-7fd994000000 ---p 00000000 00:00 0 
7fd994000000-7fd9941ec000 rw-p 00000000 00:00 0 
7fd9941ec000-7fd998000000 ---p 00000000 00:00 0 
7fd998000000-7fd99802e000 rw-p 00000000 00:00 0 
7fd99802e000-7fd99c000000 ---p 00000000 00:00 0 
7fd99c000000-7fd99c021000 rw-p 00000000 00:00 0 
7fd99c021000-7fd9a0000000 ---p 00000000 00:00 0 
7fd9a0087000-7fd9a008a000 ---p 00000000 00:00 0 
7fd9a008a000-7fd9a0188000 rw-p 00000000 00:00 0                          [stack:29951]
7fd9a0188000-7fd9a018d000 r-xp 00000000 fc:02 2108491                    /usr/lib/x86_64-linux-gnu/libxcb-sync.so.1.0.0
7fd9a018d000-7fd9a038c000 ---p 00005000 fc:02 2108491                    /usr/lib/x86_64-linux-gnu/libxcb-sync.so.1.0.0
7fd9a038c000-7fd9a038d000 r--p 00004000 fc:02 2108491                    /usr/lib/x86_64-linux-gnu/libxcb-sync.so.1.0.0
7fd9a038d000-7fd9a038e000 rw-p 00005000 fc:02 2108491                    /usr/lib/x86_64-linux-gnu/libxcb-sync.so.1.0.0
7fd9a038e000-7fd9a0390000 r-xp 00000000 fc:02 2108479                    /usr/lib/x86_64-linux-gnu/libxcb-present.so.0.0.0
7fd9a0390000-7fd9a058f000 ---p 00002000 fc:02 2108479                    /usr/lib/x86_64-linux-gnu/libxcb-present.so.0.0.0
7fd9a058f000-7fd9a0590000 r--p 00001000 fc:02 2108479                    /usr/lib/x86_64-linux-gnu/libxcb-present.so.0.0.0
7fd9a0590000-7fd9a0591000 rw-p 00002000 fc:02 2108479                    /usr/lib/x86_64-linux-gnu/libxcb-present.so.0.0.0
7fd9a0591000-7fd9a0593000 r-xp 00000000 fc:02 2108469                    /usr/lib/x86_64-linux-gnu/libxcb-dri3.so.0.0.0
7fd9a0593000-7fd9a0792000 ---p 00002000 fc:02 2108469                    /usr/lib/x86_64-linux-gnu/libxcb-dri3.so.0.0.0
7fd9a0792000-7fd9a0793000 r--p 00001000 fc:02 2108469                    /usr/lib/x86_64-linux-gnu/libxcb-dri3.so.0.0.0
7fd9a0793000-7fd9a0794000 rw-p 00002000 fc:02 2108469                    /usr/lib/x86_64-linux-gnu/libxcb-dri3.so.0.0.0
7fd9a0794000-7fd9a0797000 r-xp 00000000 fc:02 2108467                    /usr/lib/x86_64-linux-gnu/libxcb-dri2.so.0.0.0
7fd9a0797000-7fd9a0997000 ---p 00003000 fc:02 2108467                    /usr/lib/x86_64-linux-gnu/libxcb-dri2.so.0.0.0
7fd9a0997000-7fd9a0998000 r--p 00003000 fc:02 2108467                    /usr/lib/x86_64-linux-gnu/libxcb-dri2.so.0.0.0
7fd9a0998000-7fd9a0999000 rw-p 00004000 fc:02 2108467                    /usr/lib/x86_64-linux-gnu/libxcb-dri2.so.0.0.0
7fd9a0999000-7fd9a09ae000 r-xp 00000000 fc:02 2108471                    /usr/lib/x86_64-linux-gnu/libxcb-glx.so.0.0.0
7fd9a09ae000-7fd9a0bad000 ---p 00015000 fc:02 2108471                    /usr/lib/x86_64-linux-gnu/libxcb-glx.so.0.0.0
7fd9a0bad000-7fd9a0baf000 r--p 00014000 fc:02 2108471                    /usr/lib/x86_64-linux-gnu/libxcb-glx.so.0.0.0
7fd9a0baf000-7fd9a0bb0000 rw-p 00016000 fc:02 2108471                    /usr/lib/x86_64-linux-gnu/libxcb-glx.so.0.0.0
7fd9a0bb0000-7fd9a0bb1000 r-xp 00000000 fc:02 2107295                    /usr/lib/x86_64-linux-gnu/libX11-xcb.so.1.0.0
7fd9a0bb1000-7fd9a0db0000 ---p 00001000 fc:02 2107295                    /usr/lib/x86_64-linux-gnu/libX11-xcb.so.1.0.0
7fd9a0db0000-7fd9a0db1000 r--p 00000000 fc:02 2107295                    /usr/lib/x86_64-linux-gnu/libX11-xcb.so.1.0.0
7fd9a0db1000-7fd9a0db2000 rw-p 00001000 fc:02 2107295                    /usr/lib/x86_64-linux-gnu/libX11-xcb.so.1.0.0
7fd9a0db2000-7fd9a0db4000 r-xp 00000000 fc:02 2107310                    /usr/lib/x86_64-linux-gnu/libXdamage.so.1.1.0
7fd9a0db4000-7fd9a0fb3000 ---p 00002000 fc:02 2107310                    /usr/lib/x86_64-linux-gnu/libXdamage.so.1.1.0
7fd9a0fb3000-7fd9a0fb4000 r--p 00001000 fc:02 2107310                    /usr/lib/x86_64-linux-gnu/libXdamage.so.1.1.0
7fd9a0fb4000-7fd9a0fb5000 rw-p 00002000 fc:02 2107310                    /usr/lib/x86_64-linux-gnu/libXdamage.so.1.1.0
7fd9a0fb5000-7fd9a0fda000 r-xp 00000000 fc:02 2107729                    /usr/lib/x86_64-linux-gnu/libglapi.so.0.0.0
7fd9a0fda000-7fd9a11da000 ---p 00025000 fc:02 2107729                    /usr/lib/x86_64-linux-gnu/libglapi.so.0.0.0
7fd9a11da000-7fd9a11dd000 r--p 00025000 fc:02 2107729                    /usr/lib/x86_64-linux-gnu/libglapi.so.0.0.0
7fd9a11dd000-7fd9a11de000 rw-p 00028000 fc:02 2107729                    /usr/lib/x86_64-linux-gnu/libglapi.so.0.0.0
7fd9a11de000-7fd9a11df000 rw-p 00000000 00:00 0 
7fd9a11df000-7fd9a1205000 r-xp 00000000 fc:02 1053118                    /lib/x86_64-linux-gnu/libexpat.so.1.6.0
7fd9a1205000-7fd9a1404000 ---p 00026000 fc:02 1053118                    /lib/x86_64-linux-gnu/libexpat.so.1.6.0
7fd9a1404000-7fd9a1407000 r--p 00025000 fc:02 1053118                    /lib/x86_64-linux-gnu/libexpat.so.1.6.0
7fd9a1407000-7fd9a1408000 rw-p 00028000 fc:02 1053118                    /lib/x86_64-linux-gnu/libexpat.so.1.6.0
7fd9a1408000-7fd9a140a000 r-xp 00000000 fc:02 2107324                    /usr/lib/x86_64-linux-gnu/libXinerama.so.1.0.0
7fd9a140a000-7fd9a1609000 ---p 00002000 fc:02 2107324                    /usr/lib/x86_64-linux-gnu/libXinerama.so.1.0.0
7fd9a1609000-7fd9a160a000 r--p 00001000 fc:02 2107324                    /usr/lib/x86_64-linux-gnu/libXinerama.so.1.0.0
7fd9a160a000-7fd9a160b000 rw-p 00002000 fc:02 2107324                    /usr/lib/x86_64-linux-gnu/libXinerama.so.1.0.0
7fd9a160b000-7fd9a160f000 r-xp 00000000 fc:02 2107352                    /usr/lib/x86_64-linux-gnu/libXxf86vm.so.1.0.0
7fd9a160f000-7fd9a180f000 ---p 00004000 fc:02 2107352                    /usr/lib/x86_64-linux-gnu/libXxf86vm.so.1.0.0
7fd9a180f000-7fd9a1810000 r--p 00004000 fc:02 2107352                    /usr/lib/x86_64-linux-gnu/libXxf86vm.so.1.0.0
7fd9a1810000-7fd9a1811000 rw-p 00005000 fc:02 2107352                    /usr/lib/x86_64-linux-gnu/libXxf86vm.so.1.0.0
7fd9a1811000-7fd9a181a000 r-xp 00000000 fc:02 2107334                    /usr/lib/x86_64-linux-gnu/libXrandr.so.2.2.0
7fd9a181a000-7fd9a1a19000 ---p 00009000 fc:02 2107334                    /usr/lib/x86_64-linux-gnu/libXrandr.so.2.2.0
7fd9a1a19000-7fd9a1a1a000 r--p 00008000 fc:02 2107334                    /usr/lib/x86_64-linux-gnu/libXrandr.so.2.2.0
7fd9a1a1a000-7fd9a1a1b000 rw-p 00009000 fc:02 2107334                    /usr/lib/x86_64-linux-gnu/libXrandr.so.2.2.0
7fd9a1a1b000-7fd9a1ab3000 r-xp 00000000 fc:02 2362522                    /usr/lib/x86_64-linux-gnu/mesa/libGL.so.1.2.0
7fd9a1ab3000-7fd9a1cb2000 ---p 00098000 fc:02 2362522                    /usr/lib/x86_64-linux-gnu/mesa/libGL.so.1.2.0
7fd9a1cb2000-7fd9a1cb5000 r--p 00097000 fc:02 2362522                    /usr/lib/x86_64-linux-gnu/mesa/libGL.so.1.2.0
7fd9a1cb5000-7fd9a1cb6000 rw-p 0009a000 fc:02 2362522                    /usr/lib/x86_64-linux-gnu/mesa/libGL.so.1.2.0
7fd9a1cb6000-7fd9a1cb7000 rw-p 00000000 00:00 0 
7fd9a1cb7000-7fd9a1d29000 r-xp 00000000 fc:01 13763062                   /home/beenotung/git/workspace/hkcc-pacman-robot/lib/lwjgl3/native/linux/x64/liblwjgl.so
7fd9a1d29000-7fd9a1f28000 ---p 00072000 fc:01 13763062                   /home/beenotung/git/workspace/hkcc-pacman-robot/lib/lwjgl3/native/linux/x64/liblwjgl.so
7fd9a1f28000-7fd9a1f29000 r--p 00071000 fc:01 13763062                   /home/beenotung/git/workspace/hkcc-pacman-robot/lib/lwjgl3/native/linux/x64/liblwjgl.so
7fd9a1f29000-7fd9a1f2a000 rw-p 00072000 fc:01 13763062                   /home/beenotung/git/workspace/hkcc-pacman-robot/lib/lwjgl3/native/linux/x64/liblwjgl.so
7fd9a1f2a000-7fd9a1f2b000 rw-p 00000000 00:00 0 
7fd9a1f2b000-7fd9a1f3c000 r-xp 00000000 fc:02 2238511                    /usr/lib/jvm/java-8-openjdk-amd64/jre/lib/amd64/libnio.so
7fd9a1f3c000-7fd9a213b000 ---p 00011000 fc:02 2238511                    /usr/lib/jvm/java-8-openjdk-amd64/jre/lib/amd64/libnio.so
7fd9a213b000-7fd9a213c000 r--p 00010000 fc:02 2238511                    /usr/lib/jvm/java-8-openjdk-amd64/jre/lib/amd64/libnio.so
7fd9a213c000-7fd9a213d000 rw-p 00011000 fc:02 2238511                    /usr/lib/jvm/java-8-openjdk-amd64/jre/lib/amd64/libnio.so
7fd9a213d000-7fd9a233d000 rw-p 00000000 00:00 0 
7fd9a233d000-7fd9a23a9000 r-xp 00000000 fc:02 1053210                    /lib/x86_64-linux-gnu/libpcre.so.3.13.1
7fd9a23a9000-7fd9a25a8000 ---p 0006c000 fc:02 1053210                    /lib/x86_64-linux-gnu/libpcre.so.3.13.1
7fd9a25a8000-7fd9a25a9000 r--p 0006b000 fc:02 1053210                    /lib/x86_64-linux-gnu/libpcre.so.3.13.1
7fd9a25a9000-7fd9a25aa000 rw-p 0006c000 fc:02 1053210                    /lib/x86_64-linux-gnu/libpcre.so.3.13.1
7fd9a25aa000-7fd9a25b1000 r-xp 00000000 fc:02 2107620                    /usr/lib/x86_64-linux-gnu/libffi.so.6.0.4
7fd9a25b1000-7fd9a27b0000 ---p 00007000 fc:02 2107620                    /usr/lib/x86_64-linux-gnu/libffi.so.6.0.4
7fd9a27b0000-7fd9a27b1000 r--p 00006000 fc:02 2107620                    /usr/lib/x86_64-linux-gnu/libffi.so.6.0.4
7fd9a27b1000-7fd9a27b2000 rw-p 00007000 fc:02 2107620                    /usr/lib/x86_64-linux-gnu/libffi.so.6.0.4
7fd9a27b2000-7fd9a27c9000 r-xp 00000000 fc:02 1053233                    /lib/x86_64-linux-gnu/libresolv-2.21.so
7fd9a27c9000-7fd9a29c9000 ---p 00017000 fc:02 1053233                    /lib/x86_64-linux-gnu/libresolv-2.21.so
7fd9a29c9000-7fd9a29cb000 r--p 00017000 fc:02 1053233                    /lib/x86_64-linux-gnu/libresolv-2.21.so
7fd9a29cb000-7fd9a29cc000 rw-p 00019000 fc:02 1053233                    /lib/x86_64-linux-gnu/libresolv-2.21.so
7fd9a29cc000-7fd9a29ce000 rw-p 00000000 00:00 0 
7fd9a29ce000-7fd9a29ef000 r-xp 00000000 fc:02 1053237                    /lib/x86_64-linux-gnu/libselinux.so.1
7fd9a29ef000-7fd9a2bee000 ---p 00021000 fc:02 1053237                    /lib/x86_64-linux-gnu/libselinux.so.1
7fd9a2bee000-7fd9a2bef000 r--p 00020000 fc:02 1053237                    /lib/x86_64-linux-gnu/libselinux.so.1
7fd9a2bef000-7fd9a2bf0000 rw-p 00021000 fc:02 1053237                    /lib/x86_64-linux-gnu/libselinux.so.1
7fd9a2bf0000-7fd9a2bf2000 rw-p 00000000 00:00 0 
7fd9a2bf2000-7fd9a2bf5000 r-xp 00000000 fc:02 2107737                    /usr/lib/x86_64-linux-gnu/libgmodule-2.0.so.0.4400.0
7fd9a2bf5000-7fd9a2df4000 ---p 00003000 fc:02 2107737                    /usr/lib/x86_64-linux-gnu/libgmodule-2.0.so.0.4400.0
7fd9a2df4000-7fd9a2df5000 r--p 00002000 fc:02 2107737                    /usr/lib/x86_64-linux-gnu/libgmodule-2.0.so.0.4400.0
7fd9a2df5000-7fd9a2df6000 rw-p 00003000 fc:02 2107737                    /usr/lib/x86_64-linux-gnu/libgmodule-2.0.so.0.4400.0
7fd9a2df6000-7fd9a2e10000 r-xp 00000000 fc:02 2107532                    /usr/lib/x86_64-linux-gnu/libdbusmenu-glib.so.4.0.12
7fd9a2e10000-7fd9a3010000 ---p 0001a000 fc:02 2107532                    /usr/lib/x86_64-linux-gnu/libdbusmenu-glib.so.4.0.12
7fd9a3010000-7fd9a3012000 r--p 0001a000 fc:02 2107532                    /usr/lib/x86_64-linux-gnu/libdbusmenu-glib.so.4.0.12
7fd9a3012000-7fd9a3013000 rw-p 0001c000 fc:02 2107532                    /usr/lib/x86_64-linux-gnu/libdbusmenu-glib.so.4.0.12
7fd9a3013000-7fd9a3120000 r-xp 00000000 fc:02 1053127                    /lib/x86_64-linux-gnu/libglib-2.0.so.0.4400.0
7fd9a3120000-7fd9a331f000 ---p 0010d000 fc:02 1053127                    /lib/x86_64-linux-gnu/libglib-2.0.so.0.4400.0
7fd9a331f000-7fd9a3320000 r--p 0010c000 fc:02 1053127                    /lib/x86_64-linux-gnu/libglib-2.0.so.0.4400.0
7fd9a3320000-7fd9a3321000 rw-p 0010d000 fc:02 1053127                    /lib/x86_64-linux-gnu/libglib-2.0.so.0.4400.0
7fd9a3321000-7fd9a3322000 rw-p 00000000 00:00 0 
7fd9a3322000-7fd9a3372000 r-xp 00000000 fc:02 2107751                    /usr/lib/x86_64-linux-gnu/libgobject-2.0.so.0.4400.0
7fd9a3372000-7fd9a3572000 ---p 00050000 fc:02 2107751                    /usr/lib/x86_64-linux-gnu/libgobject-2.0.so.0.4400.0
7fd9a3572000-7fd9a3573000 r--p 00050000 fc:02 2107751                    /usr/lib/x86_64-linux-gnu/libgobject-2.0.so.0.4400.0
7fd9a3573000-7fd9a3574000 rw-p 00051000 fc:02 2107751                    /usr/lib/x86_64-linux-gnu/libgobject-2.0.so.0.4400.0
7fd9a3574000-7fd9a36ec000 r-xp 00000000 fc:02 2107723                    /usr/lib/x86_64-linux-gnu/libgio-2.0.so.0.4400.0
7fd9a36ec000-7fd9a38ec000 ---p 00178000 fc:02 2107723                    /usr/lib/x86_64-linux-gnu/libgio-2.0.so.0.4400.0
7fd9a38ec000-7fd9a38f0000 r--p 00178000 fc:02 2107723                    /usr/lib/x86_64-linux-gnu/libgio-2.0.so.0.4400.0
7fd9a38f0000-7fd9a38f2000 rw-p 0017c000 fc:02 2107723                    /usr/lib/x86_64-linux-gnu/libgio-2.0.so.0.4400.0
7fd9a38f2000-7fd9a38f4000 rw-p 00000000 00:00 0 
7fd9a38f4000-7fd9a38fa000 r-xp 00000000 fc:02 2102685                    /usr/lib/jayatana/libjayatana.so
7fd9a38fa000-7fd9a3af9000 ---p 00006000 fc:02 2102685                    /usr/lib/jayatana/libjayatana.so
7fd9a3af9000-7fd9a3afa000 r--p 00005000 fc:02 2102685                    /usr/lib/jayatana/libjayatana.so
7fd9a3afa000-7fd9a3afb000 rw-p 00006000 fc:02 2102685                    /usr/lib/jayatana/libjayatana.so
7fd9a3afb000-7fd9a3afc000 r-xp 00000000 fc:02 2238503                    /usr/lib/jvm/java-8-openjdk-amd64/jre/lib/amd64/libjawt.so
7fd9a3afc000-7fd9a3cfb000 ---p 00001000 fc:02 2238503                    /usr/lib/jvm/java-8-openjdk-amd64/jre/lib/amd64/libjawt.so
7fd9a3cfb000-7fd9a3cfc000 r--p 00000000 fc:02 2238503                    /usr/lib/jvm/java-8-openjdk-amd64/jre/lib/amd64/libjawt.so
7fd9a3cfc000-7fd9a3cfd000 rw-p 00001000 fc:02 2238503                    /usr/lib/jvm/java-8-openjdk-amd64/jre/lib/amd64/libjawt.so
7fd9a3cfd000-7fd9a3d00000 ---p 00000000 00:00 0 
7fd9a3d00000-7fd9a3dfe000 rw-p 00000000 00:00 0                          [stack:29935]
7fd9a3dfe000-7fd9a3e01000 ---p 00000000 00:00 0 
7fd9a3e01000-7fd9a3eff000 rw-p 00000000 00:00 0                          [stack:29934]
7fd9a3eff000-7fd9a3f02000 ---p 00000000 00:00 0 
7fd9a3f02000-7fd9a4000000 rw-p 00000000 00:00 0                          [stack:29933]
7fd9a4000000-7fd9a4021000 rw-p 00000000 00:00 0 
7fd9a4021000-7fd9a8000000 ---p 00000000 00:00 0 
7fd9a8000000-7fd9a828b000 rw-p 00000000 00:00 0 
7fd9a828b000-7fd9ac000000 ---p 00000000 00:00 0 
7fd9ac000000-7fd9ac021000 rw-p 00000000 00:00 0 
7fd9ac021000-7fd9b0000000 ---p 00000000 00:00 0 
7fd9b0000000-7fd9b027f000 rw-p 00000000 00:00 0 
7fd9b027f000-7fd9b4000000 ---p 00000000 00:00 0 
7fd9b4000000-7fd9b4021000 rw-p 00000000 00:00 0 
7fd9b4021000-7fd9b8000000 ---p 00000000 00:00 0 
7fd9b8000000-7fd9b8021000 rw-p 00000000 00:00 0 
7fd9b8021000-7fd9bc000000 ---p 00000000 00:00 0 
7fd9bc000000-7fd9bc021000 rw-p 00000000 00:00 0 
7fd9bc021000-7fd9c0000000 ---p 00000000 00:00 0 
7fd9c0000000-7fd9c0021000 rw-p 00000000 00:00 0 
7fd9c0021000-7fd9c4000000 ---p 00000000 00:00 0 
7fd9c4000000-7fd9c4021000 rw-p 00000000 00:00 0 
7fd9c4021000-7fd9c8000000 ---p 00000000 00:00 0 
7fd9c8000000-7fd9c8021000 rw-p 00000000 00:00 0 
7fd9c8021000-7fd9cc000000 ---p 00000000 00:00 0 
7fd9cc000000-7fd9cc021000 rw-p 00000000 00:00 0 
7fd9cc021000-7fd9d0000000 ---p 00000000 00:00 0 
7fd9d0000000-7fd9d0021000 rw-p 00000000 00:00 0 
7fd9d0021000-7fd9d4000000 ---p 00000000 00:00 0 
7fd9d4000000-7fd9d4021000 rw-p 00000000 00:00 0 
7fd9d4021000-7fd9d8000000 ---p 00000000 00:00 0 
7fd9d8000000-7fd9d8048000 rw-p 00000000 00:00 0 
7fd9d8048000-7fd9dc000000 ---p 00000000 00:00 0 
7fd9dc000000-7fd9dc29a000 rw-p 00000000 00:00 0 
7fd9dc29a000-7fd9e0000000 ---p 00000000 00:00 0 
7fd9e0000000-7fd9e0021000 rw-p 00000000 00:00 0 
7fd9e0021000-7fd9e4000000 ---p 00000000 00:00 0 
7fd9e4000000-7fd9e433b000 rw-p 00000000 00:00 0 
7fd9e433b000-7fd9e8000000 ---p 00000000 00:00 0 
7fd9e8000000-7fd9e83d5000 rw-p 00000000 00:00 0 
7fd9e83d5000-7fd9ec000000 ---p 00000000 00:00 0 
7fd9ec000000-7fd9ec021000 rw-p 00000000 00:00 0 
7fd9ec021000-7fd9f0000000 ---p 00000000 00:00 0 
7fd9f0000000-7fd9f02d2000 rw-p 00000000 00:00 0 
7fd9f02d2000-7fd9f4000000 ---p 00000000 00:00 0 
7fd9f4000000-7fd9f4021000 rw-p 00000000 00:00 0 
7fd9f4021000-7fd9f8000000 ---p 00000000 00:00 0 
7fd9f8000000-7fd9f8021000 rw-p 00000000 00:00 0 
7fd9f8021000-7fd9fc000000 ---p 00000000 00:00 0 
7fd9fc000000-7fd9fc021000 rw-p 00000000 00:00 0 
7fd9fc021000-7fda00000000 ---p 00000000 00:00 0 
7fda000e0000-7fda08000000 rw-p 00000000 00:00 0 
7fda08000000-7fda08021000 rw-p 00000000 00:00 0 
7fda08021000-7fda0c000000 ---p 00000000 00:00 0 
7fda0c000000-7fda0c021000 rw-p 00000000 00:00 0 
7fda0c021000-7fda10000000 ---p 00000000 00:00 0 
7fda10000000-7fda10021000 rw-p 00000000 00:00 0 
7fda10021000-7fda14000000 ---p 00000000 00:00 0 
7fda140d8000-7fda140dd000 r-xp 00000000 fc:02 2107316                    /usr/lib/x86_64-linux-gnu/libXfixes.so.3.1.0
7fda140dd000-7fda142dc000 ---p 00005000 fc:02 2107316                    /usr/lib/x86_64-linux-gnu/libXfixes.so.3.1.0
7fda142dc000-7fda142dd000 r--p 00004000 fc:02 2107316                    /usr/lib/x86_64-linux-gnu/libXfixes.so.3.1.0
7fda142dd000-7fda142de000 rw-p 00005000 fc:02 2107316                    /usr/lib/x86_64-linux-gnu/libXfixes.so.3.1.0
7fda142de000-7fda142e7000 r-xp 00000000 fc:02 2107308                    /usr/lib/x86_64-linux-gnu/libXcursor.so.1.0.2
7fda142e7000-7fda144e6000 ---p 00009000 fc:02 2107308                    /usr/lib/x86_64-linux-gnu/libXcursor.so.1.0.2
7fda144e6000-7fda144e7000 r--p 00008000 fc:02 2107308                    /usr/lib/x86_64-linux-gnu/libXcursor.so.1.0.2
7fda144e7000-7fda144e8000 rw-p 00009000 fc:02 2107308                    /usr/lib/x86_64-linux-gnu/libXcursor.so.1.0.2
7fda144e8000-7fda1450d000 r-xp 00000000 fc:02 1053222                    /lib/x86_64-linux-gnu/libpng12.so.0.51.0
7fda1450d000-7fda1470c000 ---p 00025000 fc:02 1053222                    /lib/x86_64-linux-gnu/libpng12.so.0.51.0
7fda1470c000-7fda1470d000 r--p 00024000 fc:02 1053222                    /lib/x86_64-linux-gnu/libpng12.so.0.51.0
7fda1470d000-7fda1470e000 rw-p 00025000 fc:02 1053222                    /lib/x86_64-linux-gnu/libpng12.so.0.51.0
7fda1470e000-7fda147b0000 r-xp 00000000 fc:02 2107666                    /usr/lib/x86_64-linux-gnu/libfreetype.so.6.11.1
7fda147b0000-7fda149af000 ---p 000a2000 fc:02 2107666                    /usr/lib/x86_64-linux-gnu/libfreetype.so.6.11.1
7fda149af000-7fda149b5000 r--p 000a1000 fc:02 2107666                    /usr/lib/x86_64-linux-gnu/libfreetype.so.6.11.1
7fda149b5000-7fda149b6000 rw-p 000a7000 fc:02 2107666                    /usr/lib/x86_64-linux-gnu/libfreetype.so.6.11.1
7fda149b6000-7fda14a08000 r-xp 00000000 fc:02 2238500                    /usr/lib/jvm/java-8-openjdk-amd64/jre/lib/amd64/libfontmanager.so
7fda14a08000-7fda14c08000 ---p 00052000 fc:02 2238500                    /usr/lib/jvm/java-8-openjdk-amd64/jre/lib/amd64/libfontmanager.so
7fda14c08000-7fda14c0b000 r--p 00052000 fc:02 2238500                    /usr/lib/jvm/java-8-openjdk-amd64/jre/lib/amd64/libfontmanager.so
7fda14c0b000-7fda14c0c000 rw-p 00055000 fc:02 2238500                    /usr/lib/jvm/java-8-openjdk-amd64/jre/lib/amd64/libfontmanager.so
7fda14c0c000-7fda14c0f000 ---p 00000000 00:00 0 
7fda14c0f000-7fda14d0d000 rw-p 00000000 00:00 0                          [stack:29928]
7fda14d0d000-7fda14d10000 ---p 00000000 00:00 0 
7fda14d10000-7fda14e0e000 rw-p 00000000 00:00 0                          [stack:29927]
7fda14e0f000-7fda14e12000 ---p 00000000 00:00 0 
7fda14e12000-7fda14f10000 rw-p 00000000 00:00 0                          [stack:29932]
7fda14f10000-7fda14f13000 ---p 00000000 00:00 0 
7fda14f13000-7fda15011000 rw-p 00000000 00:00 0                          [stack:29930]
7fda15011000-7fda15014000 ---p 00000000 00:00 0 
7fda15014000-7fda15112000 rw-p 00000000 00:00 0                          [stack:29924]
7fda15112000-7fda15115000 ---p 00000000 00:00 0 
7fda15115000-7fda15213000 rw-p 00000000 00:00 0                          [stack:29929]
7fda15213000-7fda15216000 ---p 00000000 00:00 0 
7fda15216000-7fda15314000 rw-p 00000000 00:00 0                          [stack:29922]
7fda15314000-7fda15317000 ---p 00000000 00:00 0 
7fda15317000-7fda15415000 rw-p 00000000 00:00 0                          [stack:29921]
7fda15415000-7fda15424000 r-xp 00000000 fc:02 2107322                    /usr/lib/x86_64-linux-gnu/libXi.so.6.1.0
7fda15424000-7fda15623000 ---p 0000f000 fc:02 2107322                    /usr/lib/x86_64-linux-gnu/libXi.so.6.1.0
7fda15623000-7fda15624000 r--p 0000e000 fc:02 2107322                    /usr/lib/x86_64-linux-gnu/libXi.so.6.1.0
7fda15624000-7fda15625000 rw-p 0000f000 fc:02 2107322                    /usr/lib/x86_64-linux-gnu/libXi.so.6.1.0
7fda15625000-7fda1562a000 r-xp 00000000 fc:02 2107342                    /usr/lib/x86_64-linux-gnu/libXtst.so.6.1.0
7fda1562a000-7fda15829000 ---p 00005000 fc:02 2107342                    /usr/lib/x86_64-linux-gnu/libXtst.so.6.1.0
7fda15829000-7fda1582a000 r--p 00004000 fc:02 2107342                    /usr/lib/x86_64-linux-gnu/libXtst.so.6.1.0
7fda1582a000-7fda1582b000 rw-p 00005000 fc:02 2107342                    /usr/lib/x86_64-linux-gnu/libXtst.so.6.1.0
7fda1582b000-7fda15834000 r-xp 00000000 fc:02 2107336                    /usr/lib/x86_64-linux-gnu/libXrender.so.1.3.0
7fda15834000-7fda15a33000 ---p 00009000 fc:02 2107336                    /usr/lib/x86_64-linux-gnu/libXrender.so.1.3.0
7fda15a33000-7fda15a34000 r--p 00008000 fc:02 2107336                    /usr/lib/x86_64-linux-gnu/libXrender.so.1.3.0
7fda15a34000-7fda15a35000 rw-p 00009000 fc:02 2107336                    /usr/lib/x86_64-linux-gnu/libXrender.so.1.3.0
7fda15a35000-7fda15a46000 r-xp 00000000 fc:02 2107314                    /usr/lib/x86_64-linux-gnu/libXext.so.6.4.0
7fda15a46000-7fda15c45000 ---p 00011000 fc:02 2107314                    /usr/lib/x86_64-linux-gnu/libXext.so.6.4.0
7fda15c45000-7fda15c46000 r--p 00010000 fc:02 2107314                    /usr/lib/x86_64-linux-gnu/libXext.so.6.4.0
7fda15c46000-7fda15c47000 rw-p 00011000 fc:02 2107314                    /usr/lib/x86_64-linux-gnu/libXext.so.6.4.0
7fda15c47000-7fda15c9e000 r-xp 00000000 fc:02 2238488                    /usr/lib/jvm/java-8-openjdk-amd64/jre/lib/amd64/libawt_xawt.so
7fda15c9e000-7fda15e9e000 ---p 00057000 fc:02 2238488                    /usr/lib/jvm/java-8-openjdk-amd64/jre/lib/amd64/libawt_xawt.so
7fda15e9e000-7fda15e9f000 r--p 00057000 fc:02 2238488                    /usr/lib/jvm/java-8-openjdk-amd64/jre/lib/amd64/libawt_xawt.so
7fda15e9f000-7fda15ea2000 rw-p 00058000 fc:02 2238488                    /usr/lib/jvm/java-8-openjdk-amd64/jre/lib/amd64/libawt_xawt.so
7fda15ea2000-7fda15ea3000 rw-p 00000000 00:00 0 
7fda15ea3000-7fda15ea6000 ---p 00000000 00:00 0 
7fda15ea6000-7fda15fa4000 rw-p 00000000 00:00 0                          [stack:29920]
7fda15fa4000-7fda15fa7000 ---p 00000000 00:00 0 
7fda15fa7000-7fda160a5000 rw-p 00000000 00:00 0                          [stack:29919]
7fda160a5000-7fda160a8000 ---p 00000000 00:00 0 
7fda160a8000-7fda161a6000 rw-p 00000000 00:00 0                          [stack:29918]
7fda161a6000-7fda161a9000 ---p 00000000 00:00 0 
7fda161a9000-7fda162a7000 rw-p 00000000 00:00 0                          [stack:29917]
7fda162a7000-7fda16348000 r-xp 00000000 fc:02 2238519                    /usr/lib/jvm/java-8-openjdk-amd64/jre/lib/amd64/libawt.so
7fda16348000-7fda16547000 ---p 000a1000 fc:02 2238519                    /usr/lib/jvm/java-8-openjdk-amd64/jre/lib/amd64/libawt.so
7fda16547000-7fda16548000 r--p 000a0000 fc:02 2238519                    /usr/lib/jvm/java-8-openjdk-amd64/jre/lib/amd64/libawt.so
7fda16548000-7fda16553000 rw-p 000a1000 fc:02 2238519                    /usr/lib/jvm/java-8-openjdk-amd64/jre/lib/amd64/libawt.so
7fda16553000-7fda16578000 rw-p 00000000 00:00 0 
7fda16578000-7fda1657b000 ---p 00000000 00:00 0 
7fda1657b000-7fda1697a000 rw-p 00000000 00:00 0                          [stack:29916]
7fda1697a000-7fda16991000 r-xp 00000000 fc:02 2238492                    /usr/lib/jvm/java-8-openjdk-amd64/jre/lib/amd64/libnet.so
7fda16991000-7fda16b90000 ---p 00017000 fc:02 2238492                    /usr/lib/jvm/java-8-openjdk-amd64/jre/lib/amd64/libnet.so
7fda16b90000-7fda16b91000 r--p 00016000 fc:02 2238492                    /usr/lib/jvm/java-8-openjdk-amd64/jre/lib/amd64/libnet.so
7fda16b91000-7fda16b92000 rw-p 00017000 fc:02 2238492                    /usr/lib/jvm/java-8-openjdk-amd64/jre/lib/amd64/libnet.so
7fda16b92000-7fda16b95000 ---p 00000000 00:00 0 
7fda16b95000-7fda16c93000 rw-p 00000000 00:00 0                          [stack:29915]
7fda16c93000-7fda16c94000 r-xp 00000000 fc:02 269472                     /opt/idea/bin/libbreakgen64.so
7fda16c94000-7fda16e93000 ---p 00001000 fc:02 269472                     /opt/idea/bin/libbreakgen64.so
7fda16e93000-7fda16e94000 r--p 00000000 fc:02 269472                     /opt/idea/bin/libbreakgen64.so
7fda16e94000-7fda16e95000 rw-p 00001000 fc:02 269472                     /opt/idea/bin/libbreakgen64.so
7fda16e95000-7fda16e96000 ---p 00000000 00:00 0 
7fda16e96000-7fda16f96000 rw-p 00000000 00:00 0                          [stack:29914]
7fda16f96000-7fda16f99000 ---p 00000000 00:00 0 
7fda16f99000-7fda17097000 rw-p 00000000 00:00 0                          [stack:29913]
7fda17097000-7fda1709a000 ---p 00000000 00:00 0 
7fda1709a000-7fda17198000 rw-p 00000000 00:00 0                          [stack:29912]
7fda17198000-7fda1719b000 ---p 00000000 00:00 0 
7fda1719b000-7fda17299000 rw-p 00000000 00:00 0                          [stack:29911]
7fda17299000-7fda1729c000 ---p 00000000 00:00 0 
7fda1729c000-7fda1739a000 rw-p 00000000 00:00 0                          [stack:29910]
7fda1739a000-7fda1739d000 ---p 00000000 00:00 0 
7fda1739d000-7fda1749b000 rw-p 00000000 00:00 0                          [stack:29909]
7fda1749b000-7fda174a0000 r-xp 00000000 fc:02 2107312                    /usr/lib/x86_64-linux-gnu/libXdmcp.so.6.0.0
7fda174a0000-7fda1769f000 ---p 00005000 fc:02 2107312                    /usr/lib/x86_64-linux-gnu/libXdmcp.so.6.0.0
7fda1769f000-7fda176a0000 r--p 00004000 fc:02 2107312                    /usr/lib/x86_64-linux-gnu/libXdmcp.so.6.0.0
7fda176a0000-7fda176a1000 rw-p 00005000 fc:02 2107312                    /usr/lib/x86_64-linux-gnu/libXdmcp.so.6.0.0
7fda176a1000-7fda176a3000 r-xp 00000000 fc:02 2107301                    /usr/lib/x86_64-linux-gnu/libXau.so.6.0.0
7fda176a3000-7fda178a3000 ---p 00002000 fc:02 2107301                    /usr/lib/x86_64-linux-gnu/libXau.so.6.0.0
7fda178a3000-7fda178a4000 r--p 00002000 fc:02 2107301                    /usr/lib/x86_64-linux-gnu/libXau.so.6.0.0
7fda178a4000-7fda178a5000 rw-p 00003000 fc:02 2107301                    /usr/lib/x86_64-linux-gnu/libXau.so.6.0.0
7fda178a5000-7fda178c2000 r-xp 00000000 fc:02 2108499                    /usr/lib/x86_64-linux-gnu/libxcb.so.1.1.0
7fda178c2000-7fda17ac2000 ---p 0001d000 fc:02 2108499                    /usr/lib/x86_64-linux-gnu/libxcb.so.1.1.0
7fda17ac2000-7fda17ac3000 r--p 0001d000 fc:02 2108499                    /usr/lib/x86_64-linux-gnu/libxcb.so.1.1.0
7fda17ac3000-7fda17ac4000 rw-p 0001e000 fc:02 2108499                    /usr/lib/x86_64-linux-gnu/libxcb.so.1.1.0
7fda17ac4000-7fda17bf7000 r-xp 00000000 fc:02 2107297                    /usr/lib/x86_64-linux-gnu/libX11.so.6.3.0
7fda17bf7000-7fda17df7000 ---p 00133000 fc:02 2107297                    /usr/lib/x86_64-linux-gnu/libX11.so.6.3.0
7fda17df7000-7fda17df8000 r--p 00133000 fc:02 2107297                    /usr/lib/x86_64-linux-gnu/libX11.so.6.3.0
7fda17df8000-7fda17dfc000 rw-p 00134000 fc:02 2107297                    /usr/lib/x86_64-linux-gnu/libX11.so.6.3.0
7fda17dfc000-7fda17dfd000 rw-p 00000000 00:00 0 
7fda17dfd000-7fda17dff000 r-xp 00000000 fc:02 2102686                    /usr/lib/jayatana/libjayatanaag.so
7fda17dff000-7fda17ffe000 ---p 00002000 fc:02 2102686                    /usr/lib/jayatana/libjayatanaag.so
7fda17ffe000-7fda17fff000 r--p 00001000 fc:02 2102686                    /usr/lib/jayatana/libjayatanaag.so
7fda17fff000-7fda18000000 rw-p 00002000 fc:02 2102686                    /usr/lib/jayatana/libjayatanaag.so
7fda18000000-7fda18021000 rw-p 00000000 00:00 0 
7fda18021000-7fda1c000000 ---p 00000000 00:00 0 
7fda1c000000-7fda1c021000 rw-p 00000000 00:00 0 
7fda1c021000-7fda20000000 ---p 00000000 00:00 0 
7fda20000000-7fda20021000 rw-p 00000000 00:00 0 
7fda20021000-7fda24000000 ---p 00000000 00:00 0 
7fda24000000-7fda24021000 rw-p 00000000 00:00 0 
7fda24021000-7fda28000000 ---p 00000000 00:00 0 
7fda28000000-7fda28021000 rw-p 00000000 00:00 0 
7fda28021000-7fda2c000000 ---p 00000000 00:00 0 
7fda2c032000-7fda2c033000 rwxp 00000000 00:00 0 
7fda2c033000-7fda2c03a000 r--s 00000000 fc:02 2361616                    /usr/lib/x86_64-linux-gnu/gconv/gconv-modules.cache
7fda2c03b000-7fda2c055000 rw-s 00000000 00:05 89325576                   /SYSV00000000 (deleted)
7fda2c055000-7fda2c058000 r--s 00015000 fc:02 2238555                    /usr/lib/jvm/java-8-openjdk-amd64/jre/lib/jce.jar
7fda2c058000-7fda2c05d000 r--s 00094000 fc:02 2238521                    /usr/lib/jvm/java-8-openjdk-amd64/jre/lib/jsse.jar
7fda2c05d000-7fda2c05e000 rwxp 00000000 00:00 0 
7fda2c05e000-7fda2c063000 r--s 002f8000 fc:02 2238526                    /usr/lib/jvm/java-8-openjdk-amd64/jre/lib/charsets.jar
7fda2c063000-7fda2c065000 r--s 00006000 fc:02 2502834                    /usr/share/java/jayatana.jar
7fda2c065000-7fda2c066000 r--s 00000000 fc:02 2502835                    /usr/share/java/jayatanaag.jar
7fda2c066000-7fda2c068000 r--s 00016000 fc:02 269480                     /opt/idea/lib/idea_rt.jar
7fda2c068000-7fda2c110000 r--s 0090a000 fc:01 13763294                   /home/beenotung/git/workspace/hkcc-pacman-robot/lib/NeuroEvolution/NeuroEvolution.jar
7fda2c110000-7fda2c194000 r--s 00826000 fc:01 13763305                   /home/beenotung/git/workspace/hkcc-pacman-robot/lib/myutils/myutils.jar
7fda2c194000-7fda2c1ed000 r--s 004f6000 fc:01 13239010                   /home/beenotung/.ivy2/cache/org.scala-lang/scala-library/jars/scala-library-2.11.6.jar
7fda2c1ed000-7fda2c1f0000 r--s 0001a000 fc:01 13238828                   /home/beenotung/.sbt/boot/scala-2.10.4/org.scala-sbt/sbt/0.13.8/cache-0.13.8.jar
7fda2c1f0000-7fda2c1f2000 r--s 0000b000 fc:01 13238857                   /home/beenotung/.sbt/boot/scala-2.10.4/org.scala-sbt/sbt/0.13.8/tracking-0.13.8.jar
7fda2c1f2000-7fda2c1f8000 r--s 0003d000 fc:01 13238838                   /home/beenotung/.sbt/boot/scala-2.10.4/org.scala-sbt/sbt/0.13.8/io-0.13.8.jar
7fda2c1f8000-7fda2c1ff000 r--s 0004b000 fc:01 13238841                   /home/beenotung/.sbt/boot/scala-2.10.4/org.scala-sbt/sbt/0.13.8/serialization_2.10-0.1.1.jar
7fda2c1ff000-7fda2c201000 r--s 00001000 fc:01 13238836                   /home/beenotung/.sbt/boot/scala-2.10.4/org.scala-sbt/sbt/0.13.8/launcher-interface-0.13.8.jar
7fda2c201000-7fda2c203000 r--s 00002000 fc:01 13238852                   /home/beenotung/.sbt/boot/scala-2.10.4/org.scala-sbt/sbt/0.13.8/test-interface-1.0.jar
7fda2c203000-7fda2c208000 r--s 00036000 fc:01 13238849                   /home/beenotung/.sbt/boot/scala-2.10.4/org.scala-sbt/sbt/0.13.8/compile-0.13.8.jar
7fda2c208000-7fda2c20c000 r--s 0001b000 fc:01 13238855                   /home/beenotung/.sbt/boot/scala-2.10.4/org.scala-sbt/sbt/0.13.8/process-0.13.8.jar
7fda2c20c000-7fda2c20e000 r--s 00014000 fc:01 13238819                   /home/beenotung/.sbt/boot/scala-2.10.4/org.scala-sbt/sbt/0.13.8/apply-macro-0.13.8.jar
7fda2c20e000-7fda2c215000 r--s 00049000 fc:01 13238823                   /home/beenotung/.sbt/boot/scala-2.10.4/org.scala-sbt/sbt/0.13.8/api-0.13.8.jar
7fda2c215000-7fda2c21a000 r--s 00024000 fc:01 13238826                   /home/beenotung/.sbt/boot/scala-2.10.4/org.scala-sbt/sbt/0.13.8/persist-0.13.8.jar
7fda2c21a000-7fda2c250000 r--s 002d9000 fc:01 13238862                   /home/beenotung/.sbt/boot/scala-2.10.4/org.scala-sbt/sbt/0.13.8/scala-reflect-2.10.4.jar
7fda2c250000-7fda2c286000 r--s 002d9000 fc:01 13238888                   /home/beenotung/.sbt/boot/scala-2.10.4/lib/scala-reflect.jar
7fda2c286000-7fda2c289000 r--s 0001d000 fc:01 13238835                   /home/beenotung/.sbt/boot/scala-2.10.4/org.scala-sbt/sbt/0.13.8/task-system-0.13.8.jar
7fda2c289000-7fda2c2a9000 r--s 001a4000 fc:01 13238863                   /home/beenotung/.sbt/boot/scala-2.10.4/org.scala-sbt/sbt/0.13.8/ivy-0.13.8.jar
7fda2c2a9000-7fda2c2ab000 r--s 0000b000 fc:01 13238831                   /home/beenotung/.sbt/boot/scala-2.10.4/org.scala-sbt/sbt/0.13.8/xsbti/interface-0.13.8.jar
7fda2c2ab000-7fda2c2c1000 r--s 00100000 fc:01 13238821                   /home/beenotung/.sbt/boot/scala-2.10.4/org.scala-sbt/sbt/0.13.8/ivy-2.3.0-sbt-fccfbd44c9f64523b61398a0155784dcbaeae28f.jar
7fda2c2c1000-7fda2c2cb000 r--s 00085000 fc:01 13238866                   /home/beenotung/.sbt/boot/scala-2.10.4/org.scala-sbt/sbt/0.13.8/json4s-core_2.10-3.2.10.jar
7fda2c2cb000-7fda2c2cd000 r--s 00017000 fc:01 13238839                   /home/beenotung/.sbt/boot/scala-2.10.4/org.scala-sbt/sbt/0.13.8/testing-0.13.8.jar
7fda2c2cd000-7fda2c2d0000 r--s 0001d000 fc:01 13238832                   /home/beenotung/.sbt/boot/scala-2.10.4/org.scala-sbt/sbt/0.13.8/tasks-0.13.8.jar
7fda2c2d0000-7fda2c2d4000 r--s 00022000 fc:01 13238854                   /home/beenotung/.sbt/boot/scala-2.10.4/org.scala-sbt/sbt/0.13.8/sbinary_2.10-0.4.2.jar
7fda2c2d4000-7fda2c2d7000 r--s 0001c000 fc:01 13238853                   /home/beenotung/.sbt/boot/scala-2.10.4/org.scala-sbt/sbt/0.13.8/compiler-integration-0.13.8.jar
7fda2c2d7000-7fda2c2e0000 r--s 0006e000 fc:01 13238850                   /home/beenotung/.sbt/boot/scala-2.10.4/org.scala-sbt/sbt/0.13.8/actions-0.13.8.jar
7fda2c2e0000-7fda2c2e2000 r--s 00002000 fc:01 13238820                   /home/beenotung/.sbt/boot/scala-2.10.4/org.scala-sbt/sbt/0.13.8/control-0.13.8.jar
7fda2c2e2000-7fda2c30e000 r--s 00235000 fc:01 13238814                   /home/beenotung/.sbt/boot/scala-2.10.4/org.scala-sbt/sbt/0.13.8/main-0.13.8.jar
7fda2c30e000-7fda2c311000 r--s 00018000 fc:01 13238887                   /home/beenotung/.sbt/boot/scala-2.10.4/lib/jansi.jar
7fda2c311000-7fda2c316000 r--s 00036000 fc:01 13238867                   /home/beenotung/.sbt/boot/scala-2.10.4/org.scala-sbt/sbt/0.13.8/command-0.13.8.jar
7fda2c316000-7fda2c319000 r--s 00013000 fc:01 13238868                   /home/beenotung/.sbt/boot/scala-2.10.4/org.scala-sbt/sbt/0.13.8/classpath-0.13.8.jar
7fda2c319000-7fda2c31d000 r--s 00025000 fc:01 13238886                   /home/beenotung/.sbt/boot/scala-2.10.4/lib/jline.jar
7fda2c31d000-7fda2c41a000 r--s 00cca000 fc:01 13238889                   /home/beenotung/.sbt/boot/scala-2.10.4/lib/scala-compiler.jar
7fda2c41a000-7fda2c41b000 r--s 00001000 fc:01 13238845                   /home/beenotung/.sbt/boot/scala-2.10.4/org.scala-sbt/sbt/0.13.8/cross-0.13.8.jar
7fda2c41b000-7fda2c41d000 r--s 00013000 fc:01 13238837                   /home/beenotung/.sbt/boot/scala-2.10.4/org.scala-sbt/sbt/0.13.8/json4s-ast_2.10-3.2.10.jar
7fda2c41d000-7fda2c41e000 r--s 00001000 fc:01 13238815                   /home/beenotung/.sbt/boot/scala-2.10.4/org.scala-sbt/sbt/0.13.8/json4s-support_2.10-0.6.0.jar
7fda2c41e000-7fda2c422000 r--s 00034000 fc:01 13238818                   /home/beenotung/.sbt/boot/scala-2.10.4/org.scala-sbt/sbt/0.13.8/jsch-0.1.46.jar
7fda2c422000-7fda2c494000 r--s 0065a000 fc:01 13238890                   /home/beenotung/.sbt/boot/scala-2.10.4/lib/scala-library.jar
7fda2c494000-7fda2c49e000 r--s 00092000 fc:01 13238817                   /home/beenotung/.sbt/boot/scala-2.10.4/org.scala-sbt/sbt/0.13.8/main-settings-0.13.8.jar
7fda2c49e000-7fda2c4a0000 r--s 00006000 fc:01 13238848                   /home/beenotung/.sbt/boot/scala-2.10.4/org.scala-sbt/sbt/0.13.8/relation-0.13.8.jar
7fda2c4a0000-7fda2c4a3000 r--s 00030000 fc:01 13238859                   /home/beenotung/.sbt/boot/scala-2.10.4/org.scala-sbt/sbt/0.13.8/jline-2.11.jar
7fda2c4a3000-7fda2c4a5000 r--s 0000e000 fc:01 13238847                   /home/beenotung/.sbt/boot/scala-2.10.4/org.scala-sbt/sbt/0.13.8/logic-0.13.8.jar
7fda2c4a5000-7fda2c4af000 r--s 0006e000 fc:01 13238824                   /home/beenotung/.sbt/boot/scala-2.10.4/org.scala-sbt/sbt/0.13.8/incremental-compiler-0.13.8.jar
7fda2c4af000-7fda2c4b7000 r--s 00060000 fc:01 13238822                   /home/beenotung/.sbt/boot/scala-2.10.4/org.scala-sbt/sbt/0.13.8/collections-0.13.8.jar
7fda2c4b7000-7fda2c4ba000 r--s 00018000 fc:01 13238840                   /home/beenotung/.sbt/boot/scala-2.10.4/org.scala-sbt/sbt/0.13.8/logging-0.13.8.jar
7fda2c4ba000-7fda2c4c9000 r--s 000bb000 fc:01 13238842                   /home/beenotung/.sbt/boot/scala-2.10.4/org.scala-sbt/sbt/0.13.8/scala-pickling_2.10-0.10.0.jar
7fda2c4c9000-7fda2c4cc000 r--s 0001e000 fc:01 13238827                   /home/beenotung/.sbt/boot/scala-2.10.4/org.scala-sbt/sbt/0.13.8/run-0.13.8.jar
7fda2c4cc000-7fda2c4ce000 r--s 00007000 fc:01 13238851                   /home/beenotung/.sbt/boot/scala-2.10.4/org.scala-sbt/sbt/0.13.8/paranamer-2.6.jar
7fda2c4ce000-7fda2c4d0000 r--s 00012000 fc:01 13238856                   /home/beenotung/.sbt/boot/scala-2.10.4/org.scala-sbt/sbt/0.13.8/jawn-parser_2.10-0.6.0.jar
7fda2c4d0000-7fda2c4d8000 r--s 00057000 fc:01 13238825                   /home/beenotung/.sbt/boot/scala-2.10.4/org.scala-sbt/sbt/0.13.8/completion-0.13.8.jar
7fda2c4d8000-7fda2c4da000 r--s 00001000 fc:01 13238869                   /home/beenotung/.sbt/boot/scala-2.10.4/org.scala-sbt/sbt/0.13.8/compiler-ivy-integration-0.13.8.jar
7fda2c4da000-7fda2c4dd000 r--s 00012000 fc:01 13238829                   /home/beenotung/.sbt/boot/scala-2.10.4/org.scala-sbt/sbt/0.13.8/classfile-0.13.8.jar
7fda2c4dd000-7fda2c4e9000 r--s 000a4000 fc:01 13238846                   /home/beenotung/.sbt/boot/scala-2.10.4/org.scala-sbt/sbt/0.13.8/quasiquotes_2.10-2.0.1.jar
7fda2c4e9000-7fda2c4eb000 r--s 00006000 fc:02 2506120                    /usr/share/java/java-atk-wrapper.jar
7fda2c4eb000-7fda2c4fe000 r--s 00345000 fc:02 2238525                    /usr/lib/jvm/java-8-openjdk-amd64/jre/lib/resources.jar
7fda2c4fe000-7fda2c503000 r--s 00094000 fc:02 2238521                    /usr/lib/jvm/java-8-openjdk-amd64/jre/lib/jsse.jar
7fda2c503000-7fda2c506000 ---p 00000000 00:00 0 
7fda2c506000-7fda2c604000 rw-p 00000000 00:00 0                          [stack:29901]
7fda2c604000-7fda2cce6000 r--p 00000000 fc:02 2105970                    /usr/lib/locale/locale-archive
7fda2cce6000-7fda2cce9000 ---p 00000000 00:00 0 
7fda2cce9000-7fda2cde7000 rw-p 00000000 00:00 0                          [stack:29887]
7fda2cde7000-7fda2cdea000 ---p 00000000 00:00 0 
7fda2cdea000-7fda2cee8000 rw-p 00000000 00:00 0                          [stack:29886]
7fda2cee8000-7fda2cee9000 ---p 00000000 00:00 0 
7fda2cee9000-7fda2eb51000 rw-p 00000000 00:00 0                          [stack:29885]
7fda2eb51000-7fda2ed1e000 r--s 03bd3000 fc:02 2238554                    /usr/lib/jvm/java-8-openjdk-amd64/jre/lib/rt.jar
7fda2ed1e000-7fda2fcf0000 rw-p 00000000 00:00 0 
7fda2fcf0000-7fda2fcf1000 ---p 00000000 00:00 0 
7fda2fcf1000-7fda2fdf1000 rw-p 00000000 00:00 0                          [stack:29884]
7fda2fdf1000-7fda2fdf2000 ---p 00000000 00:00 0 
7fda2fdf2000-7fda2fef2000 rw-p 00000000 00:00 0                          [stack:29883]
7fda2fef2000-7fda2fef3000 ---p 00000000 00:00 0 
7fda2fef3000-7fda2fff3000 rw-p 00000000 00:00 0                          [stack:29882]
7fda2fff3000-7fda2fff4000 ---p 00000000 00:00 0 
7fda2fff4000-7fda300f4000 rw-p 00000000 00:00 0                          [stack:29881]
7fda300f4000-7fda300f5000 ---p 00000000 00:00 0 
7fda300f5000-7fda301f5000 rw-p 00000000 00:00 0                          [stack:29880]
7fda301f5000-7fda301f6000 ---p 00000000 00:00 0 
7fda301f6000-7fda30319000 rw-p 00000000 00:00 0                          [stack:29879]
7fda30319000-7fda3082d000 ---p 00000000 00:00 0 
7fda3082d000-7fda30850000 rw-p 00000000 00:00 0 
7fda30850000-7fda30d63000 ---p 00000000 00:00 0 
7fda30d63000-7fda30dac000 rw-p 00000000 00:00 0 
7fda30dac000-7fda30fff000 ---p 00000000 00:00 0 
7fda30fff000-7fda31000000 rw-p 00000000 00:00 0 
7fda31000000-7fda31600000 rwxp 00000000 00:00 0 
7fda31600000-7fda40000000 ---p 00000000 00:00 0 
7fda40000000-7fda40867000 rw-p 00000000 00:00 0 
7fda40867000-7fda44000000 ---p 00000000 00:00 0 
7fda44000000-7fda44001000 r--s 00005000 fc:01 13238858                   /home/beenotung/.sbt/boot/scala-2.10.4/org.scala-sbt/sbt/0.13.8/sbt-0.13.8.jar
7fda44001000-7fda4401b000 r--s 001d3000 fc:02 2238529                    /usr/lib/jvm/java-8-openjdk-amd64/jre/lib/ext/nashorn.jar
7fda4401b000-7fda44091000 rw-p 00000000 00:00 0 
7fda44091000-7fda44092000 ---p 00000000 00:00 0 
7fda44092000-7fda44192000 rw-p 00000000 00:00 0                          [stack:29878]
7fda44192000-7fda44193000 ---p 00000000 00:00 0 
7fda44193000-7fda442ab000 rw-p 00000000 00:00 0                          [stack:29877]
7fda442ab000-7fda44653000 ---p 00000000 00:00 0 
7fda44653000-7fda4465b000 r-xp 00000000 fc:02 2238485                    /usr/lib/jvm/java-8-openjdk-amd64/jre/lib/amd64/libzip.so
7fda4465b000-7fda4485a000 ---p 00008000 fc:02 2238485                    /usr/lib/jvm/java-8-openjdk-amd64/jre/lib/amd64/libzip.so
7fda4485a000-7fda4485b000 r--p 00007000 fc:02 2238485                    /usr/lib/jvm/java-8-openjdk-amd64/jre/lib/amd64/libzip.so
7fda4485b000-7fda4485c000 rw-p 00008000 fc:02 2238485                    /usr/lib/jvm/java-8-openjdk-amd64/jre/lib/amd64/libzip.so
7fda4485c000-7fda44868000 r-xp 00000000 fc:02 1053180                    /lib/x86_64-linux-gnu/libnss_files-2.21.so
7fda44868000-7fda44a67000 ---p 0000c000 fc:02 1053180                    /lib/x86_64-linux-gnu/libnss_files-2.21.so
7fda44a67000-7fda44a68000 r--p 0000b000 fc:02 1053180                    /lib/x86_64-linux-gnu/libnss_files-2.21.so
7fda44a68000-7fda44a69000 rw-p 0000c000 fc:02 1053180                    /lib/x86_64-linux-gnu/libnss_files-2.21.so
7fda44a69000-7fda44a74000 r-xp 00000000 fc:02 1053190                    /lib/x86_64-linux-gnu/libnss_nis-2.21.so
7fda44a74000-7fda44c73000 ---p 0000b000 fc:02 1053190                    /lib/x86_64-linux-gnu/libnss_nis-2.21.so
7fda44c73000-7fda44c74000 r--p 0000a000 fc:02 1053190                    /lib/x86_64-linux-gnu/libnss_nis-2.21.so
7fda44c74000-7fda44c75000 rw-p 0000b000 fc:02 1053190                    /lib/x86_64-linux-gnu/libnss_nis-2.21.so
7fda44c75000-7fda44c8c000 r-xp 00000000 fc:02 1053174                    /lib/x86_64-linux-gnu/libnsl-2.21.so
7fda44c8c000-7fda44e8b000 ---p 00017000 fc:02 1053174                    /lib/x86_64-linux-gnu/libnsl-2.21.so
7fda44e8b000-7fda44e8c000 r--p 00016000 fc:02 1053174                    /lib/x86_64-linux-gnu/libnsl-2.21.so
7fda44e8c000-7fda44e8d000 rw-p 00017000 fc:02 1053174                    /lib/x86_64-linux-gnu/libnsl-2.21.so
7fda44e8d000-7fda44e8f000 rw-p 00000000 00:00 0 
7fda44e8f000-7fda44e97000 r-xp 00000000 fc:02 1053176                    /lib/x86_64-linux-gnu/libnss_compat-2.21.so
7fda44e97000-7fda45096000 ---p 00008000 fc:02 1053176                    /lib/x86_64-linux-gnu/libnss_compat-2.21.so
7fda45096000-7fda45097000 r--p 00007000 fc:02 1053176                    /lib/x86_64-linux-gnu/libnss_compat-2.21.so
7fda45097000-7fda45098000 rw-p 00008000 fc:02 1053176                    /lib/x86_64-linux-gnu/libnss_compat-2.21.so
7fda45098000-7fda450a2000 r-xp 00000000 fc:02 2238504                    /usr/lib/jvm/java-8-openjdk-amd64/jre/lib/amd64/libinstrument.so
7fda450a2000-7fda452a1000 ---p 0000a000 fc:02 2238504                    /usr/lib/jvm/java-8-openjdk-amd64/jre/lib/amd64/libinstrument.so
7fda452a1000-7fda452a2000 r--p 00009000 fc:02 2238504                    /usr/lib/jvm/java-8-openjdk-amd64/jre/lib/amd64/libinstrument.so
7fda452a2000-7fda452a3000 rw-p 0000a000 fc:02 2238504                    /usr/lib/jvm/java-8-openjdk-amd64/jre/lib/amd64/libinstrument.so
7fda452a3000-7fda452d1000 r-xp 00000000 fc:02 2238482                    /usr/lib/jvm/java-8-openjdk-amd64/jre/lib/amd64/libjava.so
7fda452d1000-7fda454d0000 ---p 0002e000 fc:02 2238482                    /usr/lib/jvm/java-8-openjdk-amd64/jre/lib/amd64/libjava.so
7fda454d0000-7fda454d1000 r--p 0002d000 fc:02 2238482                    /usr/lib/jvm/java-8-openjdk-amd64/jre/lib/amd64/libjava.so
7fda454d1000-7fda454d3000 rw-p 0002e000 fc:02 2238482                    /usr/lib/jvm/java-8-openjdk-amd64/jre/lib/amd64/libjava.so
7fda454d3000-7fda454e2000 r-xp 00000000 fc:02 2238497                    /usr/lib/jvm/java-8-openjdk-amd64/jre/lib/amd64/libverify.so
7fda454e2000-7fda456e2000 ---p 0000f000 fc:02 2238497                    /usr/lib/jvm/java-8-openjdk-amd64/jre/lib/amd64/libverify.so
7fda456e2000-7fda456e5000 r--p 0000f000 fc:02 2238497                    /usr/lib/jvm/java-8-openjdk-amd64/jre/lib/amd64/libverify.so
7fda456e5000-7fda456e6000 rw-p 00012000 fc:02 2238497                    /usr/lib/jvm/java-8-openjdk-amd64/jre/lib/amd64/libverify.so
7fda456e6000-7fda456ed000 r-xp 00000000 fc:02 1053235                    /lib/x86_64-linux-gnu/librt-2.21.so
7fda456ed000-7fda458ec000 ---p 00007000 fc:02 1053235                    /lib/x86_64-linux-gnu/librt-2.21.so
7fda458ec000-7fda458ed000 r--p 00006000 fc:02 1053235                    /lib/x86_64-linux-gnu/librt-2.21.so
7fda458ed000-7fda458ee000 rw-p 00007000 fc:02 1053235                    /lib/x86_64-linux-gnu/librt-2.21.so
7fda458ee000-7fda45904000 r-xp 00000000 fc:02 1053123                    /lib/x86_64-linux-gnu/libgcc_s.so.1
7fda45904000-7fda45b03000 ---p 00016000 fc:02 1053123                    /lib/x86_64-linux-gnu/libgcc_s.so.1
7fda45b03000-7fda45b04000 rw-p 00015000 fc:02 1053123                    /lib/x86_64-linux-gnu/libgcc_s.so.1
7fda45b04000-7fda45c0b000 r-xp 00000000 fc:02 1053153                    /lib/x86_64-linux-gnu/libm-2.21.so
7fda45c0b000-7fda45e0a000 ---p 00107000 fc:02 1053153                    /lib/x86_64-linux-gnu/libm-2.21.so
7fda45e0a000-7fda45e0b000 r--p 00106000 fc:02 1053153                    /lib/x86_64-linux-gnu/libm-2.21.so
7fda45e0b000-7fda45e0c000 rw-p 00107000 fc:02 1053153                    /lib/x86_64-linux-gnu/libm-2.21.so
7fda45e0c000-7fda45efc000 r-xp 00000000 fc:02 2108293                    /usr/lib/x86_64-linux-gnu/libstdc++.so.6.0.20
7fda45efc000-7fda460fc000 ---p 000f0000 fc:02 2108293                    /usr/lib/x86_64-linux-gnu/libstdc++.so.6.0.20
7fda460fc000-7fda46104000 r--p 000f0000 fc:02 2108293                    /usr/lib/x86_64-linux-gnu/libstdc++.so.6.0.20
7fda46104000-7fda46106000 rw-p 000f8000 fc:02 2108293                    /usr/lib/x86_64-linux-gnu/libstdc++.so.6.0.20
7fda46106000-7fda4611b000 rw-p 00000000 00:00 0 
7fda4611b000-7fda46da8000 r-xp 00000000 fc:02 2238509                    /usr/lib/jvm/java-8-openjdk-amd64/jre/lib/amd64/server/libjvm.so
7fda46da8000-7fda46fa8000 ---p 00c8d000 fc:02 2238509                    /usr/lib/jvm/java-8-openjdk-amd64/jre/lib/amd64/server/libjvm.so
7fda46fa8000-7fda4704b000 r--p 00c8d000 fc:02 2238509                    /usr/lib/jvm/java-8-openjdk-amd64/jre/lib/amd64/server/libjvm.so
7fda4704b000-7fda47074000 rw-p 00d30000 fc:02 2238509                    /usr/lib/jvm/java-8-openjdk-amd64/jre/lib/amd64/server/libjvm.so
7fda47074000-7fda470a3000 rw-p 00000000 00:00 0 
7fda470a3000-7fda470bb000 r-xp 00000000 fc:02 1053227                    /lib/x86_64-linux-gnu/libpthread-2.21.so
7fda470bb000-7fda472bb000 ---p 00018000 fc:02 1053227                    /lib/x86_64-linux-gnu/libpthread-2.21.so
7fda472bb000-7fda472bc000 r--p 00018000 fc:02 1053227                    /lib/x86_64-linux-gnu/libpthread-2.21.so
7fda472bc000-7fda472bd000 rw-p 00019000 fc:02 1053227                    /lib/x86_64-linux-gnu/libpthread-2.21.so
7fda472bd000-7fda472c1000 rw-p 00000000 00:00 0 
7fda472c1000-7fda472c4000 r-xp 00000000 fc:02 1053111                    /lib/x86_64-linux-gnu/libdl-2.21.so
7fda472c4000-7fda474c3000 ---p 00003000 fc:02 1053111                    /lib/x86_64-linux-gnu/libdl-2.21.so
7fda474c3000-7fda474c4000 r--p 00002000 fc:02 1053111                    /lib/x86_64-linux-gnu/libdl-2.21.so
7fda474c4000-7fda474c5000 rw-p 00003000 fc:02 1053111                    /lib/x86_64-linux-gnu/libdl-2.21.so
7fda474c5000-7fda474de000 r-xp 00000000 fc:02 1053268                    /lib/x86_64-linux-gnu/libz.so.1.2.8
7fda474de000-7fda476de000 ---p 00019000 fc:02 1053268                    /lib/x86_64-linux-gnu/libz.so.1.2.8
7fda476de000-7fda476df000 r--p 00019000 fc:02 1053268                    /lib/x86_64-linux-gnu/libz.so.1.2.8
7fda476df000-7fda476e0000 rw-p 0001a000 fc:02 1053268                    /lib/x86_64-linux-gnu/libz.so.1.2.8
7fda476e0000-7fda478a0000 r-xp 00000000 fc:02 1053094                    /lib/x86_64-linux-gnu/libc-2.21.so
7fda478a0000-7fda47aa0000 ---p 001c0000 fc:02 1053094                    /lib/x86_64-linux-gnu/libc-2.21.so
7fda47aa0000-7fda47aa4000 r--p 001c0000 fc:02 1053094                    /lib/x86_64-linux-gnu/libc-2.21.so
7fda47aa4000-7fda47aa6000 rw-p 001c4000 fc:02 1053094                    /lib/x86_64-linux-gnu/libc-2.21.so
7fda47aa6000-7fda47aaa000 rw-p 00000000 00:00 0 
7fda47aaa000-7fda47ab8000 r-xp 00000000 fc:02 2238516                    /usr/lib/jvm/java-8-openjdk-amd64/jre/lib/amd64/jli/libjli.so
7fda47ab8000-7fda47cb7000 ---p 0000e000 fc:02 2238516                    /usr/lib/jvm/java-8-openjdk-amd64/jre/lib/amd64/jli/libjli.so
7fda47cb7000-7fda47cb8000 r--p 0000d000 fc:02 2238516                    /usr/lib/jvm/java-8-openjdk-amd64/jre/lib/amd64/jli/libjli.so
7fda47cb8000-7fda47cb9000 rw-p 0000e000 fc:02 2238516                    /usr/lib/jvm/java-8-openjdk-amd64/jre/lib/amd64/jli/libjli.so
7fda47cb9000-7fda47cdd000 r-xp 00000000 fc:02 1053066                    /lib/x86_64-linux-gnu/ld-2.21.so
7fda47cdd000-7fda47cde000 r--s 00005000 fc:01 13238816                   /home/beenotung/.sbt/boot/scala-2.10.4/org.scala-sbt/sbt/0.13.8/test-agent-0.13.8.jar
7fda47cde000-7fda47ce1000 r--s 00015000 fc:02 2238555                    /usr/lib/jvm/java-8-openjdk-amd64/jre/lib/jce.jar
7fda47ce1000-7fda47ce6000 r--s 002f8000 fc:02 2238526                    /usr/lib/jvm/java-8-openjdk-amd64/jre/lib/charsets.jar
7fda47ce6000-7fda47ce8000 r--s 00001000 fc:02 2238534                    /usr/lib/jvm/java-8-openjdk-amd64/jre/lib/ext/dnsns.jar
7fda47ce8000-7fda47cf3000 r--s 00116000 fc:02 2238531                    /usr/lib/jvm/java-8-openjdk-amd64/jre/lib/ext/localedata.jar
7fda47cf3000-7fda47d0f000 r--s 00393000 fc:02 2238528                    /usr/lib/jvm/java-8-openjdk-amd64/jre/lib/ext/cldrdata.jar
7fda47d0f000-7fda47db9000 rw-p 00000000 00:00 0 
7fda47db9000-7fda47dbc000 ---p 00000000 00:00 0 
7fda47dbc000-7fda47ebf000 rw-p 00000000 00:00 0                          [stack:29876]
7fda47ebf000-7fda47ec0000 r--s 00000000 fc:02 2238552                    /usr/lib/jvm/java-8-openjdk-amd64/jre/lib/management-agent.jar
7fda47ec0000-7fda47ec1000 r--s 00008000 fc:02 2238530                    /usr/lib/jvm/java-8-openjdk-amd64/jre/lib/ext/sunec.jar
7fda47ec1000-7fda47ec7000 r--s 0003a000 fc:02 2238533                    /usr/lib/jvm/java-8-openjdk-amd64/jre/lib/ext/sunjce_provider.jar
7fda47ec7000-7fda47eca000 r--s 00037000 fc:02 2238536                    /usr/lib/jvm/java-8-openjdk-amd64/jre/lib/ext/sunpkcs11.jar
7fda47eca000-7fda47ecb000 r--s 00010000 fc:02 2238532                    /usr/lib/jvm/java-8-openjdk-amd64/jre/lib/ext/zipfs.jar
7fda47ecb000-7fda47ecd000 r--s 00006000 fc:02 2506120                    /usr/share/java/java-atk-wrapper.jar
7fda47ecd000-7fda47ed0000 r--s 0000f000 fc:02 2238535                    /usr/lib/jvm/java-8-openjdk-amd64/jre/lib/ext/icedtea-sound.jar
7fda47ed0000-7fda47ed8000 rw-s 00000000 fc:02 397870                     /tmp/hsperfdata_beenotung/29875
7fda47ed8000-7fda47ed9000 rw-p 00000000 00:00 0 
7fda47ed9000-7fda47eda000 r--p 00000000 00:00 0 
7fda47eda000-7fda47edc000 rw-p 00000000 00:00 0 
7fda47edc000-7fda47edd000 r--p 00023000 fc:02 1053066                    /lib/x86_64-linux-gnu/ld-2.21.so
7fda47edd000-7fda47ede000 rw-p 00024000 fc:02 1053066                    /lib/x86_64-linux-gnu/ld-2.21.so
7fda47ede000-7fda47edf000 rw-p 00000000 00:00 0 
7ffdb5157000-7ffdb517a000 rw-p 00000000 00:00 0                          [stack]
7ffdb51ed000-7ffdb51ef000 r--p 00000000 00:00 0                          [vvar]
7ffdb51ef000-7ffdb51f1000 r-xp 00000000 00:00 0                          [vdso]
ffffffffff600000-ffffffffff601000 r-xp 00000000 00:00 0                  [vsyscall]

VM Arguments:
jvm_args: -javaagent:/usr/share/java/jayatanaag.jar -Djava.library.path=/home/beenotung/git/workspace/hkcc-pacman-robot/lib/lwjgl3/native/linux/x64:/home/beenotung/git/workspace/hkcc-pacman-robot/lib/lwjgl3/native/linux/x86:/home/beenotung/git/workspace/hkcc-pacman-robot/lib/lwjgl3/native/macosx/x64:/home/beenotung/git/workspace/hkcc-pacman-robot/lib/lwjgl3/native/windows/x64:/home/beenotung/git/workspace/hkcc-pacman-robot/lib/lwjgl3/native/windows/x86 -Didea.launcher.port=7535 -Didea.launcher.bin.path=/opt/idea/bin -Dfile.encoding=UTF-8 
java_command: com.intellij.rt.execution.application.AppMain edu.hkcc.pacmanrobot.launcher.ServerLauncher
java_class_path (initial): /usr/lib/jvm/java-1.8.0-openjdk-amd64/jre/lib/charsets.jar:/usr/lib/jvm/java-1.8.0-openjdk-amd64/jre/lib/rt.jar:/usr/lib/jvm/java-1.8.0-openjdk-amd64/jre/lib/jsse.jar:/usr/lib/jvm/java-1.8.0-openjdk-amd64/jre/lib/resources.jar:/usr/lib/jvm/java-1.8.0-openjdk-amd64/jre/lib/management-agent.jar:/usr/lib/jvm/java-1.8.0-openjdk-amd64/jre/lib/jce.jar:/usr/lib/jvm/java-1.8.0-openjdk-amd64/jre/lib/ext/cldrdata.jar:/usr/lib/jvm/java-1.8.0-openjdk-amd64/jre/lib/ext/icedtea-sound.jar:/usr/lib/jvm/java-1.8.0-openjdk-amd64/jre/lib/ext/java-atk-wrapper.jar:/usr/lib/jvm/java-1.8.0-openjdk-amd64/jre/lib/ext/zipfs.jar:/usr/lib/jvm/java-1.8.0-openjdk-amd64/jre/lib/ext/sunpkcs11.jar:/usr/lib/jvm/java-1.8.0-openjdk-amd64/jre/lib/ext/sunjce_provider.jar:/usr/lib/jvm/java-1.8.0-openjdk-amd64/jre/lib/ext/nashorn.jar:/usr/lib/jvm/java-1.8.0-openjdk-amd64/jre/lib/ext/localedata.jar:/usr/lib/jvm/java-1.8.0-openjdk-amd64/jre/lib/ext/sunec.jar:/usr/lib/jvm/java-1.8.0-openjdk-amd64/jre/lib/ext/dnsns.jar:/home/beenotung/git/workspace/hkcc-pacman-robot/target/scala-2.11/classes:/home/beenotung/.sbt/boot/scala-2.10.4/org.scala-sbt/sbt/0.13.8/quasiquotes_2.10-2.0.1.jar:/home/beenotung/.sbt/boot/scala-2.10.4/org.scala-sbt/sbt/0.13.8/classfile-0.13.8.jar:/home/beenotung/.sbt/boot/scala-2.10.4/org.scala-sbt/sbt/0.13.8/compiler-ivy-integration-0.13.8.jar:/home/beenotung/.sbt/boot/scala-2.10.4/org.scala-sbt/sbt/0.13.8/completion-0.13.8.jar:/home/beenotung/.sbt/boot/scala-2.10.4/org.scala-sbt/sbt/0.13.8/jawn-parser_2.10-0.6.0.jar:/home/beenotung/.sbt/boot/scala-2.10.4/org.scala-sbt/sbt/0.13.8/paranamer-2.6.jar:/home/beenotung/.sbt/boot/scala-2.10.4/org.scala-sbt/sbt/0.13.8/run-0.13.8.jar:/home/beenotung/.sbt/boot/scala-2.10.4/org.scala-sbt/sbt/0.13.8/test-agent-0.13.8.jar:/home/beenotung/.sbt/boot/scala-2.10.4/org.scala-sbt/sbt/0.13.8/scala-pickling_2.10-0.10.0.jar:/home/beenotung/.sbt/boot/scala-2.10.4/org.scala-sbt/sbt/0.13.8/logging-0.13.8.jar:/home/beenotung/.sbt/boot/sc
Launcher Type: SUN_STANDARD

Environment Variables:
JAVA_TOOL_OPTIONS=-javaagent:/usr/share/java/jayatanaag.jar 
PATH=/usr/games:/home/beenotung/bin:/usr/local/sbin:/usr/local/bin:/usr/sbin:/usr/bin:/sbin:/bin:/usr/games:/usr/local/games
LD_LIBRARY_PATH=/opt/idea/bin:
SHELL=/bin/bash
DISPLAY=:0

Signal Handlers:
SIGSEGV: [libjvm.so+0xa90d80], sa_mask[0]=11111111011111111101111111111110, sa_flags=SA_RESTART|SA_SIGINFO
SIGBUS: [libjvm.so+0xa90d80], sa_mask[0]=11111111011111111101111111111110, sa_flags=SA_RESTART|SA_SIGINFO
SIGFPE: [libjvm.so+0x8dbc70], sa_mask[0]=11111111011111111101111111111110, sa_flags=SA_RESTART|SA_SIGINFO
SIGPIPE: [libjvm.so+0x8dbc70], sa_mask[0]=11111111011111111101111111111110, sa_flags=SA_RESTART|SA_SIGINFO
SIGXFSZ: [libjvm.so+0x8dbc70], sa_mask[0]=11111111011111111101111111111110, sa_flags=SA_RESTART|SA_SIGINFO
SIGILL: [libjvm.so+0x8dbc70], sa_mask[0]=11111111011111111101111111111110, sa_flags=SA_RESTART|SA_SIGINFO
SIGUSR1: SIG_DFL, sa_mask[0]=00000000000000000000000000000000, sa_flags=none
SIGUSR2: [libjvm.so+0x8dbb20], sa_mask[0]=00100000000000000000000000000000, sa_flags=SA_RESTART|SA_SIGINFO
SIGHUP: [libjvm.so+0x8dbd40], sa_mask[0]=11111111011111111101111111111110, sa_flags=SA_RESTART|SA_SIGINFO
SIGINT: [libjvm.so+0x8dbd40], sa_mask[0]=11111111011111111101111111111110, sa_flags=SA_RESTART|SA_SIGINFO
SIGTERM: [libjvm.so+0x8dbd40], sa_mask[0]=11111111011111111101111111111110, sa_flags=SA_RESTART|SA_SIGINFO
SIGQUIT: [libjvm.so+0x8dbd40], sa_mask[0]=11111111011111111101111111111110, sa_flags=SA_RESTART|SA_SIGINFO


---------------  S Y S T E M  ---------------

OS:DISTRIB_ID=Ubuntu
DISTRIB_RELEASE=15.04
DISTRIB_CODENAME=vivid
DISTRIB_DESCRIPTION="Ubuntu 15.04"

uname:Linux 3.19.0-15-generic #15-Ubuntu SMP Thu Apr 16 23:32:37 UTC 2015 x86_64
libc:glibc 2.21 NPTL 2.21 
rlimit: STACK 8192k, CORE 0k, NPROC 63946, NOFILE 65536, AS infinity
load average:1.28 1.44 1.31

/proc/meminfo:
MemTotal:       16393516 kB
MemFree:         2875472 kB
MemAvailable:    7272616 kB
Buffers:          348068 kB
Cached:          4205768 kB
SwapCached:            0 kB
Active:         10594720 kB
Inactive:        2361316 kB
Active(anon):    8404956 kB
Inactive(anon):   175856 kB
Active(file):    2189764 kB
Inactive(file):  2185460 kB
Unevictable:         684 kB
Mlocked:             684 kB
SwapTotal:      33554428 kB
SwapFree:       33554428 kB
Dirty:              4176 kB
Writeback:             0 kB
AnonPages:       8409260 kB
Mapped:           614636 kB
Shmem:            178620 kB
Slab:             333380 kB
SReclaimable:     275336 kB
SUnreclaim:        58044 kB
KernelStack:       18464 kB
PageTables:        92956 kB
NFS_Unstable:          0 kB
Bounce:                0 kB
WritebackTmp:          0 kB
CommitLimit:    41751184 kB
Committed_AS:   16638820 kB
VmallocTotal:   34359738367 kB
VmallocUsed:      145668 kB
VmallocChunk:   34359488724 kB
HardwareCorrupted:     0 kB
AnonHugePages:   3504128 kB
CmaTotal:              0 kB
CmaFree:               0 kB
HugePages_Total:       0
HugePages_Free:        0
HugePages_Rsvd:        0
HugePages_Surp:        0
Hugepagesize:       2048 kB
DirectMap4k:      308796 kB
DirectMap2M:    16429056 kB


CPU:total 8 (4 cores per cpu, 2 threads per core) family 6 model 58 stepping 9, cmov, cx8, fxsr, mmx, sse, sse2, sse3, ssse3, sse4.1, sse4.2, popcnt, avx, aes, clmul, erms, ht, tsc, tscinvbit, tscinv

/proc/cpuinfo:
processor	: 0
vendor_id	: GenuineIntel
cpu family	: 6
model		: 58
model name	: Intel(R) Xeon(R) CPU E3-1230 V2 @ 3.30GHz
stepping	: 9
microcode	: 0x1b
cpu MHz		: 3558.972
cache size	: 8192 KB
physical id	: 0
siblings	: 8
core id		: 0
cpu cores	: 4
apicid		: 0
initial apicid	: 0
fpu		: yes
fpu_exception	: yes
cpuid level	: 13
wp		: yes
flags		: fpu vme de pse tsc msr pae mce cx8 apic sep mtrr pge mca cmov pat pse36 clflush dts acpi mmx fxsr sse sse2 ss ht tm pbe syscall nx rdtscp lm constant_tsc arch_perfmon pebs bts rep_good nopl xtopology nonstop_tsc aperfmperf eagerfpu pni pclmulqdq dtes64 monitor ds_cpl vmx smx est tm2 ssse3 cx16 xtpr pdcm pcid sse4_1 sse4_2 x2apic popcnt tsc_deadline_timer aes xsave avx f16c rdrand lahf_lm ida arat epb pln pts dtherm tpr_shadow vnmi flexpriority ept vpid fsgsbase smep erms xsaveopt
bugs		:
bogomips	: 6584.66
clflush size	: 64
cache_alignment	: 64
address sizes	: 36 bits physical, 48 bits virtual
power management:

processor	: 1
vendor_id	: GenuineIntel
cpu family	: 6
model		: 58
model name	: Intel(R) Xeon(R) CPU E3-1230 V2 @ 3.30GHz
stepping	: 9
microcode	: 0x1b
cpu MHz		: 3503.929
cache size	: 8192 KB
physical id	: 0
siblings	: 8
core id		: 1
cpu cores	: 4
apicid		: 2
initial apicid	: 2
fpu		: yes
fpu_exception	: yes
cpuid level	: 13
wp		: yes
flags		: fpu vme de pse tsc msr pae mce cx8 apic sep mtrr pge mca cmov pat pse36 clflush dts acpi mmx fxsr sse sse2 ss ht tm pbe syscall nx rdtscp lm constant_tsc arch_perfmon pebs bts rep_good nopl xtopology nonstop_tsc aperfmperf eagerfpu pni pclmulqdq dtes64 monitor ds_cpl vmx smx est tm2 ssse3 cx16 xtpr pdcm pcid sse4_1 sse4_2 x2apic popcnt tsc_deadline_timer aes xsave avx f16c rdrand lahf_lm ida arat epb pln pts dtherm tpr_shadow vnmi flexpriority ept vpid fsgsbase smep erms xsaveopt
bugs		:
bogomips	: 6584.66
clflush size	: 64
cache_alignment	: 64
address sizes	: 36 bits physical, 48 bits virtual
power management:

processor	: 2
vendor_id	: GenuineIntel
cpu family	: 6
model		: 58
model name	: Intel(R) Xeon(R) CPU E3-1230 V2 @ 3.30GHz
stepping	: 9
microcode	: 0x1b
cpu MHz		: 3519.140
cache size	: 8192 KB
physical id	: 0
siblings	: 8
core id		: 2
cpu cores	: 4
apicid		: 4
initial apicid	: 4
fpu		: yes
fpu_exception	: yes
cpuid level	: 13
wp		: yes
flags		: fpu vme de pse tsc msr pae mce cx8 apic sep mtrr pge mca cmov pat pse36 clflush dts acpi mmx fxsr sse sse2 ss ht tm pbe syscall nx rdtscp lm constant_tsc arch_perfmon pebs bts rep_good nopl xtopology nonstop_tsc aperfmperf eagerfpu pni pclmulqdq dtes64 monitor ds_cpl vmx smx est tm2 ssse3 cx16 xtpr pdcm pcid sse4_1 sse4_2 x2apic popcnt tsc_deadline_timer aes xsave avx f16c rdrand lahf_lm ida arat epb pln pts dtherm tpr_shadow vnmi flexpriority ept vpid fsgsbase smep erms xsaveopt
bugs		:
bogomips	: 6584.66
clflush size	: 64
cache_alignment	: 64
address sizes	: 36 bits physical, 48 bits virtual
power management:

processor	: 3
vendor_id	: GenuineIntel
cpu family	: 6
model		: 58
model name	: Intel(R) Xeon(R) CPU E3-1230 V2 @ 3.30GHz
stepping	: 9
microcode	: 0x1b
cpu MHz		: 3499.933
cache size	: 8192 KB
physical id	: 0
siblings	: 8
core id		: 3
cpu cores	: 4
apicid		: 6
initial apicid	: 6
fpu		: yes
fpu_exception	: yes
cpuid level	: 13
wp		: yes
flags		: fpu vme de pse tsc msr pae mce cx8 apic sep mtrr pge mca cmov pat pse36 clflush dts acpi mmx fxsr sse sse2 ss ht tm pbe syscall nx rdtscp lm constant_tsc arch_perfmon pebs bts rep_good nopl xtopology nonstop_tsc aperfmperf eagerfpu pni pclmulqdq dtes64 monitor ds_cpl vmx smx est tm2 ssse3 cx16 xtpr pdcm pcid sse4_1 sse4_2 x2apic popcnt tsc_deadline_timer aes xsave avx f16c rdrand lahf_lm ida arat epb pln pts dtherm tpr_shadow vnmi flexpriority ept vpid fsgsbase smep erms xsaveopt
bugs		:
bogomips	: 6584.66
clflush size	: 64
cache_alignment	: 64
address sizes	: 36 bits physical, 48 bits virtual
power management:

processor	: 4
vendor_id	: GenuineIntel
cpu family	: 6
model		: 58
model name	: Intel(R) Xeon(R) CPU E3-1230 V2 @ 3.30GHz
stepping	: 9
microcode	: 0x1b
cpu MHz		: 3508.957
cache size	: 8192 KB
physical id	: 0
siblings	: 8
core id		: 0
cpu cores	: 4
apicid		: 1
initial apicid	: 1
fpu		: yes
fpu_exception	: yes
cpuid level	: 13
wp		: yes
flags		: fpu vme de pse tsc msr pae mce cx8 apic sep mtrr pge mca cmov pat pse36 clflush dts acpi mmx fxsr sse sse2 ss ht tm pbe syscall nx rdtscp lm constant_tsc arch_perfmon pebs bts rep_good nopl xtopology nonstop_tsc aperfmperf eagerfpu pni pclmulqdq dtes64 monitor ds_cpl vmx smx est tm2 ssse3 cx16 xtpr pdcm pcid sse4_1 sse4_2 x2apic popcnt tsc_deadline_timer aes xsave avx f16c rdrand lahf_lm ida arat epb pln pts dtherm tpr_shadow vnmi flexpriority ept vpid fsgsbase smep erms xsaveopt
bugs		:
bogomips	: 6584.66
clflush size	: 64
cache_alignment	: 64
address sizes	: 36 bits physical, 48 bits virtual
power management:

processor	: 5
vendor_id	: GenuineIntel
cpu family	: 6
model		: 58
model name	: Intel(R) Xeon(R) CPU E3-1230 V2 @ 3.30GHz
stepping	: 9
microcode	: 0x1b
cpu MHz		: 3573.667
cache size	: 8192 KB
physical id	: 0
siblings	: 8
core id		: 1
cpu cores	: 4
apicid		: 3
initial apicid	: 3
fpu		: yes
fpu_exception	: yes
cpuid level	: 13
wp		: yes
flags		: fpu vme de pse tsc msr pae mce cx8 apic sep mtrr pge mca cmov pat pse36 clflush dts acpi mmx fxsr sse sse2 ss ht tm pbe syscall nx rdtscp lm constant_tsc arch_perfmon pebs bts rep_good nopl xtopology nonstop_tsc aperfmperf eagerfpu pni pclmulqdq dtes64 monitor ds_cpl vmx smx est tm2 ssse3 cx16 xtpr pdcm pcid sse4_1 sse4_2 x2apic popcnt tsc_deadline_timer aes xsave avx f16c rdrand lahf_lm ida arat epb pln pts dtherm tpr_shadow vnmi flexpriority ept vpid fsgsbase smep erms xsaveopt
bugs		:
bogomips	: 6584.66
clflush size	: 64
cache_alignment	: 64
address sizes	: 36 bits physical, 48 bits virtual
power management:

processor	: 6
vendor_id	: GenuineIntel
cpu family	: 6
model		: 58
model name	: Intel(R) Xeon(R) CPU E3-1230 V2 @ 3.30GHz
stepping	: 9
microcode	: 0x1b
cpu MHz		: 3499.933
cache size	: 8192 KB
physical id	: 0
siblings	: 8
core id		: 2
cpu cores	: 4
apicid		: 5
initial apicid	: 5
fpu		: yes
fpu_exception	: yes
cpuid level	: 13
wp		: yes
flags		: fpu vme de pse tsc msr pae mce cx8 apic sep mtrr pge mca cmov pat pse36 clflush dts acpi mmx fxsr sse sse2 ss ht tm pbe syscall nx rdtscp lm constant_tsc arch_perfmon pebs bts rep_good nopl xtopology nonstop_tsc aperfmperf eagerfpu pni pclmulqdq dtes64 monitor ds_cpl vmx smx est tm2 ssse3 cx16 xtpr pdcm pcid sse4_1 sse4_2 x2apic popcnt tsc_deadline_timer aes xsave avx f16c rdrand lahf_lm ida arat epb pln pts dtherm tpr_shadow vnmi flexpriority ept vpid fsgsbase smep erms xsaveopt
bugs		:
bogomips	: 6584.66
clflush size	: 64
cache_alignment	: 64
address sizes	: 36 bits physical, 48 bits virtual
power management:

processor	: 7
vendor_id	: GenuineIntel
cpu family	: 6
model		: 58
model name	: Intel(R) Xeon(R) CPU E3-1230 V2 @ 3.30GHz
stepping	: 9
microcode	: 0x1b
cpu MHz		: 3502.511
cache size	: 8192 KB
physical id	: 0
siblings	: 8
core id		: 3
cpu cores	: 4
apicid		: 7
initial apicid	: 7
fpu		: yes
fpu_exception	: yes
cpuid level	: 13
wp		: yes
flags		: fpu vme de pse tsc msr pae mce cx8 apic sep mtrr pge mca cmov pat pse36 clflush dts acpi mmx fxsr sse sse2 ss ht tm pbe syscall nx rdtscp lm constant_tsc arch_perfmon pebs bts rep_good nopl xtopology nonstop_tsc aperfmperf eagerfpu pni pclmulqdq dtes64 monitor ds_cpl vmx smx est tm2 ssse3 cx16 xtpr pdcm pcid sse4_1 sse4_2 x2apic popcnt tsc_deadline_timer aes xsave avx f16c rdrand lahf_lm ida arat epb pln pts dtherm tpr_shadow vnmi flexpriority ept vpid fsgsbase smep erms xsaveopt
bugs		:
bogomips	: 6584.66
clflush size	: 64
cache_alignment	: 64
address sizes	: 36 bits physical, 48 bits virtual
power management:



Memory: 4k page, physical 16393516k(2875472k free), swap 33554428k(33554428k free)

vm_info: OpenJDK 64-Bit Server VM (25.45-b02) for linux-amd64 JRE (1.8.0_45-internal-b14), built on Apr 20 2015 00:35:04 by "buildd" with gcc 4.9.2

time: Thu Apr 30 00:17:13 2015
elapsed time: 11 seconds (0d 0h 0m 11s)

