#
# A fatal error has been detected by the Java Runtime Environment:
#
#  SIGSEGV (0xb) at pc=0x00007f37a25ae5ca, pid=30079, tid=139876798002944
#
# JRE version: OpenJDK Runtime Environment (8.0_45-b14) (build 1.8.0_45-internal-b14)
# Java VM: OpenJDK 64-Bit Server VM (25.45-b02 mixed mode linux-amd64 compressed oops)
# Problematic frame:
# C  [libffi.so.6+0x45ca]  ffi_closure_free+0x49a
#
# Failed to write core dump. Core dumps have been disabled. To enable core dumping, try "ulimit -c unlimited" before starting Java again
#
# If you would like to submit a bug report, please visit:
#   http://bugreport.java.com/bugreport/crash.jsp
# The crash happened outside the Java Virtual Machine in native code.
# See problematic frame for where to report the bug.
#

---------------  T H R E A D  ---------------

Current thread (0x00007f3714002000):  JavaThread "Thread-26" [_thread_in_native, id=30156, stack(0x00007f379acb7000,0x00007f379adb8000)]

siginfo: si_signo: 11 (SIGSEGV), si_code: 1 (SEGV_MAPERR), si_addr: 0x0000000000000018

Registers:
RAX=0x0000000000000f80, RBX=0x00007f37a27b1240, RCX=0x0000000000000000, RDX=0x0000000000000000
RSP=0x00007f379adb67e0, RBP=0x00007f37c4063038, RSI=0x00007f37c4063070, RDI=0x0000000000000001
R8 =0x0000000000000000, R9 =0x0000000000000000, R10=0x000000000000088a, R11=0x00007f37df7b28a0
R12=0x00007f37c4063048, R13=0x00007f37a226ffb0, R14=0x00007f379adb68b8, R15=0x00007f3714002000
RIP=0x00007f37a25ae5ca, EFLAGS=0x0000000000010246, CSGSFS=0x0000000000000033, ERR=0x0000000000000006
  TRAPNO=0x000000000000000e

Top of Stack: (sp=0x00007f379adb67e0)
0x00007f379adb67e0:   00007f37a226ffb0 00007f3714002000
0x00007f379adb67f0:   00007f37a1cff4c0 0000000000000005
0x00007f379adb6800:   00007f37c4063048 00007f37a226ffb0
0x00007f379adb6810:   00007f379adb6890 0000000000000000
0x00007f379adb6820:   00007f37a226ffb0 00007f379adb68b8
0x00007f379adb6830:   00007f3714002000 00007f37c90156d4
0x00007f379adb6840:   fffffffe00000000 00007f37c9015422
0x00007f379adb6850:   00007f379adb6850 00007f37a226ffb0
0x00007f379adb6860:   00007f379adb68b8 00007f37a22703a8
0x00007f379adb6870:   0000000000000000 00007f37a226ffb0
0x00007f379adb6880:   0000000000000000 00007f379adb68b0
0x00007f379adb6890:   00007f379adb6900 00007f37c900798d
0x00007f379adb68a0:   00000006c5cb59d8 00007f37c900f2b8
0x00007f379adb68b0:   00007f37c4063048 00000006c5d66f38
0x00007f379adb68c0:   00007f379adb68c0 00007f37a222803b
0x00007f379adb68d0:   00007f379adb6910 00007f37a222cc70
0x00007f379adb68e0:   0000000000000000 00007f37a2228058
0x00007f379adb68f0:   00007f379adb68b0 00007f379adb6910
0x00007f379adb6900:   00007f379adb6958 00007f37c900798d
0x00007f379adb6910:   00000006c5d66f38 00007f379adb6918
0x00007f379adb6920:   00007f37a2228d16 00007f379adb6968
0x00007f379adb6930:   00007f37a222caf8 0000000000000000
0x00007f379adb6940:   00007f37a2228d30 00007f379adb6910
0x00007f379adb6950:   00007f379adb6968 00007f379adb69b0
0x00007f379adb6960:   00007f37c900798d 00000006c5d66f38
0x00007f379adb6970:   00007f379adb6970 00007f37a2225e87
0x00007f379adb6980:   00007f379adb69c0 00007f37a22296c8
0x00007f379adb6990:   0000000000000000 00007f37a2225ea0
0x00007f379adb69a0:   00007f379adb6968 00007f379adb69c0
0x00007f379adb69b0:   00007f379adb6a08 00007f37c900798d
0x00007f379adb69c0:   00000006c5d66df8 00007f379adb69c8
0x00007f379adb69d0:   00007f37a2225f37 00007f379adb6a20 

Instructions: (pc=0x00007f37a25ae5ca)
0x00007f37a25ae5aa:   56 18 4c 8b 4e 30 48 39 d6 0f 84 ef 03 00 00 48
0x00007f37a25ae5ba:   8b 4e 10 48 3b 0d 94 2c 20 00 0f 82 26 fe ff ff
0x00007f37a25ae5ca:   48 89 51 18 48 89 4a 10 4d 85 c9 0f 84 55 03 00
0x00007f37a25ae5da:   00 48 8b 4e 38 48 8d 79 4a 48 3b 34 fb 0f 84 b3 

Register to memory mapping:

RAX=0x0000000000000f80 is an unknown value
RBX=0x00007f37a27b1240: <offset 0x207240> in /usr/lib/x86_64-linux-gnu/libffi.so.6 at 0x00007f37a25aa000
RCX=0x0000000000000000 is an unknown value
RDX=0x0000000000000000 is an unknown value
RSP=0x00007f379adb67e0 is pointing into the stack for thread: 0x00007f3714002000
RBP=0x00007f37c4063038 is an unknown value
RSI=0x00007f37c4063070 is an unknown value
RDI=0x0000000000000001 is an unknown value
R8 =0x0000000000000000 is an unknown value
R9 =0x0000000000000000 is an unknown value
R10=0x000000000000088a is an unknown value
R11=0x00007f37df7b28a0: __sysconf+0 in /lib/x86_64-linux-gnu/libc.so.6 at 0x00007f37df6e6000
R12=0x00007f37c4063048 is an unknown value
R13={method} {0x00007f37a226ffb0} 'nffi_closure_free' '(J)V' in 'org/lwjgl/system/libffi/LibFFI'
R14=0x00007f379adb68b8 is pointing into the stack for thread: 0x00007f3714002000
R15=0x00007f3714002000 is a thread


Stack: [0x00007f379acb7000,0x00007f379adb8000],  sp=0x00007f379adb67e0,  free space=1021k
Native frames: (J=compiled Java code, j=interpreted, Vv=VM code, C=native code)
C  [libffi.so.6+0x45ca]  ffi_closure_free+0x49a

Java frames: (J=compiled Java code, j=interpreted, Vv=VM code)
j  org.lwjgl.system.libffi.LibFFI.nffi_closure_free(J)V+0
j  org.lwjgl.system.libffi.Closure.destroy()V+35
j  org.lwjgl.system.Retainable$Default.release()V+38
j  myutils.gui.opengl.AbstractOpenGLApplication.end()V+7
j  myutils.gui.opengl.AbstractOpenGLApplication.run()V+15
j  edu.hkcc.pacmanrobot.controller.gamecontroller.MiniMap$$anonfun$run$1.apply$mcV$sp()V+7
j  edu.hkcc.pacmanrobot.utils.Worker$$anon$1.run()V+4
j  java.lang.Thread.run()V+11
v  ~StubRoutines::call_stub

---------------  P R O C E S S  ---------------

Java Threads: ( => current thread )
=>0x00007f3714002000 JavaThread "Thread-26" [_thread_in_native, id=30156, stack(0x00007f379acb7000,0x00007f379adb8000)]
  0x00007f3728185800 JavaThread "TimerQueue" daemon [_thread_blocked, id=30150, stack(0x00007f379aeb9000,0x00007f379afba000)]
  0x00007f3728161800 JavaThread "Keep-Alive-Timer" daemon [_thread_blocked, id=30149, stack(0x00007f37a0087000,0x00007f37a0188000)]
  0x00007f37d800e000 JavaThread "DestroyJavaVM" [_thread_blocked, id=30080, stack(0x00007f37dfdbf000,0x00007f37dfec0000)]
  0x00007f37d883b800 JavaThread "AWT-EventQueue-0" [_thread_blocked, id=30139, stack(0x00007f37a3cfd000,0x00007f37a3dfe000)]
  0x00007f37d883a000 JavaThread "AWT-Shutdown" [_thread_blocked, id=30138, stack(0x00007f37a3dfe000,0x00007f37a3eff000)]
  0x00007f37d8835800 JavaThread "AWT-XAWT" daemon [_thread_in_native, id=30137, stack(0x00007f37a3eff000,0x00007f37a4000000)]
  0x00007f37d881f000 JavaThread "Java2D Disposer" daemon [_thread_blocked, id=30136, stack(0x00007f37bc4e9000,0x00007f37bc5ea000)]
  0x00007f3734009800 JavaThread "Thread-17" [_thread_in_Java, id=30134, stack(0x00007f37bd112000,0x00007f37bd213000)]
  0x00007f375c022800 JavaThread "Thread-16" [_thread_blocked, id=30133, stack(0x00007f37bd011000,0x00007f37bd112000)]
  0x00007f3748001000 JavaThread "Thread-10" [_thread_in_native, id=30132, stack(0x00007f37bcf10000,0x00007f37bd011000)]
  0x00007f3740002800 JavaThread "Thread-14" [_thread_blocked, id=30131, stack(0x00007f37bcd0e000,0x00007f37bce0f000)]
  0x00007f3740001000 JavaThread "Thread-13" [_thread_blocked, id=30130, stack(0x00007f37bce0f000,0x00007f37bcf10000)]
  0x00007f375c01a000 JavaThread "Thread-3" [_thread_in_native, id=30126, stack(0x00007f37bd213000,0x00007f37bd314000)]
  0x00007f375c018000 JavaThread "Thread-7" [_thread_in_native, id=30125, stack(0x00007f37bd314000,0x00007f37bd415000)]
  0x00007f375c016800 JavaThread "Thread-6" [_thread_in_native, id=30124, stack(0x00007f37be174000,0x00007f37be275000)]
  0x00007f375c014800 JavaThread "Thread-5" [_thread_in_native, id=30123, stack(0x00007f37be275000,0x00007f37be376000)]
  0x00007f375c013000 JavaThread "Thread-4" [_thread_in_native, id=30122, stack(0x00007f37be376000,0x00007f37be477000)]
  0x00007f375c00c800 JavaThread "Thread-8" [_thread_blocked, id=30121, stack(0x00007f37be477000,0x00007f37be578000)]
  0x00007f37d87a1800 JavaThread "Thread-0" [_thread_blocked, id=30120, stack(0x00007f37be578000,0x00007f37be679000)]
  0x00007f37d85d3000 JavaThread "Monitor Ctrl-Break" daemon [_thread_in_native, id=30119, stack(0x00007f37beb92000,0x00007f37bec93000)]
  0x00007f37d85ce000 JavaThread "Service Thread" daemon [_thread_blocked, id=30117, stack(0x00007f37bef96000,0x00007f37bf097000)]
  0x00007f37d85c3000 JavaThread "C1 CompilerThread3" daemon [_thread_blocked, id=30116, stack(0x00007f37bf097000,0x00007f37bf198000)]
  0x00007f37d85c0800 JavaThread "C2 CompilerThread2" daemon [_thread_blocked, id=30115, stack(0x00007f37bf198000,0x00007f37bf299000)]
  0x00007f37d85be800 JavaThread "C2 CompilerThread1" daemon [_thread_blocked, id=30114, stack(0x00007f37bf299000,0x00007f37bf39a000)]
  0x00007f37d85ba000 JavaThread "C2 CompilerThread0" daemon [_thread_blocked, id=30113, stack(0x00007f37bf39a000,0x00007f37bf49b000)]
  0x00007f37d81fd000 JavaThread "Signal Dispatcher" daemon [_thread_blocked, id=30106, stack(0x00007f37c4503000,0x00007f37c4604000)]
  0x00007f37d81d2800 JavaThread "Finalizer" daemon [_thread_blocked, id=30102, stack(0x00007f37c4ce6000,0x00007f37c4de7000)]
  0x00007f37d81d0800 JavaThread "Reference Handler" daemon [_thread_blocked, id=30101, stack(0x00007f37c4de7000,0x00007f37c4ee8000)]

Other Threads:
  0x00007f37d81cb000 VMThread [stack: 0x00007f37c4ee8000,0x00007f37c4fe9000] [id=30099]
  0x00007f37d85d0800 WatcherThread [stack: 0x00007f37bee95000,0x00007f37bef96000] [id=30118]

VM state:not at safepoint (normal execution)

VM Mutex/Monitor currently owned by a thread: None

Heap:
 PSYoungGen      total 71168K, used 20646K [0x000000076c980000, 0x0000000775880000, 0x00000007c0000000)
  eden space 64512K, 32% used [0x000000076c980000,0x000000076dda9920,0x0000000770880000)
  from space 6656K, 0% used [0x0000000775200000,0x0000000775200000,0x0000000775880000)
  to   space 10752K, 0% used [0x0000000774380000,0x0000000774380000,0x0000000774e00000)
 ParOldGen       total 93184K, used 6109K [0x00000006c5c00000, 0x00000006cb700000, 0x000000076c980000)
  object space 93184K, 6% used [0x00000006c5c00000,0x00000006c61f74c8,0x00000006cb700000)
 Metaspace       used 24048K, capacity 24368K, committed 24704K, reserved 1071104K
  class space    used 2799K, capacity 2897K, committed 2944K, reserved 1048576K

Card table byte_map: [0x00007f37c882d000,0x00007f37c9000000] byte_map_base: 0x00007f37c51ff000

Marking Bits: (ParMarkBitMap*) 0x00007f37df08de80
 Begin Bits: [0x00007f37a82e0000, 0x00007f37ac170000)
 End Bits:   [0x00007f37ac170000, 0x00007f37b0000000)

Polling page: 0x00007f37dfedf000

CodeCache: size=245760Kb used=5979Kb max_used=5993Kb free=239780Kb
 bounds [0x00007f37c9000000, 0x00007f37c95e0000, 0x00007f37d8000000]
 total_blobs=2707 nmethods=1857 adapters=764
 compilation: enabled

Compilation events (10 events):
Event: 6.195 Thread 0x00007f37d85c3000 nmethod 1850 0x00007f37c95d7f10 code [0x00007f37c95d8160, 0x00007f37c95d9390]
Event: 6.195 Thread 0x00007f37d85c3000 1851       3       edu.hkcc.pacmanrobot.controller.gamecontroller.MiniMap$MiniMapRunnable$OpenglObstacle::B (5 bytes)
Event: 6.195 Thread 0x00007f37d85c3000 nmethod 1851 0x00007f37c95d9850 code [0x00007f37c95d99a0, 0x00007f37c95d9af0]
Event: 6.195 Thread 0x00007f37d85c3000 1856  s    3       sun.font.FontManagerFactory::getInstance (25 bytes)
Event: 6.195 Thread 0x00007f37d85c3000 nmethod 1856 0x00007f37c95d9b90 code [0x00007f37c95d9d20, 0x00007f37c95da1a8]
Event: 6.195 Thread 0x00007f37d85c3000 1857       3       sun.java2d.xr.XRUtils::isMaskEvaluated (56 bytes)
Event: 6.196 Thread 0x00007f37d85c3000 nmethod 1857 0x00007f37c95da2d0 code [0x00007f37c95da420, 0x00007f37c95da590]
Event: 6.196 Thread 0x00007f37d85c3000 1855       1       sun.java2d.xr.XRSurfaceData$XRPixmapSurfaceData::getTransparency (5 bytes)
Event: 6.196 Thread 0x00007f37d85c3000 nmethod 1855 0x00007f37c95da610 code [0x00007f37c95da760, 0x00007f37c95da870]
Event: 6.200 Thread 0x00007f37d85be800 nmethod 1852 0x00007f37c95de090 code [0x00007f37c95de220, 0x00007f37c95dedb8]

GC Heap History (6 events):
Event: 0.759 GC heap before
{Heap before GC invocations=1 (full 0):
 PSYoungGen      total 75264K, used 64512K [0x000000076c980000, 0x0000000771d80000, 0x00000007c0000000)
  eden space 64512K, 100% used [0x000000076c980000,0x0000000770880000,0x0000000770880000)
  from space 10752K, 0% used [0x0000000771300000,0x0000000771300000,0x0000000771d80000)
  to   space 10752K, 0% used [0x0000000770880000,0x0000000770880000,0x0000000771300000)
 ParOldGen       total 172032K, used 0K [0x00000006c5c00000, 0x00000006d0400000, 0x000000076c980000)
  object space 172032K, 0% used [0x00000006c5c00000,0x00000006c5c00000,0x00000006d0400000)
 Metaspace       used 15717K, capacity 16012K, committed 16384K, reserved 1062912K
  class space    used 2065K, capacity 2181K, committed 2304K, reserved 1048576K
Event: 0.772 GC heap after
Heap after GC invocations=1 (full 0):
 PSYoungGen      total 75264K, used 7414K [0x000000076c980000, 0x0000000775c80000, 0x00000007c0000000)
  eden space 64512K, 0% used [0x000000076c980000,0x000000076c980000,0x0000000770880000)
  from space 10752K, 68% used [0x0000000770880000,0x0000000770fbdba0,0x0000000771300000)
  to   space 10752K, 0% used [0x0000000775200000,0x0000000775200000,0x0000000775c80000)
 ParOldGen       total 172032K, used 16K [0x00000006c5c00000, 0x00000006d0400000, 0x000000076c980000)
  object space 172032K, 0% used [0x00000006c5c00000,0x00000006c5c04000,0x00000006d0400000)
 Metaspace       used 15717K, capacity 16012K, committed 16384K, reserved 1062912K
  class space    used 2065K, capacity 2181K, committed 2304K, reserved 1048576K
}
Event: 5.335 GC heap before
{Heap before GC invocations=2 (full 0):
 PSYoungGen      total 75264K, used 24752K [0x000000076c980000, 0x0000000775c80000, 0x00000007c0000000)
  eden space 64512K, 26% used [0x000000076c980000,0x000000076da6e630,0x0000000770880000)
  from space 10752K, 68% used [0x0000000770880000,0x0000000770fbdba0,0x0000000771300000)
  to   space 10752K, 0% used [0x0000000775200000,0x0000000775200000,0x0000000775c80000)
 ParOldGen       total 172032K, used 16K [0x00000006c5c00000, 0x00000006d0400000, 0x000000076c980000)
  object space 172032K, 0% used [0x00000006c5c00000,0x00000006c5c04000,0x00000006d0400000)
 Metaspace       used 20776K, capacity 21072K, committed 21248K, reserved 1067008K
  class space    used 2680K, capacity 2801K, committed 2816K, reserved 1048576K
Event: 5.341 GC heap after
Heap after GC invocations=2 (full 0):
 PSYoungGen      total 71168K, used 6338K [0x000000076c980000, 0x0000000775880000, 0x00000007c0000000)
  eden space 64512K, 0% used [0x000000076c980000,0x000000076c980000,0x0000000770880000)
  from space 6656K, 95% used [0x0000000775200000,0x0000000775830948,0x0000000775880000)
  to   space 10752K, 0% used [0x0000000774380000,0x0000000774380000,0x0000000774e00000)
 ParOldGen       total 172032K, used 32K [0x00000006c5c00000, 0x00000006d0400000, 0x000000076c980000)
  object space 172032K, 0% used [0x00000006c5c00000,0x00000006c5c08000,0x00000006d0400000)
 Metaspace       used 20776K, capacity 21072K, committed 21248K, reserved 1067008K
  class space    used 2680K, capacity 2801K, committed 2816K, reserved 1048576K
}
Event: 5.341 GC heap before
{Heap before GC invocations=3 (full 1):
 PSYoungGen      total 71168K, used 6338K [0x000000076c980000, 0x0000000775880000, 0x00000007c0000000)
  eden space 64512K, 0% used [0x000000076c980000,0x000000076c980000,0x0000000770880000)
  from space 6656K, 95% used [0x0000000775200000,0x0000000775830948,0x0000000775880000)
  to   space 10752K, 0% used [0x0000000774380000,0x0000000774380000,0x0000000774e00000)
 ParOldGen       total 172032K, used 32K [0x00000006c5c00000, 0x00000006d0400000, 0x000000076c980000)
  object space 172032K, 0% used [0x00000006c5c00000,0x00000006c5c08000,0x00000006d0400000)
 Metaspace       used 20776K, capacity 21072K, committed 21248K, reserved 1067008K
  class space    used 2680K, capacity 2801K, committed 2816K, reserved 1048576K
Event: 5.367 GC heap after
Heap after GC invocations=3 (full 1):
 PSYoungGen      total 71168K, used 0K [0x000000076c980000, 0x0000000775880000, 0x00000007c0000000)
  eden space 64512K, 0% used [0x000000076c980000,0x000000076c980000,0x0000000770880000)
  from space 6656K, 0% used [0x0000000775200000,0x0000000775200000,0x0000000775880000)
  to   space 10752K, 0% used [0x0000000774380000,0x0000000774380000,0x0000000774e00000)
 ParOldGen       total 93184K, used 6109K [0x00000006c5c00000, 0x00000006cb700000, 0x000000076c980000)
  object space 93184K, 6% used [0x00000006c5c00000,0x00000006c61f74c8,0x00000006cb700000)
 Metaspace       used 20776K, capacity 21072K, committed 21248K, reserved 1067008K
  class space    used 2680K, capacity 2801K, committed 2816K, reserved 1048576K
}

Deoptimization events (10 events):
Event: 0.835 Thread 0x00007f37d883b800 Uncommon trap: reason=unstable_if action=reinterpret pc=0x00007f37c931fadc method=java.lang.CharacterDataLatin1.digit(II)I @ 82
Event: 1.502 Thread 0x00007f37d883b800 Uncommon trap: reason=unstable_if action=reinterpret pc=0x00007f37c93c18b0 method=java.lang.String.toLowerCase(Ljava/util/Locale;)Ljava/lang/String; @ 226
Event: 2.556 Thread 0x00007f37d883b800 Uncommon trap: reason=class_check action=maybe_recompile pc=0x00007f37c91c30d8 method=java.lang.String.equals(Ljava/lang/Object;)Z @ 8
Event: 2.556 Thread 0x00007f37d883b800 Uncommon trap: reason=class_check action=maybe_recompile pc=0x00007f37c91c30d8 method=java.lang.String.equals(Ljava/lang/Object;)Z @ 8
Event: 2.556 Thread 0x00007f37d883b800 Uncommon trap: reason=class_check action=maybe_recompile pc=0x00007f37c91c30d8 method=java.lang.String.equals(Ljava/lang/Object;)Z @ 8
Event: 2.556 Thread 0x00007f37d883b800 Uncommon trap: reason=class_check action=maybe_recompile pc=0x00007f37c91c30d8 method=java.lang.String.equals(Ljava/lang/Object;)Z @ 8
Event: 6.026 Thread 0x00007f3714002000 Uncommon trap: reason=class_check action=maybe_recompile pc=0x00007f37c93ea754 method=java.io.DataInputStream.readInt()I @ 4
Event: 6.026 Thread 0x00007f3714002000 Uncommon trap: reason=class_check action=maybe_recompile pc=0x00007f37c93ea754 method=java.io.DataInputStream.readInt()I @ 4
Event: 6.026 Thread 0x00007f3714002000 Uncommon trap: reason=class_check action=maybe_recompile pc=0x00007f37c93ea754 method=java.io.DataInputStream.readInt()I @ 4
Event: 6.026 Thread 0x00007f3714002000 Uncommon trap: reason=class_check action=maybe_recompile pc=0x00007f37c93ea754 method=java.io.DataInputStream.readInt()I @ 4

Internal exceptions (10 events):
Event: 0.108 Thread 0x00007f37d800e000 Exception <a 'java/security/PrivilegedActionException'> (0x000000076d13aff8) thrown at [/build/buildd/openjdk-8-8u45-b14/src/hotspot/src/share/vm/prims/jvm.cpp, line 1382]
Event: 0.108 Thread 0x00007f37d800e000 Exception <a 'java/security/PrivilegedActionException'> (0x000000076d13b340) thrown at [/build/buildd/openjdk-8-8u45-b14/src/hotspot/src/share/vm/prims/jvm.cpp, line 1382]
Event: 0.295 Thread 0x00007f37d800e000 Exception <a 'java/io/FileNotFoundException'> (0x000000076e116088) thrown at [/build/buildd/openjdk-8-8u45-b14/src/hotspot/src/share/vm/prims/jni.cpp, line 709]
Event: 0.316 Thread 0x00007f37d800e000 Exception <a 'java/lang/ClassNotFoundException': sun/dc/DuctusRenderingEngine> (0x000000076e17d6f0) thrown at [/build/buildd/openjdk-8-8u45-b14/src/hotspot/src/share/vm/classfile/systemDictionary.cpp, line 210]
Event: 0.391 Thread 0x00007f37d800e000 Exception <a 'java/lang/NoSuchFieldError': method resolution failed> (0x000000076f145318) thrown at [/build/buildd/openjdk-8-8u45-b14/src/hotspot/src/share/vm/prims/methodHandles.cpp, line 1125]
Event: 0.394 Thread 0x00007f37d800e000 Exception <a 'java/lang/NoSuchFieldError': method resolution failed> (0x000000076f154548) thrown at [/build/buildd/openjdk-8-8u45-b14/src/hotspot/src/share/vm/prims/methodHandles.cpp, line 1125]
Event: 0.470 Thread 0x00007f37d883b800 Implicit null exception at 0x00007f37c91f6775 to 0x00007f37c91f6ae5
Event: 0.471 Thread 0x00007f37d883b800 Implicit null exception at 0x00007f37c91c9e35 to 0x00007f37c91ca191
Event: 0.715 Thread 0x00007f37d883b800 Exception <a 'java/lang/reflect/InvocationTargetException'> (0x00000007705f70c0) thrown at [/build/buildd/openjdk-8-8u45-b14/src/hotspot/src/share/vm/runtime/reflection.cpp, line 1080]
Event: 6.189 Thread 0x00007f3714002000 Exception <a 'java/lang/NoSuchMethodError': scala.Predef$.$conforms()Lscala/Predef$$less$colon$less;> (0x000000076dda88c8) thrown at [/build/buildd/openjdk-8-8u45-b14/src/hotspot/src/share/vm/interpreter/linkResolver.cpp, line 582]

Events (10 events):
Event: 6.125 loading class org/lwjgl/system/linux/opengl/LinuxGLContext$MakeCurrentActionARB
Event: 6.125 loading class org/lwjgl/system/linux/opengl/LinuxGLContext$MakeCurrentActionARB done
Event: 6.125 loading class edu/hkcc/pacmanrobot/utils/Point2D
Event: 6.125 loading class edu/hkcc/pacmanrobot/utils/Point2D done
Event: 6.125 loading class edu/hkcc/pacmanrobot/utils/Utils$$anon$1
Event: 6.125 loading class edu/hkcc/pacmanrobot/utils/Utils$$anon$1 done
Event: 6.127 loading class edu/hkcc/pacmanrobot/controller/gamecontroller/MiniMap$MiniMapRunnable$$anon$1
Event: 6.127 loading class edu/hkcc/pacmanrobot/controller/gamecontroller/MiniMap$MiniMapRunnable$$anon$1 done
Event: 6.128 loading class edu/hkcc/pacmanrobot/controller/gamecontroller/MiniMap$MiniMapRunnable$OpenglObstacle
Event: 6.128 loading class edu/hkcc/pacmanrobot/controller/gamecontroller/MiniMap$MiniMapRunnable$OpenglObstacle done


Dynamic libraries:
00400000-00401000 r-xp 00000000 fc:02 2238569                            /usr/lib/jvm/java-8-openjdk-amd64/jre/bin/java
00600000-00601000 r--p 00000000 fc:02 2238569                            /usr/lib/jvm/java-8-openjdk-amd64/jre/bin/java
00601000-00602000 rw-p 00001000 fc:02 2238569                            /usr/lib/jvm/java-8-openjdk-amd64/jre/bin/java
00ecf000-00ef0000 rw-p 00000000 00:00 0                                  [heap]
6c5c00000-6cb700000 rw-p 00000000 00:00 0 
6cb700000-76c980000 ---p 00000000 00:00 0 
76c980000-775880000 rw-p 00000000 00:00 0 
775880000-7c0000000 ---p 00000000 00:00 0 
7c0000000-7c02e0000 rw-p 00000000 00:00 0 
7c02e0000-800000000 ---p 00000000 00:00 0 
7f371201e000-7f3713dc7000 r-xp 00000000 fc:02 2107172                    /usr/lib/x86_64-linux-gnu/libLLVM-3.6.so.1
7f3713dc7000-7f3713dc8000 ---p 01da9000 fc:02 2107172                    /usr/lib/x86_64-linux-gnu/libLLVM-3.6.so.1
7f3713dc8000-7f3713fe4000 r--p 01da9000 fc:02 2107172                    /usr/lib/x86_64-linux-gnu/libLLVM-3.6.so.1
7f3713fe4000-7f3713fea000 rw-p 01fc5000 fc:02 2107172                    /usr/lib/x86_64-linux-gnu/libLLVM-3.6.so.1
7f3713fea000-7f3714000000 rw-p 00000000 00:00 0 
7f3714000000-7f3714021000 rw-p 00000000 00:00 0 
7f3714021000-7f3718000000 ---p 00000000 00:00 0 
7f3718000000-7f3718233000 rw-p 00000000 00:00 0 
7f3718233000-7f371c000000 ---p 00000000 00:00 0 
7f371c000000-7f371c021000 rw-p 00000000 00:00 0 
7f371c021000-7f3720000000 ---p 00000000 00:00 0 
7f3720000000-7f3720021000 rw-p 00000000 00:00 0 
7f3720021000-7f3724000000 ---p 00000000 00:00 0 
7f3724000000-7f3724021000 rw-p 00000000 00:00 0 
7f3724021000-7f3728000000 ---p 00000000 00:00 0 
7f3728000000-7f37281dd000 rw-p 00000000 00:00 0 
7f37281dd000-7f372c000000 ---p 00000000 00:00 0 
7f372c000000-7f372c021000 rw-p 00000000 00:00 0 
7f372c021000-7f3730000000 ---p 00000000 00:00 0 
7f3730000000-7f3730037000 rw-p 00000000 00:00 0 
7f3730037000-7f3734000000 ---p 00000000 00:00 0 
7f3734000000-7f3734285000 rw-p 00000000 00:00 0 
7f3734285000-7f3738000000 ---p 00000000 00:00 0 
7f3738000000-7f3738021000 rw-p 00000000 00:00 0 
7f3738021000-7f373c000000 ---p 00000000 00:00 0 
7f373c000000-7f373c282000 rw-p 00000000 00:00 0 
7f373c282000-7f3740000000 ---p 00000000 00:00 0 
7f3740000000-7f3740021000 rw-p 00000000 00:00 0 
7f3740021000-7f3744000000 ---p 00000000 00:00 0 
7f3744000000-7f3744021000 rw-p 00000000 00:00 0 
7f3744021000-7f3748000000 ---p 00000000 00:00 0 
7f3748000000-7f3748021000 rw-p 00000000 00:00 0 
7f3748021000-7f374c000000 ---p 00000000 00:00 0 
7f374c000000-7f374c021000 rw-p 00000000 00:00 0 
7f374c021000-7f3750000000 ---p 00000000 00:00 0 
7f3750000000-7f3750021000 rw-p 00000000 00:00 0 
7f3750021000-7f3754000000 ---p 00000000 00:00 0 
7f3754000000-7f3754021000 rw-p 00000000 00:00 0 
7f3754021000-7f3758000000 ---p 00000000 00:00 0 
7f3758000000-7f3758021000 rw-p 00000000 00:00 0 
7f3758021000-7f375c000000 ---p 00000000 00:00 0 
7f375c000000-7f375c024000 rw-p 00000000 00:00 0 
7f375c024000-7f3760000000 ---p 00000000 00:00 0 
7f3760000000-7f3760021000 rw-p 00000000 00:00 0 
7f3760021000-7f3764000000 ---p 00000000 00:00 0 
7f3764000000-7f3764021000 rw-p 00000000 00:00 0 
7f3764021000-7f3768000000 ---p 00000000 00:00 0 
7f3768000000-7f3768021000 rw-p 00000000 00:00 0 
7f3768021000-7f376c000000 ---p 00000000 00:00 0 
7f376c000000-7f376c236000 rw-p 00000000 00:00 0 
7f376c236000-7f3770000000 ---p 00000000 00:00 0 
7f3770000000-7f3770021000 rw-p 00000000 00:00 0 
7f3770021000-7f3774000000 ---p 00000000 00:00 0 
7f3774000000-7f3774253000 rw-p 00000000 00:00 0 
7f3774253000-7f3778000000 ---p 00000000 00:00 0 
7f3778000000-7f3778366000 rw-p 00000000 00:00 0 
7f3778366000-7f377c000000 ---p 00000000 00:00 0 
7f377c000000-7f377c021000 rw-p 00000000 00:00 0 
7f377c021000-7f3780000000 ---p 00000000 00:00 0 
7f3780000000-7f37802c9000 rw-p 00000000 00:00 0 
7f37802c9000-7f3784000000 ---p 00000000 00:00 0 
7f3784000000-7f3784021000 rw-p 00000000 00:00 0 
7f3784021000-7f3788000000 ---p 00000000 00:00 0 
7f3788000000-7f3788021000 rw-p 00000000 00:00 0 
7f3788021000-7f378c000000 ---p 00000000 00:00 0 
7f378c000000-7f378c021000 rw-p 00000000 00:00 0 
7f378c021000-7f3790000000 ---p 00000000 00:00 0 
7f3790000000-7f3790021000 rw-p 00000000 00:00 0 
7f3790021000-7f3794000000 ---p 00000000 00:00 0 
7f3794000000-7f3794021000 rw-p 00000000 00:00 0 
7f3794021000-7f3798000000 ---p 00000000 00:00 0 
7f3798e26000-7f3798f66000 rw-p 00000000 00:00 0 
7f3798f66000-7f3799026000 ---p 00000000 00:00 0 
7f3799026000-7f379905d000 r-xp 00000000 fc:02 2108338                    /usr/lib/x86_64-linux-gnu/libtxc_dxtn_s2tc.so.0.0.0
7f379905d000-7f379925c000 ---p 00037000 fc:02 2108338                    /usr/lib/x86_64-linux-gnu/libtxc_dxtn_s2tc.so.0.0.0
7f379925c000-7f379925d000 r--p 00036000 fc:02 2108338                    /usr/lib/x86_64-linux-gnu/libtxc_dxtn_s2tc.so.0.0.0
7f379925d000-7f379925e000 rw-p 00037000 fc:02 2108338                    /usr/lib/x86_64-linux-gnu/libtxc_dxtn_s2tc.so.0.0.0
7f379925e000-7f3799283000 r-xp 00000000 fc:02 1053251                    /lib/x86_64-linux-gnu/libtinfo.so.5.9
7f3799283000-7f3799482000 ---p 00025000 fc:02 1053251                    /lib/x86_64-linux-gnu/libtinfo.so.5.9
7f3799482000-7f3799486000 r--p 00024000 fc:02 1053251                    /lib/x86_64-linux-gnu/libtinfo.so.5.9
7f3799486000-7f3799487000 rw-p 00028000 fc:02 1053251                    /lib/x86_64-linux-gnu/libtinfo.so.5.9
7f3799487000-7f37994ba000 r-xp 00000000 fc:02 2107580                    /usr/lib/x86_64-linux-gnu/libedit.so.2.0.51
7f37994ba000-7f37996ba000 ---p 00033000 fc:02 2107580                    /usr/lib/x86_64-linux-gnu/libedit.so.2.0.51
7f37996ba000-7f37996bc000 r--p 00033000 fc:02 2107580                    /usr/lib/x86_64-linux-gnu/libedit.so.2.0.51
7f37996bc000-7f37996bd000 rw-p 00035000 fc:02 2107580                    /usr/lib/x86_64-linux-gnu/libedit.so.2.0.51
7f37996bd000-7f37996c1000 rw-p 00000000 00:00 0 
7f37996c1000-7f37996d6000 r-xp 00000000 fc:02 2107581                    /usr/lib/x86_64-linux-gnu/libelf-0.160.so
7f37996d6000-7f37998d5000 ---p 00015000 fc:02 2107581                    /usr/lib/x86_64-linux-gnu/libelf-0.160.so
7f37998d5000-7f37998d6000 r--p 00014000 fc:02 2107581                    /usr/lib/x86_64-linux-gnu/libelf-0.160.so
7f37998d6000-7f37998d7000 rw-p 00015000 fc:02 2107581                    /usr/lib/x86_64-linux-gnu/libelf-0.160.so
7f37998d7000-7f37998e3000 r-xp 00000000 fc:02 2107576                    /usr/lib/x86_64-linux-gnu/libdrm_radeon.so.1.0.1
7f37998e3000-7f3799ae2000 ---p 0000c000 fc:02 2107576                    /usr/lib/x86_64-linux-gnu/libdrm_radeon.so.1.0.1
7f3799ae2000-7f3799ae3000 r--p 0000b000 fc:02 2107576                    /usr/lib/x86_64-linux-gnu/libdrm_radeon.so.1.0.1
7f3799ae3000-7f3799ae4000 rw-p 0000c000 fc:02 2107576                    /usr/lib/x86_64-linux-gnu/libdrm_radeon.so.1.0.1
7f3799ae4000-7f3799aea000 r-xp 00000000 fc:02 2107574                    /usr/lib/x86_64-linux-gnu/libdrm_nouveau.so.2.0.0
7f3799aea000-7f3799ce9000 ---p 00006000 fc:02 2107574                    /usr/lib/x86_64-linux-gnu/libdrm_nouveau.so.2.0.0
7f3799ce9000-7f3799cea000 r--p 00005000 fc:02 2107574                    /usr/lib/x86_64-linux-gnu/libdrm_nouveau.so.2.0.0
7f3799cea000-7f3799ceb000 rw-p 00006000 fc:02 2107574                    /usr/lib/x86_64-linux-gnu/libdrm_nouveau.so.2.0.0
7f3799ceb000-7f379a45c000 r-xp 00000000 fc:02 2361022                    /usr/lib/x86_64-linux-gnu/dri/nouveau_dri.so
7f379a45c000-7f379a65c000 ---p 00771000 fc:02 2361022                    /usr/lib/x86_64-linux-gnu/dri/nouveau_dri.so
7f379a65c000-7f379a6b3000 r--p 00771000 fc:02 2361022                    /usr/lib/x86_64-linux-gnu/dri/nouveau_dri.so
7f379a6b3000-7f379a6bf000 rw-p 007c8000 fc:02 2361022                    /usr/lib/x86_64-linux-gnu/dri/nouveau_dri.so
7f379a6bf000-7f379a8a4000 rw-p 00000000 00:00 0 
7f379a8a4000-7f379a8b6000 r-xp 00000000 fc:02 1053253                    /lib/x86_64-linux-gnu/libudev.so.1.6.2
7f379a8b6000-7f379aab5000 ---p 00012000 fc:02 1053253                    /lib/x86_64-linux-gnu/libudev.so.1.6.2
7f379aab5000-7f379aab6000 r--p 00011000 fc:02 1053253                    /lib/x86_64-linux-gnu/libudev.so.1.6.2
7f379aab6000-7f379aab7000 rw-p 00012000 fc:02 1053253                    /lib/x86_64-linux-gnu/libudev.so.1.6.2
7f379aab7000-7f379acb7000 rw-p 00000000 00:00 0 
7f379acb7000-7f379acba000 ---p 00000000 00:00 0 
7f379acba000-7f379adb8000 rw-p 00000000 00:00 0                          [stack:30156]
7f379adb8000-7f379adbb000 ---p 00000000 00:00 0 
7f379adbb000-7f379aeb9000 rw-p 00000000 00:00 0 
7f379aeb9000-7f379aebc000 ---p 00000000 00:00 0 
7f379aebc000-7f379b1ba000 rw-p 00000000 00:00 0                          [stack:30150]
7f379b1ba000-7f379b3ba000 rw-p 00000000 00:00 0 
7f379b3ba000-7f379b3bf000 r-xp 00000000 fc:02 1053178                    /lib/x86_64-linux-gnu/libnss_dns-2.21.so
7f379b3bf000-7f379b5be000 ---p 00005000 fc:02 1053178                    /lib/x86_64-linux-gnu/libnss_dns-2.21.so
7f379b5be000-7f379b5bf000 r--p 00004000 fc:02 1053178                    /lib/x86_64-linux-gnu/libnss_dns-2.21.so
7f379b5bf000-7f379b5c0000 rw-p 00005000 fc:02 1053178                    /lib/x86_64-linux-gnu/libnss_dns-2.21.so
7f379b5c0000-7f379b5c2000 r-xp 00000000 fc:02 1053186                    /lib/x86_64-linux-gnu/libnss_mdns4_minimal.so.2
7f379b5c2000-7f379b7c1000 ---p 00002000 fc:02 1053186                    /lib/x86_64-linux-gnu/libnss_mdns4_minimal.so.2
7f379b7c1000-7f379b7c2000 r--p 00001000 fc:02 1053186                    /lib/x86_64-linux-gnu/libnss_mdns4_minimal.so.2
7f379b7c2000-7f379b7c3000 rw-p 00002000 fc:02 1053186                    /lib/x86_64-linux-gnu/libnss_mdns4_minimal.so.2
7f379b7c3000-7f379b9c3000 rw-p 00000000 00:00 0 
7f379b9c3000-7f379b9eb000 r-xp 00000000 fc:02 2238512                    /usr/lib/jvm/java-8-openjdk-amd64/jre/lib/amd64/libsunec.so
7f379b9eb000-7f379bbeb000 ---p 00028000 fc:02 2238512                    /usr/lib/jvm/java-8-openjdk-amd64/jre/lib/amd64/libsunec.so
7f379bbeb000-7f379bbef000 r--p 00028000 fc:02 2238512                    /usr/lib/jvm/java-8-openjdk-amd64/jre/lib/amd64/libsunec.so
7f379bbef000-7f379bbf1000 rw-p 0002c000 fc:02 2238512                    /usr/lib/jvm/java-8-openjdk-amd64/jre/lib/amd64/libsunec.so
7f379bbf1000-7f379bbfd000 r-xp 00000000 fc:02 2107570                    /usr/lib/x86_64-linux-gnu/libdrm.so.2.4.0
7f379bbfd000-7f379bdfc000 ---p 0000c000 fc:02 2107570                    /usr/lib/x86_64-linux-gnu/libdrm.so.2.4.0
7f379bdfc000-7f379bdfd000 r--p 0000b000 fc:02 2107570                    /usr/lib/x86_64-linux-gnu/libdrm.so.2.4.0
7f379bdfd000-7f379bdfe000 rw-p 0000c000 fc:02 2107570                    /usr/lib/x86_64-linux-gnu/libdrm.so.2.4.0
7f379bdfe000-7f379bdff000 r-xp 00000000 fc:02 2108509                    /usr/lib/x86_64-linux-gnu/libxshmfence.so.1.0.0
7f379bdff000-7f379bffe000 ---p 00001000 fc:02 2108509                    /usr/lib/x86_64-linux-gnu/libxshmfence.so.1.0.0
7f379bffe000-7f379bfff000 r--p 00000000 fc:02 2108509                    /usr/lib/x86_64-linux-gnu/libxshmfence.so.1.0.0
7f379bfff000-7f379c000000 rw-p 00001000 fc:02 2108509                    /usr/lib/x86_64-linux-gnu/libxshmfence.so.1.0.0
7f379c000000-7f379c021000 rw-p 00000000 00:00 0 
7f379c021000-7f37a0000000 ---p 00000000 00:00 0 
7f37a0087000-7f37a008a000 ---p 00000000 00:00 0 
7f37a008a000-7f37a0188000 rw-p 00000000 00:00 0                          [stack:30149]
7f37a0188000-7f37a018d000 r-xp 00000000 fc:02 2108491                    /usr/lib/x86_64-linux-gnu/libxcb-sync.so.1.0.0
7f37a018d000-7f37a038c000 ---p 00005000 fc:02 2108491                    /usr/lib/x86_64-linux-gnu/libxcb-sync.so.1.0.0
7f37a038c000-7f37a038d000 r--p 00004000 fc:02 2108491                    /usr/lib/x86_64-linux-gnu/libxcb-sync.so.1.0.0
7f37a038d000-7f37a038e000 rw-p 00005000 fc:02 2108491                    /usr/lib/x86_64-linux-gnu/libxcb-sync.so.1.0.0
7f37a038e000-7f37a0390000 r-xp 00000000 fc:02 2108479                    /usr/lib/x86_64-linux-gnu/libxcb-present.so.0.0.0
7f37a0390000-7f37a058f000 ---p 00002000 fc:02 2108479                    /usr/lib/x86_64-linux-gnu/libxcb-present.so.0.0.0
7f37a058f000-7f37a0590000 r--p 00001000 fc:02 2108479                    /usr/lib/x86_64-linux-gnu/libxcb-present.so.0.0.0
7f37a0590000-7f37a0591000 rw-p 00002000 fc:02 2108479                    /usr/lib/x86_64-linux-gnu/libxcb-present.so.0.0.0
7f37a0591000-7f37a0593000 r-xp 00000000 fc:02 2108469                    /usr/lib/x86_64-linux-gnu/libxcb-dri3.so.0.0.0
7f37a0593000-7f37a0792000 ---p 00002000 fc:02 2108469                    /usr/lib/x86_64-linux-gnu/libxcb-dri3.so.0.0.0
7f37a0792000-7f37a0793000 r--p 00001000 fc:02 2108469                    /usr/lib/x86_64-linux-gnu/libxcb-dri3.so.0.0.0
7f37a0793000-7f37a0794000 rw-p 00002000 fc:02 2108469                    /usr/lib/x86_64-linux-gnu/libxcb-dri3.so.0.0.0
7f37a0794000-7f37a0797000 r-xp 00000000 fc:02 2108467                    /usr/lib/x86_64-linux-gnu/libxcb-dri2.so.0.0.0
7f37a0797000-7f37a0997000 ---p 00003000 fc:02 2108467                    /usr/lib/x86_64-linux-gnu/libxcb-dri2.so.0.0.0
7f37a0997000-7f37a0998000 r--p 00003000 fc:02 2108467                    /usr/lib/x86_64-linux-gnu/libxcb-dri2.so.0.0.0
7f37a0998000-7f37a0999000 rw-p 00004000 fc:02 2108467                    /usr/lib/x86_64-linux-gnu/libxcb-dri2.so.0.0.0
7f37a0999000-7f37a09ae000 r-xp 00000000 fc:02 2108471                    /usr/lib/x86_64-linux-gnu/libxcb-glx.so.0.0.0
7f37a09ae000-7f37a0bad000 ---p 00015000 fc:02 2108471                    /usr/lib/x86_64-linux-gnu/libxcb-glx.so.0.0.0
7f37a0bad000-7f37a0baf000 r--p 00014000 fc:02 2108471                    /usr/lib/x86_64-linux-gnu/libxcb-glx.so.0.0.0
7f37a0baf000-7f37a0bb0000 rw-p 00016000 fc:02 2108471                    /usr/lib/x86_64-linux-gnu/libxcb-glx.so.0.0.0
7f37a0bb0000-7f37a0bb1000 r-xp 00000000 fc:02 2107295                    /usr/lib/x86_64-linux-gnu/libX11-xcb.so.1.0.0
7f37a0bb1000-7f37a0db0000 ---p 00001000 fc:02 2107295                    /usr/lib/x86_64-linux-gnu/libX11-xcb.so.1.0.0
7f37a0db0000-7f37a0db1000 r--p 00000000 fc:02 2107295                    /usr/lib/x86_64-linux-gnu/libX11-xcb.so.1.0.0
7f37a0db1000-7f37a0db2000 rw-p 00001000 fc:02 2107295                    /usr/lib/x86_64-linux-gnu/libX11-xcb.so.1.0.0
7f37a0db2000-7f37a0db4000 r-xp 00000000 fc:02 2107310                    /usr/lib/x86_64-linux-gnu/libXdamage.so.1.1.0
7f37a0db4000-7f37a0fb3000 ---p 00002000 fc:02 2107310                    /usr/lib/x86_64-linux-gnu/libXdamage.so.1.1.0
7f37a0fb3000-7f37a0fb4000 r--p 00001000 fc:02 2107310                    /usr/lib/x86_64-linux-gnu/libXdamage.so.1.1.0
7f37a0fb4000-7f37a0fb5000 rw-p 00002000 fc:02 2107310                    /usr/lib/x86_64-linux-gnu/libXdamage.so.1.1.0
7f37a0fb5000-7f37a0fda000 r-xp 00000000 fc:02 2107729                    /usr/lib/x86_64-linux-gnu/libglapi.so.0.0.0
7f37a0fda000-7f37a11da000 ---p 00025000 fc:02 2107729                    /usr/lib/x86_64-linux-gnu/libglapi.so.0.0.0
7f37a11da000-7f37a11dd000 r--p 00025000 fc:02 2107729                    /usr/lib/x86_64-linux-gnu/libglapi.so.0.0.0
7f37a11dd000-7f37a11de000 rw-p 00028000 fc:02 2107729                    /usr/lib/x86_64-linux-gnu/libglapi.so.0.0.0
7f37a11de000-7f37a11df000 rw-p 00000000 00:00 0 
7f37a11df000-7f37a1205000 r-xp 00000000 fc:02 1053118                    /lib/x86_64-linux-gnu/libexpat.so.1.6.0
7f37a1205000-7f37a1404000 ---p 00026000 fc:02 1053118                    /lib/x86_64-linux-gnu/libexpat.so.1.6.0
7f37a1404000-7f37a1407000 r--p 00025000 fc:02 1053118                    /lib/x86_64-linux-gnu/libexpat.so.1.6.0
7f37a1407000-7f37a1408000 rw-p 00028000 fc:02 1053118                    /lib/x86_64-linux-gnu/libexpat.so.1.6.0
7f37a1408000-7f37a140a000 r-xp 00000000 fc:02 2107324                    /usr/lib/x86_64-linux-gnu/libXinerama.so.1.0.0
7f37a140a000-7f37a1609000 ---p 00002000 fc:02 2107324                    /usr/lib/x86_64-linux-gnu/libXinerama.so.1.0.0
7f37a1609000-7f37a160a000 r--p 00001000 fc:02 2107324                    /usr/lib/x86_64-linux-gnu/libXinerama.so.1.0.0
7f37a160a000-7f37a160b000 rw-p 00002000 fc:02 2107324                    /usr/lib/x86_64-linux-gnu/libXinerama.so.1.0.0
7f37a160b000-7f37a160f000 r-xp 00000000 fc:02 2107352                    /usr/lib/x86_64-linux-gnu/libXxf86vm.so.1.0.0
7f37a160f000-7f37a180f000 ---p 00004000 fc:02 2107352                    /usr/lib/x86_64-linux-gnu/libXxf86vm.so.1.0.0
7f37a180f000-7f37a1810000 r--p 00004000 fc:02 2107352                    /usr/lib/x86_64-linux-gnu/libXxf86vm.so.1.0.0
7f37a1810000-7f37a1811000 rw-p 00005000 fc:02 2107352                    /usr/lib/x86_64-linux-gnu/libXxf86vm.so.1.0.0
7f37a1811000-7f37a181a000 r-xp 00000000 fc:02 2107334                    /usr/lib/x86_64-linux-gnu/libXrandr.so.2.2.0
7f37a181a000-7f37a1a19000 ---p 00009000 fc:02 2107334                    /usr/lib/x86_64-linux-gnu/libXrandr.so.2.2.0
7f37a1a19000-7f37a1a1a000 r--p 00008000 fc:02 2107334                    /usr/lib/x86_64-linux-gnu/libXrandr.so.2.2.0
7f37a1a1a000-7f37a1a1b000 rw-p 00009000 fc:02 2107334                    /usr/lib/x86_64-linux-gnu/libXrandr.so.2.2.0
7f37a1a1b000-7f37a1ab3000 r-xp 00000000 fc:02 2362522                    /usr/lib/x86_64-linux-gnu/mesa/libGL.so.1.2.0
7f37a1ab3000-7f37a1cb2000 ---p 00098000 fc:02 2362522                    /usr/lib/x86_64-linux-gnu/mesa/libGL.so.1.2.0
7f37a1cb2000-7f37a1cb5000 r--p 00097000 fc:02 2362522                    /usr/lib/x86_64-linux-gnu/mesa/libGL.so.1.2.0
7f37a1cb5000-7f37a1cb6000 rw-p 0009a000 fc:02 2362522                    /usr/lib/x86_64-linux-gnu/mesa/libGL.so.1.2.0
7f37a1cb6000-7f37a1cb7000 rw-p 00000000 00:00 0 
7f37a1cb7000-7f37a1d29000 r-xp 00000000 fc:01 13763062                   /home/beenotung/git/workspace/hkcc-pacman-robot/lib/lwjgl3/native/linux/x64/liblwjgl.so
7f37a1d29000-7f37a1f28000 ---p 00072000 fc:01 13763062                   /home/beenotung/git/workspace/hkcc-pacman-robot/lib/lwjgl3/native/linux/x64/liblwjgl.so
7f37a1f28000-7f37a1f29000 r--p 00071000 fc:01 13763062                   /home/beenotung/git/workspace/hkcc-pacman-robot/lib/lwjgl3/native/linux/x64/liblwjgl.so
7f37a1f29000-7f37a1f2a000 rw-p 00072000 fc:01 13763062                   /home/beenotung/git/workspace/hkcc-pacman-robot/lib/lwjgl3/native/linux/x64/liblwjgl.so
7f37a1f2a000-7f37a1f2b000 rw-p 00000000 00:00 0 
7f37a1f2b000-7f37a1f3c000 r-xp 00000000 fc:02 2238511                    /usr/lib/jvm/java-8-openjdk-amd64/jre/lib/amd64/libnio.so
7f37a1f3c000-7f37a213b000 ---p 00011000 fc:02 2238511                    /usr/lib/jvm/java-8-openjdk-amd64/jre/lib/amd64/libnio.so
7f37a213b000-7f37a213c000 r--p 00010000 fc:02 2238511                    /usr/lib/jvm/java-8-openjdk-amd64/jre/lib/amd64/libnio.so
7f37a213c000-7f37a213d000 rw-p 00011000 fc:02 2238511                    /usr/lib/jvm/java-8-openjdk-amd64/jre/lib/amd64/libnio.so
7f37a213d000-7f37a233d000 rw-p 00000000 00:00 0 
7f37a233d000-7f37a23a9000 r-xp 00000000 fc:02 1053210                    /lib/x86_64-linux-gnu/libpcre.so.3.13.1
7f37a23a9000-7f37a25a8000 ---p 0006c000 fc:02 1053210                    /lib/x86_64-linux-gnu/libpcre.so.3.13.1
7f37a25a8000-7f37a25a9000 r--p 0006b000 fc:02 1053210                    /lib/x86_64-linux-gnu/libpcre.so.3.13.1
7f37a25a9000-7f37a25aa000 rw-p 0006c000 fc:02 1053210                    /lib/x86_64-linux-gnu/libpcre.so.3.13.1
7f37a25aa000-7f37a25b1000 r-xp 00000000 fc:02 2107620                    /usr/lib/x86_64-linux-gnu/libffi.so.6.0.4
7f37a25b1000-7f37a27b0000 ---p 00007000 fc:02 2107620                    /usr/lib/x86_64-linux-gnu/libffi.so.6.0.4
7f37a27b0000-7f37a27b1000 r--p 00006000 fc:02 2107620                    /usr/lib/x86_64-linux-gnu/libffi.so.6.0.4
7f37a27b1000-7f37a27b2000 rw-p 00007000 fc:02 2107620                    /usr/lib/x86_64-linux-gnu/libffi.so.6.0.4
7f37a27b2000-7f37a27c9000 r-xp 00000000 fc:02 1053233                    /lib/x86_64-linux-gnu/libresolv-2.21.so
7f37a27c9000-7f37a29c9000 ---p 00017000 fc:02 1053233                    /lib/x86_64-linux-gnu/libresolv-2.21.so
7f37a29c9000-7f37a29cb000 r--p 00017000 fc:02 1053233                    /lib/x86_64-linux-gnu/libresolv-2.21.so
7f37a29cb000-7f37a29cc000 rw-p 00019000 fc:02 1053233                    /lib/x86_64-linux-gnu/libresolv-2.21.so
7f37a29cc000-7f37a29ce000 rw-p 00000000 00:00 0 
7f37a29ce000-7f37a29ef000 r-xp 00000000 fc:02 1053237                    /lib/x86_64-linux-gnu/libselinux.so.1
7f37a29ef000-7f37a2bee000 ---p 00021000 fc:02 1053237                    /lib/x86_64-linux-gnu/libselinux.so.1
7f37a2bee000-7f37a2bef000 r--p 00020000 fc:02 1053237                    /lib/x86_64-linux-gnu/libselinux.so.1
7f37a2bef000-7f37a2bf0000 rw-p 00021000 fc:02 1053237                    /lib/x86_64-linux-gnu/libselinux.so.1
7f37a2bf0000-7f37a2bf2000 rw-p 00000000 00:00 0 
7f37a2bf2000-7f37a2bf5000 r-xp 00000000 fc:02 2107737                    /usr/lib/x86_64-linux-gnu/libgmodule-2.0.so.0.4400.0
7f37a2bf5000-7f37a2df4000 ---p 00003000 fc:02 2107737                    /usr/lib/x86_64-linux-gnu/libgmodule-2.0.so.0.4400.0
7f37a2df4000-7f37a2df5000 r--p 00002000 fc:02 2107737                    /usr/lib/x86_64-linux-gnu/libgmodule-2.0.so.0.4400.0
7f37a2df5000-7f37a2df6000 rw-p 00003000 fc:02 2107737                    /usr/lib/x86_64-linux-gnu/libgmodule-2.0.so.0.4400.0
7f37a2df6000-7f37a2e10000 r-xp 00000000 fc:02 2107532                    /usr/lib/x86_64-linux-gnu/libdbusmenu-glib.so.4.0.12
7f37a2e10000-7f37a3010000 ---p 0001a000 fc:02 2107532                    /usr/lib/x86_64-linux-gnu/libdbusmenu-glib.so.4.0.12
7f37a3010000-7f37a3012000 r--p 0001a000 fc:02 2107532                    /usr/lib/x86_64-linux-gnu/libdbusmenu-glib.so.4.0.12
7f37a3012000-7f37a3013000 rw-p 0001c000 fc:02 2107532                    /usr/lib/x86_64-linux-gnu/libdbusmenu-glib.so.4.0.12
7f37a3013000-7f37a3120000 r-xp 00000000 fc:02 1053127                    /lib/x86_64-linux-gnu/libglib-2.0.so.0.4400.0
7f37a3120000-7f37a331f000 ---p 0010d000 fc:02 1053127                    /lib/x86_64-linux-gnu/libglib-2.0.so.0.4400.0
7f37a331f000-7f37a3320000 r--p 0010c000 fc:02 1053127                    /lib/x86_64-linux-gnu/libglib-2.0.so.0.4400.0
7f37a3320000-7f37a3321000 rw-p 0010d000 fc:02 1053127                    /lib/x86_64-linux-gnu/libglib-2.0.so.0.4400.0
7f37a3321000-7f37a3322000 rw-p 00000000 00:00 0 
7f37a3322000-7f37a3372000 r-xp 00000000 fc:02 2107751                    /usr/lib/x86_64-linux-gnu/libgobject-2.0.so.0.4400.0
7f37a3372000-7f37a3572000 ---p 00050000 fc:02 2107751                    /usr/lib/x86_64-linux-gnu/libgobject-2.0.so.0.4400.0
7f37a3572000-7f37a3573000 r--p 00050000 fc:02 2107751                    /usr/lib/x86_64-linux-gnu/libgobject-2.0.so.0.4400.0
7f37a3573000-7f37a3574000 rw-p 00051000 fc:02 2107751                    /usr/lib/x86_64-linux-gnu/libgobject-2.0.so.0.4400.0
7f37a3574000-7f37a36ec000 r-xp 00000000 fc:02 2107723                    /usr/lib/x86_64-linux-gnu/libgio-2.0.so.0.4400.0
7f37a36ec000-7f37a38ec000 ---p 00178000 fc:02 2107723                    /usr/lib/x86_64-linux-gnu/libgio-2.0.so.0.4400.0
7f37a38ec000-7f37a38f0000 r--p 00178000 fc:02 2107723                    /usr/lib/x86_64-linux-gnu/libgio-2.0.so.0.4400.0
7f37a38f0000-7f37a38f2000 rw-p 0017c000 fc:02 2107723                    /usr/lib/x86_64-linux-gnu/libgio-2.0.so.0.4400.0
7f37a38f2000-7f37a38f4000 rw-p 00000000 00:00 0 
7f37a38f4000-7f37a38fa000 r-xp 00000000 fc:02 2102685                    /usr/lib/jayatana/libjayatana.so
7f37a38fa000-7f37a3af9000 ---p 00006000 fc:02 2102685                    /usr/lib/jayatana/libjayatana.so
7f37a3af9000-7f37a3afa000 r--p 00005000 fc:02 2102685                    /usr/lib/jayatana/libjayatana.so
7f37a3afa000-7f37a3afb000 rw-p 00006000 fc:02 2102685                    /usr/lib/jayatana/libjayatana.so
7f37a3afb000-7f37a3afc000 r-xp 00000000 fc:02 2238503                    /usr/lib/jvm/java-8-openjdk-amd64/jre/lib/amd64/libjawt.so
7f37a3afc000-7f37a3cfb000 ---p 00001000 fc:02 2238503                    /usr/lib/jvm/java-8-openjdk-amd64/jre/lib/amd64/libjawt.so
7f37a3cfb000-7f37a3cfc000 r--p 00000000 fc:02 2238503                    /usr/lib/jvm/java-8-openjdk-amd64/jre/lib/amd64/libjawt.so
7f37a3cfc000-7f37a3cfd000 rw-p 00001000 fc:02 2238503                    /usr/lib/jvm/java-8-openjdk-amd64/jre/lib/amd64/libjawt.so
7f37a3cfd000-7f37a3d00000 ---p 00000000 00:00 0 
7f37a3d00000-7f37a3dfe000 rw-p 00000000 00:00 0                          [stack:30139]
7f37a3dfe000-7f37a3e01000 ---p 00000000 00:00 0 
7f37a3e01000-7f37a3eff000 rw-p 00000000 00:00 0                          [stack:30138]
7f37a3eff000-7f37a3f02000 ---p 00000000 00:00 0 
7f37a3f02000-7f37a4000000 rw-p 00000000 00:00 0                          [stack:30137]
7f37a4000000-7f37a4021000 rw-p 00000000 00:00 0 
7f37a4021000-7f37a8000000 ---p 00000000 00:00 0 
7f37a80e0000-7f37b0000000 rw-p 00000000 00:00 0 
7f37b0000000-7f37b0021000 rw-p 00000000 00:00 0 
7f37b0021000-7f37b4000000 ---p 00000000 00:00 0 
7f37b4000000-7f37b4021000 rw-p 00000000 00:00 0 
7f37b4021000-7f37b8000000 ---p 00000000 00:00 0 
7f37b8000000-7f37b8021000 rw-p 00000000 00:00 0 
7f37b8021000-7f37bc000000 ---p 00000000 00:00 0 
7f37bc0d9000-7f37bc0de000 r-xp 00000000 fc:02 2107316                    /usr/lib/x86_64-linux-gnu/libXfixes.so.3.1.0
7f37bc0de000-7f37bc2dd000 ---p 00005000 fc:02 2107316                    /usr/lib/x86_64-linux-gnu/libXfixes.so.3.1.0
7f37bc2dd000-7f37bc2de000 r--p 00004000 fc:02 2107316                    /usr/lib/x86_64-linux-gnu/libXfixes.so.3.1.0
7f37bc2de000-7f37bc2df000 rw-p 00005000 fc:02 2107316                    /usr/lib/x86_64-linux-gnu/libXfixes.so.3.1.0
7f37bc2df000-7f37bc2e8000 r-xp 00000000 fc:02 2107308                    /usr/lib/x86_64-linux-gnu/libXcursor.so.1.0.2
7f37bc2e8000-7f37bc4e7000 ---p 00009000 fc:02 2107308                    /usr/lib/x86_64-linux-gnu/libXcursor.so.1.0.2
7f37bc4e7000-7f37bc4e8000 r--p 00008000 fc:02 2107308                    /usr/lib/x86_64-linux-gnu/libXcursor.so.1.0.2
7f37bc4e8000-7f37bc4e9000 rw-p 00009000 fc:02 2107308                    /usr/lib/x86_64-linux-gnu/libXcursor.so.1.0.2
7f37bc4e9000-7f37bc4ec000 ---p 00000000 00:00 0 
7f37bc4ec000-7f37bc5ea000 rw-p 00000000 00:00 0                          [stack:30136]
7f37bc5ea000-7f37bc60f000 r-xp 00000000 fc:02 1053222                    /lib/x86_64-linux-gnu/libpng12.so.0.51.0
7f37bc60f000-7f37bc80e000 ---p 00025000 fc:02 1053222                    /lib/x86_64-linux-gnu/libpng12.so.0.51.0
7f37bc80e000-7f37bc80f000 r--p 00024000 fc:02 1053222                    /lib/x86_64-linux-gnu/libpng12.so.0.51.0
7f37bc80f000-7f37bc810000 rw-p 00025000 fc:02 1053222                    /lib/x86_64-linux-gnu/libpng12.so.0.51.0
7f37bc810000-7f37bc8b2000 r-xp 00000000 fc:02 2107666                    /usr/lib/x86_64-linux-gnu/libfreetype.so.6.11.1
7f37bc8b2000-7f37bcab1000 ---p 000a2000 fc:02 2107666                    /usr/lib/x86_64-linux-gnu/libfreetype.so.6.11.1
7f37bcab1000-7f37bcab7000 r--p 000a1000 fc:02 2107666                    /usr/lib/x86_64-linux-gnu/libfreetype.so.6.11.1
7f37bcab7000-7f37bcab8000 rw-p 000a7000 fc:02 2107666                    /usr/lib/x86_64-linux-gnu/libfreetype.so.6.11.1
7f37bcab8000-7f37bcb0a000 r-xp 00000000 fc:02 2238500                    /usr/lib/jvm/java-8-openjdk-amd64/jre/lib/amd64/libfontmanager.so
7f37bcb0a000-7f37bcd0a000 ---p 00052000 fc:02 2238500                    /usr/lib/jvm/java-8-openjdk-amd64/jre/lib/amd64/libfontmanager.so
7f37bcd0a000-7f37bcd0d000 r--p 00052000 fc:02 2238500                    /usr/lib/jvm/java-8-openjdk-amd64/jre/lib/amd64/libfontmanager.so
7f37bcd0d000-7f37bcd0e000 rw-p 00055000 fc:02 2238500                    /usr/lib/jvm/java-8-openjdk-amd64/jre/lib/amd64/libfontmanager.so
7f37bcd0e000-7f37bcd11000 ---p 00000000 00:00 0 
7f37bcd11000-7f37bce0f000 rw-p 00000000 00:00 0                          [stack:30131]
7f37bce0f000-7f37bce12000 ---p 00000000 00:00 0 
7f37bce12000-7f37bcf10000 rw-p 00000000 00:00 0                          [stack:30130]
7f37bcf10000-7f37bcf13000 ---p 00000000 00:00 0 
7f37bcf13000-7f37bd011000 rw-p 00000000 00:00 0                          [stack:30132]
7f37bd011000-7f37bd014000 ---p 00000000 00:00 0 
7f37bd014000-7f37bd112000 rw-p 00000000 00:00 0                          [stack:30133]
7f37bd112000-7f37bd115000 ---p 00000000 00:00 0 
7f37bd115000-7f37bd213000 rw-p 00000000 00:00 0                          [stack:30134]
7f37bd213000-7f37bd216000 ---p 00000000 00:00 0 
7f37bd216000-7f37bd314000 rw-p 00000000 00:00 0                          [stack:30126]
7f37bd314000-7f37bd317000 ---p 00000000 00:00 0 
7f37bd317000-7f37bd415000 rw-p 00000000 00:00 0                          [stack:30125]
7f37bd415000-7f37bd424000 r-xp 00000000 fc:02 2107322                    /usr/lib/x86_64-linux-gnu/libXi.so.6.1.0
7f37bd424000-7f37bd623000 ---p 0000f000 fc:02 2107322                    /usr/lib/x86_64-linux-gnu/libXi.so.6.1.0
7f37bd623000-7f37bd624000 r--p 0000e000 fc:02 2107322                    /usr/lib/x86_64-linux-gnu/libXi.so.6.1.0
7f37bd624000-7f37bd625000 rw-p 0000f000 fc:02 2107322                    /usr/lib/x86_64-linux-gnu/libXi.so.6.1.0
7f37bd625000-7f37bd62a000 r-xp 00000000 fc:02 2107342                    /usr/lib/x86_64-linux-gnu/libXtst.so.6.1.0
7f37bd62a000-7f37bd829000 ---p 00005000 fc:02 2107342                    /usr/lib/x86_64-linux-gnu/libXtst.so.6.1.0
7f37bd829000-7f37bd82a000 r--p 00004000 fc:02 2107342                    /usr/lib/x86_64-linux-gnu/libXtst.so.6.1.0
7f37bd82a000-7f37bd82b000 rw-p 00005000 fc:02 2107342                    /usr/lib/x86_64-linux-gnu/libXtst.so.6.1.0
7f37bd82b000-7f37bd834000 r-xp 00000000 fc:02 2107336                    /usr/lib/x86_64-linux-gnu/libXrender.so.1.3.0
7f37bd834000-7f37bda33000 ---p 00009000 fc:02 2107336                    /usr/lib/x86_64-linux-gnu/libXrender.so.1.3.0
7f37bda33000-7f37bda34000 r--p 00008000 fc:02 2107336                    /usr/lib/x86_64-linux-gnu/libXrender.so.1.3.0
7f37bda34000-7f37bda35000 rw-p 00009000 fc:02 2107336                    /usr/lib/x86_64-linux-gnu/libXrender.so.1.3.0
7f37bda35000-7f37bda46000 r-xp 00000000 fc:02 2107314                    /usr/lib/x86_64-linux-gnu/libXext.so.6.4.0
7f37bda46000-7f37bdc45000 ---p 00011000 fc:02 2107314                    /usr/lib/x86_64-linux-gnu/libXext.so.6.4.0
7f37bdc45000-7f37bdc46000 r--p 00010000 fc:02 2107314                    /usr/lib/x86_64-linux-gnu/libXext.so.6.4.0
7f37bdc46000-7f37bdc47000 rw-p 00011000 fc:02 2107314                    /usr/lib/x86_64-linux-gnu/libXext.so.6.4.0
7f37bdc47000-7f37bdc9e000 r-xp 00000000 fc:02 2238488                    /usr/lib/jvm/java-8-openjdk-amd64/jre/lib/amd64/libawt_xawt.so
7f37bdc9e000-7f37bde9e000 ---p 00057000 fc:02 2238488                    /usr/lib/jvm/java-8-openjdk-amd64/jre/lib/amd64/libawt_xawt.so
7f37bde9e000-7f37bde9f000 r--p 00057000 fc:02 2238488                    /usr/lib/jvm/java-8-openjdk-amd64/jre/lib/amd64/libawt_xawt.so
7f37bde9f000-7f37bdea2000 rw-p 00058000 fc:02 2238488                    /usr/lib/jvm/java-8-openjdk-amd64/jre/lib/amd64/libawt_xawt.so
7f37bdea2000-7f37bdea3000 rw-p 00000000 00:00 0 
7f37bdea3000-7f37bdf44000 r-xp 00000000 fc:02 2238519                    /usr/lib/jvm/java-8-openjdk-amd64/jre/lib/amd64/libawt.so
7f37bdf44000-7f37be143000 ---p 000a1000 fc:02 2238519                    /usr/lib/jvm/java-8-openjdk-amd64/jre/lib/amd64/libawt.so
7f37be143000-7f37be144000 r--p 000a0000 fc:02 2238519                    /usr/lib/jvm/java-8-openjdk-amd64/jre/lib/amd64/libawt.so
7f37be144000-7f37be14f000 rw-p 000a1000 fc:02 2238519                    /usr/lib/jvm/java-8-openjdk-amd64/jre/lib/amd64/libawt.so
7f37be14f000-7f37be174000 rw-p 00000000 00:00 0 
7f37be174000-7f37be177000 ---p 00000000 00:00 0 
7f37be177000-7f37be275000 rw-p 00000000 00:00 0                          [stack:30124]
7f37be275000-7f37be278000 ---p 00000000 00:00 0 
7f37be278000-7f37be376000 rw-p 00000000 00:00 0                          [stack:30123]
7f37be376000-7f37be379000 ---p 00000000 00:00 0 
7f37be379000-7f37be477000 rw-p 00000000 00:00 0                          [stack:30122]
7f37be477000-7f37be47a000 ---p 00000000 00:00 0 
7f37be47a000-7f37be578000 rw-p 00000000 00:00 0                          [stack:30121]
7f37be578000-7f37be57b000 ---p 00000000 00:00 0 
7f37be57b000-7f37be97a000 rw-p 00000000 00:00 0                          [stack:30120]
7f37be97a000-7f37be991000 r-xp 00000000 fc:02 2238492                    /usr/lib/jvm/java-8-openjdk-amd64/jre/lib/amd64/libnet.so
7f37be991000-7f37beb90000 ---p 00017000 fc:02 2238492                    /usr/lib/jvm/java-8-openjdk-amd64/jre/lib/amd64/libnet.so
7f37beb90000-7f37beb91000 r--p 00016000 fc:02 2238492                    /usr/lib/jvm/java-8-openjdk-amd64/jre/lib/amd64/libnet.so
7f37beb91000-7f37beb92000 rw-p 00017000 fc:02 2238492                    /usr/lib/jvm/java-8-openjdk-amd64/jre/lib/amd64/libnet.so
7f37beb92000-7f37beb95000 ---p 00000000 00:00 0 
7f37beb95000-7f37bec93000 rw-p 00000000 00:00 0                          [stack:30119]
7f37bec93000-7f37bec94000 r-xp 00000000 fc:02 269472                     /opt/idea/bin/libbreakgen64.so
7f37bec94000-7f37bee93000 ---p 00001000 fc:02 269472                     /opt/idea/bin/libbreakgen64.so
7f37bee93000-7f37bee94000 r--p 00000000 fc:02 269472                     /opt/idea/bin/libbreakgen64.so
7f37bee94000-7f37bee95000 rw-p 00001000 fc:02 269472                     /opt/idea/bin/libbreakgen64.so
7f37bee95000-7f37bee96000 ---p 00000000 00:00 0 
7f37bee96000-7f37bef96000 rw-p 00000000 00:00 0                          [stack:30118]
7f37bef96000-7f37bef99000 ---p 00000000 00:00 0 
7f37bef99000-7f37bf097000 rw-p 00000000 00:00 0                          [stack:30117]
7f37bf097000-7f37bf09a000 ---p 00000000 00:00 0 
7f37bf09a000-7f37bf198000 rw-p 00000000 00:00 0                          [stack:30116]
7f37bf198000-7f37bf19b000 ---p 00000000 00:00 0 
7f37bf19b000-7f37bf299000 rw-p 00000000 00:00 0                          [stack:30115]
7f37bf299000-7f37bf29c000 ---p 00000000 00:00 0 
7f37bf29c000-7f37bf39a000 rw-p 00000000 00:00 0                          [stack:30114]
7f37bf39a000-7f37bf39d000 ---p 00000000 00:00 0 
7f37bf39d000-7f37bf49b000 rw-p 00000000 00:00 0                          [stack:30113]
7f37bf49b000-7f37bf4a0000 r-xp 00000000 fc:02 2107312                    /usr/lib/x86_64-linux-gnu/libXdmcp.so.6.0.0
7f37bf4a0000-7f37bf69f000 ---p 00005000 fc:02 2107312                    /usr/lib/x86_64-linux-gnu/libXdmcp.so.6.0.0
7f37bf69f000-7f37bf6a0000 r--p 00004000 fc:02 2107312                    /usr/lib/x86_64-linux-gnu/libXdmcp.so.6.0.0
7f37bf6a0000-7f37bf6a1000 rw-p 00005000 fc:02 2107312                    /usr/lib/x86_64-linux-gnu/libXdmcp.so.6.0.0
7f37bf6a1000-7f37bf6a3000 r-xp 00000000 fc:02 2107301                    /usr/lib/x86_64-linux-gnu/libXau.so.6.0.0
7f37bf6a3000-7f37bf8a3000 ---p 00002000 fc:02 2107301                    /usr/lib/x86_64-linux-gnu/libXau.so.6.0.0
7f37bf8a3000-7f37bf8a4000 r--p 00002000 fc:02 2107301                    /usr/lib/x86_64-linux-gnu/libXau.so.6.0.0
7f37bf8a4000-7f37bf8a5000 rw-p 00003000 fc:02 2107301                    /usr/lib/x86_64-linux-gnu/libXau.so.6.0.0
7f37bf8a5000-7f37bf8c2000 r-xp 00000000 fc:02 2108499                    /usr/lib/x86_64-linux-gnu/libxcb.so.1.1.0
7f37bf8c2000-7f37bfac2000 ---p 0001d000 fc:02 2108499                    /usr/lib/x86_64-linux-gnu/libxcb.so.1.1.0
7f37bfac2000-7f37bfac3000 r--p 0001d000 fc:02 2108499                    /usr/lib/x86_64-linux-gnu/libxcb.so.1.1.0
7f37bfac3000-7f37bfac4000 rw-p 0001e000 fc:02 2108499                    /usr/lib/x86_64-linux-gnu/libxcb.so.1.1.0
7f37bfac4000-7f37bfbf7000 r-xp 00000000 fc:02 2107297                    /usr/lib/x86_64-linux-gnu/libX11.so.6.3.0
7f37bfbf7000-7f37bfdf7000 ---p 00133000 fc:02 2107297                    /usr/lib/x86_64-linux-gnu/libX11.so.6.3.0
7f37bfdf7000-7f37bfdf8000 r--p 00133000 fc:02 2107297                    /usr/lib/x86_64-linux-gnu/libX11.so.6.3.0
7f37bfdf8000-7f37bfdfc000 rw-p 00134000 fc:02 2107297                    /usr/lib/x86_64-linux-gnu/libX11.so.6.3.0
7f37bfdfc000-7f37bfdfd000 rw-p 00000000 00:00 0 
7f37bfdfd000-7f37bfdff000 r-xp 00000000 fc:02 2102686                    /usr/lib/jayatana/libjayatanaag.so
7f37bfdff000-7f37bfffe000 ---p 00002000 fc:02 2102686                    /usr/lib/jayatana/libjayatanaag.so
7f37bfffe000-7f37bffff000 r--p 00001000 fc:02 2102686                    /usr/lib/jayatana/libjayatanaag.so
7f37bffff000-7f37c0000000 rw-p 00002000 fc:02 2102686                    /usr/lib/jayatana/libjayatanaag.so
7f37c0000000-7f37c0021000 rw-p 00000000 00:00 0 
7f37c0021000-7f37c4000000 ---p 00000000 00:00 0 
7f37c4018000-7f37c4032000 rw-s 00000000 00:05 89522198                   /SYSV00000000 (deleted)
7f37c4052000-7f37c4053000 rwxp 00000000 00:00 0 
7f37c4053000-7f37c405a000 r--s 00000000 fc:02 2361616                    /usr/lib/x86_64-linux-gnu/gconv/gconv-modules.cache
7f37c405b000-7f37c405e000 r--s 00015000 fc:02 2238555                    /usr/lib/jvm/java-8-openjdk-amd64/jre/lib/jce.jar
7f37c405e000-7f37c4063000 r--s 00094000 fc:02 2238521                    /usr/lib/jvm/java-8-openjdk-amd64/jre/lib/jsse.jar
7f37c4063000-7f37c4064000 rwxp 00000000 00:00 0 
7f37c4064000-7f37c4069000 r--s 002f8000 fc:02 2238526                    /usr/lib/jvm/java-8-openjdk-amd64/jre/lib/charsets.jar
7f37c4069000-7f37c406b000 r--s 00006000 fc:02 2502834                    /usr/share/java/jayatana.jar
7f37c406b000-7f37c406c000 r--s 00000000 fc:02 2502835                    /usr/share/java/jayatanaag.jar
7f37c406c000-7f37c406e000 r--s 00016000 fc:02 269480                     /opt/idea/lib/idea_rt.jar
7f37c406e000-7f37c4116000 r--s 0090a000 fc:01 13763294                   /home/beenotung/git/workspace/hkcc-pacman-robot/lib/NeuroEvolution/NeuroEvolution.jar
7f37c4116000-7f37c419a000 r--s 00826000 fc:01 13763305                   /home/beenotung/git/workspace/hkcc-pacman-robot/lib/myutils/myutils.jar
7f37c419a000-7f37c41f3000 r--s 004f6000 fc:01 13239010                   /home/beenotung/.ivy2/cache/org.scala-lang/scala-library/jars/scala-library-2.11.6.jar
7f37c41f3000-7f37c41f6000 r--s 0001a000 fc:01 13238828                   /home/beenotung/.sbt/boot/scala-2.10.4/org.scala-sbt/sbt/0.13.8/cache-0.13.8.jar
7f37c41f6000-7f37c41f8000 r--s 0000b000 fc:01 13238857                   /home/beenotung/.sbt/boot/scala-2.10.4/org.scala-sbt/sbt/0.13.8/tracking-0.13.8.jar
7f37c41f8000-7f37c41fe000 r--s 0003d000 fc:01 13238838                   /home/beenotung/.sbt/boot/scala-2.10.4/org.scala-sbt/sbt/0.13.8/io-0.13.8.jar
7f37c41fe000-7f37c4205000 r--s 0004b000 fc:01 13238841                   /home/beenotung/.sbt/boot/scala-2.10.4/org.scala-sbt/sbt/0.13.8/serialization_2.10-0.1.1.jar
7f37c4205000-7f37c4207000 r--s 00001000 fc:01 13238836                   /home/beenotung/.sbt/boot/scala-2.10.4/org.scala-sbt/sbt/0.13.8/launcher-interface-0.13.8.jar
7f37c4207000-7f37c4209000 r--s 00002000 fc:01 13238852                   /home/beenotung/.sbt/boot/scala-2.10.4/org.scala-sbt/sbt/0.13.8/test-interface-1.0.jar
7f37c4209000-7f37c420e000 r--s 00036000 fc:01 13238849                   /home/beenotung/.sbt/boot/scala-2.10.4/org.scala-sbt/sbt/0.13.8/compile-0.13.8.jar
7f37c420e000-7f37c4212000 r--s 0001b000 fc:01 13238855                   /home/beenotung/.sbt/boot/scala-2.10.4/org.scala-sbt/sbt/0.13.8/process-0.13.8.jar
7f37c4212000-7f37c4214000 r--s 00014000 fc:01 13238819                   /home/beenotung/.sbt/boot/scala-2.10.4/org.scala-sbt/sbt/0.13.8/apply-macro-0.13.8.jar
7f37c4214000-7f37c421b000 r--s 00049000 fc:01 13238823                   /home/beenotung/.sbt/boot/scala-2.10.4/org.scala-sbt/sbt/0.13.8/api-0.13.8.jar
7f37c421b000-7f37c4220000 r--s 00024000 fc:01 13238826                   /home/beenotung/.sbt/boot/scala-2.10.4/org.scala-sbt/sbt/0.13.8/persist-0.13.8.jar
7f37c4220000-7f37c4256000 r--s 002d9000 fc:01 13238862                   /home/beenotung/.sbt/boot/scala-2.10.4/org.scala-sbt/sbt/0.13.8/scala-reflect-2.10.4.jar
7f37c4256000-7f37c428c000 r--s 002d9000 fc:01 13238888                   /home/beenotung/.sbt/boot/scala-2.10.4/lib/scala-reflect.jar
7f37c428c000-7f37c428f000 r--s 0001d000 fc:01 13238835                   /home/beenotung/.sbt/boot/scala-2.10.4/org.scala-sbt/sbt/0.13.8/task-system-0.13.8.jar
7f37c428f000-7f37c42af000 r--s 001a4000 fc:01 13238863                   /home/beenotung/.sbt/boot/scala-2.10.4/org.scala-sbt/sbt/0.13.8/ivy-0.13.8.jar
7f37c42af000-7f37c42b1000 r--s 0000b000 fc:01 13238831                   /home/beenotung/.sbt/boot/scala-2.10.4/org.scala-sbt/sbt/0.13.8/xsbti/interface-0.13.8.jar
7f37c42b1000-7f37c42c7000 r--s 00100000 fc:01 13238821                   /home/beenotung/.sbt/boot/scala-2.10.4/org.scala-sbt/sbt/0.13.8/ivy-2.3.0-sbt-fccfbd44c9f64523b61398a0155784dcbaeae28f.jar
7f37c42c7000-7f37c42d1000 r--s 00085000 fc:01 13238866                   /home/beenotung/.sbt/boot/scala-2.10.4/org.scala-sbt/sbt/0.13.8/json4s-core_2.10-3.2.10.jar
7f37c42d1000-7f37c42d3000 r--s 00017000 fc:01 13238839                   /home/beenotung/.sbt/boot/scala-2.10.4/org.scala-sbt/sbt/0.13.8/testing-0.13.8.jar
7f37c42d3000-7f37c42d6000 r--s 0001d000 fc:01 13238832                   /home/beenotung/.sbt/boot/scala-2.10.4/org.scala-sbt/sbt/0.13.8/tasks-0.13.8.jar
7f37c42d6000-7f37c42da000 r--s 00022000 fc:01 13238854                   /home/beenotung/.sbt/boot/scala-2.10.4/org.scala-sbt/sbt/0.13.8/sbinary_2.10-0.4.2.jar
7f37c42da000-7f37c42dd000 r--s 0001c000 fc:01 13238853                   /home/beenotung/.sbt/boot/scala-2.10.4/org.scala-sbt/sbt/0.13.8/compiler-integration-0.13.8.jar
7f37c42dd000-7f37c42e6000 r--s 0006e000 fc:01 13238850                   /home/beenotung/.sbt/boot/scala-2.10.4/org.scala-sbt/sbt/0.13.8/actions-0.13.8.jar
7f37c42e6000-7f37c42e8000 r--s 00002000 fc:01 13238820                   /home/beenotung/.sbt/boot/scala-2.10.4/org.scala-sbt/sbt/0.13.8/control-0.13.8.jar
7f37c42e8000-7f37c4314000 r--s 00235000 fc:01 13238814                   /home/beenotung/.sbt/boot/scala-2.10.4/org.scala-sbt/sbt/0.13.8/main-0.13.8.jar
7f37c4314000-7f37c4317000 r--s 00018000 fc:01 13238887                   /home/beenotung/.sbt/boot/scala-2.10.4/lib/jansi.jar
7f37c4317000-7f37c431c000 r--s 00036000 fc:01 13238867                   /home/beenotung/.sbt/boot/scala-2.10.4/org.scala-sbt/sbt/0.13.8/command-0.13.8.jar
7f37c431c000-7f37c431f000 r--s 00013000 fc:01 13238868                   /home/beenotung/.sbt/boot/scala-2.10.4/org.scala-sbt/sbt/0.13.8/classpath-0.13.8.jar
7f37c431f000-7f37c4323000 r--s 00025000 fc:01 13238886                   /home/beenotung/.sbt/boot/scala-2.10.4/lib/jline.jar
7f37c4323000-7f37c4420000 r--s 00cca000 fc:01 13238889                   /home/beenotung/.sbt/boot/scala-2.10.4/lib/scala-compiler.jar
7f37c4420000-7f37c4421000 r--s 00001000 fc:01 13238845                   /home/beenotung/.sbt/boot/scala-2.10.4/org.scala-sbt/sbt/0.13.8/cross-0.13.8.jar
7f37c4421000-7f37c4423000 r--s 00013000 fc:01 13238837                   /home/beenotung/.sbt/boot/scala-2.10.4/org.scala-sbt/sbt/0.13.8/json4s-ast_2.10-3.2.10.jar
7f37c4423000-7f37c4424000 r--s 00001000 fc:01 13238815                   /home/beenotung/.sbt/boot/scala-2.10.4/org.scala-sbt/sbt/0.13.8/json4s-support_2.10-0.6.0.jar
7f37c4424000-7f37c4428000 r--s 00034000 fc:01 13238818                   /home/beenotung/.sbt/boot/scala-2.10.4/org.scala-sbt/sbt/0.13.8/jsch-0.1.46.jar
7f37c4428000-7f37c4429000 r--s 00005000 fc:01 13238858                   /home/beenotung/.sbt/boot/scala-2.10.4/org.scala-sbt/sbt/0.13.8/sbt-0.13.8.jar
7f37c4429000-7f37c449b000 r--s 0065a000 fc:01 13238890                   /home/beenotung/.sbt/boot/scala-2.10.4/lib/scala-library.jar
7f37c449b000-7f37c44a5000 r--s 00092000 fc:01 13238817                   /home/beenotung/.sbt/boot/scala-2.10.4/org.scala-sbt/sbt/0.13.8/main-settings-0.13.8.jar
7f37c44a5000-7f37c44a7000 r--s 00006000 fc:01 13238848                   /home/beenotung/.sbt/boot/scala-2.10.4/org.scala-sbt/sbt/0.13.8/relation-0.13.8.jar
7f37c44a7000-7f37c44aa000 r--s 00030000 fc:01 13238859                   /home/beenotung/.sbt/boot/scala-2.10.4/org.scala-sbt/sbt/0.13.8/jline-2.11.jar
7f37c44aa000-7f37c44ac000 r--s 0000e000 fc:01 13238847                   /home/beenotung/.sbt/boot/scala-2.10.4/org.scala-sbt/sbt/0.13.8/logic-0.13.8.jar
7f37c44ac000-7f37c44b6000 r--s 0006e000 fc:01 13238824                   /home/beenotung/.sbt/boot/scala-2.10.4/org.scala-sbt/sbt/0.13.8/incremental-compiler-0.13.8.jar
7f37c44b6000-7f37c44be000 r--s 00060000 fc:01 13238822                   /home/beenotung/.sbt/boot/scala-2.10.4/org.scala-sbt/sbt/0.13.8/collections-0.13.8.jar
7f37c44be000-7f37c44c1000 r--s 00018000 fc:01 13238840                   /home/beenotung/.sbt/boot/scala-2.10.4/org.scala-sbt/sbt/0.13.8/logging-0.13.8.jar
7f37c44c1000-7f37c44d0000 r--s 000bb000 fc:01 13238842                   /home/beenotung/.sbt/boot/scala-2.10.4/org.scala-sbt/sbt/0.13.8/scala-pickling_2.10-0.10.0.jar
7f37c44d0000-7f37c44d3000 r--s 0001e000 fc:01 13238827                   /home/beenotung/.sbt/boot/scala-2.10.4/org.scala-sbt/sbt/0.13.8/run-0.13.8.jar
7f37c44d3000-7f37c44d5000 r--s 00007000 fc:01 13238851                   /home/beenotung/.sbt/boot/scala-2.10.4/org.scala-sbt/sbt/0.13.8/paranamer-2.6.jar
7f37c44d5000-7f37c44d7000 r--s 00012000 fc:01 13238856                   /home/beenotung/.sbt/boot/scala-2.10.4/org.scala-sbt/sbt/0.13.8/jawn-parser_2.10-0.6.0.jar
7f37c44d7000-7f37c44df000 r--s 00057000 fc:01 13238825                   /home/beenotung/.sbt/boot/scala-2.10.4/org.scala-sbt/sbt/0.13.8/completion-0.13.8.jar
7f37c44df000-7f37c44e1000 r--s 00001000 fc:01 13238869                   /home/beenotung/.sbt/boot/scala-2.10.4/org.scala-sbt/sbt/0.13.8/compiler-ivy-integration-0.13.8.jar
7f37c44e1000-7f37c44e4000 r--s 00012000 fc:01 13238829                   /home/beenotung/.sbt/boot/scala-2.10.4/org.scala-sbt/sbt/0.13.8/classfile-0.13.8.jar
7f37c44e4000-7f37c44f0000 r--s 000a4000 fc:01 13238846                   /home/beenotung/.sbt/boot/scala-2.10.4/org.scala-sbt/sbt/0.13.8/quasiquotes_2.10-2.0.1.jar
7f37c44f0000-7f37c4503000 r--s 00345000 fc:02 2238525                    /usr/lib/jvm/java-8-openjdk-amd64/jre/lib/resources.jar
7f37c4503000-7f37c4506000 ---p 00000000 00:00 0 
7f37c4506000-7f37c4604000 rw-p 00000000 00:00 0                          [stack:30106]
7f37c4604000-7f37c4ce6000 r--p 00000000 fc:02 2105970                    /usr/lib/locale/locale-archive
7f37c4ce6000-7f37c4ce9000 ---p 00000000 00:00 0 
7f37c4ce9000-7f37c4de7000 rw-p 00000000 00:00 0                          [stack:30102]
7f37c4de7000-7f37c4dea000 ---p 00000000 00:00 0 
7f37c4dea000-7f37c4ee8000 rw-p 00000000 00:00 0                          [stack:30101]
7f37c4ee8000-7f37c4ee9000 ---p 00000000 00:00 0 
7f37c4ee9000-7f37c6b51000 rw-p 00000000 00:00 0                          [stack:30099]
7f37c6b51000-7f37c6d1e000 r--s 03bd3000 fc:02 2238554                    /usr/lib/jvm/java-8-openjdk-amd64/jre/lib/rt.jar
7f37c6d1e000-7f37c7cf0000 rw-p 00000000 00:00 0 
7f37c7cf0000-7f37c7cf1000 ---p 00000000 00:00 0 
7f37c7cf1000-7f37c7df1000 rw-p 00000000 00:00 0                          [stack:30089]
7f37c7df1000-7f37c7df2000 ---p 00000000 00:00 0 
7f37c7df2000-7f37c7ef2000 rw-p 00000000 00:00 0                          [stack:30088]
7f37c7ef2000-7f37c7ef3000 ---p 00000000 00:00 0 
7f37c7ef3000-7f37c7ff3000 rw-p 00000000 00:00 0                          [stack:30087]
7f37c7ff3000-7f37c7ff4000 ---p 00000000 00:00 0 
7f37c7ff4000-7f37c80f4000 rw-p 00000000 00:00 0                          [stack:30086]
7f37c80f4000-7f37c80f5000 ---p 00000000 00:00 0 
7f37c80f5000-7f37c81f5000 rw-p 00000000 00:00 0                          [stack:30085]
7f37c81f5000-7f37c81f6000 ---p 00000000 00:00 0 
7f37c81f6000-7f37c8324000 rw-p 00000000 00:00 0                          [stack:30084]
7f37c8324000-7f37c882d000 ---p 00000000 00:00 0 
7f37c882d000-7f37c885b000 rw-p 00000000 00:00 0 
7f37c885b000-7f37c8d63000 ---p 00000000 00:00 0 
7f37c8d63000-7f37c8dac000 rw-p 00000000 00:00 0 
7f37c8dac000-7f37c8fff000 ---p 00000000 00:00 0 
7f37c8fff000-7f37c9000000 rw-p 00000000 00:00 0 
7f37c9000000-7f37c95e0000 rwxp 00000000 00:00 0 
7f37c95e0000-7f37d8000000 ---p 00000000 00:00 0 
7f37d8000000-7f37d8858000 rw-p 00000000 00:00 0 
7f37d8858000-7f37dc000000 ---p 00000000 00:00 0 
7f37dc000000-7f37dc002000 r--s 00006000 fc:02 2506120                    /usr/share/java/java-atk-wrapper.jar
7f37dc002000-7f37dc007000 r--s 00094000 fc:02 2238521                    /usr/lib/jvm/java-8-openjdk-amd64/jre/lib/jsse.jar
7f37dc007000-7f37dc021000 r--s 001d3000 fc:02 2238529                    /usr/lib/jvm/java-8-openjdk-amd64/jre/lib/ext/nashorn.jar
7f37dc021000-7f37dc097000 rw-p 00000000 00:00 0 
7f37dc097000-7f37dc098000 ---p 00000000 00:00 0 
7f37dc098000-7f37dc198000 rw-p 00000000 00:00 0                          [stack:30083]
7f37dc198000-7f37dc199000 ---p 00000000 00:00 0 
7f37dc199000-7f37dc2b1000 rw-p 00000000 00:00 0                          [stack:30082]
7f37dc2b1000-7f37dc659000 ---p 00000000 00:00 0 
7f37dc659000-7f37dc661000 r-xp 00000000 fc:02 2238485                    /usr/lib/jvm/java-8-openjdk-amd64/jre/lib/amd64/libzip.so
7f37dc661000-7f37dc860000 ---p 00008000 fc:02 2238485                    /usr/lib/jvm/java-8-openjdk-amd64/jre/lib/amd64/libzip.so
7f37dc860000-7f37dc861000 r--p 00007000 fc:02 2238485                    /usr/lib/jvm/java-8-openjdk-amd64/jre/lib/amd64/libzip.so
7f37dc861000-7f37dc862000 rw-p 00008000 fc:02 2238485                    /usr/lib/jvm/java-8-openjdk-amd64/jre/lib/amd64/libzip.so
7f37dc862000-7f37dc86e000 r-xp 00000000 fc:02 1053180                    /lib/x86_64-linux-gnu/libnss_files-2.21.so
7f37dc86e000-7f37dca6d000 ---p 0000c000 fc:02 1053180                    /lib/x86_64-linux-gnu/libnss_files-2.21.so
7f37dca6d000-7f37dca6e000 r--p 0000b000 fc:02 1053180                    /lib/x86_64-linux-gnu/libnss_files-2.21.so
7f37dca6e000-7f37dca6f000 rw-p 0000c000 fc:02 1053180                    /lib/x86_64-linux-gnu/libnss_files-2.21.so
7f37dca6f000-7f37dca7a000 r-xp 00000000 fc:02 1053190                    /lib/x86_64-linux-gnu/libnss_nis-2.21.so
7f37dca7a000-7f37dcc79000 ---p 0000b000 fc:02 1053190                    /lib/x86_64-linux-gnu/libnss_nis-2.21.so
7f37dcc79000-7f37dcc7a000 r--p 0000a000 fc:02 1053190                    /lib/x86_64-linux-gnu/libnss_nis-2.21.so
7f37dcc7a000-7f37dcc7b000 rw-p 0000b000 fc:02 1053190                    /lib/x86_64-linux-gnu/libnss_nis-2.21.so
7f37dcc7b000-7f37dcc92000 r-xp 00000000 fc:02 1053174                    /lib/x86_64-linux-gnu/libnsl-2.21.so
7f37dcc92000-7f37dce91000 ---p 00017000 fc:02 1053174                    /lib/x86_64-linux-gnu/libnsl-2.21.so
7f37dce91000-7f37dce92000 r--p 00016000 fc:02 1053174                    /lib/x86_64-linux-gnu/libnsl-2.21.so
7f37dce92000-7f37dce93000 rw-p 00017000 fc:02 1053174                    /lib/x86_64-linux-gnu/libnsl-2.21.so
7f37dce93000-7f37dce95000 rw-p 00000000 00:00 0 
7f37dce95000-7f37dce9d000 r-xp 00000000 fc:02 1053176                    /lib/x86_64-linux-gnu/libnss_compat-2.21.so
7f37dce9d000-7f37dd09c000 ---p 00008000 fc:02 1053176                    /lib/x86_64-linux-gnu/libnss_compat-2.21.so
7f37dd09c000-7f37dd09d000 r--p 00007000 fc:02 1053176                    /lib/x86_64-linux-gnu/libnss_compat-2.21.so
7f37dd09d000-7f37dd09e000 rw-p 00008000 fc:02 1053176                    /lib/x86_64-linux-gnu/libnss_compat-2.21.so
7f37dd09e000-7f37dd0a8000 r-xp 00000000 fc:02 2238504                    /usr/lib/jvm/java-8-openjdk-amd64/jre/lib/amd64/libinstrument.so
7f37dd0a8000-7f37dd2a7000 ---p 0000a000 fc:02 2238504                    /usr/lib/jvm/java-8-openjdk-amd64/jre/lib/amd64/libinstrument.so
7f37dd2a7000-7f37dd2a8000 r--p 00009000 fc:02 2238504                    /usr/lib/jvm/java-8-openjdk-amd64/jre/lib/amd64/libinstrument.so
7f37dd2a8000-7f37dd2a9000 rw-p 0000a000 fc:02 2238504                    /usr/lib/jvm/java-8-openjdk-amd64/jre/lib/amd64/libinstrument.so
7f37dd2a9000-7f37dd2d7000 r-xp 00000000 fc:02 2238482                    /usr/lib/jvm/java-8-openjdk-amd64/jre/lib/amd64/libjava.so
7f37dd2d7000-7f37dd4d6000 ---p 0002e000 fc:02 2238482                    /usr/lib/jvm/java-8-openjdk-amd64/jre/lib/amd64/libjava.so
7f37dd4d6000-7f37dd4d7000 r--p 0002d000 fc:02 2238482                    /usr/lib/jvm/java-8-openjdk-amd64/jre/lib/amd64/libjava.so
7f37dd4d7000-7f37dd4d9000 rw-p 0002e000 fc:02 2238482                    /usr/lib/jvm/java-8-openjdk-amd64/jre/lib/amd64/libjava.so
7f37dd4d9000-7f37dd4e8000 r-xp 00000000 fc:02 2238497                    /usr/lib/jvm/java-8-openjdk-amd64/jre/lib/amd64/libverify.so
7f37dd4e8000-7f37dd6e8000 ---p 0000f000 fc:02 2238497                    /usr/lib/jvm/java-8-openjdk-amd64/jre/lib/amd64/libverify.so
7f37dd6e8000-7f37dd6eb000 r--p 0000f000 fc:02 2238497                    /usr/lib/jvm/java-8-openjdk-amd64/jre/lib/amd64/libverify.so
7f37dd6eb000-7f37dd6ec000 rw-p 00012000 fc:02 2238497                    /usr/lib/jvm/java-8-openjdk-amd64/jre/lib/amd64/libverify.so
7f37dd6ec000-7f37dd6f3000 r-xp 00000000 fc:02 1053235                    /lib/x86_64-linux-gnu/librt-2.21.so
7f37dd6f3000-7f37dd8f2000 ---p 00007000 fc:02 1053235                    /lib/x86_64-linux-gnu/librt-2.21.so
7f37dd8f2000-7f37dd8f3000 r--p 00006000 fc:02 1053235                    /lib/x86_64-linux-gnu/librt-2.21.so
7f37dd8f3000-7f37dd8f4000 rw-p 00007000 fc:02 1053235                    /lib/x86_64-linux-gnu/librt-2.21.so
7f37dd8f4000-7f37dd90a000 r-xp 00000000 fc:02 1053123                    /lib/x86_64-linux-gnu/libgcc_s.so.1
7f37dd90a000-7f37ddb09000 ---p 00016000 fc:02 1053123                    /lib/x86_64-linux-gnu/libgcc_s.so.1
7f37ddb09000-7f37ddb0a000 rw-p 00015000 fc:02 1053123                    /lib/x86_64-linux-gnu/libgcc_s.so.1
7f37ddb0a000-7f37ddc11000 r-xp 00000000 fc:02 1053153                    /lib/x86_64-linux-gnu/libm-2.21.so
7f37ddc11000-7f37dde10000 ---p 00107000 fc:02 1053153                    /lib/x86_64-linux-gnu/libm-2.21.so
7f37dde10000-7f37dde11000 r--p 00106000 fc:02 1053153                    /lib/x86_64-linux-gnu/libm-2.21.so
7f37dde11000-7f37dde12000 rw-p 00107000 fc:02 1053153                    /lib/x86_64-linux-gnu/libm-2.21.so
7f37dde12000-7f37ddf02000 r-xp 00000000 fc:02 2108293                    /usr/lib/x86_64-linux-gnu/libstdc++.so.6.0.20
7f37ddf02000-7f37de102000 ---p 000f0000 fc:02 2108293                    /usr/lib/x86_64-linux-gnu/libstdc++.so.6.0.20
7f37de102000-7f37de10a000 r--p 000f0000 fc:02 2108293                    /usr/lib/x86_64-linux-gnu/libstdc++.so.6.0.20
7f37de10a000-7f37de10c000 rw-p 000f8000 fc:02 2108293                    /usr/lib/x86_64-linux-gnu/libstdc++.so.6.0.20
7f37de10c000-7f37de121000 rw-p 00000000 00:00 0 
7f37de121000-7f37dedae000 r-xp 00000000 fc:02 2238509                    /usr/lib/jvm/java-8-openjdk-amd64/jre/lib/amd64/server/libjvm.so
7f37dedae000-7f37defae000 ---p 00c8d000 fc:02 2238509                    /usr/lib/jvm/java-8-openjdk-amd64/jre/lib/amd64/server/libjvm.so
7f37defae000-7f37df051000 r--p 00c8d000 fc:02 2238509                    /usr/lib/jvm/java-8-openjdk-amd64/jre/lib/amd64/server/libjvm.so
7f37df051000-7f37df07a000 rw-p 00d30000 fc:02 2238509                    /usr/lib/jvm/java-8-openjdk-amd64/jre/lib/amd64/server/libjvm.so
7f37df07a000-7f37df0a9000 rw-p 00000000 00:00 0 
7f37df0a9000-7f37df0c1000 r-xp 00000000 fc:02 1053227                    /lib/x86_64-linux-gnu/libpthread-2.21.so
7f37df0c1000-7f37df2c1000 ---p 00018000 fc:02 1053227                    /lib/x86_64-linux-gnu/libpthread-2.21.so
7f37df2c1000-7f37df2c2000 r--p 00018000 fc:02 1053227                    /lib/x86_64-linux-gnu/libpthread-2.21.so
7f37df2c2000-7f37df2c3000 rw-p 00019000 fc:02 1053227                    /lib/x86_64-linux-gnu/libpthread-2.21.so
7f37df2c3000-7f37df2c7000 rw-p 00000000 00:00 0 
7f37df2c7000-7f37df2ca000 r-xp 00000000 fc:02 1053111                    /lib/x86_64-linux-gnu/libdl-2.21.so
7f37df2ca000-7f37df4c9000 ---p 00003000 fc:02 1053111                    /lib/x86_64-linux-gnu/libdl-2.21.so
7f37df4c9000-7f37df4ca000 r--p 00002000 fc:02 1053111                    /lib/x86_64-linux-gnu/libdl-2.21.so
7f37df4ca000-7f37df4cb000 rw-p 00003000 fc:02 1053111                    /lib/x86_64-linux-gnu/libdl-2.21.so
7f37df4cb000-7f37df4e4000 r-xp 00000000 fc:02 1053268                    /lib/x86_64-linux-gnu/libz.so.1.2.8
7f37df4e4000-7f37df6e4000 ---p 00019000 fc:02 1053268                    /lib/x86_64-linux-gnu/libz.so.1.2.8
7f37df6e4000-7f37df6e5000 r--p 00019000 fc:02 1053268                    /lib/x86_64-linux-gnu/libz.so.1.2.8
7f37df6e5000-7f37df6e6000 rw-p 0001a000 fc:02 1053268                    /lib/x86_64-linux-gnu/libz.so.1.2.8
7f37df6e6000-7f37df8a6000 r-xp 00000000 fc:02 1053094                    /lib/x86_64-linux-gnu/libc-2.21.so
7f37df8a6000-7f37dfaa6000 ---p 001c0000 fc:02 1053094                    /lib/x86_64-linux-gnu/libc-2.21.so
7f37dfaa6000-7f37dfaaa000 r--p 001c0000 fc:02 1053094                    /lib/x86_64-linux-gnu/libc-2.21.so
7f37dfaaa000-7f37dfaac000 rw-p 001c4000 fc:02 1053094                    /lib/x86_64-linux-gnu/libc-2.21.so
7f37dfaac000-7f37dfab0000 rw-p 00000000 00:00 0 
7f37dfab0000-7f37dfabe000 r-xp 00000000 fc:02 2238516                    /usr/lib/jvm/java-8-openjdk-amd64/jre/lib/amd64/jli/libjli.so
7f37dfabe000-7f37dfcbd000 ---p 0000e000 fc:02 2238516                    /usr/lib/jvm/java-8-openjdk-amd64/jre/lib/amd64/jli/libjli.so
7f37dfcbd000-7f37dfcbe000 r--p 0000d000 fc:02 2238516                    /usr/lib/jvm/java-8-openjdk-amd64/jre/lib/amd64/jli/libjli.so
7f37dfcbe000-7f37dfcbf000 rw-p 0000e000 fc:02 2238516                    /usr/lib/jvm/java-8-openjdk-amd64/jre/lib/amd64/jli/libjli.so
7f37dfcbf000-7f37dfce3000 r-xp 00000000 fc:02 1053066                    /lib/x86_64-linux-gnu/ld-2.21.so
7f37dfce3000-7f37dfce4000 r--s 00005000 fc:01 13238816                   /home/beenotung/.sbt/boot/scala-2.10.4/org.scala-sbt/sbt/0.13.8/test-agent-0.13.8.jar
7f37dfce4000-7f37dfce7000 r--s 00015000 fc:02 2238555                    /usr/lib/jvm/java-8-openjdk-amd64/jre/lib/jce.jar
7f37dfce7000-7f37dfcec000 r--s 002f8000 fc:02 2238526                    /usr/lib/jvm/java-8-openjdk-amd64/jre/lib/charsets.jar
7f37dfcec000-7f37dfcee000 r--s 00001000 fc:02 2238534                    /usr/lib/jvm/java-8-openjdk-amd64/jre/lib/ext/dnsns.jar
7f37dfcee000-7f37dfcf9000 r--s 00116000 fc:02 2238531                    /usr/lib/jvm/java-8-openjdk-amd64/jre/lib/ext/localedata.jar
7f37dfcf9000-7f37dfd15000 r--s 00393000 fc:02 2238528                    /usr/lib/jvm/java-8-openjdk-amd64/jre/lib/ext/cldrdata.jar
7f37dfd15000-7f37dfdbf000 rw-p 00000000 00:00 0 
7f37dfdbf000-7f37dfdc2000 ---p 00000000 00:00 0 
7f37dfdc2000-7f37dfec5000 rw-p 00000000 00:00 0                          [stack:30080]
7f37dfec5000-7f37dfec6000 r--s 00000000 fc:02 2238552                    /usr/lib/jvm/java-8-openjdk-amd64/jre/lib/management-agent.jar
7f37dfec6000-7f37dfec7000 r--s 00008000 fc:02 2238530                    /usr/lib/jvm/java-8-openjdk-amd64/jre/lib/ext/sunec.jar
7f37dfec7000-7f37dfecd000 r--s 0003a000 fc:02 2238533                    /usr/lib/jvm/java-8-openjdk-amd64/jre/lib/ext/sunjce_provider.jar
7f37dfecd000-7f37dfed0000 r--s 00037000 fc:02 2238536                    /usr/lib/jvm/java-8-openjdk-amd64/jre/lib/ext/sunpkcs11.jar
7f37dfed0000-7f37dfed1000 r--s 00010000 fc:02 2238532                    /usr/lib/jvm/java-8-openjdk-amd64/jre/lib/ext/zipfs.jar
7f37dfed1000-7f37dfed3000 r--s 00006000 fc:02 2506120                    /usr/share/java/java-atk-wrapper.jar
7f37dfed3000-7f37dfed6000 r--s 0000f000 fc:02 2238535                    /usr/lib/jvm/java-8-openjdk-amd64/jre/lib/ext/icedtea-sound.jar
7f37dfed6000-7f37dfede000 rw-s 00000000 fc:02 397870                     /tmp/hsperfdata_beenotung/30079
7f37dfede000-7f37dfedf000 rw-p 00000000 00:00 0 
7f37dfedf000-7f37dfee0000 r--p 00000000 00:00 0 
7f37dfee0000-7f37dfee2000 rw-p 00000000 00:00 0 
7f37dfee2000-7f37dfee3000 r--p 00023000 fc:02 1053066                    /lib/x86_64-linux-gnu/ld-2.21.so
7f37dfee3000-7f37dfee4000 rw-p 00024000 fc:02 1053066                    /lib/x86_64-linux-gnu/ld-2.21.so
7f37dfee4000-7f37dfee5000 rw-p 00000000 00:00 0 
7ffd77fdc000-7ffd77fff000 rw-p 00000000 00:00 0                          [stack]
7ffd7813a000-7ffd7813c000 r--p 00000000 00:00 0                          [vvar]
7ffd7813c000-7ffd7813e000 r-xp 00000000 00:00 0                          [vdso]
ffffffffff600000-ffffffffff601000 r-xp 00000000 00:00 0                  [vsyscall]

VM Arguments:
jvm_args: -javaagent:/usr/share/java/jayatanaag.jar -Djava.library.path=/home/beenotung/git/workspace/hkcc-pacman-robot/lib/lwjgl3/native/linux/x64:/home/beenotung/git/workspace/hkcc-pacman-robot/lib/lwjgl3/native/linux/x86:/home/beenotung/git/workspace/hkcc-pacman-robot/lib/lwjgl3/native/macosx/x64:/home/beenotung/git/workspace/hkcc-pacman-robot/lib/lwjgl3/native/windows/x64:/home/beenotung/git/workspace/hkcc-pacman-robot/lib/lwjgl3/native/windows/x86 -Didea.launcher.port=7532 -Didea.launcher.bin.path=/opt/idea/bin -Dfile.encoding=UTF-8 
java_command: com.intellij.rt.execution.application.AppMain edu.hkcc.pacmanrobot.launcher.ServerLauncher
java_class_path (initial): /usr/lib/jvm/java-1.8.0-openjdk-amd64/jre/lib/charsets.jar:/usr/lib/jvm/java-1.8.0-openjdk-amd64/jre/lib/rt.jar:/usr/lib/jvm/java-1.8.0-openjdk-amd64/jre/lib/jsse.jar:/usr/lib/jvm/java-1.8.0-openjdk-amd64/jre/lib/resources.jar:/usr/lib/jvm/java-1.8.0-openjdk-amd64/jre/lib/management-agent.jar:/usr/lib/jvm/java-1.8.0-openjdk-amd64/jre/lib/jce.jar:/usr/lib/jvm/java-1.8.0-openjdk-amd64/jre/lib/ext/cldrdata.jar:/usr/lib/jvm/java-1.8.0-openjdk-amd64/jre/lib/ext/icedtea-sound.jar:/usr/lib/jvm/java-1.8.0-openjdk-amd64/jre/lib/ext/java-atk-wrapper.jar:/usr/lib/jvm/java-1.8.0-openjdk-amd64/jre/lib/ext/zipfs.jar:/usr/lib/jvm/java-1.8.0-openjdk-amd64/jre/lib/ext/sunpkcs11.jar:/usr/lib/jvm/java-1.8.0-openjdk-amd64/jre/lib/ext/sunjce_provider.jar:/usr/lib/jvm/java-1.8.0-openjdk-amd64/jre/lib/ext/nashorn.jar:/usr/lib/jvm/java-1.8.0-openjdk-amd64/jre/lib/ext/localedata.jar:/usr/lib/jvm/java-1.8.0-openjdk-amd64/jre/lib/ext/sunec.jar:/usr/lib/jvm/java-1.8.0-openjdk-amd64/jre/lib/ext/dnsns.jar:/home/beenotung/git/workspace/hkcc-pacman-robot/target/scala-2.11/classes:/home/beenotung/.sbt/boot/scala-2.10.4/org.scala-sbt/sbt/0.13.8/quasiquotes_2.10-2.0.1.jar:/home/beenotung/.sbt/boot/scala-2.10.4/org.scala-sbt/sbt/0.13.8/classfile-0.13.8.jar:/home/beenotung/.sbt/boot/scala-2.10.4/org.scala-sbt/sbt/0.13.8/compiler-ivy-integration-0.13.8.jar:/home/beenotung/.sbt/boot/scala-2.10.4/org.scala-sbt/sbt/0.13.8/completion-0.13.8.jar:/home/beenotung/.sbt/boot/scala-2.10.4/org.scala-sbt/sbt/0.13.8/jawn-parser_2.10-0.6.0.jar:/home/beenotung/.sbt/boot/scala-2.10.4/org.scala-sbt/sbt/0.13.8/paranamer-2.6.jar:/home/beenotung/.sbt/boot/scala-2.10.4/org.scala-sbt/sbt/0.13.8/run-0.13.8.jar:/home/beenotung/.sbt/boot/scala-2.10.4/org.scala-sbt/sbt/0.13.8/test-agent-0.13.8.jar:/home/beenotung/.sbt/boot/scala-2.10.4/org.scala-sbt/sbt/0.13.8/scala-pickling_2.10-0.10.0.jar:/home/beenotung/.sbt/boot/scala-2.10.4/org.scala-sbt/sbt/0.13.8/logging-0.13.8.jar:/home/beenotung/.sbt/boot/sc
Launcher Type: SUN_STANDARD

Environment Variables:
JAVA_TOOL_OPTIONS=-javaagent:/usr/share/java/jayatanaag.jar 
PATH=/usr/games:/home/beenotung/bin:/usr/local/sbin:/usr/local/bin:/usr/sbin:/usr/bin:/sbin:/bin:/usr/games:/usr/local/games
LD_LIBRARY_PATH=/opt/idea/bin:
SHELL=/bin/bash
DISPLAY=:0

Signal Handlers:
SIGSEGV: [libjvm.so+0xa90d80], sa_mask[0]=11111111011111111101111111111110, sa_flags=SA_RESTART|SA_SIGINFO
SIGBUS: [libjvm.so+0xa90d80], sa_mask[0]=11111111011111111101111111111110, sa_flags=SA_RESTART|SA_SIGINFO
SIGFPE: [libjvm.so+0x8dbc70], sa_mask[0]=11111111011111111101111111111110, sa_flags=SA_RESTART|SA_SIGINFO
SIGPIPE: [libjvm.so+0x8dbc70], sa_mask[0]=11111111011111111101111111111110, sa_flags=SA_RESTART|SA_SIGINFO
SIGXFSZ: [libjvm.so+0x8dbc70], sa_mask[0]=11111111011111111101111111111110, sa_flags=SA_RESTART|SA_SIGINFO
SIGILL: [libjvm.so+0x8dbc70], sa_mask[0]=11111111011111111101111111111110, sa_flags=SA_RESTART|SA_SIGINFO
SIGUSR1: SIG_DFL, sa_mask[0]=00000000000000000000000000000000, sa_flags=none
SIGUSR2: [libjvm.so+0x8dbb20], sa_mask[0]=00100000000000000000000000000000, sa_flags=SA_RESTART|SA_SIGINFO
SIGHUP: [libjvm.so+0x8dbd40], sa_mask[0]=11111111011111111101111111111110, sa_flags=SA_RESTART|SA_SIGINFO
SIGINT: [libjvm.so+0x8dbd40], sa_mask[0]=11111111011111111101111111111110, sa_flags=SA_RESTART|SA_SIGINFO
SIGTERM: [libjvm.so+0x8dbd40], sa_mask[0]=11111111011111111101111111111110, sa_flags=SA_RESTART|SA_SIGINFO
SIGQUIT: [libjvm.so+0x8dbd40], sa_mask[0]=11111111011111111101111111111110, sa_flags=SA_RESTART|SA_SIGINFO


---------------  S Y S T E M  ---------------

OS:DISTRIB_ID=Ubuntu
DISTRIB_RELEASE=15.04
DISTRIB_CODENAME=vivid
DISTRIB_DESCRIPTION="Ubuntu 15.04"

uname:Linux 3.19.0-15-generic #15-Ubuntu SMP Thu Apr 16 23:32:37 UTC 2015 x86_64
libc:glibc 2.21 NPTL 2.21 
rlimit: STACK 8192k, CORE 0k, NPROC 63946, NOFILE 65536, AS infinity
load average:2.76 1.75 1.42

/proc/meminfo:
MemTotal:       16393516 kB
MemFree:         2950152 kB
MemAvailable:    7347936 kB
Buffers:          348188 kB
Cached:          4206336 kB
SwapCached:            0 kB
Active:         10519576 kB
Inactive:        2360940 kB
Active(anon):    8328748 kB
Inactive(anon):   175884 kB
Active(file):    2190828 kB
Inactive(file):  2185056 kB
Unevictable:         684 kB
Mlocked:             684 kB
SwapTotal:      33554428 kB
SwapFree:       33554428 kB
Dirty:              2784 kB
Writeback:             0 kB
AnonPages:       8332400 kB
Mapped:           614648 kB
Shmem:            178648 kB
Slab:             333476 kB
SReclaimable:     275316 kB
SUnreclaim:        58160 kB
KernelStack:       18320 kB
PageTables:        92820 kB
NFS_Unstable:          0 kB
Bounce:                0 kB
WritebackTmp:          0 kB
CommitLimit:    41751184 kB
Committed_AS:   16593724 kB
VmallocTotal:   34359738367 kB
VmallocUsed:      145668 kB
VmallocChunk:   34359488724 kB
HardwareCorrupted:     0 kB
AnonHugePages:   3510272 kB
CmaTotal:              0 kB
CmaFree:               0 kB
HugePages_Total:       0
HugePages_Free:        0
HugePages_Rsvd:        0
HugePages_Surp:        0
Hugepagesize:       2048 kB
DirectMap4k:      308796 kB
DirectMap2M:    16429056 kB


CPU:total 8 (4 cores per cpu, 2 threads per core) family 6 model 58 stepping 9, cmov, cx8, fxsr, mmx, sse, sse2, sse3, ssse3, sse4.1, sse4.2, popcnt, avx, aes, clmul, erms, ht, tsc, tscinvbit, tscinv

/proc/cpuinfo:
processor	: 0
vendor_id	: GenuineIntel
cpu family	: 6
model		: 58
model name	: Intel(R) Xeon(R) CPU E3-1230 V2 @ 3.30GHz
stepping	: 9
microcode	: 0x1b
cpu MHz		: 3565.546
cache size	: 8192 KB
physical id	: 0
siblings	: 8
core id		: 0
cpu cores	: 4
apicid		: 0
initial apicid	: 0
fpu		: yes
fpu_exception	: yes
cpuid level	: 13
wp		: yes
flags		: fpu vme de pse tsc msr pae mce cx8 apic sep mtrr pge mca cmov pat pse36 clflush dts acpi mmx fxsr sse sse2 ss ht tm pbe syscall nx rdtscp lm constant_tsc arch_perfmon pebs bts rep_good nopl xtopology nonstop_tsc aperfmperf eagerfpu pni pclmulqdq dtes64 monitor ds_cpl vmx smx est tm2 ssse3 cx16 xtpr pdcm pcid sse4_1 sse4_2 x2apic popcnt tsc_deadline_timer aes xsave avx f16c rdrand lahf_lm ida arat epb pln pts dtherm tpr_shadow vnmi flexpriority ept vpid fsgsbase smep erms xsaveopt
bugs		:
bogomips	: 6584.66
clflush size	: 64
cache_alignment	: 64
address sizes	: 36 bits physical, 48 bits virtual
power management:

processor	: 1
vendor_id	: GenuineIntel
cpu family	: 6
model		: 58
model name	: Intel(R) Xeon(R) CPU E3-1230 V2 @ 3.30GHz
stepping	: 9
microcode	: 0x1b
cpu MHz		: 3523.523
cache size	: 8192 KB
physical id	: 0
siblings	: 8
core id		: 1
cpu cores	: 4
apicid		: 2
initial apicid	: 2
fpu		: yes
fpu_exception	: yes
cpuid level	: 13
wp		: yes
flags		: fpu vme de pse tsc msr pae mce cx8 apic sep mtrr pge mca cmov pat pse36 clflush dts acpi mmx fxsr sse sse2 ss ht tm pbe syscall nx rdtscp lm constant_tsc arch_perfmon pebs bts rep_good nopl xtopology nonstop_tsc aperfmperf eagerfpu pni pclmulqdq dtes64 monitor ds_cpl vmx smx est tm2 ssse3 cx16 xtpr pdcm pcid sse4_1 sse4_2 x2apic popcnt tsc_deadline_timer aes xsave avx f16c rdrand lahf_lm ida arat epb pln pts dtherm tpr_shadow vnmi flexpriority ept vpid fsgsbase smep erms xsaveopt
bugs		:
bogomips	: 6584.66
clflush size	: 64
cache_alignment	: 64
address sizes	: 36 bits physical, 48 bits virtual
power management:

processor	: 2
vendor_id	: GenuineIntel
cpu family	: 6
model		: 58
model name	: Intel(R) Xeon(R) CPU E3-1230 V2 @ 3.30GHz
stepping	: 9
microcode	: 0x1b
cpu MHz		: 3526.746
cache size	: 8192 KB
physical id	: 0
siblings	: 8
core id		: 2
cpu cores	: 4
apicid		: 4
initial apicid	: 4
fpu		: yes
fpu_exception	: yes
cpuid level	: 13
wp		: yes
flags		: fpu vme de pse tsc msr pae mce cx8 apic sep mtrr pge mca cmov pat pse36 clflush dts acpi mmx fxsr sse sse2 ss ht tm pbe syscall nx rdtscp lm constant_tsc arch_perfmon pebs bts rep_good nopl xtopology nonstop_tsc aperfmperf eagerfpu pni pclmulqdq dtes64 monitor ds_cpl vmx smx est tm2 ssse3 cx16 xtpr pdcm pcid sse4_1 sse4_2 x2apic popcnt tsc_deadline_timer aes xsave avx f16c rdrand lahf_lm ida arat epb pln pts dtherm tpr_shadow vnmi flexpriority ept vpid fsgsbase smep erms xsaveopt
bugs		:
bogomips	: 6584.66
clflush size	: 64
cache_alignment	: 64
address sizes	: 36 bits physical, 48 bits virtual
power management:

processor	: 3
vendor_id	: GenuineIntel
cpu family	: 6
model		: 58
model name	: Intel(R) Xeon(R) CPU E3-1230 V2 @ 3.30GHz
stepping	: 9
microcode	: 0x1b
cpu MHz		: 3556.394
cache size	: 8192 KB
physical id	: 0
siblings	: 8
core id		: 3
cpu cores	: 4
apicid		: 6
initial apicid	: 6
fpu		: yes
fpu_exception	: yes
cpuid level	: 13
wp		: yes
flags		: fpu vme de pse tsc msr pae mce cx8 apic sep mtrr pge mca cmov pat pse36 clflush dts acpi mmx fxsr sse sse2 ss ht tm pbe syscall nx rdtscp lm constant_tsc arch_perfmon pebs bts rep_good nopl xtopology nonstop_tsc aperfmperf eagerfpu pni pclmulqdq dtes64 monitor ds_cpl vmx smx est tm2 ssse3 cx16 xtpr pdcm pcid sse4_1 sse4_2 x2apic popcnt tsc_deadline_timer aes xsave avx f16c rdrand lahf_lm ida arat epb pln pts dtherm tpr_shadow vnmi flexpriority ept vpid fsgsbase smep erms xsaveopt
bugs		:
bogomips	: 6584.66
clflush size	: 64
cache_alignment	: 64
address sizes	: 36 bits physical, 48 bits virtual
power management:

processor	: 4
vendor_id	: GenuineIntel
cpu family	: 6
model		: 58
model name	: Intel(R) Xeon(R) CPU E3-1230 V2 @ 3.30GHz
stepping	: 9
microcode	: 0x1b
cpu MHz		: 3560.906
cache size	: 8192 KB
physical id	: 0
siblings	: 8
core id		: 0
cpu cores	: 4
apicid		: 1
initial apicid	: 1
fpu		: yes
fpu_exception	: yes
cpuid level	: 13
wp		: yes
flags		: fpu vme de pse tsc msr pae mce cx8 apic sep mtrr pge mca cmov pat pse36 clflush dts acpi mmx fxsr sse sse2 ss ht tm pbe syscall nx rdtscp lm constant_tsc arch_perfmon pebs bts rep_good nopl xtopology nonstop_tsc aperfmperf eagerfpu pni pclmulqdq dtes64 monitor ds_cpl vmx smx est tm2 ssse3 cx16 xtpr pdcm pcid sse4_1 sse4_2 x2apic popcnt tsc_deadline_timer aes xsave avx f16c rdrand lahf_lm ida arat epb pln pts dtherm tpr_shadow vnmi flexpriority ept vpid fsgsbase smep erms xsaveopt
bugs		:
bogomips	: 6584.66
clflush size	: 64
cache_alignment	: 64
address sizes	: 36 bits physical, 48 bits virtual
power management:

processor	: 5
vendor_id	: GenuineIntel
cpu family	: 6
model		: 58
model name	: Intel(R) Xeon(R) CPU E3-1230 V2 @ 3.30GHz
stepping	: 9
microcode	: 0x1b
cpu MHz		: 3504.703
cache size	: 8192 KB
physical id	: 0
siblings	: 8
core id		: 1
cpu cores	: 4
apicid		: 3
initial apicid	: 3
fpu		: yes
fpu_exception	: yes
cpuid level	: 13
wp		: yes
flags		: fpu vme de pse tsc msr pae mce cx8 apic sep mtrr pge mca cmov pat pse36 clflush dts acpi mmx fxsr sse sse2 ss ht tm pbe syscall nx rdtscp lm constant_tsc arch_perfmon pebs bts rep_good nopl xtopology nonstop_tsc aperfmperf eagerfpu pni pclmulqdq dtes64 monitor ds_cpl vmx smx est tm2 ssse3 cx16 xtpr pdcm pcid sse4_1 sse4_2 x2apic popcnt tsc_deadline_timer aes xsave avx f16c rdrand lahf_lm ida arat epb pln pts dtherm tpr_shadow vnmi flexpriority ept vpid fsgsbase smep erms xsaveopt
bugs		:
bogomips	: 6584.66
clflush size	: 64
cache_alignment	: 64
address sizes	: 36 bits physical, 48 bits virtual
power management:

processor	: 6
vendor_id	: GenuineIntel
cpu family	: 6
model		: 58
model name	: Intel(R) Xeon(R) CPU E3-1230 V2 @ 3.30GHz
stepping	: 9
microcode	: 0x1b
cpu MHz		: 3513.339
cache size	: 8192 KB
physical id	: 0
siblings	: 8
core id		: 2
cpu cores	: 4
apicid		: 5
initial apicid	: 5
fpu		: yes
fpu_exception	: yes
cpuid level	: 13
wp		: yes
flags		: fpu vme de pse tsc msr pae mce cx8 apic sep mtrr pge mca cmov pat pse36 clflush dts acpi mmx fxsr sse sse2 ss ht tm pbe syscall nx rdtscp lm constant_tsc arch_perfmon pebs bts rep_good nopl xtopology nonstop_tsc aperfmperf eagerfpu pni pclmulqdq dtes64 monitor ds_cpl vmx smx est tm2 ssse3 cx16 xtpr pdcm pcid sse4_1 sse4_2 x2apic popcnt tsc_deadline_timer aes xsave avx f16c rdrand lahf_lm ida arat epb pln pts dtherm tpr_shadow vnmi flexpriority ept vpid fsgsbase smep erms xsaveopt
bugs		:
bogomips	: 6584.66
clflush size	: 64
cache_alignment	: 64
address sizes	: 36 bits physical, 48 bits virtual
power management:

processor	: 7
vendor_id	: GenuineIntel
cpu family	: 6
model		: 58
model name	: Intel(R) Xeon(R) CPU E3-1230 V2 @ 3.30GHz
stepping	: 9
microcode	: 0x1b
cpu MHz		: 3547.242
cache size	: 8192 KB
physical id	: 0
siblings	: 8
core id		: 3
cpu cores	: 4
apicid		: 7
initial apicid	: 7
fpu		: yes
fpu_exception	: yes
cpuid level	: 13
wp		: yes
flags		: fpu vme de pse tsc msr pae mce cx8 apic sep mtrr pge mca cmov pat pse36 clflush dts acpi mmx fxsr sse sse2 ss ht tm pbe syscall nx rdtscp lm constant_tsc arch_perfmon pebs bts rep_good nopl xtopology nonstop_tsc aperfmperf eagerfpu pni pclmulqdq dtes64 monitor ds_cpl vmx smx est tm2 ssse3 cx16 xtpr pdcm pcid sse4_1 sse4_2 x2apic popcnt tsc_deadline_timer aes xsave avx f16c rdrand lahf_lm ida arat epb pln pts dtherm tpr_shadow vnmi flexpriority ept vpid fsgsbase smep erms xsaveopt
bugs		:
bogomips	: 6584.66
clflush size	: 64
cache_alignment	: 64
address sizes	: 36 bits physical, 48 bits virtual
power management:



Memory: 4k page, physical 16393516k(2950152k free), swap 33554428k(33554428k free)

vm_info: OpenJDK 64-Bit Server VM (25.45-b02) for linux-amd64 JRE (1.8.0_45-internal-b14), built on Apr 20 2015 00:35:04 by "buildd" with gcc 4.9.2

time: Thu Apr 30 00:18:51 2015
elapsed time: 6 seconds (0d 0h 0m 6s)

