#
# A fatal error has been detected by the Java Runtime Environment:
#
#  SIGSEGV (0xb) at pc=0x00007fcdb9483a2a, pid=2864, tid=140521588471552
#
# JRE version: Java(TM) SE Runtime Environment (8.0_25-b17) (build 1.8.0_25-b17)
# Java VM: Java HotSpot(TM) 64-Bit Server VM (25.25-b02 mixed mode linux-amd64 compressed oops)
# Problematic frame:
# C  [libffi.so.6+0x4a2a]  ffi_closure_free+0x49a
#
# Failed to write core dump. Core dumps have been disabled. To enable core dumping, try "ulimit -c unlimited" before starting Java again
#
# If you would like to submit a bug report, please visit:
#   http://bugreport.sun.com/bugreport/crash.jsp
# The crash happened outside the Java Virtual Machine in native code.
# See problematic frame for where to report the bug.
#

---------------  T H R E A D  ---------------

Current thread (0x00007fcdec271000):  JavaThread "Thread-0" [_thread_in_native, id=2916, stack(0x00007fcdbb4d3000,0x00007fcdbb5d4000)]

siginfo: si_signo: 11 (SIGSEGV), si_code: 1 (SEGV_MAPERR), si_addr: 0x0000000000000018

Registers:
RAX=0x0000000000000f80, RBX=0x00007fcdb96872c0, RCX=0x0000000000000000, RDX=0x0000000000000000
RSP=0x00007fcdbb5d2650, RBP=0x00007fcdf2dc7038, RSI=0x00007fcdf2dc7070, RDI=0x0000000000000001
R8 =0x0000000000000000, R9 =0x0000000000000000, R10=0x000000000000003c, R11=0x00007fcdb9483590
R12=0x00007fcdf2dc7048, R13=0x00007fcddb1ac938, R14=0x00007fcdbb5d2728, R15=0x00007fcdec271000
RIP=0x00007fcdb9483a2a, EFLAGS=0x0000000000010246, CSGSFS=0x0000000000000033, ERR=0x0000000000000006
  TRAPNO=0x000000000000000e

Top of Stack: (sp=0x00007fcdbb5d2650)
0x00007fcdbb5d2650:   00007fcdec271000 00007fcdb8c40988
0x00007fcdbb5d2660:   00007fcdc3a144c0 00007fcdec007440
0x00007fcdbb5d2670:   00007fcdf2dc7048 00007fcddb1ac938
0x00007fcdbb5d2680:   00007fcdbb5d2700 0000000000000000
0x00007fcdbb5d2690:   00007fcddb1ac938 00007fcdbb5d2728
0x00007fcdbb5d26a0:   00007fcdec271000 00007fcddd0156d4
0x00007fcdbb5d26b0:   00007fcdec271000 00007fcddd015422
0x00007fcdbb5d26c0:   00007fcdbb5d26c0 00007fcddb1ac938
0x00007fcdbb5d26d0:   00007fcdbb5d2728 00007fcddb1acd30
0x00007fcdbb5d26e0:   0000000000000000 00007fcddb1ac938
0x00007fcdbb5d26f0:   0000000000000000 00007fcdbb5d2720
0x00007fcdbb5d2700:   00007fcdbb5d2770 00007fcddd00798d
0x00007fcdbb5d2710:   000000076d881488 00007fcddd00f2b8
0x00007fcdbb5d2720:   00007fcdf2dc7048 000000076d8dcd90
0x00007fcdbb5d2730:   00007fcdbb5d2730 00007fcddb02dd0b
0x00007fcdbb5d2740:   00007fcdbb5d2780 00007fcddb1895f8
0x00007fcdbb5d2750:   0000000000000000 00007fcddb02dd28
0x00007fcdbb5d2760:   00007fcdbb5d2720 00007fcdbb5d2780
0x00007fcdbb5d2770:   00007fcdbb5d27c8 00007fcddd00798d
0x00007fcdbb5d2780:   000000076d8dcd90 00007fcdbb5d2788
0x00007fcdbb5d2790:   00007fcddb02e9e6 00007fcdbb5d27d8
0x00007fcdbb5d27a0:   00007fcddb189480 0000000000000000
0x00007fcdbb5d27b0:   00007fcddb02ea00 00007fcdbb5d2780
0x00007fcdbb5d27c0:   00007fcdbb5d27d8 00007fcdbb5d2820
0x00007fcdbb5d27d0:   00007fcddd00798d 000000076d8dcd90
0x00007fcdbb5d27e0:   00007fcdbb5d27e0 00007fcddb02bb37
0x00007fcdbb5d27f0:   00007fcdbb5d2830 00007fcddb02f398
0x00007fcdbb5d2800:   0000000000000000 00007fcddb02bb50
0x00007fcdbb5d2810:   00007fcdbb5d27d8 00007fcdbb5d2830
0x00007fcdbb5d2820:   00007fcdbb5d2878 00007fcddd00798d
0x00007fcdbb5d2830:   000000076cf328a8 00007fcdbb5d2838
0x00007fcdbb5d2840:   00007fcddb02bbe7 00007fcdbb5d2890 

Instructions: (pc=0x00007fcdb9483a2a)
0x00007fcdb9483a0a:   56 18 4c 8b 4e 30 48 39 d6 0f 84 ef 03 00 00 48
0x00007fcdb9483a1a:   8b 4e 10 48 3b 0d b4 38 20 00 0f 82 26 fe ff ff
0x00007fcdb9483a2a:   48 89 51 18 48 89 4a 10 4d 85 c9 0f 84 55 03 00
0x00007fcdb9483a3a:   00 48 8b 4e 38 48 8d 79 4a 48 3b 34 fb 0f 84 b3 

Register to memory mapping:

RAX=0x0000000000000f80 is an unknown value
RBX=0x00007fcdb96872c0: <offset 0x2082c0> in /usr/lib/libffi.so.6 at 0x00007fcdb947f000
RCX=0x0000000000000000 is an unknown value
RDX=0x0000000000000000 is an unknown value
RSP=0x00007fcdbb5d2650 is pointing into the stack for thread: 0x00007fcdec271000
RBP=0x00007fcdf2dc7038 is an unknown value
RSI=0x00007fcdf2dc7070 is an unknown value
RDI=0x0000000000000001 is an unknown value
R8 =0x0000000000000000 is an unknown value
R9 =0x0000000000000000 is an unknown value
R10=0x000000000000003c is an unknown value
R11=0x00007fcdb9483590: ffi_closure_free+0 in /usr/lib/libffi.so.6 at 0x00007fcdb947f000
R12=0x00007fcdf2dc7048 is an unknown value
R13={method} {0x00007fcddb1ac938} 'nffi_closure_free' '(J)V' in 'org/lwjgl/system/libffi/LibFFI'
R14=0x00007fcdbb5d2728 is pointing into the stack for thread: 0x00007fcdec271000
R15=0x00007fcdec271000 is a thread


Stack: [0x00007fcdbb4d3000,0x00007fcdbb5d4000],  sp=0x00007fcdbb5d2650,  free space=1021k
Native frames: (J=compiled Java code, j=interpreted, Vv=VM code, C=native code)
C  [libffi.so.6+0x4a2a]  ffi_closure_free+0x49a

Java frames: (J=compiled Java code, j=interpreted, Vv=VM code)
j  org.lwjgl.system.libffi.LibFFI.nffi_closure_free(J)V+0
j  org.lwjgl.system.libffi.Closure.destroy()V+35
j  org.lwjgl.system.Retainable$Default.release()V+38
j  myutils.gui.opengl.AbstractOpenGLApplication.end()V+7
j  myutils.gui.opengl.AbstractOpenGLApplication.run()V+15
j  edu.hkcc.pacmanrobot.controller.gamecontroller.MiniMap.run()V+27
v  ~StubRoutines::call_stub

---------------  P R O C E S S  ---------------

Java Threads: ( => current thread )
  0x00007fcd74004000 JavaThread "Thread-3" [_thread_blocked, id=2924, stack(0x00007fcdb8a58000,0x00007fcdb8b59000)]
  0x00007fcd74002000 JavaThread "Thread-2" [_thread_in_native, id=2923, stack(0x00007fcdb8957000,0x00007fcdb8a58000)]
  0x00007fcdec00a000 JavaThread "DestroyJavaVM" [_thread_blocked, id=2865, stack(0x00007fcdf2cc2000,0x00007fcdf2dc3000)]
=>0x00007fcdec271000 JavaThread "Thread-0" [_thread_in_native, id=2916, stack(0x00007fcdbb4d3000,0x00007fcdbb5d4000)]
  0x00007fcdec262000 JavaThread "Monitor Ctrl-Break" daemon [_thread_in_native, id=2904, stack(0x00007fcdc3e57000,0x00007fcdc3f58000)]
  0x00007fcdec0d2000 JavaThread "Service Thread" daemon [_thread_blocked, id=2902, stack(0x00007fcdd82e0000,0x00007fcdd83e1000)]
  0x00007fcdec0ba800 JavaThread "C1 CompilerThread3" daemon [_thread_blocked, id=2901, stack(0x00007fcdd83e1000,0x00007fcdd84e2000)]
  0x00007fcdec0b8800 JavaThread "C2 CompilerThread2" daemon [_thread_blocked, id=2900, stack(0x00007fcdd84e2000,0x00007fcdd85e3000)]
  0x00007fcdec0b6800 JavaThread "C2 CompilerThread1" daemon [_thread_blocked, id=2899, stack(0x00007fcdd85e3000,0x00007fcdd86e4000)]
  0x00007fcdec0b3800 JavaThread "C2 CompilerThread0" daemon [_thread_blocked, id=2898, stack(0x00007fcdd86e4000,0x00007fcdd87e5000)]
  0x00007fcdec0b1800 JavaThread "Signal Dispatcher" daemon [_thread_blocked, id=2897, stack(0x00007fcdd87e5000,0x00007fcdd88e6000)]
  0x00007fcdec084800 JavaThread "Finalizer" daemon [_thread_blocked, id=2889, stack(0x00007fcdd8aab000,0x00007fcdd8bac000)]
  0x00007fcdec082800 JavaThread "Reference Handler" daemon [_thread_blocked, id=2888, stack(0x00007fcdd8bac000,0x00007fcdd8cad000)]

Other Threads:
  0x00007fcdec07b800 VMThread [stack: 0x00007fcdd8cad000,0x00007fcdd8dae000] [id=2885]
  0x00007fcdec0d4800 WatcherThread [stack: 0x00007fcdd81df000,0x00007fcdd82e0000] [id=2903]

VM state:not at safepoint (normal execution)

VM Mutex/Monitor currently owned by a thread: None

Heap:
 PSYoungGen      total 75264K, used 34894K [0x000000076c980000, 0x0000000771d80000, 0x00000007c0000000)
  eden space 64512K, 54% used [0x000000076c980000,0x000000076eb93a28,0x0000000770880000)
  from space 10752K, 0% used [0x0000000771300000,0x0000000771300000,0x0000000771d80000)
  to   space 10752K, 0% used [0x0000000770880000,0x0000000770880000,0x0000000771300000)
 ParOldGen       total 172032K, used 0K [0x00000006c5c00000, 0x00000006d0400000, 0x000000076c980000)
  object space 172032K, 0% used [0x00000006c5c00000,0x00000006c5c00000,0x00000006d0400000)
 Metaspace       used 10392K, capacity 10534K, committed 10624K, reserved 1058816K
  class space    used 1088K, capacity 1113K, committed 1152K, reserved 1048576K

Card table byte_map: [0x00007fcddc82d000,0x00007fcddd000000] byte_map_base: 0x00007fcdd91ff000

Marking Bits: (ParMarkBitMap*) 0x00007fcdf21f82c0
 Begin Bits: [0x00007fcda42e0000, 0x00007fcda8170000)
 End Bits:   [0x00007fcda8170000, 0x00007fcdac000000)

Polling page: 0x00007fcdf2e1b000

CodeCache: size=245760Kb used=2662Kb max_used=2674Kb free=243097Kb
 bounds [0x00007fcddd000000, 0x00007fcddd2a0000, 0x00007fcdec000000]
 total_blobs=1073 nmethods=523 adapters=465
 compilation: enabled

Compilation events (10 events):
Event: 6.256 Thread 0x00007fcdec0b8800  520       4       sun.reflect.ByteVectorImpl::add (38 bytes)
Event: 6.256 Thread 0x00007fcdec0ba800 nmethod 519 0x00007fcddd297c90 code [0x00007fcddd297e80, 0x00007fcddd298748]
Event: 6.256 Thread 0x00007fcdec0ba800  518       3       sun.reflect.UTF8::utf8Length (81 bytes)
Event: 6.256 Thread 0x00007fcdec0b6800 nmethod 516 0x00007fcddd29ba50 code [0x00007fcddd29bbc0, 0x00007fcddd29bd08]
Event: 6.257 Thread 0x00007fcdec0ba800 nmethod 518 0x00007fcddd29afd0 code [0x00007fcddd29b180, 0x00007fcddd29b7a8]
Event: 6.257 Thread 0x00007fcdec0b8800 nmethod 520 0x00007fcddd291e10 code [0x00007fcddd291f60, 0x00007fcddd292068]
Event: 6.257 Thread 0x00007fcdec0b3800  521       4       java.lang.StringBuilder::append (8 bytes)
Event: 6.258 Thread 0x00007fcdec0ba800  522       1       java.net.AbstractPlainSocketImpl::getTimeout (5 bytes)
Event: 6.258 Thread 0x00007fcdec0ba800 nmethod 522 0x00007fcddd29d3d0 code [0x00007fcddd29d520, 0x00007fcddd29d630]
Event: 6.261 Thread 0x00007fcdec0b3800 nmethod 521 0x00007fcddd299190 code [0x00007fcddd299300, 0x00007fcddd299718]

GC Heap History (0 events):
No events

Deoptimization events (1 events):
Event: 6.076 Thread 0x00007fcdec271000 Uncommon trap: reason=unreached action=reinterpret pc=0x00007fcddd202694 method=sun.misc.URLClassPath$JarLoader.ensureOpen()V @ 4

Internal exceptions (10 events):
Event: 6.239 Thread 0x00007fcd74002000 Exception <a 'java/security/PrivilegedActionException'> (0x000000076eaa7730) thrown at [/HUDSON/workspace/8-2-build-linux-amd64/jdk8u25/1514/hotspot/src/share/vm/prims/jvm.cpp, line 1312]
Event: 6.242 Thread 0x00007fcd74002000 Exception <a 'java/security/PrivilegedActionException'> (0x000000076eab2ed0) thrown at [/HUDSON/workspace/8-2-build-linux-amd64/jdk8u25/1514/hotspot/src/share/vm/prims/jvm.cpp, line 1312]
Event: 6.242 Thread 0x00007fcd74002000 Exception <a 'java/security/PrivilegedActionException'> (0x000000076eab7760) thrown at [/HUDSON/workspace/8-2-build-linux-amd64/jdk8u25/1514/hotspot/src/share/vm/prims/jvm.cpp, line 1312]
Event: 6.243 Thread 0x00007fcd74002000 Exception <a 'java/security/PrivilegedActionException'> (0x000000076eae2db8) thrown at [/HUDSON/workspace/8-2-build-linux-amd64/jdk8u25/1514/hotspot/src/share/vm/prims/jvm.cpp, line 1312]
Event: 6.243 Thread 0x00007fcd74002000 Exception <a 'java/security/PrivilegedActionException'> (0x000000076eae7c08) thrown at [/HUDSON/workspace/8-2-build-linux-amd64/jdk8u25/1514/hotspot/src/share/vm/prims/jvm.cpp, line 1312]
Event: 6.244 Thread 0x00007fcd74002000 Exception <a 'java/security/PrivilegedActionException'> (0x000000076eaf56d8) thrown at [/HUDSON/workspace/8-2-build-linux-amd64/jdk8u25/1514/hotspot/src/share/vm/prims/jvm.cpp, line 1312]
Event: 6.245 Thread 0x00007fcd74002000 Exception <a 'java/lang/NoSuchMethodError': <clinit>> (0x000000076eafcb00) thrown at [/HUDSON/workspace/8-2-build-linux-amd64/jdk8u25/1514/hotspot/src/share/vm/prims/jni.cpp, line 1603]
Event: 6.259 Thread 0x00007fcd74002000 Exception <a 'java/security/PrivilegedActionException'> (0x000000076eb5e160) thrown at [/HUDSON/workspace/8-2-build-linux-amd64/jdk8u25/1514/hotspot/src/share/vm/prims/jvm.cpp, line 1312]
Event: 6.275 Thread 0x00007fcdec271000 Exception <a 'java/security/PrivilegedActionException'> (0x000000076e990e28) thrown at [/HUDSON/workspace/8-2-build-linux-amd64/jdk8u25/1514/hotspot/src/share/vm/prims/jvm.cpp, line 1312]
Event: 6.276 Thread 0x00007fcdec271000 Exception <a 'java/security/PrivilegedActionException'> (0x000000076e9947a8) thrown at [/HUDSON/workspace/8-2-build-linux-amd64/jdk8u25/1514/hotspot/src/share/vm/prims/jvm.cpp, line 1312]

Events (10 events):
Event: 6.255 loading class java/util/concurrent/locks/ReentrantLock$NonfairSync
Event: 6.255 loading class java/util/concurrent/locks/ReentrantLock$NonfairSync done
Event: 6.256 loading class java/util/concurrent/locks/AbstractQueuedSynchronizer$ConditionObject
Event: 6.256 loading class java/util/concurrent/locks/AbstractQueuedSynchronizer$ConditionObject done
Event: 6.259 loading class edu/hkcc/pacmanrobot/utils/map/ObstacleMap$$anon$1
Event: 6.259 loading class edu/hkcc/pacmanrobot/utils/map/ObstacleMap$$anon$1 done
Event: 6.275 loading class edu/hkcc/pacmanrobot/utils/Utils$
Event: 6.275 loading class edu/hkcc/pacmanrobot/utils/Utils$ done
Event: 6.276 loading class edu/hkcc/pacmanrobot/utils/Point2D
Event: 6.276 loading class edu/hkcc/pacmanrobot/utils/Point2D done


Dynamic libraries:
00400000-00401000 r-xp 00000000 fe:00 3950470                            /usr/lib/jvm/java-8-jdk/jre/bin/java
00600000-00601000 rw-p 00000000 fe:00 3950470                            /usr/lib/jvm/java-8-jdk/jre/bin/java
011be000-011df000 rw-p 00000000 00:00 0                                  [heap]
6c5c00000-6d0400000 rw-p 00000000 00:00 0 
6d0400000-76c980000 ---p 00000000 00:00 0 
76c980000-771d80000 rw-p 00000000 00:00 0 
771d80000-7c0000000 ---p 00000000 00:00 0 
7c0000000-7c0120000 rw-p 00000000 00:00 0 
7c0120000-800000000 ---p 00000000 00:00 0 
7fcd68000000-7fcd68021000 rw-p 00000000 00:00 0 
7fcd68021000-7fcd6c000000 ---p 00000000 00:00 0 
7fcd6c000000-7fcd6c043000 rw-p 00000000 00:00 0 
7fcd6c043000-7fcd70000000 ---p 00000000 00:00 0 
7fcd70000000-7fcd70371000 rw-p 00000000 00:00 0 
7fcd70371000-7fcd74000000 ---p 00000000 00:00 0 
7fcd74000000-7fcd74021000 rw-p 00000000 00:00 0 
7fcd74021000-7fcd78000000 ---p 00000000 00:00 0 
7fcd78000000-7fcd78021000 rw-p 00000000 00:00 0 
7fcd78021000-7fcd7c000000 ---p 00000000 00:00 0 
7fcd7c000000-7fcd7c03e000 rw-p 00000000 00:00 0 
7fcd7c03e000-7fcd80000000 ---p 00000000 00:00 0 
7fcd80000000-7fcd80243000 rw-p 00000000 00:00 0 
7fcd80243000-7fcd84000000 ---p 00000000 00:00 0 
7fcd84000000-7fcd84021000 rw-p 00000000 00:00 0 
7fcd84021000-7fcd88000000 ---p 00000000 00:00 0 
7fcd88000000-7fcd883ab000 rw-p 00000000 00:00 0 
7fcd883ab000-7fcd8c000000 ---p 00000000 00:00 0 
7fcd8c000000-7fcd8c277000 rw-p 00000000 00:00 0 
7fcd8c277000-7fcd90000000 ---p 00000000 00:00 0 
7fcd90000000-7fcd90021000 rw-p 00000000 00:00 0 
7fcd90021000-7fcd94000000 ---p 00000000 00:00 0 
7fcd94000000-7fcd94282000 rw-p 00000000 00:00 0 
7fcd94282000-7fcd98000000 ---p 00000000 00:00 0 
7fcd98000000-7fcd98021000 rw-p 00000000 00:00 0 
7fcd98021000-7fcd9c000000 ---p 00000000 00:00 0 
7fcd9c000000-7fcd9c021000 rw-p 00000000 00:00 0 
7fcd9c021000-7fcda0000000 ---p 00000000 00:00 0 
7fcda0000000-7fcda0021000 rw-p 00000000 00:00 0 
7fcda0021000-7fcda4000000 ---p 00000000 00:00 0 
7fcda42e0000-7fcdac000000 rw-p 00000000 00:00 0 
7fcdac000000-7fcdac021000 rw-p 00000000 00:00 0 
7fcdac021000-7fcdb0000000 ---p 00000000 00:00 0 
7fcdb1dbb000-7fcdb3bb5000 r-xp 00000000 fe:00 2689109                    /usr/lib/libLLVM-3.6.so
7fcdb3bb5000-7fcdb3db4000 ---p 01dfa000 fe:00 2689109                    /usr/lib/libLLVM-3.6.so
7fcdb3db4000-7fcdb3fd0000 r--p 01df9000 fe:00 2689109                    /usr/lib/libLLVM-3.6.so
7fcdb3fd0000-7fcdb3fea000 rw-p 02015000 fe:00 2689109                    /usr/lib/libLLVM-3.6.so
7fcdb3fea000-7fcdb4000000 rw-p 00000000 00:00 0 
7fcdb4000000-7fcdb4021000 rw-p 00000000 00:00 0 
7fcdb4021000-7fcdb8000000 ---p 00000000 00:00 0 
7fcdb8957000-7fcdb895a000 ---p 00000000 00:00 0 
7fcdb895a000-7fcdb8a58000 rw-p 00000000 00:00 0                          [stack:2923]
7fcdb8a58000-7fcdb8a5b000 ---p 00000000 00:00 0 
7fcdb8a5b000-7fcdb8c99000 rw-p 00000000 00:00 0                          [stack:2924]
7fcdb8c99000-7fcdb8d59000 ---p 00000000 00:00 0 
7fcdb8dd9000-7fcdb8ddd000 r-xp 00000000 fe:00 2630949                    /usr/lib/libtxc_dxtn.so
7fcdb8ddd000-7fcdb8fdc000 ---p 00004000 fe:00 2630949                    /usr/lib/libtxc_dxtn.so
7fcdb8fdc000-7fcdb8fdd000 r--p 00003000 fe:00 2630949                    /usr/lib/libtxc_dxtn.so
7fcdb8fdd000-7fcdb8fde000 rw-p 00004000 fe:00 2630949                    /usr/lib/libtxc_dxtn.so
7fcdb8fde000-7fcdb903d000 r-xp 00000000 fe:00 2625020                    /usr/lib/libncursesw.so.5.9
7fcdb903d000-7fcdb923d000 ---p 0005f000 fe:00 2625020                    /usr/lib/libncursesw.so.5.9
7fcdb923d000-7fcdb9241000 r--p 0005f000 fe:00 2625020                    /usr/lib/libncursesw.so.5.9
7fcdb9241000-7fcdb9243000 rw-p 00063000 fe:00 2625020                    /usr/lib/libncursesw.so.5.9
7fcdb9243000-7fcdb9279000 r-xp 00000000 fe:00 2655999                    /usr/lib/libedit.so.0.0.52
7fcdb9279000-7fcdb9478000 ---p 00036000 fe:00 2655999                    /usr/lib/libedit.so.0.0.52
7fcdb9478000-7fcdb947a000 r--p 00035000 fe:00 2655999                    /usr/lib/libedit.so.0.0.52
7fcdb947a000-7fcdb947b000 rw-p 00037000 fe:00 2655999                    /usr/lib/libedit.so.0.0.52
7fcdb947b000-7fcdb947f000 rw-p 00000000 00:00 0 
7fcdb947f000-7fcdb9487000 r-xp 00000000 fe:00 2632155                    /usr/lib/libffi.so.6.0.4
7fcdb9487000-7fcdb9686000 ---p 00008000 fe:00 2632155                    /usr/lib/libffi.so.6.0.4
7fcdb9686000-7fcdb9687000 r--p 00007000 fe:00 2632155                    /usr/lib/libffi.so.6.0.4
7fcdb9687000-7fcdb9688000 rw-p 00008000 fe:00 2632155                    /usr/lib/libffi.so.6.0.4
7fcdb9688000-7fcdb969d000 r-xp 00000000 fe:00 2627701                    /usr/lib/libz.so.1.2.8
7fcdb969d000-7fcdb989c000 ---p 00015000 fe:00 2627701                    /usr/lib/libz.so.1.2.8
7fcdb989c000-7fcdb989d000 r--p 00014000 fe:00 2627701                    /usr/lib/libz.so.1.2.8
7fcdb989d000-7fcdb989e000 rw-p 00015000 fe:00 2627701                    /usr/lib/libz.so.1.2.8
7fcdb989e000-7fcdb98a6000 r-xp 00000000 fe:00 2645324                    /usr/lib/libpciaccess.so.0.11.1
7fcdb98a6000-7fcdb9aa6000 ---p 00008000 fe:00 2645324                    /usr/lib/libpciaccess.so.0.11.1
7fcdb9aa6000-7fcdb9aa7000 r--p 00008000 fe:00 2645324                    /usr/lib/libpciaccess.so.0.11.1
7fcdb9aa7000-7fcdb9aa8000 rw-p 00009000 fe:00 2645324                    /usr/lib/libpciaccess.so.0.11.1
7fcdb9aa8000-7fcdb9abe000 r-xp 00000000 fe:00 2624967                    /usr/lib/libgcc_s.so.1
7fcdb9abe000-7fcdb9cbd000 ---p 00016000 fe:00 2624967                    /usr/lib/libgcc_s.so.1
7fcdb9cbd000-7fcdb9cbe000 rw-p 00015000 fe:00 2624967                    /usr/lib/libgcc_s.so.1
7fcdb9cbe000-7fcdb9dae000 r-xp 00000000 fe:00 2624974                    /usr/lib/libstdc++.so.6.0.20
7fcdb9dae000-7fcdb9fae000 ---p 000f0000 fe:00 2624974                    /usr/lib/libstdc++.so.6.0.20
7fcdb9fae000-7fcdb9fb6000 r--p 000f0000 fe:00 2624974                    /usr/lib/libstdc++.so.6.0.20
7fcdb9fb6000-7fcdb9fb8000 rw-p 000f8000 fe:00 2624974                    /usr/lib/libstdc++.so.6.0.20
7fcdb9fb8000-7fcdb9fcd000 rw-p 00000000 00:00 0 
7fcdb9fcd000-7fcdb9fe2000 r-xp 00000000 fe:00 2645555                    /usr/lib/libelf-0.161.so
7fcdb9fe2000-7fcdba1e2000 ---p 00015000 fe:00 2645555                    /usr/lib/libelf-0.161.so
7fcdba1e2000-7fcdba1e4000 r--p 00015000 fe:00 2645555                    /usr/lib/libelf-0.161.so
7fcdba1e4000-7fcdba1e5000 rw-p 00017000 fe:00 2645555                    /usr/lib/libelf-0.161.so
7fcdba1e5000-7fcdba1f1000 r-xp 00000000 fe:00 2645372                    /usr/lib/libdrm_radeon.so.1.0.1
7fcdba1f1000-7fcdba3f0000 ---p 0000c000 fe:00 2645372                    /usr/lib/libdrm_radeon.so.1.0.1
7fcdba3f0000-7fcdba3f1000 r--p 0000b000 fe:00 2645372                    /usr/lib/libdrm_radeon.so.1.0.1
7fcdba3f1000-7fcdba3f2000 rw-p 0000c000 fe:00 2645372                    /usr/lib/libdrm_radeon.so.1.0.1
7fcdba3f2000-7fcdba413000 r-xp 00000000 fe:00 2645370                    /usr/lib/libdrm_intel.so.1.0.0
7fcdba413000-7fcdba612000 ---p 00021000 fe:00 2645370                    /usr/lib/libdrm_intel.so.1.0.0
7fcdba612000-7fcdba613000 r--p 00020000 fe:00 2645370                    /usr/lib/libdrm_intel.so.1.0.0
7fcdba613000-7fcdba614000 rw-p 00021000 fe:00 2645370                    /usr/lib/libdrm_intel.so.1.0.0
7fcdba614000-7fcdba61a000 r-xp 00000000 fe:00 2645371                    /usr/lib/libdrm_nouveau.so.2.0.0
7fcdba61a000-7fcdba819000 ---p 00006000 fe:00 2645371                    /usr/lib/libdrm_nouveau.so.2.0.0
7fcdba819000-7fcdba81a000 r--p 00005000 fe:00 2645371                    /usr/lib/libdrm_nouveau.so.2.0.0
7fcdba81a000-7fcdba81b000 rw-p 00006000 fe:00 2645371                    /usr/lib/libdrm_nouveau.so.2.0.0
7fcdba81b000-7fcdbaf8b000 r-xp 00000000 fe:00 3301865                    /usr/lib/xorg/modules/dri/nouveau_dri.so
7fcdbaf8b000-7fcdbb18a000 ---p 00770000 fe:00 3301865                    /usr/lib/xorg/modules/dri/nouveau_dri.so
7fcdbb18a000-7fcdbb1e1000 r--p 0076f000 fe:00 3301865                    /usr/lib/xorg/modules/dri/nouveau_dri.so
7fcdbb1e1000-7fcdbb1ed000 rw-p 007c6000 fe:00 3301865                    /usr/lib/xorg/modules/dri/nouveau_dri.so
7fcdbb1ed000-7fcdbb3d2000 rw-p 00000000 00:00 0 
7fcdbb3d2000-7fcdbb3d5000 ---p 00000000 00:00 0 
7fcdbb3d5000-7fcdbb4d3000 rw-p 00000000 00:00 0 
7fcdbb4d3000-7fcdbb4d6000 ---p 00000000 00:00 0 
7fcdbb4d6000-7fcdbb5d4000 rw-p 00000000 00:00 0                          [stack:2916]
7fcdbb5d4000-7fcdbb5d8000 r-xp 00000000 fe:00 2631613                    /usr/lib/libattr.so.1.1.0
7fcdbb5d8000-7fcdbb7d7000 ---p 00004000 fe:00 2631613                    /usr/lib/libattr.so.1.1.0
7fcdbb7d7000-7fcdbb7d8000 r--p 00003000 fe:00 2631613                    /usr/lib/libattr.so.1.1.0
7fcdbb7d8000-7fcdbb7d9000 rw-p 00004000 fe:00 2631613                    /usr/lib/libattr.so.1.1.0
7fcdbb7d9000-7fcdbb7dd000 r-xp 00000000 fe:00 2631742                    /usr/lib/libcap.so.2.24
7fcdbb7dd000-7fcdbb9dc000 ---p 00004000 fe:00 2631742                    /usr/lib/libcap.so.2.24
7fcdbb9dc000-7fcdbb9dd000 rw-p 00003000 fe:00 2631742                    /usr/lib/libcap.so.2.24
7fcdbb9dd000-7fcdbb9f1000 r-xp 00000000 fe:00 2624622                    /usr/lib/libresolv-2.21.so
7fcdbb9f1000-7fcdbbbf0000 ---p 00014000 fe:00 2624622                    /usr/lib/libresolv-2.21.so
7fcdbbbf0000-7fcdbbbf1000 r--p 00013000 fe:00 2624622                    /usr/lib/libresolv-2.21.so
7fcdbbbf1000-7fcdbbbf2000 rw-p 00014000 fe:00 2624622                    /usr/lib/libresolv-2.21.so
7fcdbbbf2000-7fcdbbbf4000 rw-p 00000000 00:00 0 
7fcdbbbf4000-7fcdbbbf9000 r-xp 00000000 fe:00 2624684                    /usr/lib/libnss_dns-2.21.so
7fcdbbbf9000-7fcdbbdf8000 ---p 00005000 fe:00 2624684                    /usr/lib/libnss_dns-2.21.so
7fcdbbdf8000-7fcdbbdf9000 r--p 00004000 fe:00 2624684                    /usr/lib/libnss_dns-2.21.so
7fcdbbdf9000-7fcdbbdfa000 rw-p 00005000 fe:00 2624684                    /usr/lib/libnss_dns-2.21.so
7fcdbbdfa000-7fcdbbdff000 r-xp 00000000 fe:00 2627693                    /usr/lib/libXdmcp.so.6.0.0
7fcdbbdff000-7fcdbbffe000 ---p 00005000 fe:00 2627693                    /usr/lib/libXdmcp.so.6.0.0
7fcdbbffe000-7fcdbbfff000 r--p 00004000 fe:00 2627693                    /usr/lib/libXdmcp.so.6.0.0
7fcdbbfff000-7fcdbc000000 rw-p 00005000 fe:00 2627693                    /usr/lib/libXdmcp.so.6.0.0
7fcdbc000000-7fcdbc021000 rw-p 00000000 00:00 0 
7fcdbc021000-7fcdc0000000 ---p 00000000 00:00 0 
7fcdc0068000-7fcdc006a000 r-xp 00000000 fe:00 2640834                    /usr/lib/libXau.so.6.0.0
7fcdc006a000-7fcdc026a000 ---p 00002000 fe:00 2640834                    /usr/lib/libXau.so.6.0.0
7fcdc026a000-7fcdc026b000 r--p 00002000 fe:00 2640834                    /usr/lib/libXau.so.6.0.0
7fcdc026b000-7fcdc026c000 rw-p 00003000 fe:00 2640834                    /usr/lib/libXau.so.6.0.0
7fcdc026c000-7fcdc0275000 r-xp 00000000 fe:00 2645497                    /usr/lib/libXrender.so.1.3.0
7fcdc0275000-7fcdc0474000 ---p 00009000 fe:00 2645497                    /usr/lib/libXrender.so.1.3.0
7fcdc0474000-7fcdc0475000 r--p 00008000 fe:00 2645497                    /usr/lib/libXrender.so.1.3.0
7fcdc0475000-7fcdc0476000 rw-p 00009000 fe:00 2645497                    /usr/lib/libXrender.so.1.3.0
7fcdc0476000-7fcdc0482000 r-xp 00000000 fe:00 2645368                    /usr/lib/libdrm.so.2.4.0
7fcdc0482000-7fcdc0681000 ---p 0000c000 fe:00 2645368                    /usr/lib/libdrm.so.2.4.0
7fcdc0681000-7fcdc0682000 r--p 0000b000 fe:00 2645368                    /usr/lib/libdrm.so.2.4.0
7fcdc0682000-7fcdc0683000 rw-p 0000c000 fe:00 2645368                    /usr/lib/libdrm.so.2.4.0
7fcdc0683000-7fcdc0684000 r-xp 00000000 fe:00 2645518                    /usr/lib/libxshmfence.so.1.0.0
7fcdc0684000-7fcdc0884000 ---p 00001000 fe:00 2645518                    /usr/lib/libxshmfence.so.1.0.0
7fcdc0884000-7fcdc0885000 r--p 00001000 fe:00 2645518                    /usr/lib/libxshmfence.so.1.0.0
7fcdc0885000-7fcdc0886000 rw-p 00002000 fe:00 2645518                    /usr/lib/libxshmfence.so.1.0.0
7fcdc0886000-7fcdc088b000 r-xp 00000000 fe:00 2643171                    /usr/lib/libxcb-sync.so.1.0.0
7fcdc088b000-7fcdc0a8b000 ---p 00005000 fe:00 2643171                    /usr/lib/libxcb-sync.so.1.0.0
7fcdc0a8b000-7fcdc0a8c000 r--p 00005000 fe:00 2643171                    /usr/lib/libxcb-sync.so.1.0.0
7fcdc0a8c000-7fcdc0a8d000 rw-p 00006000 fe:00 2643171                    /usr/lib/libxcb-sync.so.1.0.0
7fcdc0a8d000-7fcdc0a90000 r-xp 00000000 fe:00 2643140                    /usr/lib/libxcb-shape.so.0.0.0
7fcdc0a90000-7fcdc0c8f000 ---p 00003000 fe:00 2643140                    /usr/lib/libxcb-shape.so.0.0.0
7fcdc0c8f000-7fcdc0c90000 r--p 00002000 fe:00 2643140                    /usr/lib/libxcb-shape.so.0.0.0
7fcdc0c90000-7fcdc0c91000 rw-p 00003000 fe:00 2643140                    /usr/lib/libxcb-shape.so.0.0.0
7fcdc0c91000-7fcdc0c9a000 r-xp 00000000 fe:00 2643125                    /usr/lib/libxcb-render.so.0.0.0
7fcdc0c9a000-7fcdc0e99000 ---p 00009000 fe:00 2643125                    /usr/lib/libxcb-render.so.0.0.0
7fcdc0e99000-7fcdc0e9a000 r--p 00008000 fe:00 2643125                    /usr/lib/libxcb-render.so.0.0.0
7fcdc0e9a000-7fcdc0e9b000 rw-p 00009000 fe:00 2643125                    /usr/lib/libxcb-render.so.0.0.0
7fcdc0e9b000-7fcdc0ea1000 r-xp 00000000 fe:00 2643122                    /usr/lib/libxcb-xfixes.so.0.0.0
7fcdc0ea1000-7fcdc10a1000 ---p 00006000 fe:00 2643122                    /usr/lib/libxcb-xfixes.so.0.0.0
7fcdc10a1000-7fcdc10a2000 r--p 00006000 fe:00 2643122                    /usr/lib/libxcb-xfixes.so.0.0.0
7fcdc10a2000-7fcdc10a3000 rw-p 00007000 fe:00 2643122                    /usr/lib/libxcb-xfixes.so.0.0.0
7fcdc10a3000-7fcdc10b0000 r-xp 00000000 fe:00 2643179                    /usr/lib/libxcb-randr.so.0.1.0
7fcdc10b0000-7fcdc12af000 ---p 0000d000 fe:00 2643179                    /usr/lib/libxcb-randr.so.0.1.0
7fcdc12af000-7fcdc12b0000 r--p 0000c000 fe:00 2643179                    /usr/lib/libxcb-randr.so.0.1.0
7fcdc12b0000-7fcdc12b1000 rw-p 0000d000 fe:00 2643179                    /usr/lib/libxcb-randr.so.0.1.0
7fcdc12b1000-7fcdc12b3000 r-xp 00000000 fe:00 2643158                    /usr/lib/libxcb-present.so.0.0.0
7fcdc12b3000-7fcdc14b2000 ---p 00002000 fe:00 2643158                    /usr/lib/libxcb-present.so.0.0.0
7fcdc14b2000-7fcdc14b3000 r--p 00001000 fe:00 2643158                    /usr/lib/libxcb-present.so.0.0.0
7fcdc14b3000-7fcdc14b4000 rw-p 00002000 fe:00 2643158                    /usr/lib/libxcb-present.so.0.0.0
7fcdc14b4000-7fcdc14b6000 r-xp 00000000 fe:00 2643130                    /usr/lib/libxcb-dri3.so.0.0.0
7fcdc14b6000-7fcdc16b5000 ---p 00002000 fe:00 2643130                    /usr/lib/libxcb-dri3.so.0.0.0
7fcdc16b5000-7fcdc16b6000 r--p 00001000 fe:00 2643130                    /usr/lib/libxcb-dri3.so.0.0.0
7fcdc16b6000-7fcdc16b7000 rw-p 00002000 fe:00 2643130                    /usr/lib/libxcb-dri3.so.0.0.0
7fcdc16b7000-7fcdc16bb000 r-xp 00000000 fe:00 2643155                    /usr/lib/libxcb-dri2.so.0.0.0
7fcdc16bb000-7fcdc18ba000 ---p 00004000 fe:00 2643155                    /usr/lib/libxcb-dri2.so.0.0.0
7fcdc18ba000-7fcdc18bb000 r--p 00003000 fe:00 2643155                    /usr/lib/libxcb-dri2.so.0.0.0
7fcdc18bb000-7fcdc18bc000 rw-p 00004000 fe:00 2643155                    /usr/lib/libxcb-dri2.so.0.0.0
7fcdc18bc000-7fcdc18d3000 r-xp 00000000 fe:00 2643129                    /usr/lib/libxcb-glx.so.0.0.0
7fcdc18d3000-7fcdc1ad3000 ---p 00017000 fe:00 2643129                    /usr/lib/libxcb-glx.so.0.0.0
7fcdc1ad3000-7fcdc1ad5000 r--p 00017000 fe:00 2643129                    /usr/lib/libxcb-glx.so.0.0.0
7fcdc1ad5000-7fcdc1ad6000 rw-p 00019000 fe:00 2643129                    /usr/lib/libxcb-glx.so.0.0.0
7fcdc1ad6000-7fcdc1ad7000 r-xp 00000000 fe:00 2643225                    /usr/lib/libX11-xcb.so.1.0.0
7fcdc1ad7000-7fcdc1cd6000 ---p 00001000 fe:00 2643225                    /usr/lib/libX11-xcb.so.1.0.0
7fcdc1cd6000-7fcdc1cd7000 r--p 00000000 fe:00 2643225                    /usr/lib/libX11-xcb.so.1.0.0
7fcdc1cd7000-7fcdc1cd8000 rw-p 00001000 fe:00 2643225                    /usr/lib/libX11-xcb.so.1.0.0
7fcdc1cd8000-7fcdc1cdd000 r-xp 00000000 fe:00 2644195                    /usr/lib/libXfixes.so.3.1.0
7fcdc1cdd000-7fcdc1edc000 ---p 00005000 fe:00 2644195                    /usr/lib/libXfixes.so.3.1.0
7fcdc1edc000-7fcdc1edd000 r--p 00004000 fe:00 2644195                    /usr/lib/libXfixes.so.3.1.0
7fcdc1edd000-7fcdc1ede000 rw-p 00005000 fe:00 2644195                    /usr/lib/libXfixes.so.3.1.0
7fcdc1ede000-7fcdc1ee0000 r-xp 00000000 fe:00 2645591                    /usr/lib/libXdamage.so.1.1.0
7fcdc1ee0000-7fcdc20df000 ---p 00002000 fe:00 2645591                    /usr/lib/libXdamage.so.1.1.0
7fcdc20df000-7fcdc20e0000 r--p 00001000 fe:00 2645591                    /usr/lib/libXdamage.so.1.1.0
7fcdc20e0000-7fcdc20e1000 rw-p 00002000 fe:00 2645591                    /usr/lib/libXdamage.so.1.1.0
7fcdc20e1000-7fcdc20f2000 r-xp 00000000 fe:00 2644111                    /usr/lib/libXext.so.6.4.0
7fcdc20f2000-7fcdc22f1000 ---p 00011000 fe:00 2644111                    /usr/lib/libXext.so.6.4.0
7fcdc22f1000-7fcdc22f2000 r--p 00010000 fe:00 2644111                    /usr/lib/libXext.so.6.4.0
7fcdc22f2000-7fcdc22f3000 rw-p 00011000 fe:00 2644111                    /usr/lib/libXext.so.6.4.0
7fcdc22f3000-7fcdc2319000 r-xp 00000000 fe:00 2649644                    /usr/lib/libglapi.so.0.0.0
7fcdc2319000-7fcdc2519000 ---p 00026000 fe:00 2649644                    /usr/lib/libglapi.so.0.0.0
7fcdc2519000-7fcdc251c000 r--p 00026000 fe:00 2649644                    /usr/lib/libglapi.so.0.0.0
7fcdc251c000-7fcdc251d000 rw-p 00029000 fe:00 2649644                    /usr/lib/libglapi.so.0.0.0
7fcdc251d000-7fcdc251e000 rw-p 00000000 00:00 0 
7fcdc251e000-7fcdc2545000 r-xp 00000000 fe:00 2631998                    /usr/lib/libexpat.so.1.6.0
7fcdc2545000-7fcdc2744000 ---p 00027000 fe:00 2631998                    /usr/lib/libexpat.so.1.6.0
7fcdc2744000-7fcdc2747000 r--p 00026000 fe:00 2631998                    /usr/lib/libexpat.so.1.6.0
7fcdc2747000-7fcdc2748000 rw-p 00029000 fe:00 2631998                    /usr/lib/libexpat.so.1.6.0
7fcdc2748000-7fcdc2769000 r-xp 00000000 fe:00 2643143                    /usr/lib/libxcb.so.1.1.0
7fcdc2769000-7fcdc2968000 ---p 00021000 fe:00 2643143                    /usr/lib/libxcb.so.1.1.0
7fcdc2968000-7fcdc2969000 r--p 00020000 fe:00 2643143                    /usr/lib/libxcb.so.1.1.0
7fcdc2969000-7fcdc296a000 rw-p 00021000 fe:00 2643143                    /usr/lib/libxcb.so.1.1.0
7fcdc296a000-7fcdc2974000 r-xp 00000000 fe:00 2645985                    /usr/lib/libXcursor.so.1.0.2
7fcdc2974000-7fcdc2b73000 ---p 0000a000 fe:00 2645985                    /usr/lib/libXcursor.so.1.0.2
7fcdc2b73000-7fcdc2b74000 r--p 00009000 fe:00 2645985                    /usr/lib/libXcursor.so.1.0.2
7fcdc2b74000-7fcdc2b75000 rw-p 0000a000 fe:00 2645985                    /usr/lib/libXcursor.so.1.0.2
7fcdc2b75000-7fcdc2b77000 r-xp 00000000 fe:00 2645987                    /usr/lib/libXinerama.so.1.0.0
7fcdc2b77000-7fcdc2d76000 ---p 00002000 fe:00 2645987                    /usr/lib/libXinerama.so.1.0.0
7fcdc2d76000-7fcdc2d77000 r--p 00001000 fe:00 2645987                    /usr/lib/libXinerama.so.1.0.0
7fcdc2d77000-7fcdc2d78000 rw-p 00002000 fe:00 2645987                    /usr/lib/libXinerama.so.1.0.0
7fcdc2d78000-7fcdc2d7d000 r-xp 00000000 fe:00 2645576                    /usr/lib/libXxf86vm.so.1.0.0
7fcdc2d7d000-7fcdc2f7c000 ---p 00005000 fe:00 2645576                    /usr/lib/libXxf86vm.so.1.0.0
7fcdc2f7c000-7fcdc2f7d000 r--p 00004000 fe:00 2645576                    /usr/lib/libXxf86vm.so.1.0.0
7fcdc2f7d000-7fcdc2f7e000 rw-p 00005000 fe:00 2645576                    /usr/lib/libXxf86vm.so.1.0.0
7fcdc2f7e000-7fcdc2f87000 r-xp 00000000 fe:00 2645997                    /usr/lib/libXrandr.so.2.2.0
7fcdc2f87000-7fcdc3186000 ---p 00009000 fe:00 2645997                    /usr/lib/libXrandr.so.2.2.0
7fcdc3186000-7fcdc3187000 r--p 00008000 fe:00 2645997                    /usr/lib/libXrandr.so.2.2.0
7fcdc3187000-7fcdc3188000 rw-p 00009000 fe:00 2645997                    /usr/lib/libXrandr.so.2.2.0
7fcdc3188000-7fcdc3197000 r-xp 00000000 fe:00 2644191                    /usr/lib/libXi.so.6.1.0
7fcdc3197000-7fcdc3397000 ---p 0000f000 fe:00 2644191                    /usr/lib/libXi.so.6.1.0
7fcdc3397000-7fcdc3398000 r--p 0000f000 fe:00 2644191                    /usr/lib/libXi.so.6.1.0
7fcdc3398000-7fcdc3399000 rw-p 00010000 fe:00 2644191                    /usr/lib/libXi.so.6.1.0
7fcdc3399000-7fcdc3431000 r-xp 00000000 fe:00 3297220                    /usr/lib/mesa/libGL.so.1.2.0
7fcdc3431000-7fcdc3630000 ---p 00098000 fe:00 3297220                    /usr/lib/mesa/libGL.so.1.2.0
7fcdc3630000-7fcdc3633000 r--p 00097000 fe:00 3297220                    /usr/lib/mesa/libGL.so.1.2.0
7fcdc3633000-7fcdc3634000 rw-p 0009a000 fe:00 3297220                    /usr/lib/mesa/libGL.so.1.2.0
7fcdc3634000-7fcdc3635000 rw-p 00000000 00:00 0 
7fcdc3635000-7fcdc3770000 r-xp 00000000 fe:00 2643224                    /usr/lib/libX11.so.6.3.0
7fcdc3770000-7fcdc396f000 ---p 0013b000 fe:00 2643224                    /usr/lib/libX11.so.6.3.0
7fcdc396f000-7fcdc3971000 r--p 0013a000 fe:00 2643224                    /usr/lib/libX11.so.6.3.0
7fcdc3971000-7fcdc3976000 rw-p 0013c000 fe:00 2643224                    /usr/lib/libX11.so.6.3.0
7fcdc3976000-7fcdc3977000 rw-p 00000000 00:00 0 
7fcdc39ac000-7fcdc39b0000 r--s 00093000 fe:00 3949442                    /usr/lib/jvm/java-8-jdk/jre/lib/jsse.jar
7fcdc39b0000-7fcdc39cc000 r--s 00393000 fe:00 3949466                    /usr/lib/jvm/java-8-jdk/jre/lib/ext/cldrdata.jar
7fcdc39cc000-7fcdc3a3e000 r-xp 00000000 fe:02 41551762                   /home/beenotung/git/workspace/hkcc-pacman-robot/lib/lwjgl3/native/linux/x64/liblwjgl.so
7fcdc3a3e000-7fcdc3c3d000 ---p 00072000 fe:02 41551762                   /home/beenotung/git/workspace/hkcc-pacman-robot/lib/lwjgl3/native/linux/x64/liblwjgl.so
7fcdc3c3d000-7fcdc3c3e000 r--p 00071000 fe:02 41551762                   /home/beenotung/git/workspace/hkcc-pacman-robot/lib/lwjgl3/native/linux/x64/liblwjgl.so
7fcdc3c3e000-7fcdc3c3f000 rw-p 00072000 fe:02 41551762                   /home/beenotung/git/workspace/hkcc-pacman-robot/lib/lwjgl3/native/linux/x64/liblwjgl.so
7fcdc3c3f000-7fcdc3c40000 rw-p 00000000 00:00 0 
7fcdc3c40000-7fcdc3c56000 r-xp 00000000 fe:00 4072527                    /usr/lib/jvm/java-8-jdk/jre/lib/amd64/libnet.so
7fcdc3c56000-7fcdc3e56000 ---p 00016000 fe:00 4072527                    /usr/lib/jvm/java-8-jdk/jre/lib/amd64/libnet.so
7fcdc3e56000-7fcdc3e57000 rw-p 00016000 fe:00 4072527                    /usr/lib/jvm/java-8-jdk/jre/lib/amd64/libnet.so
7fcdc3e57000-7fcdc3e5a000 ---p 00000000 00:00 0 
7fcdc3e5a000-7fcdc3f58000 rw-p 00000000 00:00 0                          [stack:2904]
7fcdc3f58000-7fcdc4000000 r--s 0090a000 fe:02 41551950                   /home/beenotung/git/workspace/hkcc-pacman-robot/lib/NeuroEvolution/NeuroEvolution.jar
7fcdc4000000-7fcdc4021000 rw-p 00000000 00:00 0 
7fcdc4021000-7fcdc8000000 ---p 00000000 00:00 0 
7fcdc8000000-7fcdc8021000 rw-p 00000000 00:00 0 
7fcdc8021000-7fcdcc000000 ---p 00000000 00:00 0 
7fcdcc000000-7fcdcc021000 rw-p 00000000 00:00 0 
7fcdcc021000-7fcdd0000000 ---p 00000000 00:00 0 
7fcdd0000000-7fcdd0021000 rw-p 00000000 00:00 0 
7fcdd0021000-7fcdd4000000 ---p 00000000 00:00 0 
7fcdd4000000-7fcdd4021000 rw-p 00000000 00:00 0 
7fcdd4021000-7fcdd8000000 ---p 00000000 00:00 0 
7fcdd8000000-7fcdd800a000 r--s 00116000 fe:00 3949472                    /usr/lib/jvm/java-8-jdk/jre/lib/ext/localedata.jar
7fcdd800a000-7fcdd801a000 r-xp 00000000 fe:00 2655815                    /usr/lib/libudev.so.1.6.2
7fcdd801a000-7fcdd801b000 r--p 0000f000 fe:00 2655815                    /usr/lib/libudev.so.1.6.2
7fcdd801b000-7fcdd801c000 rw-p 00010000 fe:00 2655815                    /usr/lib/libudev.so.1.6.2
7fcdd801c000-7fcdd8028000 r-xp 00000000 fe:00 2633439                    /usr/lib/libnss_myhostname.so.2
7fcdd8028000-7fcdd8029000 ---p 0000c000 fe:00 2633439                    /usr/lib/libnss_myhostname.so.2
7fcdd8029000-7fcdd802b000 r--p 0000c000 fe:00 2633439                    /usr/lib/libnss_myhostname.so.2
7fcdd802b000-7fcdd802c000 rw-p 0000e000 fe:00 2633439                    /usr/lib/libnss_myhostname.so.2
7fcdd802c000-7fcdd805d000 rw-p 00000000 00:00 0 
7fcdd805d000-7fcdd805f000 r--s 00016000 fe:00 3939981                    /usr/share/intellijidea-ce/lib/idea_rt.jar
7fcdd805f000-7fcdd8062000 r--s 00011000 fe:02 41551757                   /home/beenotung/git/workspace/hkcc-pacman-robot/lib/lwjgl3/jar/disruptor.jar
7fcdd8062000-7fcdd8071000 r--s 0012b000 fe:02 41551758                   /home/beenotung/git/workspace/hkcc-pacman-robot/lib/lwjgl3/jar/lwjgl.jar
7fcdd8071000-7fcdd80f5000 r--s 00826000 fe:02 41682275                   /home/beenotung/git/workspace/hkcc-pacman-robot/lib/myutils/myutils.jar
7fcdd80f5000-7fcdd80f7000 r--s 0000f000 fe:02 41681194                   /home/beenotung/git/workspace/hkcc-pacman-robot/lib/pi4j/pi4j-gpio-extension-sources.jar
7fcdd80f7000-7fcdd80fa000 r--s 00032000 fe:02 41681193                   /home/beenotung/git/workspace/hkcc-pacman-robot/lib/pi4j/pi4j-gpio-extension-javadoc.jar
7fcdd80fa000-7fcdd80fc000 r--s 00003000 fe:02 41681197                   /home/beenotung/git/workspace/hkcc-pacman-robot/lib/pi4j/pi4j-service-sources.jar
7fcdd80fc000-7fcdd80fe000 r--s 00012000 fe:02 41681196                   /home/beenotung/git/workspace/hkcc-pacman-robot/lib/pi4j/pi4j-service-javadoc.jar
7fcdd80fe000-7fcdd8100000 r--s 00013000 fe:02 41681191                   /home/beenotung/git/workspace/hkcc-pacman-robot/lib/pi4j/pi4j-example-sources.jar
7fcdd8100000-7fcdd8103000 r--s 00031000 fe:02 41681190                   /home/beenotung/git/workspace/hkcc-pacman-robot/lib/pi4j/pi4j-example-javadoc.jar
7fcdd8103000-7fcdd8105000 r--s 00011000 fe:02 41681195                   /home/beenotung/git/workspace/hkcc-pacman-robot/lib/pi4j/pi4j-gpio-extension.jar
7fcdd8105000-7fcdd810b000 r--s 00033000 fe:02 41681186                   /home/beenotung/git/workspace/hkcc-pacman-robot/lib/pi4j/pi4j-device-sources.jar
7fcdd810b000-7fcdd811b000 r--s 00124000 fe:02 41681185                   /home/beenotung/git/workspace/hkcc-pacman-robot/lib/pi4j/pi4j-device-javadoc.jar
7fcdd811b000-7fcdd8120000 r--s 00038000 fe:02 41681183                   /home/beenotung/git/workspace/hkcc-pacman-robot/lib/pi4j/pi4j-core-sources.jar
7fcdd8120000-7fcdd812a000 r--s 000d6000 fe:02 41681182                   /home/beenotung/git/workspace/hkcc-pacman-robot/lib/pi4j/pi4j-core-javadoc.jar
7fcdd812a000-7fcdd812c000 r--s 00003000 fe:02 41681198                   /home/beenotung/git/workspace/hkcc-pacman-robot/lib/pi4j/pi4j-service.jar
7fcdd812c000-7fcdd812f000 r--s 00018000 fe:02 41681192                   /home/beenotung/git/workspace/hkcc-pacman-robot/lib/pi4j/pi4j-example.jar
7fcdd812f000-7fcdd8136000 r--s 0002c000 fe:02 41681189                   /home/beenotung/git/workspace/hkcc-pacman-robot/lib/pi4j/pi4j-device.jar
7fcdd8136000-7fcdd813b000 r--s 0002f000 fe:02 41681184                   /home/beenotung/git/workspace/hkcc-pacman-robot/lib/pi4j/pi4j-core.jar
7fcdd813b000-7fcdd8141000 r--s 00036000 fe:02 41681180                   /home/beenotung/git/workspace/hkcc-pacman-robot/lib/pi4j/junit.jar
7fcdd8141000-7fcdd819a000 r--s 004f6000 fe:02 41812706                   /home/beenotung/.ivy2/cache/org.scala-lang/scala-library/jars/scala-library-2.11.6.jar
7fcdd819a000-7fcdd819c000 r--s 0001a000 fe:00 3949452                    /usr/lib/jvm/java-8-jdk/jre/lib/jce.jar
7fcdd819c000-7fcdd81a0000 r--s 00093000 fe:00 3949442                    /usr/lib/jvm/java-8-jdk/jre/lib/jsse.jar
7fcdd81a0000-7fcdd81b3000 r--s 000d5000 fe:00 3949455                    /usr/lib/jvm/java-8-jdk/jre/lib/plugin.jar
7fcdd81b3000-7fcdd81c6000 r--s 00344000 fe:00 3949438                    /usr/lib/jvm/java-8-jdk/jre/lib/resources.jar
7fcdd81c6000-7fcdd81df000 r--s 001ea000 fe:00 3949441                    /usr/lib/jvm/java-8-jdk/jre/lib/deploy.jar
7fcdd81df000-7fcdd81e0000 ---p 00000000 00:00 0 
7fcdd81e0000-7fcdd82e0000 rw-p 00000000 00:00 0                          [stack:2903]
7fcdd82e0000-7fcdd82e3000 ---p 00000000 00:00 0 
7fcdd82e3000-7fcdd83e1000 rw-p 00000000 00:00 0                          [stack:2902]
7fcdd83e1000-7fcdd83e4000 ---p 00000000 00:00 0 
7fcdd83e4000-7fcdd84e2000 rw-p 00000000 00:00 0                          [stack:2901]
7fcdd84e2000-7fcdd84e5000 ---p 00000000 00:00 0 
7fcdd84e5000-7fcdd85e3000 rw-p 00000000 00:00 0                          [stack:2900]
7fcdd85e3000-7fcdd85e6000 ---p 00000000 00:00 0 
7fcdd85e6000-7fcdd86e4000 rw-p 00000000 00:00 0                          [stack:2899]
7fcdd86e4000-7fcdd86e7000 ---p 00000000 00:00 0 
7fcdd86e7000-7fcdd87e5000 rw-p 00000000 00:00 0                          [stack:2898]
7fcdd87e5000-7fcdd87e8000 ---p 00000000 00:00 0 
7fcdd87e8000-7fcdd88e6000 rw-p 00000000 00:00 0                          [stack:2897]
7fcdd88e6000-7fcdd8aab000 r--p 00000000 fe:00 2655801                    /usr/lib/locale/locale-archive
7fcdd8aab000-7fcdd8aae000 ---p 00000000 00:00 0 
7fcdd8aae000-7fcdd8bac000 rw-p 00000000 00:00 0                          [stack:2889]
7fcdd8bac000-7fcdd8baf000 ---p 00000000 00:00 0 
7fcdd8baf000-7fcdd8cad000 rw-p 00000000 00:00 0                          [stack:2888]
7fcdd8cad000-7fcdd8cae000 ---p 00000000 00:00 0 
7fcdd8cae000-7fcdda9d1000 rw-p 00000000 00:00 0                          [stack:2885]
7fcdda9d1000-7fcddaba7000 r--s 03caa000 fe:00 3949446                    /usr/lib/jvm/java-8-jdk/jre/lib/rt.jar
7fcddaba7000-7fcddbbef000 rw-p 00000000 00:00 0 
7fcddbbef000-7fcddbbf0000 ---p 00000000 00:00 0 
7fcddbbf0000-7fcddbcf0000 rw-p 00000000 00:00 0                          [stack:2875]
7fcddbcf0000-7fcddbcf1000 ---p 00000000 00:00 0 
7fcddbcf1000-7fcddbdf1000 rw-p 00000000 00:00 0                          [stack:2874]
7fcddbdf1000-7fcddbdf2000 ---p 00000000 00:00 0 
7fcddbdf2000-7fcddbef2000 rw-p 00000000 00:00 0                          [stack:2873]
7fcddbef2000-7fcddbef3000 ---p 00000000 00:00 0 
7fcddbef3000-7fcddbff3000 rw-p 00000000 00:00 0                          [stack:2872]
7fcddbff3000-7fcddbff4000 ---p 00000000 00:00 0 
7fcddbff4000-7fcddc0f4000 rw-p 00000000 00:00 0                          [stack:2871]
7fcddc0f4000-7fcddc0f5000 ---p 00000000 00:00 0 
7fcddc0f5000-7fcddc1f5000 rw-p 00000000 00:00 0                          [stack:2870]
7fcddc1f5000-7fcddc1f6000 ---p 00000000 00:00 0 
7fcddc1f6000-7fcddc34a000 rw-p 00000000 00:00 0                          [stack:2869]
7fcddc34a000-7fcddc82d000 ---p 00000000 00:00 0 
7fcddc82d000-7fcddc881000 rw-p 00000000 00:00 0 
7fcddc881000-7fcddcd63000 ---p 00000000 00:00 0 
7fcddcd63000-7fcddcd8e000 rw-p 00000000 00:00 0 
7fcddcd8e000-7fcddcfff000 ---p 00000000 00:00 0 
7fcddcfff000-7fcddd000000 rw-p 00000000 00:00 0 
7fcddd000000-7fcddd2a0000 rwxp 00000000 00:00 0 
7fcddd2a0000-7fcdec000000 ---p 00000000 00:00 0 
7fcdec000000-7fcdec524000 rw-p 00000000 00:00 0 
7fcdec524000-7fcdf0000000 ---p 00000000 00:00 0 
7fcdf0000000-7fcdf0001000 rwxp 00000000 00:00 0 
7fcdf0001000-7fcdf0006000 r--s 00084000 fe:00 3949445                    /usr/lib/jvm/java-8-jdk/jre/lib/jfr.jar
7fcdf0006000-7fcdf0010000 r--s 00069000 fe:00 3949459                    /usr/lib/jvm/java-8-jdk/jre/lib/javaws.jar
7fcdf0010000-7fcdf0012000 r--s 00007000 fe:00 3949435                    /usr/lib/jvm/java-8-jdk/jre/lib/jfxswt.jar
7fcdf0012000-7fcdf006d000 rw-p 00000000 00:00 0 
7fcdf006d000-7fcdf006e000 ---p 00000000 00:00 0 
7fcdf006e000-7fcdf0179000 rw-p 00000000 00:00 0                          [stack:2867]
7fcdf0179000-7fcdf052e000 ---p 00000000 00:00 0 
7fcdf052e000-7fcdf0548000 r-xp 00000000 fe:00 4072537                    /usr/lib/jvm/java-8-jdk/jre/lib/amd64/libzip.so
7fcdf0548000-7fcdf0748000 ---p 0001a000 fe:00 4072537                    /usr/lib/jvm/java-8-jdk/jre/lib/amd64/libzip.so
7fcdf0748000-7fcdf0749000 rw-p 0001a000 fe:00 4072537                    /usr/lib/jvm/java-8-jdk/jre/lib/amd64/libzip.so
7fcdf0749000-7fcdf0754000 r-xp 00000000 fe:00 2624626                    /usr/lib/libnss_files-2.21.so
7fcdf0754000-7fcdf0954000 ---p 0000b000 fe:00 2624626                    /usr/lib/libnss_files-2.21.so
7fcdf0954000-7fcdf0955000 r--p 0000b000 fe:00 2624626                    /usr/lib/libnss_files-2.21.so
7fcdf0955000-7fcdf0956000 rw-p 0000c000 fe:00 2624626                    /usr/lib/libnss_files-2.21.so
7fcdf0956000-7fcdf0980000 r-xp 00000000 fe:00 4072557                    /usr/lib/jvm/java-8-jdk/jre/lib/amd64/libjava.so
7fcdf0980000-7fcdf0b80000 ---p 0002a000 fe:00 4072557                    /usr/lib/jvm/java-8-jdk/jre/lib/amd64/libjava.so
7fcdf0b80000-7fcdf0b82000 rw-p 0002a000 fe:00 4072557                    /usr/lib/jvm/java-8-jdk/jre/lib/amd64/libjava.so
7fcdf0b82000-7fcdf0b8f000 r-xp 00000000 fe:00 4072544                    /usr/lib/jvm/java-8-jdk/jre/lib/amd64/libverify.so
7fcdf0b8f000-7fcdf0d8f000 ---p 0000d000 fe:00 4072544                    /usr/lib/jvm/java-8-jdk/jre/lib/amd64/libverify.so
7fcdf0d8f000-7fcdf0d91000 rw-p 0000d000 fe:00 4072544                    /usr/lib/jvm/java-8-jdk/jre/lib/amd64/libverify.so
7fcdf0d91000-7fcdf0d98000 r-xp 00000000 fe:00 2624673                    /usr/lib/librt-2.21.so
7fcdf0d98000-7fcdf0f97000 ---p 00007000 fe:00 2624673                    /usr/lib/librt-2.21.so
7fcdf0f97000-7fcdf0f98000 r--p 00006000 fe:00 2624673                    /usr/lib/librt-2.21.so
7fcdf0f98000-7fcdf0f99000 rw-p 00007000 fe:00 2624673                    /usr/lib/librt-2.21.so
7fcdf0f99000-7fcdf109c000 r-xp 00000000 fe:00 2624701                    /usr/lib/libm-2.21.so
7fcdf109c000-7fcdf129c000 ---p 00103000 fe:00 2624701                    /usr/lib/libm-2.21.so
7fcdf129c000-7fcdf129d000 r--p 00103000 fe:00 2624701                    /usr/lib/libm-2.21.so
7fcdf129d000-7fcdf129e000 rw-p 00104000 fe:00 2624701                    /usr/lib/libm-2.21.so
7fcdf129e000-7fcdf1f0b000 r-xp 00000000 fe:00 4460819                    /usr/lib/jvm/java-8-jdk/jre/lib/amd64/server/libjvm.so
7fcdf1f0b000-7fcdf210a000 ---p 00c6d000 fe:00 4460819                    /usr/lib/jvm/java-8-jdk/jre/lib/amd64/server/libjvm.so
7fcdf210a000-7fcdf21e0000 rw-p 00c6c000 fe:00 4460819                    /usr/lib/jvm/java-8-jdk/jre/lib/amd64/server/libjvm.so
7fcdf21e0000-7fcdf2223000 rw-p 00000000 00:00 0 
7fcdf2223000-7fcdf23bc000 r-xp 00000000 fe:00 2624641                    /usr/lib/libc-2.21.so
7fcdf23bc000-7fcdf25bc000 ---p 00199000 fe:00 2624641                    /usr/lib/libc-2.21.so
7fcdf25bc000-7fcdf25c0000 r--p 00199000 fe:00 2624641                    /usr/lib/libc-2.21.so
7fcdf25c0000-7fcdf25c2000 rw-p 0019d000 fe:00 2624641                    /usr/lib/libc-2.21.so
7fcdf25c2000-7fcdf25c6000 rw-p 00000000 00:00 0 
7fcdf25c6000-7fcdf25c8000 r-xp 00000000 fe:00 2624682                    /usr/lib/libdl-2.21.so
7fcdf25c8000-7fcdf27c8000 ---p 00002000 fe:00 2624682                    /usr/lib/libdl-2.21.so
7fcdf27c8000-7fcdf27c9000 r--p 00002000 fe:00 2624682                    /usr/lib/libdl-2.21.so
7fcdf27c9000-7fcdf27ca000 rw-p 00003000 fe:00 2624682                    /usr/lib/libdl-2.21.so
7fcdf27ca000-7fcdf27df000 r-xp 00000000 fe:00 4460811                    /usr/lib/jvm/java-8-jdk/jre/lib/amd64/jli/libjli.so
7fcdf27df000-7fcdf29de000 ---p 00015000 fe:00 4460811                    /usr/lib/jvm/java-8-jdk/jre/lib/amd64/jli/libjli.so
7fcdf29de000-7fcdf29df000 rw-p 00014000 fe:00 4460811                    /usr/lib/jvm/java-8-jdk/jre/lib/amd64/jli/libjli.so
7fcdf29df000-7fcdf29f7000 r-xp 00000000 fe:00 2624671                    /usr/lib/libpthread-2.21.so
7fcdf29f7000-7fcdf2bf6000 ---p 00018000 fe:00 2624671                    /usr/lib/libpthread-2.21.so
7fcdf2bf6000-7fcdf2bf7000 r--p 00017000 fe:00 2624671                    /usr/lib/libpthread-2.21.so
7fcdf2bf7000-7fcdf2bf8000 rw-p 00018000 fe:00 2624671                    /usr/lib/libpthread-2.21.so
7fcdf2bf8000-7fcdf2bfc000 rw-p 00000000 00:00 0 
7fcdf2bfc000-7fcdf2c1e000 r-xp 00000000 fe:00 2624696                    /usr/lib/ld-2.21.so
7fcdf2c1f000-7fcdf2c24000 r--s 002f8000 fe:00 3949453                    /usr/lib/jvm/java-8-jdk/jre/lib/charsets.jar
7fcdf2c24000-7fcdf2cc2000 rw-p 00000000 00:00 0 
7fcdf2cc2000-7fcdf2cc5000 ---p 00000000 00:00 0 
7fcdf2cc5000-7fcdf2dc7000 rw-p 00000000 00:00 0                          [stack:2865]
7fcdf2dc7000-7fcdf2dc8000 rwxp 00000000 00:00 0 
7fcdf2dc8000-7fcdf2dc9000 r--s 00000000 fe:00 3949449                    /usr/lib/jvm/java-8-jdk/jre/lib/management-agent.jar
7fcdf2dc9000-7fcdf2e12000 rw-p 00000000 00:00 0 
7fcdf2e12000-7fcdf2e1a000 rw-s 00000000 00:1f 75936                      /tmp/hsperfdata_beenotung/2864
7fcdf2e1a000-7fcdf2e1b000 rw-p 00000000 00:00 0 
7fcdf2e1b000-7fcdf2e1c000 r--p 00000000 00:00 0 
7fcdf2e1c000-7fcdf2e1d000 rw-p 00000000 00:00 0 
7fcdf2e1d000-7fcdf2e1e000 r--p 00021000 fe:00 2624696                    /usr/lib/ld-2.21.so
7fcdf2e1e000-7fcdf2e1f000 rw-p 00022000 fe:00 2624696                    /usr/lib/ld-2.21.so
7fcdf2e1f000-7fcdf2e20000 rw-p 00000000 00:00 0 
7ffe30cbf000-7ffe30ce1000 rw-p 00000000 00:00 0                          [stack]
7ffe30dd2000-7ffe30dd4000 r--p 00000000 00:00 0                          [vvar]
7ffe30dd4000-7ffe30dd6000 r-xp 00000000 00:00 0                          [vdso]
ffffffffff600000-ffffffffff601000 r-xp 00000000 00:00 0                  [vsyscall]

VM Arguments:
jvm_args: -Djava.library.path=/home/beenotung/git/workspace/hkcc-pacman-robot/lib/lwjgl3/native/linux/x64:/home/beenotung/git/workspace/hkcc-pacman-robot/lib/lwjgl3/native/linux/x86:/home/beenotung/git/workspace/hkcc-pacman-robot/lib/lwjgl3/native/macosx/x64:/home/beenotung/git/workspace/hkcc-pacman-robot/lib/lwjgl3/native/windows/x64:/home/beenotung/git/workspace/hkcc-pacman-robot/lib/lwjgl3/native/windows/x86 -Didea.launcher.port=7536 -Didea.launcher.bin.path=/usr/share/intellijidea-ce/bin -Dfile.encoding=UTF-8 
java_command: com.intellij.rt.execution.application.AppMain edu.hkcc.pacmanrobot.launcher.MiniMapLauncher
java_class_path (initial): /usr/lib/jvm/default/jre/lib/management-agent.jar:/usr/lib/jvm/default/jre/lib/rt.jar:/usr/lib/jvm/default/jre/lib/charsets.jar:/usr/lib/jvm/default/jre/lib/jfxswt.jar:/usr/lib/jvm/default/jre/lib/javaws.jar:/usr/lib/jvm/default/jre/lib/deploy.jar:/usr/lib/jvm/default/jre/lib/resources.jar:/usr/lib/jvm/default/jre/lib/plugin.jar:/usr/lib/jvm/default/jre/lib/jfr.jar:/usr/lib/jvm/default/jre/lib/jsse.jar:/usr/lib/jvm/default/jre/lib/jce.jar:/usr/lib/jvm/default/jre/lib/ext/jfxrt.jar:/usr/lib/jvm/default/jre/lib/ext/sunpkcs11.jar:/usr/lib/jvm/default/jre/lib/ext/nashorn.jar:/usr/lib/jvm/default/jre/lib/ext/sunjce_provider.jar:/usr/lib/jvm/default/jre/lib/ext/cldrdata.jar:/usr/lib/jvm/default/jre/lib/ext/sunec.jar:/usr/lib/jvm/default/jre/lib/ext/dnsns.jar:/usr/lib/jvm/default/jre/lib/ext/localedata.jar:/usr/lib/jvm/default/jre/lib/ext/zipfs.jar:/home/beenotung/git/workspace/hkcc-pacman-robot/target/scala-2.11/classes:/home/beenotung/.ivy2/cache/org.scala-lang/scala-library/jars/scala-library-2.11.6.jar:/home/beenotung/git/workspace/hkcc-pacman-robot/lib/pi4j/junit.jar:/home/beenotung/git/workspace/hkcc-pacman-robot/lib/pi4j/pi4j-core.jar:/home/beenotung/git/workspace/hkcc-pacman-robot/lib/pi4j/pi4j-device.jar:/home/beenotung/git/workspace/hkcc-pacman-robot/lib/pi4j/pi4j-example.jar:/home/beenotung/git/workspace/hkcc-pacman-robot/lib/pi4j/pi4j-service.jar:/home/beenotung/git/workspace/hkcc-pacman-robot/lib/pi4j/pi4j-core-javadoc.jar:/home/beenotung/git/workspace/hkcc-pacman-robot/lib/pi4j/pi4j-core-sources.jar:/home/beenotung/git/workspace/hkcc-pacman-robot/lib/pi4j/pi4j-device-javadoc.jar:/home/beenotung/git/workspace/hkcc-pacman-robot/lib/pi4j/pi4j-device-sources.jar:/home/beenotung/git/workspace/hkcc-pacman-robot/lib/pi4j/pi4j-gpio-extension.jar:/home/beenotung/git/workspace/hkcc-pacman-robot/lib/pi4j/pi4j-example-javadoc.jar:/home/beenotung/git/workspace/hkcc-pacman-robot/lib/pi4j/pi4j-example-sources.jar:/home/beenotung/git/workspace/hk
Launcher Type: SUN_STANDARD

Environment Variables:
PATH=/usr/games:/home/beenotung/bin:/usr/local/sbin:/usr/local/bin:/usr/bin:/opt/android-sdk/tools:/usr/lib/jvm/default/bin:/usr/bin/site_perl:/usr/bin/vendor_perl:/usr/bin/core_perl
USERNAME=beenotung
LD_LIBRARY_PATH=.:
SHELL=/bin/bash
DISPLAY=:1

Signal Handlers:
SIGSEGV: [libjvm.so+0xa79a80], sa_mask[0]=11111111011111111101111111111110, sa_flags=SA_RESTART|SA_SIGINFO
SIGBUS: [libjvm.so+0xa79a80], sa_mask[0]=11111111011111111101111111111110, sa_flags=SA_RESTART|SA_SIGINFO
SIGFPE: [libjvm.so+0x8e24e0], sa_mask[0]=11111111011111111101111111111110, sa_flags=SA_RESTART|SA_SIGINFO
SIGPIPE: [libjvm.so+0x8e24e0], sa_mask[0]=11111111011111111101111111111110, sa_flags=SA_RESTART|SA_SIGINFO
SIGXFSZ: [libjvm.so+0x8e24e0], sa_mask[0]=11111111011111111101111111111110, sa_flags=SA_RESTART|SA_SIGINFO
SIGILL: [libjvm.so+0x8e24e0], sa_mask[0]=11111111011111111101111111111110, sa_flags=SA_RESTART|SA_SIGINFO
SIGUSR1: SIG_DFL, sa_mask[0]=00000000000000000000000000000000, sa_flags=none
SIGUSR2: [libjvm.so+0x8e3d10], sa_mask[0]=00100000000000000000000000000000, sa_flags=SA_RESTART|SA_SIGINFO
SIGHUP: [libjvm.so+0x8e50d0], sa_mask[0]=11111111011111111101111111111110, sa_flags=SA_RESTART|SA_SIGINFO
SIGINT: [libjvm.so+0x8e50d0], sa_mask[0]=11111111011111111101111111111110, sa_flags=SA_RESTART|SA_SIGINFO
SIGTERM: [libjvm.so+0x8e50d0], sa_mask[0]=11111111011111111101111111111110, sa_flags=SA_RESTART|SA_SIGINFO
SIGQUIT: [libjvm.so+0x8e50d0], sa_mask[0]=11111111011111111101111111111110, sa_flags=SA_RESTART|SA_SIGINFO


---------------  S Y S T E M  ---------------

OS:LSB_VERSION=1.4
DISTRIB_ID=Arch
DISTRIB_RELEASE=rolling
DISTRIB_DESCRIPTION="Arch Linux"

uname:Linux 3.19.3-3-ARCH #1 SMP PREEMPT Wed Apr 8 14:10:00 CEST 2015 x86_64
libc:glibc 2.21 NPTL 2.21 
rlimit: STACK 8192k, CORE 0k, NPROC 64015, NOFILE 4096, AS infinity
load average:1.91 2.17 1.20

/proc/meminfo:
MemTotal:       16398448 kB
MemFree:        11631332 kB
MemAvailable:   12874496 kB
Buffers:          142432 kB
Cached:          1228652 kB
SwapCached:            0 kB
Active:          3667876 kB
Inactive:         733228 kB
Active(anon):    3031856 kB
Inactive(anon):    21336 kB
Active(file):     636020 kB
Inactive(file):   711892 kB
Unevictable:         532 kB
Mlocked:             532 kB
SwapTotal:             0 kB
SwapFree:              0 kB
Dirty:              1216 kB
Writeback:             0 kB
AnonPages:       3030368 kB
Mapped:           407012 kB
Shmem:             23312 kB
Slab:             173012 kB
SReclaimable:     128372 kB
SUnreclaim:        44640 kB
KernelStack:       14704 kB
PageTables:        62828 kB
NFS_Unstable:          0 kB
Bounce:                0 kB
WritebackTmp:          0 kB
CommitLimit:     8199224 kB
Committed_AS:    9037036 kB
VmallocTotal:   34359738367 kB
VmallocUsed:      155616 kB
VmallocChunk:   34359497648 kB
HardwareCorrupted:     0 kB
AnonHugePages:    581632 kB
HugePages_Total:       0
HugePages_Free:        0
HugePages_Rsvd:        0
HugePages_Surp:        0
Hugepagesize:       2048 kB
DirectMap4k:      159292 kB
DirectMap2M:    16578560 kB


CPU:total 8 (4 cores per cpu, 2 threads per core) family 6 model 58 stepping 9, cmov, cx8, fxsr, mmx, sse, sse2, sse3, ssse3, sse4.1, sse4.2, popcnt, avx, aes, clmul, erms, ht, tsc, tscinvbit, tscinv

/proc/cpuinfo:
processor	: 0
vendor_id	: GenuineIntel
cpu family	: 6
model		: 58
model name	: Intel(R) Xeon(R) CPU E3-1230 V2 @ 3.30GHz
stepping	: 9
microcode	: 0x12
cpu MHz		: 3421.429
cache size	: 8192 KB
physical id	: 0
siblings	: 8
core id		: 0
cpu cores	: 4
apicid		: 0
initial apicid	: 0
fpu		: yes
fpu_exception	: yes
cpuid level	: 13
wp		: yes
flags		: fpu vme de pse tsc msr pae mce cx8 apic sep mtrr pge mca cmov pat pse36 clflush dts acpi mmx fxsr sse sse2 ss ht tm pbe syscall nx rdtscp lm constant_tsc arch_perfmon pebs bts rep_good nopl xtopology nonstop_tsc aperfmperf eagerfpu pni pclmulqdq dtes64 monitor ds_cpl vmx smx est tm2 ssse3 cx16 xtpr pdcm pcid sse4_1 sse4_2 x2apic popcnt tsc_deadline_timer aes xsave avx f16c rdrand lahf_lm ida arat epb pln pts dtherm tpr_shadow vnmi flexpriority ept vpid fsgsbase smep erms xsaveopt
bugs		:
bogomips	: 6587.39
clflush size	: 64
cache_alignment	: 64
address sizes	: 36 bits physical, 48 bits virtual
power management:

processor	: 1
vendor_id	: GenuineIntel
cpu family	: 6
model		: 58
model name	: Intel(R) Xeon(R) CPU E3-1230 V2 @ 3.30GHz
stepping	: 9
microcode	: 0x12
cpu MHz		: 3511.664
cache size	: 8192 KB
physical id	: 0
siblings	: 8
core id		: 1
cpu cores	: 4
apicid		: 2
initial apicid	: 2
fpu		: yes
fpu_exception	: yes
cpuid level	: 13
wp		: yes
flags		: fpu vme de pse tsc msr pae mce cx8 apic sep mtrr pge mca cmov pat pse36 clflush dts acpi mmx fxsr sse sse2 ss ht tm pbe syscall nx rdtscp lm constant_tsc arch_perfmon pebs bts rep_good nopl xtopology nonstop_tsc aperfmperf eagerfpu pni pclmulqdq dtes64 monitor ds_cpl vmx smx est tm2 ssse3 cx16 xtpr pdcm pcid sse4_1 sse4_2 x2apic popcnt tsc_deadline_timer aes xsave avx f16c rdrand lahf_lm ida arat epb pln pts dtherm tpr_shadow vnmi flexpriority ept vpid fsgsbase smep erms xsaveopt
bugs		:
bogomips	: 6587.39
clflush size	: 64
cache_alignment	: 64
address sizes	: 36 bits physical, 48 bits virtual
power management:

processor	: 2
vendor_id	: GenuineIntel
cpu family	: 6
model		: 58
model name	: Intel(R) Xeon(R) CPU E3-1230 V2 @ 3.30GHz
stepping	: 9
microcode	: 0x12
cpu MHz		: 3419.496
cache size	: 8192 KB
physical id	: 0
siblings	: 8
core id		: 2
cpu cores	: 4
apicid		: 4
initial apicid	: 4
fpu		: yes
fpu_exception	: yes
cpuid level	: 13
wp		: yes
flags		: fpu vme de pse tsc msr pae mce cx8 apic sep mtrr pge mca cmov pat pse36 clflush dts acpi mmx fxsr sse sse2 ss ht tm pbe syscall nx rdtscp lm constant_tsc arch_perfmon pebs bts rep_good nopl xtopology nonstop_tsc aperfmperf eagerfpu pni pclmulqdq dtes64 monitor ds_cpl vmx smx est tm2 ssse3 cx16 xtpr pdcm pcid sse4_1 sse4_2 x2apic popcnt tsc_deadline_timer aes xsave avx f16c rdrand lahf_lm ida arat epb pln pts dtherm tpr_shadow vnmi flexpriority ept vpid fsgsbase smep erms xsaveopt
bugs		:
bogomips	: 6587.39
clflush size	: 64
cache_alignment	: 64
address sizes	: 36 bits physical, 48 bits virtual
power management:

processor	: 3
vendor_id	: GenuineIntel
cpu family	: 6
model		: 58
model name	: Intel(R) Xeon(R) CPU E3-1230 V2 @ 3.30GHz
stepping	: 9
microcode	: 0x12
cpu MHz		: 3517.980
cache size	: 8192 KB
physical id	: 0
siblings	: 8
core id		: 3
cpu cores	: 4
apicid		: 6
initial apicid	: 6
fpu		: yes
fpu_exception	: yes
cpuid level	: 13
wp		: yes
flags		: fpu vme de pse tsc msr pae mce cx8 apic sep mtrr pge mca cmov pat pse36 clflush dts acpi mmx fxsr sse sse2 ss ht tm pbe syscall nx rdtscp lm constant_tsc arch_perfmon pebs bts rep_good nopl xtopology nonstop_tsc aperfmperf eagerfpu pni pclmulqdq dtes64 monitor ds_cpl vmx smx est tm2 ssse3 cx16 xtpr pdcm pcid sse4_1 sse4_2 x2apic popcnt tsc_deadline_timer aes xsave avx f16c rdrand lahf_lm ida arat epb pln pts dtherm tpr_shadow vnmi flexpriority ept vpid fsgsbase smep erms xsaveopt
bugs		:
bogomips	: 6587.39
clflush size	: 64
cache_alignment	: 64
address sizes	: 36 bits physical, 48 bits virtual
power management:

processor	: 4
vendor_id	: GenuineIntel
cpu family	: 6
model		: 58
model name	: Intel(R) Xeon(R) CPU E3-1230 V2 @ 3.30GHz
stepping	: 9
microcode	: 0x12
cpu MHz		: 3388.429
cache size	: 8192 KB
physical id	: 0
siblings	: 8
core id		: 0
cpu cores	: 4
apicid		: 1
initial apicid	: 1
fpu		: yes
fpu_exception	: yes
cpuid level	: 13
wp		: yes
flags		: fpu vme de pse tsc msr pae mce cx8 apic sep mtrr pge mca cmov pat pse36 clflush dts acpi mmx fxsr sse sse2 ss ht tm pbe syscall nx rdtscp lm constant_tsc arch_perfmon pebs bts rep_good nopl xtopology nonstop_tsc aperfmperf eagerfpu pni pclmulqdq dtes64 monitor ds_cpl vmx smx est tm2 ssse3 cx16 xtpr pdcm pcid sse4_1 sse4_2 x2apic popcnt tsc_deadline_timer aes xsave avx f16c rdrand lahf_lm ida arat epb pln pts dtherm tpr_shadow vnmi flexpriority ept vpid fsgsbase smep erms xsaveopt
bugs		:
bogomips	: 6587.39
clflush size	: 64
cache_alignment	: 64
address sizes	: 36 bits physical, 48 bits virtual
power management:

processor	: 5
vendor_id	: GenuineIntel
cpu family	: 6
model		: 58
model name	: Intel(R) Xeon(R) CPU E3-1230 V2 @ 3.30GHz
stepping	: 9
microcode	: 0x12
cpu MHz		: 3449.015
cache size	: 8192 KB
physical id	: 0
siblings	: 8
core id		: 1
cpu cores	: 4
apicid		: 3
initial apicid	: 3
fpu		: yes
fpu_exception	: yes
cpuid level	: 13
wp		: yes
flags		: fpu vme de pse tsc msr pae mce cx8 apic sep mtrr pge mca cmov pat pse36 clflush dts acpi mmx fxsr sse sse2 ss ht tm pbe syscall nx rdtscp lm constant_tsc arch_perfmon pebs bts rep_good nopl xtopology nonstop_tsc aperfmperf eagerfpu pni pclmulqdq dtes64 monitor ds_cpl vmx smx est tm2 ssse3 cx16 xtpr pdcm pcid sse4_1 sse4_2 x2apic popcnt tsc_deadline_timer aes xsave avx f16c rdrand lahf_lm ida arat epb pln pts dtherm tpr_shadow vnmi flexpriority ept vpid fsgsbase smep erms xsaveopt
bugs		:
bogomips	: 6587.39
clflush size	: 64
cache_alignment	: 64
address sizes	: 36 bits physical, 48 bits virtual
power management:

processor	: 6
vendor_id	: GenuineIntel
cpu family	: 6
model		: 58
model name	: Intel(R) Xeon(R) CPU E3-1230 V2 @ 3.30GHz
stepping	: 9
microcode	: 0x12
cpu MHz		: 3580.113
cache size	: 8192 KB
physical id	: 0
siblings	: 8
core id		: 2
cpu cores	: 4
apicid		: 5
initial apicid	: 5
fpu		: yes
fpu_exception	: yes
cpuid level	: 13
wp		: yes
flags		: fpu vme de pse tsc msr pae mce cx8 apic sep mtrr pge mca cmov pat pse36 clflush dts acpi mmx fxsr sse sse2 ss ht tm pbe syscall nx rdtscp lm constant_tsc arch_perfmon pebs bts rep_good nopl xtopology nonstop_tsc aperfmperf eagerfpu pni pclmulqdq dtes64 monitor ds_cpl vmx smx est tm2 ssse3 cx16 xtpr pdcm pcid sse4_1 sse4_2 x2apic popcnt tsc_deadline_timer aes xsave avx f16c rdrand lahf_lm ida arat epb pln pts dtherm tpr_shadow vnmi flexpriority ept vpid fsgsbase smep erms xsaveopt
bugs		:
bogomips	: 6587.39
clflush size	: 64
cache_alignment	: 64
address sizes	: 36 bits physical, 48 bits virtual
power management:

processor	: 7
vendor_id	: GenuineIntel
cpu family	: 6
model		: 58
model name	: Intel(R) Xeon(R) CPU E3-1230 V2 @ 3.30GHz
stepping	: 9
microcode	: 0x12
cpu MHz		: 3388.429
cache size	: 8192 KB
physical id	: 0
siblings	: 8
core id		: 3
cpu cores	: 4
apicid		: 7
initial apicid	: 7
fpu		: yes
fpu_exception	: yes
cpuid level	: 13
wp		: yes
flags		: fpu vme de pse tsc msr pae mce cx8 apic sep mtrr pge mca cmov pat pse36 clflush dts acpi mmx fxsr sse sse2 ss ht tm pbe syscall nx rdtscp lm constant_tsc arch_perfmon pebs bts rep_good nopl xtopology nonstop_tsc aperfmperf eagerfpu pni pclmulqdq dtes64 monitor ds_cpl vmx smx est tm2 ssse3 cx16 xtpr pdcm pcid sse4_1 sse4_2 x2apic popcnt tsc_deadline_timer aes xsave avx f16c rdrand lahf_lm ida arat epb pln pts dtherm tpr_shadow vnmi flexpriority ept vpid fsgsbase smep erms xsaveopt
bugs		:
bogomips	: 6587.39
clflush size	: 64
cache_alignment	: 64
address sizes	: 36 bits physical, 48 bits virtual
power management:



Memory: 4k page, physical 16398448k(11631332k free), swap 0k(0k free)

vm_info: Java HotSpot(TM) 64-Bit Server VM (25.25-b02) for linux-amd64 JRE (1.8.0_25-b17), built on Sep 17 2014 17:32:11 by "java_re" with gcc 4.3.0 20080428 (Red Hat 4.3.0-8)

time: Tue Apr 14 08:29:47 2015
elapsed time: 6 seconds (0d 0h 0m 6s)

