#
# A fatal error has been detected by the Java Runtime Environment:
#
#  SIGSEGV (0xb) at pc=0x00007f1d14073a2a, pid=14409, tid=139763005470464
#
# JRE version: Java(TM) SE Runtime Environment (8.0_25-b17) (build 1.8.0_25-b17)
# Java VM: Java HotSpot(TM) 64-Bit Server VM (25.25-b02 mixed mode linux-amd64 compressed oops)
# Problematic frame:
# C  [libffi.so.6+0x4a2a]  ffi_closure_free+0x49a
#
# Failed to write core dump. Core dumps have been disabled. To enable core dumping, try "ulimit -c unlimited" before starting Java again
#
# If you would like to submit a bug report, please visit:
#   http://bugreport.sun.com/bugreport/crash.jsp
# The crash happened outside the Java Virtual Machine in native code.
# See problematic frame for where to report the bug.
#

---------------  T H R E A D  ---------------

Current thread (0x00007f1d8840b800):  JavaThread "Thread-0" [_thread_in_native, id=14462, stack(0x00007f1d1c3b3000,0x00007f1d1c4b4000)]

siginfo: si_signo: 11 (SIGSEGV), si_code: 1 (SEGV_MAPERR), si_addr: 0x0000000000000018

Registers:
RAX=0x0000000000000f80, RBX=0x00007f1d142772c0, RCX=0x0000000000000000, RDX=0x0000000000000000
RSP=0x00007f1d1c4b26d0, RBP=0x00007f1d8f9d4038, RSI=0x00007f1d8f9d4070, RDI=0x0000000000000001
R8 =0x0000000000000000, R9 =0x0000000000000000, R10=0x000000000000003c, R11=0x00007f1d14073590
R12=0x00007f1d8f9d4048, R13=0x00007f1d63d8f938, R14=0x00007f1d1c4b27a8, R15=0x00007f1d8840b800
RIP=0x00007f1d14073a2a, EFLAGS=0x0000000000010246, CSGSFS=0x0000000000000033, ERR=0x0000000000000006
  TRAPNO=0x000000000000000e

Top of Stack: (sp=0x00007f1d1c4b26d0)
0x00007f1d1c4b26d0:   00007f1d8840b800 00007f1d0f67f080
0x00007f1d1c4b26e0:   00007f1d6064d4c0 00007f1d88007440
0x00007f1d1c4b26f0:   00007f1d8f9d4048 00007f1d63d8f938
0x00007f1d1c4b2700:   00007f1d1c4b2780 0000000000000000
0x00007f1d1c4b2710:   00007f1d63d8f938 00007f1d1c4b27a8
0x00007f1d1c4b2720:   00007f1d8840b800 00007f1d790156d4
0x00007f1d1c4b2730:   00007f1d8840b800 00007f1d79015422
0x00007f1d1c4b2740:   00007f1d1c4b2740 00007f1d63d8f938
0x00007f1d1c4b2750:   00007f1d1c4b27a8 00007f1d63d8fd30
0x00007f1d1c4b2760:   0000000000000000 00007f1d63d8f938
0x00007f1d1c4b2770:   0000000000000000 00007f1d1c4b27a0
0x00007f1d1c4b2780:   00007f1d1c4b27f0 00007f1d7900798d
0x00007f1d1c4b2790:   000000076d881528 00007f1d7900f2b8
0x00007f1d1c4b27a0:   00007f1d8f9d4048 000000076d8dce20
0x00007f1d1c4b27b0:   00007f1d1c4b27b0 00007f1d63c10d0b
0x00007f1d1c4b27c0:   00007f1d1c4b2800 00007f1d63d6c5f8
0x00007f1d1c4b27d0:   0000000000000000 00007f1d63c10d28
0x00007f1d1c4b27e0:   00007f1d1c4b27a0 00007f1d1c4b2800
0x00007f1d1c4b27f0:   00007f1d1c4b2848 00007f1d7900798d
0x00007f1d1c4b2800:   000000076d8dce20 00007f1d1c4b2808
0x00007f1d1c4b2810:   00007f1d63c119e6 00007f1d1c4b2858
0x00007f1d1c4b2820:   00007f1d63d6c480 0000000000000000
0x00007f1d1c4b2830:   00007f1d63c11a00 00007f1d1c4b2800
0x00007f1d1c4b2840:   00007f1d1c4b2858 00007f1d1c4b28a0
0x00007f1d1c4b2850:   00007f1d7900798d 000000076d8dce20
0x00007f1d1c4b2860:   00007f1d1c4b2860 00007f1d63c0eb37
0x00007f1d1c4b2870:   00007f1d1c4b28b0 00007f1d63c12398
0x00007f1d1c4b2880:   0000000000000000 00007f1d63c0eb50
0x00007f1d1c4b2890:   00007f1d1c4b2858 00007f1d1c4b28b0
0x00007f1d1c4b28a0:   00007f1d1c4b28f8 00007f1d7900798d
0x00007f1d1c4b28b0:   000000076cf328a8 00007f1d1c4b28b8
0x00007f1d1c4b28c0:   00007f1d63c0ebe7 00007f1d1c4b2910 

Instructions: (pc=0x00007f1d14073a2a)
0x00007f1d14073a0a:   56 18 4c 8b 4e 30 48 39 d6 0f 84 ef 03 00 00 48
0x00007f1d14073a1a:   8b 4e 10 48 3b 0d b4 38 20 00 0f 82 26 fe ff ff
0x00007f1d14073a2a:   48 89 51 18 48 89 4a 10 4d 85 c9 0f 84 55 03 00
0x00007f1d14073a3a:   00 48 8b 4e 38 48 8d 79 4a 48 3b 34 fb 0f 84 b3 

Register to memory mapping:

RAX=0x0000000000000f80 is an unknown value
RBX=0x00007f1d142772c0: <offset 0x2082c0> in /usr/lib/libffi.so.6 at 0x00007f1d1406f000
RCX=0x0000000000000000 is an unknown value
RDX=0x0000000000000000 is an unknown value
RSP=0x00007f1d1c4b26d0 is pointing into the stack for thread: 0x00007f1d8840b800
RBP=0x00007f1d8f9d4038 is an unknown value
RSI=0x00007f1d8f9d4070 is an unknown value
RDI=0x0000000000000001 is an unknown value
R8 =0x0000000000000000 is an unknown value
R9 =0x0000000000000000 is an unknown value
R10=0x000000000000003c is an unknown value
R11=0x00007f1d14073590: ffi_closure_free+0 in /usr/lib/libffi.so.6 at 0x00007f1d1406f000
R12=0x00007f1d8f9d4048 is an unknown value
R13={method} {0x00007f1d63d8f938} 'nffi_closure_free' '(J)V' in 'org/lwjgl/system/libffi/LibFFI'
R14=0x00007f1d1c4b27a8 is pointing into the stack for thread: 0x00007f1d8840b800
R15=0x00007f1d8840b800 is a thread


Stack: [0x00007f1d1c3b3000,0x00007f1d1c4b4000],  sp=0x00007f1d1c4b26d0,  free space=1021k
Native frames: (J=compiled Java code, j=interpreted, Vv=VM code, C=native code)
C  [libffi.so.6+0x4a2a]  ffi_closure_free+0x49a

Java frames: (J=compiled Java code, j=interpreted, Vv=VM code)
j  org.lwjgl.system.libffi.LibFFI.nffi_closure_free(J)V+0
j  org.lwjgl.system.libffi.Closure.destroy()V+35
j  org.lwjgl.system.Retainable$Default.release()V+38
j  myutils.gui.opengl.AbstractOpenGLApplication.end()V+7
j  myutils.gui.opengl.AbstractOpenGLApplication.run()V+15
j  edu.hkcc.pacmanrobot.controller.gamecontroller.MiniMap.run()V+27
v  ~StubRoutines::call_stub

---------------  P R O C E S S  ---------------

Java Threads: ( => current thread )
  0x00007f1d10002000 JavaThread "Thread-3" [_thread_blocked, id=14472, stack(0x00007f1d0f859000,0x00007f1d0f95a000)]
  0x00007f1d10003800 JavaThread "Thread-2" [_thread_in_native, id=14469, stack(0x00007f1d0f758000,0x00007f1d0f859000)]
  0x00007f1d8800a000 JavaThread "DestroyJavaVM" [_thread_blocked, id=14410, stack(0x00007f1d8f8cf000,0x00007f1d8f9d0000)]
=>0x00007f1d8840b800 JavaThread "Thread-0" [_thread_in_native, id=14462, stack(0x00007f1d1c3b3000,0x00007f1d1c4b4000)]
  0x00007f1d88261800 JavaThread "Monitor Ctrl-Break" daemon [_thread_in_native, id=14450, stack(0x00007f1d60ac1000,0x00007f1d60bc2000)]
  0x00007f1d880d2000 JavaThread "Service Thread" daemon [_thread_blocked, id=14446, stack(0x00007f1d60ee4000,0x00007f1d60fe5000)]
  0x00007f1d880ba800 JavaThread "C1 CompilerThread3" daemon [_thread_blocked, id=14440, stack(0x00007f1d60fe5000,0x00007f1d610e6000)]
  0x00007f1d880b8800 JavaThread "C2 CompilerThread2" daemon [_thread_blocked, id=14439, stack(0x00007f1d610e6000,0x00007f1d611e7000)]
  0x00007f1d880b6800 JavaThread "C2 CompilerThread1" daemon [_thread_blocked, id=14438, stack(0x00007f1d611e7000,0x00007f1d612e8000)]
  0x00007f1d880b3800 JavaThread "C2 CompilerThread0" daemon [_thread_blocked, id=14437, stack(0x00007f1d612e8000,0x00007f1d613e9000)]
  0x00007f1d880b1800 JavaThread "Signal Dispatcher" daemon [_thread_blocked, id=14436, stack(0x00007f1d613e9000,0x00007f1d614ea000)]
  0x00007f1d88084800 JavaThread "Finalizer" daemon [_thread_blocked, id=14432, stack(0x00007f1d616af000,0x00007f1d617b0000)]
  0x00007f1d88082800 JavaThread "Reference Handler" daemon [_thread_blocked, id=14431, stack(0x00007f1d617b0000,0x00007f1d618b1000)]

Other Threads:
  0x00007f1d8807b800 VMThread [stack: 0x00007f1d618b1000,0x00007f1d619b2000] [id=14430]
  0x00007f1d880d4800 WatcherThread [stack: 0x00007f1d60de3000,0x00007f1d60ee4000] [id=14447]

VM state:not at safepoint (normal execution)

VM Mutex/Monitor currently owned by a thread: None

Heap:
 PSYoungGen      total 75264K, used 34894K [0x000000076c980000, 0x0000000771d80000, 0x00000007c0000000)
  eden space 64512K, 54% used [0x000000076c980000,0x000000076eb93a28,0x0000000770880000)
  from space 10752K, 0% used [0x0000000771300000,0x0000000771300000,0x0000000771d80000)
  to   space 10752K, 0% used [0x0000000770880000,0x0000000770880000,0x0000000771300000)
 ParOldGen       total 172032K, used 0K [0x00000006c5c00000, 0x00000006d0400000, 0x000000076c980000)
  object space 172032K, 0% used [0x00000006c5c00000,0x00000006c5c00000,0x00000006d0400000)
 Metaspace       used 10390K, capacity 10470K, committed 10624K, reserved 1058816K
  class space    used 1088K, capacity 1113K, committed 1152K, reserved 1048576K

Card table byte_map: [0x00007f1d8c5a8000,0x00007f1d8cd7b000] byte_map_base: 0x00007f1d88f7a000

Marking Bits: (ParMarkBitMap*) 0x00007f1d8ee052c0
 Begin Bits: [0x00007f1d4c2e0000, 0x00007f1d50170000)
 End Bits:   [0x00007f1d50170000, 0x00007f1d54000000)

Polling page: 0x00007f1d8fa28000

CodeCache: size=245760Kb used=2641Kb max_used=2642Kb free=243118Kb
 bounds [0x00007f1d79000000, 0x00007f1d792a0000, 0x00007f1d88000000]
 total_blobs=1068 nmethods=518 adapters=465
 compilation: enabled

Compilation events (10 events):
Event: 6.150 Thread 0x00007f1d880ba800  514       3       sun.util.calendar.BaseCalendar$Date::hit (24 bytes)
Event: 6.150 Thread 0x00007f1d880ba800 nmethod 514 0x00007f1d7928d8d0 code [0x00007f1d7928da40, 0x00007f1d7928dc30]
Event: 6.150 Thread 0x00007f1d880ba800  515       3       sun.util.calendar.BaseCalendar$Date::getCachedJan1 (5 bytes)
Event: 6.150 Thread 0x00007f1d880ba800 nmethod 515 0x00007f1d7928dc90 code [0x00007f1d7928dde0, 0x00007f1d7928df30]
Event: 6.150 Thread 0x00007f1d880ba800  516       3       sun.util.calendar.BaseCalendar::getDayOfWeekFromFixedDate (26 bytes)
Event: 6.150 Thread 0x00007f1d880ba800 nmethod 516 0x00007f1d7928df90 code [0x00007f1d7928e120, 0x00007f1d7928e4b0]
Event: 6.151 Thread 0x00007f1d880b6800 nmethod 505 0x00007f1d792925d0 code [0x00007f1d792927e0, 0x00007f1d79292f20]
Event: 6.153 Thread 0x00007f1d880b8800 nmethod 503 0x00007f1d79295850 code [0x00007f1d79295a80, 0x00007f1d79296490]
Event: 6.157 Thread 0x00007f1d880ba800  517       3       java.lang.ClassLoader::compareCerts (149 bytes)
Event: 6.157 Thread 0x00007f1d880ba800 nmethod 517 0x00007f1d79294ad0 code [0x00007f1d79294cc0, 0x00007f1d79295578]

GC Heap History (0 events):
No events

Deoptimization events (1 events):
Event: 6.048 Thread 0x00007f1d8840b800 Uncommon trap: reason=unreached action=reinterpret pc=0x00007f1d791f75b4 method=sun.misc.URLClassPath$JarLoader.ensureOpen()V @ 4

Internal exceptions (10 events):
Event: 6.161 Thread 0x00007f1d8840b800 Exception <a 'java/security/PrivilegedActionException'> (0x000000076eaa20a0) thrown at [/HUDSON/workspace/8-2-build-linux-amd64/jdk8u25/1514/hotspot/src/share/vm/prims/jvm.cpp, line 1312]
Event: 6.162 Thread 0x00007f1d8840b800 Exception <a 'java/security/PrivilegedActionException'> (0x000000076eaaa578) thrown at [/HUDSON/workspace/8-2-build-linux-amd64/jdk8u25/1514/hotspot/src/share/vm/prims/jvm.cpp, line 1312]
Event: 6.162 Thread 0x00007f1d8840b800 Exception <a 'java/security/PrivilegedActionException'> (0x000000076eab0bd8) thrown at [/HUDSON/workspace/8-2-build-linux-amd64/jdk8u25/1514/hotspot/src/share/vm/prims/jvm.cpp, line 1312]
Event: 6.162 Thread 0x00007f1d8840b800 Exception <a 'java/security/PrivilegedActionException'> (0x000000076eab6c60) thrown at [/HUDSON/workspace/8-2-build-linux-amd64/jdk8u25/1514/hotspot/src/share/vm/prims/jvm.cpp, line 1312]
Event: 6.162 Thread 0x00007f1d8840b800 Exception <a 'java/security/PrivilegedActionException'> (0x000000076eabccb0) thrown at [/HUDSON/workspace/8-2-build-linux-amd64/jdk8u25/1514/hotspot/src/share/vm/prims/jvm.cpp, line 1312]
Event: 6.163 Thread 0x00007f1d8840b800 Exception <a 'java/security/PrivilegedActionException'> (0x000000076eac2fd0) thrown at [/HUDSON/workspace/8-2-build-linux-amd64/jdk8u25/1514/hotspot/src/share/vm/prims/jvm.cpp, line 1312]
Event: 6.163 Thread 0x00007f1d8840b800 Exception <a 'java/security/PrivilegedActionException'> (0x000000076eacb198) thrown at [/HUDSON/workspace/8-2-build-linux-amd64/jdk8u25/1514/hotspot/src/share/vm/prims/jvm.cpp, line 1312]
Event: 6.163 Thread 0x00007f1d8840b800 Exception <a 'java/security/PrivilegedActionException'> (0x000000076ead3168) thrown at [/HUDSON/workspace/8-2-build-linux-amd64/jdk8u25/1514/hotspot/src/share/vm/prims/jvm.cpp, line 1312]
Event: 6.164 Thread 0x00007f1d8840b800 Exception <a 'java/security/PrivilegedActionException'> (0x000000076eada550) thrown at [/HUDSON/workspace/8-2-build-linux-amd64/jdk8u25/1514/hotspot/src/share/vm/prims/jvm.cpp, line 1312]
Event: 6.164 Thread 0x00007f1d8840b800 Exception <a 'java/security/PrivilegedActionException'> (0x000000076eadded0) thrown at [/HUDSON/workspace/8-2-build-linux-amd64/jdk8u25/1514/hotspot/src/share/vm/prims/jvm.cpp, line 1312]

Events (10 events):
Event: 6.163 loading class org/lwjgl/opengl/WGLNVDXInterop
Event: 6.163 loading class org/lwjgl/opengl/WGLNVDXInterop done
Event: 6.163 loading class org/lwjgl/opengl/WGLNVGPUAffinity
Event: 6.163 loading class org/lwjgl/opengl/WGLNVGPUAffinity done
Event: 6.163 loading class org/lwjgl/system/linux/opengl/LinuxGLContext$MakeCurrentActionARB
Event: 6.163 loading class org/lwjgl/system/linux/opengl/LinuxGLContext$MakeCurrentActionARB done
Event: 6.164 loading class edu/hkcc/pacmanrobot/utils/Utils$
Event: 6.164 loading class edu/hkcc/pacmanrobot/utils/Utils$ done
Event: 6.164 loading class edu/hkcc/pacmanrobot/utils/Point2D
Event: 6.164 loading class edu/hkcc/pacmanrobot/utils/Point2D done


Dynamic libraries:
00400000-00401000 r-xp 00000000 fe:00 3950470                            /usr/lib/jvm/java-8-jdk/jre/bin/java
00600000-00601000 rw-p 00000000 fe:00 3950470                            /usr/lib/jvm/java-8-jdk/jre/bin/java
0156a000-0158b000 rw-p 00000000 00:00 0                                  [heap]
6c5c00000-6d0400000 rw-p 00000000 00:00 0 
6d0400000-76c980000 ---p 00000000 00:00 0 
76c980000-771d80000 rw-p 00000000 00:00 0 
771d80000-7c0000000 ---p 00000000 00:00 0 
7c0000000-7c0120000 rw-p 00000000 00:00 0 
7c0120000-800000000 ---p 00000000 00:00 0 
7f1d00000000-7f1d00053000 rw-p 00000000 00:00 0 
7f1d00053000-7f1d04000000 ---p 00000000 00:00 0 
7f1d08000000-7f1d08021000 rw-p 00000000 00:00 0 
7f1d08021000-7f1d0c000000 ---p 00000000 00:00 0 
7f1d0f558000-7f1d0f698000 rw-p 00000000 00:00 0 
7f1d0f698000-7f1d0f758000 ---p 00000000 00:00 0 
7f1d0f758000-7f1d0f75b000 ---p 00000000 00:00 0 
7f1d0f75b000-7f1d0f859000 rw-p 00000000 00:00 0                          [stack:14469]
7f1d0f859000-7f1d0f85c000 ---p 00000000 00:00 0 
7f1d0f85c000-7f1d0f95a000 rw-p 00000000 00:00 0                          [stack:14472]
7f1d0f95a000-7f1d0f95e000 r-xp 00000000 fe:00 2630949                    /usr/lib/libtxc_dxtn.so
7f1d0f95e000-7f1d0fb5d000 ---p 00004000 fe:00 2630949                    /usr/lib/libtxc_dxtn.so
7f1d0fb5d000-7f1d0fb5e000 r--p 00003000 fe:00 2630949                    /usr/lib/libtxc_dxtn.so
7f1d0fb5e000-7f1d0fb5f000 rw-p 00004000 fe:00 2630949                    /usr/lib/libtxc_dxtn.so
7f1d0fb5f000-7f1d0fbbe000 r-xp 00000000 fe:00 2625020                    /usr/lib/libncursesw.so.5.9
7f1d0fbbe000-7f1d0fdbe000 ---p 0005f000 fe:00 2625020                    /usr/lib/libncursesw.so.5.9
7f1d0fdbe000-7f1d0fdc2000 r--p 0005f000 fe:00 2625020                    /usr/lib/libncursesw.so.5.9
7f1d0fdc2000-7f1d0fdc4000 rw-p 00063000 fe:00 2625020                    /usr/lib/libncursesw.so.5.9
7f1d0fdc4000-7f1d0fdfa000 r-xp 00000000 fe:00 2655999                    /usr/lib/libedit.so.0.0.52
7f1d0fdfa000-7f1d0fff9000 ---p 00036000 fe:00 2655999                    /usr/lib/libedit.so.0.0.52
7f1d0fff9000-7f1d0fffb000 r--p 00035000 fe:00 2655999                    /usr/lib/libedit.so.0.0.52
7f1d0fffb000-7f1d0fffc000 rw-p 00037000 fe:00 2655999                    /usr/lib/libedit.so.0.0.52
7f1d0fffc000-7f1d10000000 rw-p 00000000 00:00 0 
7f1d10000000-7f1d10021000 rw-p 00000000 00:00 0 
7f1d10021000-7f1d14000000 ---p 00000000 00:00 0 
7f1d1406f000-7f1d14077000 r-xp 00000000 fe:00 2632155                    /usr/lib/libffi.so.6.0.4
7f1d14077000-7f1d14276000 ---p 00008000 fe:00 2632155                    /usr/lib/libffi.so.6.0.4
7f1d14276000-7f1d14277000 r--p 00007000 fe:00 2632155                    /usr/lib/libffi.so.6.0.4
7f1d14277000-7f1d14278000 rw-p 00008000 fe:00 2632155                    /usr/lib/libffi.so.6.0.4
7f1d14278000-7f1d1428d000 r-xp 00000000 fe:00 2627701                    /usr/lib/libz.so.1.2.8
7f1d1428d000-7f1d1448c000 ---p 00015000 fe:00 2627701                    /usr/lib/libz.so.1.2.8
7f1d1448c000-7f1d1448d000 r--p 00014000 fe:00 2627701                    /usr/lib/libz.so.1.2.8
7f1d1448d000-7f1d1448e000 rw-p 00015000 fe:00 2627701                    /usr/lib/libz.so.1.2.8
7f1d1448e000-7f1d14496000 r-xp 00000000 fe:00 2645324                    /usr/lib/libpciaccess.so.0.11.1
7f1d14496000-7f1d14696000 ---p 00008000 fe:00 2645324                    /usr/lib/libpciaccess.so.0.11.1
7f1d14696000-7f1d14697000 r--p 00008000 fe:00 2645324                    /usr/lib/libpciaccess.so.0.11.1
7f1d14697000-7f1d14698000 rw-p 00009000 fe:00 2645324                    /usr/lib/libpciaccess.so.0.11.1
7f1d14698000-7f1d146ae000 r-xp 00000000 fe:00 2624967                    /usr/lib/libgcc_s.so.1
7f1d146ae000-7f1d148ad000 ---p 00016000 fe:00 2624967                    /usr/lib/libgcc_s.so.1
7f1d148ad000-7f1d148ae000 rw-p 00015000 fe:00 2624967                    /usr/lib/libgcc_s.so.1
7f1d148ae000-7f1d1499e000 r-xp 00000000 fe:00 2624974                    /usr/lib/libstdc++.so.6.0.20
7f1d1499e000-7f1d14b9e000 ---p 000f0000 fe:00 2624974                    /usr/lib/libstdc++.so.6.0.20
7f1d14b9e000-7f1d14ba6000 r--p 000f0000 fe:00 2624974                    /usr/lib/libstdc++.so.6.0.20
7f1d14ba6000-7f1d14ba8000 rw-p 000f8000 fe:00 2624974                    /usr/lib/libstdc++.so.6.0.20
7f1d14ba8000-7f1d14bbd000 rw-p 00000000 00:00 0 
7f1d14bbd000-7f1d169b7000 r-xp 00000000 fe:00 2689109                    /usr/lib/libLLVM-3.6.so
7f1d169b7000-7f1d16bb6000 ---p 01dfa000 fe:00 2689109                    /usr/lib/libLLVM-3.6.so
7f1d16bb6000-7f1d16dd2000 r--p 01df9000 fe:00 2689109                    /usr/lib/libLLVM-3.6.so
7f1d16dd2000-7f1d16dec000 rw-p 02015000 fe:00 2689109                    /usr/lib/libLLVM-3.6.so
7f1d16dec000-7f1d16e02000 rw-p 00000000 00:00 0 
7f1d16e02000-7f1d16e17000 r-xp 00000000 fe:00 2645555                    /usr/lib/libelf-0.161.so
7f1d16e17000-7f1d17017000 ---p 00015000 fe:00 2645555                    /usr/lib/libelf-0.161.so
7f1d17017000-7f1d17019000 r--p 00015000 fe:00 2645555                    /usr/lib/libelf-0.161.so
7f1d17019000-7f1d1701a000 rw-p 00017000 fe:00 2645555                    /usr/lib/libelf-0.161.so
7f1d1701a000-7f1d17026000 r-xp 00000000 fe:00 2645372                    /usr/lib/libdrm_radeon.so.1.0.1
7f1d17026000-7f1d17225000 ---p 0000c000 fe:00 2645372                    /usr/lib/libdrm_radeon.so.1.0.1
7f1d17225000-7f1d17226000 r--p 0000b000 fe:00 2645372                    /usr/lib/libdrm_radeon.so.1.0.1
7f1d17226000-7f1d17227000 rw-p 0000c000 fe:00 2645372                    /usr/lib/libdrm_radeon.so.1.0.1
7f1d17227000-7f1d17248000 r-xp 00000000 fe:00 2645370                    /usr/lib/libdrm_intel.so.1.0.0
7f1d17248000-7f1d17447000 ---p 00021000 fe:00 2645370                    /usr/lib/libdrm_intel.so.1.0.0
7f1d17447000-7f1d17448000 r--p 00020000 fe:00 2645370                    /usr/lib/libdrm_intel.so.1.0.0
7f1d17448000-7f1d17449000 rw-p 00021000 fe:00 2645370                    /usr/lib/libdrm_intel.so.1.0.0
7f1d17449000-7f1d17bb9000 r-xp 00000000 fe:00 3301865                    /usr/lib/xorg/modules/dri/nouveau_dri.so
7f1d17bb9000-7f1d17db8000 ---p 00770000 fe:00 3301865                    /usr/lib/xorg/modules/dri/nouveau_dri.so
7f1d17db8000-7f1d17e0f000 r--p 0076f000 fe:00 3301865                    /usr/lib/xorg/modules/dri/nouveau_dri.so
7f1d17e0f000-7f1d17e1b000 rw-p 007c6000 fe:00 3301865                    /usr/lib/xorg/modules/dri/nouveau_dri.so
7f1d17e1b000-7f1d18000000 rw-p 00000000 00:00 0 
7f1d18000000-7f1d182ec000 rw-p 00000000 00:00 0 
7f1d182ec000-7f1d1c000000 ---p 00000000 00:00 0 
7f1d1c0ab000-7f1d1c0b1000 r-xp 00000000 fe:00 2645371                    /usr/lib/libdrm_nouveau.so.2.0.0
7f1d1c0b1000-7f1d1c2b0000 ---p 00006000 fe:00 2645371                    /usr/lib/libdrm_nouveau.so.2.0.0
7f1d1c2b0000-7f1d1c2b1000 r--p 00005000 fe:00 2645371                    /usr/lib/libdrm_nouveau.so.2.0.0
7f1d1c2b1000-7f1d1c2b2000 rw-p 00006000 fe:00 2645371                    /usr/lib/libdrm_nouveau.so.2.0.0
7f1d1c2b2000-7f1d1c2b5000 ---p 00000000 00:00 0 
7f1d1c2b5000-7f1d1c3b3000 rw-p 00000000 00:00 0 
7f1d1c3b3000-7f1d1c3b6000 ---p 00000000 00:00 0 
7f1d1c3b6000-7f1d1c4b4000 rw-p 00000000 00:00 0                          [stack:14462]
7f1d1c4b4000-7f1d1c4b8000 r-xp 00000000 fe:00 2631613                    /usr/lib/libattr.so.1.1.0
7f1d1c4b8000-7f1d1c6b7000 ---p 00004000 fe:00 2631613                    /usr/lib/libattr.so.1.1.0
7f1d1c6b7000-7f1d1c6b8000 r--p 00003000 fe:00 2631613                    /usr/lib/libattr.so.1.1.0
7f1d1c6b8000-7f1d1c6b9000 rw-p 00004000 fe:00 2631613                    /usr/lib/libattr.so.1.1.0
7f1d1c6b9000-7f1d1c6bd000 r-xp 00000000 fe:00 2631742                    /usr/lib/libcap.so.2.24
7f1d1c6bd000-7f1d1c8bc000 ---p 00004000 fe:00 2631742                    /usr/lib/libcap.so.2.24
7f1d1c8bc000-7f1d1c8bd000 rw-p 00003000 fe:00 2631742                    /usr/lib/libcap.so.2.24
7f1d1c8bd000-7f1d1c8d1000 r-xp 00000000 fe:00 2624622                    /usr/lib/libresolv-2.21.so
7f1d1c8d1000-7f1d1cad0000 ---p 00014000 fe:00 2624622                    /usr/lib/libresolv-2.21.so
7f1d1cad0000-7f1d1cad1000 r--p 00013000 fe:00 2624622                    /usr/lib/libresolv-2.21.so
7f1d1cad1000-7f1d1cad2000 rw-p 00014000 fe:00 2624622                    /usr/lib/libresolv-2.21.so
7f1d1cad2000-7f1d1cad4000 rw-p 00000000 00:00 0 
7f1d1cad4000-7f1d1cad9000 r-xp 00000000 fe:00 2624684                    /usr/lib/libnss_dns-2.21.so
7f1d1cad9000-7f1d1ccd8000 ---p 00005000 fe:00 2624684                    /usr/lib/libnss_dns-2.21.so
7f1d1ccd8000-7f1d1ccd9000 r--p 00004000 fe:00 2624684                    /usr/lib/libnss_dns-2.21.so
7f1d1ccd9000-7f1d1ccda000 rw-p 00005000 fe:00 2624684                    /usr/lib/libnss_dns-2.21.so
7f1d1ccda000-7f1d1ccdf000 r-xp 00000000 fe:00 2627693                    /usr/lib/libXdmcp.so.6.0.0
7f1d1ccdf000-7f1d1cede000 ---p 00005000 fe:00 2627693                    /usr/lib/libXdmcp.so.6.0.0
7f1d1cede000-7f1d1cedf000 r--p 00004000 fe:00 2627693                    /usr/lib/libXdmcp.so.6.0.0
7f1d1cedf000-7f1d1cee0000 rw-p 00005000 fe:00 2627693                    /usr/lib/libXdmcp.so.6.0.0
7f1d1cee0000-7f1d1cee2000 r-xp 00000000 fe:00 2640834                    /usr/lib/libXau.so.6.0.0
7f1d1cee2000-7f1d1d0e2000 ---p 00002000 fe:00 2640834                    /usr/lib/libXau.so.6.0.0
7f1d1d0e2000-7f1d1d0e3000 r--p 00002000 fe:00 2640834                    /usr/lib/libXau.so.6.0.0
7f1d1d0e3000-7f1d1d0e4000 rw-p 00003000 fe:00 2640834                    /usr/lib/libXau.so.6.0.0
7f1d1d0e4000-7f1d1d0ed000 r-xp 00000000 fe:00 2645497                    /usr/lib/libXrender.so.1.3.0
7f1d1d0ed000-7f1d1d2ec000 ---p 00009000 fe:00 2645497                    /usr/lib/libXrender.so.1.3.0
7f1d1d2ec000-7f1d1d2ed000 r--p 00008000 fe:00 2645497                    /usr/lib/libXrender.so.1.3.0
7f1d1d2ed000-7f1d1d2ee000 rw-p 00009000 fe:00 2645497                    /usr/lib/libXrender.so.1.3.0
7f1d1d2ee000-7f1d1d2fa000 r-xp 00000000 fe:00 2645368                    /usr/lib/libdrm.so.2.4.0
7f1d1d2fa000-7f1d1d4f9000 ---p 0000c000 fe:00 2645368                    /usr/lib/libdrm.so.2.4.0
7f1d1d4f9000-7f1d1d4fa000 r--p 0000b000 fe:00 2645368                    /usr/lib/libdrm.so.2.4.0
7f1d1d4fa000-7f1d1d4fb000 rw-p 0000c000 fe:00 2645368                    /usr/lib/libdrm.so.2.4.0
7f1d1d4fb000-7f1d1d4fc000 r-xp 00000000 fe:00 2645518                    /usr/lib/libxshmfence.so.1.0.0
7f1d1d4fc000-7f1d1d6fc000 ---p 00001000 fe:00 2645518                    /usr/lib/libxshmfence.so.1.0.0
7f1d1d6fc000-7f1d1d6fd000 r--p 00001000 fe:00 2645518                    /usr/lib/libxshmfence.so.1.0.0
7f1d1d6fd000-7f1d1d6fe000 rw-p 00002000 fe:00 2645518                    /usr/lib/libxshmfence.so.1.0.0
7f1d1d6fe000-7f1d1d703000 r-xp 00000000 fe:00 2643171                    /usr/lib/libxcb-sync.so.1.0.0
7f1d1d703000-7f1d1d903000 ---p 00005000 fe:00 2643171                    /usr/lib/libxcb-sync.so.1.0.0
7f1d1d903000-7f1d1d904000 r--p 00005000 fe:00 2643171                    /usr/lib/libxcb-sync.so.1.0.0
7f1d1d904000-7f1d1d905000 rw-p 00006000 fe:00 2643171                    /usr/lib/libxcb-sync.so.1.0.0
7f1d1d905000-7f1d1d908000 r-xp 00000000 fe:00 2643140                    /usr/lib/libxcb-shape.so.0.0.0
7f1d1d908000-7f1d1db07000 ---p 00003000 fe:00 2643140                    /usr/lib/libxcb-shape.so.0.0.0
7f1d1db07000-7f1d1db08000 r--p 00002000 fe:00 2643140                    /usr/lib/libxcb-shape.so.0.0.0
7f1d1db08000-7f1d1db09000 rw-p 00003000 fe:00 2643140                    /usr/lib/libxcb-shape.so.0.0.0
7f1d1db09000-7f1d1db12000 r-xp 00000000 fe:00 2643125                    /usr/lib/libxcb-render.so.0.0.0
7f1d1db12000-7f1d1dd11000 ---p 00009000 fe:00 2643125                    /usr/lib/libxcb-render.so.0.0.0
7f1d1dd11000-7f1d1dd12000 r--p 00008000 fe:00 2643125                    /usr/lib/libxcb-render.so.0.0.0
7f1d1dd12000-7f1d1dd13000 rw-p 00009000 fe:00 2643125                    /usr/lib/libxcb-render.so.0.0.0
7f1d1dd13000-7f1d1dd19000 r-xp 00000000 fe:00 2643122                    /usr/lib/libxcb-xfixes.so.0.0.0
7f1d1dd19000-7f1d1df19000 ---p 00006000 fe:00 2643122                    /usr/lib/libxcb-xfixes.so.0.0.0
7f1d1df19000-7f1d1df1a000 r--p 00006000 fe:00 2643122                    /usr/lib/libxcb-xfixes.so.0.0.0
7f1d1df1a000-7f1d1df1b000 rw-p 00007000 fe:00 2643122                    /usr/lib/libxcb-xfixes.so.0.0.0
7f1d1df1b000-7f1d1df28000 r-xp 00000000 fe:00 2643179                    /usr/lib/libxcb-randr.so.0.1.0
7f1d1df28000-7f1d1e127000 ---p 0000d000 fe:00 2643179                    /usr/lib/libxcb-randr.so.0.1.0
7f1d1e127000-7f1d1e128000 r--p 0000c000 fe:00 2643179                    /usr/lib/libxcb-randr.so.0.1.0
7f1d1e128000-7f1d1e129000 rw-p 0000d000 fe:00 2643179                    /usr/lib/libxcb-randr.so.0.1.0
7f1d1e129000-7f1d1e12b000 r-xp 00000000 fe:00 2643158                    /usr/lib/libxcb-present.so.0.0.0
7f1d1e12b000-7f1d1e32a000 ---p 00002000 fe:00 2643158                    /usr/lib/libxcb-present.so.0.0.0
7f1d1e32a000-7f1d1e32b000 r--p 00001000 fe:00 2643158                    /usr/lib/libxcb-present.so.0.0.0
7f1d1e32b000-7f1d1e32c000 rw-p 00002000 fe:00 2643158                    /usr/lib/libxcb-present.so.0.0.0
7f1d1e32c000-7f1d1e32e000 r-xp 00000000 fe:00 2643130                    /usr/lib/libxcb-dri3.so.0.0.0
7f1d1e32e000-7f1d1e52d000 ---p 00002000 fe:00 2643130                    /usr/lib/libxcb-dri3.so.0.0.0
7f1d1e52d000-7f1d1e52e000 r--p 00001000 fe:00 2643130                    /usr/lib/libxcb-dri3.so.0.0.0
7f1d1e52e000-7f1d1e52f000 rw-p 00002000 fe:00 2643130                    /usr/lib/libxcb-dri3.so.0.0.0
7f1d1e52f000-7f1d1e533000 r-xp 00000000 fe:00 2643155                    /usr/lib/libxcb-dri2.so.0.0.0
7f1d1e533000-7f1d1e732000 ---p 00004000 fe:00 2643155                    /usr/lib/libxcb-dri2.so.0.0.0
7f1d1e732000-7f1d1e733000 r--p 00003000 fe:00 2643155                    /usr/lib/libxcb-dri2.so.0.0.0
7f1d1e733000-7f1d1e734000 rw-p 00004000 fe:00 2643155                    /usr/lib/libxcb-dri2.so.0.0.0
7f1d1e734000-7f1d1e74b000 r-xp 00000000 fe:00 2643129                    /usr/lib/libxcb-glx.so.0.0.0
7f1d1e74b000-7f1d1e94b000 ---p 00017000 fe:00 2643129                    /usr/lib/libxcb-glx.so.0.0.0
7f1d1e94b000-7f1d1e94d000 r--p 00017000 fe:00 2643129                    /usr/lib/libxcb-glx.so.0.0.0
7f1d1e94d000-7f1d1e94e000 rw-p 00019000 fe:00 2643129                    /usr/lib/libxcb-glx.so.0.0.0
7f1d1e94e000-7f1d1e94f000 r-xp 00000000 fe:00 2643225                    /usr/lib/libX11-xcb.so.1.0.0
7f1d1e94f000-7f1d1eb4e000 ---p 00001000 fe:00 2643225                    /usr/lib/libX11-xcb.so.1.0.0
7f1d1eb4e000-7f1d1eb4f000 r--p 00000000 fe:00 2643225                    /usr/lib/libX11-xcb.so.1.0.0
7f1d1eb4f000-7f1d1eb50000 rw-p 00001000 fe:00 2643225                    /usr/lib/libX11-xcb.so.1.0.0
7f1d1eb50000-7f1d1eb55000 r-xp 00000000 fe:00 2644195                    /usr/lib/libXfixes.so.3.1.0
7f1d1eb55000-7f1d1ed54000 ---p 00005000 fe:00 2644195                    /usr/lib/libXfixes.so.3.1.0
7f1d1ed54000-7f1d1ed55000 r--p 00004000 fe:00 2644195                    /usr/lib/libXfixes.so.3.1.0
7f1d1ed55000-7f1d1ed56000 rw-p 00005000 fe:00 2644195                    /usr/lib/libXfixes.so.3.1.0
7f1d1ed56000-7f1d1ed58000 r-xp 00000000 fe:00 2645591                    /usr/lib/libXdamage.so.1.1.0
7f1d1ed58000-7f1d1ef57000 ---p 00002000 fe:00 2645591                    /usr/lib/libXdamage.so.1.1.0
7f1d1ef57000-7f1d1ef58000 r--p 00001000 fe:00 2645591                    /usr/lib/libXdamage.so.1.1.0
7f1d1ef58000-7f1d1ef59000 rw-p 00002000 fe:00 2645591                    /usr/lib/libXdamage.so.1.1.0
7f1d1ef59000-7f1d1ef6a000 r-xp 00000000 fe:00 2644111                    /usr/lib/libXext.so.6.4.0
7f1d1ef6a000-7f1d1f169000 ---p 00011000 fe:00 2644111                    /usr/lib/libXext.so.6.4.0
7f1d1f169000-7f1d1f16a000 r--p 00010000 fe:00 2644111                    /usr/lib/libXext.so.6.4.0
7f1d1f16a000-7f1d1f16b000 rw-p 00011000 fe:00 2644111                    /usr/lib/libXext.so.6.4.0
7f1d1f16b000-7f1d1f191000 r-xp 00000000 fe:00 2649644                    /usr/lib/libglapi.so.0.0.0
7f1d1f191000-7f1d1f391000 ---p 00026000 fe:00 2649644                    /usr/lib/libglapi.so.0.0.0
7f1d1f391000-7f1d1f394000 r--p 00026000 fe:00 2649644                    /usr/lib/libglapi.so.0.0.0
7f1d1f394000-7f1d1f395000 rw-p 00029000 fe:00 2649644                    /usr/lib/libglapi.so.0.0.0
7f1d1f395000-7f1d1f396000 rw-p 00000000 00:00 0 
7f1d1f396000-7f1d1f3bd000 r-xp 00000000 fe:00 2631998                    /usr/lib/libexpat.so.1.6.0
7f1d1f3bd000-7f1d1f5bc000 ---p 00027000 fe:00 2631998                    /usr/lib/libexpat.so.1.6.0
7f1d1f5bc000-7f1d1f5bf000 r--p 00026000 fe:00 2631998                    /usr/lib/libexpat.so.1.6.0
7f1d1f5bf000-7f1d1f5c0000 rw-p 00029000 fe:00 2631998                    /usr/lib/libexpat.so.1.6.0
7f1d1f5c0000-7f1d1f5e1000 r-xp 00000000 fe:00 2643143                    /usr/lib/libxcb.so.1.1.0
7f1d1f5e1000-7f1d1f7e0000 ---p 00021000 fe:00 2643143                    /usr/lib/libxcb.so.1.1.0
7f1d1f7e0000-7f1d1f7e1000 r--p 00020000 fe:00 2643143                    /usr/lib/libxcb.so.1.1.0
7f1d1f7e1000-7f1d1f7e2000 rw-p 00021000 fe:00 2643143                    /usr/lib/libxcb.so.1.1.0
7f1d1f7e2000-7f1d1f7ec000 r-xp 00000000 fe:00 2645985                    /usr/lib/libXcursor.so.1.0.2
7f1d1f7ec000-7f1d1f9eb000 ---p 0000a000 fe:00 2645985                    /usr/lib/libXcursor.so.1.0.2
7f1d1f9eb000-7f1d1f9ec000 r--p 00009000 fe:00 2645985                    /usr/lib/libXcursor.so.1.0.2
7f1d1f9ec000-7f1d1f9ed000 rw-p 0000a000 fe:00 2645985                    /usr/lib/libXcursor.so.1.0.2
7f1d1f9ed000-7f1d1f9ef000 r-xp 00000000 fe:00 2645987                    /usr/lib/libXinerama.so.1.0.0
7f1d1f9ef000-7f1d1fbee000 ---p 00002000 fe:00 2645987                    /usr/lib/libXinerama.so.1.0.0
7f1d1fbee000-7f1d1fbef000 r--p 00001000 fe:00 2645987                    /usr/lib/libXinerama.so.1.0.0
7f1d1fbef000-7f1d1fbf0000 rw-p 00002000 fe:00 2645987                    /usr/lib/libXinerama.so.1.0.0
7f1d1fbf0000-7f1d1fbf5000 r-xp 00000000 fe:00 2645576                    /usr/lib/libXxf86vm.so.1.0.0
7f1d1fbf5000-7f1d1fdf4000 ---p 00005000 fe:00 2645576                    /usr/lib/libXxf86vm.so.1.0.0
7f1d1fdf4000-7f1d1fdf5000 r--p 00004000 fe:00 2645576                    /usr/lib/libXxf86vm.so.1.0.0
7f1d1fdf5000-7f1d1fdf6000 rw-p 00005000 fe:00 2645576                    /usr/lib/libXxf86vm.so.1.0.0
7f1d1fdf6000-7f1d1fdff000 r-xp 00000000 fe:00 2645997                    /usr/lib/libXrandr.so.2.2.0
7f1d1fdff000-7f1d1fffe000 ---p 00009000 fe:00 2645997                    /usr/lib/libXrandr.so.2.2.0
7f1d1fffe000-7f1d1ffff000 r--p 00008000 fe:00 2645997                    /usr/lib/libXrandr.so.2.2.0
7f1d1ffff000-7f1d20000000 rw-p 00009000 fe:00 2645997                    /usr/lib/libXrandr.so.2.2.0
7f1d20000000-7f1d20021000 rw-p 00000000 00:00 0 
7f1d20021000-7f1d24000000 ---p 00000000 00:00 0 
7f1d24000000-7f1d24060000 rw-p 00000000 00:00 0 
7f1d24060000-7f1d28000000 ---p 00000000 00:00 0 
7f1d28000000-7f1d28241000 rw-p 00000000 00:00 0 
7f1d28241000-7f1d2c000000 ---p 00000000 00:00 0 
7f1d2c000000-7f1d2c021000 rw-p 00000000 00:00 0 
7f1d2c021000-7f1d30000000 ---p 00000000 00:00 0 
7f1d30000000-7f1d3015b000 rw-p 00000000 00:00 0 
7f1d3015b000-7f1d34000000 ---p 00000000 00:00 0 
7f1d34000000-7f1d34166000 rw-p 00000000 00:00 0 
7f1d34166000-7f1d38000000 ---p 00000000 00:00 0 
7f1d38000000-7f1d38021000 rw-p 00000000 00:00 0 
7f1d38021000-7f1d3c000000 ---p 00000000 00:00 0 
7f1d3c000000-7f1d3c2d9000 rw-p 00000000 00:00 0 
7f1d3c2d9000-7f1d40000000 ---p 00000000 00:00 0 
7f1d40000000-7f1d40021000 rw-p 00000000 00:00 0 
7f1d40021000-7f1d44000000 ---p 00000000 00:00 0 
7f1d44000000-7f1d44021000 rw-p 00000000 00:00 0 
7f1d44021000-7f1d48000000 ---p 00000000 00:00 0 
7f1d48000000-7f1d48021000 rw-p 00000000 00:00 0 
7f1d48021000-7f1d4c000000 ---p 00000000 00:00 0 
7f1d4c044000-7f1d4c0dc000 r-xp 00000000 fe:00 3297220                    /usr/lib/mesa/libGL.so.1.2.0
7f1d4c0dc000-7f1d4c2db000 ---p 00098000 fe:00 3297220                    /usr/lib/mesa/libGL.so.1.2.0
7f1d4c2db000-7f1d4c2de000 r--p 00097000 fe:00 3297220                    /usr/lib/mesa/libGL.so.1.2.0
7f1d4c2de000-7f1d4c2df000 rw-p 0009a000 fe:00 3297220                    /usr/lib/mesa/libGL.so.1.2.0
7f1d4c2df000-7f1d54000000 rw-p 00000000 00:00 0 
7f1d54000000-7f1d54021000 rw-p 00000000 00:00 0 
7f1d54021000-7f1d58000000 ---p 00000000 00:00 0 
7f1d58000000-7f1d58021000 rw-p 00000000 00:00 0 
7f1d58021000-7f1d5c000000 ---p 00000000 00:00 0 
7f1d5c000000-7f1d5c021000 rw-p 00000000 00:00 0 
7f1d5c021000-7f1d60000000 ---p 00000000 00:00 0 
7f1d6003b000-7f1d6004b000 r-xp 00000000 fe:00 2655815                    /usr/lib/libudev.so.1.6.2
7f1d6004b000-7f1d6004c000 r--p 0000f000 fe:00 2655815                    /usr/lib/libudev.so.1.6.2
7f1d6004c000-7f1d6004d000 rw-p 00010000 fe:00 2655815                    /usr/lib/libudev.so.1.6.2
7f1d6004d000-7f1d60059000 r-xp 00000000 fe:00 2633439                    /usr/lib/libnss_myhostname.so.2
7f1d60059000-7f1d6005a000 ---p 0000c000 fe:00 2633439                    /usr/lib/libnss_myhostname.so.2
7f1d6005a000-7f1d6005c000 r--p 0000c000 fe:00 2633439                    /usr/lib/libnss_myhostname.so.2
7f1d6005c000-7f1d6005d000 rw-p 0000e000 fe:00 2633439                    /usr/lib/libnss_myhostname.so.2
7f1d6005d000-7f1d6006c000 r-xp 00000000 fe:00 2644191                    /usr/lib/libXi.so.6.1.0
7f1d6006c000-7f1d6026c000 ---p 0000f000 fe:00 2644191                    /usr/lib/libXi.so.6.1.0
7f1d6026c000-7f1d6026d000 r--p 0000f000 fe:00 2644191                    /usr/lib/libXi.so.6.1.0
7f1d6026d000-7f1d6026e000 rw-p 00010000 fe:00 2644191                    /usr/lib/libXi.so.6.1.0
7f1d6026e000-7f1d603a9000 r-xp 00000000 fe:00 2643224                    /usr/lib/libX11.so.6.3.0
7f1d603a9000-7f1d605a8000 ---p 0013b000 fe:00 2643224                    /usr/lib/libX11.so.6.3.0
7f1d605a8000-7f1d605aa000 r--p 0013a000 fe:00 2643224                    /usr/lib/libX11.so.6.3.0
7f1d605aa000-7f1d605af000 rw-p 0013c000 fe:00 2643224                    /usr/lib/libX11.so.6.3.0
7f1d605af000-7f1d605b0000 rw-p 00000000 00:00 0 
7f1d605db000-7f1d605df000 r--s 00093000 fe:00 3949442                    /usr/lib/jvm/java-8-jdk/jre/lib/jsse.jar
7f1d605df000-7f1d605e9000 r--s 00116000 fe:00 3949472                    /usr/lib/jvm/java-8-jdk/jre/lib/ext/localedata.jar
7f1d605e9000-7f1d60605000 r--s 00393000 fe:00 3949466                    /usr/lib/jvm/java-8-jdk/jre/lib/ext/cldrdata.jar
7f1d60605000-7f1d60677000 r-xp 00000000 fe:02 41551762                   /home/beenotung/git/workspace/hkcc-pacman-robot/lib/lwjgl3/native/linux/x64/liblwjgl.so
7f1d60677000-7f1d60876000 ---p 00072000 fe:02 41551762                   /home/beenotung/git/workspace/hkcc-pacman-robot/lib/lwjgl3/native/linux/x64/liblwjgl.so
7f1d60876000-7f1d60877000 r--p 00071000 fe:02 41551762                   /home/beenotung/git/workspace/hkcc-pacman-robot/lib/lwjgl3/native/linux/x64/liblwjgl.so
7f1d60877000-7f1d60878000 rw-p 00072000 fe:02 41551762                   /home/beenotung/git/workspace/hkcc-pacman-robot/lib/lwjgl3/native/linux/x64/liblwjgl.so
7f1d60878000-7f1d608aa000 rw-p 00000000 00:00 0 
7f1d608aa000-7f1d608c0000 r-xp 00000000 fe:00 4072527                    /usr/lib/jvm/java-8-jdk/jre/lib/amd64/libnet.so
7f1d608c0000-7f1d60ac0000 ---p 00016000 fe:00 4072527                    /usr/lib/jvm/java-8-jdk/jre/lib/amd64/libnet.so
7f1d60ac0000-7f1d60ac1000 rw-p 00016000 fe:00 4072527                    /usr/lib/jvm/java-8-jdk/jre/lib/amd64/libnet.so
7f1d60ac1000-7f1d60ac4000 ---p 00000000 00:00 0 
7f1d60ac4000-7f1d60bc2000 rw-p 00000000 00:00 0                          [stack:14450]
7f1d60bc2000-7f1d60bc4000 r--s 00016000 fe:00 3939981                    /usr/share/intellijidea-ce/lib/idea_rt.jar
7f1d60bc4000-7f1d60bc7000 r--s 00011000 fe:02 41551757                   /home/beenotung/git/workspace/hkcc-pacman-robot/lib/lwjgl3/jar/disruptor.jar
7f1d60bc7000-7f1d60bd6000 r--s 0012b000 fe:02 41551758                   /home/beenotung/git/workspace/hkcc-pacman-robot/lib/lwjgl3/jar/lwjgl.jar
7f1d60bd6000-7f1d60c7e000 r--s 0090a000 fe:02 41551950                   /home/beenotung/git/workspace/hkcc-pacman-robot/lib/NeuroEvolution/NeuroEvolution.jar
7f1d60c7e000-7f1d60d02000 r--s 00826000 fe:02 41682275                   /home/beenotung/git/workspace/hkcc-pacman-robot/lib/myutils/myutils.jar
7f1d60d02000-7f1d60d04000 r--s 0000f000 fe:02 41681194                   /home/beenotung/git/workspace/hkcc-pacman-robot/lib/pi4j/pi4j-gpio-extension-sources.jar
7f1d60d04000-7f1d60d07000 r--s 00032000 fe:02 41681193                   /home/beenotung/git/workspace/hkcc-pacman-robot/lib/pi4j/pi4j-gpio-extension-javadoc.jar
7f1d60d07000-7f1d60d09000 r--s 00003000 fe:02 41681197                   /home/beenotung/git/workspace/hkcc-pacman-robot/lib/pi4j/pi4j-service-sources.jar
7f1d60d09000-7f1d60d0b000 r--s 00012000 fe:02 41681196                   /home/beenotung/git/workspace/hkcc-pacman-robot/lib/pi4j/pi4j-service-javadoc.jar
7f1d60d0b000-7f1d60d0d000 r--s 00013000 fe:02 41681191                   /home/beenotung/git/workspace/hkcc-pacman-robot/lib/pi4j/pi4j-example-sources.jar
7f1d60d0d000-7f1d60d10000 r--s 00031000 fe:02 41681190                   /home/beenotung/git/workspace/hkcc-pacman-robot/lib/pi4j/pi4j-example-javadoc.jar
7f1d60d10000-7f1d60d12000 r--s 00011000 fe:02 41681195                   /home/beenotung/git/workspace/hkcc-pacman-robot/lib/pi4j/pi4j-gpio-extension.jar
7f1d60d12000-7f1d60d18000 r--s 00033000 fe:02 41681186                   /home/beenotung/git/workspace/hkcc-pacman-robot/lib/pi4j/pi4j-device-sources.jar
7f1d60d18000-7f1d60d28000 r--s 00124000 fe:02 41681185                   /home/beenotung/git/workspace/hkcc-pacman-robot/lib/pi4j/pi4j-device-javadoc.jar
7f1d60d28000-7f1d60d2d000 r--s 00038000 fe:02 41681183                   /home/beenotung/git/workspace/hkcc-pacman-robot/lib/pi4j/pi4j-core-sources.jar
7f1d60d2d000-7f1d60d37000 r--s 000d6000 fe:02 41681182                   /home/beenotung/git/workspace/hkcc-pacman-robot/lib/pi4j/pi4j-core-javadoc.jar
7f1d60d37000-7f1d60d39000 r--s 00003000 fe:02 41681198                   /home/beenotung/git/workspace/hkcc-pacman-robot/lib/pi4j/pi4j-service.jar
7f1d60d39000-7f1d60d40000 r--s 0002c000 fe:02 41681189                   /home/beenotung/git/workspace/hkcc-pacman-robot/lib/pi4j/pi4j-device.jar
7f1d60d40000-7f1d60d45000 r--s 0002f000 fe:02 41681184                   /home/beenotung/git/workspace/hkcc-pacman-robot/lib/pi4j/pi4j-core.jar
7f1d60d45000-7f1d60d4b000 r--s 00036000 fe:02 41681180                   /home/beenotung/git/workspace/hkcc-pacman-robot/lib/pi4j/junit.jar
7f1d60d4b000-7f1d60da4000 r--s 004f6000 fe:02 41812706                   /home/beenotung/.ivy2/cache/org.scala-lang/scala-library/jars/scala-library-2.11.6.jar
7f1d60da4000-7f1d60db7000 r--s 000d5000 fe:00 3949455                    /usr/lib/jvm/java-8-jdk/jre/lib/plugin.jar
7f1d60db7000-7f1d60dca000 r--s 00344000 fe:00 3949438                    /usr/lib/jvm/java-8-jdk/jre/lib/resources.jar
7f1d60dca000-7f1d60de3000 r--s 001ea000 fe:00 3949441                    /usr/lib/jvm/java-8-jdk/jre/lib/deploy.jar
7f1d60de3000-7f1d60de4000 ---p 00000000 00:00 0 
7f1d60de4000-7f1d60ee4000 rw-p 00000000 00:00 0                          [stack:14447]
7f1d60ee4000-7f1d60ee7000 ---p 00000000 00:00 0 
7f1d60ee7000-7f1d60fe5000 rw-p 00000000 00:00 0                          [stack:14446]
7f1d60fe5000-7f1d60fe8000 ---p 00000000 00:00 0 
7f1d60fe8000-7f1d610e6000 rw-p 00000000 00:00 0                          [stack:14440]
7f1d610e6000-7f1d610e9000 ---p 00000000 00:00 0 
7f1d610e9000-7f1d611e7000 rw-p 00000000 00:00 0                          [stack:14439]
7f1d611e7000-7f1d611ea000 ---p 00000000 00:00 0 
7f1d611ea000-7f1d612e8000 rw-p 00000000 00:00 0                          [stack:14438]
7f1d612e8000-7f1d612eb000 ---p 00000000 00:00 0 
7f1d612eb000-7f1d613e9000 rw-p 00000000 00:00 0                          [stack:14437]
7f1d613e9000-7f1d613ec000 ---p 00000000 00:00 0 
7f1d613ec000-7f1d614ea000 rw-p 00000000 00:00 0                          [stack:14436]
7f1d614ea000-7f1d616af000 r--p 00000000 fe:00 2655801                    /usr/lib/locale/locale-archive
7f1d616af000-7f1d616b2000 ---p 00000000 00:00 0 
7f1d616b2000-7f1d617b0000 rw-p 00000000 00:00 0                          [stack:14432]
7f1d617b0000-7f1d617b3000 ---p 00000000 00:00 0 
7f1d617b3000-7f1d618b1000 rw-p 00000000 00:00 0                          [stack:14431]
7f1d618b1000-7f1d618b2000 ---p 00000000 00:00 0 
7f1d618b2000-7f1d635b4000 rw-p 00000000 00:00 0                          [stack:14430]
7f1d635b4000-7f1d6378a000 r--s 03caa000 fe:00 3949446                    /usr/lib/jvm/java-8-jdk/jre/lib/rt.jar
7f1d6378a000-7f1d64000000 rw-p 00000000 00:00 0 
7f1d64000000-7f1d64021000 rw-p 00000000 00:00 0 
7f1d64021000-7f1d68000000 ---p 00000000 00:00 0 
7f1d68000000-7f1d68021000 rw-p 00000000 00:00 0 
7f1d68021000-7f1d6c000000 ---p 00000000 00:00 0 
7f1d6c000000-7f1d6c021000 rw-p 00000000 00:00 0 
7f1d6c021000-7f1d70000000 ---p 00000000 00:00 0 
7f1d70000000-7f1d70021000 rw-p 00000000 00:00 0 
7f1d70021000-7f1d74000000 ---p 00000000 00:00 0 
7f1d74000000-7f1d74021000 rw-p 00000000 00:00 0 
7f1d74021000-7f1d78000000 ---p 00000000 00:00 0 
7f1d78000000-7f1d78003000 r--s 00018000 fe:02 41681192                   /home/beenotung/git/workspace/hkcc-pacman-robot/lib/pi4j/pi4j-example.jar
7f1d78003000-7f1d78005000 r--s 0001a000 fe:00 3949452                    /usr/lib/jvm/java-8-jdk/jre/lib/jce.jar
7f1d78005000-7f1d787f8000 rw-p 00000000 00:00 0 
7f1d787f8000-7f1d787f9000 ---p 00000000 00:00 0 
7f1d787f9000-7f1d788f9000 rw-p 00000000 00:00 0                          [stack:14418]
7f1d788f9000-7f1d788fa000 ---p 00000000 00:00 0 
7f1d788fa000-7f1d789fa000 rw-p 00000000 00:00 0                          [stack:14417]
7f1d789fa000-7f1d789fb000 ---p 00000000 00:00 0 
7f1d789fb000-7f1d78afb000 rw-p 00000000 00:00 0                          [stack:14416]
7f1d78afb000-7f1d78afc000 ---p 00000000 00:00 0 
7f1d78afc000-7f1d78bfc000 rw-p 00000000 00:00 0                          [stack:14415]
7f1d78bfc000-7f1d78bfd000 ---p 00000000 00:00 0 
7f1d78bfd000-7f1d78cfd000 rw-p 00000000 00:00 0                          [stack:14414]
7f1d78cfd000-7f1d78cfe000 ---p 00000000 00:00 0 
7f1d78cfe000-7f1d78dfe000 rw-p 00000000 00:00 0                          [stack:14413]
7f1d78dfe000-7f1d78dff000 ---p 00000000 00:00 0 
7f1d78dff000-7f1d78eff000 rw-p 00000000 00:00 0                          [stack:14412]
7f1d78eff000-7f1d78f00000 ---p 00000000 00:00 0 
7f1d78f00000-7f1d79000000 rw-p 00000000 00:00 0                          [stack:14411]
7f1d79000000-7f1d792a0000 rwxp 00000000 00:00 0 
7f1d792a0000-7f1d88000000 ---p 00000000 00:00 0 
7f1d88000000-7f1d88548000 rw-p 00000000 00:00 0 
7f1d88548000-7f1d8c000000 ---p 00000000 00:00 0 
7f1d8c000000-7f1d8c001000 rwxp 00000000 00:00 0 
7f1d8c001000-7f1d8c005000 r--s 00093000 fe:00 3949442                    /usr/lib/jvm/java-8-jdk/jre/lib/jsse.jar
7f1d8c005000-7f1d8c00a000 r--s 00084000 fe:00 3949445                    /usr/lib/jvm/java-8-jdk/jre/lib/jfr.jar
7f1d8c00a000-7f1d8c014000 r--s 00069000 fe:00 3949459                    /usr/lib/jvm/java-8-jdk/jre/lib/javaws.jar
7f1d8c014000-7f1d8c016000 r--s 00007000 fe:00 3949435                    /usr/lib/jvm/java-8-jdk/jre/lib/jfxswt.jar
7f1d8c016000-7f1d8c0c5000 rw-p 00000000 00:00 0 
7f1d8c0c5000-7f1d8c5a8000 ---p 00000000 00:00 0 
7f1d8c5a8000-7f1d8c5fc000 rw-p 00000000 00:00 0 
7f1d8c5fc000-7f1d8cade000 ---p 00000000 00:00 0 
7f1d8cade000-7f1d8cb09000 rw-p 00000000 00:00 0 
7f1d8cb09000-7f1d8cd7a000 ---p 00000000 00:00 0 
7f1d8cd7a000-7f1d8cd86000 rw-p 00000000 00:00 0 
7f1d8cd86000-7f1d8d13b000 ---p 00000000 00:00 0 
7f1d8d13b000-7f1d8d155000 r-xp 00000000 fe:00 4072537                    /usr/lib/jvm/java-8-jdk/jre/lib/amd64/libzip.so
7f1d8d155000-7f1d8d355000 ---p 0001a000 fe:00 4072537                    /usr/lib/jvm/java-8-jdk/jre/lib/amd64/libzip.so
7f1d8d355000-7f1d8d356000 rw-p 0001a000 fe:00 4072537                    /usr/lib/jvm/java-8-jdk/jre/lib/amd64/libzip.so
7f1d8d356000-7f1d8d361000 r-xp 00000000 fe:00 2624626                    /usr/lib/libnss_files-2.21.so
7f1d8d361000-7f1d8d561000 ---p 0000b000 fe:00 2624626                    /usr/lib/libnss_files-2.21.so
7f1d8d561000-7f1d8d562000 r--p 0000b000 fe:00 2624626                    /usr/lib/libnss_files-2.21.so
7f1d8d562000-7f1d8d563000 rw-p 0000c000 fe:00 2624626                    /usr/lib/libnss_files-2.21.so
7f1d8d563000-7f1d8d58d000 r-xp 00000000 fe:00 4072557                    /usr/lib/jvm/java-8-jdk/jre/lib/amd64/libjava.so
7f1d8d58d000-7f1d8d78d000 ---p 0002a000 fe:00 4072557                    /usr/lib/jvm/java-8-jdk/jre/lib/amd64/libjava.so
7f1d8d78d000-7f1d8d78f000 rw-p 0002a000 fe:00 4072557                    /usr/lib/jvm/java-8-jdk/jre/lib/amd64/libjava.so
7f1d8d78f000-7f1d8d79c000 r-xp 00000000 fe:00 4072544                    /usr/lib/jvm/java-8-jdk/jre/lib/amd64/libverify.so
7f1d8d79c000-7f1d8d99c000 ---p 0000d000 fe:00 4072544                    /usr/lib/jvm/java-8-jdk/jre/lib/amd64/libverify.so
7f1d8d99c000-7f1d8d99e000 rw-p 0000d000 fe:00 4072544                    /usr/lib/jvm/java-8-jdk/jre/lib/amd64/libverify.so
7f1d8d99e000-7f1d8d9a5000 r-xp 00000000 fe:00 2624673                    /usr/lib/librt-2.21.so
7f1d8d9a5000-7f1d8dba4000 ---p 00007000 fe:00 2624673                    /usr/lib/librt-2.21.so
7f1d8dba4000-7f1d8dba5000 r--p 00006000 fe:00 2624673                    /usr/lib/librt-2.21.so
7f1d8dba5000-7f1d8dba6000 rw-p 00007000 fe:00 2624673                    /usr/lib/librt-2.21.so
7f1d8dba6000-7f1d8dca9000 r-xp 00000000 fe:00 2624701                    /usr/lib/libm-2.21.so
7f1d8dca9000-7f1d8dea9000 ---p 00103000 fe:00 2624701                    /usr/lib/libm-2.21.so
7f1d8dea9000-7f1d8deaa000 r--p 00103000 fe:00 2624701                    /usr/lib/libm-2.21.so
7f1d8deaa000-7f1d8deab000 rw-p 00104000 fe:00 2624701                    /usr/lib/libm-2.21.so
7f1d8deab000-7f1d8eb18000 r-xp 00000000 fe:00 4460819                    /usr/lib/jvm/java-8-jdk/jre/lib/amd64/server/libjvm.so
7f1d8eb18000-7f1d8ed17000 ---p 00c6d000 fe:00 4460819                    /usr/lib/jvm/java-8-jdk/jre/lib/amd64/server/libjvm.so
7f1d8ed17000-7f1d8eded000 rw-p 00c6c000 fe:00 4460819                    /usr/lib/jvm/java-8-jdk/jre/lib/amd64/server/libjvm.so
7f1d8eded000-7f1d8ee30000 rw-p 00000000 00:00 0 
7f1d8ee30000-7f1d8efc9000 r-xp 00000000 fe:00 2624641                    /usr/lib/libc-2.21.so
7f1d8efc9000-7f1d8f1c9000 ---p 00199000 fe:00 2624641                    /usr/lib/libc-2.21.so
7f1d8f1c9000-7f1d8f1cd000 r--p 00199000 fe:00 2624641                    /usr/lib/libc-2.21.so
7f1d8f1cd000-7f1d8f1cf000 rw-p 0019d000 fe:00 2624641                    /usr/lib/libc-2.21.so
7f1d8f1cf000-7f1d8f1d3000 rw-p 00000000 00:00 0 
7f1d8f1d3000-7f1d8f1d5000 r-xp 00000000 fe:00 2624682                    /usr/lib/libdl-2.21.so
7f1d8f1d5000-7f1d8f3d5000 ---p 00002000 fe:00 2624682                    /usr/lib/libdl-2.21.so
7f1d8f3d5000-7f1d8f3d6000 r--p 00002000 fe:00 2624682                    /usr/lib/libdl-2.21.so
7f1d8f3d6000-7f1d8f3d7000 rw-p 00003000 fe:00 2624682                    /usr/lib/libdl-2.21.so
7f1d8f3d7000-7f1d8f3ec000 r-xp 00000000 fe:00 4460811                    /usr/lib/jvm/java-8-jdk/jre/lib/amd64/jli/libjli.so
7f1d8f3ec000-7f1d8f5eb000 ---p 00015000 fe:00 4460811                    /usr/lib/jvm/java-8-jdk/jre/lib/amd64/jli/libjli.so
7f1d8f5eb000-7f1d8f5ec000 rw-p 00014000 fe:00 4460811                    /usr/lib/jvm/java-8-jdk/jre/lib/amd64/jli/libjli.so
7f1d8f5ec000-7f1d8f604000 r-xp 00000000 fe:00 2624671                    /usr/lib/libpthread-2.21.so
7f1d8f604000-7f1d8f803000 ---p 00018000 fe:00 2624671                    /usr/lib/libpthread-2.21.so
7f1d8f803000-7f1d8f804000 r--p 00017000 fe:00 2624671                    /usr/lib/libpthread-2.21.so
7f1d8f804000-7f1d8f805000 rw-p 00018000 fe:00 2624671                    /usr/lib/libpthread-2.21.so
7f1d8f805000-7f1d8f809000 rw-p 00000000 00:00 0 
7f1d8f809000-7f1d8f82b000 r-xp 00000000 fe:00 2624696                    /usr/lib/ld-2.21.so
7f1d8f82c000-7f1d8f831000 r--s 002f8000 fe:00 3949453                    /usr/lib/jvm/java-8-jdk/jre/lib/charsets.jar
7f1d8f831000-7f1d8f8cf000 rw-p 00000000 00:00 0 
7f1d8f8cf000-7f1d8f8d2000 ---p 00000000 00:00 0 
7f1d8f8d2000-7f1d8f9d4000 rw-p 00000000 00:00 0                          [stack:14410]
7f1d8f9d4000-7f1d8f9d5000 rwxp 00000000 00:00 0 
7f1d8f9d5000-7f1d8f9d6000 r--s 00000000 fe:00 3949449                    /usr/lib/jvm/java-8-jdk/jre/lib/management-agent.jar
7f1d8f9d6000-7f1d8fa1f000 rw-p 00000000 00:00 0 
7f1d8fa1f000-7f1d8fa27000 rw-s 00000000 00:1e 122279                     /tmp/hsperfdata_beenotung/14409
7f1d8fa27000-7f1d8fa28000 rw-p 00000000 00:00 0 
7f1d8fa28000-7f1d8fa29000 r--p 00000000 00:00 0 
7f1d8fa29000-7f1d8fa2a000 rw-p 00000000 00:00 0 
7f1d8fa2a000-7f1d8fa2b000 r--p 00021000 fe:00 2624696                    /usr/lib/ld-2.21.so
7f1d8fa2b000-7f1d8fa2c000 rw-p 00022000 fe:00 2624696                    /usr/lib/ld-2.21.so
7f1d8fa2c000-7f1d8fa2d000 rw-p 00000000 00:00 0 
7fffcc13b000-7fffcc15d000 rw-p 00000000 00:00 0                          [stack]
7fffcc1f4000-7fffcc1f6000 r--p 00000000 00:00 0                          [vvar]
7fffcc1f6000-7fffcc1f8000 r-xp 00000000 00:00 0                          [vdso]
ffffffffff600000-ffffffffff601000 r-xp 00000000 00:00 0                  [vsyscall]

VM Arguments:
jvm_args: -Djava.library.path=/home/beenotung/git/workspace/hkcc-pacman-robot/lib/lwjgl3/native/linux/x64:/home/beenotung/git/workspace/hkcc-pacman-robot/lib/lwjgl3/native/linux/x86:/home/beenotung/git/workspace/hkcc-pacman-robot/lib/lwjgl3/native/macosx/x64:/home/beenotung/git/workspace/hkcc-pacman-robot/lib/lwjgl3/native/windows/x64:/home/beenotung/git/workspace/hkcc-pacman-robot/lib/lwjgl3/native/windows/x86 -Didea.launcher.port=7535 -Didea.launcher.bin.path=/usr/share/intellijidea-ce/bin -Dfile.encoding=UTF-8 
java_command: com.intellij.rt.execution.application.AppMain edu.hkcc.pacmanrobot.launcher.MiniMapLauncher
java_class_path (initial): /usr/lib/jvm/default/jre/lib/management-agent.jar:/usr/lib/jvm/default/jre/lib/rt.jar:/usr/lib/jvm/default/jre/lib/charsets.jar:/usr/lib/jvm/default/jre/lib/jfxswt.jar:/usr/lib/jvm/default/jre/lib/javaws.jar:/usr/lib/jvm/default/jre/lib/deploy.jar:/usr/lib/jvm/default/jre/lib/resources.jar:/usr/lib/jvm/default/jre/lib/plugin.jar:/usr/lib/jvm/default/jre/lib/jfr.jar:/usr/lib/jvm/default/jre/lib/jsse.jar:/usr/lib/jvm/default/jre/lib/jce.jar:/usr/lib/jvm/default/jre/lib/ext/jfxrt.jar:/usr/lib/jvm/default/jre/lib/ext/sunpkcs11.jar:/usr/lib/jvm/default/jre/lib/ext/nashorn.jar:/usr/lib/jvm/default/jre/lib/ext/sunjce_provider.jar:/usr/lib/jvm/default/jre/lib/ext/cldrdata.jar:/usr/lib/jvm/default/jre/lib/ext/sunec.jar:/usr/lib/jvm/default/jre/lib/ext/dnsns.jar:/usr/lib/jvm/default/jre/lib/ext/localedata.jar:/usr/lib/jvm/default/jre/lib/ext/zipfs.jar:/home/beenotung/git/workspace/hkcc-pacman-robot/target/scala-2.11/classes:/home/beenotung/.ivy2/cache/org.scala-lang/scala-library/jars/scala-library-2.11.6.jar:/home/beenotung/git/workspace/hkcc-pacman-robot/lib/pi4j/junit.jar:/home/beenotung/git/workspace/hkcc-pacman-robot/lib/pi4j/pi4j-core.jar:/home/beenotung/git/workspace/hkcc-pacman-robot/lib/pi4j/pi4j-device.jar:/home/beenotung/git/workspace/hkcc-pacman-robot/lib/pi4j/pi4j-example.jar:/home/beenotung/git/workspace/hkcc-pacman-robot/lib/pi4j/pi4j-service.jar:/home/beenotung/git/workspace/hkcc-pacman-robot/lib/pi4j/pi4j-core-javadoc.jar:/home/beenotung/git/workspace/hkcc-pacman-robot/lib/pi4j/pi4j-core-sources.jar:/home/beenotung/git/workspace/hkcc-pacman-robot/lib/pi4j/pi4j-device-javadoc.jar:/home/beenotung/git/workspace/hkcc-pacman-robot/lib/pi4j/pi4j-device-sources.jar:/home/beenotung/git/workspace/hkcc-pacman-robot/lib/pi4j/pi4j-gpio-extension.jar:/home/beenotung/git/workspace/hkcc-pacman-robot/lib/pi4j/pi4j-example-javadoc.jar:/home/beenotung/git/workspace/hkcc-pacman-robot/lib/pi4j/pi4j-example-sources.jar:/home/beenotung/git/workspace/hk
Launcher Type: SUN_STANDARD

Environment Variables:
PATH=/usr/games:/home/beenotung/bin:/usr/local/sbin:/usr/local/bin:/usr/bin:/opt/android-sdk/tools:/usr/lib/jvm/default/bin:/usr/bin/site_perl:/usr/bin/vendor_perl:/usr/bin/core_perl
USERNAME=beenotung
LD_LIBRARY_PATH=.:
SHELL=/bin/bash
DISPLAY=:1

Signal Handlers:
SIGSEGV: [libjvm.so+0xa79a80], sa_mask[0]=11111111011111111101111111111110, sa_flags=SA_RESTART|SA_SIGINFO
SIGBUS: [libjvm.so+0xa79a80], sa_mask[0]=11111111011111111101111111111110, sa_flags=SA_RESTART|SA_SIGINFO
SIGFPE: [libjvm.so+0x8e24e0], sa_mask[0]=11111111011111111101111111111110, sa_flags=SA_RESTART|SA_SIGINFO
SIGPIPE: [libjvm.so+0x8e24e0], sa_mask[0]=11111111011111111101111111111110, sa_flags=SA_RESTART|SA_SIGINFO
SIGXFSZ: [libjvm.so+0x8e24e0], sa_mask[0]=11111111011111111101111111111110, sa_flags=SA_RESTART|SA_SIGINFO
SIGILL: [libjvm.so+0x8e24e0], sa_mask[0]=11111111011111111101111111111110, sa_flags=SA_RESTART|SA_SIGINFO
SIGUSR1: SIG_DFL, sa_mask[0]=00000000000000000000000000000000, sa_flags=none
SIGUSR2: [libjvm.so+0x8e3d10], sa_mask[0]=00100000000000000000000000000000, sa_flags=SA_RESTART|SA_SIGINFO
SIGHUP: [libjvm.so+0x8e50d0], sa_mask[0]=11111111011111111101111111111110, sa_flags=SA_RESTART|SA_SIGINFO
SIGINT: [libjvm.so+0x8e50d0], sa_mask[0]=11111111011111111101111111111110, sa_flags=SA_RESTART|SA_SIGINFO
SIGTERM: [libjvm.so+0x8e50d0], sa_mask[0]=11111111011111111101111111111110, sa_flags=SA_RESTART|SA_SIGINFO
SIGQUIT: [libjvm.so+0x8e50d0], sa_mask[0]=11111111011111111101111111111110, sa_flags=SA_RESTART|SA_SIGINFO


---------------  S Y S T E M  ---------------

OS:LSB_VERSION=1.4
DISTRIB_ID=Arch
DISTRIB_RELEASE=rolling
DISTRIB_DESCRIPTION="Arch Linux"

uname:Linux 3.19.3-3-ARCH #1 SMP PREEMPT Wed Apr 8 14:10:00 CEST 2015 x86_64
libc:glibc 2.21 NPTL 2.21 
rlimit: STACK 8192k, CORE 0k, NPROC 64015, NOFILE 4096, AS infinity
load average:0.67 0.50 0.63

/proc/meminfo:
MemTotal:       16398448 kB
MemFree:        11178004 kB
MemAvailable:   12681992 kB
Buffers:          173336 kB
Cached:          1445216 kB
SwapCached:            0 kB
Active:          3994140 kB
Inactive:         839228 kB
Active(anon):    3217052 kB
Inactive(anon):    18716 kB
Active(file):     777088 kB
Inactive(file):   820512 kB
Unevictable:         532 kB
Mlocked:             532 kB
SwapTotal:             0 kB
SwapFree:              0 kB
Dirty:               212 kB
Writeback:             0 kB
AnonPages:       3215392 kB
Mapped:           394160 kB
Shmem:             20964 kB
Slab:             196840 kB
SReclaimable:     150644 kB
SUnreclaim:        46196 kB
KernelStack:       14464 kB
PageTables:        66088 kB
NFS_Unstable:          0 kB
Bounce:                0 kB
WritebackTmp:          0 kB
CommitLimit:     8199224 kB
Committed_AS:    9521316 kB
VmallocTotal:   34359738367 kB
VmallocUsed:      155632 kB
VmallocChunk:   34359578788 kB
HardwareCorrupted:     0 kB
AnonHugePages:   1214464 kB
HugePages_Total:       0
HugePages_Free:        0
HugePages_Rsvd:        0
HugePages_Surp:        0
Hugepagesize:       2048 kB
DirectMap4k:      173628 kB
DirectMap2M:    16564224 kB


CPU:total 8 (4 cores per cpu, 2 threads per core) family 6 model 58 stepping 9, cmov, cx8, fxsr, mmx, sse, sse2, sse3, ssse3, sse4.1, sse4.2, popcnt, avx, aes, clmul, erms, ht, tsc, tscinvbit, tscinv

/proc/cpuinfo:
processor	: 0
vendor_id	: GenuineIntel
cpu family	: 6
model		: 58
model name	: Intel(R) Xeon(R) CPU E3-1230 V2 @ 3.30GHz
stepping	: 9
microcode	: 0x12
cpu MHz		: 3661.324
cache size	: 8192 KB
physical id	: 0
siblings	: 8
core id		: 0
cpu cores	: 4
apicid		: 0
initial apicid	: 0
fpu		: yes
fpu_exception	: yes
cpuid level	: 13
wp		: yes
flags		: fpu vme de pse tsc msr pae mce cx8 apic sep mtrr pge mca cmov pat pse36 clflush dts acpi mmx fxsr sse sse2 ss ht tm pbe syscall nx rdtscp lm constant_tsc arch_perfmon pebs bts rep_good nopl xtopology nonstop_tsc aperfmperf eagerfpu pni pclmulqdq dtes64 monitor ds_cpl vmx smx est tm2 ssse3 cx16 xtpr pdcm pcid sse4_1 sse4_2 x2apic popcnt tsc_deadline_timer aes xsave avx f16c rdrand lahf_lm ida arat epb pln pts dtherm tpr_shadow vnmi flexpriority ept vpid fsgsbase smep erms xsaveopt
bugs		:
bogomips	: 6588.75
clflush size	: 64
cache_alignment	: 64
address sizes	: 36 bits physical, 48 bits virtual
power management:

processor	: 1
vendor_id	: GenuineIntel
cpu family	: 6
model		: 58
model name	: Intel(R) Xeon(R) CPU E3-1230 V2 @ 3.30GHz
stepping	: 9
microcode	: 0x12
cpu MHz		: 3648.820
cache size	: 8192 KB
physical id	: 0
siblings	: 8
core id		: 1
cpu cores	: 4
apicid		: 2
initial apicid	: 2
fpu		: yes
fpu_exception	: yes
cpuid level	: 13
wp		: yes
flags		: fpu vme de pse tsc msr pae mce cx8 apic sep mtrr pge mca cmov pat pse36 clflush dts acpi mmx fxsr sse sse2 ss ht tm pbe syscall nx rdtscp lm constant_tsc arch_perfmon pebs bts rep_good nopl xtopology nonstop_tsc aperfmperf eagerfpu pni pclmulqdq dtes64 monitor ds_cpl vmx smx est tm2 ssse3 cx16 xtpr pdcm pcid sse4_1 sse4_2 x2apic popcnt tsc_deadline_timer aes xsave avx f16c rdrand lahf_lm ida arat epb pln pts dtherm tpr_shadow vnmi flexpriority ept vpid fsgsbase smep erms xsaveopt
bugs		:
bogomips	: 6588.75
clflush size	: 64
cache_alignment	: 64
address sizes	: 36 bits physical, 48 bits virtual
power management:

processor	: 2
vendor_id	: GenuineIntel
cpu family	: 6
model		: 58
model name	: Intel(R) Xeon(R) CPU E3-1230 V2 @ 3.30GHz
stepping	: 9
microcode	: 0x12
cpu MHz		: 3566.707
cache size	: 8192 KB
physical id	: 0
siblings	: 8
core id		: 2
cpu cores	: 4
apicid		: 4
initial apicid	: 4
fpu		: yes
fpu_exception	: yes
cpuid level	: 13
wp		: yes
flags		: fpu vme de pse tsc msr pae mce cx8 apic sep mtrr pge mca cmov pat pse36 clflush dts acpi mmx fxsr sse sse2 ss ht tm pbe syscall nx rdtscp lm constant_tsc arch_perfmon pebs bts rep_good nopl xtopology nonstop_tsc aperfmperf eagerfpu pni pclmulqdq dtes64 monitor ds_cpl vmx smx est tm2 ssse3 cx16 xtpr pdcm pcid sse4_1 sse4_2 x2apic popcnt tsc_deadline_timer aes xsave avx f16c rdrand lahf_lm ida arat epb pln pts dtherm tpr_shadow vnmi flexpriority ept vpid fsgsbase smep erms xsaveopt
bugs		:
bogomips	: 6588.75
clflush size	: 64
cache_alignment	: 64
address sizes	: 36 bits physical, 48 bits virtual
power management:

processor	: 3
vendor_id	: GenuineIntel
cpu family	: 6
model		: 58
model name	: Intel(R) Xeon(R) CPU E3-1230 V2 @ 3.30GHz
stepping	: 9
microcode	: 0x12
cpu MHz		: 3502.253
cache size	: 8192 KB
physical id	: 0
siblings	: 8
core id		: 3
cpu cores	: 4
apicid		: 6
initial apicid	: 6
fpu		: yes
fpu_exception	: yes
cpuid level	: 13
wp		: yes
flags		: fpu vme de pse tsc msr pae mce cx8 apic sep mtrr pge mca cmov pat pse36 clflush dts acpi mmx fxsr sse sse2 ss ht tm pbe syscall nx rdtscp lm constant_tsc arch_perfmon pebs bts rep_good nopl xtopology nonstop_tsc aperfmperf eagerfpu pni pclmulqdq dtes64 monitor ds_cpl vmx smx est tm2 ssse3 cx16 xtpr pdcm pcid sse4_1 sse4_2 x2apic popcnt tsc_deadline_timer aes xsave avx f16c rdrand lahf_lm ida arat epb pln pts dtherm tpr_shadow vnmi flexpriority ept vpid fsgsbase smep erms xsaveopt
bugs		:
bogomips	: 6588.75
clflush size	: 64
cache_alignment	: 64
address sizes	: 36 bits physical, 48 bits virtual
power management:

processor	: 4
vendor_id	: GenuineIntel
cpu family	: 6
model		: 58
model name	: Intel(R) Xeon(R) CPU E3-1230 V2 @ 3.30GHz
stepping	: 9
microcode	: 0x12
cpu MHz		: 3699.867
cache size	: 8192 KB
physical id	: 0
siblings	: 8
core id		: 0
cpu cores	: 4
apicid		: 1
initial apicid	: 1
fpu		: yes
fpu_exception	: yes
cpuid level	: 13
wp		: yes
flags		: fpu vme de pse tsc msr pae mce cx8 apic sep mtrr pge mca cmov pat pse36 clflush dts acpi mmx fxsr sse sse2 ss ht tm pbe syscall nx rdtscp lm constant_tsc arch_perfmon pebs bts rep_good nopl xtopology nonstop_tsc aperfmperf eagerfpu pni pclmulqdq dtes64 monitor ds_cpl vmx smx est tm2 ssse3 cx16 xtpr pdcm pcid sse4_1 sse4_2 x2apic popcnt tsc_deadline_timer aes xsave avx f16c rdrand lahf_lm ida arat epb pln pts dtherm tpr_shadow vnmi flexpriority ept vpid fsgsbase smep erms xsaveopt
bugs		:
bogomips	: 6588.75
clflush size	: 64
cache_alignment	: 64
address sizes	: 36 bits physical, 48 bits virtual
power management:

processor	: 5
vendor_id	: GenuineIntel
cpu family	: 6
model		: 58
model name	: Intel(R) Xeon(R) CPU E3-1230 V2 @ 3.30GHz
stepping	: 9
microcode	: 0x12
cpu MHz		: 3598.675
cache size	: 8192 KB
physical id	: 0
siblings	: 8
core id		: 1
cpu cores	: 4
apicid		: 3
initial apicid	: 3
fpu		: yes
fpu_exception	: yes
cpuid level	: 13
wp		: yes
flags		: fpu vme de pse tsc msr pae mce cx8 apic sep mtrr pge mca cmov pat pse36 clflush dts acpi mmx fxsr sse sse2 ss ht tm pbe syscall nx rdtscp lm constant_tsc arch_perfmon pebs bts rep_good nopl xtopology nonstop_tsc aperfmperf eagerfpu pni pclmulqdq dtes64 monitor ds_cpl vmx smx est tm2 ssse3 cx16 xtpr pdcm pcid sse4_1 sse4_2 x2apic popcnt tsc_deadline_timer aes xsave avx f16c rdrand lahf_lm ida arat epb pln pts dtherm tpr_shadow vnmi flexpriority ept vpid fsgsbase smep erms xsaveopt
bugs		:
bogomips	: 6588.75
clflush size	: 64
cache_alignment	: 64
address sizes	: 36 bits physical, 48 bits virtual
power management:

processor	: 6
vendor_id	: GenuineIntel
cpu family	: 6
model		: 58
model name	: Intel(R) Xeon(R) CPU E3-1230 V2 @ 3.30GHz
stepping	: 9
microcode	: 0x12
cpu MHz		: 3552.140
cache size	: 8192 KB
physical id	: 0
siblings	: 8
core id		: 2
cpu cores	: 4
apicid		: 5
initial apicid	: 5
fpu		: yes
fpu_exception	: yes
cpuid level	: 13
wp		: yes
flags		: fpu vme de pse tsc msr pae mce cx8 apic sep mtrr pge mca cmov pat pse36 clflush dts acpi mmx fxsr sse sse2 ss ht tm pbe syscall nx rdtscp lm constant_tsc arch_perfmon pebs bts rep_good nopl xtopology nonstop_tsc aperfmperf eagerfpu pni pclmulqdq dtes64 monitor ds_cpl vmx smx est tm2 ssse3 cx16 xtpr pdcm pcid sse4_1 sse4_2 x2apic popcnt tsc_deadline_timer aes xsave avx f16c rdrand lahf_lm ida arat epb pln pts dtherm tpr_shadow vnmi flexpriority ept vpid fsgsbase smep erms xsaveopt
bugs		:
bogomips	: 6588.75
clflush size	: 64
cache_alignment	: 64
address sizes	: 36 bits physical, 48 bits virtual
power management:

processor	: 7
vendor_id	: GenuineIntel
cpu family	: 6
model		: 58
model name	: Intel(R) Xeon(R) CPU E3-1230 V2 @ 3.30GHz
stepping	: 9
microcode	: 0x12
cpu MHz		: 3569.414
cache size	: 8192 KB
physical id	: 0
siblings	: 8
core id		: 3
cpu cores	: 4
apicid		: 7
initial apicid	: 7
fpu		: yes
fpu_exception	: yes
cpuid level	: 13
wp		: yes
flags		: fpu vme de pse tsc msr pae mce cx8 apic sep mtrr pge mca cmov pat pse36 clflush dts acpi mmx fxsr sse sse2 ss ht tm pbe syscall nx rdtscp lm constant_tsc arch_perfmon pebs bts rep_good nopl xtopology nonstop_tsc aperfmperf eagerfpu pni pclmulqdq dtes64 monitor ds_cpl vmx smx est tm2 ssse3 cx16 xtpr pdcm pcid sse4_1 sse4_2 x2apic popcnt tsc_deadline_timer aes xsave avx f16c rdrand lahf_lm ida arat epb pln pts dtherm tpr_shadow vnmi flexpriority ept vpid fsgsbase smep erms xsaveopt
bugs		:
bogomips	: 6588.75
clflush size	: 64
cache_alignment	: 64
address sizes	: 36 bits physical, 48 bits virtual
power management:



Memory: 4k page, physical 16398448k(11178004k free), swap 0k(0k free)

vm_info: Java HotSpot(TM) 64-Bit Server VM (25.25-b02) for linux-amd64 JRE (1.8.0_25-b17), built on Sep 17 2014 17:32:11 by "java_re" with gcc 4.3.0 20080428 (Red Hat 4.3.0-8)

time: Tue Apr 14 07:52:43 2015
elapsed time: 6 seconds (0d 0h 0m 6s)

