#
# A fatal error has been detected by the Java Runtime Environment:
#
#  SIGSEGV (0xb) at pc=0x00007fa68085aa2a, pid=14117, tid=140353132472064
#
# JRE version: Java(TM) SE Runtime Environment (8.0_25-b17) (build 1.8.0_25-b17)
# Java VM: Java HotSpot(TM) 64-Bit Server VM (25.25-b02 mixed mode linux-amd64 compressed oops)
# Problematic frame:
# C  [libffi.so.6+0x4a2a]  ffi_closure_free+0x49a
#
# Failed to write core dump. Core dumps have been disabled. To enable core dumping, try "ulimit -c unlimited" before starting Java again
#
# If you would like to submit a bug report, please visit:
#   http://bugreport.sun.com/bugreport/crash.jsp
# The crash happened outside the Java Virtual Machine in native code.
# See problematic frame for where to report the bug.
#

---------------  T H R E A D  ---------------

Current thread (0x00007fa6b0376800):  JavaThread "Thread-0" [_thread_in_native, id=14168, stack(0x00007fa6828aa000,0x00007fa6829ab000)]

siginfo: si_signo: 11 (SIGSEGV), si_code: 1 (SEGV_MAPERR), si_addr: 0x0000000000000018

Registers:
RAX=0x0000000000000f80, RBX=0x00007fa680a5e2c0, RCX=0x0000000000000000, RDX=0x0000000000000000
RSP=0x00007fa6829a94d0, RBP=0x00007fa6b61cb038, RSI=0x00007fa6b61cb070, RDI=0x0000000000000001
R8 =0x0000000000000000, R9 =0x0000000000000000, R10=0x000000000000003c, R11=0x00007fa68085a590
R12=0x00007fa6b61cb048, R13=0x00007fa69e589938, R14=0x00007fa6829a95a8, R15=0x00007fa6b0376800
RIP=0x00007fa68085aa2a, EFLAGS=0x0000000000010246, CSGSFS=0x0000000000000033, ERR=0x0000000000000006
  TRAPNO=0x000000000000000e

Top of Stack: (sp=0x00007fa6829a94d0)
0x00007fa6829a94d0:   00007fa6b0376800 00007fa66c1c7760
0x00007fa6829a94e0:   00007fa68ae434c0 00007fa6b0007440
0x00007fa6829a94f0:   00007fa6b61cb048 00007fa69e589938
0x00007fa6829a9500:   00007fa6829a9580 0000000000000000
0x00007fa6829a9510:   00007fa69e589938 00007fa6829a95a8
0x00007fa6829a9520:   00007fa6b0376800 00007fa6a07b26d4
0x00007fa6829a9530:   00007fa6b0376800 00007fa6a07b2422
0x00007fa6829a9540:   00007fa6829a9540 00007fa69e589938
0x00007fa6829a9550:   00007fa6829a95a8 00007fa69e589d30
0x00007fa6829a9560:   0000000000000000 00007fa69e589938
0x00007fa6829a9570:   0000000000000000 00007fa6829a95a0
0x00007fa6829a9580:   00007fa6829a95f0 00007fa6a07a498d
0x00007fa6829a9590:   000000076d881698 00007fa6a07ac2b8
0x00007fa6829a95a0:   00007fa6b61cb048 000000076d8dd008
0x00007fa6829a95b0:   00007fa6829a95b0 00007fa69e40ad0b
0x00007fa6829a95c0:   00007fa6829a9600 00007fa69e5665f8
0x00007fa6829a95d0:   0000000000000000 00007fa69e40ad28
0x00007fa6829a95e0:   00007fa6829a95a0 00007fa6829a9600
0x00007fa6829a95f0:   00007fa6829a9648 00007fa6a07a498d
0x00007fa6829a9600:   000000076d8dd008 00007fa6829a9608
0x00007fa6829a9610:   00007fa69e40b9e6 00007fa6829a9658
0x00007fa6829a9620:   00007fa69e566480 0000000000000000
0x00007fa6829a9630:   00007fa69e40ba00 00007fa6829a9600
0x00007fa6829a9640:   00007fa6829a9658 00007fa6829a96a0
0x00007fa6829a9650:   00007fa6a07a498d 000000076d8dd008
0x00007fa6829a9660:   00007fa6829a9660 00007fa69e408b37
0x00007fa6829a9670:   00007fa6829a96b0 00007fa69e40c398
0x00007fa6829a9680:   0000000000000000 00007fa69e408b50
0x00007fa6829a9690:   00007fa6829a9658 00007fa6829a96b0
0x00007fa6829a96a0:   00007fa6829a96f8 00007fa6a07a498d
0x00007fa6829a96b0:   000000076cf328a8 00007fa6829a96b8
0x00007fa6829a96c0:   00007fa69e408be7 00007fa6829a9710 

Instructions: (pc=0x00007fa68085aa2a)
0x00007fa68085aa0a:   56 18 4c 8b 4e 30 48 39 d6 0f 84 ef 03 00 00 48
0x00007fa68085aa1a:   8b 4e 10 48 3b 0d b4 38 20 00 0f 82 26 fe ff ff
0x00007fa68085aa2a:   48 89 51 18 48 89 4a 10 4d 85 c9 0f 84 55 03 00
0x00007fa68085aa3a:   00 48 8b 4e 38 48 8d 79 4a 48 3b 34 fb 0f 84 b3 

Register to memory mapping:

RAX=0x0000000000000f80 is an unknown value
RBX=0x00007fa680a5e2c0: <offset 0x2082c0> in /usr/lib/libffi.so.6 at 0x00007fa680856000
RCX=0x0000000000000000 is an unknown value
RDX=0x0000000000000000 is an unknown value
RSP=0x00007fa6829a94d0 is pointing into the stack for thread: 0x00007fa6b0376800
RBP=0x00007fa6b61cb038 is an unknown value
RSI=0x00007fa6b61cb070 is an unknown value
RDI=0x0000000000000001 is an unknown value
R8 =0x0000000000000000 is an unknown value
R9 =0x0000000000000000 is an unknown value
R10=0x000000000000003c is an unknown value
R11=0x00007fa68085a590: ffi_closure_free+0 in /usr/lib/libffi.so.6 at 0x00007fa680856000
R12=0x00007fa6b61cb048 is an unknown value
R13={method} {0x00007fa69e589938} 'nffi_closure_free' '(J)V' in 'org/lwjgl/system/libffi/LibFFI'
R14=0x00007fa6829a95a8 is pointing into the stack for thread: 0x00007fa6b0376800
R15=0x00007fa6b0376800 is a thread


Stack: [0x00007fa6828aa000,0x00007fa6829ab000],  sp=0x00007fa6829a94d0,  free space=1021k
Native frames: (J=compiled Java code, j=interpreted, Vv=VM code, C=native code)
C  [libffi.so.6+0x4a2a]  ffi_closure_free+0x49a

Java frames: (J=compiled Java code, j=interpreted, Vv=VM code)
j  org.lwjgl.system.libffi.LibFFI.nffi_closure_free(J)V+0
j  org.lwjgl.system.libffi.Closure.destroy()V+35
j  org.lwjgl.system.Retainable$Default.release()V+38
j  myutils.gui.opengl.AbstractOpenGLApplication.end()V+7
j  myutils.gui.opengl.AbstractOpenGLApplication.run()V+15
j  edu.hkcc.pacmanrobot.controller.gamecontroller.MiniMap.run()V+27
v  ~StubRoutines::call_stub

---------------  P R O C E S S  ---------------

Java Threads: ( => current thread )
  0x00007fa63c003800 JavaThread "Thread-3" [_thread_blocked, id=14178, stack(0x00007fa635cba000,0x00007fa635dbb000)]
  0x00007fa63c002000 JavaThread "Thread-2" [_thread_in_native, id=14177, stack(0x00007fa6800af000,0x00007fa6801b0000)]
  0x00007fa6b000a000 JavaThread "DestroyJavaVM" [_thread_blocked, id=14118, stack(0x00007fa6b60c6000,0x00007fa6b61c7000)]
=>0x00007fa6b0376800 JavaThread "Thread-0" [_thread_in_native, id=14168, stack(0x00007fa6828aa000,0x00007fa6829ab000)]
  0x00007fa6b0261800 JavaThread "Monitor Ctrl-Break" daemon [_thread_in_native, id=14157, stack(0x00007fa68b2b7000,0x00007fa68b3b8000)]
  0x00007fa6b00d1800 JavaThread "Service Thread" daemon [_thread_blocked, id=14155, stack(0x00007fa68b633000,0x00007fa68b734000)]
  0x00007fa6b00ba000 JavaThread "C1 CompilerThread3" daemon [_thread_blocked, id=14154, stack(0x00007fa68b734000,0x00007fa68b835000)]
  0x00007fa6b00b8000 JavaThread "C2 CompilerThread2" daemon [_thread_blocked, id=14153, stack(0x00007fa68b835000,0x00007fa68b936000)]
  0x00007fa6b00b6800 JavaThread "C2 CompilerThread1" daemon [_thread_blocked, id=14152, stack(0x00007fa68b936000,0x00007fa68ba37000)]
  0x00007fa6b00b3800 JavaThread "C2 CompilerThread0" daemon [_thread_blocked, id=14151, stack(0x00007fa68ba37000,0x00007fa68bb38000)]
  0x00007fa6b00b1800 JavaThread "Signal Dispatcher" daemon [_thread_blocked, id=14150, stack(0x00007fa68bb38000,0x00007fa68bc39000)]
  0x00007fa6b0084800 JavaThread "Finalizer" daemon [_thread_blocked, id=14140, stack(0x00007fa68bdfe000,0x00007fa68beff000)]
  0x00007fa6b0082800 JavaThread "Reference Handler" daemon [_thread_blocked, id=14139, stack(0x00007fa68beff000,0x00007fa68c000000)]

Other Threads:
  0x00007fa6b007b800 VMThread [stack: 0x00007fa69c0ab000,0x00007fa69c1ac000] [id=14137]
  0x00007fa6b00d4000 WatcherThread [stack: 0x00007fa68b532000,0x00007fa68b633000] [id=14156]

VM state:not at safepoint (normal execution)

VM Mutex/Monitor currently owned by a thread: None

Heap:
 PSYoungGen      total 75264K, used 34894K [0x000000076c980000, 0x0000000771d80000, 0x00000007c0000000)
  eden space 64512K, 54% used [0x000000076c980000,0x000000076eb93820,0x0000000770880000)
  from space 10752K, 0% used [0x0000000771300000,0x0000000771300000,0x0000000771d80000)
  to   space 10752K, 0% used [0x0000000770880000,0x0000000770880000,0x0000000771300000)
 ParOldGen       total 172032K, used 0K [0x00000006c5c00000, 0x00000006d0400000, 0x000000076c980000)
  object space 172032K, 0% used [0x00000006c5c00000,0x00000006c5c00000,0x00000006d0400000)
 Metaspace       used 10395K, capacity 10534K, committed 10624K, reserved 1058816K
  class space    used 1088K, capacity 1113K, committed 1152K, reserved 1048576K

Card table byte_map: [0x00007fa69fc0a000,0x00007fa6a03dd000] byte_map_base: 0x00007fa69c5dc000

Marking Bits: (ParMarkBitMap*) 0x00007fa6b55fc2c0
 Begin Bits: [0x00007fa66c2e0000, 0x00007fa670170000)
 End Bits:   [0x00007fa670170000, 0x00007fa674000000)

Polling page: 0x00007fa6b621f000

CodeCache: size=245760Kb used=2648Kb max_used=2653Kb free=243111Kb
 bounds [0x00007fa6a079d000, 0x00007fa6a0a3d000, 0x00007fa6af79d000]
 total_blobs=1072 nmethods=522 adapters=465
 compilation: enabled

Compilation events (10 events):
Event: 6.079 Thread 0x00007fa6b00ba000 nmethod 517 0x00007fa6a0a32d10 code [0x00007fa6a0a32f00, 0x00007fa6a0a337c8]
Event: 6.079 Thread 0x00007fa6b00ba000  516       3       sun.reflect.UTF8::utf8Length (81 bytes)
Event: 6.079 Thread 0x00007fa6b00b3800 nmethod 518 0x00007fa6a0a31490 code [0x00007fa6a0a315e0, 0x00007fa6a0a316e8]
Event: 6.079 Thread 0x00007fa6b00ba000 nmethod 516 0x00007fa6a0a32290 code [0x00007fa6a0a32440, 0x00007fa6a0a32a68]
Event: 6.079 Thread 0x00007fa6b00ba000  519       3       java.lang.reflect.AccessibleObject::<init> (5 bytes)
Event: 6.079 Thread 0x00007fa6b00ba000 nmethod 519 0x00007fa6a0a31050 code [0x00007fa6a0a311c0, 0x00007fa6a0a31370]
Event: 6.079 Thread 0x00007fa6b00ba000  520       3       java.util.AbstractMap::<init> (5 bytes)
Event: 6.079 Thread 0x00007fa6b00ba000 nmethod 520 0x00007fa6a0a31ed0 code [0x00007fa6a0a32040, 0x00007fa6a0a321f0]
Event: 6.080 Thread 0x00007fa6b00ba000  521       1       java.net.AbstractPlainSocketImpl::getTimeout (5 bytes)
Event: 6.080 Thread 0x00007fa6b00ba000 nmethod 521 0x00007fa6a0a31c10 code [0x00007fa6a0a31d60, 0x00007fa6a0a31e70]

GC Heap History (0 events):
No events

Deoptimization events (1 events):
Event: 5.898 Thread 0x00007fa6b0376800 Uncommon trap: reason=unreached action=reinterpret pc=0x00007fa6a0998694 method=sun.misc.URLClassPath$JarLoader.ensureOpen()V @ 4

Internal exceptions (10 events):
Event: 6.067 Thread 0x00007fa63c002000 Exception <a 'java/security/PrivilegedActionException'> (0x000000076eaad550) thrown at [/HUDSON/workspace/8-2-build-linux-amd64/jdk8u25/1514/hotspot/src/share/vm/prims/jvm.cpp, line 1312]
Event: 6.067 Thread 0x00007fa63c002000 Exception <a 'java/security/PrivilegedActionException'> (0x000000076eab2c90) thrown at [/HUDSON/workspace/8-2-build-linux-amd64/jdk8u25/1514/hotspot/src/share/vm/prims/jvm.cpp, line 1312]
Event: 6.067 Thread 0x00007fa63c002000 Exception <a 'java/security/PrivilegedActionException'> (0x000000076eab7520) thrown at [/HUDSON/workspace/8-2-build-linux-amd64/jdk8u25/1514/hotspot/src/share/vm/prims/jvm.cpp, line 1312]
Event: 6.068 Thread 0x00007fa63c002000 Exception <a 'java/security/PrivilegedActionException'> (0x000000076eae2b78) thrown at [/HUDSON/workspace/8-2-build-linux-amd64/jdk8u25/1514/hotspot/src/share/vm/prims/jvm.cpp, line 1312]
Event: 6.068 Thread 0x00007fa63c002000 Exception <a 'java/security/PrivilegedActionException'> (0x000000076eae79c8) thrown at [/HUDSON/workspace/8-2-build-linux-amd64/jdk8u25/1514/hotspot/src/share/vm/prims/jvm.cpp, line 1312]
Event: 6.069 Thread 0x00007fa63c002000 Exception <a 'java/security/PrivilegedActionException'> (0x000000076eaf5610) thrown at [/HUDSON/workspace/8-2-build-linux-amd64/jdk8u25/1514/hotspot/src/share/vm/prims/jvm.cpp, line 1312]
Event: 6.070 Thread 0x00007fa63c002000 Exception <a 'java/lang/NoSuchMethodError': <clinit>> (0x000000076eafc8c0) thrown at [/HUDSON/workspace/8-2-build-linux-amd64/jdk8u25/1514/hotspot/src/share/vm/prims/jni.cpp, line 1603]
Event: 6.081 Thread 0x00007fa63c002000 Exception <a 'java/security/PrivilegedActionException'> (0x000000076eb5df20) thrown at [/HUDSON/workspace/8-2-build-linux-amd64/jdk8u25/1514/hotspot/src/share/vm/prims/jvm.cpp, line 1312]
Event: 6.082 Thread 0x00007fa6b0376800 Exception <a 'java/security/PrivilegedActionException'> (0x000000076e70ba10) thrown at [/HUDSON/workspace/8-2-build-linux-amd64/jdk8u25/1514/hotspot/src/share/vm/prims/jvm.cpp, line 1312]
Event: 6.082 Thread 0x00007fa6b0376800 Exception <a 'java/security/PrivilegedActionException'> (0x000000076e70f390) thrown at [/HUDSON/workspace/8-2-build-linux-amd64/jdk8u25/1514/hotspot/src/share/vm/prims/jvm.cpp, line 1312]

Events (10 events):
Event: 6.078 loading class java/util/concurrent/locks/ReentrantLock$NonfairSync
Event: 6.078 loading class java/util/concurrent/locks/ReentrantLock$NonfairSync done
Event: 6.079 loading class java/util/concurrent/locks/AbstractQueuedSynchronizer$ConditionObject
Event: 6.079 loading class java/util/concurrent/locks/AbstractQueuedSynchronizer$ConditionObject done
Event: 6.081 loading class edu/hkcc/pacmanrobot/utils/map/ObstacleMap$$anon$1
Event: 6.081 loading class edu/hkcc/pacmanrobot/utils/map/ObstacleMap$$anon$1 done
Event: 6.082 loading class edu/hkcc/pacmanrobot/utils/Utils$
Event: 6.082 loading class edu/hkcc/pacmanrobot/utils/Utils$ done
Event: 6.082 loading class edu/hkcc/pacmanrobot/utils/Point2D
Event: 6.082 loading class edu/hkcc/pacmanrobot/utils/Point2D done


Dynamic libraries:
00400000-00401000 r-xp 00000000 fe:00 3950470                            /usr/lib/jvm/java-8-jdk/jre/bin/java
00600000-00601000 rw-p 00000000 fe:00 3950470                            /usr/lib/jvm/java-8-jdk/jre/bin/java
0151e000-0153f000 rw-p 00000000 00:00 0                                  [heap]
6c5c00000-6d0400000 rw-p 00000000 00:00 0 
6d0400000-76c980000 ---p 00000000 00:00 0 
76c980000-771d80000 rw-p 00000000 00:00 0 
771d80000-7c0000000 ---p 00000000 00:00 0 
7c0000000-7c0120000 rw-p 00000000 00:00 0 
7c0120000-800000000 ---p 00000000 00:00 0 
7fa628000000-7fa628021000 rw-p 00000000 00:00 0 
7fa628021000-7fa62c000000 ---p 00000000 00:00 0 
7fa630000000-7fa630043000 rw-p 00000000 00:00 0 
7fa630043000-7fa634000000 ---p 00000000 00:00 0 
7fa635cba000-7fa635cbd000 ---p 00000000 00:00 0 
7fa635cbd000-7fa635dbb000 rw-p 00000000 00:00 0                          [stack:14178]
7fa635dbb000-7fa637bb5000 r-xp 00000000 fe:00 2689109                    /usr/lib/libLLVM-3.6.so
7fa637bb5000-7fa637db4000 ---p 01dfa000 fe:00 2689109                    /usr/lib/libLLVM-3.6.so
7fa637db4000-7fa637fd0000 r--p 01df9000 fe:00 2689109                    /usr/lib/libLLVM-3.6.so
7fa637fd0000-7fa637fea000 rw-p 02015000 fe:00 2689109                    /usr/lib/libLLVM-3.6.so
7fa637fea000-7fa638000000 rw-p 00000000 00:00 0 
7fa638000000-7fa6382d4000 rw-p 00000000 00:00 0 
7fa6382d4000-7fa63c000000 ---p 00000000 00:00 0 
7fa63c000000-7fa63c021000 rw-p 00000000 00:00 0 
7fa63c021000-7fa640000000 ---p 00000000 00:00 0 
7fa640000000-7fa640021000 rw-p 00000000 00:00 0 
7fa640021000-7fa644000000 ---p 00000000 00:00 0 
7fa644000000-7fa644038000 rw-p 00000000 00:00 0 
7fa644038000-7fa648000000 ---p 00000000 00:00 0 
7fa648000000-7fa6481e5000 rw-p 00000000 00:00 0 
7fa6481e5000-7fa64c000000 ---p 00000000 00:00 0 
7fa64c000000-7fa64c021000 rw-p 00000000 00:00 0 
7fa64c021000-7fa650000000 ---p 00000000 00:00 0 
7fa650000000-7fa6501d1000 rw-p 00000000 00:00 0 
7fa6501d1000-7fa654000000 ---p 00000000 00:00 0 
7fa654000000-7fa654155000 rw-p 00000000 00:00 0 
7fa654155000-7fa658000000 ---p 00000000 00:00 0 
7fa658000000-7fa658021000 rw-p 00000000 00:00 0 
7fa658021000-7fa65c000000 ---p 00000000 00:00 0 
7fa65c000000-7fa65c2eb000 rw-p 00000000 00:00 0 
7fa65c2eb000-7fa660000000 ---p 00000000 00:00 0 
7fa660000000-7fa660021000 rw-p 00000000 00:00 0 
7fa660021000-7fa664000000 ---p 00000000 00:00 0 
7fa664000000-7fa664021000 rw-p 00000000 00:00 0 
7fa664021000-7fa668000000 ---p 00000000 00:00 0 
7fa668000000-7fa668021000 rw-p 00000000 00:00 0 
7fa668021000-7fa66c000000 ---p 00000000 00:00 0 
7fa66c0e0000-7fa66c220000 rw-p 00000000 00:00 0 
7fa66c220000-7fa66c2e0000 ---p 00000000 00:00 0 
7fa66c2e0000-7fa674000000 rw-p 00000000 00:00 0 
7fa674000000-7fa674021000 rw-p 00000000 00:00 0 
7fa674021000-7fa678000000 ---p 00000000 00:00 0 
7fa678000000-7fa678021000 rw-p 00000000 00:00 0 
7fa678021000-7fa67c000000 ---p 00000000 00:00 0 
7fa67c000000-7fa67c021000 rw-p 00000000 00:00 0 
7fa67c021000-7fa680000000 ---p 00000000 00:00 0 
7fa6800af000-7fa6800b2000 ---p 00000000 00:00 0 
7fa6800b2000-7fa6801b0000 rw-p 00000000 00:00 0                          [stack:14177]
7fa6801b0000-7fa6801b4000 r-xp 00000000 fe:00 2630949                    /usr/lib/libtxc_dxtn.so
7fa6801b4000-7fa6803b3000 ---p 00004000 fe:00 2630949                    /usr/lib/libtxc_dxtn.so
7fa6803b3000-7fa6803b4000 r--p 00003000 fe:00 2630949                    /usr/lib/libtxc_dxtn.so
7fa6803b4000-7fa6803b5000 rw-p 00004000 fe:00 2630949                    /usr/lib/libtxc_dxtn.so
7fa6803b5000-7fa680414000 r-xp 00000000 fe:00 2625020                    /usr/lib/libncursesw.so.5.9
7fa680414000-7fa680614000 ---p 0005f000 fe:00 2625020                    /usr/lib/libncursesw.so.5.9
7fa680614000-7fa680618000 r--p 0005f000 fe:00 2625020                    /usr/lib/libncursesw.so.5.9
7fa680618000-7fa68061a000 rw-p 00063000 fe:00 2625020                    /usr/lib/libncursesw.so.5.9
7fa68061a000-7fa680650000 r-xp 00000000 fe:00 2655999                    /usr/lib/libedit.so.0.0.52
7fa680650000-7fa68084f000 ---p 00036000 fe:00 2655999                    /usr/lib/libedit.so.0.0.52
7fa68084f000-7fa680851000 r--p 00035000 fe:00 2655999                    /usr/lib/libedit.so.0.0.52
7fa680851000-7fa680852000 rw-p 00037000 fe:00 2655999                    /usr/lib/libedit.so.0.0.52
7fa680852000-7fa680856000 rw-p 00000000 00:00 0 
7fa680856000-7fa68085e000 r-xp 00000000 fe:00 2632155                    /usr/lib/libffi.so.6.0.4
7fa68085e000-7fa680a5d000 ---p 00008000 fe:00 2632155                    /usr/lib/libffi.so.6.0.4
7fa680a5d000-7fa680a5e000 r--p 00007000 fe:00 2632155                    /usr/lib/libffi.so.6.0.4
7fa680a5e000-7fa680a5f000 rw-p 00008000 fe:00 2632155                    /usr/lib/libffi.so.6.0.4
7fa680a5f000-7fa680a74000 r-xp 00000000 fe:00 2627701                    /usr/lib/libz.so.1.2.8
7fa680a74000-7fa680c73000 ---p 00015000 fe:00 2627701                    /usr/lib/libz.so.1.2.8
7fa680c73000-7fa680c74000 r--p 00014000 fe:00 2627701                    /usr/lib/libz.so.1.2.8
7fa680c74000-7fa680c75000 rw-p 00015000 fe:00 2627701                    /usr/lib/libz.so.1.2.8
7fa680c75000-7fa680c7d000 r-xp 00000000 fe:00 2645324                    /usr/lib/libpciaccess.so.0.11.1
7fa680c7d000-7fa680e7d000 ---p 00008000 fe:00 2645324                    /usr/lib/libpciaccess.so.0.11.1
7fa680e7d000-7fa680e7e000 r--p 00008000 fe:00 2645324                    /usr/lib/libpciaccess.so.0.11.1
7fa680e7e000-7fa680e7f000 rw-p 00009000 fe:00 2645324                    /usr/lib/libpciaccess.so.0.11.1
7fa680e7f000-7fa680e95000 r-xp 00000000 fe:00 2624967                    /usr/lib/libgcc_s.so.1
7fa680e95000-7fa681094000 ---p 00016000 fe:00 2624967                    /usr/lib/libgcc_s.so.1
7fa681094000-7fa681095000 rw-p 00015000 fe:00 2624967                    /usr/lib/libgcc_s.so.1
7fa681095000-7fa681185000 r-xp 00000000 fe:00 2624974                    /usr/lib/libstdc++.so.6.0.20
7fa681185000-7fa681385000 ---p 000f0000 fe:00 2624974                    /usr/lib/libstdc++.so.6.0.20
7fa681385000-7fa68138d000 r--p 000f0000 fe:00 2624974                    /usr/lib/libstdc++.so.6.0.20
7fa68138d000-7fa68138f000 rw-p 000f8000 fe:00 2624974                    /usr/lib/libstdc++.so.6.0.20
7fa68138f000-7fa6813a4000 rw-p 00000000 00:00 0 
7fa6813a4000-7fa6813b9000 r-xp 00000000 fe:00 2645555                    /usr/lib/libelf-0.161.so
7fa6813b9000-7fa6815b9000 ---p 00015000 fe:00 2645555                    /usr/lib/libelf-0.161.so
7fa6815b9000-7fa6815bb000 r--p 00015000 fe:00 2645555                    /usr/lib/libelf-0.161.so
7fa6815bb000-7fa6815bc000 rw-p 00017000 fe:00 2645555                    /usr/lib/libelf-0.161.so
7fa6815bc000-7fa6815c8000 r-xp 00000000 fe:00 2645372                    /usr/lib/libdrm_radeon.so.1.0.1
7fa6815c8000-7fa6817c7000 ---p 0000c000 fe:00 2645372                    /usr/lib/libdrm_radeon.so.1.0.1
7fa6817c7000-7fa6817c8000 r--p 0000b000 fe:00 2645372                    /usr/lib/libdrm_radeon.so.1.0.1
7fa6817c8000-7fa6817c9000 rw-p 0000c000 fe:00 2645372                    /usr/lib/libdrm_radeon.so.1.0.1
7fa6817c9000-7fa6817ea000 r-xp 00000000 fe:00 2645370                    /usr/lib/libdrm_intel.so.1.0.0
7fa6817ea000-7fa6819e9000 ---p 00021000 fe:00 2645370                    /usr/lib/libdrm_intel.so.1.0.0
7fa6819e9000-7fa6819ea000 r--p 00020000 fe:00 2645370                    /usr/lib/libdrm_intel.so.1.0.0
7fa6819ea000-7fa6819eb000 rw-p 00021000 fe:00 2645370                    /usr/lib/libdrm_intel.so.1.0.0
7fa6819eb000-7fa6819f1000 r-xp 00000000 fe:00 2645371                    /usr/lib/libdrm_nouveau.so.2.0.0
7fa6819f1000-7fa681bf0000 ---p 00006000 fe:00 2645371                    /usr/lib/libdrm_nouveau.so.2.0.0
7fa681bf0000-7fa681bf1000 r--p 00005000 fe:00 2645371                    /usr/lib/libdrm_nouveau.so.2.0.0
7fa681bf1000-7fa681bf2000 rw-p 00006000 fe:00 2645371                    /usr/lib/libdrm_nouveau.so.2.0.0
7fa681bf2000-7fa682362000 r-xp 00000000 fe:00 3301865                    /usr/lib/xorg/modules/dri/nouveau_dri.so
7fa682362000-7fa682561000 ---p 00770000 fe:00 3301865                    /usr/lib/xorg/modules/dri/nouveau_dri.so
7fa682561000-7fa6825b8000 r--p 0076f000 fe:00 3301865                    /usr/lib/xorg/modules/dri/nouveau_dri.so
7fa6825b8000-7fa6825c4000 rw-p 007c6000 fe:00 3301865                    /usr/lib/xorg/modules/dri/nouveau_dri.so
7fa6825c4000-7fa6827a9000 rw-p 00000000 00:00 0 
7fa6827a9000-7fa6827ac000 ---p 00000000 00:00 0 
7fa6827ac000-7fa6828aa000 rw-p 00000000 00:00 0 
7fa6828aa000-7fa6828ad000 ---p 00000000 00:00 0 
7fa6828ad000-7fa6829ab000 rw-p 00000000 00:00 0                          [stack:14168]
7fa6829ab000-7fa6829af000 r-xp 00000000 fe:00 2631613                    /usr/lib/libattr.so.1.1.0
7fa6829af000-7fa682bae000 ---p 00004000 fe:00 2631613                    /usr/lib/libattr.so.1.1.0
7fa682bae000-7fa682baf000 r--p 00003000 fe:00 2631613                    /usr/lib/libattr.so.1.1.0
7fa682baf000-7fa682bb0000 rw-p 00004000 fe:00 2631613                    /usr/lib/libattr.so.1.1.0
7fa682bb0000-7fa682bb4000 r-xp 00000000 fe:00 2631742                    /usr/lib/libcap.so.2.24
7fa682bb4000-7fa682db3000 ---p 00004000 fe:00 2631742                    /usr/lib/libcap.so.2.24
7fa682db3000-7fa682db4000 rw-p 00003000 fe:00 2631742                    /usr/lib/libcap.so.2.24
7fa682db4000-7fa682dc8000 r-xp 00000000 fe:00 2624622                    /usr/lib/libresolv-2.21.so
7fa682dc8000-7fa682fc7000 ---p 00014000 fe:00 2624622                    /usr/lib/libresolv-2.21.so
7fa682fc7000-7fa682fc8000 r--p 00013000 fe:00 2624622                    /usr/lib/libresolv-2.21.so
7fa682fc8000-7fa682fc9000 rw-p 00014000 fe:00 2624622                    /usr/lib/libresolv-2.21.so
7fa682fc9000-7fa682fcb000 rw-p 00000000 00:00 0 
7fa682fcb000-7fa682fd0000 r-xp 00000000 fe:00 2624684                    /usr/lib/libnss_dns-2.21.so
7fa682fd0000-7fa6831cf000 ---p 00005000 fe:00 2624684                    /usr/lib/libnss_dns-2.21.so
7fa6831cf000-7fa6831d0000 r--p 00004000 fe:00 2624684                    /usr/lib/libnss_dns-2.21.so
7fa6831d0000-7fa6831d1000 rw-p 00005000 fe:00 2624684                    /usr/lib/libnss_dns-2.21.so
7fa6831d1000-7fa6831d6000 r-xp 00000000 fe:00 2627693                    /usr/lib/libXdmcp.so.6.0.0
7fa6831d6000-7fa6833d5000 ---p 00005000 fe:00 2627693                    /usr/lib/libXdmcp.so.6.0.0
7fa6833d5000-7fa6833d6000 r--p 00004000 fe:00 2627693                    /usr/lib/libXdmcp.so.6.0.0
7fa6833d6000-7fa6833d7000 rw-p 00005000 fe:00 2627693                    /usr/lib/libXdmcp.so.6.0.0
7fa6833d7000-7fa6833d9000 r-xp 00000000 fe:00 2640834                    /usr/lib/libXau.so.6.0.0
7fa6833d9000-7fa6835d9000 ---p 00002000 fe:00 2640834                    /usr/lib/libXau.so.6.0.0
7fa6835d9000-7fa6835da000 r--p 00002000 fe:00 2640834                    /usr/lib/libXau.so.6.0.0
7fa6835da000-7fa6835db000 rw-p 00003000 fe:00 2640834                    /usr/lib/libXau.so.6.0.0
7fa6835db000-7fa6835e4000 r-xp 00000000 fe:00 2645497                    /usr/lib/libXrender.so.1.3.0
7fa6835e4000-7fa6837e3000 ---p 00009000 fe:00 2645497                    /usr/lib/libXrender.so.1.3.0
7fa6837e3000-7fa6837e4000 r--p 00008000 fe:00 2645497                    /usr/lib/libXrender.so.1.3.0
7fa6837e4000-7fa6837e5000 rw-p 00009000 fe:00 2645497                    /usr/lib/libXrender.so.1.3.0
7fa6837e5000-7fa6837f1000 r-xp 00000000 fe:00 2645368                    /usr/lib/libdrm.so.2.4.0
7fa6837f1000-7fa6839f0000 ---p 0000c000 fe:00 2645368                    /usr/lib/libdrm.so.2.4.0
7fa6839f0000-7fa6839f1000 r--p 0000b000 fe:00 2645368                    /usr/lib/libdrm.so.2.4.0
7fa6839f1000-7fa6839f2000 rw-p 0000c000 fe:00 2645368                    /usr/lib/libdrm.so.2.4.0
7fa6839f2000-7fa6839f3000 r-xp 00000000 fe:00 2645518                    /usr/lib/libxshmfence.so.1.0.0
7fa6839f3000-7fa683bf3000 ---p 00001000 fe:00 2645518                    /usr/lib/libxshmfence.so.1.0.0
7fa683bf3000-7fa683bf4000 r--p 00001000 fe:00 2645518                    /usr/lib/libxshmfence.so.1.0.0
7fa683bf4000-7fa683bf5000 rw-p 00002000 fe:00 2645518                    /usr/lib/libxshmfence.so.1.0.0
7fa683bf5000-7fa683bfa000 r-xp 00000000 fe:00 2643171                    /usr/lib/libxcb-sync.so.1.0.0
7fa683bfa000-7fa683dfa000 ---p 00005000 fe:00 2643171                    /usr/lib/libxcb-sync.so.1.0.0
7fa683dfa000-7fa683dfb000 r--p 00005000 fe:00 2643171                    /usr/lib/libxcb-sync.so.1.0.0
7fa683dfb000-7fa683dfc000 rw-p 00006000 fe:00 2643171                    /usr/lib/libxcb-sync.so.1.0.0
7fa683dfc000-7fa683dff000 r-xp 00000000 fe:00 2643140                    /usr/lib/libxcb-shape.so.0.0.0
7fa683dff000-7fa683ffe000 ---p 00003000 fe:00 2643140                    /usr/lib/libxcb-shape.so.0.0.0
7fa683ffe000-7fa683fff000 r--p 00002000 fe:00 2643140                    /usr/lib/libxcb-shape.so.0.0.0
7fa683fff000-7fa684000000 rw-p 00003000 fe:00 2643140                    /usr/lib/libxcb-shape.so.0.0.0
7fa684000000-7fa684021000 rw-p 00000000 00:00 0 
7fa684021000-7fa688000000 ---p 00000000 00:00 0 
7fa68809e000-7fa6880ae000 r-xp 00000000 fe:00 2655815                    /usr/lib/libudev.so.1.6.2
7fa6880ae000-7fa6880af000 r--p 0000f000 fe:00 2655815                    /usr/lib/libudev.so.1.6.2
7fa6880af000-7fa6880b0000 rw-p 00010000 fe:00 2655815                    /usr/lib/libudev.so.1.6.2
7fa6880b0000-7fa6880bc000 r-xp 00000000 fe:00 2633439                    /usr/lib/libnss_myhostname.so.2
7fa6880bc000-7fa6880bd000 ---p 0000c000 fe:00 2633439                    /usr/lib/libnss_myhostname.so.2
7fa6880bd000-7fa6880bf000 r--p 0000c000 fe:00 2633439                    /usr/lib/libnss_myhostname.so.2
7fa6880bf000-7fa6880c0000 rw-p 0000e000 fe:00 2633439                    /usr/lib/libnss_myhostname.so.2
7fa6880c0000-7fa6880c9000 r-xp 00000000 fe:00 2643125                    /usr/lib/libxcb-render.so.0.0.0
7fa6880c9000-7fa6882c8000 ---p 00009000 fe:00 2643125                    /usr/lib/libxcb-render.so.0.0.0
7fa6882c8000-7fa6882c9000 r--p 00008000 fe:00 2643125                    /usr/lib/libxcb-render.so.0.0.0
7fa6882c9000-7fa6882ca000 rw-p 00009000 fe:00 2643125                    /usr/lib/libxcb-render.so.0.0.0
7fa6882ca000-7fa6882d0000 r-xp 00000000 fe:00 2643122                    /usr/lib/libxcb-xfixes.so.0.0.0
7fa6882d0000-7fa6884d0000 ---p 00006000 fe:00 2643122                    /usr/lib/libxcb-xfixes.so.0.0.0
7fa6884d0000-7fa6884d1000 r--p 00006000 fe:00 2643122                    /usr/lib/libxcb-xfixes.so.0.0.0
7fa6884d1000-7fa6884d2000 rw-p 00007000 fe:00 2643122                    /usr/lib/libxcb-xfixes.so.0.0.0
7fa6884d2000-7fa6884df000 r-xp 00000000 fe:00 2643179                    /usr/lib/libxcb-randr.so.0.1.0
7fa6884df000-7fa6886de000 ---p 0000d000 fe:00 2643179                    /usr/lib/libxcb-randr.so.0.1.0
7fa6886de000-7fa6886df000 r--p 0000c000 fe:00 2643179                    /usr/lib/libxcb-randr.so.0.1.0
7fa6886df000-7fa6886e0000 rw-p 0000d000 fe:00 2643179                    /usr/lib/libxcb-randr.so.0.1.0
7fa6886e0000-7fa6886e2000 r-xp 00000000 fe:00 2643158                    /usr/lib/libxcb-present.so.0.0.0
7fa6886e2000-7fa6888e1000 ---p 00002000 fe:00 2643158                    /usr/lib/libxcb-present.so.0.0.0
7fa6888e1000-7fa6888e2000 r--p 00001000 fe:00 2643158                    /usr/lib/libxcb-present.so.0.0.0
7fa6888e2000-7fa6888e3000 rw-p 00002000 fe:00 2643158                    /usr/lib/libxcb-present.so.0.0.0
7fa6888e3000-7fa6888e5000 r-xp 00000000 fe:00 2643130                    /usr/lib/libxcb-dri3.so.0.0.0
7fa6888e5000-7fa688ae4000 ---p 00002000 fe:00 2643130                    /usr/lib/libxcb-dri3.so.0.0.0
7fa688ae4000-7fa688ae5000 r--p 00001000 fe:00 2643130                    /usr/lib/libxcb-dri3.so.0.0.0
7fa688ae5000-7fa688ae6000 rw-p 00002000 fe:00 2643130                    /usr/lib/libxcb-dri3.so.0.0.0
7fa688ae6000-7fa688aea000 r-xp 00000000 fe:00 2643155                    /usr/lib/libxcb-dri2.so.0.0.0
7fa688aea000-7fa688ce9000 ---p 00004000 fe:00 2643155                    /usr/lib/libxcb-dri2.so.0.0.0
7fa688ce9000-7fa688cea000 r--p 00003000 fe:00 2643155                    /usr/lib/libxcb-dri2.so.0.0.0
7fa688cea000-7fa688ceb000 rw-p 00004000 fe:00 2643155                    /usr/lib/libxcb-dri2.so.0.0.0
7fa688ceb000-7fa688d02000 r-xp 00000000 fe:00 2643129                    /usr/lib/libxcb-glx.so.0.0.0
7fa688d02000-7fa688f02000 ---p 00017000 fe:00 2643129                    /usr/lib/libxcb-glx.so.0.0.0
7fa688f02000-7fa688f04000 r--p 00017000 fe:00 2643129                    /usr/lib/libxcb-glx.so.0.0.0
7fa688f04000-7fa688f05000 rw-p 00019000 fe:00 2643129                    /usr/lib/libxcb-glx.so.0.0.0
7fa688f05000-7fa688f06000 r-xp 00000000 fe:00 2643225                    /usr/lib/libX11-xcb.so.1.0.0
7fa688f06000-7fa689105000 ---p 00001000 fe:00 2643225                    /usr/lib/libX11-xcb.so.1.0.0
7fa689105000-7fa689106000 r--p 00000000 fe:00 2643225                    /usr/lib/libX11-xcb.so.1.0.0
7fa689106000-7fa689107000 rw-p 00001000 fe:00 2643225                    /usr/lib/libX11-xcb.so.1.0.0
7fa689107000-7fa68910c000 r-xp 00000000 fe:00 2644195                    /usr/lib/libXfixes.so.3.1.0
7fa68910c000-7fa68930b000 ---p 00005000 fe:00 2644195                    /usr/lib/libXfixes.so.3.1.0
7fa68930b000-7fa68930c000 r--p 00004000 fe:00 2644195                    /usr/lib/libXfixes.so.3.1.0
7fa68930c000-7fa68930d000 rw-p 00005000 fe:00 2644195                    /usr/lib/libXfixes.so.3.1.0
7fa68930d000-7fa68930f000 r-xp 00000000 fe:00 2645591                    /usr/lib/libXdamage.so.1.1.0
7fa68930f000-7fa68950e000 ---p 00002000 fe:00 2645591                    /usr/lib/libXdamage.so.1.1.0
7fa68950e000-7fa68950f000 r--p 00001000 fe:00 2645591                    /usr/lib/libXdamage.so.1.1.0
7fa68950f000-7fa689510000 rw-p 00002000 fe:00 2645591                    /usr/lib/libXdamage.so.1.1.0
7fa689510000-7fa689521000 r-xp 00000000 fe:00 2644111                    /usr/lib/libXext.so.6.4.0
7fa689521000-7fa689720000 ---p 00011000 fe:00 2644111                    /usr/lib/libXext.so.6.4.0
7fa689720000-7fa689721000 r--p 00010000 fe:00 2644111                    /usr/lib/libXext.so.6.4.0
7fa689721000-7fa689722000 rw-p 00011000 fe:00 2644111                    /usr/lib/libXext.so.6.4.0
7fa689722000-7fa689748000 r-xp 00000000 fe:00 2649644                    /usr/lib/libglapi.so.0.0.0
7fa689748000-7fa689948000 ---p 00026000 fe:00 2649644                    /usr/lib/libglapi.so.0.0.0
7fa689948000-7fa68994b000 r--p 00026000 fe:00 2649644                    /usr/lib/libglapi.so.0.0.0
7fa68994b000-7fa68994c000 rw-p 00029000 fe:00 2649644                    /usr/lib/libglapi.so.0.0.0
7fa68994c000-7fa68994d000 rw-p 00000000 00:00 0 
7fa68994d000-7fa689974000 r-xp 00000000 fe:00 2631998                    /usr/lib/libexpat.so.1.6.0
7fa689974000-7fa689b73000 ---p 00027000 fe:00 2631998                    /usr/lib/libexpat.so.1.6.0
7fa689b73000-7fa689b76000 r--p 00026000 fe:00 2631998                    /usr/lib/libexpat.so.1.6.0
7fa689b76000-7fa689b77000 rw-p 00029000 fe:00 2631998                    /usr/lib/libexpat.so.1.6.0
7fa689b77000-7fa689b98000 r-xp 00000000 fe:00 2643143                    /usr/lib/libxcb.so.1.1.0
7fa689b98000-7fa689d97000 ---p 00021000 fe:00 2643143                    /usr/lib/libxcb.so.1.1.0
7fa689d97000-7fa689d98000 r--p 00020000 fe:00 2643143                    /usr/lib/libxcb.so.1.1.0
7fa689d98000-7fa689d99000 rw-p 00021000 fe:00 2643143                    /usr/lib/libxcb.so.1.1.0
7fa689d99000-7fa689da3000 r-xp 00000000 fe:00 2645985                    /usr/lib/libXcursor.so.1.0.2
7fa689da3000-7fa689fa2000 ---p 0000a000 fe:00 2645985                    /usr/lib/libXcursor.so.1.0.2
7fa689fa2000-7fa689fa3000 r--p 00009000 fe:00 2645985                    /usr/lib/libXcursor.so.1.0.2
7fa689fa3000-7fa689fa4000 rw-p 0000a000 fe:00 2645985                    /usr/lib/libXcursor.so.1.0.2
7fa689fa4000-7fa689fa6000 r-xp 00000000 fe:00 2645987                    /usr/lib/libXinerama.so.1.0.0
7fa689fa6000-7fa68a1a5000 ---p 00002000 fe:00 2645987                    /usr/lib/libXinerama.so.1.0.0
7fa68a1a5000-7fa68a1a6000 r--p 00001000 fe:00 2645987                    /usr/lib/libXinerama.so.1.0.0
7fa68a1a6000-7fa68a1a7000 rw-p 00002000 fe:00 2645987                    /usr/lib/libXinerama.so.1.0.0
7fa68a1a7000-7fa68a1ac000 r-xp 00000000 fe:00 2645576                    /usr/lib/libXxf86vm.so.1.0.0
7fa68a1ac000-7fa68a3ab000 ---p 00005000 fe:00 2645576                    /usr/lib/libXxf86vm.so.1.0.0
7fa68a3ab000-7fa68a3ac000 r--p 00004000 fe:00 2645576                    /usr/lib/libXxf86vm.so.1.0.0
7fa68a3ac000-7fa68a3ad000 rw-p 00005000 fe:00 2645576                    /usr/lib/libXxf86vm.so.1.0.0
7fa68a3ad000-7fa68a3b6000 r-xp 00000000 fe:00 2645997                    /usr/lib/libXrandr.so.2.2.0
7fa68a3b6000-7fa68a5b5000 ---p 00009000 fe:00 2645997                    /usr/lib/libXrandr.so.2.2.0
7fa68a5b5000-7fa68a5b6000 r--p 00008000 fe:00 2645997                    /usr/lib/libXrandr.so.2.2.0
7fa68a5b6000-7fa68a5b7000 rw-p 00009000 fe:00 2645997                    /usr/lib/libXrandr.so.2.2.0
7fa68a5b7000-7fa68a5c6000 r-xp 00000000 fe:00 2644191                    /usr/lib/libXi.so.6.1.0
7fa68a5c6000-7fa68a7c6000 ---p 0000f000 fe:00 2644191                    /usr/lib/libXi.so.6.1.0
7fa68a7c6000-7fa68a7c7000 r--p 0000f000 fe:00 2644191                    /usr/lib/libXi.so.6.1.0
7fa68a7c7000-7fa68a7c8000 rw-p 00010000 fe:00 2644191                    /usr/lib/libXi.so.6.1.0
7fa68a7c8000-7fa68a860000 r-xp 00000000 fe:00 3297220                    /usr/lib/mesa/libGL.so.1.2.0
7fa68a860000-7fa68aa5f000 ---p 00098000 fe:00 3297220                    /usr/lib/mesa/libGL.so.1.2.0
7fa68aa5f000-7fa68aa62000 r--p 00097000 fe:00 3297220                    /usr/lib/mesa/libGL.so.1.2.0
7fa68aa62000-7fa68aa63000 rw-p 0009a000 fe:00 3297220                    /usr/lib/mesa/libGL.so.1.2.0
7fa68aa63000-7fa68aa64000 rw-p 00000000 00:00 0 
7fa68aa64000-7fa68ab9f000 r-xp 00000000 fe:00 2643224                    /usr/lib/libX11.so.6.3.0
7fa68ab9f000-7fa68ad9e000 ---p 0013b000 fe:00 2643224                    /usr/lib/libX11.so.6.3.0
7fa68ad9e000-7fa68ada0000 r--p 0013a000 fe:00 2643224                    /usr/lib/libX11.so.6.3.0
7fa68ada0000-7fa68ada5000 rw-p 0013c000 fe:00 2643224                    /usr/lib/libX11.so.6.3.0
7fa68ada5000-7fa68ada6000 rw-p 00000000 00:00 0 
7fa68add1000-7fa68add5000 r--s 00093000 fe:00 3949442                    /usr/lib/jvm/java-8-jdk/jre/lib/jsse.jar
7fa68add5000-7fa68addf000 r--s 00116000 fe:00 3949472                    /usr/lib/jvm/java-8-jdk/jre/lib/ext/localedata.jar
7fa68addf000-7fa68adfb000 r--s 00393000 fe:00 3949466                    /usr/lib/jvm/java-8-jdk/jre/lib/ext/cldrdata.jar
7fa68adfb000-7fa68ae6d000 r-xp 00000000 fe:02 41551762                   /home/beenotung/git/workspace/hkcc-pacman-robot/lib/lwjgl3/native/linux/x64/liblwjgl.so
7fa68ae6d000-7fa68b06c000 ---p 00072000 fe:02 41551762                   /home/beenotung/git/workspace/hkcc-pacman-robot/lib/lwjgl3/native/linux/x64/liblwjgl.so
7fa68b06c000-7fa68b06d000 r--p 00071000 fe:02 41551762                   /home/beenotung/git/workspace/hkcc-pacman-robot/lib/lwjgl3/native/linux/x64/liblwjgl.so
7fa68b06d000-7fa68b06e000 rw-p 00072000 fe:02 41551762                   /home/beenotung/git/workspace/hkcc-pacman-robot/lib/lwjgl3/native/linux/x64/liblwjgl.so
7fa68b06e000-7fa68b0a0000 rw-p 00000000 00:00 0 
7fa68b0a0000-7fa68b0b6000 r-xp 00000000 fe:00 4072527                    /usr/lib/jvm/java-8-jdk/jre/lib/amd64/libnet.so
7fa68b0b6000-7fa68b2b6000 ---p 00016000 fe:00 4072527                    /usr/lib/jvm/java-8-jdk/jre/lib/amd64/libnet.so
7fa68b2b6000-7fa68b2b7000 rw-p 00016000 fe:00 4072527                    /usr/lib/jvm/java-8-jdk/jre/lib/amd64/libnet.so
7fa68b2b7000-7fa68b2ba000 ---p 00000000 00:00 0 
7fa68b2ba000-7fa68b3b8000 rw-p 00000000 00:00 0                          [stack:14157]
7fa68b3b8000-7fa68b3ba000 r--s 00016000 fe:00 3939981                    /usr/share/intellijidea-ce/lib/idea_rt.jar
7fa68b3ba000-7fa68b3bd000 r--s 00011000 fe:02 41551757                   /home/beenotung/git/workspace/hkcc-pacman-robot/lib/lwjgl3/jar/disruptor.jar
7fa68b3bd000-7fa68b3cc000 r--s 0012b000 fe:02 41551758                   /home/beenotung/git/workspace/hkcc-pacman-robot/lib/lwjgl3/jar/lwjgl.jar
7fa68b3cc000-7fa68b474000 r--s 0090a000 fe:02 41551950                   /home/beenotung/git/workspace/hkcc-pacman-robot/lib/NeuroEvolution/NeuroEvolution.jar
7fa68b474000-7fa68b4f8000 r--s 00826000 fe:02 41682275                   /home/beenotung/git/workspace/hkcc-pacman-robot/lib/myutils/myutils.jar
7fa68b4f8000-7fa68b4fa000 r--s 0000f000 fe:02 41681194                   /home/beenotung/git/workspace/hkcc-pacman-robot/lib/pi4j/pi4j-gpio-extension-sources.jar
7fa68b4fa000-7fa68b4fd000 r--s 00032000 fe:02 41681193                   /home/beenotung/git/workspace/hkcc-pacman-robot/lib/pi4j/pi4j-gpio-extension-javadoc.jar
7fa68b4fd000-7fa68b4ff000 r--s 00003000 fe:02 41681197                   /home/beenotung/git/workspace/hkcc-pacman-robot/lib/pi4j/pi4j-service-sources.jar
7fa68b4ff000-7fa68b501000 r--s 00012000 fe:02 41681196                   /home/beenotung/git/workspace/hkcc-pacman-robot/lib/pi4j/pi4j-service-javadoc.jar
7fa68b501000-7fa68b503000 r--s 00013000 fe:02 41681191                   /home/beenotung/git/workspace/hkcc-pacman-robot/lib/pi4j/pi4j-example-sources.jar
7fa68b503000-7fa68b506000 r--s 00031000 fe:02 41681190                   /home/beenotung/git/workspace/hkcc-pacman-robot/lib/pi4j/pi4j-example-javadoc.jar
7fa68b506000-7fa68b508000 r--s 00011000 fe:02 41681195                   /home/beenotung/git/workspace/hkcc-pacman-robot/lib/pi4j/pi4j-gpio-extension.jar
7fa68b508000-7fa68b50e000 r--s 00033000 fe:02 41681186                   /home/beenotung/git/workspace/hkcc-pacman-robot/lib/pi4j/pi4j-device-sources.jar
7fa68b50e000-7fa68b51e000 r--s 00124000 fe:02 41681185                   /home/beenotung/git/workspace/hkcc-pacman-robot/lib/pi4j/pi4j-device-javadoc.jar
7fa68b51e000-7fa68b523000 r--s 00038000 fe:02 41681183                   /home/beenotung/git/workspace/hkcc-pacman-robot/lib/pi4j/pi4j-core-sources.jar
7fa68b523000-7fa68b52d000 r--s 000d6000 fe:02 41681182                   /home/beenotung/git/workspace/hkcc-pacman-robot/lib/pi4j/pi4j-core-javadoc.jar
7fa68b52d000-7fa68b52f000 r--s 00003000 fe:02 41681198                   /home/beenotung/git/workspace/hkcc-pacman-robot/lib/pi4j/pi4j-service.jar
7fa68b52f000-7fa68b532000 r--s 00018000 fe:02 41681192                   /home/beenotung/git/workspace/hkcc-pacman-robot/lib/pi4j/pi4j-example.jar
7fa68b532000-7fa68b533000 ---p 00000000 00:00 0 
7fa68b533000-7fa68b633000 rw-p 00000000 00:00 0                          [stack:14156]
7fa68b633000-7fa68b636000 ---p 00000000 00:00 0 
7fa68b636000-7fa68b734000 rw-p 00000000 00:00 0                          [stack:14155]
7fa68b734000-7fa68b737000 ---p 00000000 00:00 0 
7fa68b737000-7fa68b835000 rw-p 00000000 00:00 0                          [stack:14154]
7fa68b835000-7fa68b838000 ---p 00000000 00:00 0 
7fa68b838000-7fa68b936000 rw-p 00000000 00:00 0                          [stack:14153]
7fa68b936000-7fa68b939000 ---p 00000000 00:00 0 
7fa68b939000-7fa68ba37000 rw-p 00000000 00:00 0                          [stack:14152]
7fa68ba37000-7fa68ba3a000 ---p 00000000 00:00 0 
7fa68ba3a000-7fa68bb38000 rw-p 00000000 00:00 0                          [stack:14151]
7fa68bb38000-7fa68bb3b000 ---p 00000000 00:00 0 
7fa68bb3b000-7fa68bc39000 rw-p 00000000 00:00 0                          [stack:14150]
7fa68bc39000-7fa68bdfe000 r--p 00000000 fe:00 2655801                    /usr/lib/locale/locale-archive
7fa68bdfe000-7fa68be01000 ---p 00000000 00:00 0 
7fa68be01000-7fa68beff000 rw-p 00000000 00:00 0                          [stack:14140]
7fa68beff000-7fa68bf02000 ---p 00000000 00:00 0 
7fa68bf02000-7fa68c000000 rw-p 00000000 00:00 0                          [stack:14139]
7fa68c000000-7fa68c021000 rw-p 00000000 00:00 0 
7fa68c021000-7fa690000000 ---p 00000000 00:00 0 
7fa690000000-7fa690021000 rw-p 00000000 00:00 0 
7fa690021000-7fa694000000 ---p 00000000 00:00 0 
7fa694000000-7fa694021000 rw-p 00000000 00:00 0 
7fa694021000-7fa698000000 ---p 00000000 00:00 0 
7fa698000000-7fa698021000 rw-p 00000000 00:00 0 
7fa698021000-7fa69c000000 ---p 00000000 00:00 0 
7fa69c001000-7fa69c008000 r--s 0002c000 fe:02 41681189                   /home/beenotung/git/workspace/hkcc-pacman-robot/lib/pi4j/pi4j-device.jar
7fa69c008000-7fa69c00d000 r--s 0002f000 fe:02 41681184                   /home/beenotung/git/workspace/hkcc-pacman-robot/lib/pi4j/pi4j-core.jar
7fa69c00d000-7fa69c013000 r--s 00036000 fe:02 41681180                   /home/beenotung/git/workspace/hkcc-pacman-robot/lib/pi4j/junit.jar
7fa69c013000-7fa69c06c000 r--s 004f6000 fe:02 41812706                   /home/beenotung/.ivy2/cache/org.scala-lang/scala-library/jars/scala-library-2.11.6.jar
7fa69c06c000-7fa69c07f000 r--s 000d5000 fe:00 3949455                    /usr/lib/jvm/java-8-jdk/jre/lib/plugin.jar
7fa69c07f000-7fa69c092000 r--s 00344000 fe:00 3949438                    /usr/lib/jvm/java-8-jdk/jre/lib/resources.jar
7fa69c092000-7fa69c0ab000 r--s 001ea000 fe:00 3949441                    /usr/lib/jvm/java-8-jdk/jre/lib/deploy.jar
7fa69c0ab000-7fa69c0ac000 ---p 00000000 00:00 0 
7fa69c0ac000-7fa69ddae000 rw-p 00000000 00:00 0                          [stack:14137]
7fa69ddae000-7fa69df84000 r--s 03caa000 fe:00 3949446                    /usr/lib/jvm/java-8-jdk/jre/lib/rt.jar
7fa69df84000-7fa69efcc000 rw-p 00000000 00:00 0 
7fa69efcc000-7fa69efcd000 ---p 00000000 00:00 0 
7fa69efcd000-7fa69f0cd000 rw-p 00000000 00:00 0                          [stack:14126]
7fa69f0cd000-7fa69f0ce000 ---p 00000000 00:00 0 
7fa69f0ce000-7fa69f1ce000 rw-p 00000000 00:00 0                          [stack:14125]
7fa69f1ce000-7fa69f1cf000 ---p 00000000 00:00 0 
7fa69f1cf000-7fa69f2cf000 rw-p 00000000 00:00 0                          [stack:14124]
7fa69f2cf000-7fa69f2d0000 ---p 00000000 00:00 0 
7fa69f2d0000-7fa69f3d0000 rw-p 00000000 00:00 0                          [stack:14123]
7fa69f3d0000-7fa69f3d1000 ---p 00000000 00:00 0 
7fa69f3d1000-7fa69f4d1000 rw-p 00000000 00:00 0                          [stack:14122]
7fa69f4d1000-7fa69f4d2000 ---p 00000000 00:00 0 
7fa69f4d2000-7fa69f5d2000 rw-p 00000000 00:00 0                          [stack:14121]
7fa69f5d2000-7fa69f5d3000 ---p 00000000 00:00 0 
7fa69f5d3000-7fa69f727000 rw-p 00000000 00:00 0                          [stack:14120]
7fa69f727000-7fa69fc0a000 ---p 00000000 00:00 0 
7fa69fc0a000-7fa69fc5e000 rw-p 00000000 00:00 0 
7fa69fc5e000-7fa6a0140000 ---p 00000000 00:00 0 
7fa6a0140000-7fa6a016b000 rw-p 00000000 00:00 0 
7fa6a016b000-7fa6a03dc000 ---p 00000000 00:00 0 
7fa6a03dc000-7fa6a03e8000 rw-p 00000000 00:00 0 
7fa6a03e8000-7fa6a079d000 ---p 00000000 00:00 0 
7fa6a079d000-7fa6a0a3d000 rwxp 00000000 00:00 0 
7fa6a0a3d000-7fa6af79d000 ---p 00000000 00:00 0 
7fa6af79d000-7fa6af7b7000 r-xp 00000000 fe:00 4072537                    /usr/lib/jvm/java-8-jdk/jre/lib/amd64/libzip.so
7fa6af7b7000-7fa6af9b7000 ---p 0001a000 fe:00 4072537                    /usr/lib/jvm/java-8-jdk/jre/lib/amd64/libzip.so
7fa6af9b7000-7fa6af9b8000 rw-p 0001a000 fe:00 4072537                    /usr/lib/jvm/java-8-jdk/jre/lib/amd64/libzip.so
7fa6af9b8000-7fa6af9c3000 r-xp 00000000 fe:00 2624626                    /usr/lib/libnss_files-2.21.so
7fa6af9c3000-7fa6afbc3000 ---p 0000b000 fe:00 2624626                    /usr/lib/libnss_files-2.21.so
7fa6afbc3000-7fa6afbc4000 r--p 0000b000 fe:00 2624626                    /usr/lib/libnss_files-2.21.so
7fa6afbc4000-7fa6afbc5000 rw-p 0000c000 fe:00 2624626                    /usr/lib/libnss_files-2.21.so
7fa6afbc5000-7fa6afbef000 r-xp 00000000 fe:00 4072557                    /usr/lib/jvm/java-8-jdk/jre/lib/amd64/libjava.so
7fa6afbef000-7fa6afdef000 ---p 0002a000 fe:00 4072557                    /usr/lib/jvm/java-8-jdk/jre/lib/amd64/libjava.so
7fa6afdef000-7fa6afdf1000 rw-p 0002a000 fe:00 4072557                    /usr/lib/jvm/java-8-jdk/jre/lib/amd64/libjava.so
7fa6afdf1000-7fa6afdfe000 r-xp 00000000 fe:00 4072544                    /usr/lib/jvm/java-8-jdk/jre/lib/amd64/libverify.so
7fa6afdfe000-7fa6afffe000 ---p 0000d000 fe:00 4072544                    /usr/lib/jvm/java-8-jdk/jre/lib/amd64/libverify.so
7fa6afffe000-7fa6b0000000 rw-p 0000d000 fe:00 4072544                    /usr/lib/jvm/java-8-jdk/jre/lib/amd64/libverify.so
7fa6b0000000-7fa6b054a000 rw-p 00000000 00:00 0 
7fa6b054a000-7fa6b4000000 ---p 00000000 00:00 0 
7fa6b4000000-7fa6b4001000 rwxp 00000000 00:00 0 
7fa6b4001000-7fa6b4003000 r--s 0001a000 fe:00 3949452                    /usr/lib/jvm/java-8-jdk/jre/lib/jce.jar
7fa6b4003000-7fa6b4007000 r--s 00093000 fe:00 3949442                    /usr/lib/jvm/java-8-jdk/jre/lib/jsse.jar
7fa6b4007000-7fa6b400c000 r--s 00084000 fe:00 3949445                    /usr/lib/jvm/java-8-jdk/jre/lib/jfr.jar
7fa6b400c000-7fa6b4016000 r--s 00069000 fe:00 3949459                    /usr/lib/jvm/java-8-jdk/jre/lib/javaws.jar
7fa6b4016000-7fa6b4018000 r--s 00007000 fe:00 3949435                    /usr/lib/jvm/java-8-jdk/jre/lib/jfxswt.jar
7fa6b4018000-7fa6b4094000 rw-p 00000000 00:00 0 
7fa6b4094000-7fa6b4095000 ---p 00000000 00:00 0 
7fa6b4095000-7fa6b4195000 rw-p 00000000 00:00 0                          [stack:14119]
7fa6b4195000-7fa6b419c000 r-xp 00000000 fe:00 2624673                    /usr/lib/librt-2.21.so
7fa6b419c000-7fa6b439b000 ---p 00007000 fe:00 2624673                    /usr/lib/librt-2.21.so
7fa6b439b000-7fa6b439c000 r--p 00006000 fe:00 2624673                    /usr/lib/librt-2.21.so
7fa6b439c000-7fa6b439d000 rw-p 00007000 fe:00 2624673                    /usr/lib/librt-2.21.so
7fa6b439d000-7fa6b44a0000 r-xp 00000000 fe:00 2624701                    /usr/lib/libm-2.21.so
7fa6b44a0000-7fa6b46a0000 ---p 00103000 fe:00 2624701                    /usr/lib/libm-2.21.so
7fa6b46a0000-7fa6b46a1000 r--p 00103000 fe:00 2624701                    /usr/lib/libm-2.21.so
7fa6b46a1000-7fa6b46a2000 rw-p 00104000 fe:00 2624701                    /usr/lib/libm-2.21.so
7fa6b46a2000-7fa6b530f000 r-xp 00000000 fe:00 4460819                    /usr/lib/jvm/java-8-jdk/jre/lib/amd64/server/libjvm.so
7fa6b530f000-7fa6b550e000 ---p 00c6d000 fe:00 4460819                    /usr/lib/jvm/java-8-jdk/jre/lib/amd64/server/libjvm.so
7fa6b550e000-7fa6b55e4000 rw-p 00c6c000 fe:00 4460819                    /usr/lib/jvm/java-8-jdk/jre/lib/amd64/server/libjvm.so
7fa6b55e4000-7fa6b5627000 rw-p 00000000 00:00 0 
7fa6b5627000-7fa6b57c0000 r-xp 00000000 fe:00 2624641                    /usr/lib/libc-2.21.so
7fa6b57c0000-7fa6b59c0000 ---p 00199000 fe:00 2624641                    /usr/lib/libc-2.21.so
7fa6b59c0000-7fa6b59c4000 r--p 00199000 fe:00 2624641                    /usr/lib/libc-2.21.so
7fa6b59c4000-7fa6b59c6000 rw-p 0019d000 fe:00 2624641                    /usr/lib/libc-2.21.so
7fa6b59c6000-7fa6b59ca000 rw-p 00000000 00:00 0 
7fa6b59ca000-7fa6b59cc000 r-xp 00000000 fe:00 2624682                    /usr/lib/libdl-2.21.so
7fa6b59cc000-7fa6b5bcc000 ---p 00002000 fe:00 2624682                    /usr/lib/libdl-2.21.so
7fa6b5bcc000-7fa6b5bcd000 r--p 00002000 fe:00 2624682                    /usr/lib/libdl-2.21.so
7fa6b5bcd000-7fa6b5bce000 rw-p 00003000 fe:00 2624682                    /usr/lib/libdl-2.21.so
7fa6b5bce000-7fa6b5be3000 r-xp 00000000 fe:00 4460811                    /usr/lib/jvm/java-8-jdk/jre/lib/amd64/jli/libjli.so
7fa6b5be3000-7fa6b5de2000 ---p 00015000 fe:00 4460811                    /usr/lib/jvm/java-8-jdk/jre/lib/amd64/jli/libjli.so
7fa6b5de2000-7fa6b5de3000 rw-p 00014000 fe:00 4460811                    /usr/lib/jvm/java-8-jdk/jre/lib/amd64/jli/libjli.so
7fa6b5de3000-7fa6b5dfb000 r-xp 00000000 fe:00 2624671                    /usr/lib/libpthread-2.21.so
7fa6b5dfb000-7fa6b5ffa000 ---p 00018000 fe:00 2624671                    /usr/lib/libpthread-2.21.so
7fa6b5ffa000-7fa6b5ffb000 r--p 00017000 fe:00 2624671                    /usr/lib/libpthread-2.21.so
7fa6b5ffb000-7fa6b5ffc000 rw-p 00018000 fe:00 2624671                    /usr/lib/libpthread-2.21.so
7fa6b5ffc000-7fa6b6000000 rw-p 00000000 00:00 0 
7fa6b6000000-7fa6b6022000 r-xp 00000000 fe:00 2624696                    /usr/lib/ld-2.21.so
7fa6b6023000-7fa6b6028000 r--s 002f8000 fe:00 3949453                    /usr/lib/jvm/java-8-jdk/jre/lib/charsets.jar
7fa6b6028000-7fa6b60c6000 rw-p 00000000 00:00 0 
7fa6b60c6000-7fa6b60c9000 ---p 00000000 00:00 0 
7fa6b60c9000-7fa6b61cb000 rw-p 00000000 00:00 0                          [stack:14118]
7fa6b61cb000-7fa6b61cc000 rwxp 00000000 00:00 0 
7fa6b61cc000-7fa6b61cd000 r--s 00000000 fe:00 3949449                    /usr/lib/jvm/java-8-jdk/jre/lib/management-agent.jar
7fa6b61cd000-7fa6b6216000 rw-p 00000000 00:00 0 
7fa6b6216000-7fa6b621e000 rw-s 00000000 00:1f 123925                     /tmp/hsperfdata_beenotung/14117
7fa6b621e000-7fa6b621f000 rw-p 00000000 00:00 0 
7fa6b621f000-7fa6b6220000 r--p 00000000 00:00 0 
7fa6b6220000-7fa6b6221000 rw-p 00000000 00:00 0 
7fa6b6221000-7fa6b6222000 r--p 00021000 fe:00 2624696                    /usr/lib/ld-2.21.so
7fa6b6222000-7fa6b6223000 rw-p 00022000 fe:00 2624696                    /usr/lib/ld-2.21.so
7fa6b6223000-7fa6b6224000 rw-p 00000000 00:00 0 
7ffe771b9000-7ffe771db000 rw-p 00000000 00:00 0                          [stack]
7ffe771f8000-7ffe771fa000 r--p 00000000 00:00 0                          [vvar]
7ffe771fa000-7ffe771fc000 r-xp 00000000 00:00 0                          [vdso]
ffffffffff600000-ffffffffff601000 r-xp 00000000 00:00 0                  [vsyscall]

VM Arguments:
jvm_args: -Djava.library.path=/home/beenotung/git/workspace/hkcc-pacman-robot/lib/lwjgl3/native/linux/x64:/home/beenotung/git/workspace/hkcc-pacman-robot/lib/lwjgl3/native/linux/x86:/home/beenotung/git/workspace/hkcc-pacman-robot/lib/lwjgl3/native/macosx/x64:/home/beenotung/git/workspace/hkcc-pacman-robot/lib/lwjgl3/native/windows/x64:/home/beenotung/git/workspace/hkcc-pacman-robot/lib/lwjgl3/native/windows/x86 -Didea.launcher.port=7535 -Didea.launcher.bin.path=/usr/share/intellijidea-ce/bin -Dfile.encoding=UTF-8 
java_command: com.intellij.rt.execution.application.AppMain edu.hkcc.pacmanrobot.launcher.MiniMapLauncher
java_class_path (initial): /usr/lib/jvm/default/jre/lib/management-agent.jar:/usr/lib/jvm/default/jre/lib/rt.jar:/usr/lib/jvm/default/jre/lib/charsets.jar:/usr/lib/jvm/default/jre/lib/jfxswt.jar:/usr/lib/jvm/default/jre/lib/javaws.jar:/usr/lib/jvm/default/jre/lib/deploy.jar:/usr/lib/jvm/default/jre/lib/resources.jar:/usr/lib/jvm/default/jre/lib/plugin.jar:/usr/lib/jvm/default/jre/lib/jfr.jar:/usr/lib/jvm/default/jre/lib/jsse.jar:/usr/lib/jvm/default/jre/lib/jce.jar:/usr/lib/jvm/default/jre/lib/ext/jfxrt.jar:/usr/lib/jvm/default/jre/lib/ext/sunpkcs11.jar:/usr/lib/jvm/default/jre/lib/ext/nashorn.jar:/usr/lib/jvm/default/jre/lib/ext/sunjce_provider.jar:/usr/lib/jvm/default/jre/lib/ext/cldrdata.jar:/usr/lib/jvm/default/jre/lib/ext/sunec.jar:/usr/lib/jvm/default/jre/lib/ext/dnsns.jar:/usr/lib/jvm/default/jre/lib/ext/localedata.jar:/usr/lib/jvm/default/jre/lib/ext/zipfs.jar:/home/beenotung/git/workspace/hkcc-pacman-robot/target/scala-2.11/classes:/home/beenotung/.ivy2/cache/org.scala-lang/scala-library/jars/scala-library-2.11.6.jar:/home/beenotung/git/workspace/hkcc-pacman-robot/lib/pi4j/junit.jar:/home/beenotung/git/workspace/hkcc-pacman-robot/lib/pi4j/pi4j-core.jar:/home/beenotung/git/workspace/hkcc-pacman-robot/lib/pi4j/pi4j-device.jar:/home/beenotung/git/workspace/hkcc-pacman-robot/lib/pi4j/pi4j-example.jar:/home/beenotung/git/workspace/hkcc-pacman-robot/lib/pi4j/pi4j-service.jar:/home/beenotung/git/workspace/hkcc-pacman-robot/lib/pi4j/pi4j-core-javadoc.jar:/home/beenotung/git/workspace/hkcc-pacman-robot/lib/pi4j/pi4j-core-sources.jar:/home/beenotung/git/workspace/hkcc-pacman-robot/lib/pi4j/pi4j-device-javadoc.jar:/home/beenotung/git/workspace/hkcc-pacman-robot/lib/pi4j/pi4j-device-sources.jar:/home/beenotung/git/workspace/hkcc-pacman-robot/lib/pi4j/pi4j-gpio-extension.jar:/home/beenotung/git/workspace/hkcc-pacman-robot/lib/pi4j/pi4j-example-javadoc.jar:/home/beenotung/git/workspace/hkcc-pacman-robot/lib/pi4j/pi4j-example-sources.jar:/home/beenotung/git/workspace/hk
Launcher Type: SUN_STANDARD

Environment Variables:
PATH=/usr/games:/home/beenotung/bin:/usr/local/sbin:/usr/local/bin:/usr/bin:/opt/android-sdk/tools:/usr/lib/jvm/default/bin:/usr/bin/site_perl:/usr/bin/vendor_perl:/usr/bin/core_perl
USERNAME=beenotung
LD_LIBRARY_PATH=.:
SHELL=/bin/bash
DISPLAY=:1

Signal Handlers:
SIGSEGV: [libjvm.so+0xa79a80], sa_mask[0]=11111111011111111101111111111110, sa_flags=SA_RESTART|SA_SIGINFO
SIGBUS: [libjvm.so+0xa79a80], sa_mask[0]=11111111011111111101111111111110, sa_flags=SA_RESTART|SA_SIGINFO
SIGFPE: [libjvm.so+0x8e24e0], sa_mask[0]=11111111011111111101111111111110, sa_flags=SA_RESTART|SA_SIGINFO
SIGPIPE: [libjvm.so+0x8e24e0], sa_mask[0]=11111111011111111101111111111110, sa_flags=SA_RESTART|SA_SIGINFO
SIGXFSZ: [libjvm.so+0x8e24e0], sa_mask[0]=11111111011111111101111111111110, sa_flags=SA_RESTART|SA_SIGINFO
SIGILL: [libjvm.so+0x8e24e0], sa_mask[0]=11111111011111111101111111111110, sa_flags=SA_RESTART|SA_SIGINFO
SIGUSR1: SIG_DFL, sa_mask[0]=00000000000000000000000000000000, sa_flags=none
SIGUSR2: [libjvm.so+0x8e3d10], sa_mask[0]=00100000000000000000000000000000, sa_flags=SA_RESTART|SA_SIGINFO
SIGHUP: [libjvm.so+0x8e50d0], sa_mask[0]=11111111011111111101111111111110, sa_flags=SA_RESTART|SA_SIGINFO
SIGINT: [libjvm.so+0x8e50d0], sa_mask[0]=11111111011111111101111111111110, sa_flags=SA_RESTART|SA_SIGINFO
SIGTERM: [libjvm.so+0x8e50d0], sa_mask[0]=11111111011111111101111111111110, sa_flags=SA_RESTART|SA_SIGINFO
SIGQUIT: [libjvm.so+0x8e50d0], sa_mask[0]=11111111011111111101111111111110, sa_flags=SA_RESTART|SA_SIGINFO


---------------  S Y S T E M  ---------------

OS:LSB_VERSION=1.4
DISTRIB_ID=Arch
DISTRIB_RELEASE=rolling
DISTRIB_DESCRIPTION="Arch Linux"

uname:Linux 3.19.3-3-ARCH #1 SMP PREEMPT Wed Apr 8 14:10:00 CEST 2015 x86_64
libc:glibc 2.21 NPTL 2.21 
rlimit: STACK 8192k, CORE 0k, NPROC 64015, NOFILE 4096, AS infinity
load average:1.72 1.99 1.70

/proc/meminfo:
MemTotal:       16398448 kB
MemFree:        11394084 kB
MemAvailable:   12848960 kB
Buffers:          149528 kB
Cached:          1428000 kB
SwapCached:            0 kB
Active:          3765880 kB
Inactive:         862924 kB
Active(anon):    3053344 kB
Inactive(anon):    21988 kB
Active(file):     712536 kB
Inactive(file):   840936 kB
Unevictable:        1032 kB
Mlocked:            1032 kB
SwapTotal:             0 kB
SwapFree:              0 kB
Dirty:              6280 kB
Writeback:             0 kB
AnonPages:       3052836 kB
Mapped:           408124 kB
Shmem:             24056 kB
Slab:             188520 kB
SReclaimable:     140676 kB
SUnreclaim:        47844 kB
KernelStack:       14000 kB
PageTables:        63840 kB
NFS_Unstable:          0 kB
Bounce:                0 kB
WritebackTmp:          0 kB
CommitLimit:     8199224 kB
Committed_AS:    9066068 kB
VmallocTotal:   34359738367 kB
VmallocUsed:      155656 kB
VmallocChunk:   34359556272 kB
HardwareCorrupted:     0 kB
AnonHugePages:    731136 kB
HugePages_Total:       0
HugePages_Free:        0
HugePages_Rsvd:        0
HugePages_Surp:        0
Hugepagesize:       2048 kB
DirectMap4k:      171580 kB
DirectMap2M:    16566272 kB


CPU:total 8 (4 cores per cpu, 2 threads per core) family 6 model 58 stepping 9, cmov, cx8, fxsr, mmx, sse, sse2, sse3, ssse3, sse4.1, sse4.2, popcnt, avx, aes, clmul, erms, ht, tsc, tscinvbit, tscinv

/proc/cpuinfo:
processor	: 0
vendor_id	: GenuineIntel
cpu family	: 6
model		: 58
model name	: Intel(R) Xeon(R) CPU E3-1230 V2 @ 3.30GHz
stepping	: 9
microcode	: 0x12
cpu MHz		: 3406.992
cache size	: 8192 KB
physical id	: 0
siblings	: 8
core id		: 0
cpu cores	: 4
apicid		: 0
initial apicid	: 0
fpu		: yes
fpu_exception	: yes
cpuid level	: 13
wp		: yes
flags		: fpu vme de pse tsc msr pae mce cx8 apic sep mtrr pge mca cmov pat pse36 clflush dts acpi mmx fxsr sse sse2 ss ht tm pbe syscall nx rdtscp lm constant_tsc arch_perfmon pebs bts rep_good nopl xtopology nonstop_tsc aperfmperf eagerfpu pni pclmulqdq dtes64 monitor ds_cpl vmx smx est tm2 ssse3 cx16 xtpr pdcm pcid sse4_1 sse4_2 x2apic popcnt tsc_deadline_timer aes xsave avx f16c rdrand lahf_lm ida arat epb pln pts dtherm tpr_shadow vnmi flexpriority ept vpid fsgsbase smep erms xsaveopt
bugs		:
bogomips	: 6587.28
clflush size	: 64
cache_alignment	: 64
address sizes	: 36 bits physical, 48 bits virtual
power management:

processor	: 1
vendor_id	: GenuineIntel
cpu family	: 6
model		: 58
model name	: Intel(R) Xeon(R) CPU E3-1230 V2 @ 3.30GHz
stepping	: 9
microcode	: 0x12
cpu MHz		: 3358.265
cache size	: 8192 KB
physical id	: 0
siblings	: 8
core id		: 1
cpu cores	: 4
apicid		: 2
initial apicid	: 2
fpu		: yes
fpu_exception	: yes
cpuid level	: 13
wp		: yes
flags		: fpu vme de pse tsc msr pae mce cx8 apic sep mtrr pge mca cmov pat pse36 clflush dts acpi mmx fxsr sse sse2 ss ht tm pbe syscall nx rdtscp lm constant_tsc arch_perfmon pebs bts rep_good nopl xtopology nonstop_tsc aperfmperf eagerfpu pni pclmulqdq dtes64 monitor ds_cpl vmx smx est tm2 ssse3 cx16 xtpr pdcm pcid sse4_1 sse4_2 x2apic popcnt tsc_deadline_timer aes xsave avx f16c rdrand lahf_lm ida arat epb pln pts dtherm tpr_shadow vnmi flexpriority ept vpid fsgsbase smep erms xsaveopt
bugs		:
bogomips	: 6587.28
clflush size	: 64
cache_alignment	: 64
address sizes	: 36 bits physical, 48 bits virtual
power management:

processor	: 2
vendor_id	: GenuineIntel
cpu family	: 6
model		: 58
model name	: Intel(R) Xeon(R) CPU E3-1230 V2 @ 3.30GHz
stepping	: 9
microcode	: 0x12
cpu MHz		: 3370.640
cache size	: 8192 KB
physical id	: 0
siblings	: 8
core id		: 2
cpu cores	: 4
apicid		: 4
initial apicid	: 4
fpu		: yes
fpu_exception	: yes
cpuid level	: 13
wp		: yes
flags		: fpu vme de pse tsc msr pae mce cx8 apic sep mtrr pge mca cmov pat pse36 clflush dts acpi mmx fxsr sse sse2 ss ht tm pbe syscall nx rdtscp lm constant_tsc arch_perfmon pebs bts rep_good nopl xtopology nonstop_tsc aperfmperf eagerfpu pni pclmulqdq dtes64 monitor ds_cpl vmx smx est tm2 ssse3 cx16 xtpr pdcm pcid sse4_1 sse4_2 x2apic popcnt tsc_deadline_timer aes xsave avx f16c rdrand lahf_lm ida arat epb pln pts dtherm tpr_shadow vnmi flexpriority ept vpid fsgsbase smep erms xsaveopt
bugs		:
bogomips	: 6587.28
clflush size	: 64
cache_alignment	: 64
address sizes	: 36 bits physical, 48 bits virtual
power management:

processor	: 3
vendor_id	: GenuineIntel
cpu family	: 6
model		: 58
model name	: Intel(R) Xeon(R) CPU E3-1230 V2 @ 3.30GHz
stepping	: 9
microcode	: 0x12
cpu MHz		: 3322.945
cache size	: 8192 KB
physical id	: 0
siblings	: 8
core id		: 3
cpu cores	: 4
apicid		: 6
initial apicid	: 6
fpu		: yes
fpu_exception	: yes
cpuid level	: 13
wp		: yes
flags		: fpu vme de pse tsc msr pae mce cx8 apic sep mtrr pge mca cmov pat pse36 clflush dts acpi mmx fxsr sse sse2 ss ht tm pbe syscall nx rdtscp lm constant_tsc arch_perfmon pebs bts rep_good nopl xtopology nonstop_tsc aperfmperf eagerfpu pni pclmulqdq dtes64 monitor ds_cpl vmx smx est tm2 ssse3 cx16 xtpr pdcm pcid sse4_1 sse4_2 x2apic popcnt tsc_deadline_timer aes xsave avx f16c rdrand lahf_lm ida arat epb pln pts dtherm tpr_shadow vnmi flexpriority ept vpid fsgsbase smep erms xsaveopt
bugs		:
bogomips	: 6587.28
clflush size	: 64
cache_alignment	: 64
address sizes	: 36 bits physical, 48 bits virtual
power management:

processor	: 4
vendor_id	: GenuineIntel
cpu family	: 6
model		: 58
model name	: Intel(R) Xeon(R) CPU E3-1230 V2 @ 3.30GHz
stepping	: 9
microcode	: 0x12
cpu MHz		: 3477.890
cache size	: 8192 KB
physical id	: 0
siblings	: 8
core id		: 0
cpu cores	: 4
apicid		: 1
initial apicid	: 1
fpu		: yes
fpu_exception	: yes
cpuid level	: 13
wp		: yes
flags		: fpu vme de pse tsc msr pae mce cx8 apic sep mtrr pge mca cmov pat pse36 clflush dts acpi mmx fxsr sse sse2 ss ht tm pbe syscall nx rdtscp lm constant_tsc arch_perfmon pebs bts rep_good nopl xtopology nonstop_tsc aperfmperf eagerfpu pni pclmulqdq dtes64 monitor ds_cpl vmx smx est tm2 ssse3 cx16 xtpr pdcm pcid sse4_1 sse4_2 x2apic popcnt tsc_deadline_timer aes xsave avx f16c rdrand lahf_lm ida arat epb pln pts dtherm tpr_shadow vnmi flexpriority ept vpid fsgsbase smep erms xsaveopt
bugs		:
bogomips	: 6587.28
clflush size	: 64
cache_alignment	: 64
address sizes	: 36 bits physical, 48 bits virtual
power management:

processor	: 5
vendor_id	: GenuineIntel
cpu family	: 6
model		: 58
model name	: Intel(R) Xeon(R) CPU E3-1230 V2 @ 3.30GHz
stepping	: 9
microcode	: 0x12
cpu MHz		: 3499.804
cache size	: 8192 KB
physical id	: 0
siblings	: 8
core id		: 1
cpu cores	: 4
apicid		: 3
initial apicid	: 3
fpu		: yes
fpu_exception	: yes
cpuid level	: 13
wp		: yes
flags		: fpu vme de pse tsc msr pae mce cx8 apic sep mtrr pge mca cmov pat pse36 clflush dts acpi mmx fxsr sse sse2 ss ht tm pbe syscall nx rdtscp lm constant_tsc arch_perfmon pebs bts rep_good nopl xtopology nonstop_tsc aperfmperf eagerfpu pni pclmulqdq dtes64 monitor ds_cpl vmx smx est tm2 ssse3 cx16 xtpr pdcm pcid sse4_1 sse4_2 x2apic popcnt tsc_deadline_timer aes xsave avx f16c rdrand lahf_lm ida arat epb pln pts dtherm tpr_shadow vnmi flexpriority ept vpid fsgsbase smep erms xsaveopt
bugs		:
bogomips	: 6587.28
clflush size	: 64
cache_alignment	: 64
address sizes	: 36 bits physical, 48 bits virtual
power management:

processor	: 6
vendor_id	: GenuineIntel
cpu family	: 6
model		: 58
model name	: Intel(R) Xeon(R) CPU E3-1230 V2 @ 3.30GHz
stepping	: 9
microcode	: 0x12
cpu MHz		: 2279.320
cache size	: 8192 KB
physical id	: 0
siblings	: 8
core id		: 2
cpu cores	: 4
apicid		: 5
initial apicid	: 5
fpu		: yes
fpu_exception	: yes
cpuid level	: 13
wp		: yes
flags		: fpu vme de pse tsc msr pae mce cx8 apic sep mtrr pge mca cmov pat pse36 clflush dts acpi mmx fxsr sse sse2 ss ht tm pbe syscall nx rdtscp lm constant_tsc arch_perfmon pebs bts rep_good nopl xtopology nonstop_tsc aperfmperf eagerfpu pni pclmulqdq dtes64 monitor ds_cpl vmx smx est tm2 ssse3 cx16 xtpr pdcm pcid sse4_1 sse4_2 x2apic popcnt tsc_deadline_timer aes xsave avx f16c rdrand lahf_lm ida arat epb pln pts dtherm tpr_shadow vnmi flexpriority ept vpid fsgsbase smep erms xsaveopt
bugs		:
bogomips	: 6587.28
clflush size	: 64
cache_alignment	: 64
address sizes	: 36 bits physical, 48 bits virtual
power management:

processor	: 7
vendor_id	: GenuineIntel
cpu family	: 6
model		: 58
model name	: Intel(R) Xeon(R) CPU E3-1230 V2 @ 3.30GHz
stepping	: 9
microcode	: 0x12
cpu MHz		: 3412.019
cache size	: 8192 KB
physical id	: 0
siblings	: 8
core id		: 3
cpu cores	: 4
apicid		: 7
initial apicid	: 7
fpu		: yes
fpu_exception	: yes
cpuid level	: 13
wp		: yes
flags		: fpu vme de pse tsc msr pae mce cx8 apic sep mtrr pge mca cmov pat pse36 clflush dts acpi mmx fxsr sse sse2 ss ht tm pbe syscall nx rdtscp lm constant_tsc arch_perfmon pebs bts rep_good nopl xtopology nonstop_tsc aperfmperf eagerfpu pni pclmulqdq dtes64 monitor ds_cpl vmx smx est tm2 ssse3 cx16 xtpr pdcm pcid sse4_1 sse4_2 x2apic popcnt tsc_deadline_timer aes xsave avx f16c rdrand lahf_lm ida arat epb pln pts dtherm tpr_shadow vnmi flexpriority ept vpid fsgsbase smep erms xsaveopt
bugs		:
bogomips	: 6587.28
clflush size	: 64
cache_alignment	: 64
address sizes	: 36 bits physical, 48 bits virtual
power management:



Memory: 4k page, physical 16398448k(11394084k free), swap 0k(0k free)

vm_info: Java HotSpot(TM) 64-Bit Server VM (25.25-b02) for linux-amd64 JRE (1.8.0_25-b17), built on Sep 17 2014 17:32:11 by "java_re" with gcc 4.3.0 20080428 (Red Hat 4.3.0-8)

time: Tue Apr 14 10:17:08 2015
elapsed time: 6 seconds (0d 0h 0m 6s)

