#
# A fatal error has been detected by the Java Runtime Environment:
#
#  SIGSEGV (0xb) at pc=0x00007f2be0038a2a, pid=4012, tid=139826455684864
#
# JRE version: Java(TM) SE Runtime Environment (8.0_25-b17) (build 1.8.0_25-b17)
# Java VM: Java HotSpot(TM) 64-Bit Server VM (25.25-b02 mixed mode linux-amd64 compressed oops)
# Problematic frame:
# C  [libffi.so.6+0x4a2a]  ffi_closure_free+0x49a
#
# Failed to write core dump. Core dumps have been disabled. To enable core dumping, try "ulimit -c unlimited" before starting Java again
#
# If you would like to submit a bug report, please visit:
#   http://bugreport.sun.com/bugreport/crash.jsp
# The crash happened outside the Java Virtual Machine in native code.
# See problematic frame for where to report the bug.
#

---------------  T H R E A D  ---------------

Current thread (0x00007f2c4c34c800):  JavaThread "Thread-0" [_thread_in_native, id=4063, stack(0x00007f2be228a000,0x00007f2be238b000)]

siginfo: si_signo: 11 (SIGSEGV), si_code: 1 (SEGV_MAPERR), si_addr: 0x0000000000000018

Registers:
RAX=0x0000000000000f80, RBX=0x00007f2be023c2c0, RCX=0x0000000000000000, RDX=0x0000000000000000
RSP=0x00007f2be2389450, RBP=0x00007f2c55985038, RSI=0x00007f2c55985070, RDI=0x0000000000000001
R8 =0x0000000000000000, R9 =0x0000000000000000, R10=0x000000000000003c, R11=0x00007f2be0038590
R12=0x00007f2c55985048, R13=0x00007f2c50dd7938, R14=0x00007f2be2389528, R15=0x00007f2c4c34c800
RIP=0x00007f2be0038a2a, EFLAGS=0x0000000000010246, CSGSFS=0x0000000000000033, ERR=0x0000000000000006
  TRAPNO=0x000000000000000e

Top of Stack: (sp=0x00007f2be2389450)
0x00007f2be2389450:   00007f2c4c34c800 00007f2bd163b2f8
0x00007f2be2389460:   00007f2c1e5fe4c0 00007f2c4c007440
0x00007f2be2389470:   00007f2c55985048 00007f2c50dd7938
0x00007f2be2389480:   00007f2be2389500 0000000000000000
0x00007f2be2389490:   00007f2c50dd7938 00007f2be2389528
0x00007f2be23894a0:   00007f2c4c34c800 00007f2c3d0156d4
0x00007f2be23894b0:   00007f2c4c34c800 00007f2c3d015422
0x00007f2be23894c0:   00007f2be23894c0 00007f2c50dd7938
0x00007f2be23894d0:   00007f2be2389528 00007f2c50dd7d30
0x00007f2be23894e0:   0000000000000000 00007f2c50dd7938
0x00007f2be23894f0:   0000000000000000 00007f2be2389520
0x00007f2be2389500:   00007f2be2389570 00007f2c3d00798d
0x00007f2be2389510:   000000076d881488 00007f2c3d00f2b8
0x00007f2be2389520:   00007f2c55985048 000000076d8dcd90
0x00007f2be2389530:   00007f2be2389530 00007f2c50c58d0b
0x00007f2be2389540:   00007f2be2389580 00007f2c50db45f8
0x00007f2be2389550:   0000000000000000 00007f2c50c58d28
0x00007f2be2389560:   00007f2be2389520 00007f2be2389580
0x00007f2be2389570:   00007f2be23895c8 00007f2c3d00798d
0x00007f2be2389580:   000000076d8dcd90 00007f2be2389588
0x00007f2be2389590:   00007f2c50c599e6 00007f2be23895d8
0x00007f2be23895a0:   00007f2c50db4480 0000000000000000
0x00007f2be23895b0:   00007f2c50c59a00 00007f2be2389580
0x00007f2be23895c0:   00007f2be23895d8 00007f2be2389620
0x00007f2be23895d0:   00007f2c3d00798d 000000076d8dcd90
0x00007f2be23895e0:   00007f2be23895e0 00007f2c50c56b37
0x00007f2be23895f0:   00007f2be2389630 00007f2c50c5a398
0x00007f2be2389600:   0000000000000000 00007f2c50c56b50
0x00007f2be2389610:   00007f2be23895d8 00007f2be2389630
0x00007f2be2389620:   00007f2be2389678 00007f2c3d00798d
0x00007f2be2389630:   000000076cf328a8 00007f2be2389638
0x00007f2be2389640:   00007f2c50c56be7 00007f2be2389690 

Instructions: (pc=0x00007f2be0038a2a)
0x00007f2be0038a0a:   56 18 4c 8b 4e 30 48 39 d6 0f 84 ef 03 00 00 48
0x00007f2be0038a1a:   8b 4e 10 48 3b 0d b4 38 20 00 0f 82 26 fe ff ff
0x00007f2be0038a2a:   48 89 51 18 48 89 4a 10 4d 85 c9 0f 84 55 03 00
0x00007f2be0038a3a:   00 48 8b 4e 38 48 8d 79 4a 48 3b 34 fb 0f 84 b3 

Register to memory mapping:

RAX=0x0000000000000f80 is an unknown value
RBX=0x00007f2be023c2c0: <offset 0x2082c0> in /usr/lib/libffi.so.6 at 0x00007f2be0034000
RCX=0x0000000000000000 is an unknown value
RDX=0x0000000000000000 is an unknown value
RSP=0x00007f2be2389450 is pointing into the stack for thread: 0x00007f2c4c34c800
RBP=0x00007f2c55985038 is an unknown value
RSI=0x00007f2c55985070 is an unknown value
RDI=0x0000000000000001 is an unknown value
R8 =0x0000000000000000 is an unknown value
R9 =0x0000000000000000 is an unknown value
R10=0x000000000000003c is an unknown value
R11=0x00007f2be0038590: ffi_closure_free+0 in /usr/lib/libffi.so.6 at 0x00007f2be0034000
R12=0x00007f2c55985048 is an unknown value
R13={method} {0x00007f2c50dd7938} 'nffi_closure_free' '(J)V' in 'org/lwjgl/system/libffi/LibFFI'
R14=0x00007f2be2389528 is pointing into the stack for thread: 0x00007f2c4c34c800
R15=0x00007f2c4c34c800 is a thread


Stack: [0x00007f2be228a000,0x00007f2be238b000],  sp=0x00007f2be2389450,  free space=1021k
Native frames: (J=compiled Java code, j=interpreted, Vv=VM code, C=native code)
C  [libffi.so.6+0x4a2a]  ffi_closure_free+0x49a

Java frames: (J=compiled Java code, j=interpreted, Vv=VM code)
j  org.lwjgl.system.libffi.LibFFI.nffi_closure_free(J)V+0
j  org.lwjgl.system.libffi.Closure.destroy()V+35
j  org.lwjgl.system.Retainable$Default.release()V+38
j  myutils.gui.opengl.AbstractOpenGLApplication.end()V+7
j  myutils.gui.opengl.AbstractOpenGLApplication.run()V+15
j  edu.hkcc.pacmanrobot.controller.gamecontroller.MiniMap.run()V+27
v  ~StubRoutines::call_stub

---------------  P R O C E S S  ---------------

Java Threads: ( => current thread )
  0x00007f2bd4003800 JavaThread "Thread-3" [_thread_blocked, id=4072, stack(0x00007f2be2088000,0x00007f2be2189000)]
  0x00007f2bd4002000 JavaThread "Thread-2" [_thread_in_native, id=4071, stack(0x00007f2be1f87000,0x00007f2be2088000)]
  0x00007f2c4c00a000 JavaThread "DestroyJavaVM" [_thread_blocked, id=4013, stack(0x00007f2c55880000,0x00007f2c55981000)]
=>0x00007f2c4c34c800 JavaThread "Thread-0" [_thread_in_native, id=4063, stack(0x00007f2be228a000,0x00007f2be238b000)]
  0x00007f2c4c26a000 JavaThread "Monitor Ctrl-Break" daemon [_thread_in_native, id=4052, stack(0x00007f2c1ea72000,0x00007f2c1eb73000)]
  0x00007f2c4c0da000 JavaThread "Service Thread" daemon [_thread_blocked, id=4045, stack(0x00007f2c1ee2b000,0x00007f2c1ef2c000)]
  0x00007f2c4c0ba800 JavaThread "C1 CompilerThread3" daemon [_thread_blocked, id=4042, stack(0x00007f2c1ef2c000,0x00007f2c1f02d000)]
  0x00007f2c4c0b8800 JavaThread "C2 CompilerThread2" daemon [_thread_blocked, id=4041, stack(0x00007f2c1f02d000,0x00007f2c1f12e000)]
  0x00007f2c4c0b6800 JavaThread "C2 CompilerThread1" daemon [_thread_blocked, id=4040, stack(0x00007f2c1f12e000,0x00007f2c1f22f000)]
  0x00007f2c4c0b3800 JavaThread "C2 CompilerThread0" daemon [_thread_blocked, id=4039, stack(0x00007f2c1f22f000,0x00007f2c1f330000)]
  0x00007f2c4c0b1800 JavaThread "Signal Dispatcher" daemon [_thread_blocked, id=4038, stack(0x00007f2c1f330000,0x00007f2c1f431000)]
  0x00007f2c4c084800 JavaThread "Finalizer" daemon [_thread_blocked, id=4035, stack(0x00007f2c1f5f6000,0x00007f2c1f6f7000)]
  0x00007f2c4c082800 JavaThread "Reference Handler" daemon [_thread_blocked, id=4034, stack(0x00007f2c1f6f7000,0x00007f2c1f7f8000)]

Other Threads:
  0x00007f2c4c07b800 VMThread [stack: 0x00007f2c1f7f8000,0x00007f2c1f8f9000] [id=4032]
  0x00007f2c4c0dc800 WatcherThread [stack: 0x00007f2c1ed2a000,0x00007f2c1ee2b000] [id=4048]

VM state:not at safepoint (normal execution)

VM Mutex/Monitor currently owned by a thread: None

Heap:
 PSYoungGen      total 75264K, used 34894K [0x000000076c980000, 0x0000000771d80000, 0x00000007c0000000)
  eden space 64512K, 54% used [0x000000076c980000,0x000000076eb93a00,0x0000000770880000)
  from space 10752K, 0% used [0x0000000771300000,0x0000000771300000,0x0000000771d80000)
  to   space 10752K, 0% used [0x0000000770880000,0x0000000770880000,0x0000000771300000)
 ParOldGen       total 172032K, used 0K [0x00000006c5c00000, 0x00000006d0400000, 0x000000076c980000)
  object space 172032K, 0% used [0x00000006c5c00000,0x00000006c5c00000,0x00000006d0400000)
 Metaspace       used 10386K, capacity 10470K, committed 10624K, reserved 1058816K
  class space    used 1087K, capacity 1113K, committed 1152K, reserved 1048576K

Card table byte_map: [0x00007f2c52559000,0x00007f2c52d2c000] byte_map_base: 0x00007f2c4ef2b000

Marking Bits: (ParMarkBitMap*) 0x00007f2c54db62c0
 Begin Bits: [0x00007f2c102e0000, 0x00007f2c14170000)
 End Bits:   [0x00007f2c14170000, 0x00007f2c18000000)

Polling page: 0x00007f2c559d9000

CodeCache: size=245760Kb used=2649Kb max_used=2649Kb free=243110Kb
 bounds [0x00007f2c3d000000, 0x00007f2c3d2a0000, 0x00007f2c4c000000]
 total_blobs=1063 nmethods=513 adapters=465
 compilation: enabled

Compilation events (10 events):
Event: 6.009 Thread 0x00007f2c4c0b8800 nmethod 495 0x00007f2c3d295690 code [0x00007f2c3d2958c0, 0x00007f2c3d2962d0]
Event: 6.011 Thread 0x00007f2c4c0b3800 nmethod 508 0x00007f2c3d292290 code [0x00007f2c3d292400, 0x00007f2c3d292658]
Event: 6.019 Thread 0x00007f2c4c0ba800  510       3       sun.misc.URLClassPath$JarLoader$2::getContentLength (9 bytes)
Event: 6.019 Thread 0x00007f2c4c0ba800 nmethod 510 0x00007f2c3d293010 code [0x00007f2c3d293180, 0x00007f2c3d2933d0]
Event: 6.019 Thread 0x00007f2c4c0ba800  511       3       sun.misc.URLClassPath$JarLoader$2::getCodeSigners (8 bytes)
Event: 6.019 Thread 0x00007f2c4c0ba800 nmethod 511 0x00007f2c3d292bd0 code [0x00007f2c3d292d40, 0x00007f2c3d292f68]
Event: 6.019 Thread 0x00007f2c4c0ba800  512   !   3       java.util.jar.JarFile$JarFileEntry::getCodeSigners (78 bytes)
Event: 6.019 Thread 0x00007f2c4c0ba800 nmethod 512 0x00007f2c3d296d90 code [0x00007f2c3d296f60, 0x00007f2c3d297558]
Event: 6.019 Thread 0x00007f2c4c0ba800  513       3       java.util.jar.JarFile::access$200 (5 bytes)
Event: 6.019 Thread 0x00007f2c4c0ba800 nmethod 513 0x00007f2c3d292810 code [0x00007f2c3d292980, 0x00007f2c3d292ae8]

GC Heap History (0 events):
No events

Deoptimization events (1 events):
Event: 5.916 Thread 0x00007f2c4c34c800 Uncommon trap: reason=unreached action=reinterpret pc=0x00007f2c3d202198 method=sun.misc.URLClassPath$JarLoader.ensureOpen()V @ 4

Internal exceptions (10 events):
Event: 6.017 Thread 0x00007f2c4c34c800 Exception <a 'java/security/PrivilegedActionException'> (0x000000076eaa2078) thrown at [/HUDSON/workspace/8-2-build-linux-amd64/jdk8u25/1514/hotspot/src/share/vm/prims/jvm.cpp, line 1312]
Event: 6.017 Thread 0x00007f2c4c34c800 Exception <a 'java/security/PrivilegedActionException'> (0x000000076eaaa550) thrown at [/HUDSON/workspace/8-2-build-linux-amd64/jdk8u25/1514/hotspot/src/share/vm/prims/jvm.cpp, line 1312]
Event: 6.017 Thread 0x00007f2c4c34c800 Exception <a 'java/security/PrivilegedActionException'> (0x000000076eab0bb0) thrown at [/HUDSON/workspace/8-2-build-linux-amd64/jdk8u25/1514/hotspot/src/share/vm/prims/jvm.cpp, line 1312]
Event: 6.017 Thread 0x00007f2c4c34c800 Exception <a 'java/security/PrivilegedActionException'> (0x000000076eab6c38) thrown at [/HUDSON/workspace/8-2-build-linux-amd64/jdk8u25/1514/hotspot/src/share/vm/prims/jvm.cpp, line 1312]
Event: 6.018 Thread 0x00007f2c4c34c800 Exception <a 'java/security/PrivilegedActionException'> (0x000000076eabcc88) thrown at [/HUDSON/workspace/8-2-build-linux-amd64/jdk8u25/1514/hotspot/src/share/vm/prims/jvm.cpp, line 1312]
Event: 6.018 Thread 0x00007f2c4c34c800 Exception <a 'java/security/PrivilegedActionException'> (0x000000076eac2fa8) thrown at [/HUDSON/workspace/8-2-build-linux-amd64/jdk8u25/1514/hotspot/src/share/vm/prims/jvm.cpp, line 1312]
Event: 6.018 Thread 0x00007f2c4c34c800 Exception <a 'java/security/PrivilegedActionException'> (0x000000076eacb170) thrown at [/HUDSON/workspace/8-2-build-linux-amd64/jdk8u25/1514/hotspot/src/share/vm/prims/jvm.cpp, line 1312]
Event: 6.018 Thread 0x00007f2c4c34c800 Exception <a 'java/security/PrivilegedActionException'> (0x000000076ead3140) thrown at [/HUDSON/workspace/8-2-build-linux-amd64/jdk8u25/1514/hotspot/src/share/vm/prims/jvm.cpp, line 1312]
Event: 6.019 Thread 0x00007f2c4c34c800 Exception <a 'java/security/PrivilegedActionException'> (0x000000076eada528) thrown at [/HUDSON/workspace/8-2-build-linux-amd64/jdk8u25/1514/hotspot/src/share/vm/prims/jvm.cpp, line 1312]
Event: 6.019 Thread 0x00007f2c4c34c800 Exception <a 'java/security/PrivilegedActionException'> (0x000000076eaddea8) thrown at [/HUDSON/workspace/8-2-build-linux-amd64/jdk8u25/1514/hotspot/src/share/vm/prims/jvm.cpp, line 1312]

Events (10 events):
Event: 6.018 loading class org/lwjgl/opengl/WGLNVDXInterop
Event: 6.018 loading class org/lwjgl/opengl/WGLNVDXInterop done
Event: 6.018 loading class org/lwjgl/opengl/WGLNVGPUAffinity
Event: 6.018 loading class org/lwjgl/opengl/WGLNVGPUAffinity done
Event: 6.018 loading class org/lwjgl/system/linux/opengl/LinuxGLContext$MakeCurrentActionARB
Event: 6.018 loading class org/lwjgl/system/linux/opengl/LinuxGLContext$MakeCurrentActionARB done
Event: 6.019 loading class edu/hkcc/pacmanrobot/utils/Utils$
Event: 6.019 loading class edu/hkcc/pacmanrobot/utils/Utils$ done
Event: 6.019 loading class edu/hkcc/pacmanrobot/utils/Point2D
Event: 6.019 loading class edu/hkcc/pacmanrobot/utils/Point2D done


Dynamic libraries:
00400000-00401000 r-xp 00000000 fe:00 3950470                            /usr/lib/jvm/java-8-jdk/jre/bin/java
00600000-00601000 rw-p 00000000 fe:00 3950470                            /usr/lib/jvm/java-8-jdk/jre/bin/java
02449000-0246a000 rw-p 00000000 00:00 0                                  [heap]
6c5c00000-6d0400000 rw-p 00000000 00:00 0 
6d0400000-76c980000 ---p 00000000 00:00 0 
76c980000-771d80000 rw-p 00000000 00:00 0 
771d80000-7c0000000 ---p 00000000 00:00 0 
7c0000000-7c0120000 rw-p 00000000 00:00 0 
7c0120000-800000000 ---p 00000000 00:00 0 
7f2bcc000000-7f2bcc03d000 rw-p 00000000 00:00 0 
7f2bcc03d000-7f2bd0000000 ---p 00000000 00:00 0 
7f2bd1515000-7f2bd1655000 rw-p 00000000 00:00 0 
7f2bd1655000-7f2bd1715000 ---p 00000000 00:00 0 
7f2bd1715000-7f2bd1719000 r-xp 00000000 fe:00 2630949                    /usr/lib/libtxc_dxtn.so
7f2bd1719000-7f2bd1918000 ---p 00004000 fe:00 2630949                    /usr/lib/libtxc_dxtn.so
7f2bd1918000-7f2bd1919000 r--p 00003000 fe:00 2630949                    /usr/lib/libtxc_dxtn.so
7f2bd1919000-7f2bd191a000 rw-p 00004000 fe:00 2630949                    /usr/lib/libtxc_dxtn.so
7f2bd191a000-7f2bd1979000 r-xp 00000000 fe:00 2625020                    /usr/lib/libncursesw.so.5.9
7f2bd1979000-7f2bd1b79000 ---p 0005f000 fe:00 2625020                    /usr/lib/libncursesw.so.5.9
7f2bd1b79000-7f2bd1b7d000 r--p 0005f000 fe:00 2625020                    /usr/lib/libncursesw.so.5.9
7f2bd1b7d000-7f2bd1b7f000 rw-p 00063000 fe:00 2625020                    /usr/lib/libncursesw.so.5.9
7f2bd1b7f000-7f2bd1bb5000 r-xp 00000000 fe:00 2655999                    /usr/lib/libedit.so.0.0.52
7f2bd1bb5000-7f2bd1db4000 ---p 00036000 fe:00 2655999                    /usr/lib/libedit.so.0.0.52
7f2bd1db4000-7f2bd1db6000 r--p 00035000 fe:00 2655999                    /usr/lib/libedit.so.0.0.52
7f2bd1db6000-7f2bd1db7000 rw-p 00037000 fe:00 2655999                    /usr/lib/libedit.so.0.0.52
7f2bd1db7000-7f2bd1dbb000 rw-p 00000000 00:00 0 
7f2bd1dbb000-7f2bd3bb5000 r-xp 00000000 fe:00 2689109                    /usr/lib/libLLVM-3.6.so
7f2bd3bb5000-7f2bd3db4000 ---p 01dfa000 fe:00 2689109                    /usr/lib/libLLVM-3.6.so
7f2bd3db4000-7f2bd3fd0000 r--p 01df9000 fe:00 2689109                    /usr/lib/libLLVM-3.6.so
7f2bd3fd0000-7f2bd3fea000 rw-p 02015000 fe:00 2689109                    /usr/lib/libLLVM-3.6.so
7f2bd3fea000-7f2bd4000000 rw-p 00000000 00:00 0 
7f2bd4000000-7f2bd4021000 rw-p 00000000 00:00 0 
7f2bd4021000-7f2bd8000000 ---p 00000000 00:00 0 
7f2bd8000000-7f2bd8021000 rw-p 00000000 00:00 0 
7f2bd8021000-7f2bdc000000 ---p 00000000 00:00 0 
7f2bdc000000-7f2bdc2bf000 rw-p 00000000 00:00 0 
7f2bdc2bf000-7f2be0000000 ---p 00000000 00:00 0 
7f2be0034000-7f2be003c000 r-xp 00000000 fe:00 2632155                    /usr/lib/libffi.so.6.0.4
7f2be003c000-7f2be023b000 ---p 00008000 fe:00 2632155                    /usr/lib/libffi.so.6.0.4
7f2be023b000-7f2be023c000 r--p 00007000 fe:00 2632155                    /usr/lib/libffi.so.6.0.4
7f2be023c000-7f2be023d000 rw-p 00008000 fe:00 2632155                    /usr/lib/libffi.so.6.0.4
7f2be023d000-7f2be0252000 r-xp 00000000 fe:00 2627701                    /usr/lib/libz.so.1.2.8
7f2be0252000-7f2be0451000 ---p 00015000 fe:00 2627701                    /usr/lib/libz.so.1.2.8
7f2be0451000-7f2be0452000 r--p 00014000 fe:00 2627701                    /usr/lib/libz.so.1.2.8
7f2be0452000-7f2be0453000 rw-p 00015000 fe:00 2627701                    /usr/lib/libz.so.1.2.8
7f2be0453000-7f2be045b000 r-xp 00000000 fe:00 2645324                    /usr/lib/libpciaccess.so.0.11.1
7f2be045b000-7f2be065b000 ---p 00008000 fe:00 2645324                    /usr/lib/libpciaccess.so.0.11.1
7f2be065b000-7f2be065c000 r--p 00008000 fe:00 2645324                    /usr/lib/libpciaccess.so.0.11.1
7f2be065c000-7f2be065d000 rw-p 00009000 fe:00 2645324                    /usr/lib/libpciaccess.so.0.11.1
7f2be065d000-7f2be0673000 r-xp 00000000 fe:00 2624967                    /usr/lib/libgcc_s.so.1
7f2be0673000-7f2be0872000 ---p 00016000 fe:00 2624967                    /usr/lib/libgcc_s.so.1
7f2be0872000-7f2be0873000 rw-p 00015000 fe:00 2624967                    /usr/lib/libgcc_s.so.1
7f2be0873000-7f2be0963000 r-xp 00000000 fe:00 2624974                    /usr/lib/libstdc++.so.6.0.20
7f2be0963000-7f2be0b63000 ---p 000f0000 fe:00 2624974                    /usr/lib/libstdc++.so.6.0.20
7f2be0b63000-7f2be0b6b000 r--p 000f0000 fe:00 2624974                    /usr/lib/libstdc++.so.6.0.20
7f2be0b6b000-7f2be0b6d000 rw-p 000f8000 fe:00 2624974                    /usr/lib/libstdc++.so.6.0.20
7f2be0b6d000-7f2be0b82000 rw-p 00000000 00:00 0 
7f2be0b82000-7f2be0b97000 r-xp 00000000 fe:00 2645555                    /usr/lib/libelf-0.161.so
7f2be0b97000-7f2be0d97000 ---p 00015000 fe:00 2645555                    /usr/lib/libelf-0.161.so
7f2be0d97000-7f2be0d99000 r--p 00015000 fe:00 2645555                    /usr/lib/libelf-0.161.so
7f2be0d99000-7f2be0d9a000 rw-p 00017000 fe:00 2645555                    /usr/lib/libelf-0.161.so
7f2be0d9a000-7f2be0da6000 r-xp 00000000 fe:00 2645372                    /usr/lib/libdrm_radeon.so.1.0.1
7f2be0da6000-7f2be0fa5000 ---p 0000c000 fe:00 2645372                    /usr/lib/libdrm_radeon.so.1.0.1
7f2be0fa5000-7f2be0fa6000 r--p 0000b000 fe:00 2645372                    /usr/lib/libdrm_radeon.so.1.0.1
7f2be0fa6000-7f2be0fa7000 rw-p 0000c000 fe:00 2645372                    /usr/lib/libdrm_radeon.so.1.0.1
7f2be0fa7000-7f2be0fc8000 r-xp 00000000 fe:00 2645370                    /usr/lib/libdrm_intel.so.1.0.0
7f2be0fc8000-7f2be11c7000 ---p 00021000 fe:00 2645370                    /usr/lib/libdrm_intel.so.1.0.0
7f2be11c7000-7f2be11c8000 r--p 00020000 fe:00 2645370                    /usr/lib/libdrm_intel.so.1.0.0
7f2be11c8000-7f2be11c9000 rw-p 00021000 fe:00 2645370                    /usr/lib/libdrm_intel.so.1.0.0
7f2be11c9000-7f2be11cf000 r-xp 00000000 fe:00 2645371                    /usr/lib/libdrm_nouveau.so.2.0.0
7f2be11cf000-7f2be13ce000 ---p 00006000 fe:00 2645371                    /usr/lib/libdrm_nouveau.so.2.0.0
7f2be13ce000-7f2be13cf000 r--p 00005000 fe:00 2645371                    /usr/lib/libdrm_nouveau.so.2.0.0
7f2be13cf000-7f2be13d0000 rw-p 00006000 fe:00 2645371                    /usr/lib/libdrm_nouveau.so.2.0.0
7f2be13d0000-7f2be1b40000 r-xp 00000000 fe:00 3301865                    /usr/lib/xorg/modules/dri/nouveau_dri.so
7f2be1b40000-7f2be1d3f000 ---p 00770000 fe:00 3301865                    /usr/lib/xorg/modules/dri/nouveau_dri.so
7f2be1d3f000-7f2be1d96000 r--p 0076f000 fe:00 3301865                    /usr/lib/xorg/modules/dri/nouveau_dri.so
7f2be1d96000-7f2be1da2000 rw-p 007c6000 fe:00 3301865                    /usr/lib/xorg/modules/dri/nouveau_dri.so
7f2be1da2000-7f2be1f87000 rw-p 00000000 00:00 0 
7f2be1f87000-7f2be1f8a000 ---p 00000000 00:00 0 
7f2be1f8a000-7f2be2088000 rw-p 00000000 00:00 0                          [stack:4071]
7f2be2088000-7f2be208b000 ---p 00000000 00:00 0 
7f2be208b000-7f2be2189000 rw-p 00000000 00:00 0                          [stack:4072]
7f2be2189000-7f2be218c000 ---p 00000000 00:00 0 
7f2be218c000-7f2be228a000 rw-p 00000000 00:00 0 
7f2be228a000-7f2be228d000 ---p 00000000 00:00 0 
7f2be228d000-7f2be238b000 rw-p 00000000 00:00 0                          [stack:4063]
7f2be238b000-7f2be238f000 r-xp 00000000 fe:00 2631613                    /usr/lib/libattr.so.1.1.0
7f2be238f000-7f2be258e000 ---p 00004000 fe:00 2631613                    /usr/lib/libattr.so.1.1.0
7f2be258e000-7f2be258f000 r--p 00003000 fe:00 2631613                    /usr/lib/libattr.so.1.1.0
7f2be258f000-7f2be2590000 rw-p 00004000 fe:00 2631613                    /usr/lib/libattr.so.1.1.0
7f2be2590000-7f2be2594000 r-xp 00000000 fe:00 2631742                    /usr/lib/libcap.so.2.24
7f2be2594000-7f2be2793000 ---p 00004000 fe:00 2631742                    /usr/lib/libcap.so.2.24
7f2be2793000-7f2be2794000 rw-p 00003000 fe:00 2631742                    /usr/lib/libcap.so.2.24
7f2be2794000-7f2be27a8000 r-xp 00000000 fe:00 2624622                    /usr/lib/libresolv-2.21.so
7f2be27a8000-7f2be29a7000 ---p 00014000 fe:00 2624622                    /usr/lib/libresolv-2.21.so
7f2be29a7000-7f2be29a8000 r--p 00013000 fe:00 2624622                    /usr/lib/libresolv-2.21.so
7f2be29a8000-7f2be29a9000 rw-p 00014000 fe:00 2624622                    /usr/lib/libresolv-2.21.so
7f2be29a9000-7f2be29ab000 rw-p 00000000 00:00 0 
7f2be29ab000-7f2be29b0000 r-xp 00000000 fe:00 2624684                    /usr/lib/libnss_dns-2.21.so
7f2be29b0000-7f2be2baf000 ---p 00005000 fe:00 2624684                    /usr/lib/libnss_dns-2.21.so
7f2be2baf000-7f2be2bb0000 r--p 00004000 fe:00 2624684                    /usr/lib/libnss_dns-2.21.so
7f2be2bb0000-7f2be2bb1000 rw-p 00005000 fe:00 2624684                    /usr/lib/libnss_dns-2.21.so
7f2be2bb1000-7f2be2bb6000 r-xp 00000000 fe:00 2627693                    /usr/lib/libXdmcp.so.6.0.0
7f2be2bb6000-7f2be2db5000 ---p 00005000 fe:00 2627693                    /usr/lib/libXdmcp.so.6.0.0
7f2be2db5000-7f2be2db6000 r--p 00004000 fe:00 2627693                    /usr/lib/libXdmcp.so.6.0.0
7f2be2db6000-7f2be2db7000 rw-p 00005000 fe:00 2627693                    /usr/lib/libXdmcp.so.6.0.0
7f2be2db7000-7f2be2db9000 r-xp 00000000 fe:00 2640834                    /usr/lib/libXau.so.6.0.0
7f2be2db9000-7f2be2fb9000 ---p 00002000 fe:00 2640834                    /usr/lib/libXau.so.6.0.0
7f2be2fb9000-7f2be2fba000 r--p 00002000 fe:00 2640834                    /usr/lib/libXau.so.6.0.0
7f2be2fba000-7f2be2fbb000 rw-p 00003000 fe:00 2640834                    /usr/lib/libXau.so.6.0.0
7f2be2fbb000-7f2be2fc4000 r-xp 00000000 fe:00 2645497                    /usr/lib/libXrender.so.1.3.0
7f2be2fc4000-7f2be31c3000 ---p 00009000 fe:00 2645497                    /usr/lib/libXrender.so.1.3.0
7f2be31c3000-7f2be31c4000 r--p 00008000 fe:00 2645497                    /usr/lib/libXrender.so.1.3.0
7f2be31c4000-7f2be31c5000 rw-p 00009000 fe:00 2645497                    /usr/lib/libXrender.so.1.3.0
7f2be31c5000-7f2be31d1000 r-xp 00000000 fe:00 2645368                    /usr/lib/libdrm.so.2.4.0
7f2be31d1000-7f2be33d0000 ---p 0000c000 fe:00 2645368                    /usr/lib/libdrm.so.2.4.0
7f2be33d0000-7f2be33d1000 r--p 0000b000 fe:00 2645368                    /usr/lib/libdrm.so.2.4.0
7f2be33d1000-7f2be33d2000 rw-p 0000c000 fe:00 2645368                    /usr/lib/libdrm.so.2.4.0
7f2be33d2000-7f2be33d3000 r-xp 00000000 fe:00 2645518                    /usr/lib/libxshmfence.so.1.0.0
7f2be33d3000-7f2be35d3000 ---p 00001000 fe:00 2645518                    /usr/lib/libxshmfence.so.1.0.0
7f2be35d3000-7f2be35d4000 r--p 00001000 fe:00 2645518                    /usr/lib/libxshmfence.so.1.0.0
7f2be35d4000-7f2be35d5000 rw-p 00002000 fe:00 2645518                    /usr/lib/libxshmfence.so.1.0.0
7f2be35d5000-7f2be35da000 r-xp 00000000 fe:00 2643171                    /usr/lib/libxcb-sync.so.1.0.0
7f2be35da000-7f2be37da000 ---p 00005000 fe:00 2643171                    /usr/lib/libxcb-sync.so.1.0.0
7f2be37da000-7f2be37db000 r--p 00005000 fe:00 2643171                    /usr/lib/libxcb-sync.so.1.0.0
7f2be37db000-7f2be37dc000 rw-p 00006000 fe:00 2643171                    /usr/lib/libxcb-sync.so.1.0.0
7f2be37dc000-7f2be37df000 r-xp 00000000 fe:00 2643140                    /usr/lib/libxcb-shape.so.0.0.0
7f2be37df000-7f2be39de000 ---p 00003000 fe:00 2643140                    /usr/lib/libxcb-shape.so.0.0.0
7f2be39de000-7f2be39df000 r--p 00002000 fe:00 2643140                    /usr/lib/libxcb-shape.so.0.0.0
7f2be39df000-7f2be39e0000 rw-p 00003000 fe:00 2643140                    /usr/lib/libxcb-shape.so.0.0.0
7f2be39e0000-7f2be39e9000 r-xp 00000000 fe:00 2643125                    /usr/lib/libxcb-render.so.0.0.0
7f2be39e9000-7f2be3be8000 ---p 00009000 fe:00 2643125                    /usr/lib/libxcb-render.so.0.0.0
7f2be3be8000-7f2be3be9000 r--p 00008000 fe:00 2643125                    /usr/lib/libxcb-render.so.0.0.0
7f2be3be9000-7f2be3bea000 rw-p 00009000 fe:00 2643125                    /usr/lib/libxcb-render.so.0.0.0
7f2be3bea000-7f2be3bf0000 r-xp 00000000 fe:00 2643122                    /usr/lib/libxcb-xfixes.so.0.0.0
7f2be3bf0000-7f2be3df0000 ---p 00006000 fe:00 2643122                    /usr/lib/libxcb-xfixes.so.0.0.0
7f2be3df0000-7f2be3df1000 r--p 00006000 fe:00 2643122                    /usr/lib/libxcb-xfixes.so.0.0.0
7f2be3df1000-7f2be3df2000 rw-p 00007000 fe:00 2643122                    /usr/lib/libxcb-xfixes.so.0.0.0
7f2be3df2000-7f2be3dff000 r-xp 00000000 fe:00 2643179                    /usr/lib/libxcb-randr.so.0.1.0
7f2be3dff000-7f2be3ffe000 ---p 0000d000 fe:00 2643179                    /usr/lib/libxcb-randr.so.0.1.0
7f2be3ffe000-7f2be3fff000 r--p 0000c000 fe:00 2643179                    /usr/lib/libxcb-randr.so.0.1.0
7f2be3fff000-7f2be4000000 rw-p 0000d000 fe:00 2643179                    /usr/lib/libxcb-randr.so.0.1.0
7f2be4000000-7f2be4021000 rw-p 00000000 00:00 0 
7f2be4021000-7f2be8000000 ---p 00000000 00:00 0 
7f2be8000000-7f2be8046000 rw-p 00000000 00:00 0 
7f2be8046000-7f2bec000000 ---p 00000000 00:00 0 
7f2bec000000-7f2bec1cc000 rw-p 00000000 00:00 0 
7f2bec1cc000-7f2bf0000000 ---p 00000000 00:00 0 
7f2bf0000000-7f2bf0021000 rw-p 00000000 00:00 0 
7f2bf0021000-7f2bf4000000 ---p 00000000 00:00 0 
7f2bf4000000-7f2bf427b000 rw-p 00000000 00:00 0 
7f2bf427b000-7f2bf8000000 ---p 00000000 00:00 0 
7f2bf8000000-7f2bf8169000 rw-p 00000000 00:00 0 
7f2bf8169000-7f2bfc000000 ---p 00000000 00:00 0 
7f2bfc000000-7f2bfc021000 rw-p 00000000 00:00 0 
7f2bfc021000-7f2c00000000 ---p 00000000 00:00 0 
7f2c00000000-7f2c002ba000 rw-p 00000000 00:00 0 
7f2c002ba000-7f2c04000000 ---p 00000000 00:00 0 
7f2c04000000-7f2c04021000 rw-p 00000000 00:00 0 
7f2c04021000-7f2c08000000 ---p 00000000 00:00 0 
7f2c08000000-7f2c08021000 rw-p 00000000 00:00 0 
7f2c08021000-7f2c0c000000 ---p 00000000 00:00 0 
7f2c0c000000-7f2c0c021000 rw-p 00000000 00:00 0 
7f2c0c021000-7f2c10000000 ---p 00000000 00:00 0 
7f2c100dd000-7f2c100df000 r-xp 00000000 fe:00 2643158                    /usr/lib/libxcb-present.so.0.0.0
7f2c100df000-7f2c102de000 ---p 00002000 fe:00 2643158                    /usr/lib/libxcb-present.so.0.0.0
7f2c102de000-7f2c102df000 r--p 00001000 fe:00 2643158                    /usr/lib/libxcb-present.so.0.0.0
7f2c102df000-7f2c102e0000 rw-p 00002000 fe:00 2643158                    /usr/lib/libxcb-present.so.0.0.0
7f2c102e0000-7f2c18000000 rw-p 00000000 00:00 0 
7f2c18000000-7f2c18021000 rw-p 00000000 00:00 0 
7f2c18021000-7f2c1c000000 ---p 00000000 00:00 0 
7f2c1c07c000-7f2c1c08c000 r-xp 00000000 fe:00 2655815                    /usr/lib/libudev.so.1.6.2
7f2c1c08c000-7f2c1c08d000 r--p 0000f000 fe:00 2655815                    /usr/lib/libudev.so.1.6.2
7f2c1c08d000-7f2c1c08e000 rw-p 00010000 fe:00 2655815                    /usr/lib/libudev.so.1.6.2
7f2c1c08e000-7f2c1c09a000 r-xp 00000000 fe:00 2633439                    /usr/lib/libnss_myhostname.so.2
7f2c1c09a000-7f2c1c09b000 ---p 0000c000 fe:00 2633439                    /usr/lib/libnss_myhostname.so.2
7f2c1c09b000-7f2c1c09d000 r--p 0000c000 fe:00 2633439                    /usr/lib/libnss_myhostname.so.2
7f2c1c09d000-7f2c1c09e000 rw-p 0000e000 fe:00 2633439                    /usr/lib/libnss_myhostname.so.2
7f2c1c09e000-7f2c1c0a0000 r-xp 00000000 fe:00 2643130                    /usr/lib/libxcb-dri3.so.0.0.0
7f2c1c0a0000-7f2c1c29f000 ---p 00002000 fe:00 2643130                    /usr/lib/libxcb-dri3.so.0.0.0
7f2c1c29f000-7f2c1c2a0000 r--p 00001000 fe:00 2643130                    /usr/lib/libxcb-dri3.so.0.0.0
7f2c1c2a0000-7f2c1c2a1000 rw-p 00002000 fe:00 2643130                    /usr/lib/libxcb-dri3.so.0.0.0
7f2c1c2a1000-7f2c1c2a5000 r-xp 00000000 fe:00 2643155                    /usr/lib/libxcb-dri2.so.0.0.0
7f2c1c2a5000-7f2c1c4a4000 ---p 00004000 fe:00 2643155                    /usr/lib/libxcb-dri2.so.0.0.0
7f2c1c4a4000-7f2c1c4a5000 r--p 00003000 fe:00 2643155                    /usr/lib/libxcb-dri2.so.0.0.0
7f2c1c4a5000-7f2c1c4a6000 rw-p 00004000 fe:00 2643155                    /usr/lib/libxcb-dri2.so.0.0.0
7f2c1c4a6000-7f2c1c4bd000 r-xp 00000000 fe:00 2643129                    /usr/lib/libxcb-glx.so.0.0.0
7f2c1c4bd000-7f2c1c6bd000 ---p 00017000 fe:00 2643129                    /usr/lib/libxcb-glx.so.0.0.0
7f2c1c6bd000-7f2c1c6bf000 r--p 00017000 fe:00 2643129                    /usr/lib/libxcb-glx.so.0.0.0
7f2c1c6bf000-7f2c1c6c0000 rw-p 00019000 fe:00 2643129                    /usr/lib/libxcb-glx.so.0.0.0
7f2c1c6c0000-7f2c1c6c1000 r-xp 00000000 fe:00 2643225                    /usr/lib/libX11-xcb.so.1.0.0
7f2c1c6c1000-7f2c1c8c0000 ---p 00001000 fe:00 2643225                    /usr/lib/libX11-xcb.so.1.0.0
7f2c1c8c0000-7f2c1c8c1000 r--p 00000000 fe:00 2643225                    /usr/lib/libX11-xcb.so.1.0.0
7f2c1c8c1000-7f2c1c8c2000 rw-p 00001000 fe:00 2643225                    /usr/lib/libX11-xcb.so.1.0.0
7f2c1c8c2000-7f2c1c8c7000 r-xp 00000000 fe:00 2644195                    /usr/lib/libXfixes.so.3.1.0
7f2c1c8c7000-7f2c1cac6000 ---p 00005000 fe:00 2644195                    /usr/lib/libXfixes.so.3.1.0
7f2c1cac6000-7f2c1cac7000 r--p 00004000 fe:00 2644195                    /usr/lib/libXfixes.so.3.1.0
7f2c1cac7000-7f2c1cac8000 rw-p 00005000 fe:00 2644195                    /usr/lib/libXfixes.so.3.1.0
7f2c1cac8000-7f2c1caca000 r-xp 00000000 fe:00 2645591                    /usr/lib/libXdamage.so.1.1.0
7f2c1caca000-7f2c1ccc9000 ---p 00002000 fe:00 2645591                    /usr/lib/libXdamage.so.1.1.0
7f2c1ccc9000-7f2c1ccca000 r--p 00001000 fe:00 2645591                    /usr/lib/libXdamage.so.1.1.0
7f2c1ccca000-7f2c1cccb000 rw-p 00002000 fe:00 2645591                    /usr/lib/libXdamage.so.1.1.0
7f2c1cccb000-7f2c1ccdc000 r-xp 00000000 fe:00 2644111                    /usr/lib/libXext.so.6.4.0
7f2c1ccdc000-7f2c1cedb000 ---p 00011000 fe:00 2644111                    /usr/lib/libXext.so.6.4.0
7f2c1cedb000-7f2c1cedc000 r--p 00010000 fe:00 2644111                    /usr/lib/libXext.so.6.4.0
7f2c1cedc000-7f2c1cedd000 rw-p 00011000 fe:00 2644111                    /usr/lib/libXext.so.6.4.0
7f2c1cedd000-7f2c1cf03000 r-xp 00000000 fe:00 2649644                    /usr/lib/libglapi.so.0.0.0
7f2c1cf03000-7f2c1d103000 ---p 00026000 fe:00 2649644                    /usr/lib/libglapi.so.0.0.0
7f2c1d103000-7f2c1d106000 r--p 00026000 fe:00 2649644                    /usr/lib/libglapi.so.0.0.0
7f2c1d106000-7f2c1d107000 rw-p 00029000 fe:00 2649644                    /usr/lib/libglapi.so.0.0.0
7f2c1d107000-7f2c1d108000 rw-p 00000000 00:00 0 
7f2c1d108000-7f2c1d12f000 r-xp 00000000 fe:00 2631998                    /usr/lib/libexpat.so.1.6.0
7f2c1d12f000-7f2c1d32e000 ---p 00027000 fe:00 2631998                    /usr/lib/libexpat.so.1.6.0
7f2c1d32e000-7f2c1d331000 r--p 00026000 fe:00 2631998                    /usr/lib/libexpat.so.1.6.0
7f2c1d331000-7f2c1d332000 rw-p 00029000 fe:00 2631998                    /usr/lib/libexpat.so.1.6.0
7f2c1d332000-7f2c1d353000 r-xp 00000000 fe:00 2643143                    /usr/lib/libxcb.so.1.1.0
7f2c1d353000-7f2c1d552000 ---p 00021000 fe:00 2643143                    /usr/lib/libxcb.so.1.1.0
7f2c1d552000-7f2c1d553000 r--p 00020000 fe:00 2643143                    /usr/lib/libxcb.so.1.1.0
7f2c1d553000-7f2c1d554000 rw-p 00021000 fe:00 2643143                    /usr/lib/libxcb.so.1.1.0
7f2c1d554000-7f2c1d55e000 r-xp 00000000 fe:00 2645985                    /usr/lib/libXcursor.so.1.0.2
7f2c1d55e000-7f2c1d75d000 ---p 0000a000 fe:00 2645985                    /usr/lib/libXcursor.so.1.0.2
7f2c1d75d000-7f2c1d75e000 r--p 00009000 fe:00 2645985                    /usr/lib/libXcursor.so.1.0.2
7f2c1d75e000-7f2c1d75f000 rw-p 0000a000 fe:00 2645985                    /usr/lib/libXcursor.so.1.0.2
7f2c1d75f000-7f2c1d761000 r-xp 00000000 fe:00 2645987                    /usr/lib/libXinerama.so.1.0.0
7f2c1d761000-7f2c1d960000 ---p 00002000 fe:00 2645987                    /usr/lib/libXinerama.so.1.0.0
7f2c1d960000-7f2c1d961000 r--p 00001000 fe:00 2645987                    /usr/lib/libXinerama.so.1.0.0
7f2c1d961000-7f2c1d962000 rw-p 00002000 fe:00 2645987                    /usr/lib/libXinerama.so.1.0.0
7f2c1d962000-7f2c1d967000 r-xp 00000000 fe:00 2645576                    /usr/lib/libXxf86vm.so.1.0.0
7f2c1d967000-7f2c1db66000 ---p 00005000 fe:00 2645576                    /usr/lib/libXxf86vm.so.1.0.0
7f2c1db66000-7f2c1db67000 r--p 00004000 fe:00 2645576                    /usr/lib/libXxf86vm.so.1.0.0
7f2c1db67000-7f2c1db68000 rw-p 00005000 fe:00 2645576                    /usr/lib/libXxf86vm.so.1.0.0
7f2c1db68000-7f2c1db71000 r-xp 00000000 fe:00 2645997                    /usr/lib/libXrandr.so.2.2.0
7f2c1db71000-7f2c1dd70000 ---p 00009000 fe:00 2645997                    /usr/lib/libXrandr.so.2.2.0
7f2c1dd70000-7f2c1dd71000 r--p 00008000 fe:00 2645997                    /usr/lib/libXrandr.so.2.2.0
7f2c1dd71000-7f2c1dd72000 rw-p 00009000 fe:00 2645997                    /usr/lib/libXrandr.so.2.2.0
7f2c1dd72000-7f2c1dd81000 r-xp 00000000 fe:00 2644191                    /usr/lib/libXi.so.6.1.0
7f2c1dd81000-7f2c1df81000 ---p 0000f000 fe:00 2644191                    /usr/lib/libXi.so.6.1.0
7f2c1df81000-7f2c1df82000 r--p 0000f000 fe:00 2644191                    /usr/lib/libXi.so.6.1.0
7f2c1df82000-7f2c1df83000 rw-p 00010000 fe:00 2644191                    /usr/lib/libXi.so.6.1.0
7f2c1df83000-7f2c1e01b000 r-xp 00000000 fe:00 3297220                    /usr/lib/mesa/libGL.so.1.2.0
7f2c1e01b000-7f2c1e21a000 ---p 00098000 fe:00 3297220                    /usr/lib/mesa/libGL.so.1.2.0
7f2c1e21a000-7f2c1e21d000 r--p 00097000 fe:00 3297220                    /usr/lib/mesa/libGL.so.1.2.0
7f2c1e21d000-7f2c1e21e000 rw-p 0009a000 fe:00 3297220                    /usr/lib/mesa/libGL.so.1.2.0
7f2c1e21e000-7f2c1e21f000 rw-p 00000000 00:00 0 
7f2c1e21f000-7f2c1e35a000 r-xp 00000000 fe:00 2643224                    /usr/lib/libX11.so.6.3.0
7f2c1e35a000-7f2c1e559000 ---p 0013b000 fe:00 2643224                    /usr/lib/libX11.so.6.3.0
7f2c1e559000-7f2c1e55b000 r--p 0013a000 fe:00 2643224                    /usr/lib/libX11.so.6.3.0
7f2c1e55b000-7f2c1e560000 rw-p 0013c000 fe:00 2643224                    /usr/lib/libX11.so.6.3.0
7f2c1e560000-7f2c1e561000 rw-p 00000000 00:00 0 
7f2c1e58c000-7f2c1e596000 r--s 00116000 fe:00 3949472                    /usr/lib/jvm/java-8-jdk/jre/lib/ext/localedata.jar
7f2c1e596000-7f2c1e5b2000 r--s 00393000 fe:00 3949466                    /usr/lib/jvm/java-8-jdk/jre/lib/ext/cldrdata.jar
7f2c1e5b2000-7f2c1e5b6000 r--s 00093000 fe:00 3949442                    /usr/lib/jvm/java-8-jdk/jre/lib/jsse.jar
7f2c1e5b6000-7f2c1e628000 r-xp 00000000 fe:02 41551762                   /home/beenotung/git/workspace/hkcc-pacman-robot/lib/lwjgl3/native/linux/x64/liblwjgl.so
7f2c1e628000-7f2c1e827000 ---p 00072000 fe:02 41551762                   /home/beenotung/git/workspace/hkcc-pacman-robot/lib/lwjgl3/native/linux/x64/liblwjgl.so
7f2c1e827000-7f2c1e828000 r--p 00071000 fe:02 41551762                   /home/beenotung/git/workspace/hkcc-pacman-robot/lib/lwjgl3/native/linux/x64/liblwjgl.so
7f2c1e828000-7f2c1e829000 rw-p 00072000 fe:02 41551762                   /home/beenotung/git/workspace/hkcc-pacman-robot/lib/lwjgl3/native/linux/x64/liblwjgl.so
7f2c1e829000-7f2c1e85b000 rw-p 00000000 00:00 0 
7f2c1e85b000-7f2c1e871000 r-xp 00000000 fe:00 4072527                    /usr/lib/jvm/java-8-jdk/jre/lib/amd64/libnet.so
7f2c1e871000-7f2c1ea71000 ---p 00016000 fe:00 4072527                    /usr/lib/jvm/java-8-jdk/jre/lib/amd64/libnet.so
7f2c1ea71000-7f2c1ea72000 rw-p 00016000 fe:00 4072527                    /usr/lib/jvm/java-8-jdk/jre/lib/amd64/libnet.so
7f2c1ea72000-7f2c1ea75000 ---p 00000000 00:00 0 
7f2c1ea75000-7f2c1eb73000 rw-p 00000000 00:00 0                          [stack:4052]
7f2c1eb73000-7f2c1eb75000 r--s 00016000 fe:00 3939981                    /usr/share/intellijidea-ce/lib/idea_rt.jar
7f2c1eb75000-7f2c1eb78000 r--s 00011000 fe:02 41551757                   /home/beenotung/git/workspace/hkcc-pacman-robot/lib/lwjgl3/jar/disruptor.jar
7f2c1eb78000-7f2c1eb87000 r--s 0012b000 fe:02 41551758                   /home/beenotung/git/workspace/hkcc-pacman-robot/lib/lwjgl3/jar/lwjgl.jar
7f2c1eb87000-7f2c1ec2f000 r--s 0090a000 fe:02 41551950                   /home/beenotung/git/workspace/hkcc-pacman-robot/lib/NeuroEvolution/NeuroEvolution.jar
7f2c1ec2f000-7f2c1ecb3000 r--s 00826000 fe:02 41682275                   /home/beenotung/git/workspace/hkcc-pacman-robot/lib/myutils/myutils.jar
7f2c1ecb3000-7f2c1ecb5000 r--s 0000f000 fe:02 41681194                   /home/beenotung/git/workspace/hkcc-pacman-robot/lib/pi4j/pi4j-gpio-extension-sources.jar
7f2c1ecb5000-7f2c1ecb8000 r--s 00032000 fe:02 41681193                   /home/beenotung/git/workspace/hkcc-pacman-robot/lib/pi4j/pi4j-gpio-extension-javadoc.jar
7f2c1ecb8000-7f2c1ecba000 r--s 00003000 fe:02 41681197                   /home/beenotung/git/workspace/hkcc-pacman-robot/lib/pi4j/pi4j-service-sources.jar
7f2c1ecba000-7f2c1ecbc000 r--s 00012000 fe:02 41681196                   /home/beenotung/git/workspace/hkcc-pacman-robot/lib/pi4j/pi4j-service-javadoc.jar
7f2c1ecbc000-7f2c1ecbe000 r--s 00013000 fe:02 41681191                   /home/beenotung/git/workspace/hkcc-pacman-robot/lib/pi4j/pi4j-example-sources.jar
7f2c1ecbe000-7f2c1ecc1000 r--s 00031000 fe:02 41681190                   /home/beenotung/git/workspace/hkcc-pacman-robot/lib/pi4j/pi4j-example-javadoc.jar
7f2c1ecc1000-7f2c1ecd1000 r--s 00124000 fe:02 41681185                   /home/beenotung/git/workspace/hkcc-pacman-robot/lib/pi4j/pi4j-device-javadoc.jar
7f2c1ecd1000-7f2c1ed2a000 r--s 004f6000 fe:02 41812706                   /home/beenotung/.ivy2/cache/org.scala-lang/scala-library/jars/scala-library-2.11.6.jar
7f2c1ed2a000-7f2c1ed2b000 ---p 00000000 00:00 0 
7f2c1ed2b000-7f2c1ee2b000 rw-p 00000000 00:00 0                          [stack:4048]
7f2c1ee2b000-7f2c1ee2e000 ---p 00000000 00:00 0 
7f2c1ee2e000-7f2c1ef2c000 rw-p 00000000 00:00 0                          [stack:4045]
7f2c1ef2c000-7f2c1ef2f000 ---p 00000000 00:00 0 
7f2c1ef2f000-7f2c1f02d000 rw-p 00000000 00:00 0                          [stack:4042]
7f2c1f02d000-7f2c1f030000 ---p 00000000 00:00 0 
7f2c1f030000-7f2c1f12e000 rw-p 00000000 00:00 0                          [stack:4041]
7f2c1f12e000-7f2c1f131000 ---p 00000000 00:00 0 
7f2c1f131000-7f2c1f22f000 rw-p 00000000 00:00 0                          [stack:4040]
7f2c1f22f000-7f2c1f232000 ---p 00000000 00:00 0 
7f2c1f232000-7f2c1f330000 rw-p 00000000 00:00 0                          [stack:4039]
7f2c1f330000-7f2c1f333000 ---p 00000000 00:00 0 
7f2c1f333000-7f2c1f431000 rw-p 00000000 00:00 0                          [stack:4038]
7f2c1f431000-7f2c1f5f6000 r--p 00000000 fe:00 2655801                    /usr/lib/locale/locale-archive
7f2c1f5f6000-7f2c1f5f9000 ---p 00000000 00:00 0 
7f2c1f5f9000-7f2c1f6f7000 rw-p 00000000 00:00 0                          [stack:4035]
7f2c1f6f7000-7f2c1f6fa000 ---p 00000000 00:00 0 
7f2c1f6fa000-7f2c1f7f8000 rw-p 00000000 00:00 0                          [stack:4034]
7f2c1f7f8000-7f2c1f7f9000 ---p 00000000 00:00 0 
7f2c1f7f9000-7f2c20000000 rw-p 00000000 00:00 0                          [stack:4032]
7f2c20000000-7f2c20021000 rw-p 00000000 00:00 0 
7f2c20021000-7f2c24000000 ---p 00000000 00:00 0 
7f2c24000000-7f2c24021000 rw-p 00000000 00:00 0 
7f2c24021000-7f2c28000000 ---p 00000000 00:00 0 
7f2c28000000-7f2c28021000 rw-p 00000000 00:00 0 
7f2c28021000-7f2c2c000000 ---p 00000000 00:00 0 
7f2c2c000000-7f2c2c021000 rw-p 00000000 00:00 0 
7f2c2c021000-7f2c30000000 ---p 00000000 00:00 0 
7f2c30000000-7f2c30021000 rw-p 00000000 00:00 0 
7f2c30021000-7f2c34000000 ---p 00000000 00:00 0 
7f2c34000000-7f2c34021000 rw-p 00000000 00:00 0 
7f2c34021000-7f2c38000000 ---p 00000000 00:00 0 
7f2c38000000-7f2c38021000 rw-p 00000000 00:00 0 
7f2c38021000-7f2c3c000000 ---p 00000000 00:00 0 
7f2c3c000000-7f2c3c002000 r--s 00011000 fe:02 41681195                   /home/beenotung/git/workspace/hkcc-pacman-robot/lib/pi4j/pi4j-gpio-extension.jar
7f2c3c002000-7f2c3c008000 r--s 00033000 fe:02 41681186                   /home/beenotung/git/workspace/hkcc-pacman-robot/lib/pi4j/pi4j-device-sources.jar
7f2c3c008000-7f2c3c00d000 r--s 00038000 fe:02 41681183                   /home/beenotung/git/workspace/hkcc-pacman-robot/lib/pi4j/pi4j-core-sources.jar
7f2c3c00d000-7f2c3c017000 r--s 000d6000 fe:02 41681182                   /home/beenotung/git/workspace/hkcc-pacman-robot/lib/pi4j/pi4j-core-javadoc.jar
7f2c3c017000-7f2c3c019000 r--s 00003000 fe:02 41681198                   /home/beenotung/git/workspace/hkcc-pacman-robot/lib/pi4j/pi4j-service.jar
7f2c3c019000-7f2c3c01c000 r--s 00018000 fe:02 41681192                   /home/beenotung/git/workspace/hkcc-pacman-robot/lib/pi4j/pi4j-example.jar
7f2c3c01c000-7f2c3c023000 r--s 0002c000 fe:02 41681189                   /home/beenotung/git/workspace/hkcc-pacman-robot/lib/pi4j/pi4j-device.jar
7f2c3c023000-7f2c3c028000 r--s 0002f000 fe:02 41681184                   /home/beenotung/git/workspace/hkcc-pacman-robot/lib/pi4j/pi4j-core.jar
7f2c3c028000-7f2c3c02e000 r--s 00036000 fe:02 41681180                   /home/beenotung/git/workspace/hkcc-pacman-robot/lib/pi4j/junit.jar
7f2c3c02e000-7f2c3c041000 r--s 000d5000 fe:00 3949455                    /usr/lib/jvm/java-8-jdk/jre/lib/plugin.jar
7f2c3c041000-7f2c3c054000 r--s 00344000 fe:00 3949438                    /usr/lib/jvm/java-8-jdk/jre/lib/resources.jar
7f2c3c054000-7f2c3c06d000 r--s 001ea000 fe:00 3949441                    /usr/lib/jvm/java-8-jdk/jre/lib/deploy.jar
7f2c3c06d000-7f2c3d000000 rw-p 00000000 00:00 0 
7f2c3d000000-7f2c3d2a0000 rwxp 00000000 00:00 0 
7f2c3d2a0000-7f2c4c000000 ---p 00000000 00:00 0 
7f2c4c000000-7f2c4c57a000 rw-p 00000000 00:00 0 
7f2c4c57a000-7f2c50000000 ---p 00000000 00:00 0 
7f2c50000000-7f2c50001000 rwxp 00000000 00:00 0 
7f2c50001000-7f2c50003000 r--s 0001a000 fe:00 3949452                    /usr/lib/jvm/java-8-jdk/jre/lib/jce.jar
7f2c50003000-7f2c50007000 r--s 00093000 fe:00 3949442                    /usr/lib/jvm/java-8-jdk/jre/lib/jsse.jar
7f2c50007000-7f2c5000c000 r--s 00084000 fe:00 3949445                    /usr/lib/jvm/java-8-jdk/jre/lib/jfr.jar
7f2c5000c000-7f2c50016000 r--s 00069000 fe:00 3949459                    /usr/lib/jvm/java-8-jdk/jre/lib/javaws.jar
7f2c50016000-7f2c50018000 r--s 00007000 fe:00 3949435                    /usr/lib/jvm/java-8-jdk/jre/lib/jfxswt.jar
7f2c50018000-7f2c505a1000 rw-p 00000000 00:00 0 
7f2c505a1000-7f2c50777000 r--s 03caa000 fe:00 3949446                    /usr/lib/jvm/java-8-jdk/jre/lib/rt.jar
7f2c50777000-7f2c5181a000 rw-p 00000000 00:00 0 
7f2c5181a000-7f2c5181b000 ---p 00000000 00:00 0 
7f2c5181b000-7f2c5191b000 rw-p 00000000 00:00 0                          [stack:4021]
7f2c5191b000-7f2c5191c000 ---p 00000000 00:00 0 
7f2c5191c000-7f2c51a1c000 rw-p 00000000 00:00 0                          [stack:4020]
7f2c51a1c000-7f2c51a1d000 ---p 00000000 00:00 0 
7f2c51a1d000-7f2c51b1d000 rw-p 00000000 00:00 0                          [stack:4019]
7f2c51b1d000-7f2c51b1e000 ---p 00000000 00:00 0 
7f2c51b1e000-7f2c51c1e000 rw-p 00000000 00:00 0                          [stack:4018]
7f2c51c1e000-7f2c51c1f000 ---p 00000000 00:00 0 
7f2c51c1f000-7f2c51d1f000 rw-p 00000000 00:00 0                          [stack:4017]
7f2c51d1f000-7f2c51d20000 ---p 00000000 00:00 0 
7f2c51d20000-7f2c51e20000 rw-p 00000000 00:00 0                          [stack:4016]
7f2c51e20000-7f2c51e21000 ---p 00000000 00:00 0 
7f2c51e21000-7f2c51f21000 rw-p 00000000 00:00 0                          [stack:4015]
7f2c51f21000-7f2c51f22000 ---p 00000000 00:00 0 
7f2c51f22000-7f2c52076000 rw-p 00000000 00:00 0                          [stack:4014]
7f2c52076000-7f2c52559000 ---p 00000000 00:00 0 
7f2c52559000-7f2c525ad000 rw-p 00000000 00:00 0 
7f2c525ad000-7f2c52a8f000 ---p 00000000 00:00 0 
7f2c52a8f000-7f2c52aba000 rw-p 00000000 00:00 0 
7f2c52aba000-7f2c52d2b000 ---p 00000000 00:00 0 
7f2c52d2b000-7f2c52d37000 rw-p 00000000 00:00 0 
7f2c52d37000-7f2c530ec000 ---p 00000000 00:00 0 
7f2c530ec000-7f2c53106000 r-xp 00000000 fe:00 4072537                    /usr/lib/jvm/java-8-jdk/jre/lib/amd64/libzip.so
7f2c53106000-7f2c53306000 ---p 0001a000 fe:00 4072537                    /usr/lib/jvm/java-8-jdk/jre/lib/amd64/libzip.so
7f2c53306000-7f2c53307000 rw-p 0001a000 fe:00 4072537                    /usr/lib/jvm/java-8-jdk/jre/lib/amd64/libzip.so
7f2c53307000-7f2c53312000 r-xp 00000000 fe:00 2624626                    /usr/lib/libnss_files-2.21.so
7f2c53312000-7f2c53512000 ---p 0000b000 fe:00 2624626                    /usr/lib/libnss_files-2.21.so
7f2c53512000-7f2c53513000 r--p 0000b000 fe:00 2624626                    /usr/lib/libnss_files-2.21.so
7f2c53513000-7f2c53514000 rw-p 0000c000 fe:00 2624626                    /usr/lib/libnss_files-2.21.so
7f2c53514000-7f2c5353e000 r-xp 00000000 fe:00 4072557                    /usr/lib/jvm/java-8-jdk/jre/lib/amd64/libjava.so
7f2c5353e000-7f2c5373e000 ---p 0002a000 fe:00 4072557                    /usr/lib/jvm/java-8-jdk/jre/lib/amd64/libjava.so
7f2c5373e000-7f2c53740000 rw-p 0002a000 fe:00 4072557                    /usr/lib/jvm/java-8-jdk/jre/lib/amd64/libjava.so
7f2c53740000-7f2c5374d000 r-xp 00000000 fe:00 4072544                    /usr/lib/jvm/java-8-jdk/jre/lib/amd64/libverify.so
7f2c5374d000-7f2c5394d000 ---p 0000d000 fe:00 4072544                    /usr/lib/jvm/java-8-jdk/jre/lib/amd64/libverify.so
7f2c5394d000-7f2c5394f000 rw-p 0000d000 fe:00 4072544                    /usr/lib/jvm/java-8-jdk/jre/lib/amd64/libverify.so
7f2c5394f000-7f2c53956000 r-xp 00000000 fe:00 2624673                    /usr/lib/librt-2.21.so
7f2c53956000-7f2c53b55000 ---p 00007000 fe:00 2624673                    /usr/lib/librt-2.21.so
7f2c53b55000-7f2c53b56000 r--p 00006000 fe:00 2624673                    /usr/lib/librt-2.21.so
7f2c53b56000-7f2c53b57000 rw-p 00007000 fe:00 2624673                    /usr/lib/librt-2.21.so
7f2c53b57000-7f2c53c5a000 r-xp 00000000 fe:00 2624701                    /usr/lib/libm-2.21.so
7f2c53c5a000-7f2c53e5a000 ---p 00103000 fe:00 2624701                    /usr/lib/libm-2.21.so
7f2c53e5a000-7f2c53e5b000 r--p 00103000 fe:00 2624701                    /usr/lib/libm-2.21.so
7f2c53e5b000-7f2c53e5c000 rw-p 00104000 fe:00 2624701                    /usr/lib/libm-2.21.so
7f2c53e5c000-7f2c54ac9000 r-xp 00000000 fe:00 4460819                    /usr/lib/jvm/java-8-jdk/jre/lib/amd64/server/libjvm.so
7f2c54ac9000-7f2c54cc8000 ---p 00c6d000 fe:00 4460819                    /usr/lib/jvm/java-8-jdk/jre/lib/amd64/server/libjvm.so
7f2c54cc8000-7f2c54d9e000 rw-p 00c6c000 fe:00 4460819                    /usr/lib/jvm/java-8-jdk/jre/lib/amd64/server/libjvm.so
7f2c54d9e000-7f2c54de1000 rw-p 00000000 00:00 0 
7f2c54de1000-7f2c54f7a000 r-xp 00000000 fe:00 2624641                    /usr/lib/libc-2.21.so
7f2c54f7a000-7f2c5517a000 ---p 00199000 fe:00 2624641                    /usr/lib/libc-2.21.so
7f2c5517a000-7f2c5517e000 r--p 00199000 fe:00 2624641                    /usr/lib/libc-2.21.so
7f2c5517e000-7f2c55180000 rw-p 0019d000 fe:00 2624641                    /usr/lib/libc-2.21.so
7f2c55180000-7f2c55184000 rw-p 00000000 00:00 0 
7f2c55184000-7f2c55186000 r-xp 00000000 fe:00 2624682                    /usr/lib/libdl-2.21.so
7f2c55186000-7f2c55386000 ---p 00002000 fe:00 2624682                    /usr/lib/libdl-2.21.so
7f2c55386000-7f2c55387000 r--p 00002000 fe:00 2624682                    /usr/lib/libdl-2.21.so
7f2c55387000-7f2c55388000 rw-p 00003000 fe:00 2624682                    /usr/lib/libdl-2.21.so
7f2c55388000-7f2c5539d000 r-xp 00000000 fe:00 4460811                    /usr/lib/jvm/java-8-jdk/jre/lib/amd64/jli/libjli.so
7f2c5539d000-7f2c5559c000 ---p 00015000 fe:00 4460811                    /usr/lib/jvm/java-8-jdk/jre/lib/amd64/jli/libjli.so
7f2c5559c000-7f2c5559d000 rw-p 00014000 fe:00 4460811                    /usr/lib/jvm/java-8-jdk/jre/lib/amd64/jli/libjli.so
7f2c5559d000-7f2c555b5000 r-xp 00000000 fe:00 2624671                    /usr/lib/libpthread-2.21.so
7f2c555b5000-7f2c557b4000 ---p 00018000 fe:00 2624671                    /usr/lib/libpthread-2.21.so
7f2c557b4000-7f2c557b5000 r--p 00017000 fe:00 2624671                    /usr/lib/libpthread-2.21.so
7f2c557b5000-7f2c557b6000 rw-p 00018000 fe:00 2624671                    /usr/lib/libpthread-2.21.so
7f2c557b6000-7f2c557ba000 rw-p 00000000 00:00 0 
7f2c557ba000-7f2c557dc000 r-xp 00000000 fe:00 2624696                    /usr/lib/ld-2.21.so
7f2c557dd000-7f2c557e2000 r--s 002f8000 fe:00 3949453                    /usr/lib/jvm/java-8-jdk/jre/lib/charsets.jar
7f2c557e2000-7f2c55880000 rw-p 00000000 00:00 0 
7f2c55880000-7f2c55883000 ---p 00000000 00:00 0 
7f2c55883000-7f2c55985000 rw-p 00000000 00:00 0                          [stack:4013]
7f2c55985000-7f2c55986000 rwxp 00000000 00:00 0 
7f2c55986000-7f2c55987000 r--s 00000000 fe:00 3949449                    /usr/lib/jvm/java-8-jdk/jre/lib/management-agent.jar
7f2c55987000-7f2c559d0000 rw-p 00000000 00:00 0 
7f2c559d0000-7f2c559d8000 rw-s 00000000 00:1f 107055                     /tmp/hsperfdata_beenotung/4012
7f2c559d8000-7f2c559d9000 rw-p 00000000 00:00 0 
7f2c559d9000-7f2c559da000 r--p 00000000 00:00 0 
7f2c559da000-7f2c559db000 rw-p 00000000 00:00 0 
7f2c559db000-7f2c559dc000 r--p 00021000 fe:00 2624696                    /usr/lib/ld-2.21.so
7f2c559dc000-7f2c559dd000 rw-p 00022000 fe:00 2624696                    /usr/lib/ld-2.21.so
7f2c559dd000-7f2c559de000 rw-p 00000000 00:00 0 
7ffd0e5eb000-7ffd0e60d000 rw-p 00000000 00:00 0                          [stack]
7ffd0e782000-7ffd0e784000 r--p 00000000 00:00 0                          [vvar]
7ffd0e784000-7ffd0e786000 r-xp 00000000 00:00 0                          [vdso]
ffffffffff600000-ffffffffff601000 r-xp 00000000 00:00 0                  [vsyscall]

VM Arguments:
jvm_args: -Djava.library.path=/home/beenotung/git/workspace/hkcc-pacman-robot/lib/lwjgl3/native/linux/x64:/home/beenotung/git/workspace/hkcc-pacman-robot/lib/lwjgl3/native/linux/x86:/home/beenotung/git/workspace/hkcc-pacman-robot/lib/lwjgl3/native/macosx/x64:/home/beenotung/git/workspace/hkcc-pacman-robot/lib/lwjgl3/native/windows/x64:/home/beenotung/git/workspace/hkcc-pacman-robot/lib/lwjgl3/native/windows/x86 -Didea.launcher.port=7536 -Didea.launcher.bin.path=/usr/share/intellijidea-ce/bin -Dfile.encoding=UTF-8 
java_command: com.intellij.rt.execution.application.AppMain edu.hkcc.pacmanrobot.launcher.MiniMapLauncher
java_class_path (initial): /usr/lib/jvm/default/jre/lib/management-agent.jar:/usr/lib/jvm/default/jre/lib/rt.jar:/usr/lib/jvm/default/jre/lib/charsets.jar:/usr/lib/jvm/default/jre/lib/jfxswt.jar:/usr/lib/jvm/default/jre/lib/javaws.jar:/usr/lib/jvm/default/jre/lib/deploy.jar:/usr/lib/jvm/default/jre/lib/resources.jar:/usr/lib/jvm/default/jre/lib/plugin.jar:/usr/lib/jvm/default/jre/lib/jfr.jar:/usr/lib/jvm/default/jre/lib/jsse.jar:/usr/lib/jvm/default/jre/lib/jce.jar:/usr/lib/jvm/default/jre/lib/ext/jfxrt.jar:/usr/lib/jvm/default/jre/lib/ext/sunpkcs11.jar:/usr/lib/jvm/default/jre/lib/ext/nashorn.jar:/usr/lib/jvm/default/jre/lib/ext/sunjce_provider.jar:/usr/lib/jvm/default/jre/lib/ext/cldrdata.jar:/usr/lib/jvm/default/jre/lib/ext/sunec.jar:/usr/lib/jvm/default/jre/lib/ext/dnsns.jar:/usr/lib/jvm/default/jre/lib/ext/localedata.jar:/usr/lib/jvm/default/jre/lib/ext/zipfs.jar:/home/beenotung/git/workspace/hkcc-pacman-robot/target/scala-2.11/classes:/home/beenotung/.ivy2/cache/org.scala-lang/scala-library/jars/scala-library-2.11.6.jar:/home/beenotung/git/workspace/hkcc-pacman-robot/lib/pi4j/junit.jar:/home/beenotung/git/workspace/hkcc-pacman-robot/lib/pi4j/pi4j-core.jar:/home/beenotung/git/workspace/hkcc-pacman-robot/lib/pi4j/pi4j-device.jar:/home/beenotung/git/workspace/hkcc-pacman-robot/lib/pi4j/pi4j-example.jar:/home/beenotung/git/workspace/hkcc-pacman-robot/lib/pi4j/pi4j-service.jar:/home/beenotung/git/workspace/hkcc-pacman-robot/lib/pi4j/pi4j-core-javadoc.jar:/home/beenotung/git/workspace/hkcc-pacman-robot/lib/pi4j/pi4j-core-sources.jar:/home/beenotung/git/workspace/hkcc-pacman-robot/lib/pi4j/pi4j-device-javadoc.jar:/home/beenotung/git/workspace/hkcc-pacman-robot/lib/pi4j/pi4j-device-sources.jar:/home/beenotung/git/workspace/hkcc-pacman-robot/lib/pi4j/pi4j-gpio-extension.jar:/home/beenotung/git/workspace/hkcc-pacman-robot/lib/pi4j/pi4j-example-javadoc.jar:/home/beenotung/git/workspace/hkcc-pacman-robot/lib/pi4j/pi4j-example-sources.jar:/home/beenotung/git/workspace/hk
Launcher Type: SUN_STANDARD

Environment Variables:
PATH=/usr/games:/home/beenotung/bin:/usr/local/sbin:/usr/local/bin:/usr/bin:/opt/android-sdk/tools:/usr/lib/jvm/default/bin:/usr/bin/site_perl:/usr/bin/vendor_perl:/usr/bin/core_perl
USERNAME=beenotung
LD_LIBRARY_PATH=.:
SHELL=/bin/bash
DISPLAY=:1

Signal Handlers:
SIGSEGV: [libjvm.so+0xa79a80], sa_mask[0]=11111111011111111101111111111110, sa_flags=SA_RESTART|SA_SIGINFO
SIGBUS: [libjvm.so+0xa79a80], sa_mask[0]=11111111011111111101111111111110, sa_flags=SA_RESTART|SA_SIGINFO
SIGFPE: [libjvm.so+0x8e24e0], sa_mask[0]=11111111011111111101111111111110, sa_flags=SA_RESTART|SA_SIGINFO
SIGPIPE: [libjvm.so+0x8e24e0], sa_mask[0]=11111111011111111101111111111110, sa_flags=SA_RESTART|SA_SIGINFO
SIGXFSZ: [libjvm.so+0x8e24e0], sa_mask[0]=11111111011111111101111111111110, sa_flags=SA_RESTART|SA_SIGINFO
SIGILL: [libjvm.so+0x8e24e0], sa_mask[0]=11111111011111111101111111111110, sa_flags=SA_RESTART|SA_SIGINFO
SIGUSR1: SIG_DFL, sa_mask[0]=00000000000000000000000000000000, sa_flags=none
SIGUSR2: [libjvm.so+0x8e3d10], sa_mask[0]=00100000000000000000000000000000, sa_flags=SA_RESTART|SA_SIGINFO
SIGHUP: [libjvm.so+0x8e50d0], sa_mask[0]=11111111011111111101111111111110, sa_flags=SA_RESTART|SA_SIGINFO
SIGINT: [libjvm.so+0x8e50d0], sa_mask[0]=11111111011111111101111111111110, sa_flags=SA_RESTART|SA_SIGINFO
SIGTERM: [libjvm.so+0x8e50d0], sa_mask[0]=11111111011111111101111111111110, sa_flags=SA_RESTART|SA_SIGINFO
SIGQUIT: [libjvm.so+0x8e50d0], sa_mask[0]=11111111011111111101111111111110, sa_flags=SA_RESTART|SA_SIGINFO


---------------  S Y S T E M  ---------------

OS:LSB_VERSION=1.4
DISTRIB_ID=Arch
DISTRIB_RELEASE=rolling
DISTRIB_DESCRIPTION="Arch Linux"

uname:Linux 3.19.3-3-ARCH #1 SMP PREEMPT Wed Apr 8 14:10:00 CEST 2015 x86_64
libc:glibc 2.21 NPTL 2.21 
rlimit: STACK 8192k, CORE 0k, NPROC 64015, NOFILE 4096, AS infinity
load average:0.61 0.66 0.76

/proc/meminfo:
MemTotal:       16398448 kB
MemFree:        11904820 kB
MemAvailable:   13198516 kB
Buffers:          146492 kB
Cached:          1263500 kB
SwapCached:            0 kB
Active:          3417420 kB
Inactive:         709128 kB
Active(anon):    2718516 kB
Inactive(anon):    13960 kB
Active(file):     698904 kB
Inactive(file):   695168 kB
Unevictable:         700 kB
Mlocked:             700 kB
SwapTotal:             0 kB
SwapFree:              0 kB
Dirty:               360 kB
Writeback:             0 kB
AnonPages:       2717528 kB
Mapped:           379644 kB
Shmem:             15932 kB
Slab:             182620 kB
SReclaimable:     137120 kB
SUnreclaim:        45500 kB
KernelStack:       13920 kB
PageTables:        61272 kB
NFS_Unstable:          0 kB
Bounce:                0 kB
WritebackTmp:          0 kB
CommitLimit:     8199224 kB
Committed_AS:    8679160 kB
VmallocTotal:   34359738367 kB
VmallocUsed:      155880 kB
VmallocChunk:   34359577232 kB
HardwareCorrupted:     0 kB
AnonHugePages:   1161216 kB
HugePages_Total:       0
HugePages_Free:        0
HugePages_Rsvd:        0
HugePages_Surp:        0
Hugepagesize:       2048 kB
DirectMap4k:      181820 kB
DirectMap2M:    16556032 kB


CPU:total 8 (4 cores per cpu, 2 threads per core) family 6 model 58 stepping 9, cmov, cx8, fxsr, mmx, sse, sse2, sse3, ssse3, sse4.1, sse4.2, popcnt, avx, aes, clmul, erms, ht, tsc, tscinvbit, tscinv

/proc/cpuinfo:
processor	: 0
vendor_id	: GenuineIntel
cpu family	: 6
model		: 58
model name	: Intel(R) Xeon(R) CPU E3-1230 V2 @ 3.30GHz
stepping	: 9
microcode	: 0x12
cpu MHz		: 3369.867
cache size	: 8192 KB
physical id	: 0
siblings	: 8
core id		: 0
cpu cores	: 4
apicid		: 0
initial apicid	: 0
fpu		: yes
fpu_exception	: yes
cpuid level	: 13
wp		: yes
flags		: fpu vme de pse tsc msr pae mce cx8 apic sep mtrr pge mca cmov pat pse36 clflush dts acpi mmx fxsr sse sse2 ss ht tm pbe syscall nx rdtscp lm constant_tsc arch_perfmon pebs bts rep_good nopl xtopology nonstop_tsc aperfmperf eagerfpu pni pclmulqdq dtes64 monitor ds_cpl vmx smx est tm2 ssse3 cx16 xtpr pdcm pcid sse4_1 sse4_2 x2apic popcnt tsc_deadline_timer aes xsave avx f16c rdrand lahf_lm ida arat epb pln pts dtherm tpr_shadow vnmi flexpriority ept vpid fsgsbase smep erms xsaveopt
bugs		:
bogomips	: 6587.15
clflush size	: 64
cache_alignment	: 64
address sizes	: 36 bits physical, 48 bits virtual
power management:

processor	: 1
vendor_id	: GenuineIntel
cpu family	: 6
model		: 58
model name	: Intel(R) Xeon(R) CPU E3-1230 V2 @ 3.30GHz
stepping	: 9
microcode	: 0x12
cpu MHz		: 2775.738
cache size	: 8192 KB
physical id	: 0
siblings	: 8
core id		: 1
cpu cores	: 4
apicid		: 2
initial apicid	: 2
fpu		: yes
fpu_exception	: yes
cpuid level	: 13
wp		: yes
flags		: fpu vme de pse tsc msr pae mce cx8 apic sep mtrr pge mca cmov pat pse36 clflush dts acpi mmx fxsr sse sse2 ss ht tm pbe syscall nx rdtscp lm constant_tsc arch_perfmon pebs bts rep_good nopl xtopology nonstop_tsc aperfmperf eagerfpu pni pclmulqdq dtes64 monitor ds_cpl vmx smx est tm2 ssse3 cx16 xtpr pdcm pcid sse4_1 sse4_2 x2apic popcnt tsc_deadline_timer aes xsave avx f16c rdrand lahf_lm ida arat epb pln pts dtherm tpr_shadow vnmi flexpriority ept vpid fsgsbase smep erms xsaveopt
bugs		:
bogomips	: 6587.15
clflush size	: 64
cache_alignment	: 64
address sizes	: 36 bits physical, 48 bits virtual
power management:

processor	: 2
vendor_id	: GenuineIntel
cpu family	: 6
model		: 58
model name	: Intel(R) Xeon(R) CPU E3-1230 V2 @ 3.30GHz
stepping	: 9
microcode	: 0x12
cpu MHz		: 3578.308
cache size	: 8192 KB
physical id	: 0
siblings	: 8
core id		: 2
cpu cores	: 4
apicid		: 4
initial apicid	: 4
fpu		: yes
fpu_exception	: yes
cpuid level	: 13
wp		: yes
flags		: fpu vme de pse tsc msr pae mce cx8 apic sep mtrr pge mca cmov pat pse36 clflush dts acpi mmx fxsr sse sse2 ss ht tm pbe syscall nx rdtscp lm constant_tsc arch_perfmon pebs bts rep_good nopl xtopology nonstop_tsc aperfmperf eagerfpu pni pclmulqdq dtes64 monitor ds_cpl vmx smx est tm2 ssse3 cx16 xtpr pdcm pcid sse4_1 sse4_2 x2apic popcnt tsc_deadline_timer aes xsave avx f16c rdrand lahf_lm ida arat epb pln pts dtherm tpr_shadow vnmi flexpriority ept vpid fsgsbase smep erms xsaveopt
bugs		:
bogomips	: 6587.15
clflush size	: 64
cache_alignment	: 64
address sizes	: 36 bits physical, 48 bits virtual
power management:

processor	: 3
vendor_id	: GenuineIntel
cpu family	: 6
model		: 58
model name	: Intel(R) Xeon(R) CPU E3-1230 V2 @ 3.30GHz
stepping	: 9
microcode	: 0x12
cpu MHz		: 3642.503
cache size	: 8192 KB
physical id	: 0
siblings	: 8
core id		: 3
cpu cores	: 4
apicid		: 6
initial apicid	: 6
fpu		: yes
fpu_exception	: yes
cpuid level	: 13
wp		: yes
flags		: fpu vme de pse tsc msr pae mce cx8 apic sep mtrr pge mca cmov pat pse36 clflush dts acpi mmx fxsr sse sse2 ss ht tm pbe syscall nx rdtscp lm constant_tsc arch_perfmon pebs bts rep_good nopl xtopology nonstop_tsc aperfmperf eagerfpu pni pclmulqdq dtes64 monitor ds_cpl vmx smx est tm2 ssse3 cx16 xtpr pdcm pcid sse4_1 sse4_2 x2apic popcnt tsc_deadline_timer aes xsave avx f16c rdrand lahf_lm ida arat epb pln pts dtherm tpr_shadow vnmi flexpriority ept vpid fsgsbase smep erms xsaveopt
bugs		:
bogomips	: 6587.15
clflush size	: 64
cache_alignment	: 64
address sizes	: 36 bits physical, 48 bits virtual
power management:

processor	: 4
vendor_id	: GenuineIntel
cpu family	: 6
model		: 58
model name	: Intel(R) Xeon(R) CPU E3-1230 V2 @ 3.30GHz
stepping	: 9
microcode	: 0x12
cpu MHz		: 3403.253
cache size	: 8192 KB
physical id	: 0
siblings	: 8
core id		: 0
cpu cores	: 4
apicid		: 1
initial apicid	: 1
fpu		: yes
fpu_exception	: yes
cpuid level	: 13
wp		: yes
flags		: fpu vme de pse tsc msr pae mce cx8 apic sep mtrr pge mca cmov pat pse36 clflush dts acpi mmx fxsr sse sse2 ss ht tm pbe syscall nx rdtscp lm constant_tsc arch_perfmon pebs bts rep_good nopl xtopology nonstop_tsc aperfmperf eagerfpu pni pclmulqdq dtes64 monitor ds_cpl vmx smx est tm2 ssse3 cx16 xtpr pdcm pcid sse4_1 sse4_2 x2apic popcnt tsc_deadline_timer aes xsave avx f16c rdrand lahf_lm ida arat epb pln pts dtherm tpr_shadow vnmi flexpriority ept vpid fsgsbase smep erms xsaveopt
bugs		:
bogomips	: 6587.15
clflush size	: 64
cache_alignment	: 64
address sizes	: 36 bits physical, 48 bits virtual
power management:

processor	: 5
vendor_id	: GenuineIntel
cpu family	: 6
model		: 58
model name	: Intel(R) Xeon(R) CPU E3-1230 V2 @ 3.30GHz
stepping	: 9
microcode	: 0x12
cpu MHz		: 3584.238
cache size	: 8192 KB
physical id	: 0
siblings	: 8
core id		: 1
cpu cores	: 4
apicid		: 3
initial apicid	: 3
fpu		: yes
fpu_exception	: yes
cpuid level	: 13
wp		: yes
flags		: fpu vme de pse tsc msr pae mce cx8 apic sep mtrr pge mca cmov pat pse36 clflush dts acpi mmx fxsr sse sse2 ss ht tm pbe syscall nx rdtscp lm constant_tsc arch_perfmon pebs bts rep_good nopl xtopology nonstop_tsc aperfmperf eagerfpu pni pclmulqdq dtes64 monitor ds_cpl vmx smx est tm2 ssse3 cx16 xtpr pdcm pcid sse4_1 sse4_2 x2apic popcnt tsc_deadline_timer aes xsave avx f16c rdrand lahf_lm ida arat epb pln pts dtherm tpr_shadow vnmi flexpriority ept vpid fsgsbase smep erms xsaveopt
bugs		:
bogomips	: 6587.15
clflush size	: 64
cache_alignment	: 64
address sizes	: 36 bits physical, 48 bits virtual
power management:

processor	: 6
vendor_id	: GenuineIntel
cpu family	: 6
model		: 58
model name	: Intel(R) Xeon(R) CPU E3-1230 V2 @ 3.30GHz
stepping	: 9
microcode	: 0x12
cpu MHz		: 3217.371
cache size	: 8192 KB
physical id	: 0
siblings	: 8
core id		: 2
cpu cores	: 4
apicid		: 5
initial apicid	: 5
fpu		: yes
fpu_exception	: yes
cpuid level	: 13
wp		: yes
flags		: fpu vme de pse tsc msr pae mce cx8 apic sep mtrr pge mca cmov pat pse36 clflush dts acpi mmx fxsr sse sse2 ss ht tm pbe syscall nx rdtscp lm constant_tsc arch_perfmon pebs bts rep_good nopl xtopology nonstop_tsc aperfmperf eagerfpu pni pclmulqdq dtes64 monitor ds_cpl vmx smx est tm2 ssse3 cx16 xtpr pdcm pcid sse4_1 sse4_2 x2apic popcnt tsc_deadline_timer aes xsave avx f16c rdrand lahf_lm ida arat epb pln pts dtherm tpr_shadow vnmi flexpriority ept vpid fsgsbase smep erms xsaveopt
bugs		:
bogomips	: 6587.15
clflush size	: 64
cache_alignment	: 64
address sizes	: 36 bits physical, 48 bits virtual
power management:

processor	: 7
vendor_id	: GenuineIntel
cpu family	: 6
model		: 58
model name	: Intel(R) Xeon(R) CPU E3-1230 V2 @ 3.30GHz
stepping	: 9
microcode	: 0x12
cpu MHz		: 3190.687
cache size	: 8192 KB
physical id	: 0
siblings	: 8
core id		: 3
cpu cores	: 4
apicid		: 7
initial apicid	: 7
fpu		: yes
fpu_exception	: yes
cpuid level	: 13
wp		: yes
flags		: fpu vme de pse tsc msr pae mce cx8 apic sep mtrr pge mca cmov pat pse36 clflush dts acpi mmx fxsr sse sse2 ss ht tm pbe syscall nx rdtscp lm constant_tsc arch_perfmon pebs bts rep_good nopl xtopology nonstop_tsc aperfmperf eagerfpu pni pclmulqdq dtes64 monitor ds_cpl vmx smx est tm2 ssse3 cx16 xtpr pdcm pcid sse4_1 sse4_2 x2apic popcnt tsc_deadline_timer aes xsave avx f16c rdrand lahf_lm ida arat epb pln pts dtherm tpr_shadow vnmi flexpriority ept vpid fsgsbase smep erms xsaveopt
bugs		:
bogomips	: 6587.15
clflush size	: 64
cache_alignment	: 64
address sizes	: 36 bits physical, 48 bits virtual
power management:



Memory: 4k page, physical 16398448k(11904820k free), swap 0k(0k free)

vm_info: Java HotSpot(TM) 64-Bit Server VM (25.25-b02) for linux-amd64 JRE (1.8.0_25-b17), built on Sep 17 2014 17:32:11 by "java_re" with gcc 4.3.0 20080428 (Red Hat 4.3.0-8)

time: Tue Apr 14 03:17:26 2015
elapsed time: 6 seconds (0d 0h 0m 6s)

