#
# A fatal error has been detected by the Java Runtime Environment:
#
#  SIGSEGV (0xb) at pc=0x00007f25c8073a2a, pid=22387, tid=139800385107712
#
# JRE version: Java(TM) SE Runtime Environment (8.0_25-b17) (build 1.8.0_25-b17)
# Java VM: Java HotSpot(TM) 64-Bit Server VM (25.25-b02 mixed mode linux-amd64 compressed oops)
# Problematic frame:
# C  [libffi.so.6+0x4a2a]  ffi_closure_free+0x49a
#
# Failed to write core dump. Core dumps have been disabled. To enable core dumping, try "ulimit -c unlimited" before starting Java again
#
# If you would like to submit a bug report, please visit:
#   http://bugreport.sun.com/bugreport/crash.jsp
# The crash happened outside the Java Virtual Machine in native code.
# See problematic frame for where to report the bug.
#

---------------  T H R E A D  ---------------

Current thread (0x00007f263c0c5000):  JavaThread "Thread-0" [_thread_in_native, id=22456, stack(0x00007f25d03b3000,0x00007f25d04b4000)]

siginfo: si_signo: 11 (SIGSEGV), si_code: 1 (SEGV_MAPERR), si_addr: 0x0000000000000018

Registers:
RAX=0x0000000000000f80, RBX=0x00007f25c82772c0, RCX=0x0000000000000000, RDX=0x0000000000000000
RSP=0x00007f25d04b27d0, RBP=0x00007f264399f038, RSI=0x00007f264399f070, RDI=0x0000000000000001
R8 =0x0000000000000000, R9 =0x0000000000000000, R10=0x000000000000003c, R11=0x00007f25c8073590
R12=0x00007f264399f048, R13=0x00007f2617d8f938, R14=0x00007f25d04b28a8, R15=0x00007f263c0c5000
RIP=0x00007f25c8073a2a, EFLAGS=0x0000000000010246, CSGSFS=0x0000000000000033, ERR=0x0000000000000006
  TRAPNO=0x000000000000000e

Top of Stack: (sp=0x00007f25d04b27d0)
0x00007f25d04b27d0:   00007f263c0c5000 00007f25c363f7c0
0x00007f25d04b27e0:   00007f26146184c0 00007f263c007440
0x00007f25d04b27f0:   00007f264399f048 00007f2617d8f938
0x00007f25d04b2800:   00007f25d04b2880 0000000000000000
0x00007f25d04b2810:   00007f2617d8f938 00007f25d04b28a8
0x00007f25d04b2820:   00007f263c0c5000 00007f262d0156d4
0x00007f25d04b2830:   00007f263c0c5000 00007f262d015422
0x00007f25d04b2840:   00007f25d04b2840 00007f2617d8f938
0x00007f25d04b2850:   00007f25d04b28a8 00007f2617d8fd30
0x00007f25d04b2860:   0000000000000000 00007f2617d8f938
0x00007f25d04b2870:   0000000000000000 00007f25d04b28a0
0x00007f25d04b2880:   00007f25d04b28f0 00007f262d00798d
0x00007f25d04b2890:   000000076d8814b8 00007f262d00f2b8
0x00007f25d04b28a0:   00007f264399f048 000000076d8dcda8
0x00007f25d04b28b0:   00007f25d04b28b0 00007f2617c10d0b
0x00007f25d04b28c0:   00007f25d04b2900 00007f2617d6c5f8
0x00007f25d04b28d0:   0000000000000000 00007f2617c10d28
0x00007f25d04b28e0:   00007f25d04b28a0 00007f25d04b2900
0x00007f25d04b28f0:   00007f25d04b2948 00007f262d00798d
0x00007f25d04b2900:   000000076d8dcda8 00007f25d04b2908
0x00007f25d04b2910:   00007f2617c119e6 00007f25d04b2958
0x00007f25d04b2920:   00007f2617d6c480 0000000000000000
0x00007f25d04b2930:   00007f2617c11a00 00007f25d04b2900
0x00007f25d04b2940:   00007f25d04b2958 00007f25d04b29a0
0x00007f25d04b2950:   00007f262d00798d 000000076d8dcda8
0x00007f25d04b2960:   00007f25d04b2960 00007f2617c0eb37
0x00007f25d04b2970:   00007f25d04b29b0 00007f2617c12398
0x00007f25d04b2980:   0000000000000000 00007f2617c0eb50
0x00007f25d04b2990:   00007f25d04b2958 00007f25d04b29b0
0x00007f25d04b29a0:   00007f25d04b29f8 00007f262d00798d
0x00007f25d04b29b0:   000000076cf328a8 00007f25d04b29b8
0x00007f25d04b29c0:   00007f2617c0ebe7 00007f25d04b2a10 

Instructions: (pc=0x00007f25c8073a2a)
0x00007f25c8073a0a:   56 18 4c 8b 4e 30 48 39 d6 0f 84 ef 03 00 00 48
0x00007f25c8073a1a:   8b 4e 10 48 3b 0d b4 38 20 00 0f 82 26 fe ff ff
0x00007f25c8073a2a:   48 89 51 18 48 89 4a 10 4d 85 c9 0f 84 55 03 00
0x00007f25c8073a3a:   00 48 8b 4e 38 48 8d 79 4a 48 3b 34 fb 0f 84 b3 

Register to memory mapping:

RAX=0x0000000000000f80 is an unknown value
RBX=0x00007f25c82772c0: <offset 0x2082c0> in /usr/lib/libffi.so.6 at 0x00007f25c806f000
RCX=0x0000000000000000 is an unknown value
RDX=0x0000000000000000 is an unknown value
RSP=0x00007f25d04b27d0 is pointing into the stack for thread: 0x00007f263c0c5000
RBP=0x00007f264399f038 is an unknown value
RSI=0x00007f264399f070 is an unknown value
RDI=0x0000000000000001 is an unknown value
R8 =0x0000000000000000 is an unknown value
R9 =0x0000000000000000 is an unknown value
R10=0x000000000000003c is an unknown value
R11=0x00007f25c8073590: ffi_closure_free+0 in /usr/lib/libffi.so.6 at 0x00007f25c806f000
R12=0x00007f264399f048 is an unknown value
R13={method} {0x00007f2617d8f938} 'nffi_closure_free' '(J)V' in 'org/lwjgl/system/libffi/LibFFI'
R14=0x00007f25d04b28a8 is pointing into the stack for thread: 0x00007f263c0c5000
R15=0x00007f263c0c5000 is a thread


Stack: [0x00007f25d03b3000,0x00007f25d04b4000],  sp=0x00007f25d04b27d0,  free space=1021k
Native frames: (J=compiled Java code, j=interpreted, Vv=VM code, C=native code)
C  [libffi.so.6+0x4a2a]  ffi_closure_free+0x49a

Java frames: (J=compiled Java code, j=interpreted, Vv=VM code)
j  org.lwjgl.system.libffi.LibFFI.nffi_closure_free(J)V+0
j  org.lwjgl.system.libffi.Closure.destroy()V+35
j  org.lwjgl.system.Retainable$Default.release()V+38
j  myutils.gui.opengl.AbstractOpenGLApplication.end()V+7
j  myutils.gui.opengl.AbstractOpenGLApplication.run()V+15
j  edu.hkcc.pacmanrobot.controller.gamecontroller.MiniMap.run()V+27
v  ~StubRoutines::call_stub

---------------  P R O C E S S  ---------------

Java Threads: ( => current thread )
  0x00007f25c400b800 JavaThread "Thread-3" [_thread_blocked, id=22465, stack(0x00007f25c3758000,0x00007f25c3859000)]
  0x00007f25c400a000 JavaThread "Thread-2" [_thread_in_native, id=22464, stack(0x00007f25c3859000,0x00007f25c395a000)]
  0x00007f263c00a000 JavaThread "DestroyJavaVM" [_thread_blocked, id=22388, stack(0x00007f264389a000,0x00007f264399b000)]
=>0x00007f263c0c5000 JavaThread "Thread-0" [_thread_in_native, id=22456, stack(0x00007f25d03b3000,0x00007f25d04b4000)]
  0x00007f263c25a800 JavaThread "Monitor Ctrl-Break" daemon [_thread_in_native, id=22428, stack(0x00007f2614a8c000,0x00007f2614b8d000)]
  0x00007f263c0d2000 JavaThread "Service Thread" daemon [_thread_blocked, id=22419, stack(0x00007f2614eaa000,0x00007f2614fab000)]
  0x00007f263c0ba800 JavaThread "C1 CompilerThread3" daemon [_thread_blocked, id=22418, stack(0x00007f2614fab000,0x00007f26150ac000)]
  0x00007f263c0b8800 JavaThread "C2 CompilerThread2" daemon [_thread_blocked, id=22417, stack(0x00007f26150ac000,0x00007f26151ad000)]
  0x00007f263c0b6800 JavaThread "C2 CompilerThread1" daemon [_thread_blocked, id=22416, stack(0x00007f26151ad000,0x00007f26152ae000)]
  0x00007f263c0b3800 JavaThread "C2 CompilerThread0" daemon [_thread_blocked, id=22415, stack(0x00007f26152ae000,0x00007f26153af000)]
  0x00007f263c0b1800 JavaThread "Signal Dispatcher" daemon [_thread_blocked, id=22414, stack(0x00007f26153af000,0x00007f26154b0000)]
  0x00007f263c084800 JavaThread "Finalizer" daemon [_thread_blocked, id=22410, stack(0x00007f2615675000,0x00007f2615776000)]
  0x00007f263c082800 JavaThread "Reference Handler" daemon [_thread_blocked, id=22409, stack(0x00007f2615776000,0x00007f2615877000)]

Other Threads:
  0x00007f263c07b800 VMThread [stack: 0x00007f2615877000,0x00007f2615978000] [id=22408]
  0x00007f263c0d4800 WatcherThread [stack: 0x00007f2614da9000,0x00007f2614eaa000] [id=22420]

VM state:not at safepoint (normal execution)

VM Mutex/Monitor currently owned by a thread: None

Heap:
 PSYoungGen      total 75264K, used 34925K [0x000000076c980000, 0x0000000771d80000, 0x00000007c0000000)
  eden space 64512K, 54% used [0x000000076c980000,0x000000076eb9b650,0x0000000770880000)
  from space 10752K, 0% used [0x0000000771300000,0x0000000771300000,0x0000000771d80000)
  to   space 10752K, 0% used [0x0000000770880000,0x0000000770880000,0x0000000771300000)
 ParOldGen       total 172032K, used 0K [0x00000006c5c00000, 0x00000006d0400000, 0x000000076c980000)
  object space 172032K, 0% used [0x00000006c5c00000,0x00000006c5c00000,0x00000006d0400000)
 Metaspace       used 10392K, capacity 10534K, committed 10624K, reserved 1058816K
  class space    used 1088K, capacity 1113K, committed 1152K, reserved 1048576K

Card table byte_map: [0x00007f2640573000,0x00007f2640d46000] byte_map_base: 0x00007f263cf45000

Marking Bits: (ParMarkBitMap*) 0x00007f2642dd02c0
 Begin Bits: [0x00007f26002e0000, 0x00007f2604170000)
 End Bits:   [0x00007f2604170000, 0x00007f2608000000)

Polling page: 0x00007f26439f3000

CodeCache: size=245760Kb used=2606Kb max_used=2617Kb free=243153Kb
 bounds [0x00007f262d000000, 0x00007f262d290000, 0x00007f263c000000]
 total_blobs=1062 nmethods=512 adapters=465
 compilation: enabled

Compilation events (10 events):
Event: 6.131 Thread 0x00007f263c0b3800 nmethod 505 0x00007f262d28c6d0 code [0x00007f262d28c820, 0x00007f262d28c928]
Event: 6.131 Thread 0x00007f263c0ba800 nmethod 508 0x00007f262d28b650 code [0x00007f262d28b840, 0x00007f262d28c108]
Event: 6.131 Thread 0x00007f263c0ba800  507       3       sun.reflect.UTF8::utf8Length (81 bytes)
Event: 6.131 Thread 0x00007f263c0ba800 nmethod 507 0x00007f262d28abd0 code [0x00007f262d28ad80, 0x00007f262d28b3a8]
Event: 6.131 Thread 0x00007f263c0ba800  509       3       java.lang.reflect.AccessibleObject::<init> (5 bytes)
Event: 6.131 Thread 0x00007f263c0ba800 nmethod 509 0x00007f262d28a810 code [0x00007f262d28a980, 0x00007f262d28ab30]
Event: 6.132 Thread 0x00007f263c0ba800  510       1       java.net.AbstractPlainSocketImpl::getTimeout (5 bytes)
Event: 6.132 Thread 0x00007f263c0ba800 nmethod 510 0x00007f262d28a550 code [0x00007f262d28a6a0, 0x00007f262d28a7b0]
Event: 6.133 Thread 0x00007f263c0b8800  511       4       sun.reflect.ClassFileAssembler::emitByte (11 bytes)
Event: 6.134 Thread 0x00007f263c0b8800 nmethod 511 0x00007f262d289d90 code [0x00007f262d289f00, 0x00007f262d28a048]

GC Heap History (0 events):
No events

Deoptimization events (3 events):
Event: 5.964 Thread 0x00007f263c0c5000 Uncommon trap: reason=unreached action=reinterpret pc=0x00007f262d1c3db4 method=sun.misc.URLClassPath$JarLoader.ensureOpen()V @ 4
Event: 5.967 Thread 0x00007f263c0c5000 Uncommon trap: reason=unreached action=reinterpret pc=0x00007f262d1d9d14 method=sun.misc.URLClassPath$JarLoader.ensureOpen()V @ 4
Event: 5.968 Thread 0x00007f263c0c5000 Uncommon trap: reason=unreached action=reinterpret pc=0x00007f262d1e8f80 method=java.util.zip.ZipCoder.encoder()Ljava/nio/charset/CharsetEncoder; @ 4

Internal exceptions (10 events):
Event: 6.119 Thread 0x00007f25c400a000 Exception <a 'java/security/PrivilegedActionException'> (0x000000076e82e7d0) thrown at [/HUDSON/workspace/8-2-build-linux-amd64/jdk8u25/1514/hotspot/src/share/vm/prims/jvm.cpp, line 1312]
Event: 6.119 Thread 0x00007f25c400a000 Exception <a 'java/security/PrivilegedActionException'> (0x000000076e833ba8) thrown at [/HUDSON/workspace/8-2-build-linux-amd64/jdk8u25/1514/hotspot/src/share/vm/prims/jvm.cpp, line 1312]
Event: 6.119 Thread 0x00007f25c400a000 Exception <a 'java/security/PrivilegedActionException'> (0x000000076e8392e8) thrown at [/HUDSON/workspace/8-2-build-linux-amd64/jdk8u25/1514/hotspot/src/share/vm/prims/jvm.cpp, line 1312]
Event: 6.119 Thread 0x00007f25c400a000 Exception <a 'java/security/PrivilegedActionException'> (0x000000076e83db78) thrown at [/HUDSON/workspace/8-2-build-linux-amd64/jdk8u25/1514/hotspot/src/share/vm/prims/jvm.cpp, line 1312]
Event: 6.120 Thread 0x00007f25c400a000 Exception <a 'java/security/PrivilegedActionException'> (0x000000076e8691d0) thrown at [/HUDSON/workspace/8-2-build-linux-amd64/jdk8u25/1514/hotspot/src/share/vm/prims/jvm.cpp, line 1312]
Event: 6.120 Thread 0x00007f25c400a000 Exception <a 'java/security/PrivilegedActionException'> (0x000000076e86e020) thrown at [/HUDSON/workspace/8-2-build-linux-amd64/jdk8u25/1514/hotspot/src/share/vm/prims/jvm.cpp, line 1312]
Event: 6.121 Thread 0x00007f25c400a000 Exception <a 'java/lang/NoSuchMethodError': <clinit>> (0x000000076e87f538) thrown at [/HUDSON/workspace/8-2-build-linux-amd64/jdk8u25/1514/hotspot/src/share/vm/prims/jni.cpp, line 1603]
Event: 6.133 Thread 0x00007f25c400a000 Exception <a 'java/security/PrivilegedActionException'> (0x000000076e8e0b98) thrown at [/HUDSON/workspace/8-2-build-linux-amd64/jdk8u25/1514/hotspot/src/share/vm/prims/jvm.cpp, line 1312]
Event: 6.140 Thread 0x00007f263c0c5000 Exception <a 'java/security/PrivilegedActionException'> (0x000000076ead4678) thrown at [/HUDSON/workspace/8-2-build-linux-amd64/jdk8u25/1514/hotspot/src/share/vm/prims/jvm.cpp, line 1312]
Event: 6.141 Thread 0x00007f263c0c5000 Exception <a 'java/security/PrivilegedActionException'> (0x000000076ead7ff8) thrown at [/HUDSON/workspace/8-2-build-linux-amd64/jdk8u25/1514/hotspot/src/share/vm/prims/jvm.cpp, line 1312]

Events (10 events):
Event: 6.130 loading class java/util/concurrent/locks/ReentrantLock$NonfairSync
Event: 6.130 loading class java/util/concurrent/locks/ReentrantLock$NonfairSync done
Event: 6.131 loading class java/util/concurrent/locks/AbstractQueuedSynchronizer$ConditionObject
Event: 6.131 loading class java/util/concurrent/locks/AbstractQueuedSynchronizer$ConditionObject done
Event: 6.133 loading class edu/hkcc/pacmanrobot/utils/map/ObstacleMap$$anon$1
Event: 6.133 loading class edu/hkcc/pacmanrobot/utils/map/ObstacleMap$$anon$1 done
Event: 6.140 loading class edu/hkcc/pacmanrobot/utils/Utils$
Event: 6.140 loading class edu/hkcc/pacmanrobot/utils/Utils$ done
Event: 6.141 loading class edu/hkcc/pacmanrobot/utils/Point2D
Event: 6.141 loading class edu/hkcc/pacmanrobot/utils/Point2D done


Dynamic libraries:
00400000-00401000 r-xp 00000000 fe:00 3950470                            /usr/lib/jvm/java-8-jdk/jre/bin/java
00600000-00601000 rw-p 00000000 fe:00 3950470                            /usr/lib/jvm/java-8-jdk/jre/bin/java
006b9000-006da000 rw-p 00000000 00:00 0                                  [heap]
6c5c00000-6d0400000 rw-p 00000000 00:00 0 
6d0400000-76c980000 ---p 00000000 00:00 0 
76c980000-771d80000 rw-p 00000000 00:00 0 
771d80000-7c0000000 ---p 00000000 00:00 0 
7c0000000-7c0120000 rw-p 00000000 00:00 0 
7c0120000-800000000 ---p 00000000 00:00 0 
7f25b4000000-7f25b4021000 rw-p 00000000 00:00 0 
7f25b4021000-7f25b8000000 ---p 00000000 00:00 0 
7f25bc000000-7f25bc043000 rw-p 00000000 00:00 0 
7f25bc043000-7f25c0000000 ---p 00000000 00:00 0 
7f25c3558000-7f25c3698000 rw-p 00000000 00:00 0 
7f25c3698000-7f25c3758000 ---p 00000000 00:00 0 
7f25c3758000-7f25c375b000 ---p 00000000 00:00 0 
7f25c375b000-7f25c3859000 rw-p 00000000 00:00 0                          [stack:22465]
7f25c3859000-7f25c385c000 ---p 00000000 00:00 0 
7f25c385c000-7f25c395a000 rw-p 00000000 00:00 0                          [stack:22464]
7f25c395a000-7f25c395e000 r-xp 00000000 fe:00 2630949                    /usr/lib/libtxc_dxtn.so
7f25c395e000-7f25c3b5d000 ---p 00004000 fe:00 2630949                    /usr/lib/libtxc_dxtn.so
7f25c3b5d000-7f25c3b5e000 r--p 00003000 fe:00 2630949                    /usr/lib/libtxc_dxtn.so
7f25c3b5e000-7f25c3b5f000 rw-p 00004000 fe:00 2630949                    /usr/lib/libtxc_dxtn.so
7f25c3b5f000-7f25c3bbe000 r-xp 00000000 fe:00 2625020                    /usr/lib/libncursesw.so.5.9
7f25c3bbe000-7f25c3dbe000 ---p 0005f000 fe:00 2625020                    /usr/lib/libncursesw.so.5.9
7f25c3dbe000-7f25c3dc2000 r--p 0005f000 fe:00 2625020                    /usr/lib/libncursesw.so.5.9
7f25c3dc2000-7f25c3dc4000 rw-p 00063000 fe:00 2625020                    /usr/lib/libncursesw.so.5.9
7f25c3dc4000-7f25c3dfa000 r-xp 00000000 fe:00 2655999                    /usr/lib/libedit.so.0.0.52
7f25c3dfa000-7f25c3ff9000 ---p 00036000 fe:00 2655999                    /usr/lib/libedit.so.0.0.52
7f25c3ff9000-7f25c3ffb000 r--p 00035000 fe:00 2655999                    /usr/lib/libedit.so.0.0.52
7f25c3ffb000-7f25c3ffc000 rw-p 00037000 fe:00 2655999                    /usr/lib/libedit.so.0.0.52
7f25c3ffc000-7f25c4000000 rw-p 00000000 00:00 0 
7f25c4000000-7f25c4021000 rw-p 00000000 00:00 0 
7f25c4021000-7f25c8000000 ---p 00000000 00:00 0 
7f25c806f000-7f25c8077000 r-xp 00000000 fe:00 2632155                    /usr/lib/libffi.so.6.0.4
7f25c8077000-7f25c8276000 ---p 00008000 fe:00 2632155                    /usr/lib/libffi.so.6.0.4
7f25c8276000-7f25c8277000 r--p 00007000 fe:00 2632155                    /usr/lib/libffi.so.6.0.4
7f25c8277000-7f25c8278000 rw-p 00008000 fe:00 2632155                    /usr/lib/libffi.so.6.0.4
7f25c8278000-7f25c828d000 r-xp 00000000 fe:00 2627701                    /usr/lib/libz.so.1.2.8
7f25c828d000-7f25c848c000 ---p 00015000 fe:00 2627701                    /usr/lib/libz.so.1.2.8
7f25c848c000-7f25c848d000 r--p 00014000 fe:00 2627701                    /usr/lib/libz.so.1.2.8
7f25c848d000-7f25c848e000 rw-p 00015000 fe:00 2627701                    /usr/lib/libz.so.1.2.8
7f25c848e000-7f25c8496000 r-xp 00000000 fe:00 2645324                    /usr/lib/libpciaccess.so.0.11.1
7f25c8496000-7f25c8696000 ---p 00008000 fe:00 2645324                    /usr/lib/libpciaccess.so.0.11.1
7f25c8696000-7f25c8697000 r--p 00008000 fe:00 2645324                    /usr/lib/libpciaccess.so.0.11.1
7f25c8697000-7f25c8698000 rw-p 00009000 fe:00 2645324                    /usr/lib/libpciaccess.so.0.11.1
7f25c8698000-7f25c86ae000 r-xp 00000000 fe:00 2624967                    /usr/lib/libgcc_s.so.1
7f25c86ae000-7f25c88ad000 ---p 00016000 fe:00 2624967                    /usr/lib/libgcc_s.so.1
7f25c88ad000-7f25c88ae000 rw-p 00015000 fe:00 2624967                    /usr/lib/libgcc_s.so.1
7f25c88ae000-7f25c899e000 r-xp 00000000 fe:00 2624974                    /usr/lib/libstdc++.so.6.0.20
7f25c899e000-7f25c8b9e000 ---p 000f0000 fe:00 2624974                    /usr/lib/libstdc++.so.6.0.20
7f25c8b9e000-7f25c8ba6000 r--p 000f0000 fe:00 2624974                    /usr/lib/libstdc++.so.6.0.20
7f25c8ba6000-7f25c8ba8000 rw-p 000f8000 fe:00 2624974                    /usr/lib/libstdc++.so.6.0.20
7f25c8ba8000-7f25c8bbd000 rw-p 00000000 00:00 0 
7f25c8bbd000-7f25ca9b7000 r-xp 00000000 fe:00 2689109                    /usr/lib/libLLVM-3.6.so
7f25ca9b7000-7f25cabb6000 ---p 01dfa000 fe:00 2689109                    /usr/lib/libLLVM-3.6.so
7f25cabb6000-7f25cadd2000 r--p 01df9000 fe:00 2689109                    /usr/lib/libLLVM-3.6.so
7f25cadd2000-7f25cadec000 rw-p 02015000 fe:00 2689109                    /usr/lib/libLLVM-3.6.so
7f25cadec000-7f25cae02000 rw-p 00000000 00:00 0 
7f25cae02000-7f25cae17000 r-xp 00000000 fe:00 2645555                    /usr/lib/libelf-0.161.so
7f25cae17000-7f25cb017000 ---p 00015000 fe:00 2645555                    /usr/lib/libelf-0.161.so
7f25cb017000-7f25cb019000 r--p 00015000 fe:00 2645555                    /usr/lib/libelf-0.161.so
7f25cb019000-7f25cb01a000 rw-p 00017000 fe:00 2645555                    /usr/lib/libelf-0.161.so
7f25cb01a000-7f25cb026000 r-xp 00000000 fe:00 2645372                    /usr/lib/libdrm_radeon.so.1.0.1
7f25cb026000-7f25cb225000 ---p 0000c000 fe:00 2645372                    /usr/lib/libdrm_radeon.so.1.0.1
7f25cb225000-7f25cb226000 r--p 0000b000 fe:00 2645372                    /usr/lib/libdrm_radeon.so.1.0.1
7f25cb226000-7f25cb227000 rw-p 0000c000 fe:00 2645372                    /usr/lib/libdrm_radeon.so.1.0.1
7f25cb227000-7f25cb248000 r-xp 00000000 fe:00 2645370                    /usr/lib/libdrm_intel.so.1.0.0
7f25cb248000-7f25cb447000 ---p 00021000 fe:00 2645370                    /usr/lib/libdrm_intel.so.1.0.0
7f25cb447000-7f25cb448000 r--p 00020000 fe:00 2645370                    /usr/lib/libdrm_intel.so.1.0.0
7f25cb448000-7f25cb449000 rw-p 00021000 fe:00 2645370                    /usr/lib/libdrm_intel.so.1.0.0
7f25cb449000-7f25cbbb9000 r-xp 00000000 fe:00 3301865                    /usr/lib/xorg/modules/dri/nouveau_dri.so
7f25cbbb9000-7f25cbdb8000 ---p 00770000 fe:00 3301865                    /usr/lib/xorg/modules/dri/nouveau_dri.so
7f25cbdb8000-7f25cbe0f000 r--p 0076f000 fe:00 3301865                    /usr/lib/xorg/modules/dri/nouveau_dri.so
7f25cbe0f000-7f25cbe1b000 rw-p 007c6000 fe:00 3301865                    /usr/lib/xorg/modules/dri/nouveau_dri.so
7f25cbe1b000-7f25cc000000 rw-p 00000000 00:00 0 
7f25cc000000-7f25cc410000 rw-p 00000000 00:00 0 
7f25cc410000-7f25d0000000 ---p 00000000 00:00 0 
7f25d00ab000-7f25d00b1000 r-xp 00000000 fe:00 2645371                    /usr/lib/libdrm_nouveau.so.2.0.0
7f25d00b1000-7f25d02b0000 ---p 00006000 fe:00 2645371                    /usr/lib/libdrm_nouveau.so.2.0.0
7f25d02b0000-7f25d02b1000 r--p 00005000 fe:00 2645371                    /usr/lib/libdrm_nouveau.so.2.0.0
7f25d02b1000-7f25d02b2000 rw-p 00006000 fe:00 2645371                    /usr/lib/libdrm_nouveau.so.2.0.0
7f25d02b2000-7f25d02b5000 ---p 00000000 00:00 0 
7f25d02b5000-7f25d03b3000 rw-p 00000000 00:00 0 
7f25d03b3000-7f25d03b6000 ---p 00000000 00:00 0 
7f25d03b6000-7f25d04b4000 rw-p 00000000 00:00 0                          [stack:22456]
7f25d04b4000-7f25d04b8000 r-xp 00000000 fe:00 2631613                    /usr/lib/libattr.so.1.1.0
7f25d04b8000-7f25d06b7000 ---p 00004000 fe:00 2631613                    /usr/lib/libattr.so.1.1.0
7f25d06b7000-7f25d06b8000 r--p 00003000 fe:00 2631613                    /usr/lib/libattr.so.1.1.0
7f25d06b8000-7f25d06b9000 rw-p 00004000 fe:00 2631613                    /usr/lib/libattr.so.1.1.0
7f25d06b9000-7f25d06bd000 r-xp 00000000 fe:00 2631742                    /usr/lib/libcap.so.2.24
7f25d06bd000-7f25d08bc000 ---p 00004000 fe:00 2631742                    /usr/lib/libcap.so.2.24
7f25d08bc000-7f25d08bd000 rw-p 00003000 fe:00 2631742                    /usr/lib/libcap.so.2.24
7f25d08bd000-7f25d08d1000 r-xp 00000000 fe:00 2624622                    /usr/lib/libresolv-2.21.so
7f25d08d1000-7f25d0ad0000 ---p 00014000 fe:00 2624622                    /usr/lib/libresolv-2.21.so
7f25d0ad0000-7f25d0ad1000 r--p 00013000 fe:00 2624622                    /usr/lib/libresolv-2.21.so
7f25d0ad1000-7f25d0ad2000 rw-p 00014000 fe:00 2624622                    /usr/lib/libresolv-2.21.so
7f25d0ad2000-7f25d0ad4000 rw-p 00000000 00:00 0 
7f25d0ad4000-7f25d0ad9000 r-xp 00000000 fe:00 2624684                    /usr/lib/libnss_dns-2.21.so
7f25d0ad9000-7f25d0cd8000 ---p 00005000 fe:00 2624684                    /usr/lib/libnss_dns-2.21.so
7f25d0cd8000-7f25d0cd9000 r--p 00004000 fe:00 2624684                    /usr/lib/libnss_dns-2.21.so
7f25d0cd9000-7f25d0cda000 rw-p 00005000 fe:00 2624684                    /usr/lib/libnss_dns-2.21.so
7f25d0cda000-7f25d0cdf000 r-xp 00000000 fe:00 2627693                    /usr/lib/libXdmcp.so.6.0.0
7f25d0cdf000-7f25d0ede000 ---p 00005000 fe:00 2627693                    /usr/lib/libXdmcp.so.6.0.0
7f25d0ede000-7f25d0edf000 r--p 00004000 fe:00 2627693                    /usr/lib/libXdmcp.so.6.0.0
7f25d0edf000-7f25d0ee0000 rw-p 00005000 fe:00 2627693                    /usr/lib/libXdmcp.so.6.0.0
7f25d0ee0000-7f25d0ee2000 r-xp 00000000 fe:00 2640834                    /usr/lib/libXau.so.6.0.0
7f25d0ee2000-7f25d10e2000 ---p 00002000 fe:00 2640834                    /usr/lib/libXau.so.6.0.0
7f25d10e2000-7f25d10e3000 r--p 00002000 fe:00 2640834                    /usr/lib/libXau.so.6.0.0
7f25d10e3000-7f25d10e4000 rw-p 00003000 fe:00 2640834                    /usr/lib/libXau.so.6.0.0
7f25d10e4000-7f25d10ed000 r-xp 00000000 fe:00 2645497                    /usr/lib/libXrender.so.1.3.0
7f25d10ed000-7f25d12ec000 ---p 00009000 fe:00 2645497                    /usr/lib/libXrender.so.1.3.0
7f25d12ec000-7f25d12ed000 r--p 00008000 fe:00 2645497                    /usr/lib/libXrender.so.1.3.0
7f25d12ed000-7f25d12ee000 rw-p 00009000 fe:00 2645497                    /usr/lib/libXrender.so.1.3.0
7f25d12ee000-7f25d12fa000 r-xp 00000000 fe:00 2645368                    /usr/lib/libdrm.so.2.4.0
7f25d12fa000-7f25d14f9000 ---p 0000c000 fe:00 2645368                    /usr/lib/libdrm.so.2.4.0
7f25d14f9000-7f25d14fa000 r--p 0000b000 fe:00 2645368                    /usr/lib/libdrm.so.2.4.0
7f25d14fa000-7f25d14fb000 rw-p 0000c000 fe:00 2645368                    /usr/lib/libdrm.so.2.4.0
7f25d14fb000-7f25d14fc000 r-xp 00000000 fe:00 2645518                    /usr/lib/libxshmfence.so.1.0.0
7f25d14fc000-7f25d16fc000 ---p 00001000 fe:00 2645518                    /usr/lib/libxshmfence.so.1.0.0
7f25d16fc000-7f25d16fd000 r--p 00001000 fe:00 2645518                    /usr/lib/libxshmfence.so.1.0.0
7f25d16fd000-7f25d16fe000 rw-p 00002000 fe:00 2645518                    /usr/lib/libxshmfence.so.1.0.0
7f25d16fe000-7f25d1703000 r-xp 00000000 fe:00 2643171                    /usr/lib/libxcb-sync.so.1.0.0
7f25d1703000-7f25d1903000 ---p 00005000 fe:00 2643171                    /usr/lib/libxcb-sync.so.1.0.0
7f25d1903000-7f25d1904000 r--p 00005000 fe:00 2643171                    /usr/lib/libxcb-sync.so.1.0.0
7f25d1904000-7f25d1905000 rw-p 00006000 fe:00 2643171                    /usr/lib/libxcb-sync.so.1.0.0
7f25d1905000-7f25d1908000 r-xp 00000000 fe:00 2643140                    /usr/lib/libxcb-shape.so.0.0.0
7f25d1908000-7f25d1b07000 ---p 00003000 fe:00 2643140                    /usr/lib/libxcb-shape.so.0.0.0
7f25d1b07000-7f25d1b08000 r--p 00002000 fe:00 2643140                    /usr/lib/libxcb-shape.so.0.0.0
7f25d1b08000-7f25d1b09000 rw-p 00003000 fe:00 2643140                    /usr/lib/libxcb-shape.so.0.0.0
7f25d1b09000-7f25d1b12000 r-xp 00000000 fe:00 2643125                    /usr/lib/libxcb-render.so.0.0.0
7f25d1b12000-7f25d1d11000 ---p 00009000 fe:00 2643125                    /usr/lib/libxcb-render.so.0.0.0
7f25d1d11000-7f25d1d12000 r--p 00008000 fe:00 2643125                    /usr/lib/libxcb-render.so.0.0.0
7f25d1d12000-7f25d1d13000 rw-p 00009000 fe:00 2643125                    /usr/lib/libxcb-render.so.0.0.0
7f25d1d13000-7f25d1d19000 r-xp 00000000 fe:00 2643122                    /usr/lib/libxcb-xfixes.so.0.0.0
7f25d1d19000-7f25d1f19000 ---p 00006000 fe:00 2643122                    /usr/lib/libxcb-xfixes.so.0.0.0
7f25d1f19000-7f25d1f1a000 r--p 00006000 fe:00 2643122                    /usr/lib/libxcb-xfixes.so.0.0.0
7f25d1f1a000-7f25d1f1b000 rw-p 00007000 fe:00 2643122                    /usr/lib/libxcb-xfixes.so.0.0.0
7f25d1f1b000-7f25d1f28000 r-xp 00000000 fe:00 2643179                    /usr/lib/libxcb-randr.so.0.1.0
7f25d1f28000-7f25d2127000 ---p 0000d000 fe:00 2643179                    /usr/lib/libxcb-randr.so.0.1.0
7f25d2127000-7f25d2128000 r--p 0000c000 fe:00 2643179                    /usr/lib/libxcb-randr.so.0.1.0
7f25d2128000-7f25d2129000 rw-p 0000d000 fe:00 2643179                    /usr/lib/libxcb-randr.so.0.1.0
7f25d2129000-7f25d212b000 r-xp 00000000 fe:00 2643158                    /usr/lib/libxcb-present.so.0.0.0
7f25d212b000-7f25d232a000 ---p 00002000 fe:00 2643158                    /usr/lib/libxcb-present.so.0.0.0
7f25d232a000-7f25d232b000 r--p 00001000 fe:00 2643158                    /usr/lib/libxcb-present.so.0.0.0
7f25d232b000-7f25d232c000 rw-p 00002000 fe:00 2643158                    /usr/lib/libxcb-present.so.0.0.0
7f25d232c000-7f25d232e000 r-xp 00000000 fe:00 2643130                    /usr/lib/libxcb-dri3.so.0.0.0
7f25d232e000-7f25d252d000 ---p 00002000 fe:00 2643130                    /usr/lib/libxcb-dri3.so.0.0.0
7f25d252d000-7f25d252e000 r--p 00001000 fe:00 2643130                    /usr/lib/libxcb-dri3.so.0.0.0
7f25d252e000-7f25d252f000 rw-p 00002000 fe:00 2643130                    /usr/lib/libxcb-dri3.so.0.0.0
7f25d252f000-7f25d2533000 r-xp 00000000 fe:00 2643155                    /usr/lib/libxcb-dri2.so.0.0.0
7f25d2533000-7f25d2732000 ---p 00004000 fe:00 2643155                    /usr/lib/libxcb-dri2.so.0.0.0
7f25d2732000-7f25d2733000 r--p 00003000 fe:00 2643155                    /usr/lib/libxcb-dri2.so.0.0.0
7f25d2733000-7f25d2734000 rw-p 00004000 fe:00 2643155                    /usr/lib/libxcb-dri2.so.0.0.0
7f25d2734000-7f25d274b000 r-xp 00000000 fe:00 2643129                    /usr/lib/libxcb-glx.so.0.0.0
7f25d274b000-7f25d294b000 ---p 00017000 fe:00 2643129                    /usr/lib/libxcb-glx.so.0.0.0
7f25d294b000-7f25d294d000 r--p 00017000 fe:00 2643129                    /usr/lib/libxcb-glx.so.0.0.0
7f25d294d000-7f25d294e000 rw-p 00019000 fe:00 2643129                    /usr/lib/libxcb-glx.so.0.0.0
7f25d294e000-7f25d294f000 r-xp 00000000 fe:00 2643225                    /usr/lib/libX11-xcb.so.1.0.0
7f25d294f000-7f25d2b4e000 ---p 00001000 fe:00 2643225                    /usr/lib/libX11-xcb.so.1.0.0
7f25d2b4e000-7f25d2b4f000 r--p 00000000 fe:00 2643225                    /usr/lib/libX11-xcb.so.1.0.0
7f25d2b4f000-7f25d2b50000 rw-p 00001000 fe:00 2643225                    /usr/lib/libX11-xcb.so.1.0.0
7f25d2b50000-7f25d2b55000 r-xp 00000000 fe:00 2644195                    /usr/lib/libXfixes.so.3.1.0
7f25d2b55000-7f25d2d54000 ---p 00005000 fe:00 2644195                    /usr/lib/libXfixes.so.3.1.0
7f25d2d54000-7f25d2d55000 r--p 00004000 fe:00 2644195                    /usr/lib/libXfixes.so.3.1.0
7f25d2d55000-7f25d2d56000 rw-p 00005000 fe:00 2644195                    /usr/lib/libXfixes.so.3.1.0
7f25d2d56000-7f25d2d58000 r-xp 00000000 fe:00 2645591                    /usr/lib/libXdamage.so.1.1.0
7f25d2d58000-7f25d2f57000 ---p 00002000 fe:00 2645591                    /usr/lib/libXdamage.so.1.1.0
7f25d2f57000-7f25d2f58000 r--p 00001000 fe:00 2645591                    /usr/lib/libXdamage.so.1.1.0
7f25d2f58000-7f25d2f59000 rw-p 00002000 fe:00 2645591                    /usr/lib/libXdamage.so.1.1.0
7f25d2f59000-7f25d2f6a000 r-xp 00000000 fe:00 2644111                    /usr/lib/libXext.so.6.4.0
7f25d2f6a000-7f25d3169000 ---p 00011000 fe:00 2644111                    /usr/lib/libXext.so.6.4.0
7f25d3169000-7f25d316a000 r--p 00010000 fe:00 2644111                    /usr/lib/libXext.so.6.4.0
7f25d316a000-7f25d316b000 rw-p 00011000 fe:00 2644111                    /usr/lib/libXext.so.6.4.0
7f25d316b000-7f25d3191000 r-xp 00000000 fe:00 2649644                    /usr/lib/libglapi.so.0.0.0
7f25d3191000-7f25d3391000 ---p 00026000 fe:00 2649644                    /usr/lib/libglapi.so.0.0.0
7f25d3391000-7f25d3394000 r--p 00026000 fe:00 2649644                    /usr/lib/libglapi.so.0.0.0
7f25d3394000-7f25d3395000 rw-p 00029000 fe:00 2649644                    /usr/lib/libglapi.so.0.0.0
7f25d3395000-7f25d3396000 rw-p 00000000 00:00 0 
7f25d3396000-7f25d33bd000 r-xp 00000000 fe:00 2631998                    /usr/lib/libexpat.so.1.6.0
7f25d33bd000-7f25d35bc000 ---p 00027000 fe:00 2631998                    /usr/lib/libexpat.so.1.6.0
7f25d35bc000-7f25d35bf000 r--p 00026000 fe:00 2631998                    /usr/lib/libexpat.so.1.6.0
7f25d35bf000-7f25d35c0000 rw-p 00029000 fe:00 2631998                    /usr/lib/libexpat.so.1.6.0
7f25d35c0000-7f25d35e1000 r-xp 00000000 fe:00 2643143                    /usr/lib/libxcb.so.1.1.0
7f25d35e1000-7f25d37e0000 ---p 00021000 fe:00 2643143                    /usr/lib/libxcb.so.1.1.0
7f25d37e0000-7f25d37e1000 r--p 00020000 fe:00 2643143                    /usr/lib/libxcb.so.1.1.0
7f25d37e1000-7f25d37e2000 rw-p 00021000 fe:00 2643143                    /usr/lib/libxcb.so.1.1.0
7f25d37e2000-7f25d37ec000 r-xp 00000000 fe:00 2645985                    /usr/lib/libXcursor.so.1.0.2
7f25d37ec000-7f25d39eb000 ---p 0000a000 fe:00 2645985                    /usr/lib/libXcursor.so.1.0.2
7f25d39eb000-7f25d39ec000 r--p 00009000 fe:00 2645985                    /usr/lib/libXcursor.so.1.0.2
7f25d39ec000-7f25d39ed000 rw-p 0000a000 fe:00 2645985                    /usr/lib/libXcursor.so.1.0.2
7f25d39ed000-7f25d39ef000 r-xp 00000000 fe:00 2645987                    /usr/lib/libXinerama.so.1.0.0
7f25d39ef000-7f25d3bee000 ---p 00002000 fe:00 2645987                    /usr/lib/libXinerama.so.1.0.0
7f25d3bee000-7f25d3bef000 r--p 00001000 fe:00 2645987                    /usr/lib/libXinerama.so.1.0.0
7f25d3bef000-7f25d3bf0000 rw-p 00002000 fe:00 2645987                    /usr/lib/libXinerama.so.1.0.0
7f25d3bf0000-7f25d3bf5000 r-xp 00000000 fe:00 2645576                    /usr/lib/libXxf86vm.so.1.0.0
7f25d3bf5000-7f25d3df4000 ---p 00005000 fe:00 2645576                    /usr/lib/libXxf86vm.so.1.0.0
7f25d3df4000-7f25d3df5000 r--p 00004000 fe:00 2645576                    /usr/lib/libXxf86vm.so.1.0.0
7f25d3df5000-7f25d3df6000 rw-p 00005000 fe:00 2645576                    /usr/lib/libXxf86vm.so.1.0.0
7f25d3df6000-7f25d3dff000 r-xp 00000000 fe:00 2645997                    /usr/lib/libXrandr.so.2.2.0
7f25d3dff000-7f25d3ffe000 ---p 00009000 fe:00 2645997                    /usr/lib/libXrandr.so.2.2.0
7f25d3ffe000-7f25d3fff000 r--p 00008000 fe:00 2645997                    /usr/lib/libXrandr.so.2.2.0
7f25d3fff000-7f25d4000000 rw-p 00009000 fe:00 2645997                    /usr/lib/libXrandr.so.2.2.0
7f25d4000000-7f25d4021000 rw-p 00000000 00:00 0 
7f25d4021000-7f25d8000000 ---p 00000000 00:00 0 
7f25d8000000-7f25d8030000 rw-p 00000000 00:00 0 
7f25d8030000-7f25dc000000 ---p 00000000 00:00 0 
7f25dc000000-7f25dc194000 rw-p 00000000 00:00 0 
7f25dc194000-7f25e0000000 ---p 00000000 00:00 0 
7f25e0000000-7f25e0021000 rw-p 00000000 00:00 0 
7f25e0021000-7f25e4000000 ---p 00000000 00:00 0 
7f25e4000000-7f25e41d2000 rw-p 00000000 00:00 0 
7f25e41d2000-7f25e8000000 ---p 00000000 00:00 0 
7f25e8000000-7f25e8313000 rw-p 00000000 00:00 0 
7f25e8313000-7f25ec000000 ---p 00000000 00:00 0 
7f25ec000000-7f25ec021000 rw-p 00000000 00:00 0 
7f25ec021000-7f25f0000000 ---p 00000000 00:00 0 
7f25f0000000-7f25f050d000 rw-p 00000000 00:00 0 
7f25f050d000-7f25f4000000 ---p 00000000 00:00 0 
7f25f4000000-7f25f4021000 rw-p 00000000 00:00 0 
7f25f4021000-7f25f8000000 ---p 00000000 00:00 0 
7f25f8000000-7f25f8021000 rw-p 00000000 00:00 0 
7f25f8021000-7f25fc000000 ---p 00000000 00:00 0 
7f25fc000000-7f25fc021000 rw-p 00000000 00:00 0 
7f25fc021000-7f2600000000 ---p 00000000 00:00 0 
7f2600044000-7f26000dc000 r-xp 00000000 fe:00 3297220                    /usr/lib/mesa/libGL.so.1.2.0
7f26000dc000-7f26002db000 ---p 00098000 fe:00 3297220                    /usr/lib/mesa/libGL.so.1.2.0
7f26002db000-7f26002de000 r--p 00097000 fe:00 3297220                    /usr/lib/mesa/libGL.so.1.2.0
7f26002de000-7f26002df000 rw-p 0009a000 fe:00 3297220                    /usr/lib/mesa/libGL.so.1.2.0
7f26002df000-7f2608000000 rw-p 00000000 00:00 0 
7f2608000000-7f2608021000 rw-p 00000000 00:00 0 
7f2608021000-7f260c000000 ---p 00000000 00:00 0 
7f260c000000-7f260c021000 rw-p 00000000 00:00 0 
7f260c021000-7f2610000000 ---p 00000000 00:00 0 
7f2610000000-7f2610021000 rw-p 00000000 00:00 0 
7f2610021000-7f2614000000 ---p 00000000 00:00 0 
7f2614006000-7f2614016000 r-xp 00000000 fe:00 2655815                    /usr/lib/libudev.so.1.6.2
7f2614016000-7f2614017000 r--p 0000f000 fe:00 2655815                    /usr/lib/libudev.so.1.6.2
7f2614017000-7f2614018000 rw-p 00010000 fe:00 2655815                    /usr/lib/libudev.so.1.6.2
7f2614018000-7f2614024000 r-xp 00000000 fe:00 2633439                    /usr/lib/libnss_myhostname.so.2
7f2614024000-7f2614025000 ---p 0000c000 fe:00 2633439                    /usr/lib/libnss_myhostname.so.2
7f2614025000-7f2614027000 r--p 0000c000 fe:00 2633439                    /usr/lib/libnss_myhostname.so.2
7f2614027000-7f2614028000 rw-p 0000e000 fe:00 2633439                    /usr/lib/libnss_myhostname.so.2
7f2614028000-7f2614037000 r-xp 00000000 fe:00 2644191                    /usr/lib/libXi.so.6.1.0
7f2614037000-7f2614237000 ---p 0000f000 fe:00 2644191                    /usr/lib/libXi.so.6.1.0
7f2614237000-7f2614238000 r--p 0000f000 fe:00 2644191                    /usr/lib/libXi.so.6.1.0
7f2614238000-7f2614239000 rw-p 00010000 fe:00 2644191                    /usr/lib/libXi.so.6.1.0
7f2614239000-7f2614374000 r-xp 00000000 fe:00 2643224                    /usr/lib/libX11.so.6.3.0
7f2614374000-7f2614573000 ---p 0013b000 fe:00 2643224                    /usr/lib/libX11.so.6.3.0
7f2614573000-7f2614575000 r--p 0013a000 fe:00 2643224                    /usr/lib/libX11.so.6.3.0
7f2614575000-7f261457a000 rw-p 0013c000 fe:00 2643224                    /usr/lib/libX11.so.6.3.0
7f261457a000-7f261457b000 rw-p 00000000 00:00 0 
7f26145a6000-7f26145aa000 r--s 00093000 fe:00 3949442                    /usr/lib/jvm/java-8-jdk/jre/lib/jsse.jar
7f26145aa000-7f26145b4000 r--s 00116000 fe:00 3949472                    /usr/lib/jvm/java-8-jdk/jre/lib/ext/localedata.jar
7f26145b4000-7f26145d0000 r--s 00393000 fe:00 3949466                    /usr/lib/jvm/java-8-jdk/jre/lib/ext/cldrdata.jar
7f26145d0000-7f2614642000 r-xp 00000000 fe:02 41551762                   /home/beenotung/git/workspace/hkcc-pacman-robot/lib/lwjgl3/native/linux/x64/liblwjgl.so
7f2614642000-7f2614841000 ---p 00072000 fe:02 41551762                   /home/beenotung/git/workspace/hkcc-pacman-robot/lib/lwjgl3/native/linux/x64/liblwjgl.so
7f2614841000-7f2614842000 r--p 00071000 fe:02 41551762                   /home/beenotung/git/workspace/hkcc-pacman-robot/lib/lwjgl3/native/linux/x64/liblwjgl.so
7f2614842000-7f2614843000 rw-p 00072000 fe:02 41551762                   /home/beenotung/git/workspace/hkcc-pacman-robot/lib/lwjgl3/native/linux/x64/liblwjgl.so
7f2614843000-7f2614875000 rw-p 00000000 00:00 0 
7f2614875000-7f261488b000 r-xp 00000000 fe:00 4072527                    /usr/lib/jvm/java-8-jdk/jre/lib/amd64/libnet.so
7f261488b000-7f2614a8b000 ---p 00016000 fe:00 4072527                    /usr/lib/jvm/java-8-jdk/jre/lib/amd64/libnet.so
7f2614a8b000-7f2614a8c000 rw-p 00016000 fe:00 4072527                    /usr/lib/jvm/java-8-jdk/jre/lib/amd64/libnet.so
7f2614a8c000-7f2614a8f000 ---p 00000000 00:00 0 
7f2614a8f000-7f2614b8d000 rw-p 00000000 00:00 0                          [stack:22428]
7f2614b8d000-7f2614b8f000 r--s 00016000 fe:00 3939981                    /usr/share/intellijidea-ce/lib/idea_rt.jar
7f2614b8f000-7f2614b92000 r--s 00011000 fe:02 41551757                   /home/beenotung/git/workspace/hkcc-pacman-robot/lib/lwjgl3/jar/disruptor.jar
7f2614b92000-7f2614ba1000 r--s 0012b000 fe:02 41551758                   /home/beenotung/git/workspace/hkcc-pacman-robot/lib/lwjgl3/jar/lwjgl.jar
7f2614ba1000-7f2614c49000 r--s 0090a000 fe:02 41551950                   /home/beenotung/git/workspace/hkcc-pacman-robot/lib/NeuroEvolution/NeuroEvolution.jar
7f2614c49000-7f2614ccd000 r--s 00826000 fe:02 41682275                   /home/beenotung/git/workspace/hkcc-pacman-robot/lib/myutils/myutils.jar
7f2614ccd000-7f2614ccf000 r--s 0000f000 fe:02 41681194                   /home/beenotung/git/workspace/hkcc-pacman-robot/lib/pi4j/pi4j-gpio-extension-sources.jar
7f2614ccf000-7f2614cd2000 r--s 00032000 fe:02 41681193                   /home/beenotung/git/workspace/hkcc-pacman-robot/lib/pi4j/pi4j-gpio-extension-javadoc.jar
7f2614cd2000-7f2614cd4000 r--s 00003000 fe:02 41681197                   /home/beenotung/git/workspace/hkcc-pacman-robot/lib/pi4j/pi4j-service-sources.jar
7f2614cd4000-7f2614cd6000 r--s 00012000 fe:02 41681196                   /home/beenotung/git/workspace/hkcc-pacman-robot/lib/pi4j/pi4j-service-javadoc.jar
7f2614cd6000-7f2614cd8000 r--s 00013000 fe:02 41681191                   /home/beenotung/git/workspace/hkcc-pacman-robot/lib/pi4j/pi4j-example-sources.jar
7f2614cd8000-7f2614cdb000 r--s 00031000 fe:02 41681190                   /home/beenotung/git/workspace/hkcc-pacman-robot/lib/pi4j/pi4j-example-javadoc.jar
7f2614cdb000-7f2614cdd000 r--s 00011000 fe:02 41681195                   /home/beenotung/git/workspace/hkcc-pacman-robot/lib/pi4j/pi4j-gpio-extension.jar
7f2614cdd000-7f2614ce3000 r--s 00033000 fe:02 41681186                   /home/beenotung/git/workspace/hkcc-pacman-robot/lib/pi4j/pi4j-device-sources.jar
7f2614ce3000-7f2614cf3000 r--s 00124000 fe:02 41681185                   /home/beenotung/git/workspace/hkcc-pacman-robot/lib/pi4j/pi4j-device-javadoc.jar
7f2614cf3000-7f2614cf8000 r--s 00038000 fe:02 41681183                   /home/beenotung/git/workspace/hkcc-pacman-robot/lib/pi4j/pi4j-core-sources.jar
7f2614cf8000-7f2614d02000 r--s 000d6000 fe:02 41681182                   /home/beenotung/git/workspace/hkcc-pacman-robot/lib/pi4j/pi4j-core-javadoc.jar
7f2614d02000-7f2614d04000 r--s 00003000 fe:02 41681198                   /home/beenotung/git/workspace/hkcc-pacman-robot/lib/pi4j/pi4j-service.jar
7f2614d04000-7f2614d0b000 r--s 0002c000 fe:02 41681189                   /home/beenotung/git/workspace/hkcc-pacman-robot/lib/pi4j/pi4j-device.jar
7f2614d0b000-7f2614d11000 r--s 00036000 fe:02 41681180                   /home/beenotung/git/workspace/hkcc-pacman-robot/lib/pi4j/junit.jar
7f2614d11000-7f2614d6a000 r--s 004f6000 fe:02 41812706                   /home/beenotung/.ivy2/cache/org.scala-lang/scala-library/jars/scala-library-2.11.6.jar
7f2614d6a000-7f2614d7d000 r--s 000d5000 fe:00 3949455                    /usr/lib/jvm/java-8-jdk/jre/lib/plugin.jar
7f2614d7d000-7f2614d90000 r--s 00344000 fe:00 3949438                    /usr/lib/jvm/java-8-jdk/jre/lib/resources.jar
7f2614d90000-7f2614da9000 r--s 001ea000 fe:00 3949441                    /usr/lib/jvm/java-8-jdk/jre/lib/deploy.jar
7f2614da9000-7f2614daa000 ---p 00000000 00:00 0 
7f2614daa000-7f2614eaa000 rw-p 00000000 00:00 0                          [stack:22420]
7f2614eaa000-7f2614ead000 ---p 00000000 00:00 0 
7f2614ead000-7f2614fab000 rw-p 00000000 00:00 0                          [stack:22419]
7f2614fab000-7f2614fae000 ---p 00000000 00:00 0 
7f2614fae000-7f26150ac000 rw-p 00000000 00:00 0                          [stack:22418]
7f26150ac000-7f26150af000 ---p 00000000 00:00 0 
7f26150af000-7f26151ad000 rw-p 00000000 00:00 0                          [stack:22417]
7f26151ad000-7f26151b0000 ---p 00000000 00:00 0 
7f26151b0000-7f26152ae000 rw-p 00000000 00:00 0                          [stack:22416]
7f26152ae000-7f26152b1000 ---p 00000000 00:00 0 
7f26152b1000-7f26153af000 rw-p 00000000 00:00 0                          [stack:22415]
7f26153af000-7f26153b2000 ---p 00000000 00:00 0 
7f26153b2000-7f26154b0000 rw-p 00000000 00:00 0                          [stack:22414]
7f26154b0000-7f2615675000 r--p 00000000 fe:00 2655801                    /usr/lib/locale/locale-archive
7f2615675000-7f2615678000 ---p 00000000 00:00 0 
7f2615678000-7f2615776000 rw-p 00000000 00:00 0                          [stack:22410]
7f2615776000-7f2615779000 ---p 00000000 00:00 0 
7f2615779000-7f2615877000 rw-p 00000000 00:00 0                          [stack:22409]
7f2615877000-7f2615878000 ---p 00000000 00:00 0 
7f2615878000-7f2617559000 rw-p 00000000 00:00 0                          [stack:22408]
7f2617559000-7f261772f000 r--s 03caa000 fe:00 3949446                    /usr/lib/jvm/java-8-jdk/jre/lib/rt.jar
7f261772f000-7f2618000000 rw-p 00000000 00:00 0 
7f2618000000-7f2618021000 rw-p 00000000 00:00 0 
7f2618021000-7f261c000000 ---p 00000000 00:00 0 
7f261c000000-7f261c021000 rw-p 00000000 00:00 0 
7f261c021000-7f2620000000 ---p 00000000 00:00 0 
7f2620000000-7f2620021000 rw-p 00000000 00:00 0 
7f2620021000-7f2624000000 ---p 00000000 00:00 0 
7f2624000000-7f2624021000 rw-p 00000000 00:00 0 
7f2624021000-7f2628000000 ---p 00000000 00:00 0 
7f2628000000-7f2628021000 rw-p 00000000 00:00 0 
7f2628021000-7f262c000000 ---p 00000000 00:00 0 
7f262c000000-7f262c005000 r--s 0002f000 fe:02 41681184                   /home/beenotung/git/workspace/hkcc-pacman-robot/lib/pi4j/pi4j-core.jar
7f262c005000-7f262c7f8000 rw-p 00000000 00:00 0 
7f262c7f8000-7f262c7f9000 ---p 00000000 00:00 0 
7f262c7f9000-7f262c8f9000 rw-p 00000000 00:00 0                          [stack:22396]
7f262c8f9000-7f262c8fa000 ---p 00000000 00:00 0 
7f262c8fa000-7f262c9fa000 rw-p 00000000 00:00 0                          [stack:22395]
7f262c9fa000-7f262c9fb000 ---p 00000000 00:00 0 
7f262c9fb000-7f262cafb000 rw-p 00000000 00:00 0                          [stack:22394]
7f262cafb000-7f262cafc000 ---p 00000000 00:00 0 
7f262cafc000-7f262cbfc000 rw-p 00000000 00:00 0                          [stack:22393]
7f262cbfc000-7f262cbfd000 ---p 00000000 00:00 0 
7f262cbfd000-7f262ccfd000 rw-p 00000000 00:00 0                          [stack:22392]
7f262ccfd000-7f262ccfe000 ---p 00000000 00:00 0 
7f262ccfe000-7f262cdfe000 rw-p 00000000 00:00 0                          [stack:22391]
7f262cdfe000-7f262cdff000 ---p 00000000 00:00 0 
7f262cdff000-7f262ceff000 rw-p 00000000 00:00 0                          [stack:22390]
7f262ceff000-7f262cf00000 ---p 00000000 00:00 0 
7f262cf00000-7f262d000000 rw-p 00000000 00:00 0                          [stack:22389]
7f262d000000-7f262d290000 rwxp 00000000 00:00 0 
7f262d290000-7f263c000000 ---p 00000000 00:00 0 
7f263c000000-7f263c517000 rw-p 00000000 00:00 0 
7f263c517000-7f2640000000 ---p 00000000 00:00 0 
7f2640000000-7f2640001000 rwxp 00000000 00:00 0 
7f2640001000-7f2640004000 r--s 00018000 fe:02 41681192                   /home/beenotung/git/workspace/hkcc-pacman-robot/lib/pi4j/pi4j-example.jar
7f2640004000-7f2640006000 r--s 0001a000 fe:00 3949452                    /usr/lib/jvm/java-8-jdk/jre/lib/jce.jar
7f2640006000-7f264000a000 r--s 00093000 fe:00 3949442                    /usr/lib/jvm/java-8-jdk/jre/lib/jsse.jar
7f264000a000-7f264000f000 r--s 00084000 fe:00 3949445                    /usr/lib/jvm/java-8-jdk/jre/lib/jfr.jar
7f264000f000-7f2640019000 r--s 00069000 fe:00 3949459                    /usr/lib/jvm/java-8-jdk/jre/lib/javaws.jar
7f2640019000-7f264001b000 r--s 00007000 fe:00 3949435                    /usr/lib/jvm/java-8-jdk/jre/lib/jfxswt.jar
7f264001b000-7f2640090000 rw-p 00000000 00:00 0 
7f2640090000-7f2640573000 ---p 00000000 00:00 0 
7f2640573000-7f26405c7000 rw-p 00000000 00:00 0 
7f26405c7000-7f2640aa9000 ---p 00000000 00:00 0 
7f2640aa9000-7f2640ad4000 rw-p 00000000 00:00 0 
7f2640ad4000-7f2640d45000 ---p 00000000 00:00 0 
7f2640d45000-7f2640d51000 rw-p 00000000 00:00 0 
7f2640d51000-7f2641106000 ---p 00000000 00:00 0 
7f2641106000-7f2641120000 r-xp 00000000 fe:00 4072537                    /usr/lib/jvm/java-8-jdk/jre/lib/amd64/libzip.so
7f2641120000-7f2641320000 ---p 0001a000 fe:00 4072537                    /usr/lib/jvm/java-8-jdk/jre/lib/amd64/libzip.so
7f2641320000-7f2641321000 rw-p 0001a000 fe:00 4072537                    /usr/lib/jvm/java-8-jdk/jre/lib/amd64/libzip.so
7f2641321000-7f264132c000 r-xp 00000000 fe:00 2624626                    /usr/lib/libnss_files-2.21.so
7f264132c000-7f264152c000 ---p 0000b000 fe:00 2624626                    /usr/lib/libnss_files-2.21.so
7f264152c000-7f264152d000 r--p 0000b000 fe:00 2624626                    /usr/lib/libnss_files-2.21.so
7f264152d000-7f264152e000 rw-p 0000c000 fe:00 2624626                    /usr/lib/libnss_files-2.21.so
7f264152e000-7f2641558000 r-xp 00000000 fe:00 4072557                    /usr/lib/jvm/java-8-jdk/jre/lib/amd64/libjava.so
7f2641558000-7f2641758000 ---p 0002a000 fe:00 4072557                    /usr/lib/jvm/java-8-jdk/jre/lib/amd64/libjava.so
7f2641758000-7f264175a000 rw-p 0002a000 fe:00 4072557                    /usr/lib/jvm/java-8-jdk/jre/lib/amd64/libjava.so
7f264175a000-7f2641767000 r-xp 00000000 fe:00 4072544                    /usr/lib/jvm/java-8-jdk/jre/lib/amd64/libverify.so
7f2641767000-7f2641967000 ---p 0000d000 fe:00 4072544                    /usr/lib/jvm/java-8-jdk/jre/lib/amd64/libverify.so
7f2641967000-7f2641969000 rw-p 0000d000 fe:00 4072544                    /usr/lib/jvm/java-8-jdk/jre/lib/amd64/libverify.so
7f2641969000-7f2641970000 r-xp 00000000 fe:00 2624673                    /usr/lib/librt-2.21.so
7f2641970000-7f2641b6f000 ---p 00007000 fe:00 2624673                    /usr/lib/librt-2.21.so
7f2641b6f000-7f2641b70000 r--p 00006000 fe:00 2624673                    /usr/lib/librt-2.21.so
7f2641b70000-7f2641b71000 rw-p 00007000 fe:00 2624673                    /usr/lib/librt-2.21.so
7f2641b71000-7f2641c74000 r-xp 00000000 fe:00 2624701                    /usr/lib/libm-2.21.so
7f2641c74000-7f2641e74000 ---p 00103000 fe:00 2624701                    /usr/lib/libm-2.21.so
7f2641e74000-7f2641e75000 r--p 00103000 fe:00 2624701                    /usr/lib/libm-2.21.so
7f2641e75000-7f2641e76000 rw-p 00104000 fe:00 2624701                    /usr/lib/libm-2.21.so
7f2641e76000-7f2642ae3000 r-xp 00000000 fe:00 4460819                    /usr/lib/jvm/java-8-jdk/jre/lib/amd64/server/libjvm.so
7f2642ae3000-7f2642ce2000 ---p 00c6d000 fe:00 4460819                    /usr/lib/jvm/java-8-jdk/jre/lib/amd64/server/libjvm.so
7f2642ce2000-7f2642db8000 rw-p 00c6c000 fe:00 4460819                    /usr/lib/jvm/java-8-jdk/jre/lib/amd64/server/libjvm.so
7f2642db8000-7f2642dfb000 rw-p 00000000 00:00 0 
7f2642dfb000-7f2642f94000 r-xp 00000000 fe:00 2624641                    /usr/lib/libc-2.21.so
7f2642f94000-7f2643194000 ---p 00199000 fe:00 2624641                    /usr/lib/libc-2.21.so
7f2643194000-7f2643198000 r--p 00199000 fe:00 2624641                    /usr/lib/libc-2.21.so
7f2643198000-7f264319a000 rw-p 0019d000 fe:00 2624641                    /usr/lib/libc-2.21.so
7f264319a000-7f264319e000 rw-p 00000000 00:00 0 
7f264319e000-7f26431a0000 r-xp 00000000 fe:00 2624682                    /usr/lib/libdl-2.21.so
7f26431a0000-7f26433a0000 ---p 00002000 fe:00 2624682                    /usr/lib/libdl-2.21.so
7f26433a0000-7f26433a1000 r--p 00002000 fe:00 2624682                    /usr/lib/libdl-2.21.so
7f26433a1000-7f26433a2000 rw-p 00003000 fe:00 2624682                    /usr/lib/libdl-2.21.so
7f26433a2000-7f26433b7000 r-xp 00000000 fe:00 4460811                    /usr/lib/jvm/java-8-jdk/jre/lib/amd64/jli/libjli.so
7f26433b7000-7f26435b6000 ---p 00015000 fe:00 4460811                    /usr/lib/jvm/java-8-jdk/jre/lib/amd64/jli/libjli.so
7f26435b6000-7f26435b7000 rw-p 00014000 fe:00 4460811                    /usr/lib/jvm/java-8-jdk/jre/lib/amd64/jli/libjli.so
7f26435b7000-7f26435cf000 r-xp 00000000 fe:00 2624671                    /usr/lib/libpthread-2.21.so
7f26435cf000-7f26437ce000 ---p 00018000 fe:00 2624671                    /usr/lib/libpthread-2.21.so
7f26437ce000-7f26437cf000 r--p 00017000 fe:00 2624671                    /usr/lib/libpthread-2.21.so
7f26437cf000-7f26437d0000 rw-p 00018000 fe:00 2624671                    /usr/lib/libpthread-2.21.so
7f26437d0000-7f26437d4000 rw-p 00000000 00:00 0 
7f26437d4000-7f26437f6000 r-xp 00000000 fe:00 2624696                    /usr/lib/ld-2.21.so
7f26437f7000-7f26437fc000 r--s 002f8000 fe:00 3949453                    /usr/lib/jvm/java-8-jdk/jre/lib/charsets.jar
7f26437fc000-7f264389a000 rw-p 00000000 00:00 0 
7f264389a000-7f264389d000 ---p 00000000 00:00 0 
7f264389d000-7f264399f000 rw-p 00000000 00:00 0                          [stack:22388]
7f264399f000-7f26439a0000 rwxp 00000000 00:00 0 
7f26439a0000-7f26439a1000 r--s 00000000 fe:00 3949449                    /usr/lib/jvm/java-8-jdk/jre/lib/management-agent.jar
7f26439a1000-7f26439ea000 rw-p 00000000 00:00 0 
7f26439ea000-7f26439f2000 rw-s 00000000 00:1f 140241                     /tmp/hsperfdata_beenotung/22387
7f26439f2000-7f26439f3000 rw-p 00000000 00:00 0 
7f26439f3000-7f26439f4000 r--p 00000000 00:00 0 
7f26439f4000-7f26439f5000 rw-p 00000000 00:00 0 
7f26439f5000-7f26439f6000 r--p 00021000 fe:00 2624696                    /usr/lib/ld-2.21.so
7f26439f6000-7f26439f7000 rw-p 00022000 fe:00 2624696                    /usr/lib/ld-2.21.so
7f26439f7000-7f26439f8000 rw-p 00000000 00:00 0 
7fff77362000-7fff77384000 rw-p 00000000 00:00 0                          [stack]
7fff773bd000-7fff773bf000 r--p 00000000 00:00 0                          [vvar]
7fff773bf000-7fff773c1000 r-xp 00000000 00:00 0                          [vdso]
ffffffffff600000-ffffffffff601000 r-xp 00000000 00:00 0                  [vsyscall]

VM Arguments:
jvm_args: -Djava.library.path=/home/beenotung/git/workspace/hkcc-pacman-robot/lib/lwjgl3/native/linux/x64:/home/beenotung/git/workspace/hkcc-pacman-robot/lib/lwjgl3/native/linux/x86:/home/beenotung/git/workspace/hkcc-pacman-robot/lib/lwjgl3/native/macosx/x64:/home/beenotung/git/workspace/hkcc-pacman-robot/lib/lwjgl3/native/windows/x64:/home/beenotung/git/workspace/hkcc-pacman-robot/lib/lwjgl3/native/windows/x86 -Didea.launcher.port=7533 -Didea.launcher.bin.path=/usr/share/intellijidea-ce/bin -Dfile.encoding=UTF-8 
java_command: com.intellij.rt.execution.application.AppMain edu.hkcc.pacmanrobot.launcher.MiniMapLauncher
java_class_path (initial): /usr/lib/jvm/default/jre/lib/management-agent.jar:/usr/lib/jvm/default/jre/lib/rt.jar:/usr/lib/jvm/default/jre/lib/charsets.jar:/usr/lib/jvm/default/jre/lib/jfxswt.jar:/usr/lib/jvm/default/jre/lib/javaws.jar:/usr/lib/jvm/default/jre/lib/deploy.jar:/usr/lib/jvm/default/jre/lib/resources.jar:/usr/lib/jvm/default/jre/lib/plugin.jar:/usr/lib/jvm/default/jre/lib/jfr.jar:/usr/lib/jvm/default/jre/lib/jsse.jar:/usr/lib/jvm/default/jre/lib/jce.jar:/usr/lib/jvm/default/jre/lib/ext/jfxrt.jar:/usr/lib/jvm/default/jre/lib/ext/sunpkcs11.jar:/usr/lib/jvm/default/jre/lib/ext/nashorn.jar:/usr/lib/jvm/default/jre/lib/ext/sunjce_provider.jar:/usr/lib/jvm/default/jre/lib/ext/cldrdata.jar:/usr/lib/jvm/default/jre/lib/ext/sunec.jar:/usr/lib/jvm/default/jre/lib/ext/dnsns.jar:/usr/lib/jvm/default/jre/lib/ext/localedata.jar:/usr/lib/jvm/default/jre/lib/ext/zipfs.jar:/home/beenotung/git/workspace/hkcc-pacman-robot/target/scala-2.11/classes:/home/beenotung/.ivy2/cache/org.scala-lang/scala-library/jars/scala-library-2.11.6.jar:/home/beenotung/git/workspace/hkcc-pacman-robot/lib/pi4j/junit.jar:/home/beenotung/git/workspace/hkcc-pacman-robot/lib/pi4j/pi4j-core.jar:/home/beenotung/git/workspace/hkcc-pacman-robot/lib/pi4j/pi4j-device.jar:/home/beenotung/git/workspace/hkcc-pacman-robot/lib/pi4j/pi4j-example.jar:/home/beenotung/git/workspace/hkcc-pacman-robot/lib/pi4j/pi4j-service.jar:/home/beenotung/git/workspace/hkcc-pacman-robot/lib/pi4j/pi4j-core-javadoc.jar:/home/beenotung/git/workspace/hkcc-pacman-robot/lib/pi4j/pi4j-core-sources.jar:/home/beenotung/git/workspace/hkcc-pacman-robot/lib/pi4j/pi4j-device-javadoc.jar:/home/beenotung/git/workspace/hkcc-pacman-robot/lib/pi4j/pi4j-device-sources.jar:/home/beenotung/git/workspace/hkcc-pacman-robot/lib/pi4j/pi4j-gpio-extension.jar:/home/beenotung/git/workspace/hkcc-pacman-robot/lib/pi4j/pi4j-example-javadoc.jar:/home/beenotung/git/workspace/hkcc-pacman-robot/lib/pi4j/pi4j-example-sources.jar:/home/beenotung/git/workspace/hk
Launcher Type: SUN_STANDARD

Environment Variables:
PATH=/usr/games:/home/beenotung/bin:/usr/local/sbin:/usr/local/bin:/usr/bin:/opt/android-sdk/tools:/usr/lib/jvm/default/bin:/usr/bin/site_perl:/usr/bin/vendor_perl:/usr/bin/core_perl
USERNAME=beenotung
LD_LIBRARY_PATH=.:
SHELL=/bin/bash
DISPLAY=:1

Signal Handlers:
SIGSEGV: [libjvm.so+0xa79a80], sa_mask[0]=11111111011111111101111111111110, sa_flags=SA_RESTART|SA_SIGINFO
SIGBUS: [libjvm.so+0xa79a80], sa_mask[0]=11111111011111111101111111111110, sa_flags=SA_RESTART|SA_SIGINFO
SIGFPE: [libjvm.so+0x8e24e0], sa_mask[0]=11111111011111111101111111111110, sa_flags=SA_RESTART|SA_SIGINFO
SIGPIPE: [libjvm.so+0x8e24e0], sa_mask[0]=11111111011111111101111111111110, sa_flags=SA_RESTART|SA_SIGINFO
SIGXFSZ: [libjvm.so+0x8e24e0], sa_mask[0]=11111111011111111101111111111110, sa_flags=SA_RESTART|SA_SIGINFO
SIGILL: [libjvm.so+0x8e24e0], sa_mask[0]=11111111011111111101111111111110, sa_flags=SA_RESTART|SA_SIGINFO
SIGUSR1: SIG_DFL, sa_mask[0]=00000000000000000000000000000000, sa_flags=none
SIGUSR2: [libjvm.so+0x8e3d10], sa_mask[0]=00100000000000000000000000000000, sa_flags=SA_RESTART|SA_SIGINFO
SIGHUP: [libjvm.so+0x8e50d0], sa_mask[0]=11111111011111111101111111111110, sa_flags=SA_RESTART|SA_SIGINFO
SIGINT: [libjvm.so+0x8e50d0], sa_mask[0]=11111111011111111101111111111110, sa_flags=SA_RESTART|SA_SIGINFO
SIGTERM: [libjvm.so+0x8e50d0], sa_mask[0]=11111111011111111101111111111110, sa_flags=SA_RESTART|SA_SIGINFO
SIGQUIT: [libjvm.so+0x8e50d0], sa_mask[0]=11111111011111111101111111111110, sa_flags=SA_RESTART|SA_SIGINFO


---------------  S Y S T E M  ---------------

OS:LSB_VERSION=1.4
DISTRIB_ID=Arch
DISTRIB_RELEASE=rolling
DISTRIB_DESCRIPTION="Arch Linux"

uname:Linux 3.19.3-3-ARCH #1 SMP PREEMPT Wed Apr 8 14:10:00 CEST 2015 x86_64
libc:glibc 2.21 NPTL 2.21 
rlimit: STACK 8192k, CORE 0k, NPROC 64015, NOFILE 4096, AS infinity
load average:1.71 1.04 0.68

/proc/meminfo:
MemTotal:       16398448 kB
MemFree:        10921680 kB
MemAvailable:   12359316 kB
Buffers:          151368 kB
Cached:          1427160 kB
SwapCached:            0 kB
Active:          4227144 kB
Inactive:         873884 kB
Active(anon):    3524528 kB
Inactive(anon):    37404 kB
Active(file):     702616 kB
Inactive(file):   836480 kB
Unevictable:         532 kB
Mlocked:             532 kB
SwapTotal:             0 kB
SwapFree:              0 kB
Dirty:             21032 kB
Writeback:             0 kB
AnonPages:       3523052 kB
Mapped:           428448 kB
Shmem:             39436 kB
Slab:             181828 kB
SReclaimable:     134948 kB
SUnreclaim:        46880 kB
KernelStack:       14064 kB
PageTables:        65884 kB
NFS_Unstable:          0 kB
Bounce:                0 kB
WritebackTmp:          0 kB
CommitLimit:     8199224 kB
Committed_AS:    9623192 kB
VmallocTotal:   34359738367 kB
VmallocUsed:      155660 kB
VmallocChunk:   34359488584 kB
HardwareCorrupted:     0 kB
AnonHugePages:   1390592 kB
HugePages_Total:       0
HugePages_Free:        0
HugePages_Rsvd:        0
HugePages_Surp:        0
Hugepagesize:       2048 kB
DirectMap4k:      163388 kB
DirectMap2M:    16574464 kB


CPU:total 8 (4 cores per cpu, 2 threads per core) family 6 model 58 stepping 9, cmov, cx8, fxsr, mmx, sse, sse2, sse3, ssse3, sse4.1, sse4.2, popcnt, avx, aes, clmul, erms, ht, tsc, tscinvbit, tscinv

/proc/cpuinfo:
processor	: 0
vendor_id	: GenuineIntel
cpu family	: 6
model		: 58
model name	: Intel(R) Xeon(R) CPU E3-1230 V2 @ 3.30GHz
stepping	: 9
microcode	: 0x12
cpu MHz		: 3569.929
cache size	: 8192 KB
physical id	: 0
siblings	: 8
core id		: 0
cpu cores	: 4
apicid		: 0
initial apicid	: 0
fpu		: yes
fpu_exception	: yes
cpuid level	: 13
wp		: yes
flags		: fpu vme de pse tsc msr pae mce cx8 apic sep mtrr pge mca cmov pat pse36 clflush dts acpi mmx fxsr sse sse2 ss ht tm pbe syscall nx rdtscp lm constant_tsc arch_perfmon pebs bts rep_good nopl xtopology nonstop_tsc aperfmperf eagerfpu pni pclmulqdq dtes64 monitor ds_cpl vmx smx est tm2 ssse3 cx16 xtpr pdcm pcid sse4_1 sse4_2 x2apic popcnt tsc_deadline_timer aes xsave avx f16c rdrand lahf_lm ida arat epb pln pts dtherm tpr_shadow vnmi flexpriority ept vpid fsgsbase smep erms xsaveopt
bugs		:
bogomips	: 6587.39
clflush size	: 64
cache_alignment	: 64
address sizes	: 36 bits physical, 48 bits virtual
power management:

processor	: 1
vendor_id	: GenuineIntel
cpu family	: 6
model		: 58
model name	: Intel(R) Xeon(R) CPU E3-1230 V2 @ 3.30GHz
stepping	: 9
microcode	: 0x12
cpu MHz		: 3503.800
cache size	: 8192 KB
physical id	: 0
siblings	: 8
core id		: 1
cpu cores	: 4
apicid		: 2
initial apicid	: 2
fpu		: yes
fpu_exception	: yes
cpuid level	: 13
wp		: yes
flags		: fpu vme de pse tsc msr pae mce cx8 apic sep mtrr pge mca cmov pat pse36 clflush dts acpi mmx fxsr sse sse2 ss ht tm pbe syscall nx rdtscp lm constant_tsc arch_perfmon pebs bts rep_good nopl xtopology nonstop_tsc aperfmperf eagerfpu pni pclmulqdq dtes64 monitor ds_cpl vmx smx est tm2 ssse3 cx16 xtpr pdcm pcid sse4_1 sse4_2 x2apic popcnt tsc_deadline_timer aes xsave avx f16c rdrand lahf_lm ida arat epb pln pts dtherm tpr_shadow vnmi flexpriority ept vpid fsgsbase smep erms xsaveopt
bugs		:
bogomips	: 6587.39
clflush size	: 64
cache_alignment	: 64
address sizes	: 36 bits physical, 48 bits virtual
power management:

processor	: 2
vendor_id	: GenuineIntel
cpu family	: 6
model		: 58
model name	: Intel(R) Xeon(R) CPU E3-1230 V2 @ 3.30GHz
stepping	: 9
microcode	: 0x12
cpu MHz		: 3435.609
cache size	: 8192 KB
physical id	: 0
siblings	: 8
core id		: 2
cpu cores	: 4
apicid		: 4
initial apicid	: 4
fpu		: yes
fpu_exception	: yes
cpuid level	: 13
wp		: yes
flags		: fpu vme de pse tsc msr pae mce cx8 apic sep mtrr pge mca cmov pat pse36 clflush dts acpi mmx fxsr sse sse2 ss ht tm pbe syscall nx rdtscp lm constant_tsc arch_perfmon pebs bts rep_good nopl xtopology nonstop_tsc aperfmperf eagerfpu pni pclmulqdq dtes64 monitor ds_cpl vmx smx est tm2 ssse3 cx16 xtpr pdcm pcid sse4_1 sse4_2 x2apic popcnt tsc_deadline_timer aes xsave avx f16c rdrand lahf_lm ida arat epb pln pts dtherm tpr_shadow vnmi flexpriority ept vpid fsgsbase smep erms xsaveopt
bugs		:
bogomips	: 6587.39
clflush size	: 64
cache_alignment	: 64
address sizes	: 36 bits physical, 48 bits virtual
power management:

processor	: 3
vendor_id	: GenuineIntel
cpu family	: 6
model		: 58
model name	: Intel(R) Xeon(R) CPU E3-1230 V2 @ 3.30GHz
stepping	: 9
microcode	: 0x12
cpu MHz		: 3489.878
cache size	: 8192 KB
physical id	: 0
siblings	: 8
core id		: 3
cpu cores	: 4
apicid		: 6
initial apicid	: 6
fpu		: yes
fpu_exception	: yes
cpuid level	: 13
wp		: yes
flags		: fpu vme de pse tsc msr pae mce cx8 apic sep mtrr pge mca cmov pat pse36 clflush dts acpi mmx fxsr sse sse2 ss ht tm pbe syscall nx rdtscp lm constant_tsc arch_perfmon pebs bts rep_good nopl xtopology nonstop_tsc aperfmperf eagerfpu pni pclmulqdq dtes64 monitor ds_cpl vmx smx est tm2 ssse3 cx16 xtpr pdcm pcid sse4_1 sse4_2 x2apic popcnt tsc_deadline_timer aes xsave avx f16c rdrand lahf_lm ida arat epb pln pts dtherm tpr_shadow vnmi flexpriority ept vpid fsgsbase smep erms xsaveopt
bugs		:
bogomips	: 6587.39
clflush size	: 64
cache_alignment	: 64
address sizes	: 36 bits physical, 48 bits virtual
power management:

processor	: 4
vendor_id	: GenuineIntel
cpu family	: 6
model		: 58
model name	: Intel(R) Xeon(R) CPU E3-1230 V2 @ 3.30GHz
stepping	: 9
microcode	: 0x12
cpu MHz		: 3511.019
cache size	: 8192 KB
physical id	: 0
siblings	: 8
core id		: 0
cpu cores	: 4
apicid		: 1
initial apicid	: 1
fpu		: yes
fpu_exception	: yes
cpuid level	: 13
wp		: yes
flags		: fpu vme de pse tsc msr pae mce cx8 apic sep mtrr pge mca cmov pat pse36 clflush dts acpi mmx fxsr sse sse2 ss ht tm pbe syscall nx rdtscp lm constant_tsc arch_perfmon pebs bts rep_good nopl xtopology nonstop_tsc aperfmperf eagerfpu pni pclmulqdq dtes64 monitor ds_cpl vmx smx est tm2 ssse3 cx16 xtpr pdcm pcid sse4_1 sse4_2 x2apic popcnt tsc_deadline_timer aes xsave avx f16c rdrand lahf_lm ida arat epb pln pts dtherm tpr_shadow vnmi flexpriority ept vpid fsgsbase smep erms xsaveopt
bugs		:
bogomips	: 6587.39
clflush size	: 64
cache_alignment	: 64
address sizes	: 36 bits physical, 48 bits virtual
power management:

processor	: 5
vendor_id	: GenuineIntel
cpu family	: 6
model		: 58
model name	: Intel(R) Xeon(R) CPU E3-1230 V2 @ 3.30GHz
stepping	: 9
microcode	: 0x12
cpu MHz		: 3399.257
cache size	: 8192 KB
physical id	: 0
siblings	: 8
core id		: 1
cpu cores	: 4
apicid		: 3
initial apicid	: 3
fpu		: yes
fpu_exception	: yes
cpuid level	: 13
wp		: yes
flags		: fpu vme de pse tsc msr pae mce cx8 apic sep mtrr pge mca cmov pat pse36 clflush dts acpi mmx fxsr sse sse2 ss ht tm pbe syscall nx rdtscp lm constant_tsc arch_perfmon pebs bts rep_good nopl xtopology nonstop_tsc aperfmperf eagerfpu pni pclmulqdq dtes64 monitor ds_cpl vmx smx est tm2 ssse3 cx16 xtpr pdcm pcid sse4_1 sse4_2 x2apic popcnt tsc_deadline_timer aes xsave avx f16c rdrand lahf_lm ida arat epb pln pts dtherm tpr_shadow vnmi flexpriority ept vpid fsgsbase smep erms xsaveopt
bugs		:
bogomips	: 6587.39
clflush size	: 64
cache_alignment	: 64
address sizes	: 36 bits physical, 48 bits virtual
power management:

processor	: 6
vendor_id	: GenuineIntel
cpu family	: 6
model		: 58
model name	: Intel(R) Xeon(R) CPU E3-1230 V2 @ 3.30GHz
stepping	: 9
microcode	: 0x12
cpu MHz		: 3516.820
cache size	: 8192 KB
physical id	: 0
siblings	: 8
core id		: 2
cpu cores	: 4
apicid		: 5
initial apicid	: 5
fpu		: yes
fpu_exception	: yes
cpuid level	: 13
wp		: yes
flags		: fpu vme de pse tsc msr pae mce cx8 apic sep mtrr pge mca cmov pat pse36 clflush dts acpi mmx fxsr sse sse2 ss ht tm pbe syscall nx rdtscp lm constant_tsc arch_perfmon pebs bts rep_good nopl xtopology nonstop_tsc aperfmperf eagerfpu pni pclmulqdq dtes64 monitor ds_cpl vmx smx est tm2 ssse3 cx16 xtpr pdcm pcid sse4_1 sse4_2 x2apic popcnt tsc_deadline_timer aes xsave avx f16c rdrand lahf_lm ida arat epb pln pts dtherm tpr_shadow vnmi flexpriority ept vpid fsgsbase smep erms xsaveopt
bugs		:
bogomips	: 6587.39
clflush size	: 64
cache_alignment	: 64
address sizes	: 36 bits physical, 48 bits virtual
power management:

processor	: 7
vendor_id	: GenuineIntel
cpu family	: 6
model		: 58
model name	: Intel(R) Xeon(R) CPU E3-1230 V2 @ 3.30GHz
stepping	: 9
microcode	: 0x12
cpu MHz		: 3536.414
cache size	: 8192 KB
physical id	: 0
siblings	: 8
core id		: 3
cpu cores	: 4
apicid		: 7
initial apicid	: 7
fpu		: yes
fpu_exception	: yes
cpuid level	: 13
wp		: yes
flags		: fpu vme de pse tsc msr pae mce cx8 apic sep mtrr pge mca cmov pat pse36 clflush dts acpi mmx fxsr sse sse2 ss ht tm pbe syscall nx rdtscp lm constant_tsc arch_perfmon pebs bts rep_good nopl xtopology nonstop_tsc aperfmperf eagerfpu pni pclmulqdq dtes64 monitor ds_cpl vmx smx est tm2 ssse3 cx16 xtpr pdcm pcid sse4_1 sse4_2 x2apic popcnt tsc_deadline_timer aes xsave avx f16c rdrand lahf_lm ida arat epb pln pts dtherm tpr_shadow vnmi flexpriority ept vpid fsgsbase smep erms xsaveopt
bugs		:
bogomips	: 6587.39
clflush size	: 64
cache_alignment	: 64
address sizes	: 36 bits physical, 48 bits virtual
power management:



Memory: 4k page, physical 16398448k(10921680k free), swap 0k(0k free)

vm_info: Java HotSpot(TM) 64-Bit Server VM (25.25-b02) for linux-amd64 JRE (1.8.0_25-b17), built on Sep 17 2014 17:32:11 by "java_re" with gcc 4.3.0 20080428 (Red Hat 4.3.0-8)

time: Tue Apr 14 09:08:29 2015
elapsed time: 6 seconds (0d 0h 0m 6s)

