#
# A fatal error has been detected by the Java Runtime Environment:
#
#  SIGSEGV (0xb) at pc=0x00007f686f4b6a2a, pid=3570, tid=140088278488832
#
# JRE version: Java(TM) SE Runtime Environment (8.0_25-b17) (build 1.8.0_25-b17)
# Java VM: Java HotSpot(TM) 64-Bit Server VM (25.25-b02 mixed mode linux-amd64 compressed oops)
# Problematic frame:
# C  [libffi.so.6+0x4a2a]  ffi_closure_free+0x49a
#
# Failed to write core dump. Core dumps have been disabled. To enable core dumping, try "ulimit -c unlimited" before starting Java again
#
# If you would like to submit a bug report, please visit:
#   http://bugreport.sun.com/bugreport/crash.jsp
# The crash happened outside the Java Virtual Machine in native code.
# See problematic frame for where to report the bug.
#

---------------  T H R E A D  ---------------

Current thread (0x00007f68ec3b9000):  JavaThread "Thread-0" [_thread_in_native, id=3672, stack(0x00007f68d8039000,0x00007f68d813a000)]

siginfo: si_signo: 11 (SIGSEGV), si_code: 1 (SEGV_MAPERR), si_addr: 0x0000000000000018

Registers:
RAX=0x0000000000000f80, RBX=0x00007f686f6ba2c0, RCX=0x0000000000000000, RDX=0x0000000000000000
RSP=0x00007f68d8138750, RBP=0x00007f68f30e3038, RSI=0x00007f68f30e3070, RDI=0x0000000000000001
R8 =0x0000000000000000, R9 =0x0000000000000000, R10=0x000000000000003c, R11=0x00007f686f4b6590
R12=0x00007f68f30e3048, R13=0x00007f68db4af938, R14=0x00007f68d8138828, R15=0x00007f68ec3b9000
RIP=0x00007f686f4b6a2a, EFLAGS=0x0000000000010246, CSGSFS=0x0000000000000033, ERR=0x0000000000000006
  TRAPNO=0x000000000000000e

Top of Stack: (sp=0x00007f68d8138750)
0x00007f68d8138750:   00007f68ec3b9000 00007f686ecf4728
0x00007f68d8138760:   00007f6883dd44c0 00007f68ec007440
0x00007f68d8138770:   00007f68f30e3048 00007f68db4af938
0x00007f68d8138780:   00007f68d8138800 0000000000000000
0x00007f68d8138790:   00007f68db4af938 00007f68d8138828
0x00007f68d81387a0:   00007f68ec3b9000 00007f68dd0156d4
0x00007f68d81387b0:   00007f68ec3b9000 00007f68dd015422
0x00007f68d81387c0:   00007f68d81387c0 00007f68db4af938
0x00007f68d81387d0:   00007f68d8138828 00007f68db4afd30
0x00007f68d81387e0:   0000000000000000 00007f68db4af938
0x00007f68d81387f0:   0000000000000000 00007f68d8138820
0x00007f68d8138800:   00007f68d8138870 00007f68dd00798d
0x00007f68d8138810:   000000076d881528 00007f68dd00f2b8
0x00007f68d8138820:   00007f68f30e3048 000000076d8dce20
0x00007f68d8138830:   00007f68d8138830 00007f68db330d0b
0x00007f68d8138840:   00007f68d8138880 00007f68db48c5f8
0x00007f68d8138850:   0000000000000000 00007f68db330d28
0x00007f68d8138860:   00007f68d8138820 00007f68d8138880
0x00007f68d8138870:   00007f68d81388c8 00007f68dd00798d
0x00007f68d8138880:   000000076d8dce20 00007f68d8138888
0x00007f68d8138890:   00007f68db3319e6 00007f68d81388d8
0x00007f68d81388a0:   00007f68db48c480 0000000000000000
0x00007f68d81388b0:   00007f68db331a00 00007f68d8138880
0x00007f68d81388c0:   00007f68d81388d8 00007f68d8138920
0x00007f68d81388d0:   00007f68dd00798d 000000076d8dce20
0x00007f68d81388e0:   00007f68d81388e0 00007f68db32eb37
0x00007f68d81388f0:   00007f68d8138930 00007f68db332398
0x00007f68d8138900:   0000000000000000 00007f68db32eb50
0x00007f68d8138910:   00007f68d81388d8 00007f68d8138930
0x00007f68d8138920:   00007f68d8138978 00007f68dd00798d
0x00007f68d8138930:   000000076cf328a8 00007f68d8138938
0x00007f68d8138940:   00007f68db32ebe7 00007f68d8138990 

Instructions: (pc=0x00007f686f4b6a2a)
0x00007f686f4b6a0a:   56 18 4c 8b 4e 30 48 39 d6 0f 84 ef 03 00 00 48
0x00007f686f4b6a1a:   8b 4e 10 48 3b 0d b4 38 20 00 0f 82 26 fe ff ff
0x00007f686f4b6a2a:   48 89 51 18 48 89 4a 10 4d 85 c9 0f 84 55 03 00
0x00007f686f4b6a3a:   00 48 8b 4e 38 48 8d 79 4a 48 3b 34 fb 0f 84 b3 

Register to memory mapping:

RAX=0x0000000000000f80 is an unknown value
RBX=0x00007f686f6ba2c0: <offset 0x2082c0> in /usr/lib/libffi.so.6 at 0x00007f686f4b2000
RCX=0x0000000000000000 is an unknown value
RDX=0x0000000000000000 is an unknown value
RSP=0x00007f68d8138750 is pointing into the stack for thread: 0x00007f68ec3b9000
RBP=0x00007f68f30e3038 is an unknown value
RSI=0x00007f68f30e3070 is an unknown value
RDI=0x0000000000000001 is an unknown value
R8 =0x0000000000000000 is an unknown value
R9 =0x0000000000000000 is an unknown value
R10=0x000000000000003c is an unknown value
R11=0x00007f686f4b6590: ffi_closure_free+0 in /usr/lib/libffi.so.6 at 0x00007f686f4b2000
R12=0x00007f68f30e3048 is an unknown value
R13={method} {0x00007f68db4af938} 'nffi_closure_free' '(J)V' in 'org/lwjgl/system/libffi/LibFFI'
R14=0x00007f68d8138828 is pointing into the stack for thread: 0x00007f68ec3b9000
R15=0x00007f68ec3b9000 is a thread


Stack: [0x00007f68d8039000,0x00007f68d813a000],  sp=0x00007f68d8138750,  free space=1021k
Native frames: (J=compiled Java code, j=interpreted, Vv=VM code, C=native code)
C  [libffi.so.6+0x4a2a]  ffi_closure_free+0x49a

Java frames: (J=compiled Java code, j=interpreted, Vv=VM code)
j  org.lwjgl.system.libffi.LibFFI.nffi_closure_free(J)V+0
j  org.lwjgl.system.libffi.Closure.destroy()V+35
j  org.lwjgl.system.Retainable$Default.release()V+38
j  myutils.gui.opengl.AbstractOpenGLApplication.end()V+7
j  myutils.gui.opengl.AbstractOpenGLApplication.run()V+15
j  edu.hkcc.pacmanrobot.controller.gamecontroller.MiniMap.run()V+27
v  ~StubRoutines::call_stub

---------------  P R O C E S S  ---------------

Java Threads: ( => current thread )
  0x00007f6870002000 JavaThread "Thread-3" [_thread_blocked, id=3704, stack(0x00007f687f74e000,0x00007f687f84f000)]
  0x00007f6870003800 JavaThread "Thread-2" [_thread_in_native, id=3703, stack(0x00007f687f84f000,0x00007f687f950000)]
  0x00007f68ec00a000 JavaThread "DestroyJavaVM" [_thread_blocked, id=3572, stack(0x00007f68f2fde000,0x00007f68f30df000)]
=>0x00007f68ec3b9000 JavaThread "Thread-0" [_thread_in_native, id=3672, stack(0x00007f68d8039000,0x00007f68d813a000)]
  0x00007f68ec262000 JavaThread "Monitor Ctrl-Break" daemon [_thread_in_native, id=3609, stack(0x00007f68d81d0000,0x00007f68d82d1000)]
  0x00007f68ec0ca000 JavaThread "Service Thread" daemon [_thread_blocked, id=3607, stack(0x00007f68d8604000,0x00007f68d8705000)]
  0x00007f68ec0ba800 JavaThread "C1 CompilerThread3" daemon [_thread_blocked, id=3606, stack(0x00007f68d8705000,0x00007f68d8806000)]
  0x00007f68ec0b8800 JavaThread "C2 CompilerThread2" daemon [_thread_blocked, id=3605, stack(0x00007f68d8806000,0x00007f68d8907000)]
  0x00007f68ec0b6800 JavaThread "C2 CompilerThread1" daemon [_thread_blocked, id=3604, stack(0x00007f68d8907000,0x00007f68d8a08000)]
  0x00007f68ec0b3800 JavaThread "C2 CompilerThread0" daemon [_thread_blocked, id=3603, stack(0x00007f68d8a08000,0x00007f68d8b09000)]
  0x00007f68ec0b1800 JavaThread "Signal Dispatcher" daemon [_thread_blocked, id=3602, stack(0x00007f68d8b09000,0x00007f68d8c0a000)]
  0x00007f68ec084800 JavaThread "Finalizer" daemon [_thread_blocked, id=3594, stack(0x00007f68d8dcf000,0x00007f68d8ed0000)]
  0x00007f68ec082800 JavaThread "Reference Handler" daemon [_thread_blocked, id=3593, stack(0x00007f68d8ed0000,0x00007f68d8fd1000)]

Other Threads:
  0x00007f68ec07b800 VMThread [stack: 0x00007f68d8fd1000,0x00007f68d90d2000] [id=3590]
  0x00007f68ec0cc800 WatcherThread [stack: 0x00007f68d8503000,0x00007f68d8604000] [id=3608]

VM state:not at safepoint (normal execution)

VM Mutex/Monitor currently owned by a thread: None

Heap:
 PSYoungGen      total 75264K, used 34894K [0x000000076c980000, 0x0000000771d80000, 0x00000007c0000000)
  eden space 64512K, 54% used [0x000000076c980000,0x000000076eb93a28,0x0000000770880000)
  from space 10752K, 0% used [0x0000000771300000,0x0000000771300000,0x0000000771d80000)
  to   space 10752K, 0% used [0x0000000770880000,0x0000000770880000,0x0000000771300000)
 ParOldGen       total 172032K, used 0K [0x00000006c5c00000, 0x00000006d0400000, 0x000000076c980000)
  object space 172032K, 0% used [0x00000006c5c00000,0x00000006c5c00000,0x00000006d0400000)
 Metaspace       used 10404K, capacity 10534K, committed 10624K, reserved 1058816K
  class space    used 1087K, capacity 1113K, committed 1152K, reserved 1048576K

Card table byte_map: [0x00007f68dc82d000,0x00007f68dd000000] byte_map_base: 0x00007f68d91ff000

Marking Bits: (ParMarkBitMap*) 0x00007f68f25142c0
 Begin Bits: [0x00007f68b02e0000, 0x00007f68b4170000)
 End Bits:   [0x00007f68b4170000, 0x00007f68b8000000)

Polling page: 0x00007f68f3137000

CodeCache: size=245760Kb used=2709Kb max_used=2720Kb free=243050Kb
 bounds [0x00007f68dd000000, 0x00007f68dd2b0000, 0x00007f68ec000000]
 total_blobs=1109 nmethods=559 adapters=465
 compilation: enabled

Compilation events (10 events):
Event: 20.303 Thread 0x00007f68ec0ba800 nmethod 554 0x00007f68dd2a54d0 code [0x00007f68dd2a5680, 0x00007f68dd2a5ca8]
Event: 20.303 Thread 0x00007f68ec0ba800  555   !   3       sun.reflect.UTF8::encode (191 bytes)
Event: 20.303 Thread 0x00007f68ec0b8800  557       4       sun.reflect.ClassFileAssembler::emitByte (11 bytes)
Event: 20.304 Thread 0x00007f68ec0ba800 nmethod 555 0x00007f68dd2a4450 code [0x00007f68dd2a4640, 0x00007f68dd2a4f08]
Event: 20.304 Thread 0x00007f68ec0ba800  556       3       java.lang.reflect.AccessibleObject::<init> (5 bytes)
Event: 20.304 Thread 0x00007f68ec0ba800 nmethod 556 0x00007f68dd2a4090 code [0x00007f68dd2a4200, 0x00007f68dd2a43b0]
Event: 20.305 Thread 0x00007f68ec0b8800 nmethod 557 0x00007f68dd2a3c50 code [0x00007f68dd2a3dc0, 0x00007f68dd2a3f08]
Event: 20.306 Thread 0x00007f68ec0ba800  558       1       java.net.AbstractPlainSocketImpl::getTimeout (5 bytes)
Event: 20.306 Thread 0x00007f68ec0ba800 nmethod 558 0x00007f68dd2a3990 code [0x00007f68dd2a3ae0, 0x00007f68dd2a3bf0]
Event: 20.307 Thread 0x00007f68ec0b6800 nmethod 550 0x00007f68dd2a7210 code [0x00007f68dd2a7380, 0x00007f68dd2a7758]

GC Heap History (0 events):
No events

Deoptimization events (1 events):
Event: 15.537 Thread 0x00007f68ec3b9000 Uncommon trap: reason=unreached action=reinterpret pc=0x00007f68dd201e94 method=sun.misc.URLClassPath$JarLoader.ensureOpen()V @ 4

Internal exceptions (10 events):
Event: 20.283 Thread 0x00007f6870003800 Exception <a 'java/security/PrivilegedActionException'> (0x000000076eaa5ed0) thrown at [/HUDSON/workspace/8-2-build-linux-amd64/jdk8u25/1514/hotspot/src/share/vm/prims/jvm.cpp, line 1312]
Event: 20.286 Thread 0x00007f6870003800 Exception <a 'java/security/PrivilegedActionException'> (0x000000076eab1348) thrown at [/HUDSON/workspace/8-2-build-linux-amd64/jdk8u25/1514/hotspot/src/share/vm/prims/jvm.cpp, line 1312]
Event: 20.287 Thread 0x00007f6870003800 Exception <a 'java/security/PrivilegedActionException'> (0x000000076eab6a88) thrown at [/HUDSON/workspace/8-2-build-linux-amd64/jdk8u25/1514/hotspot/src/share/vm/prims/jvm.cpp, line 1312]
Event: 20.287 Thread 0x00007f6870003800 Exception <a 'java/security/PrivilegedActionException'> (0x000000076eabb318) thrown at [/HUDSON/workspace/8-2-build-linux-amd64/jdk8u25/1514/hotspot/src/share/vm/prims/jvm.cpp, line 1312]
Event: 20.288 Thread 0x00007f6870003800 Exception <a 'java/security/PrivilegedActionException'> (0x000000076eae6970) thrown at [/HUDSON/workspace/8-2-build-linux-amd64/jdk8u25/1514/hotspot/src/share/vm/prims/jvm.cpp, line 1312]
Event: 20.288 Thread 0x00007f6870003800 Exception <a 'java/security/PrivilegedActionException'> (0x000000076eaeb7c0) thrown at [/HUDSON/workspace/8-2-build-linux-amd64/jdk8u25/1514/hotspot/src/share/vm/prims/jvm.cpp, line 1312]
Event: 20.290 Thread 0x00007f6870003800 Exception <a 'java/lang/NoSuchMethodError': <clinit>> (0x000000076eafcb10) thrown at [/HUDSON/workspace/8-2-build-linux-amd64/jdk8u25/1514/hotspot/src/share/vm/prims/jni.cpp, line 1603]
Event: 20.307 Thread 0x00007f6870003800 Exception <a 'java/security/PrivilegedActionException'> (0x000000076eb5e170) thrown at [/HUDSON/workspace/8-2-build-linux-amd64/jdk8u25/1514/hotspot/src/share/vm/prims/jvm.cpp, line 1312]
Event: 20.321 Thread 0x00007f68ec3b9000 Exception <a 'java/security/PrivilegedActionException'> (0x000000076e990e28) thrown at [/HUDSON/workspace/8-2-build-linux-amd64/jdk8u25/1514/hotspot/src/share/vm/prims/jvm.cpp, line 1312]
Event: 20.321 Thread 0x00007f68ec3b9000 Exception <a 'java/security/PrivilegedActionException'> (0x000000076e9947a8) thrown at [/HUDSON/workspace/8-2-build-linux-amd64/jdk8u25/1514/hotspot/src/share/vm/prims/jvm.cpp, line 1312]

Events (10 events):
Event: 20.302 loading class java/util/concurrent/locks/ReentrantLock$NonfairSync
Event: 20.302 loading class java/util/concurrent/locks/ReentrantLock$NonfairSync done
Event: 20.304 loading class java/util/concurrent/locks/AbstractQueuedSynchronizer$ConditionObject
Event: 20.304 loading class java/util/concurrent/locks/AbstractQueuedSynchronizer$ConditionObject done
Event: 20.307 loading class edu/hkcc/pacmanrobot/utils/map/ObstacleMap$$anon$1
Event: 20.307 loading class edu/hkcc/pacmanrobot/utils/map/ObstacleMap$$anon$1 done
Event: 20.321 loading class edu/hkcc/pacmanrobot/utils/Utils$
Event: 20.321 loading class edu/hkcc/pacmanrobot/utils/Utils$ done
Event: 20.321 loading class edu/hkcc/pacmanrobot/utils/Point2D
Event: 20.321 loading class edu/hkcc/pacmanrobot/utils/Point2D done


Dynamic libraries:
00400000-00401000 r-xp 00000000 fe:00 3950470                            /usr/lib/jvm/java-8-jdk/jre/bin/java
00600000-00601000 rw-p 00000000 fe:00 3950470                            /usr/lib/jvm/java-8-jdk/jre/bin/java
00eef000-00f10000 rw-p 00000000 00:00 0                                  [heap]
6c5c00000-6d0400000 rw-p 00000000 00:00 0 
6d0400000-76c980000 ---p 00000000 00:00 0 
76c980000-771d80000 rw-p 00000000 00:00 0 
771d80000-7c0000000 ---p 00000000 00:00 0 
7c0000000-7c0120000 rw-p 00000000 00:00 0 
7c0120000-800000000 ---p 00000000 00:00 0 
7f6868000000-7f6868021000 rw-p 00000000 00:00 0 
7f6868021000-7f686c000000 ---p 00000000 00:00 0 
7f686ec0c000-7f686ed4c000 rw-p 00000000 00:00 0 
7f686ed4c000-7f686ee0c000 ---p 00000000 00:00 0 
7f686ee0c000-7f686ee10000 r-xp 00000000 fe:00 2630949                    /usr/lib/libtxc_dxtn.so
7f686ee10000-7f686f00f000 ---p 00004000 fe:00 2630949                    /usr/lib/libtxc_dxtn.so
7f686f00f000-7f686f010000 r--p 00003000 fe:00 2630949                    /usr/lib/libtxc_dxtn.so
7f686f010000-7f686f011000 rw-p 00004000 fe:00 2630949                    /usr/lib/libtxc_dxtn.so
7f686f011000-7f686f070000 r-xp 00000000 fe:00 2625020                    /usr/lib/libncursesw.so.5.9
7f686f070000-7f686f270000 ---p 0005f000 fe:00 2625020                    /usr/lib/libncursesw.so.5.9
7f686f270000-7f686f274000 r--p 0005f000 fe:00 2625020                    /usr/lib/libncursesw.so.5.9
7f686f274000-7f686f276000 rw-p 00063000 fe:00 2625020                    /usr/lib/libncursesw.so.5.9
7f686f276000-7f686f2ac000 r-xp 00000000 fe:00 2655999                    /usr/lib/libedit.so.0.0.52
7f686f2ac000-7f686f4ab000 ---p 00036000 fe:00 2655999                    /usr/lib/libedit.so.0.0.52
7f686f4ab000-7f686f4ad000 r--p 00035000 fe:00 2655999                    /usr/lib/libedit.so.0.0.52
7f686f4ad000-7f686f4ae000 rw-p 00037000 fe:00 2655999                    /usr/lib/libedit.so.0.0.52
7f686f4ae000-7f686f4b2000 rw-p 00000000 00:00 0 
7f686f4b2000-7f686f4ba000 r-xp 00000000 fe:00 2632155                    /usr/lib/libffi.so.6.0.4
7f686f4ba000-7f686f6b9000 ---p 00008000 fe:00 2632155                    /usr/lib/libffi.so.6.0.4
7f686f6b9000-7f686f6ba000 r--p 00007000 fe:00 2632155                    /usr/lib/libffi.so.6.0.4
7f686f6ba000-7f686f6bb000 rw-p 00008000 fe:00 2632155                    /usr/lib/libffi.so.6.0.4
7f686f6bb000-7f686f6d0000 r-xp 00000000 fe:00 2627701                    /usr/lib/libz.so.1.2.8
7f686f6d0000-7f686f8cf000 ---p 00015000 fe:00 2627701                    /usr/lib/libz.so.1.2.8
7f686f8cf000-7f686f8d0000 r--p 00014000 fe:00 2627701                    /usr/lib/libz.so.1.2.8
7f686f8d0000-7f686f8d1000 rw-p 00015000 fe:00 2627701                    /usr/lib/libz.so.1.2.8
7f686f8d1000-7f686f8d9000 r-xp 00000000 fe:00 2645324                    /usr/lib/libpciaccess.so.0.11.1
7f686f8d9000-7f686fad9000 ---p 00008000 fe:00 2645324                    /usr/lib/libpciaccess.so.0.11.1
7f686fad9000-7f686fada000 r--p 00008000 fe:00 2645324                    /usr/lib/libpciaccess.so.0.11.1
7f686fada000-7f686fadb000 rw-p 00009000 fe:00 2645324                    /usr/lib/libpciaccess.so.0.11.1
7f686fadb000-7f686faf1000 r-xp 00000000 fe:00 2624967                    /usr/lib/libgcc_s.so.1
7f686faf1000-7f686fcf0000 ---p 00016000 fe:00 2624967                    /usr/lib/libgcc_s.so.1
7f686fcf0000-7f686fcf1000 rw-p 00015000 fe:00 2624967                    /usr/lib/libgcc_s.so.1
7f686fcf1000-7f686fde1000 r-xp 00000000 fe:00 2624974                    /usr/lib/libstdc++.so.6.0.20
7f686fde1000-7f686ffe1000 ---p 000f0000 fe:00 2624974                    /usr/lib/libstdc++.so.6.0.20
7f686ffe1000-7f686ffe9000 r--p 000f0000 fe:00 2624974                    /usr/lib/libstdc++.so.6.0.20
7f686ffe9000-7f686ffeb000 rw-p 000f8000 fe:00 2624974                    /usr/lib/libstdc++.so.6.0.20
7f686ffeb000-7f6870000000 rw-p 00000000 00:00 0 
7f6870000000-7f6870021000 rw-p 00000000 00:00 0 
7f6870021000-7f6874000000 ---p 00000000 00:00 0 
7f6874000000-7f6874043000 rw-p 00000000 00:00 0 
7f6874043000-7f6878000000 ---p 00000000 00:00 0 
7f6878000000-7f687865a000 rw-p 00000000 00:00 0 
7f687865a000-7f687c000000 ---p 00000000 00:00 0 
7f687c104000-7f687defe000 r-xp 00000000 fe:00 2689109                    /usr/lib/libLLVM-3.6.so
7f687defe000-7f687e0fd000 ---p 01dfa000 fe:00 2689109                    /usr/lib/libLLVM-3.6.so
7f687e0fd000-7f687e319000 r--p 01df9000 fe:00 2689109                    /usr/lib/libLLVM-3.6.so
7f687e319000-7f687e333000 rw-p 02015000 fe:00 2689109                    /usr/lib/libLLVM-3.6.so
7f687e333000-7f687e349000 rw-p 00000000 00:00 0 
7f687e349000-7f687e35e000 r-xp 00000000 fe:00 2645555                    /usr/lib/libelf-0.161.so
7f687e35e000-7f687e55e000 ---p 00015000 fe:00 2645555                    /usr/lib/libelf-0.161.so
7f687e55e000-7f687e560000 r--p 00015000 fe:00 2645555                    /usr/lib/libelf-0.161.so
7f687e560000-7f687e561000 rw-p 00017000 fe:00 2645555                    /usr/lib/libelf-0.161.so
7f687e561000-7f687e56d000 r-xp 00000000 fe:00 2645372                    /usr/lib/libdrm_radeon.so.1.0.1
7f687e56d000-7f687e76c000 ---p 0000c000 fe:00 2645372                    /usr/lib/libdrm_radeon.so.1.0.1
7f687e76c000-7f687e76d000 r--p 0000b000 fe:00 2645372                    /usr/lib/libdrm_radeon.so.1.0.1
7f687e76d000-7f687e76e000 rw-p 0000c000 fe:00 2645372                    /usr/lib/libdrm_radeon.so.1.0.1
7f687e76e000-7f687e78f000 r-xp 00000000 fe:00 2645370                    /usr/lib/libdrm_intel.so.1.0.0
7f687e78f000-7f687e98e000 ---p 00021000 fe:00 2645370                    /usr/lib/libdrm_intel.so.1.0.0
7f687e98e000-7f687e98f000 r--p 00020000 fe:00 2645370                    /usr/lib/libdrm_intel.so.1.0.0
7f687e98f000-7f687e990000 rw-p 00021000 fe:00 2645370                    /usr/lib/libdrm_intel.so.1.0.0
7f687e990000-7f687e996000 r-xp 00000000 fe:00 2645371                    /usr/lib/libdrm_nouveau.so.2.0.0
7f687e996000-7f687eb95000 ---p 00006000 fe:00 2645371                    /usr/lib/libdrm_nouveau.so.2.0.0
7f687eb95000-7f687eb96000 r--p 00005000 fe:00 2645371                    /usr/lib/libdrm_nouveau.so.2.0.0
7f687eb96000-7f687eb97000 rw-p 00006000 fe:00 2645371                    /usr/lib/libdrm_nouveau.so.2.0.0
7f687eb97000-7f687f307000 r-xp 00000000 fe:00 3301865                    /usr/lib/xorg/modules/dri/nouveau_dri.so
7f687f307000-7f687f506000 ---p 00770000 fe:00 3301865                    /usr/lib/xorg/modules/dri/nouveau_dri.so
7f687f506000-7f687f55d000 r--p 0076f000 fe:00 3301865                    /usr/lib/xorg/modules/dri/nouveau_dri.so
7f687f55d000-7f687f569000 rw-p 007c6000 fe:00 3301865                    /usr/lib/xorg/modules/dri/nouveau_dri.so
7f687f569000-7f687f74e000 rw-p 00000000 00:00 0 
7f687f74e000-7f687f751000 ---p 00000000 00:00 0 
7f687f751000-7f687f84f000 rw-p 00000000 00:00 0                          [stack:3704]
7f687f84f000-7f687f852000 ---p 00000000 00:00 0 
7f687f852000-7f687f950000 rw-p 00000000 00:00 0                          [stack:3703]
7f687f950000-7f687f953000 ---p 00000000 00:00 0 
7f687f953000-7f687fa51000 rw-p 00000000 00:00 0 
7f687fa51000-7f687fa55000 r-xp 00000000 fe:00 2631613                    /usr/lib/libattr.so.1.1.0
7f687fa55000-7f687fc54000 ---p 00004000 fe:00 2631613                    /usr/lib/libattr.so.1.1.0
7f687fc54000-7f687fc55000 r--p 00003000 fe:00 2631613                    /usr/lib/libattr.so.1.1.0
7f687fc55000-7f687fc56000 rw-p 00004000 fe:00 2631613                    /usr/lib/libattr.so.1.1.0
7f687fc56000-7f687fc5a000 r-xp 00000000 fe:00 2631742                    /usr/lib/libcap.so.2.24
7f687fc5a000-7f687fe59000 ---p 00004000 fe:00 2631742                    /usr/lib/libcap.so.2.24
7f687fe59000-7f687fe5a000 rw-p 00003000 fe:00 2631742                    /usr/lib/libcap.so.2.24
7f687fe5a000-7f687fe6e000 r-xp 00000000 fe:00 2624622                    /usr/lib/libresolv-2.21.so
7f687fe6e000-7f688006d000 ---p 00014000 fe:00 2624622                    /usr/lib/libresolv-2.21.so
7f688006d000-7f688006e000 r--p 00013000 fe:00 2624622                    /usr/lib/libresolv-2.21.so
7f688006e000-7f688006f000 rw-p 00014000 fe:00 2624622                    /usr/lib/libresolv-2.21.so
7f688006f000-7f6880071000 rw-p 00000000 00:00 0 
7f6880071000-7f6880076000 r-xp 00000000 fe:00 2624684                    /usr/lib/libnss_dns-2.21.so
7f6880076000-7f6880275000 ---p 00005000 fe:00 2624684                    /usr/lib/libnss_dns-2.21.so
7f6880275000-7f6880276000 r--p 00004000 fe:00 2624684                    /usr/lib/libnss_dns-2.21.so
7f6880276000-7f6880277000 rw-p 00005000 fe:00 2624684                    /usr/lib/libnss_dns-2.21.so
7f6880277000-7f688027c000 r-xp 00000000 fe:00 2627693                    /usr/lib/libXdmcp.so.6.0.0
7f688027c000-7f688047b000 ---p 00005000 fe:00 2627693                    /usr/lib/libXdmcp.so.6.0.0
7f688047b000-7f688047c000 r--p 00004000 fe:00 2627693                    /usr/lib/libXdmcp.so.6.0.0
7f688047c000-7f688047d000 rw-p 00005000 fe:00 2627693                    /usr/lib/libXdmcp.so.6.0.0
7f688047d000-7f688047f000 r-xp 00000000 fe:00 2640834                    /usr/lib/libXau.so.6.0.0
7f688047f000-7f688067f000 ---p 00002000 fe:00 2640834                    /usr/lib/libXau.so.6.0.0
7f688067f000-7f6880680000 r--p 00002000 fe:00 2640834                    /usr/lib/libXau.so.6.0.0
7f6880680000-7f6880681000 rw-p 00003000 fe:00 2640834                    /usr/lib/libXau.so.6.0.0
7f6880681000-7f688068a000 r-xp 00000000 fe:00 2645497                    /usr/lib/libXrender.so.1.3.0
7f688068a000-7f6880889000 ---p 00009000 fe:00 2645497                    /usr/lib/libXrender.so.1.3.0
7f6880889000-7f688088a000 r--p 00008000 fe:00 2645497                    /usr/lib/libXrender.so.1.3.0
7f688088a000-7f688088b000 rw-p 00009000 fe:00 2645497                    /usr/lib/libXrender.so.1.3.0
7f688088b000-7f6880897000 r-xp 00000000 fe:00 2645368                    /usr/lib/libdrm.so.2.4.0
7f6880897000-7f6880a96000 ---p 0000c000 fe:00 2645368                    /usr/lib/libdrm.so.2.4.0
7f6880a96000-7f6880a97000 r--p 0000b000 fe:00 2645368                    /usr/lib/libdrm.so.2.4.0
7f6880a97000-7f6880a98000 rw-p 0000c000 fe:00 2645368                    /usr/lib/libdrm.so.2.4.0
7f6880a98000-7f6880a99000 r-xp 00000000 fe:00 2645518                    /usr/lib/libxshmfence.so.1.0.0
7f6880a99000-7f6880c99000 ---p 00001000 fe:00 2645518                    /usr/lib/libxshmfence.so.1.0.0
7f6880c99000-7f6880c9a000 r--p 00001000 fe:00 2645518                    /usr/lib/libxshmfence.so.1.0.0
7f6880c9a000-7f6880c9b000 rw-p 00002000 fe:00 2645518                    /usr/lib/libxshmfence.so.1.0.0
7f6880c9b000-7f6880ca0000 r-xp 00000000 fe:00 2643171                    /usr/lib/libxcb-sync.so.1.0.0
7f6880ca0000-7f6880ea0000 ---p 00005000 fe:00 2643171                    /usr/lib/libxcb-sync.so.1.0.0
7f6880ea0000-7f6880ea1000 r--p 00005000 fe:00 2643171                    /usr/lib/libxcb-sync.so.1.0.0
7f6880ea1000-7f6880ea2000 rw-p 00006000 fe:00 2643171                    /usr/lib/libxcb-sync.so.1.0.0
7f6880ea2000-7f6880ea5000 r-xp 00000000 fe:00 2643140                    /usr/lib/libxcb-shape.so.0.0.0
7f6880ea5000-7f68810a4000 ---p 00003000 fe:00 2643140                    /usr/lib/libxcb-shape.so.0.0.0
7f68810a4000-7f68810a5000 r--p 00002000 fe:00 2643140                    /usr/lib/libxcb-shape.so.0.0.0
7f68810a5000-7f68810a6000 rw-p 00003000 fe:00 2643140                    /usr/lib/libxcb-shape.so.0.0.0
7f68810a6000-7f68810af000 r-xp 00000000 fe:00 2643125                    /usr/lib/libxcb-render.so.0.0.0
7f68810af000-7f68812ae000 ---p 00009000 fe:00 2643125                    /usr/lib/libxcb-render.so.0.0.0
7f68812ae000-7f68812af000 r--p 00008000 fe:00 2643125                    /usr/lib/libxcb-render.so.0.0.0
7f68812af000-7f68812b0000 rw-p 00009000 fe:00 2643125                    /usr/lib/libxcb-render.so.0.0.0
7f68812b0000-7f68812b6000 r-xp 00000000 fe:00 2643122                    /usr/lib/libxcb-xfixes.so.0.0.0
7f68812b6000-7f68814b6000 ---p 00006000 fe:00 2643122                    /usr/lib/libxcb-xfixes.so.0.0.0
7f68814b6000-7f68814b7000 r--p 00006000 fe:00 2643122                    /usr/lib/libxcb-xfixes.so.0.0.0
7f68814b7000-7f68814b8000 rw-p 00007000 fe:00 2643122                    /usr/lib/libxcb-xfixes.so.0.0.0
7f68814b8000-7f68814c5000 r-xp 00000000 fe:00 2643179                    /usr/lib/libxcb-randr.so.0.1.0
7f68814c5000-7f68816c4000 ---p 0000d000 fe:00 2643179                    /usr/lib/libxcb-randr.so.0.1.0
7f68816c4000-7f68816c5000 r--p 0000c000 fe:00 2643179                    /usr/lib/libxcb-randr.so.0.1.0
7f68816c5000-7f68816c6000 rw-p 0000d000 fe:00 2643179                    /usr/lib/libxcb-randr.so.0.1.0
7f68816c6000-7f68816c8000 r-xp 00000000 fe:00 2643158                    /usr/lib/libxcb-present.so.0.0.0
7f68816c8000-7f68818c7000 ---p 00002000 fe:00 2643158                    /usr/lib/libxcb-present.so.0.0.0
7f68818c7000-7f68818c8000 r--p 00001000 fe:00 2643158                    /usr/lib/libxcb-present.so.0.0.0
7f68818c8000-7f68818c9000 rw-p 00002000 fe:00 2643158                    /usr/lib/libxcb-present.so.0.0.0
7f68818c9000-7f68818cb000 r-xp 00000000 fe:00 2643130                    /usr/lib/libxcb-dri3.so.0.0.0
7f68818cb000-7f6881aca000 ---p 00002000 fe:00 2643130                    /usr/lib/libxcb-dri3.so.0.0.0
7f6881aca000-7f6881acb000 r--p 00001000 fe:00 2643130                    /usr/lib/libxcb-dri3.so.0.0.0
7f6881acb000-7f6881acc000 rw-p 00002000 fe:00 2643130                    /usr/lib/libxcb-dri3.so.0.0.0
7f6881acc000-7f6881ad0000 r-xp 00000000 fe:00 2643155                    /usr/lib/libxcb-dri2.so.0.0.0
7f6881ad0000-7f6881ccf000 ---p 00004000 fe:00 2643155                    /usr/lib/libxcb-dri2.so.0.0.0
7f6881ccf000-7f6881cd0000 r--p 00003000 fe:00 2643155                    /usr/lib/libxcb-dri2.so.0.0.0
7f6881cd0000-7f6881cd1000 rw-p 00004000 fe:00 2643155                    /usr/lib/libxcb-dri2.so.0.0.0
7f6881cd1000-7f6881ce8000 r-xp 00000000 fe:00 2643129                    /usr/lib/libxcb-glx.so.0.0.0
7f6881ce8000-7f6881ee8000 ---p 00017000 fe:00 2643129                    /usr/lib/libxcb-glx.so.0.0.0
7f6881ee8000-7f6881eea000 r--p 00017000 fe:00 2643129                    /usr/lib/libxcb-glx.so.0.0.0
7f6881eea000-7f6881eeb000 rw-p 00019000 fe:00 2643129                    /usr/lib/libxcb-glx.so.0.0.0
7f6881eeb000-7f6881eec000 r-xp 00000000 fe:00 2643225                    /usr/lib/libX11-xcb.so.1.0.0
7f6881eec000-7f68820eb000 ---p 00001000 fe:00 2643225                    /usr/lib/libX11-xcb.so.1.0.0
7f68820eb000-7f68820ec000 r--p 00000000 fe:00 2643225                    /usr/lib/libX11-xcb.so.1.0.0
7f68820ec000-7f68820ed000 rw-p 00001000 fe:00 2643225                    /usr/lib/libX11-xcb.so.1.0.0
7f68820ed000-7f68820f2000 r-xp 00000000 fe:00 2644195                    /usr/lib/libXfixes.so.3.1.0
7f68820f2000-7f68822f1000 ---p 00005000 fe:00 2644195                    /usr/lib/libXfixes.so.3.1.0
7f68822f1000-7f68822f2000 r--p 00004000 fe:00 2644195                    /usr/lib/libXfixes.so.3.1.0
7f68822f2000-7f68822f3000 rw-p 00005000 fe:00 2644195                    /usr/lib/libXfixes.so.3.1.0
7f68822f3000-7f68822f5000 r-xp 00000000 fe:00 2645591                    /usr/lib/libXdamage.so.1.1.0
7f68822f5000-7f68824f4000 ---p 00002000 fe:00 2645591                    /usr/lib/libXdamage.so.1.1.0
7f68824f4000-7f68824f5000 r--p 00001000 fe:00 2645591                    /usr/lib/libXdamage.so.1.1.0
7f68824f5000-7f68824f6000 rw-p 00002000 fe:00 2645591                    /usr/lib/libXdamage.so.1.1.0
7f68824f6000-7f6882507000 r-xp 00000000 fe:00 2644111                    /usr/lib/libXext.so.6.4.0
7f6882507000-7f6882706000 ---p 00011000 fe:00 2644111                    /usr/lib/libXext.so.6.4.0
7f6882706000-7f6882707000 r--p 00010000 fe:00 2644111                    /usr/lib/libXext.so.6.4.0
7f6882707000-7f6882708000 rw-p 00011000 fe:00 2644111                    /usr/lib/libXext.so.6.4.0
7f6882708000-7f688272e000 r-xp 00000000 fe:00 2649644                    /usr/lib/libglapi.so.0.0.0
7f688272e000-7f688292e000 ---p 00026000 fe:00 2649644                    /usr/lib/libglapi.so.0.0.0
7f688292e000-7f6882931000 r--p 00026000 fe:00 2649644                    /usr/lib/libglapi.so.0.0.0
7f6882931000-7f6882932000 rw-p 00029000 fe:00 2649644                    /usr/lib/libglapi.so.0.0.0
7f6882932000-7f6882933000 rw-p 00000000 00:00 0 
7f6882933000-7f688295a000 r-xp 00000000 fe:00 2631998                    /usr/lib/libexpat.so.1.6.0
7f688295a000-7f6882b59000 ---p 00027000 fe:00 2631998                    /usr/lib/libexpat.so.1.6.0
7f6882b59000-7f6882b5c000 r--p 00026000 fe:00 2631998                    /usr/lib/libexpat.so.1.6.0
7f6882b5c000-7f6882b5d000 rw-p 00029000 fe:00 2631998                    /usr/lib/libexpat.so.1.6.0
7f6882b5d000-7f6882b7e000 r-xp 00000000 fe:00 2643143                    /usr/lib/libxcb.so.1.1.0
7f6882b7e000-7f6882d7d000 ---p 00021000 fe:00 2643143                    /usr/lib/libxcb.so.1.1.0
7f6882d7d000-7f6882d7e000 r--p 00020000 fe:00 2643143                    /usr/lib/libxcb.so.1.1.0
7f6882d7e000-7f6882d7f000 rw-p 00021000 fe:00 2643143                    /usr/lib/libxcb.so.1.1.0
7f6882d7f000-7f6882d89000 r-xp 00000000 fe:00 2645985                    /usr/lib/libXcursor.so.1.0.2
7f6882d89000-7f6882f88000 ---p 0000a000 fe:00 2645985                    /usr/lib/libXcursor.so.1.0.2
7f6882f88000-7f6882f89000 r--p 00009000 fe:00 2645985                    /usr/lib/libXcursor.so.1.0.2
7f6882f89000-7f6882f8a000 rw-p 0000a000 fe:00 2645985                    /usr/lib/libXcursor.so.1.0.2
7f6882f8a000-7f6882f8c000 r-xp 00000000 fe:00 2645987                    /usr/lib/libXinerama.so.1.0.0
7f6882f8c000-7f688318b000 ---p 00002000 fe:00 2645987                    /usr/lib/libXinerama.so.1.0.0
7f688318b000-7f688318c000 r--p 00001000 fe:00 2645987                    /usr/lib/libXinerama.so.1.0.0
7f688318c000-7f688318d000 rw-p 00002000 fe:00 2645987                    /usr/lib/libXinerama.so.1.0.0
7f688318d000-7f6883192000 r-xp 00000000 fe:00 2645576                    /usr/lib/libXxf86vm.so.1.0.0
7f6883192000-7f6883391000 ---p 00005000 fe:00 2645576                    /usr/lib/libXxf86vm.so.1.0.0
7f6883391000-7f6883392000 r--p 00004000 fe:00 2645576                    /usr/lib/libXxf86vm.so.1.0.0
7f6883392000-7f6883393000 rw-p 00005000 fe:00 2645576                    /usr/lib/libXxf86vm.so.1.0.0
7f6883393000-7f688339c000 r-xp 00000000 fe:00 2645997                    /usr/lib/libXrandr.so.2.2.0
7f688339c000-7f688359b000 ---p 00009000 fe:00 2645997                    /usr/lib/libXrandr.so.2.2.0
7f688359b000-7f688359c000 r--p 00008000 fe:00 2645997                    /usr/lib/libXrandr.so.2.2.0
7f688359c000-7f688359d000 rw-p 00009000 fe:00 2645997                    /usr/lib/libXrandr.so.2.2.0
7f688359d000-7f68835ac000 r-xp 00000000 fe:00 2644191                    /usr/lib/libXi.so.6.1.0
7f68835ac000-7f68837ac000 ---p 0000f000 fe:00 2644191                    /usr/lib/libXi.so.6.1.0
7f68837ac000-7f68837ad000 r--p 0000f000 fe:00 2644191                    /usr/lib/libXi.so.6.1.0
7f68837ad000-7f68837ae000 rw-p 00010000 fe:00 2644191                    /usr/lib/libXi.so.6.1.0
7f68837ae000-7f6883846000 r-xp 00000000 fe:00 3297220                    /usr/lib/mesa/libGL.so.1.2.0
7f6883846000-7f6883a45000 ---p 00098000 fe:00 3297220                    /usr/lib/mesa/libGL.so.1.2.0
7f6883a45000-7f6883a48000 r--p 00097000 fe:00 3297220                    /usr/lib/mesa/libGL.so.1.2.0
7f6883a48000-7f6883a49000 rw-p 0009a000 fe:00 3297220                    /usr/lib/mesa/libGL.so.1.2.0
7f6883a49000-7f6883a4a000 rw-p 00000000 00:00 0 
7f6883a4a000-7f6883b85000 r-xp 00000000 fe:00 2643224                    /usr/lib/libX11.so.6.3.0
7f6883b85000-7f6883d84000 ---p 0013b000 fe:00 2643224                    /usr/lib/libX11.so.6.3.0
7f6883d84000-7f6883d86000 r--p 0013a000 fe:00 2643224                    /usr/lib/libX11.so.6.3.0
7f6883d86000-7f6883d8b000 rw-p 0013c000 fe:00 2643224                    /usr/lib/libX11.so.6.3.0
7f6883d8b000-7f6883d8c000 rw-p 00000000 00:00 0 
7f6883d8c000-7f6883dfe000 r-xp 00000000 fe:02 41551762                   /home/beenotung/git/workspace/hkcc-pacman-robot/lib/lwjgl3/native/linux/x64/liblwjgl.so
7f6883dfe000-7f6883ffd000 ---p 00072000 fe:02 41551762                   /home/beenotung/git/workspace/hkcc-pacman-robot/lib/lwjgl3/native/linux/x64/liblwjgl.so
7f6883ffd000-7f6883ffe000 r--p 00071000 fe:02 41551762                   /home/beenotung/git/workspace/hkcc-pacman-robot/lib/lwjgl3/native/linux/x64/liblwjgl.so
7f6883ffe000-7f6883fff000 rw-p 00072000 fe:02 41551762                   /home/beenotung/git/workspace/hkcc-pacman-robot/lib/lwjgl3/native/linux/x64/liblwjgl.so
7f6883fff000-7f6884000000 rw-p 00000000 00:00 0 
7f6884000000-7f6884021000 rw-p 00000000 00:00 0 
7f6884021000-7f6888000000 ---p 00000000 00:00 0 
7f6888000000-7f6888021000 rw-p 00000000 00:00 0 
7f6888021000-7f688c000000 ---p 00000000 00:00 0 
7f688c000000-7f688c16d000 rw-p 00000000 00:00 0 
7f688c16d000-7f6890000000 ---p 00000000 00:00 0 
7f6890000000-7f6890021000 rw-p 00000000 00:00 0 
7f6890021000-7f6894000000 ---p 00000000 00:00 0 
7f6894000000-7f68943da000 rw-p 00000000 00:00 0 
7f68943da000-7f6898000000 ---p 00000000 00:00 0 
7f6898000000-7f68982ea000 rw-p 00000000 00:00 0 
7f68982ea000-7f689c000000 ---p 00000000 00:00 0 
7f689c000000-7f689c021000 rw-p 00000000 00:00 0 
7f689c021000-7f68a0000000 ---p 00000000 00:00 0 
7f68a0000000-7f68a0251000 rw-p 00000000 00:00 0 
7f68a0251000-7f68a4000000 ---p 00000000 00:00 0 
7f68a4000000-7f68a4021000 rw-p 00000000 00:00 0 
7f68a4021000-7f68a8000000 ---p 00000000 00:00 0 
7f68a8000000-7f68a8021000 rw-p 00000000 00:00 0 
7f68a8021000-7f68ac000000 ---p 00000000 00:00 0 
7f68ac000000-7f68ac021000 rw-p 00000000 00:00 0 
7f68ac021000-7f68b0000000 ---p 00000000 00:00 0 
7f68b00c9000-7f68b00df000 r-xp 00000000 fe:00 4072527                    /usr/lib/jvm/java-8-jdk/jre/lib/amd64/libnet.so
7f68b00df000-7f68b02df000 ---p 00016000 fe:00 4072527                    /usr/lib/jvm/java-8-jdk/jre/lib/amd64/libnet.so
7f68b02df000-7f68b02e0000 rw-p 00016000 fe:00 4072527                    /usr/lib/jvm/java-8-jdk/jre/lib/amd64/libnet.so
7f68b02e0000-7f68b8000000 rw-p 00000000 00:00 0 
7f68b8000000-7f68b8021000 rw-p 00000000 00:00 0 
7f68b8021000-7f68bc000000 ---p 00000000 00:00 0 
7f68bc000000-7f68bc021000 rw-p 00000000 00:00 0 
7f68bc021000-7f68c0000000 ---p 00000000 00:00 0 
7f68c0000000-7f68c0021000 rw-p 00000000 00:00 0 
7f68c0021000-7f68c4000000 ---p 00000000 00:00 0 
7f68c4000000-7f68c4021000 rw-p 00000000 00:00 0 
7f68c4021000-7f68c8000000 ---p 00000000 00:00 0 
7f68c8000000-7f68c8021000 rw-p 00000000 00:00 0 
7f68c8021000-7f68cc000000 ---p 00000000 00:00 0 
7f68cc000000-7f68cc021000 rw-p 00000000 00:00 0 
7f68cc021000-7f68d0000000 ---p 00000000 00:00 0 
7f68d0000000-7f68d0021000 rw-p 00000000 00:00 0 
7f68d0021000-7f68d4000000 ---p 00000000 00:00 0 
7f68d4000000-7f68d4021000 rw-p 00000000 00:00 0 
7f68d4021000-7f68d8000000 ---p 00000000 00:00 0 
7f68d8027000-7f68d8037000 r-xp 00000000 fe:00 2655815                    /usr/lib/libudev.so.1.6.2
7f68d8037000-7f68d8038000 r--p 0000f000 fe:00 2655815                    /usr/lib/libudev.so.1.6.2
7f68d8038000-7f68d8039000 rw-p 00010000 fe:00 2655815                    /usr/lib/libudev.so.1.6.2
7f68d8039000-7f68d803c000 ---p 00000000 00:00 0 
7f68d803c000-7f68d813a000 rw-p 00000000 00:00 0                          [stack:3672]
7f68d813a000-7f68d8146000 r-xp 00000000 fe:00 2633439                    /usr/lib/libnss_myhostname.so.2
7f68d8146000-7f68d8147000 ---p 0000c000 fe:00 2633439                    /usr/lib/libnss_myhostname.so.2
7f68d8147000-7f68d8149000 r--p 0000c000 fe:00 2633439                    /usr/lib/libnss_myhostname.so.2
7f68d8149000-7f68d814a000 rw-p 0000e000 fe:00 2633439                    /usr/lib/libnss_myhostname.so.2
7f68d8175000-7f68d8179000 r--s 00093000 fe:00 3949442                    /usr/lib/jvm/java-8-jdk/jre/lib/jsse.jar
7f68d8179000-7f68d8183000 r--s 00116000 fe:00 3949472                    /usr/lib/jvm/java-8-jdk/jre/lib/ext/localedata.jar
7f68d8183000-7f68d819f000 r--s 00393000 fe:00 3949466                    /usr/lib/jvm/java-8-jdk/jre/lib/ext/cldrdata.jar
7f68d819f000-7f68d81d0000 rw-p 00000000 00:00 0 
7f68d81d0000-7f68d81d3000 ---p 00000000 00:00 0 
7f68d81d3000-7f68d82d1000 rw-p 00000000 00:00 0                          [stack:3609]
7f68d82d1000-7f68d82d3000 r--s 00016000 fe:00 3939981                    /usr/share/intellijidea-ce/lib/idea_rt.jar
7f68d82d3000-7f68d82d6000 r--s 00011000 fe:02 41551757                   /home/beenotung/git/workspace/hkcc-pacman-robot/lib/lwjgl3/jar/disruptor.jar
7f68d82d6000-7f68d82e5000 r--s 0012b000 fe:02 41551758                   /home/beenotung/git/workspace/hkcc-pacman-robot/lib/lwjgl3/jar/lwjgl.jar
7f68d82e5000-7f68d838d000 r--s 0090a000 fe:02 41551950                   /home/beenotung/git/workspace/hkcc-pacman-robot/lib/NeuroEvolution/NeuroEvolution.jar
7f68d838d000-7f68d8411000 r--s 00826000 fe:02 41682275                   /home/beenotung/git/workspace/hkcc-pacman-robot/lib/myutils/myutils.jar
7f68d8411000-7f68d8413000 r--s 0000f000 fe:02 41681194                   /home/beenotung/git/workspace/hkcc-pacman-robot/lib/pi4j/pi4j-gpio-extension-sources.jar
7f68d8413000-7f68d8416000 r--s 00032000 fe:02 41681193                   /home/beenotung/git/workspace/hkcc-pacman-robot/lib/pi4j/pi4j-gpio-extension-javadoc.jar
7f68d8416000-7f68d8418000 r--s 00003000 fe:02 41681197                   /home/beenotung/git/workspace/hkcc-pacman-robot/lib/pi4j/pi4j-service-sources.jar
7f68d8418000-7f68d841a000 r--s 00012000 fe:02 41681196                   /home/beenotung/git/workspace/hkcc-pacman-robot/lib/pi4j/pi4j-service-javadoc.jar
7f68d841a000-7f68d841c000 r--s 00013000 fe:02 41681191                   /home/beenotung/git/workspace/hkcc-pacman-robot/lib/pi4j/pi4j-example-sources.jar
7f68d841c000-7f68d841f000 r--s 00031000 fe:02 41681190                   /home/beenotung/git/workspace/hkcc-pacman-robot/lib/pi4j/pi4j-example-javadoc.jar
7f68d841f000-7f68d8421000 r--s 00011000 fe:02 41681195                   /home/beenotung/git/workspace/hkcc-pacman-robot/lib/pi4j/pi4j-gpio-extension.jar
7f68d8421000-7f68d8427000 r--s 00033000 fe:02 41681186                   /home/beenotung/git/workspace/hkcc-pacman-robot/lib/pi4j/pi4j-device-sources.jar
7f68d8427000-7f68d8437000 r--s 00124000 fe:02 41681185                   /home/beenotung/git/workspace/hkcc-pacman-robot/lib/pi4j/pi4j-device-javadoc.jar
7f68d8437000-7f68d843c000 r--s 00038000 fe:02 41681183                   /home/beenotung/git/workspace/hkcc-pacman-robot/lib/pi4j/pi4j-core-sources.jar
7f68d843c000-7f68d8446000 r--s 000d6000 fe:02 41681182                   /home/beenotung/git/workspace/hkcc-pacman-robot/lib/pi4j/pi4j-core-javadoc.jar
7f68d8446000-7f68d8448000 r--s 00003000 fe:02 41681198                   /home/beenotung/git/workspace/hkcc-pacman-robot/lib/pi4j/pi4j-service.jar
7f68d8448000-7f68d844b000 r--s 00018000 fe:02 41681192                   /home/beenotung/git/workspace/hkcc-pacman-robot/lib/pi4j/pi4j-example.jar
7f68d844b000-7f68d8452000 r--s 0002c000 fe:02 41681189                   /home/beenotung/git/workspace/hkcc-pacman-robot/lib/pi4j/pi4j-device.jar
7f68d8452000-7f68d8457000 r--s 0002f000 fe:02 41681184                   /home/beenotung/git/workspace/hkcc-pacman-robot/lib/pi4j/pi4j-core.jar
7f68d8457000-7f68d845d000 r--s 00036000 fe:02 41681180                   /home/beenotung/git/workspace/hkcc-pacman-robot/lib/pi4j/junit.jar
7f68d845d000-7f68d84b6000 r--s 004f6000 fe:02 41812706                   /home/beenotung/.ivy2/cache/org.scala-lang/scala-library/jars/scala-library-2.11.6.jar
7f68d84b6000-7f68d84ba000 r--s 00093000 fe:00 3949442                    /usr/lib/jvm/java-8-jdk/jre/lib/jsse.jar
7f68d84ba000-7f68d84cd000 r--s 000d5000 fe:00 3949455                    /usr/lib/jvm/java-8-jdk/jre/lib/plugin.jar
7f68d84cd000-7f68d84e0000 r--s 00344000 fe:00 3949438                    /usr/lib/jvm/java-8-jdk/jre/lib/resources.jar
7f68d84e0000-7f68d84f9000 r--s 001ea000 fe:00 3949441                    /usr/lib/jvm/java-8-jdk/jre/lib/deploy.jar
7f68d84f9000-7f68d8503000 r--s 00069000 fe:00 3949459                    /usr/lib/jvm/java-8-jdk/jre/lib/javaws.jar
7f68d8503000-7f68d8504000 ---p 00000000 00:00 0 
7f68d8504000-7f68d8604000 rw-p 00000000 00:00 0                          [stack:3608]
7f68d8604000-7f68d8607000 ---p 00000000 00:00 0 
7f68d8607000-7f68d8705000 rw-p 00000000 00:00 0                          [stack:3607]
7f68d8705000-7f68d8708000 ---p 00000000 00:00 0 
7f68d8708000-7f68d8806000 rw-p 00000000 00:00 0                          [stack:3606]
7f68d8806000-7f68d8809000 ---p 00000000 00:00 0 
7f68d8809000-7f68d8907000 rw-p 00000000 00:00 0                          [stack:3605]
7f68d8907000-7f68d890a000 ---p 00000000 00:00 0 
7f68d890a000-7f68d8a08000 rw-p 00000000 00:00 0                          [stack:3604]
7f68d8a08000-7f68d8a0b000 ---p 00000000 00:00 0 
7f68d8a0b000-7f68d8b09000 rw-p 00000000 00:00 0                          [stack:3603]
7f68d8b09000-7f68d8b0c000 ---p 00000000 00:00 0 
7f68d8b0c000-7f68d8c0a000 rw-p 00000000 00:00 0                          [stack:3602]
7f68d8c0a000-7f68d8dcf000 r--p 00000000 fe:00 2655801                    /usr/lib/locale/locale-archive
7f68d8dcf000-7f68d8dd2000 ---p 00000000 00:00 0 
7f68d8dd2000-7f68d8ed0000 rw-p 00000000 00:00 0                          [stack:3594]
7f68d8ed0000-7f68d8ed3000 ---p 00000000 00:00 0 
7f68d8ed3000-7f68d8fd1000 rw-p 00000000 00:00 0                          [stack:3593]
7f68d8fd1000-7f68d8fd2000 ---p 00000000 00:00 0 
7f68d8fd2000-7f68dacd4000 rw-p 00000000 00:00 0                          [stack:3590]
7f68dacd4000-7f68daeaa000 r--s 03caa000 fe:00 3949446                    /usr/lib/jvm/java-8-jdk/jre/lib/rt.jar
7f68daeaa000-7f68dbef2000 rw-p 00000000 00:00 0 
7f68dbef2000-7f68dbef3000 ---p 00000000 00:00 0 
7f68dbef3000-7f68dbff3000 rw-p 00000000 00:00 0                          [stack:3588]
7f68dbff3000-7f68dbff4000 ---p 00000000 00:00 0 
7f68dbff4000-7f68dc0f4000 rw-p 00000000 00:00 0                          [stack:3587]
7f68dc0f4000-7f68dc0f5000 ---p 00000000 00:00 0 
7f68dc0f5000-7f68dc1f5000 rw-p 00000000 00:00 0                          [stack:3586]
7f68dc1f5000-7f68dc1f6000 ---p 00000000 00:00 0 
7f68dc1f6000-7f68dc34a000 rw-p 00000000 00:00 0                          [stack:3585]
7f68dc34a000-7f68dc82d000 ---p 00000000 00:00 0 
7f68dc82d000-7f68dc881000 rw-p 00000000 00:00 0 
7f68dc881000-7f68dcd63000 ---p 00000000 00:00 0 
7f68dcd63000-7f68dcd8e000 rw-p 00000000 00:00 0 
7f68dcd8e000-7f68dcfff000 ---p 00000000 00:00 0 
7f68dcfff000-7f68dd000000 rw-p 00000000 00:00 0 
7f68dd000000-7f68dd2b0000 rwxp 00000000 00:00 0 
7f68dd2b0000-7f68ec000000 ---p 00000000 00:00 0 
7f68ec000000-7f68ec52a000 rw-p 00000000 00:00 0 
7f68ec52a000-7f68f0000000 ---p 00000000 00:00 0 
7f68f0000000-7f68f0001000 rwxp 00000000 00:00 0 
7f68f0001000-7f68f0003000 r--s 0001a000 fe:00 3949452                    /usr/lib/jvm/java-8-jdk/jre/lib/jce.jar
7f68f0003000-7f68f0008000 r--s 00084000 fe:00 3949445                    /usr/lib/jvm/java-8-jdk/jre/lib/jfr.jar
7f68f0008000-7f68f000a000 r--s 00007000 fe:00 3949435                    /usr/lib/jvm/java-8-jdk/jre/lib/jfxswt.jar
7f68f000a000-7f68f0086000 rw-p 00000000 00:00 0 
7f68f0086000-7f68f0087000 ---p 00000000 00:00 0 
7f68f0087000-7f68f0187000 rw-p 00000000 00:00 0                          [stack:3584]
7f68f0187000-7f68f0188000 ---p 00000000 00:00 0 
7f68f0188000-7f68f0288000 rw-p 00000000 00:00 0                          [stack:3583]
7f68f0288000-7f68f0289000 ---p 00000000 00:00 0 
7f68f0289000-7f68f0389000 rw-p 00000000 00:00 0                          [stack:3582]
7f68f0389000-7f68f038a000 ---p 00000000 00:00 0 
7f68f038a000-7f68f0495000 rw-p 00000000 00:00 0                          [stack:3581]
7f68f0495000-7f68f084a000 ---p 00000000 00:00 0 
7f68f084a000-7f68f0864000 r-xp 00000000 fe:00 4072537                    /usr/lib/jvm/java-8-jdk/jre/lib/amd64/libzip.so
7f68f0864000-7f68f0a64000 ---p 0001a000 fe:00 4072537                    /usr/lib/jvm/java-8-jdk/jre/lib/amd64/libzip.so
7f68f0a64000-7f68f0a65000 rw-p 0001a000 fe:00 4072537                    /usr/lib/jvm/java-8-jdk/jre/lib/amd64/libzip.so
7f68f0a65000-7f68f0a70000 r-xp 00000000 fe:00 2624626                    /usr/lib/libnss_files-2.21.so
7f68f0a70000-7f68f0c70000 ---p 0000b000 fe:00 2624626                    /usr/lib/libnss_files-2.21.so
7f68f0c70000-7f68f0c71000 r--p 0000b000 fe:00 2624626                    /usr/lib/libnss_files-2.21.so
7f68f0c71000-7f68f0c72000 rw-p 0000c000 fe:00 2624626                    /usr/lib/libnss_files-2.21.so
7f68f0c72000-7f68f0c9c000 r-xp 00000000 fe:00 4072557                    /usr/lib/jvm/java-8-jdk/jre/lib/amd64/libjava.so
7f68f0c9c000-7f68f0e9c000 ---p 0002a000 fe:00 4072557                    /usr/lib/jvm/java-8-jdk/jre/lib/amd64/libjava.so
7f68f0e9c000-7f68f0e9e000 rw-p 0002a000 fe:00 4072557                    /usr/lib/jvm/java-8-jdk/jre/lib/amd64/libjava.so
7f68f0e9e000-7f68f0eab000 r-xp 00000000 fe:00 4072544                    /usr/lib/jvm/java-8-jdk/jre/lib/amd64/libverify.so
7f68f0eab000-7f68f10ab000 ---p 0000d000 fe:00 4072544                    /usr/lib/jvm/java-8-jdk/jre/lib/amd64/libverify.so
7f68f10ab000-7f68f10ad000 rw-p 0000d000 fe:00 4072544                    /usr/lib/jvm/java-8-jdk/jre/lib/amd64/libverify.so
7f68f10ad000-7f68f10b4000 r-xp 00000000 fe:00 2624673                    /usr/lib/librt-2.21.so
7f68f10b4000-7f68f12b3000 ---p 00007000 fe:00 2624673                    /usr/lib/librt-2.21.so
7f68f12b3000-7f68f12b4000 r--p 00006000 fe:00 2624673                    /usr/lib/librt-2.21.so
7f68f12b4000-7f68f12b5000 rw-p 00007000 fe:00 2624673                    /usr/lib/librt-2.21.so
7f68f12b5000-7f68f13b8000 r-xp 00000000 fe:00 2624701                    /usr/lib/libm-2.21.so
7f68f13b8000-7f68f15b8000 ---p 00103000 fe:00 2624701                    /usr/lib/libm-2.21.so
7f68f15b8000-7f68f15b9000 r--p 00103000 fe:00 2624701                    /usr/lib/libm-2.21.so
7f68f15b9000-7f68f15ba000 rw-p 00104000 fe:00 2624701                    /usr/lib/libm-2.21.so
7f68f15ba000-7f68f2227000 r-xp 00000000 fe:00 4460819                    /usr/lib/jvm/java-8-jdk/jre/lib/amd64/server/libjvm.so
7f68f2227000-7f68f2426000 ---p 00c6d000 fe:00 4460819                    /usr/lib/jvm/java-8-jdk/jre/lib/amd64/server/libjvm.so
7f68f2426000-7f68f24fc000 rw-p 00c6c000 fe:00 4460819                    /usr/lib/jvm/java-8-jdk/jre/lib/amd64/server/libjvm.so
7f68f24fc000-7f68f253f000 rw-p 00000000 00:00 0 
7f68f253f000-7f68f26d8000 r-xp 00000000 fe:00 2624641                    /usr/lib/libc-2.21.so
7f68f26d8000-7f68f28d8000 ---p 00199000 fe:00 2624641                    /usr/lib/libc-2.21.so
7f68f28d8000-7f68f28dc000 r--p 00199000 fe:00 2624641                    /usr/lib/libc-2.21.so
7f68f28dc000-7f68f28de000 rw-p 0019d000 fe:00 2624641                    /usr/lib/libc-2.21.so
7f68f28de000-7f68f28e2000 rw-p 00000000 00:00 0 
7f68f28e2000-7f68f28e4000 r-xp 00000000 fe:00 2624682                    /usr/lib/libdl-2.21.so
7f68f28e4000-7f68f2ae4000 ---p 00002000 fe:00 2624682                    /usr/lib/libdl-2.21.so
7f68f2ae4000-7f68f2ae5000 r--p 00002000 fe:00 2624682                    /usr/lib/libdl-2.21.so
7f68f2ae5000-7f68f2ae6000 rw-p 00003000 fe:00 2624682                    /usr/lib/libdl-2.21.so
7f68f2ae6000-7f68f2afb000 r-xp 00000000 fe:00 4460811                    /usr/lib/jvm/java-8-jdk/jre/lib/amd64/jli/libjli.so
7f68f2afb000-7f68f2cfa000 ---p 00015000 fe:00 4460811                    /usr/lib/jvm/java-8-jdk/jre/lib/amd64/jli/libjli.so
7f68f2cfa000-7f68f2cfb000 rw-p 00014000 fe:00 4460811                    /usr/lib/jvm/java-8-jdk/jre/lib/amd64/jli/libjli.so
7f68f2cfb000-7f68f2d13000 r-xp 00000000 fe:00 2624671                    /usr/lib/libpthread-2.21.so
7f68f2d13000-7f68f2f12000 ---p 00018000 fe:00 2624671                    /usr/lib/libpthread-2.21.so
7f68f2f12000-7f68f2f13000 r--p 00017000 fe:00 2624671                    /usr/lib/libpthread-2.21.so
7f68f2f13000-7f68f2f14000 rw-p 00018000 fe:00 2624671                    /usr/lib/libpthread-2.21.so
7f68f2f14000-7f68f2f18000 rw-p 00000000 00:00 0 
7f68f2f18000-7f68f2f3a000 r-xp 00000000 fe:00 2624696                    /usr/lib/ld-2.21.so
7f68f2f3b000-7f68f2f40000 r--s 002f8000 fe:00 3949453                    /usr/lib/jvm/java-8-jdk/jre/lib/charsets.jar
7f68f2f40000-7f68f2fde000 rw-p 00000000 00:00 0 
7f68f2fde000-7f68f2fe1000 ---p 00000000 00:00 0 
7f68f2fe1000-7f68f30e3000 rw-p 00000000 00:00 0                          [stack:3572]
7f68f30e3000-7f68f30e4000 rwxp 00000000 00:00 0 
7f68f30e4000-7f68f30e5000 r--s 00000000 fe:00 3949449                    /usr/lib/jvm/java-8-jdk/jre/lib/management-agent.jar
7f68f30e5000-7f68f312e000 rw-p 00000000 00:00 0 
7f68f312e000-7f68f3136000 rw-s 00000000 00:1e 71705                      /tmp/hsperfdata_beenotung/3570
7f68f3136000-7f68f3137000 rw-p 00000000 00:00 0 
7f68f3137000-7f68f3138000 r--p 00000000 00:00 0 
7f68f3138000-7f68f3139000 rw-p 00000000 00:00 0 
7f68f3139000-7f68f313a000 r--p 00021000 fe:00 2624696                    /usr/lib/ld-2.21.so
7f68f313a000-7f68f313b000 rw-p 00022000 fe:00 2624696                    /usr/lib/ld-2.21.so
7f68f313b000-7f68f313c000 rw-p 00000000 00:00 0 
7fff32684000-7fff326a6000 rw-p 00000000 00:00 0                          [stack]
7fff327e1000-7fff327e3000 r--p 00000000 00:00 0                          [vvar]
7fff327e3000-7fff327e5000 r-xp 00000000 00:00 0                          [vdso]
ffffffffff600000-ffffffffff601000 r-xp 00000000 00:00 0                  [vsyscall]

VM Arguments:
jvm_args: -Djava.library.path=/home/beenotung/git/workspace/hkcc-pacman-robot/lib/lwjgl3/native/linux/x64:/home/beenotung/git/workspace/hkcc-pacman-robot/lib/lwjgl3/native/linux/x86:/home/beenotung/git/workspace/hkcc-pacman-robot/lib/lwjgl3/native/macosx/x64:/home/beenotung/git/workspace/hkcc-pacman-robot/lib/lwjgl3/native/windows/x64:/home/beenotung/git/workspace/hkcc-pacman-robot/lib/lwjgl3/native/windows/x86 -Didea.launcher.port=7532 -Didea.launcher.bin.path=/usr/share/intellijidea-ce/bin -Dfile.encoding=UTF-8 
java_command: com.intellij.rt.execution.application.AppMain edu.hkcc.pacmanrobot.launcher.MiniMapLauncher
java_class_path (initial): /usr/lib/jvm/default/jre/lib/management-agent.jar:/usr/lib/jvm/default/jre/lib/rt.jar:/usr/lib/jvm/default/jre/lib/charsets.jar:/usr/lib/jvm/default/jre/lib/jfxswt.jar:/usr/lib/jvm/default/jre/lib/javaws.jar:/usr/lib/jvm/default/jre/lib/deploy.jar:/usr/lib/jvm/default/jre/lib/resources.jar:/usr/lib/jvm/default/jre/lib/plugin.jar:/usr/lib/jvm/default/jre/lib/jfr.jar:/usr/lib/jvm/default/jre/lib/jsse.jar:/usr/lib/jvm/default/jre/lib/jce.jar:/usr/lib/jvm/default/jre/lib/ext/jfxrt.jar:/usr/lib/jvm/default/jre/lib/ext/sunpkcs11.jar:/usr/lib/jvm/default/jre/lib/ext/nashorn.jar:/usr/lib/jvm/default/jre/lib/ext/sunjce_provider.jar:/usr/lib/jvm/default/jre/lib/ext/cldrdata.jar:/usr/lib/jvm/default/jre/lib/ext/sunec.jar:/usr/lib/jvm/default/jre/lib/ext/dnsns.jar:/usr/lib/jvm/default/jre/lib/ext/localedata.jar:/usr/lib/jvm/default/jre/lib/ext/zipfs.jar:/home/beenotung/git/workspace/hkcc-pacman-robot/target/scala-2.11/classes:/home/beenotung/.ivy2/cache/org.scala-lang/scala-library/jars/scala-library-2.11.6.jar:/home/beenotung/git/workspace/hkcc-pacman-robot/lib/pi4j/junit.jar:/home/beenotung/git/workspace/hkcc-pacman-robot/lib/pi4j/pi4j-core.jar:/home/beenotung/git/workspace/hkcc-pacman-robot/lib/pi4j/pi4j-device.jar:/home/beenotung/git/workspace/hkcc-pacman-robot/lib/pi4j/pi4j-example.jar:/home/beenotung/git/workspace/hkcc-pacman-robot/lib/pi4j/pi4j-service.jar:/home/beenotung/git/workspace/hkcc-pacman-robot/lib/pi4j/pi4j-core-javadoc.jar:/home/beenotung/git/workspace/hkcc-pacman-robot/lib/pi4j/pi4j-core-sources.jar:/home/beenotung/git/workspace/hkcc-pacman-robot/lib/pi4j/pi4j-device-javadoc.jar:/home/beenotung/git/workspace/hkcc-pacman-robot/lib/pi4j/pi4j-device-sources.jar:/home/beenotung/git/workspace/hkcc-pacman-robot/lib/pi4j/pi4j-gpio-extension.jar:/home/beenotung/git/workspace/hkcc-pacman-robot/lib/pi4j/pi4j-example-javadoc.jar:/home/beenotung/git/workspace/hkcc-pacman-robot/lib/pi4j/pi4j-example-sources.jar:/home/beenotung/git/workspace/hk
Launcher Type: SUN_STANDARD

Environment Variables:
PATH=/usr/games:/home/beenotung/bin:/usr/local/sbin:/usr/local/bin:/usr/bin:/opt/android-sdk/tools:/usr/lib/jvm/default/bin:/usr/bin/site_perl:/usr/bin/vendor_perl:/usr/bin/core_perl
USERNAME=beenotung
LD_LIBRARY_PATH=.:
SHELL=/bin/bash
DISPLAY=:1

Signal Handlers:
SIGSEGV: [libjvm.so+0xa79a80], sa_mask[0]=11111111011111111101111111111110, sa_flags=SA_RESTART|SA_SIGINFO
SIGBUS: [libjvm.so+0xa79a80], sa_mask[0]=11111111011111111101111111111110, sa_flags=SA_RESTART|SA_SIGINFO
SIGFPE: [libjvm.so+0x8e24e0], sa_mask[0]=11111111011111111101111111111110, sa_flags=SA_RESTART|SA_SIGINFO
SIGPIPE: [libjvm.so+0x8e24e0], sa_mask[0]=11111111011111111101111111111110, sa_flags=SA_RESTART|SA_SIGINFO
SIGXFSZ: [libjvm.so+0x8e24e0], sa_mask[0]=11111111011111111101111111111110, sa_flags=SA_RESTART|SA_SIGINFO
SIGILL: [libjvm.so+0x8e24e0], sa_mask[0]=11111111011111111101111111111110, sa_flags=SA_RESTART|SA_SIGINFO
SIGUSR1: SIG_DFL, sa_mask[0]=00000000000000000000000000000000, sa_flags=none
SIGUSR2: [libjvm.so+0x8e3d10], sa_mask[0]=00100000000000000000000000000000, sa_flags=SA_RESTART|SA_SIGINFO
SIGHUP: [libjvm.so+0x8e50d0], sa_mask[0]=11111111011111111101111111111110, sa_flags=SA_RESTART|SA_SIGINFO
SIGINT: [libjvm.so+0x8e50d0], sa_mask[0]=11111111011111111101111111111110, sa_flags=SA_RESTART|SA_SIGINFO
SIGTERM: [libjvm.so+0x8e50d0], sa_mask[0]=11111111011111111101111111111110, sa_flags=SA_RESTART|SA_SIGINFO
SIGQUIT: [libjvm.so+0x8e50d0], sa_mask[0]=11111111011111111101111111111110, sa_flags=SA_RESTART|SA_SIGINFO


---------------  S Y S T E M  ---------------

OS:LSB_VERSION=1.4
DISTRIB_ID=Arch
DISTRIB_RELEASE=rolling
DISTRIB_DESCRIPTION="Arch Linux"

uname:Linux 3.19.3-3-ARCH #1 SMP PREEMPT Wed Apr 8 14:10:00 CEST 2015 x86_64
libc:glibc 2.21 NPTL 2.21 
rlimit: STACK 8192k, CORE 0k, NPROC 64015, NOFILE 4096, AS infinity
load average:1.69 1.75 1.25

/proc/meminfo:
MemTotal:       16398448 kB
MemFree:        12086316 kB
MemAvailable:   13428516 kB
Buffers:          168808 kB
Cached:          1278952 kB
SwapCached:            0 kB
Active:          3216432 kB
Inactive:         722088 kB
Active(anon):    2492556 kB
Inactive(anon):     7660 kB
Active(file):     723876 kB
Inactive(file):   714428 kB
Unevictable:         532 kB
Mlocked:             532 kB
SwapTotal:             0 kB
SwapFree:              0 kB
Dirty:              6600 kB
Writeback:             0 kB
AnonPages:       2495536 kB
Mapped:           373116 kB
Shmem:              9468 kB
Slab:             189528 kB
SReclaimable:     145664 kB
SUnreclaim:        43864 kB
KernelStack:       13584 kB
PageTables:        58316 kB
NFS_Unstable:          0 kB
Bounce:                0 kB
WritebackTmp:          0 kB
CommitLimit:     8199224 kB
Committed_AS:    8069048 kB
VmallocTotal:   34359738367 kB
VmallocUsed:      155560 kB
VmallocChunk:   34359579168 kB
HardwareCorrupted:     0 kB
AnonHugePages:    542720 kB
HugePages_Total:       0
HugePages_Free:        0
HugePages_Rsvd:        0
HugePages_Surp:        0
Hugepagesize:       2048 kB
DirectMap4k:      161340 kB
DirectMap2M:    16576512 kB


CPU:total 8 (4 cores per cpu, 2 threads per core) family 6 model 58 stepping 9, cmov, cx8, fxsr, mmx, sse, sse2, sse3, ssse3, sse4.1, sse4.2, popcnt, avx, aes, clmul, erms, ht, tsc, tscinvbit, tscinv

/proc/cpuinfo:
processor	: 0
vendor_id	: GenuineIntel
cpu family	: 6
model		: 58
model name	: Intel(R) Xeon(R) CPU E3-1230 V2 @ 3.30GHz
stepping	: 9
microcode	: 0x12
cpu MHz		: 2897.425
cache size	: 8192 KB
physical id	: 0
siblings	: 8
core id		: 0
cpu cores	: 4
apicid		: 0
initial apicid	: 0
fpu		: yes
fpu_exception	: yes
cpuid level	: 13
wp		: yes
flags		: fpu vme de pse tsc msr pae mce cx8 apic sep mtrr pge mca cmov pat pse36 clflush dts acpi mmx fxsr sse sse2 ss ht tm pbe syscall nx rdtscp lm constant_tsc arch_perfmon pebs bts rep_good nopl xtopology nonstop_tsc aperfmperf eagerfpu pni pclmulqdq dtes64 monitor ds_cpl vmx smx est tm2 ssse3 cx16 xtpr pdcm pcid sse4_1 sse4_2 x2apic popcnt tsc_deadline_timer aes xsave avx f16c rdrand lahf_lm ida arat epb pln pts dtherm tpr_shadow vnmi flexpriority ept vpid fsgsbase smep erms xsaveopt
bugs		:
bogomips	: 6588.75
clflush size	: 64
cache_alignment	: 64
address sizes	: 36 bits physical, 48 bits virtual
power management:

processor	: 1
vendor_id	: GenuineIntel
cpu family	: 6
model		: 58
model name	: Intel(R) Xeon(R) CPU E3-1230 V2 @ 3.30GHz
stepping	: 9
microcode	: 0x12
cpu MHz		: 2713.218
cache size	: 8192 KB
physical id	: 0
siblings	: 8
core id		: 1
cpu cores	: 4
apicid		: 2
initial apicid	: 2
fpu		: yes
fpu_exception	: yes
cpuid level	: 13
wp		: yes
flags		: fpu vme de pse tsc msr pae mce cx8 apic sep mtrr pge mca cmov pat pse36 clflush dts acpi mmx fxsr sse sse2 ss ht tm pbe syscall nx rdtscp lm constant_tsc arch_perfmon pebs bts rep_good nopl xtopology nonstop_tsc aperfmperf eagerfpu pni pclmulqdq dtes64 monitor ds_cpl vmx smx est tm2 ssse3 cx16 xtpr pdcm pcid sse4_1 sse4_2 x2apic popcnt tsc_deadline_timer aes xsave avx f16c rdrand lahf_lm ida arat epb pln pts dtherm tpr_shadow vnmi flexpriority ept vpid fsgsbase smep erms xsaveopt
bugs		:
bogomips	: 6588.75
clflush size	: 64
cache_alignment	: 64
address sizes	: 36 bits physical, 48 bits virtual
power management:

processor	: 2
vendor_id	: GenuineIntel
cpu family	: 6
model		: 58
model name	: Intel(R) Xeon(R) CPU E3-1230 V2 @ 3.30GHz
stepping	: 9
microcode	: 0x12
cpu MHz		: 2812.992
cache size	: 8192 KB
physical id	: 0
siblings	: 8
core id		: 2
cpu cores	: 4
apicid		: 4
initial apicid	: 4
fpu		: yes
fpu_exception	: yes
cpuid level	: 13
wp		: yes
flags		: fpu vme de pse tsc msr pae mce cx8 apic sep mtrr pge mca cmov pat pse36 clflush dts acpi mmx fxsr sse sse2 ss ht tm pbe syscall nx rdtscp lm constant_tsc arch_perfmon pebs bts rep_good nopl xtopology nonstop_tsc aperfmperf eagerfpu pni pclmulqdq dtes64 monitor ds_cpl vmx smx est tm2 ssse3 cx16 xtpr pdcm pcid sse4_1 sse4_2 x2apic popcnt tsc_deadline_timer aes xsave avx f16c rdrand lahf_lm ida arat epb pln pts dtherm tpr_shadow vnmi flexpriority ept vpid fsgsbase smep erms xsaveopt
bugs		:
bogomips	: 6588.75
clflush size	: 64
cache_alignment	: 64
address sizes	: 36 bits physical, 48 bits virtual
power management:

processor	: 3
vendor_id	: GenuineIntel
cpu family	: 6
model		: 58
model name	: Intel(R) Xeon(R) CPU E3-1230 V2 @ 3.30GHz
stepping	: 9
microcode	: 0x12
cpu MHz		: 2959.429
cache size	: 8192 KB
physical id	: 0
siblings	: 8
core id		: 3
cpu cores	: 4
apicid		: 6
initial apicid	: 6
fpu		: yes
fpu_exception	: yes
cpuid level	: 13
wp		: yes
flags		: fpu vme de pse tsc msr pae mce cx8 apic sep mtrr pge mca cmov pat pse36 clflush dts acpi mmx fxsr sse sse2 ss ht tm pbe syscall nx rdtscp lm constant_tsc arch_perfmon pebs bts rep_good nopl xtopology nonstop_tsc aperfmperf eagerfpu pni pclmulqdq dtes64 monitor ds_cpl vmx smx est tm2 ssse3 cx16 xtpr pdcm pcid sse4_1 sse4_2 x2apic popcnt tsc_deadline_timer aes xsave avx f16c rdrand lahf_lm ida arat epb pln pts dtherm tpr_shadow vnmi flexpriority ept vpid fsgsbase smep erms xsaveopt
bugs		:
bogomips	: 6588.75
clflush size	: 64
cache_alignment	: 64
address sizes	: 36 bits physical, 48 bits virtual
power management:

processor	: 4
vendor_id	: GenuineIntel
cpu family	: 6
model		: 58
model name	: Intel(R) Xeon(R) CPU E3-1230 V2 @ 3.30GHz
stepping	: 9
microcode	: 0x12
cpu MHz		: 2525.015
cache size	: 8192 KB
physical id	: 0
siblings	: 8
core id		: 0
cpu cores	: 4
apicid		: 1
initial apicid	: 1
fpu		: yes
fpu_exception	: yes
cpuid level	: 13
wp		: yes
flags		: fpu vme de pse tsc msr pae mce cx8 apic sep mtrr pge mca cmov pat pse36 clflush dts acpi mmx fxsr sse sse2 ss ht tm pbe syscall nx rdtscp lm constant_tsc arch_perfmon pebs bts rep_good nopl xtopology nonstop_tsc aperfmperf eagerfpu pni pclmulqdq dtes64 monitor ds_cpl vmx smx est tm2 ssse3 cx16 xtpr pdcm pcid sse4_1 sse4_2 x2apic popcnt tsc_deadline_timer aes xsave avx f16c rdrand lahf_lm ida arat epb pln pts dtherm tpr_shadow vnmi flexpriority ept vpid fsgsbase smep erms xsaveopt
bugs		:
bogomips	: 6588.75
clflush size	: 64
cache_alignment	: 64
address sizes	: 36 bits physical, 48 bits virtual
power management:

processor	: 5
vendor_id	: GenuineIntel
cpu family	: 6
model		: 58
model name	: Intel(R) Xeon(R) CPU E3-1230 V2 @ 3.30GHz
stepping	: 9
microcode	: 0x12
cpu MHz		: 2752.148
cache size	: 8192 KB
physical id	: 0
siblings	: 8
core id		: 1
cpu cores	: 4
apicid		: 3
initial apicid	: 3
fpu		: yes
fpu_exception	: yes
cpuid level	: 13
wp		: yes
flags		: fpu vme de pse tsc msr pae mce cx8 apic sep mtrr pge mca cmov pat pse36 clflush dts acpi mmx fxsr sse sse2 ss ht tm pbe syscall nx rdtscp lm constant_tsc arch_perfmon pebs bts rep_good nopl xtopology nonstop_tsc aperfmperf eagerfpu pni pclmulqdq dtes64 monitor ds_cpl vmx smx est tm2 ssse3 cx16 xtpr pdcm pcid sse4_1 sse4_2 x2apic popcnt tsc_deadline_timer aes xsave avx f16c rdrand lahf_lm ida arat epb pln pts dtherm tpr_shadow vnmi flexpriority ept vpid fsgsbase smep erms xsaveopt
bugs		:
bogomips	: 6588.75
clflush size	: 64
cache_alignment	: 64
address sizes	: 36 bits physical, 48 bits virtual
power management:

processor	: 6
vendor_id	: GenuineIntel
cpu family	: 6
model		: 58
model name	: Intel(R) Xeon(R) CPU E3-1230 V2 @ 3.30GHz
stepping	: 9
microcode	: 0x12
cpu MHz		: 2091.503
cache size	: 8192 KB
physical id	: 0
siblings	: 8
core id		: 2
cpu cores	: 4
apicid		: 5
initial apicid	: 5
fpu		: yes
fpu_exception	: yes
cpuid level	: 13
wp		: yes
flags		: fpu vme de pse tsc msr pae mce cx8 apic sep mtrr pge mca cmov pat pse36 clflush dts acpi mmx fxsr sse sse2 ss ht tm pbe syscall nx rdtscp lm constant_tsc arch_perfmon pebs bts rep_good nopl xtopology nonstop_tsc aperfmperf eagerfpu pni pclmulqdq dtes64 monitor ds_cpl vmx smx est tm2 ssse3 cx16 xtpr pdcm pcid sse4_1 sse4_2 x2apic popcnt tsc_deadline_timer aes xsave avx f16c rdrand lahf_lm ida arat epb pln pts dtherm tpr_shadow vnmi flexpriority ept vpid fsgsbase smep erms xsaveopt
bugs		:
bogomips	: 6588.75
clflush size	: 64
cache_alignment	: 64
address sizes	: 36 bits physical, 48 bits virtual
power management:

processor	: 7
vendor_id	: GenuineIntel
cpu family	: 6
model		: 58
model name	: Intel(R) Xeon(R) CPU E3-1230 V2 @ 3.30GHz
stepping	: 9
microcode	: 0x12
cpu MHz		: 2738.484
cache size	: 8192 KB
physical id	: 0
siblings	: 8
core id		: 3
cpu cores	: 4
apicid		: 7
initial apicid	: 7
fpu		: yes
fpu_exception	: yes
cpuid level	: 13
wp		: yes
flags		: fpu vme de pse tsc msr pae mce cx8 apic sep mtrr pge mca cmov pat pse36 clflush dts acpi mmx fxsr sse sse2 ss ht tm pbe syscall nx rdtscp lm constant_tsc arch_perfmon pebs bts rep_good nopl xtopology nonstop_tsc aperfmperf eagerfpu pni pclmulqdq dtes64 monitor ds_cpl vmx smx est tm2 ssse3 cx16 xtpr pdcm pcid sse4_1 sse4_2 x2apic popcnt tsc_deadline_timer aes xsave avx f16c rdrand lahf_lm ida arat epb pln pts dtherm tpr_shadow vnmi flexpriority ept vpid fsgsbase smep erms xsaveopt
bugs		:
bogomips	: 6588.75
clflush size	: 64
cache_alignment	: 64
address sizes	: 36 bits physical, 48 bits virtual
power management:



Memory: 4k page, physical 16398448k(12086316k free), swap 0k(0k free)

vm_info: Java HotSpot(TM) 64-Bit Server VM (25.25-b02) for linux-amd64 JRE (1.8.0_25-b17), built on Sep 17 2014 17:32:11 by "java_re" with gcc 4.3.0 20080428 (Red Hat 4.3.0-8)

time: Tue Apr 14 07:26:34 2015
elapsed time: 20 seconds (0d 0h 0m 20s)

