#
# A fatal error has been detected by the Java Runtime Environment:
#
#  SIGSEGV (0xb) at pc=0x00007f5368c2aa2a, pid=31602, tid=139996356007680
#
# JRE version: Java(TM) SE Runtime Environment (8.0_25-b17) (build 1.8.0_25-b17)
# Java VM: Java HotSpot(TM) 64-Bit Server VM (25.25-b02 mixed mode linux-amd64 compressed oops)
# Problematic frame:
# C  [libffi.so.6+0x4a2a]  ffi_closure_free+0x49a
#
# Failed to write core dump. Core dumps have been disabled. To enable core dumping, try "ulimit -c unlimited" before starting Java again
#
# If you would like to submit a bug report, please visit:
#   http://bugreport.sun.com/bugreport/crash.jsp
# The crash happened outside the Java Virtual Machine in native code.
# See problematic frame for where to report the bug.
#

---------------  T H R E A D  ---------------

Current thread (0x00007f53dc289800):  JavaThread "Thread-0" [_thread_in_native, id=31649, stack(0x00007f537101d000,0x00007f537111e000)]

siginfo: si_signo: 11 (SIGSEGV), si_code: 1 (SEGV_MAPERR), si_addr: 0x0000000000000018

Registers:
RAX=0x0000000000000f80, RBX=0x00007f5368e2e2c0, RCX=0x0000000000000000, RDX=0x0000000000000000
RSP=0x00007f537111c750, RBP=0x00007f53e470a038, RSI=0x00007f53e470a070, RDI=0x0000000000000001
R8 =0x0000000000000000, R9 =0x0000000000000000, R10=0x000000000000003c, R11=0x00007f5368c2a590
R12=0x00007f53e470a048, R13=0x00007f53cc5bd938, R14=0x00007f537111c828, R15=0x00007f53dc289800
RIP=0x00007f5368c2aa2a, EFLAGS=0x0000000000010246, CSGSFS=0x0000000000000033, ERR=0x0000000000000006
  TRAPNO=0x000000000000000e

Top of Stack: (sp=0x00007f537111c750)
0x00007f537111c750:   00007f53dc289800 00007f5368366bc0
0x00007f537111c760:   00007f53b53824c0 00007f53dc007440
0x00007f537111c770:   00007f53e470a048 00007f53cc5bd938
0x00007f537111c780:   00007f537111c800 0000000000000000
0x00007f537111c790:   00007f53cc5bd938 00007f537111c828
0x00007f537111c7a0:   00007f53dc289800 00007f53cd0156d4
0x00007f537111c7b0:   00007f53dc289800 00007f53cd015422
0x00007f537111c7c0:   00007f537111c7c0 00007f53cc5bd938
0x00007f537111c7d0:   00007f537111c828 00007f53cc5bdd30
0x00007f537111c7e0:   0000000000000000 00007f53cc5bd938
0x00007f537111c7f0:   0000000000000000 00007f537111c820
0x00007f537111c800:   00007f537111c870 00007f53cd00798d
0x00007f537111c810:   000000076d881488 00007f53cd00f2b8
0x00007f537111c820:   00007f53e470a048 000000076d8dcd90
0x00007f537111c830:   00007f537111c830 00007f53cc43ed0b
0x00007f537111c840:   00007f537111c880 00007f53cc59a5f8
0x00007f537111c850:   0000000000000000 00007f53cc43ed28
0x00007f537111c860:   00007f537111c820 00007f537111c880
0x00007f537111c870:   00007f537111c8c8 00007f53cd00798d
0x00007f537111c880:   000000076d8dcd90 00007f537111c888
0x00007f537111c890:   00007f53cc43f9e6 00007f537111c8d8
0x00007f537111c8a0:   00007f53cc59a480 0000000000000000
0x00007f537111c8b0:   00007f53cc43fa00 00007f537111c880
0x00007f537111c8c0:   00007f537111c8d8 00007f537111c920
0x00007f537111c8d0:   00007f53cd00798d 000000076d8dcd90
0x00007f537111c8e0:   00007f537111c8e0 00007f53cc43cb37
0x00007f537111c8f0:   00007f537111c930 00007f53cc440398
0x00007f537111c900:   0000000000000000 00007f53cc43cb50
0x00007f537111c910:   00007f537111c8d8 00007f537111c930
0x00007f537111c920:   00007f537111c978 00007f53cd00798d
0x00007f537111c930:   000000076cf328a8 00007f537111c938
0x00007f537111c940:   00007f53cc43cbe7 00007f537111c990 

Instructions: (pc=0x00007f5368c2aa2a)
0x00007f5368c2aa0a:   56 18 4c 8b 4e 30 48 39 d6 0f 84 ef 03 00 00 48
0x00007f5368c2aa1a:   8b 4e 10 48 3b 0d b4 38 20 00 0f 82 26 fe ff ff
0x00007f5368c2aa2a:   48 89 51 18 48 89 4a 10 4d 85 c9 0f 84 55 03 00
0x00007f5368c2aa3a:   00 48 8b 4e 38 48 8d 79 4a 48 3b 34 fb 0f 84 b3 

Register to memory mapping:

RAX=0x0000000000000f80 is an unknown value
RBX=0x00007f5368e2e2c0: <offset 0x2082c0> in /usr/lib/libffi.so.6 at 0x00007f5368c26000
RCX=0x0000000000000000 is an unknown value
RDX=0x0000000000000000 is an unknown value
RSP=0x00007f537111c750 is pointing into the stack for thread: 0x00007f53dc289800
RBP=0x00007f53e470a038 is an unknown value
RSI=0x00007f53e470a070 is an unknown value
RDI=0x0000000000000001 is an unknown value
R8 =0x0000000000000000 is an unknown value
R9 =0x0000000000000000 is an unknown value
R10=0x000000000000003c is an unknown value
R11=0x00007f5368c2a590: ffi_closure_free+0 in /usr/lib/libffi.so.6 at 0x00007f5368c26000
R12=0x00007f53e470a048 is an unknown value
R13={method} {0x00007f53cc5bd938} 'nffi_closure_free' '(J)V' in 'org/lwjgl/system/libffi/LibFFI'
R14=0x00007f537111c828 is pointing into the stack for thread: 0x00007f53dc289800
R15=0x00007f53dc289800 is a thread


Stack: [0x00007f537101d000,0x00007f537111e000],  sp=0x00007f537111c750,  free space=1021k
Native frames: (J=compiled Java code, j=interpreted, Vv=VM code, C=native code)
C  [libffi.so.6+0x4a2a]  ffi_closure_free+0x49a

Java frames: (J=compiled Java code, j=interpreted, Vv=VM code)
j  org.lwjgl.system.libffi.LibFFI.nffi_closure_free(J)V+0
j  org.lwjgl.system.libffi.Closure.destroy()V+35
j  org.lwjgl.system.Retainable$Default.release()V+38
j  myutils.gui.opengl.AbstractOpenGLApplication.end()V+7
j  myutils.gui.opengl.AbstractOpenGLApplication.run()V+15
j  edu.hkcc.pacmanrobot.controller.gamecontroller.MiniMap.run()V+27
v  ~StubRoutines::call_stub

---------------  P R O C E S S  ---------------

Java Threads: ( => current thread )
  0x00007f5364032000 JavaThread "Thread-3" [_thread_blocked, id=31660, stack(0x00007f537005d000,0x00007f537015e000)]
  0x00007f5364044000 JavaThread "Thread-2" [_thread_in_native, id=31659, stack(0x00007f536847f000,0x00007f5368580000)]
  0x00007f53dc00a000 JavaThread "DestroyJavaVM" [_thread_blocked, id=31603, stack(0x00007f53e4605000,0x00007f53e4706000)]
=>0x00007f53dc289800 JavaThread "Thread-0" [_thread_in_native, id=31649, stack(0x00007f537101d000,0x00007f537111e000)]
  0x00007f53dc262000 JavaThread "Monitor Ctrl-Break" daemon [_thread_in_native, id=31642, stack(0x00007f53b57f6000,0x00007f53b58f7000)]
  0x00007f53dc0d2000 JavaThread "Service Thread" daemon [_thread_blocked, id=31633, stack(0x00007f53b5c19000,0x00007f53b5d1a000)]
  0x00007f53dc0ba800 JavaThread "C1 CompilerThread3" daemon [_thread_blocked, id=31632, stack(0x00007f53b5d1a000,0x00007f53b5e1b000)]
  0x00007f53dc0b8800 JavaThread "C2 CompilerThread2" daemon [_thread_blocked, id=31631, stack(0x00007f53b5e1b000,0x00007f53b5f1c000)]
  0x00007f53dc0b6800 JavaThread "C2 CompilerThread1" daemon [_thread_blocked, id=31630, stack(0x00007f53b5f1c000,0x00007f53b601d000)]
  0x00007f53dc0b3800 JavaThread "C2 CompilerThread0" daemon [_thread_blocked, id=31629, stack(0x00007f53b601d000,0x00007f53b611e000)]
  0x00007f53dc0b1800 JavaThread "Signal Dispatcher" daemon [_thread_blocked, id=31628, stack(0x00007f53b611e000,0x00007f53b621f000)]
  0x00007f53dc084800 JavaThread "Finalizer" daemon [_thread_blocked, id=31616, stack(0x00007f53b63e4000,0x00007f53b64e5000)]
  0x00007f53dc082800 JavaThread "Reference Handler" daemon [_thread_blocked, id=31614, stack(0x00007f53b64e5000,0x00007f53b65e6000)]

Other Threads:
  0x00007f53dc07b800 VMThread [stack: 0x00007f53b65e6000,0x00007f53b66e7000] [id=31612]
  0x00007f53dc0d4800 WatcherThread [stack: 0x00007f53b5b18000,0x00007f53b5c19000] [id=31634]

VM state:not at safepoint (normal execution)

VM Mutex/Monitor currently owned by a thread: None

Heap:
 PSYoungGen      total 75264K, used 34918K [0x000000076c980000, 0x0000000771d80000, 0x00000007c0000000)
  eden space 64512K, 54% used [0x000000076c980000,0x000000076eb99b78,0x0000000770880000)
  from space 10752K, 0% used [0x0000000771300000,0x0000000771300000,0x0000000771d80000)
  to   space 10752K, 0% used [0x0000000770880000,0x0000000770880000,0x0000000771300000)
 ParOldGen       total 172032K, used 0K [0x00000006c5c00000, 0x00000006d0400000, 0x000000076c980000)
  object space 172032K, 0% used [0x00000006c5c00000,0x00000006c5c00000,0x00000006d0400000)
 Metaspace       used 10392K, capacity 10470K, committed 10624K, reserved 1058816K
  class space    used 1088K, capacity 1113K, committed 1152K, reserved 1048576K

Card table byte_map: [0x00007f53e12de000,0x00007f53e1ab1000] byte_map_base: 0x00007f53ddcb0000

Marking Bits: (ParMarkBitMap*) 0x00007f53e3b3b2c0
 Begin Bits: [0x00007f53a02e0000, 0x00007f53a4170000)
 End Bits:   [0x00007f53a4170000, 0x00007f53a8000000)

Polling page: 0x00007f53e475e000

CodeCache: size=245760Kb used=2643Kb max_used=2654Kb free=243116Kb
 bounds [0x00007f53cd000000, 0x00007f53cd2a0000, 0x00007f53dc000000]
 total_blobs=1073 nmethods=523 adapters=465
 compilation: enabled

Compilation events (10 events):
Event: 6.061 Thread 0x00007f53dc0b3800 nmethod 517 0x00007f53cd295b50 code [0x00007f53cd295ca0, 0x00007f53cd295da8]
Event: 6.061 Thread 0x00007f53dc0ba800 nmethod 520 0x00007f53cd294ad0 code [0x00007f53cd294cc0, 0x00007f53cd295588]
Event: 6.061 Thread 0x00007f53dc0ba800  519       3       sun.reflect.UTF8::utf8Length (81 bytes)
Event: 6.062 Thread 0x00007f53dc0ba800 nmethod 519 0x00007f53cd294050 code [0x00007f53cd294200, 0x00007f53cd294828]
Event: 6.062 Thread 0x00007f53dc0ba800  521       3       java.lang.reflect.AccessibleObject::<init> (5 bytes)
Event: 6.062 Thread 0x00007f53dc0ba800 nmethod 521 0x00007f53cd293c90 code [0x00007f53cd293e00, 0x00007f53cd293fb0]
Event: 6.062 Thread 0x00007f53dc0ba800  522       1       java.net.AbstractPlainSocketImpl::getTimeout (5 bytes)
Event: 6.062 Thread 0x00007f53dc0ba800 nmethod 522 0x00007f53cd2939d0 code [0x00007f53cd293b20, 0x00007f53cd293c30]
Event: 6.063 Thread 0x00007f53dc0b6800  523       4       sun.reflect.ClassFileAssembler::emitByte (11 bytes)
Event: 6.064 Thread 0x00007f53dc0b6800 nmethod 523 0x00007f53cd293210 code [0x00007f53cd293380, 0x00007f53cd2934c8]

GC Heap History (0 events):
No events

Deoptimization events (1 events):
Event: 5.934 Thread 0x00007f53dc289800 Uncommon trap: reason=unreached action=reinterpret pc=0x00007f53cd205194 method=sun.misc.URLClassPath$JarLoader.ensureOpen()V @ 4

Internal exceptions (10 events):
Event: 6.049 Thread 0x00007f5364044000 Exception <a 'java/security/PrivilegedActionException'> (0x000000076e5a3450) thrown at [/HUDSON/workspace/8-2-build-linux-amd64/jdk8u25/1514/hotspot/src/share/vm/prims/jvm.cpp, line 1312]
Event: 6.049 Thread 0x00007f5364044000 Exception <a 'java/security/PrivilegedActionException'> (0x000000076e5a8b90) thrown at [/HUDSON/workspace/8-2-build-linux-amd64/jdk8u25/1514/hotspot/src/share/vm/prims/jvm.cpp, line 1312]
Event: 6.050 Thread 0x00007f5364044000 Exception <a 'java/security/PrivilegedActionException'> (0x000000076e5ad420) thrown at [/HUDSON/workspace/8-2-build-linux-amd64/jdk8u25/1514/hotspot/src/share/vm/prims/jvm.cpp, line 1312]
Event: 6.050 Thread 0x00007f5364044000 Exception <a 'java/security/PrivilegedActionException'> (0x000000076e5d8a78) thrown at [/HUDSON/workspace/8-2-build-linux-amd64/jdk8u25/1514/hotspot/src/share/vm/prims/jvm.cpp, line 1312]
Event: 6.051 Thread 0x00007f5364044000 Exception <a 'java/security/PrivilegedActionException'> (0x000000076e5dd8c8) thrown at [/HUDSON/workspace/8-2-build-linux-amd64/jdk8u25/1514/hotspot/src/share/vm/prims/jvm.cpp, line 1312]
Event: 6.051 Thread 0x00007f5364044000 Exception <a 'java/security/PrivilegedActionException'> (0x000000076e5eb3b8) thrown at [/HUDSON/workspace/8-2-build-linux-amd64/jdk8u25/1514/hotspot/src/share/vm/prims/jvm.cpp, line 1312]
Event: 6.052 Thread 0x00007f5364044000 Exception <a 'java/lang/NoSuchMethodError': <clinit>> (0x000000076e5f2708) thrown at [/HUDSON/workspace/8-2-build-linux-amd64/jdk8u25/1514/hotspot/src/share/vm/prims/jni.cpp, line 1603]
Event: 6.063 Thread 0x00007f5364044000 Exception <a 'java/security/PrivilegedActionException'> (0x000000076e653d68) thrown at [/HUDSON/workspace/8-2-build-linux-amd64/jdk8u25/1514/hotspot/src/share/vm/prims/jvm.cpp, line 1312]
Event: 6.080 Thread 0x00007f53dc289800 Exception <a 'java/security/PrivilegedActionException'> (0x000000076ead34d0) thrown at [/HUDSON/workspace/8-2-build-linux-amd64/jdk8u25/1514/hotspot/src/share/vm/prims/jvm.cpp, line 1312]
Event: 6.080 Thread 0x00007f53dc289800 Exception <a 'java/security/PrivilegedActionException'> (0x000000076ead6e50) thrown at [/HUDSON/workspace/8-2-build-linux-amd64/jdk8u25/1514/hotspot/src/share/vm/prims/jvm.cpp, line 1312]

Events (10 events):
Event: 6.060 loading class java/util/concurrent/locks/ReentrantLock$NonfairSync
Event: 6.060 loading class java/util/concurrent/locks/ReentrantLock$NonfairSync done
Event: 6.061 loading class java/util/concurrent/locks/AbstractQueuedSynchronizer$ConditionObject
Event: 6.061 loading class java/util/concurrent/locks/AbstractQueuedSynchronizer$ConditionObject done
Event: 6.063 loading class edu/hkcc/pacmanrobot/utils/map/ObstacleMap$$anon$1
Event: 6.063 loading class edu/hkcc/pacmanrobot/utils/map/ObstacleMap$$anon$1 done
Event: 6.080 loading class edu/hkcc/pacmanrobot/utils/Utils$
Event: 6.080 loading class edu/hkcc/pacmanrobot/utils/Utils$ done
Event: 6.080 loading class edu/hkcc/pacmanrobot/utils/Point2D
Event: 6.080 loading class edu/hkcc/pacmanrobot/utils/Point2D done


Dynamic libraries:
00400000-00401000 r-xp 00000000 fe:00 3950470                            /usr/lib/jvm/java-8-jdk/jre/bin/java
00600000-00601000 rw-p 00000000 fe:00 3950470                            /usr/lib/jvm/java-8-jdk/jre/bin/java
01b81000-01ba2000 rw-p 00000000 00:00 0                                  [heap]
6c5c00000-6d0400000 rw-p 00000000 00:00 0 
6d0400000-76c980000 ---p 00000000 00:00 0 
76c980000-771d80000 rw-p 00000000 00:00 0 
771d80000-7c0000000 ---p 00000000 00:00 0 
7c0000000-7c0120000 rw-p 00000000 00:00 0 
7c0120000-800000000 ---p 00000000 00:00 0 
7f5358000000-7f5358041000 rw-p 00000000 00:00 0 
7f5358041000-7f535c000000 ---p 00000000 00:00 0 
7f5360000000-7f5360021000 rw-p 00000000 00:00 0 
7f5360021000-7f5364000000 ---p 00000000 00:00 0 
7f5364000000-7f536404e000 rw-p 00000000 00:00 0 
7f536404e000-7f5368000000 ---p 00000000 00:00 0 
7f536827f000-7f53683bf000 rw-p 00000000 00:00 0 
7f53683bf000-7f536847f000 ---p 00000000 00:00 0 
7f536847f000-7f5368482000 ---p 00000000 00:00 0 
7f5368482000-7f5368580000 rw-p 00000000 00:00 0                          [stack:31659]
7f5368580000-7f5368584000 r-xp 00000000 fe:00 2630949                    /usr/lib/libtxc_dxtn.so
7f5368584000-7f5368783000 ---p 00004000 fe:00 2630949                    /usr/lib/libtxc_dxtn.so
7f5368783000-7f5368784000 r--p 00003000 fe:00 2630949                    /usr/lib/libtxc_dxtn.so
7f5368784000-7f5368785000 rw-p 00004000 fe:00 2630949                    /usr/lib/libtxc_dxtn.so
7f5368785000-7f53687e4000 r-xp 00000000 fe:00 2625020                    /usr/lib/libncursesw.so.5.9
7f53687e4000-7f53689e4000 ---p 0005f000 fe:00 2625020                    /usr/lib/libncursesw.so.5.9
7f53689e4000-7f53689e8000 r--p 0005f000 fe:00 2625020                    /usr/lib/libncursesw.so.5.9
7f53689e8000-7f53689ea000 rw-p 00063000 fe:00 2625020                    /usr/lib/libncursesw.so.5.9
7f53689ea000-7f5368a20000 r-xp 00000000 fe:00 2655999                    /usr/lib/libedit.so.0.0.52
7f5368a20000-7f5368c1f000 ---p 00036000 fe:00 2655999                    /usr/lib/libedit.so.0.0.52
7f5368c1f000-7f5368c21000 r--p 00035000 fe:00 2655999                    /usr/lib/libedit.so.0.0.52
7f5368c21000-7f5368c22000 rw-p 00037000 fe:00 2655999                    /usr/lib/libedit.so.0.0.52
7f5368c22000-7f5368c26000 rw-p 00000000 00:00 0 
7f5368c26000-7f5368c2e000 r-xp 00000000 fe:00 2632155                    /usr/lib/libffi.so.6.0.4
7f5368c2e000-7f5368e2d000 ---p 00008000 fe:00 2632155                    /usr/lib/libffi.so.6.0.4
7f5368e2d000-7f5368e2e000 r--p 00007000 fe:00 2632155                    /usr/lib/libffi.so.6.0.4
7f5368e2e000-7f5368e2f000 rw-p 00008000 fe:00 2632155                    /usr/lib/libffi.so.6.0.4
7f5368e2f000-7f5368e44000 r-xp 00000000 fe:00 2627701                    /usr/lib/libz.so.1.2.8
7f5368e44000-7f5369043000 ---p 00015000 fe:00 2627701                    /usr/lib/libz.so.1.2.8
7f5369043000-7f5369044000 r--p 00014000 fe:00 2627701                    /usr/lib/libz.so.1.2.8
7f5369044000-7f5369045000 rw-p 00015000 fe:00 2627701                    /usr/lib/libz.so.1.2.8
7f5369045000-7f536904d000 r-xp 00000000 fe:00 2645324                    /usr/lib/libpciaccess.so.0.11.1
7f536904d000-7f536924d000 ---p 00008000 fe:00 2645324                    /usr/lib/libpciaccess.so.0.11.1
7f536924d000-7f536924e000 r--p 00008000 fe:00 2645324                    /usr/lib/libpciaccess.so.0.11.1
7f536924e000-7f536924f000 rw-p 00009000 fe:00 2645324                    /usr/lib/libpciaccess.so.0.11.1
7f536924f000-7f5369265000 r-xp 00000000 fe:00 2624967                    /usr/lib/libgcc_s.so.1
7f5369265000-7f5369464000 ---p 00016000 fe:00 2624967                    /usr/lib/libgcc_s.so.1
7f5369464000-7f5369465000 rw-p 00015000 fe:00 2624967                    /usr/lib/libgcc_s.so.1
7f5369465000-7f5369555000 r-xp 00000000 fe:00 2624974                    /usr/lib/libstdc++.so.6.0.20
7f5369555000-7f5369755000 ---p 000f0000 fe:00 2624974                    /usr/lib/libstdc++.so.6.0.20
7f5369755000-7f536975d000 r--p 000f0000 fe:00 2624974                    /usr/lib/libstdc++.so.6.0.20
7f536975d000-7f536975f000 rw-p 000f8000 fe:00 2624974                    /usr/lib/libstdc++.so.6.0.20
7f536975f000-7f5369774000 rw-p 00000000 00:00 0 
7f5369774000-7f536b56e000 r-xp 00000000 fe:00 2689109                    /usr/lib/libLLVM-3.6.so
7f536b56e000-7f536b76d000 ---p 01dfa000 fe:00 2689109                    /usr/lib/libLLVM-3.6.so
7f536b76d000-7f536b989000 r--p 01df9000 fe:00 2689109                    /usr/lib/libLLVM-3.6.so
7f536b989000-7f536b9a3000 rw-p 02015000 fe:00 2689109                    /usr/lib/libLLVM-3.6.so
7f536b9a3000-7f536b9b9000 rw-p 00000000 00:00 0 
7f536b9b9000-7f536b9ce000 r-xp 00000000 fe:00 2645555                    /usr/lib/libelf-0.161.so
7f536b9ce000-7f536bbce000 ---p 00015000 fe:00 2645555                    /usr/lib/libelf-0.161.so
7f536bbce000-7f536bbd0000 r--p 00015000 fe:00 2645555                    /usr/lib/libelf-0.161.so
7f536bbd0000-7f536bbd1000 rw-p 00017000 fe:00 2645555                    /usr/lib/libelf-0.161.so
7f536bbd1000-7f536bbdd000 r-xp 00000000 fe:00 2645372                    /usr/lib/libdrm_radeon.so.1.0.1
7f536bbdd000-7f536bddc000 ---p 0000c000 fe:00 2645372                    /usr/lib/libdrm_radeon.so.1.0.1
7f536bddc000-7f536bddd000 r--p 0000b000 fe:00 2645372                    /usr/lib/libdrm_radeon.so.1.0.1
7f536bddd000-7f536bdde000 rw-p 0000c000 fe:00 2645372                    /usr/lib/libdrm_radeon.so.1.0.1
7f536bdde000-7f536bdff000 r-xp 00000000 fe:00 2645370                    /usr/lib/libdrm_intel.so.1.0.0
7f536bdff000-7f536bffe000 ---p 00021000 fe:00 2645370                    /usr/lib/libdrm_intel.so.1.0.0
7f536bffe000-7f536bfff000 r--p 00020000 fe:00 2645370                    /usr/lib/libdrm_intel.so.1.0.0
7f536bfff000-7f536c000000 rw-p 00021000 fe:00 2645370                    /usr/lib/libdrm_intel.so.1.0.0
7f536c000000-7f536c313000 rw-p 00000000 00:00 0 
7f536c313000-7f5370000000 ---p 00000000 00:00 0 
7f537005d000-7f5370060000 ---p 00000000 00:00 0 
7f5370060000-7f537015e000 rw-p 00000000 00:00 0                          [stack:31660]
7f537015e000-7f5370164000 r-xp 00000000 fe:00 2645371                    /usr/lib/libdrm_nouveau.so.2.0.0
7f5370164000-7f5370363000 ---p 00006000 fe:00 2645371                    /usr/lib/libdrm_nouveau.so.2.0.0
7f5370363000-7f5370364000 r--p 00005000 fe:00 2645371                    /usr/lib/libdrm_nouveau.so.2.0.0
7f5370364000-7f5370365000 rw-p 00006000 fe:00 2645371                    /usr/lib/libdrm_nouveau.so.2.0.0
7f5370365000-7f5370ad5000 r-xp 00000000 fe:00 3301865                    /usr/lib/xorg/modules/dri/nouveau_dri.so
7f5370ad5000-7f5370cd4000 ---p 00770000 fe:00 3301865                    /usr/lib/xorg/modules/dri/nouveau_dri.so
7f5370cd4000-7f5370d2b000 r--p 0076f000 fe:00 3301865                    /usr/lib/xorg/modules/dri/nouveau_dri.so
7f5370d2b000-7f5370d37000 rw-p 007c6000 fe:00 3301865                    /usr/lib/xorg/modules/dri/nouveau_dri.so
7f5370d37000-7f5370f1c000 rw-p 00000000 00:00 0 
7f5370f1c000-7f5370f1f000 ---p 00000000 00:00 0 
7f5370f1f000-7f537101d000 rw-p 00000000 00:00 0 
7f537101d000-7f5371020000 ---p 00000000 00:00 0 
7f5371020000-7f537111e000 rw-p 00000000 00:00 0                          [stack:31649]
7f537111e000-7f5371122000 r-xp 00000000 fe:00 2631613                    /usr/lib/libattr.so.1.1.0
7f5371122000-7f5371321000 ---p 00004000 fe:00 2631613                    /usr/lib/libattr.so.1.1.0
7f5371321000-7f5371322000 r--p 00003000 fe:00 2631613                    /usr/lib/libattr.so.1.1.0
7f5371322000-7f5371323000 rw-p 00004000 fe:00 2631613                    /usr/lib/libattr.so.1.1.0
7f5371323000-7f5371327000 r-xp 00000000 fe:00 2631742                    /usr/lib/libcap.so.2.24
7f5371327000-7f5371526000 ---p 00004000 fe:00 2631742                    /usr/lib/libcap.so.2.24
7f5371526000-7f5371527000 rw-p 00003000 fe:00 2631742                    /usr/lib/libcap.so.2.24
7f5371527000-7f537153b000 r-xp 00000000 fe:00 2624622                    /usr/lib/libresolv-2.21.so
7f537153b000-7f537173a000 ---p 00014000 fe:00 2624622                    /usr/lib/libresolv-2.21.so
7f537173a000-7f537173b000 r--p 00013000 fe:00 2624622                    /usr/lib/libresolv-2.21.so
7f537173b000-7f537173c000 rw-p 00014000 fe:00 2624622                    /usr/lib/libresolv-2.21.so
7f537173c000-7f537173e000 rw-p 00000000 00:00 0 
7f537173e000-7f5371743000 r-xp 00000000 fe:00 2624684                    /usr/lib/libnss_dns-2.21.so
7f5371743000-7f5371942000 ---p 00005000 fe:00 2624684                    /usr/lib/libnss_dns-2.21.so
7f5371942000-7f5371943000 r--p 00004000 fe:00 2624684                    /usr/lib/libnss_dns-2.21.so
7f5371943000-7f5371944000 rw-p 00005000 fe:00 2624684                    /usr/lib/libnss_dns-2.21.so
7f5371944000-7f5371949000 r-xp 00000000 fe:00 2627693                    /usr/lib/libXdmcp.so.6.0.0
7f5371949000-7f5371b48000 ---p 00005000 fe:00 2627693                    /usr/lib/libXdmcp.so.6.0.0
7f5371b48000-7f5371b49000 r--p 00004000 fe:00 2627693                    /usr/lib/libXdmcp.so.6.0.0
7f5371b49000-7f5371b4a000 rw-p 00005000 fe:00 2627693                    /usr/lib/libXdmcp.so.6.0.0
7f5371b4a000-7f5371b4c000 r-xp 00000000 fe:00 2640834                    /usr/lib/libXau.so.6.0.0
7f5371b4c000-7f5371d4c000 ---p 00002000 fe:00 2640834                    /usr/lib/libXau.so.6.0.0
7f5371d4c000-7f5371d4d000 r--p 00002000 fe:00 2640834                    /usr/lib/libXau.so.6.0.0
7f5371d4d000-7f5371d4e000 rw-p 00003000 fe:00 2640834                    /usr/lib/libXau.so.6.0.0
7f5371d4e000-7f5371d57000 r-xp 00000000 fe:00 2645497                    /usr/lib/libXrender.so.1.3.0
7f5371d57000-7f5371f56000 ---p 00009000 fe:00 2645497                    /usr/lib/libXrender.so.1.3.0
7f5371f56000-7f5371f57000 r--p 00008000 fe:00 2645497                    /usr/lib/libXrender.so.1.3.0
7f5371f57000-7f5371f58000 rw-p 00009000 fe:00 2645497                    /usr/lib/libXrender.so.1.3.0
7f5371f58000-7f5371f64000 r-xp 00000000 fe:00 2645368                    /usr/lib/libdrm.so.2.4.0
7f5371f64000-7f5372163000 ---p 0000c000 fe:00 2645368                    /usr/lib/libdrm.so.2.4.0
7f5372163000-7f5372164000 r--p 0000b000 fe:00 2645368                    /usr/lib/libdrm.so.2.4.0
7f5372164000-7f5372165000 rw-p 0000c000 fe:00 2645368                    /usr/lib/libdrm.so.2.4.0
7f5372165000-7f5372166000 r-xp 00000000 fe:00 2645518                    /usr/lib/libxshmfence.so.1.0.0
7f5372166000-7f5372366000 ---p 00001000 fe:00 2645518                    /usr/lib/libxshmfence.so.1.0.0
7f5372366000-7f5372367000 r--p 00001000 fe:00 2645518                    /usr/lib/libxshmfence.so.1.0.0
7f5372367000-7f5372368000 rw-p 00002000 fe:00 2645518                    /usr/lib/libxshmfence.so.1.0.0
7f5372368000-7f537236d000 r-xp 00000000 fe:00 2643171                    /usr/lib/libxcb-sync.so.1.0.0
7f537236d000-7f537256d000 ---p 00005000 fe:00 2643171                    /usr/lib/libxcb-sync.so.1.0.0
7f537256d000-7f537256e000 r--p 00005000 fe:00 2643171                    /usr/lib/libxcb-sync.so.1.0.0
7f537256e000-7f537256f000 rw-p 00006000 fe:00 2643171                    /usr/lib/libxcb-sync.so.1.0.0
7f537256f000-7f5372572000 r-xp 00000000 fe:00 2643140                    /usr/lib/libxcb-shape.so.0.0.0
7f5372572000-7f5372771000 ---p 00003000 fe:00 2643140                    /usr/lib/libxcb-shape.so.0.0.0
7f5372771000-7f5372772000 r--p 00002000 fe:00 2643140                    /usr/lib/libxcb-shape.so.0.0.0
7f5372772000-7f5372773000 rw-p 00003000 fe:00 2643140                    /usr/lib/libxcb-shape.so.0.0.0
7f5372773000-7f537277c000 r-xp 00000000 fe:00 2643125                    /usr/lib/libxcb-render.so.0.0.0
7f537277c000-7f537297b000 ---p 00009000 fe:00 2643125                    /usr/lib/libxcb-render.so.0.0.0
7f537297b000-7f537297c000 r--p 00008000 fe:00 2643125                    /usr/lib/libxcb-render.so.0.0.0
7f537297c000-7f537297d000 rw-p 00009000 fe:00 2643125                    /usr/lib/libxcb-render.so.0.0.0
7f537297d000-7f5372983000 r-xp 00000000 fe:00 2643122                    /usr/lib/libxcb-xfixes.so.0.0.0
7f5372983000-7f5372b83000 ---p 00006000 fe:00 2643122                    /usr/lib/libxcb-xfixes.so.0.0.0
7f5372b83000-7f5372b84000 r--p 00006000 fe:00 2643122                    /usr/lib/libxcb-xfixes.so.0.0.0
7f5372b84000-7f5372b85000 rw-p 00007000 fe:00 2643122                    /usr/lib/libxcb-xfixes.so.0.0.0
7f5372b85000-7f5372b92000 r-xp 00000000 fe:00 2643179                    /usr/lib/libxcb-randr.so.0.1.0
7f5372b92000-7f5372d91000 ---p 0000d000 fe:00 2643179                    /usr/lib/libxcb-randr.so.0.1.0
7f5372d91000-7f5372d92000 r--p 0000c000 fe:00 2643179                    /usr/lib/libxcb-randr.so.0.1.0
7f5372d92000-7f5372d93000 rw-p 0000d000 fe:00 2643179                    /usr/lib/libxcb-randr.so.0.1.0
7f5372d93000-7f5372d95000 r-xp 00000000 fe:00 2643158                    /usr/lib/libxcb-present.so.0.0.0
7f5372d95000-7f5372f94000 ---p 00002000 fe:00 2643158                    /usr/lib/libxcb-present.so.0.0.0
7f5372f94000-7f5372f95000 r--p 00001000 fe:00 2643158                    /usr/lib/libxcb-present.so.0.0.0
7f5372f95000-7f5372f96000 rw-p 00002000 fe:00 2643158                    /usr/lib/libxcb-present.so.0.0.0
7f5372f96000-7f5372f98000 r-xp 00000000 fe:00 2643130                    /usr/lib/libxcb-dri3.so.0.0.0
7f5372f98000-7f5373197000 ---p 00002000 fe:00 2643130                    /usr/lib/libxcb-dri3.so.0.0.0
7f5373197000-7f5373198000 r--p 00001000 fe:00 2643130                    /usr/lib/libxcb-dri3.so.0.0.0
7f5373198000-7f5373199000 rw-p 00002000 fe:00 2643130                    /usr/lib/libxcb-dri3.so.0.0.0
7f5373199000-7f537319d000 r-xp 00000000 fe:00 2643155                    /usr/lib/libxcb-dri2.so.0.0.0
7f537319d000-7f537339c000 ---p 00004000 fe:00 2643155                    /usr/lib/libxcb-dri2.so.0.0.0
7f537339c000-7f537339d000 r--p 00003000 fe:00 2643155                    /usr/lib/libxcb-dri2.so.0.0.0
7f537339d000-7f537339e000 rw-p 00004000 fe:00 2643155                    /usr/lib/libxcb-dri2.so.0.0.0
7f537339e000-7f53733b5000 r-xp 00000000 fe:00 2643129                    /usr/lib/libxcb-glx.so.0.0.0
7f53733b5000-7f53735b5000 ---p 00017000 fe:00 2643129                    /usr/lib/libxcb-glx.so.0.0.0
7f53735b5000-7f53735b7000 r--p 00017000 fe:00 2643129                    /usr/lib/libxcb-glx.so.0.0.0
7f53735b7000-7f53735b8000 rw-p 00019000 fe:00 2643129                    /usr/lib/libxcb-glx.so.0.0.0
7f53735b8000-7f53735b9000 r-xp 00000000 fe:00 2643225                    /usr/lib/libX11-xcb.so.1.0.0
7f53735b9000-7f53737b8000 ---p 00001000 fe:00 2643225                    /usr/lib/libX11-xcb.so.1.0.0
7f53737b8000-7f53737b9000 r--p 00000000 fe:00 2643225                    /usr/lib/libX11-xcb.so.1.0.0
7f53737b9000-7f53737ba000 rw-p 00001000 fe:00 2643225                    /usr/lib/libX11-xcb.so.1.0.0
7f53737ba000-7f53737bf000 r-xp 00000000 fe:00 2644195                    /usr/lib/libXfixes.so.3.1.0
7f53737bf000-7f53739be000 ---p 00005000 fe:00 2644195                    /usr/lib/libXfixes.so.3.1.0
7f53739be000-7f53739bf000 r--p 00004000 fe:00 2644195                    /usr/lib/libXfixes.so.3.1.0
7f53739bf000-7f53739c0000 rw-p 00005000 fe:00 2644195                    /usr/lib/libXfixes.so.3.1.0
7f53739c0000-7f53739c2000 r-xp 00000000 fe:00 2645591                    /usr/lib/libXdamage.so.1.1.0
7f53739c2000-7f5373bc1000 ---p 00002000 fe:00 2645591                    /usr/lib/libXdamage.so.1.1.0
7f5373bc1000-7f5373bc2000 r--p 00001000 fe:00 2645591                    /usr/lib/libXdamage.so.1.1.0
7f5373bc2000-7f5373bc3000 rw-p 00002000 fe:00 2645591                    /usr/lib/libXdamage.so.1.1.0
7f5373bc3000-7f5373bd4000 r-xp 00000000 fe:00 2644111                    /usr/lib/libXext.so.6.4.0
7f5373bd4000-7f5373dd3000 ---p 00011000 fe:00 2644111                    /usr/lib/libXext.so.6.4.0
7f5373dd3000-7f5373dd4000 r--p 00010000 fe:00 2644111                    /usr/lib/libXext.so.6.4.0
7f5373dd4000-7f5373dd5000 rw-p 00011000 fe:00 2644111                    /usr/lib/libXext.so.6.4.0
7f5373dd5000-7f5373dfb000 r-xp 00000000 fe:00 2649644                    /usr/lib/libglapi.so.0.0.0
7f5373dfb000-7f5373ffb000 ---p 00026000 fe:00 2649644                    /usr/lib/libglapi.so.0.0.0
7f5373ffb000-7f5373ffe000 r--p 00026000 fe:00 2649644                    /usr/lib/libglapi.so.0.0.0
7f5373ffe000-7f5373fff000 rw-p 00029000 fe:00 2649644                    /usr/lib/libglapi.so.0.0.0
7f5373fff000-7f5374000000 rw-p 00000000 00:00 0 
7f5374000000-7f5374021000 rw-p 00000000 00:00 0 
7f5374021000-7f5378000000 ---p 00000000 00:00 0 
7f5378000000-7f5378068000 rw-p 00000000 00:00 0 
7f5378068000-7f537c000000 ---p 00000000 00:00 0 
7f537c000000-7f537c1dd000 rw-p 00000000 00:00 0 
7f537c1dd000-7f5380000000 ---p 00000000 00:00 0 
7f5380000000-7f5380021000 rw-p 00000000 00:00 0 
7f5380021000-7f5384000000 ---p 00000000 00:00 0 
7f5384000000-7f538416c000 rw-p 00000000 00:00 0 
7f538416c000-7f5388000000 ---p 00000000 00:00 0 
7f5388000000-7f53881fc000 rw-p 00000000 00:00 0 
7f53881fc000-7f538c000000 ---p 00000000 00:00 0 
7f538c000000-7f538c021000 rw-p 00000000 00:00 0 
7f538c021000-7f5390000000 ---p 00000000 00:00 0 
7f5390000000-7f539028d000 rw-p 00000000 00:00 0 
7f539028d000-7f5394000000 ---p 00000000 00:00 0 
7f5394000000-7f5394021000 rw-p 00000000 00:00 0 
7f5394021000-7f5398000000 ---p 00000000 00:00 0 
7f5398000000-7f5398021000 rw-p 00000000 00:00 0 
7f5398021000-7f539c000000 ---p 00000000 00:00 0 
7f539c000000-7f539c021000 rw-p 00000000 00:00 0 
7f539c021000-7f53a0000000 ---p 00000000 00:00 0 
7f53a00b6000-7f53a00dd000 r-xp 00000000 fe:00 2631998                    /usr/lib/libexpat.so.1.6.0
7f53a00dd000-7f53a02dc000 ---p 00027000 fe:00 2631998                    /usr/lib/libexpat.so.1.6.0
7f53a02dc000-7f53a02df000 r--p 00026000 fe:00 2631998                    /usr/lib/libexpat.so.1.6.0
7f53a02df000-7f53a02e0000 rw-p 00029000 fe:00 2631998                    /usr/lib/libexpat.so.1.6.0
7f53a02e0000-7f53a8000000 rw-p 00000000 00:00 0 
7f53a8000000-7f53a8021000 rw-p 00000000 00:00 0 
7f53a8021000-7f53ac000000 ---p 00000000 00:00 0 
7f53ac000000-7f53ac021000 rw-p 00000000 00:00 0 
7f53ac021000-7f53b0000000 ---p 00000000 00:00 0 
7f53b0000000-7f53b0021000 rw-p 00000000 00:00 0 
7f53b0021000-7f53b4000000 ---p 00000000 00:00 0 
7f53b4094000-7f53b40a4000 r-xp 00000000 fe:00 2655815                    /usr/lib/libudev.so.1.6.2
7f53b40a4000-7f53b40a5000 r--p 0000f000 fe:00 2655815                    /usr/lib/libudev.so.1.6.2
7f53b40a5000-7f53b40a6000 rw-p 00010000 fe:00 2655815                    /usr/lib/libudev.so.1.6.2
7f53b40a6000-7f53b40b2000 r-xp 00000000 fe:00 2633439                    /usr/lib/libnss_myhostname.so.2
7f53b40b2000-7f53b40b3000 ---p 0000c000 fe:00 2633439                    /usr/lib/libnss_myhostname.so.2
7f53b40b3000-7f53b40b5000 r--p 0000c000 fe:00 2633439                    /usr/lib/libnss_myhostname.so.2
7f53b40b5000-7f53b40b6000 rw-p 0000e000 fe:00 2633439                    /usr/lib/libnss_myhostname.so.2
7f53b40b6000-7f53b40d7000 r-xp 00000000 fe:00 2643143                    /usr/lib/libxcb.so.1.1.0
7f53b40d7000-7f53b42d6000 ---p 00021000 fe:00 2643143                    /usr/lib/libxcb.so.1.1.0
7f53b42d6000-7f53b42d7000 r--p 00020000 fe:00 2643143                    /usr/lib/libxcb.so.1.1.0
7f53b42d7000-7f53b42d8000 rw-p 00021000 fe:00 2643143                    /usr/lib/libxcb.so.1.1.0
7f53b42d8000-7f53b42e2000 r-xp 00000000 fe:00 2645985                    /usr/lib/libXcursor.so.1.0.2
7f53b42e2000-7f53b44e1000 ---p 0000a000 fe:00 2645985                    /usr/lib/libXcursor.so.1.0.2
7f53b44e1000-7f53b44e2000 r--p 00009000 fe:00 2645985                    /usr/lib/libXcursor.so.1.0.2
7f53b44e2000-7f53b44e3000 rw-p 0000a000 fe:00 2645985                    /usr/lib/libXcursor.so.1.0.2
7f53b44e3000-7f53b44e5000 r-xp 00000000 fe:00 2645987                    /usr/lib/libXinerama.so.1.0.0
7f53b44e5000-7f53b46e4000 ---p 00002000 fe:00 2645987                    /usr/lib/libXinerama.so.1.0.0
7f53b46e4000-7f53b46e5000 r--p 00001000 fe:00 2645987                    /usr/lib/libXinerama.so.1.0.0
7f53b46e5000-7f53b46e6000 rw-p 00002000 fe:00 2645987                    /usr/lib/libXinerama.so.1.0.0
7f53b46e6000-7f53b46eb000 r-xp 00000000 fe:00 2645576                    /usr/lib/libXxf86vm.so.1.0.0
7f53b46eb000-7f53b48ea000 ---p 00005000 fe:00 2645576                    /usr/lib/libXxf86vm.so.1.0.0
7f53b48ea000-7f53b48eb000 r--p 00004000 fe:00 2645576                    /usr/lib/libXxf86vm.so.1.0.0
7f53b48eb000-7f53b48ec000 rw-p 00005000 fe:00 2645576                    /usr/lib/libXxf86vm.so.1.0.0
7f53b48ec000-7f53b48f5000 r-xp 00000000 fe:00 2645997                    /usr/lib/libXrandr.so.2.2.0
7f53b48f5000-7f53b4af4000 ---p 00009000 fe:00 2645997                    /usr/lib/libXrandr.so.2.2.0
7f53b4af4000-7f53b4af5000 r--p 00008000 fe:00 2645997                    /usr/lib/libXrandr.so.2.2.0
7f53b4af5000-7f53b4af6000 rw-p 00009000 fe:00 2645997                    /usr/lib/libXrandr.so.2.2.0
7f53b4af6000-7f53b4b05000 r-xp 00000000 fe:00 2644191                    /usr/lib/libXi.so.6.1.0
7f53b4b05000-7f53b4d05000 ---p 0000f000 fe:00 2644191                    /usr/lib/libXi.so.6.1.0
7f53b4d05000-7f53b4d06000 r--p 0000f000 fe:00 2644191                    /usr/lib/libXi.so.6.1.0
7f53b4d06000-7f53b4d07000 rw-p 00010000 fe:00 2644191                    /usr/lib/libXi.so.6.1.0
7f53b4d07000-7f53b4d9f000 r-xp 00000000 fe:00 3297220                    /usr/lib/mesa/libGL.so.1.2.0
7f53b4d9f000-7f53b4f9e000 ---p 00098000 fe:00 3297220                    /usr/lib/mesa/libGL.so.1.2.0
7f53b4f9e000-7f53b4fa1000 r--p 00097000 fe:00 3297220                    /usr/lib/mesa/libGL.so.1.2.0
7f53b4fa1000-7f53b4fa2000 rw-p 0009a000 fe:00 3297220                    /usr/lib/mesa/libGL.so.1.2.0
7f53b4fa2000-7f53b4fa3000 rw-p 00000000 00:00 0 
7f53b4fa3000-7f53b50de000 r-xp 00000000 fe:00 2643224                    /usr/lib/libX11.so.6.3.0
7f53b50de000-7f53b52dd000 ---p 0013b000 fe:00 2643224                    /usr/lib/libX11.so.6.3.0
7f53b52dd000-7f53b52df000 r--p 0013a000 fe:00 2643224                    /usr/lib/libX11.so.6.3.0
7f53b52df000-7f53b52e4000 rw-p 0013c000 fe:00 2643224                    /usr/lib/libX11.so.6.3.0
7f53b52e4000-7f53b52e5000 rw-p 00000000 00:00 0 
7f53b5310000-7f53b5314000 r--s 00093000 fe:00 3949442                    /usr/lib/jvm/java-8-jdk/jre/lib/jsse.jar
7f53b5314000-7f53b531e000 r--s 00116000 fe:00 3949472                    /usr/lib/jvm/java-8-jdk/jre/lib/ext/localedata.jar
7f53b531e000-7f53b533a000 r--s 00393000 fe:00 3949466                    /usr/lib/jvm/java-8-jdk/jre/lib/ext/cldrdata.jar
7f53b533a000-7f53b53ac000 r-xp 00000000 fe:02 41551762                   /home/beenotung/git/workspace/hkcc-pacman-robot/lib/lwjgl3/native/linux/x64/liblwjgl.so
7f53b53ac000-7f53b55ab000 ---p 00072000 fe:02 41551762                   /home/beenotung/git/workspace/hkcc-pacman-robot/lib/lwjgl3/native/linux/x64/liblwjgl.so
7f53b55ab000-7f53b55ac000 r--p 00071000 fe:02 41551762                   /home/beenotung/git/workspace/hkcc-pacman-robot/lib/lwjgl3/native/linux/x64/liblwjgl.so
7f53b55ac000-7f53b55ad000 rw-p 00072000 fe:02 41551762                   /home/beenotung/git/workspace/hkcc-pacman-robot/lib/lwjgl3/native/linux/x64/liblwjgl.so
7f53b55ad000-7f53b55df000 rw-p 00000000 00:00 0 
7f53b55df000-7f53b55f5000 r-xp 00000000 fe:00 4072527                    /usr/lib/jvm/java-8-jdk/jre/lib/amd64/libnet.so
7f53b55f5000-7f53b57f5000 ---p 00016000 fe:00 4072527                    /usr/lib/jvm/java-8-jdk/jre/lib/amd64/libnet.so
7f53b57f5000-7f53b57f6000 rw-p 00016000 fe:00 4072527                    /usr/lib/jvm/java-8-jdk/jre/lib/amd64/libnet.so
7f53b57f6000-7f53b57f9000 ---p 00000000 00:00 0 
7f53b57f9000-7f53b58f7000 rw-p 00000000 00:00 0                          [stack:31642]
7f53b58f7000-7f53b58f9000 r--s 00016000 fe:00 3939981                    /usr/share/intellijidea-ce/lib/idea_rt.jar
7f53b58f9000-7f53b58fc000 r--s 00011000 fe:02 41551757                   /home/beenotung/git/workspace/hkcc-pacman-robot/lib/lwjgl3/jar/disruptor.jar
7f53b58fc000-7f53b590b000 r--s 0012b000 fe:02 41551758                   /home/beenotung/git/workspace/hkcc-pacman-robot/lib/lwjgl3/jar/lwjgl.jar
7f53b590b000-7f53b59b3000 r--s 0090a000 fe:02 41551950                   /home/beenotung/git/workspace/hkcc-pacman-robot/lib/NeuroEvolution/NeuroEvolution.jar
7f53b59b3000-7f53b5a37000 r--s 00826000 fe:02 41682275                   /home/beenotung/git/workspace/hkcc-pacman-robot/lib/myutils/myutils.jar
7f53b5a37000-7f53b5a39000 r--s 0000f000 fe:02 41681194                   /home/beenotung/git/workspace/hkcc-pacman-robot/lib/pi4j/pi4j-gpio-extension-sources.jar
7f53b5a39000-7f53b5a3c000 r--s 00032000 fe:02 41681193                   /home/beenotung/git/workspace/hkcc-pacman-robot/lib/pi4j/pi4j-gpio-extension-javadoc.jar
7f53b5a3c000-7f53b5a3e000 r--s 00003000 fe:02 41681197                   /home/beenotung/git/workspace/hkcc-pacman-robot/lib/pi4j/pi4j-service-sources.jar
7f53b5a3e000-7f53b5a40000 r--s 00012000 fe:02 41681196                   /home/beenotung/git/workspace/hkcc-pacman-robot/lib/pi4j/pi4j-service-javadoc.jar
7f53b5a40000-7f53b5a42000 r--s 00013000 fe:02 41681191                   /home/beenotung/git/workspace/hkcc-pacman-robot/lib/pi4j/pi4j-example-sources.jar
7f53b5a42000-7f53b5a45000 r--s 00031000 fe:02 41681190                   /home/beenotung/git/workspace/hkcc-pacman-robot/lib/pi4j/pi4j-example-javadoc.jar
7f53b5a45000-7f53b5a47000 r--s 00011000 fe:02 41681195                   /home/beenotung/git/workspace/hkcc-pacman-robot/lib/pi4j/pi4j-gpio-extension.jar
7f53b5a47000-7f53b5a4d000 r--s 00033000 fe:02 41681186                   /home/beenotung/git/workspace/hkcc-pacman-robot/lib/pi4j/pi4j-device-sources.jar
7f53b5a4d000-7f53b5a5d000 r--s 00124000 fe:02 41681185                   /home/beenotung/git/workspace/hkcc-pacman-robot/lib/pi4j/pi4j-device-javadoc.jar
7f53b5a5d000-7f53b5a62000 r--s 00038000 fe:02 41681183                   /home/beenotung/git/workspace/hkcc-pacman-robot/lib/pi4j/pi4j-core-sources.jar
7f53b5a62000-7f53b5a6c000 r--s 000d6000 fe:02 41681182                   /home/beenotung/git/workspace/hkcc-pacman-robot/lib/pi4j/pi4j-core-javadoc.jar
7f53b5a6c000-7f53b5a6e000 r--s 00003000 fe:02 41681198                   /home/beenotung/git/workspace/hkcc-pacman-robot/lib/pi4j/pi4j-service.jar
7f53b5a6e000-7f53b5a75000 r--s 0002c000 fe:02 41681189                   /home/beenotung/git/workspace/hkcc-pacman-robot/lib/pi4j/pi4j-device.jar
7f53b5a75000-7f53b5a7a000 r--s 0002f000 fe:02 41681184                   /home/beenotung/git/workspace/hkcc-pacman-robot/lib/pi4j/pi4j-core.jar
7f53b5a7a000-7f53b5a80000 r--s 00036000 fe:02 41681180                   /home/beenotung/git/workspace/hkcc-pacman-robot/lib/pi4j/junit.jar
7f53b5a80000-7f53b5ad9000 r--s 004f6000 fe:02 41812706                   /home/beenotung/.ivy2/cache/org.scala-lang/scala-library/jars/scala-library-2.11.6.jar
7f53b5ad9000-7f53b5aec000 r--s 000d5000 fe:00 3949455                    /usr/lib/jvm/java-8-jdk/jre/lib/plugin.jar
7f53b5aec000-7f53b5aff000 r--s 00344000 fe:00 3949438                    /usr/lib/jvm/java-8-jdk/jre/lib/resources.jar
7f53b5aff000-7f53b5b18000 r--s 001ea000 fe:00 3949441                    /usr/lib/jvm/java-8-jdk/jre/lib/deploy.jar
7f53b5b18000-7f53b5b19000 ---p 00000000 00:00 0 
7f53b5b19000-7f53b5c19000 rw-p 00000000 00:00 0                          [stack:31634]
7f53b5c19000-7f53b5c1c000 ---p 00000000 00:00 0 
7f53b5c1c000-7f53b5d1a000 rw-p 00000000 00:00 0                          [stack:31633]
7f53b5d1a000-7f53b5d1d000 ---p 00000000 00:00 0 
7f53b5d1d000-7f53b5e1b000 rw-p 00000000 00:00 0                          [stack:31632]
7f53b5e1b000-7f53b5e1e000 ---p 00000000 00:00 0 
7f53b5e1e000-7f53b5f1c000 rw-p 00000000 00:00 0                          [stack:31631]
7f53b5f1c000-7f53b5f1f000 ---p 00000000 00:00 0 
7f53b5f1f000-7f53b601d000 rw-p 00000000 00:00 0                          [stack:31630]
7f53b601d000-7f53b6020000 ---p 00000000 00:00 0 
7f53b6020000-7f53b611e000 rw-p 00000000 00:00 0                          [stack:31629]
7f53b611e000-7f53b6121000 ---p 00000000 00:00 0 
7f53b6121000-7f53b621f000 rw-p 00000000 00:00 0                          [stack:31628]
7f53b621f000-7f53b63e4000 r--p 00000000 fe:00 2655801                    /usr/lib/locale/locale-archive
7f53b63e4000-7f53b63e7000 ---p 00000000 00:00 0 
7f53b63e7000-7f53b64e5000 rw-p 00000000 00:00 0                          [stack:31616]
7f53b64e5000-7f53b64e8000 ---p 00000000 00:00 0 
7f53b64e8000-7f53b65e6000 rw-p 00000000 00:00 0                          [stack:31614]
7f53b65e6000-7f53b65e7000 ---p 00000000 00:00 0 
7f53b65e7000-7f53b8000000 rw-p 00000000 00:00 0                          [stack:31612]
7f53b8000000-7f53b8021000 rw-p 00000000 00:00 0 
7f53b8021000-7f53bc000000 ---p 00000000 00:00 0 
7f53bc000000-7f53bc021000 rw-p 00000000 00:00 0 
7f53bc021000-7f53c0000000 ---p 00000000 00:00 0 
7f53c0000000-7f53c0021000 rw-p 00000000 00:00 0 
7f53c0021000-7f53c4000000 ---p 00000000 00:00 0 
7f53c4000000-7f53c4021000 rw-p 00000000 00:00 0 
7f53c4021000-7f53c8000000 ---p 00000000 00:00 0 
7f53c8000000-7f53c8021000 rw-p 00000000 00:00 0 
7f53c8021000-7f53cc000000 ---p 00000000 00:00 0 
7f53cc001000-7f53cc004000 r--s 00018000 fe:02 41681192                   /home/beenotung/git/workspace/hkcc-pacman-robot/lib/pi4j/pi4j-example.jar
7f53cc004000-7f53cc008000 r--s 00093000 fe:00 3949442                    /usr/lib/jvm/java-8-jdk/jre/lib/jsse.jar
7f53cc008000-7f53cc00d000 r--s 00084000 fe:00 3949445                    /usr/lib/jvm/java-8-jdk/jre/lib/jfr.jar
7f53cc00d000-7f53cd000000 rw-p 00000000 00:00 0 
7f53cd000000-7f53cd2a0000 rwxp 00000000 00:00 0 
7f53cd2a0000-7f53dc000000 ---p 00000000 00:00 0 
7f53dc000000-7f53dc550000 rw-p 00000000 00:00 0 
7f53dc550000-7f53e0000000 ---p 00000000 00:00 0 
7f53e0000000-7f53e0001000 rwxp 00000000 00:00 0 
7f53e0001000-7f53e0003000 r--s 0001a000 fe:00 3949452                    /usr/lib/jvm/java-8-jdk/jre/lib/jce.jar
7f53e0003000-7f53e000d000 r--s 00069000 fe:00 3949459                    /usr/lib/jvm/java-8-jdk/jre/lib/javaws.jar
7f53e000d000-7f53e000f000 r--s 00007000 fe:00 3949435                    /usr/lib/jvm/java-8-jdk/jre/lib/jfxswt.jar
7f53e000f000-7f53e02f8000 rw-p 00000000 00:00 0 
7f53e02f8000-7f53e04ce000 r--s 03caa000 fe:00 3949446                    /usr/lib/jvm/java-8-jdk/jre/lib/rt.jar
7f53e04ce000-7f53e059f000 rw-p 00000000 00:00 0 
7f53e059f000-7f53e05a0000 ---p 00000000 00:00 0 
7f53e05a0000-7f53e06a0000 rw-p 00000000 00:00 0                          [stack:31611]
7f53e06a0000-7f53e06a1000 ---p 00000000 00:00 0 
7f53e06a1000-7f53e07a1000 rw-p 00000000 00:00 0                          [stack:31610]
7f53e07a1000-7f53e07a2000 ---p 00000000 00:00 0 
7f53e07a2000-7f53e08a2000 rw-p 00000000 00:00 0                          [stack:31609]
7f53e08a2000-7f53e08a3000 ---p 00000000 00:00 0 
7f53e08a3000-7f53e09a3000 rw-p 00000000 00:00 0                          [stack:31608]
7f53e09a3000-7f53e09a4000 ---p 00000000 00:00 0 
7f53e09a4000-7f53e0aa4000 rw-p 00000000 00:00 0                          [stack:31607]
7f53e0aa4000-7f53e0aa5000 ---p 00000000 00:00 0 
7f53e0aa5000-7f53e0ba5000 rw-p 00000000 00:00 0                          [stack:31606]
7f53e0ba5000-7f53e0ba6000 ---p 00000000 00:00 0 
7f53e0ba6000-7f53e0ca6000 rw-p 00000000 00:00 0                          [stack:31605]
7f53e0ca6000-7f53e0ca7000 ---p 00000000 00:00 0 
7f53e0ca7000-7f53e0dfb000 rw-p 00000000 00:00 0                          [stack:31604]
7f53e0dfb000-7f53e12de000 ---p 00000000 00:00 0 
7f53e12de000-7f53e1332000 rw-p 00000000 00:00 0 
7f53e1332000-7f53e1814000 ---p 00000000 00:00 0 
7f53e1814000-7f53e183f000 rw-p 00000000 00:00 0 
7f53e183f000-7f53e1ab0000 ---p 00000000 00:00 0 
7f53e1ab0000-7f53e1abc000 rw-p 00000000 00:00 0 
7f53e1abc000-7f53e1e71000 ---p 00000000 00:00 0 
7f53e1e71000-7f53e1e8b000 r-xp 00000000 fe:00 4072537                    /usr/lib/jvm/java-8-jdk/jre/lib/amd64/libzip.so
7f53e1e8b000-7f53e208b000 ---p 0001a000 fe:00 4072537                    /usr/lib/jvm/java-8-jdk/jre/lib/amd64/libzip.so
7f53e208b000-7f53e208c000 rw-p 0001a000 fe:00 4072537                    /usr/lib/jvm/java-8-jdk/jre/lib/amd64/libzip.so
7f53e208c000-7f53e2097000 r-xp 00000000 fe:00 2624626                    /usr/lib/libnss_files-2.21.so
7f53e2097000-7f53e2297000 ---p 0000b000 fe:00 2624626                    /usr/lib/libnss_files-2.21.so
7f53e2297000-7f53e2298000 r--p 0000b000 fe:00 2624626                    /usr/lib/libnss_files-2.21.so
7f53e2298000-7f53e2299000 rw-p 0000c000 fe:00 2624626                    /usr/lib/libnss_files-2.21.so
7f53e2299000-7f53e22c3000 r-xp 00000000 fe:00 4072557                    /usr/lib/jvm/java-8-jdk/jre/lib/amd64/libjava.so
7f53e22c3000-7f53e24c3000 ---p 0002a000 fe:00 4072557                    /usr/lib/jvm/java-8-jdk/jre/lib/amd64/libjava.so
7f53e24c3000-7f53e24c5000 rw-p 0002a000 fe:00 4072557                    /usr/lib/jvm/java-8-jdk/jre/lib/amd64/libjava.so
7f53e24c5000-7f53e24d2000 r-xp 00000000 fe:00 4072544                    /usr/lib/jvm/java-8-jdk/jre/lib/amd64/libverify.so
7f53e24d2000-7f53e26d2000 ---p 0000d000 fe:00 4072544                    /usr/lib/jvm/java-8-jdk/jre/lib/amd64/libverify.so
7f53e26d2000-7f53e26d4000 rw-p 0000d000 fe:00 4072544                    /usr/lib/jvm/java-8-jdk/jre/lib/amd64/libverify.so
7f53e26d4000-7f53e26db000 r-xp 00000000 fe:00 2624673                    /usr/lib/librt-2.21.so
7f53e26db000-7f53e28da000 ---p 00007000 fe:00 2624673                    /usr/lib/librt-2.21.so
7f53e28da000-7f53e28db000 r--p 00006000 fe:00 2624673                    /usr/lib/librt-2.21.so
7f53e28db000-7f53e28dc000 rw-p 00007000 fe:00 2624673                    /usr/lib/librt-2.21.so
7f53e28dc000-7f53e29df000 r-xp 00000000 fe:00 2624701                    /usr/lib/libm-2.21.so
7f53e29df000-7f53e2bdf000 ---p 00103000 fe:00 2624701                    /usr/lib/libm-2.21.so
7f53e2bdf000-7f53e2be0000 r--p 00103000 fe:00 2624701                    /usr/lib/libm-2.21.so
7f53e2be0000-7f53e2be1000 rw-p 00104000 fe:00 2624701                    /usr/lib/libm-2.21.so
7f53e2be1000-7f53e384e000 r-xp 00000000 fe:00 4460819                    /usr/lib/jvm/java-8-jdk/jre/lib/amd64/server/libjvm.so
7f53e384e000-7f53e3a4d000 ---p 00c6d000 fe:00 4460819                    /usr/lib/jvm/java-8-jdk/jre/lib/amd64/server/libjvm.so
7f53e3a4d000-7f53e3b23000 rw-p 00c6c000 fe:00 4460819                    /usr/lib/jvm/java-8-jdk/jre/lib/amd64/server/libjvm.so
7f53e3b23000-7f53e3b66000 rw-p 00000000 00:00 0 
7f53e3b66000-7f53e3cff000 r-xp 00000000 fe:00 2624641                    /usr/lib/libc-2.21.so
7f53e3cff000-7f53e3eff000 ---p 00199000 fe:00 2624641                    /usr/lib/libc-2.21.so
7f53e3eff000-7f53e3f03000 r--p 00199000 fe:00 2624641                    /usr/lib/libc-2.21.so
7f53e3f03000-7f53e3f05000 rw-p 0019d000 fe:00 2624641                    /usr/lib/libc-2.21.so
7f53e3f05000-7f53e3f09000 rw-p 00000000 00:00 0 
7f53e3f09000-7f53e3f0b000 r-xp 00000000 fe:00 2624682                    /usr/lib/libdl-2.21.so
7f53e3f0b000-7f53e410b000 ---p 00002000 fe:00 2624682                    /usr/lib/libdl-2.21.so
7f53e410b000-7f53e410c000 r--p 00002000 fe:00 2624682                    /usr/lib/libdl-2.21.so
7f53e410c000-7f53e410d000 rw-p 00003000 fe:00 2624682                    /usr/lib/libdl-2.21.so
7f53e410d000-7f53e4122000 r-xp 00000000 fe:00 4460811                    /usr/lib/jvm/java-8-jdk/jre/lib/amd64/jli/libjli.so
7f53e4122000-7f53e4321000 ---p 00015000 fe:00 4460811                    /usr/lib/jvm/java-8-jdk/jre/lib/amd64/jli/libjli.so
7f53e4321000-7f53e4322000 rw-p 00014000 fe:00 4460811                    /usr/lib/jvm/java-8-jdk/jre/lib/amd64/jli/libjli.so
7f53e4322000-7f53e433a000 r-xp 00000000 fe:00 2624671                    /usr/lib/libpthread-2.21.so
7f53e433a000-7f53e4539000 ---p 00018000 fe:00 2624671                    /usr/lib/libpthread-2.21.so
7f53e4539000-7f53e453a000 r--p 00017000 fe:00 2624671                    /usr/lib/libpthread-2.21.so
7f53e453a000-7f53e453b000 rw-p 00018000 fe:00 2624671                    /usr/lib/libpthread-2.21.so
7f53e453b000-7f53e453f000 rw-p 00000000 00:00 0 
7f53e453f000-7f53e4561000 r-xp 00000000 fe:00 2624696                    /usr/lib/ld-2.21.so
7f53e4562000-7f53e4567000 r--s 002f8000 fe:00 3949453                    /usr/lib/jvm/java-8-jdk/jre/lib/charsets.jar
7f53e4567000-7f53e4605000 rw-p 00000000 00:00 0 
7f53e4605000-7f53e4608000 ---p 00000000 00:00 0 
7f53e4608000-7f53e470a000 rw-p 00000000 00:00 0                          [stack:31603]
7f53e470a000-7f53e470b000 rwxp 00000000 00:00 0 
7f53e470b000-7f53e470c000 r--s 00000000 fe:00 3949449                    /usr/lib/jvm/java-8-jdk/jre/lib/management-agent.jar
7f53e470c000-7f53e4755000 rw-p 00000000 00:00 0 
7f53e4755000-7f53e475d000 rw-s 00000000 00:1f 88373                      /tmp/hsperfdata_beenotung/31602
7f53e475d000-7f53e475e000 rw-p 00000000 00:00 0 
7f53e475e000-7f53e475f000 r--p 00000000 00:00 0 
7f53e475f000-7f53e4760000 rw-p 00000000 00:00 0 
7f53e4760000-7f53e4761000 r--p 00021000 fe:00 2624696                    /usr/lib/ld-2.21.so
7f53e4761000-7f53e4762000 rw-p 00022000 fe:00 2624696                    /usr/lib/ld-2.21.so
7f53e4762000-7f53e4763000 rw-p 00000000 00:00 0 
7ffe0679d000-7ffe067bf000 rw-p 00000000 00:00 0                          [stack]
7ffe067df000-7ffe067e1000 r--p 00000000 00:00 0                          [vvar]
7ffe067e1000-7ffe067e3000 r-xp 00000000 00:00 0                          [vdso]
ffffffffff600000-ffffffffff601000 r-xp 00000000 00:00 0                  [vsyscall]

VM Arguments:
jvm_args: -Djava.library.path=/home/beenotung/git/workspace/hkcc-pacman-robot/lib/lwjgl3/native/linux/x64:/home/beenotung/git/workspace/hkcc-pacman-robot/lib/lwjgl3/native/linux/x86:/home/beenotung/git/workspace/hkcc-pacman-robot/lib/lwjgl3/native/macosx/x64:/home/beenotung/git/workspace/hkcc-pacman-robot/lib/lwjgl3/native/windows/x64:/home/beenotung/git/workspace/hkcc-pacman-robot/lib/lwjgl3/native/windows/x86 -Didea.launcher.port=7536 -Didea.launcher.bin.path=/usr/share/intellijidea-ce/bin -Dfile.encoding=UTF-8 
java_command: com.intellij.rt.execution.application.AppMain edu.hkcc.pacmanrobot.launcher.MiniMapLauncher
java_class_path (initial): /usr/lib/jvm/default/jre/lib/management-agent.jar:/usr/lib/jvm/default/jre/lib/rt.jar:/usr/lib/jvm/default/jre/lib/charsets.jar:/usr/lib/jvm/default/jre/lib/jfxswt.jar:/usr/lib/jvm/default/jre/lib/javaws.jar:/usr/lib/jvm/default/jre/lib/deploy.jar:/usr/lib/jvm/default/jre/lib/resources.jar:/usr/lib/jvm/default/jre/lib/plugin.jar:/usr/lib/jvm/default/jre/lib/jfr.jar:/usr/lib/jvm/default/jre/lib/jsse.jar:/usr/lib/jvm/default/jre/lib/jce.jar:/usr/lib/jvm/default/jre/lib/ext/jfxrt.jar:/usr/lib/jvm/default/jre/lib/ext/sunpkcs11.jar:/usr/lib/jvm/default/jre/lib/ext/nashorn.jar:/usr/lib/jvm/default/jre/lib/ext/sunjce_provider.jar:/usr/lib/jvm/default/jre/lib/ext/cldrdata.jar:/usr/lib/jvm/default/jre/lib/ext/sunec.jar:/usr/lib/jvm/default/jre/lib/ext/dnsns.jar:/usr/lib/jvm/default/jre/lib/ext/localedata.jar:/usr/lib/jvm/default/jre/lib/ext/zipfs.jar:/home/beenotung/git/workspace/hkcc-pacman-robot/target/scala-2.11/classes:/home/beenotung/.ivy2/cache/org.scala-lang/scala-library/jars/scala-library-2.11.6.jar:/home/beenotung/git/workspace/hkcc-pacman-robot/lib/pi4j/junit.jar:/home/beenotung/git/workspace/hkcc-pacman-robot/lib/pi4j/pi4j-core.jar:/home/beenotung/git/workspace/hkcc-pacman-robot/lib/pi4j/pi4j-device.jar:/home/beenotung/git/workspace/hkcc-pacman-robot/lib/pi4j/pi4j-example.jar:/home/beenotung/git/workspace/hkcc-pacman-robot/lib/pi4j/pi4j-service.jar:/home/beenotung/git/workspace/hkcc-pacman-robot/lib/pi4j/pi4j-core-javadoc.jar:/home/beenotung/git/workspace/hkcc-pacman-robot/lib/pi4j/pi4j-core-sources.jar:/home/beenotung/git/workspace/hkcc-pacman-robot/lib/pi4j/pi4j-device-javadoc.jar:/home/beenotung/git/workspace/hkcc-pacman-robot/lib/pi4j/pi4j-device-sources.jar:/home/beenotung/git/workspace/hkcc-pacman-robot/lib/pi4j/pi4j-gpio-extension.jar:/home/beenotung/git/workspace/hkcc-pacman-robot/lib/pi4j/pi4j-example-javadoc.jar:/home/beenotung/git/workspace/hkcc-pacman-robot/lib/pi4j/pi4j-example-sources.jar:/home/beenotung/git/workspace/hk
Launcher Type: SUN_STANDARD

Environment Variables:
PATH=/usr/games:/home/beenotung/bin:/usr/local/sbin:/usr/local/bin:/usr/bin:/opt/android-sdk/tools:/usr/lib/jvm/default/bin:/usr/bin/site_perl:/usr/bin/vendor_perl:/usr/bin/core_perl
USERNAME=beenotung
LD_LIBRARY_PATH=.:
SHELL=/bin/bash
DISPLAY=:1

Signal Handlers:
SIGSEGV: [libjvm.so+0xa79a80], sa_mask[0]=11111111011111111101111111111110, sa_flags=SA_RESTART|SA_SIGINFO
SIGBUS: [libjvm.so+0xa79a80], sa_mask[0]=11111111011111111101111111111110, sa_flags=SA_RESTART|SA_SIGINFO
SIGFPE: [libjvm.so+0x8e24e0], sa_mask[0]=11111111011111111101111111111110, sa_flags=SA_RESTART|SA_SIGINFO
SIGPIPE: [libjvm.so+0x8e24e0], sa_mask[0]=11111111011111111101111111111110, sa_flags=SA_RESTART|SA_SIGINFO
SIGXFSZ: [libjvm.so+0x8e24e0], sa_mask[0]=11111111011111111101111111111110, sa_flags=SA_RESTART|SA_SIGINFO
SIGILL: [libjvm.so+0x8e24e0], sa_mask[0]=11111111011111111101111111111110, sa_flags=SA_RESTART|SA_SIGINFO
SIGUSR1: SIG_DFL, sa_mask[0]=00000000000000000000000000000000, sa_flags=none
SIGUSR2: [libjvm.so+0x8e3d10], sa_mask[0]=00100000000000000000000000000000, sa_flags=SA_RESTART|SA_SIGINFO
SIGHUP: [libjvm.so+0x8e50d0], sa_mask[0]=11111111011111111101111111111110, sa_flags=SA_RESTART|SA_SIGINFO
SIGINT: [libjvm.so+0x8e50d0], sa_mask[0]=11111111011111111101111111111110, sa_flags=SA_RESTART|SA_SIGINFO
SIGTERM: [libjvm.so+0x8e50d0], sa_mask[0]=11111111011111111101111111111110, sa_flags=SA_RESTART|SA_SIGINFO
SIGQUIT: [libjvm.so+0x8e50d0], sa_mask[0]=11111111011111111101111111111110, sa_flags=SA_RESTART|SA_SIGINFO


---------------  S Y S T E M  ---------------

OS:LSB_VERSION=1.4
DISTRIB_ID=Arch
DISTRIB_RELEASE=rolling
DISTRIB_DESCRIPTION="Arch Linux"

uname:Linux 3.19.3-3-ARCH #1 SMP PREEMPT Wed Apr 8 14:10:00 CEST 2015 x86_64
libc:glibc 2.21 NPTL 2.21 
rlimit: STACK 8192k, CORE 0k, NPROC 64015, NOFILE 4096, AS infinity
load average:1.64 1.62 1.18

/proc/meminfo:
MemTotal:       16398448 kB
MemFree:        11575396 kB
MemAvailable:   12874408 kB
Buffers:          143400 kB
Cached:          1283376 kB
SwapCached:            0 kB
Active:          3688976 kB
Inactive:         768176 kB
Active(anon):    3032340 kB
Inactive(anon):    21968 kB
Active(file):     656636 kB
Inactive(file):   746208 kB
Unevictable:         532 kB
Mlocked:             532 kB
SwapTotal:             0 kB
SwapFree:              0 kB
Dirty:              5896 kB
Writeback:             0 kB
AnonPages:       3033568 kB
Mapped:           408680 kB
Shmem:             23944 kB
Slab:             175844 kB
SReclaimable:     130204 kB
SUnreclaim:        45640 kB
KernelStack:       14400 kB
PageTables:        62748 kB
NFS_Unstable:          0 kB
Bounce:                0 kB
WritebackTmp:          0 kB
CommitLimit:     8199224 kB
Committed_AS:    9011096 kB
VmallocTotal:   34359738367 kB
VmallocUsed:      155604 kB
VmallocChunk:   34359559980 kB
HardwareCorrupted:     0 kB
AnonHugePages:    573440 kB
HugePages_Total:       0
HugePages_Free:        0
HugePages_Rsvd:        0
HugePages_Surp:        0
Hugepagesize:       2048 kB
DirectMap4k:      159292 kB
DirectMap2M:    16578560 kB


CPU:total 8 (4 cores per cpu, 2 threads per core) family 6 model 58 stepping 9, cmov, cx8, fxsr, mmx, sse, sse2, sse3, ssse3, sse4.1, sse4.2, popcnt, avx, aes, clmul, erms, ht, tsc, tscinvbit, tscinv

/proc/cpuinfo:
processor	: 0
vendor_id	: GenuineIntel
cpu family	: 6
model		: 58
model name	: Intel(R) Xeon(R) CPU E3-1230 V2 @ 3.30GHz
stepping	: 9
microcode	: 0x12
cpu MHz		: 3620.976
cache size	: 8192 KB
physical id	: 0
siblings	: 8
core id		: 0
cpu cores	: 4
apicid		: 0
initial apicid	: 0
fpu		: yes
fpu_exception	: yes
cpuid level	: 13
wp		: yes
flags		: fpu vme de pse tsc msr pae mce cx8 apic sep mtrr pge mca cmov pat pse36 clflush dts acpi mmx fxsr sse sse2 ss ht tm pbe syscall nx rdtscp lm constant_tsc arch_perfmon pebs bts rep_good nopl xtopology nonstop_tsc aperfmperf eagerfpu pni pclmulqdq dtes64 monitor ds_cpl vmx smx est tm2 ssse3 cx16 xtpr pdcm pcid sse4_1 sse4_2 x2apic popcnt tsc_deadline_timer aes xsave avx f16c rdrand lahf_lm ida arat epb pln pts dtherm tpr_shadow vnmi flexpriority ept vpid fsgsbase smep erms xsaveopt
bugs		:
bogomips	: 6587.39
clflush size	: 64
cache_alignment	: 64
address sizes	: 36 bits physical, 48 bits virtual
power management:

processor	: 1
vendor_id	: GenuineIntel
cpu family	: 6
model		: 58
model name	: Intel(R) Xeon(R) CPU E3-1230 V2 @ 3.30GHz
stepping	: 9
microcode	: 0x12
cpu MHz		: 3670.347
cache size	: 8192 KB
physical id	: 0
siblings	: 8
core id		: 1
cpu cores	: 4
apicid		: 2
initial apicid	: 2
fpu		: yes
fpu_exception	: yes
cpuid level	: 13
wp		: yes
flags		: fpu vme de pse tsc msr pae mce cx8 apic sep mtrr pge mca cmov pat pse36 clflush dts acpi mmx fxsr sse sse2 ss ht tm pbe syscall nx rdtscp lm constant_tsc arch_perfmon pebs bts rep_good nopl xtopology nonstop_tsc aperfmperf eagerfpu pni pclmulqdq dtes64 monitor ds_cpl vmx smx est tm2 ssse3 cx16 xtpr pdcm pcid sse4_1 sse4_2 x2apic popcnt tsc_deadline_timer aes xsave avx f16c rdrand lahf_lm ida arat epb pln pts dtherm tpr_shadow vnmi flexpriority ept vpid fsgsbase smep erms xsaveopt
bugs		:
bogomips	: 6587.39
clflush size	: 64
cache_alignment	: 64
address sizes	: 36 bits physical, 48 bits virtual
power management:

processor	: 2
vendor_id	: GenuineIntel
cpu family	: 6
model		: 58
model name	: Intel(R) Xeon(R) CPU E3-1230 V2 @ 3.30GHz
stepping	: 9
microcode	: 0x12
cpu MHz		: 3529.582
cache size	: 8192 KB
physical id	: 0
siblings	: 8
core id		: 2
cpu cores	: 4
apicid		: 4
initial apicid	: 4
fpu		: yes
fpu_exception	: yes
cpuid level	: 13
wp		: yes
flags		: fpu vme de pse tsc msr pae mce cx8 apic sep mtrr pge mca cmov pat pse36 clflush dts acpi mmx fxsr sse sse2 ss ht tm pbe syscall nx rdtscp lm constant_tsc arch_perfmon pebs bts rep_good nopl xtopology nonstop_tsc aperfmperf eagerfpu pni pclmulqdq dtes64 monitor ds_cpl vmx smx est tm2 ssse3 cx16 xtpr pdcm pcid sse4_1 sse4_2 x2apic popcnt tsc_deadline_timer aes xsave avx f16c rdrand lahf_lm ida arat epb pln pts dtherm tpr_shadow vnmi flexpriority ept vpid fsgsbase smep erms xsaveopt
bugs		:
bogomips	: 6587.39
clflush size	: 64
cache_alignment	: 64
address sizes	: 36 bits physical, 48 bits virtual
power management:

processor	: 3
vendor_id	: GenuineIntel
cpu family	: 6
model		: 58
model name	: Intel(R) Xeon(R) CPU E3-1230 V2 @ 3.30GHz
stepping	: 9
microcode	: 0x12
cpu MHz		: 3536.542
cache size	: 8192 KB
physical id	: 0
siblings	: 8
core id		: 3
cpu cores	: 4
apicid		: 6
initial apicid	: 6
fpu		: yes
fpu_exception	: yes
cpuid level	: 13
wp		: yes
flags		: fpu vme de pse tsc msr pae mce cx8 apic sep mtrr pge mca cmov pat pse36 clflush dts acpi mmx fxsr sse sse2 ss ht tm pbe syscall nx rdtscp lm constant_tsc arch_perfmon pebs bts rep_good nopl xtopology nonstop_tsc aperfmperf eagerfpu pni pclmulqdq dtes64 monitor ds_cpl vmx smx est tm2 ssse3 cx16 xtpr pdcm pcid sse4_1 sse4_2 x2apic popcnt tsc_deadline_timer aes xsave avx f16c rdrand lahf_lm ida arat epb pln pts dtherm tpr_shadow vnmi flexpriority ept vpid fsgsbase smep erms xsaveopt
bugs		:
bogomips	: 6587.39
clflush size	: 64
cache_alignment	: 64
address sizes	: 36 bits physical, 48 bits virtual
power management:

processor	: 4
vendor_id	: GenuineIntel
cpu family	: 6
model		: 58
model name	: Intel(R) Xeon(R) CPU E3-1230 V2 @ 3.30GHz
stepping	: 9
microcode	: 0x12
cpu MHz		: 3569.414
cache size	: 8192 KB
physical id	: 0
siblings	: 8
core id		: 0
cpu cores	: 4
apicid		: 1
initial apicid	: 1
fpu		: yes
fpu_exception	: yes
cpuid level	: 13
wp		: yes
flags		: fpu vme de pse tsc msr pae mce cx8 apic sep mtrr pge mca cmov pat pse36 clflush dts acpi mmx fxsr sse sse2 ss ht tm pbe syscall nx rdtscp lm constant_tsc arch_perfmon pebs bts rep_good nopl xtopology nonstop_tsc aperfmperf eagerfpu pni pclmulqdq dtes64 monitor ds_cpl vmx smx est tm2 ssse3 cx16 xtpr pdcm pcid sse4_1 sse4_2 x2apic popcnt tsc_deadline_timer aes xsave avx f16c rdrand lahf_lm ida arat epb pln pts dtherm tpr_shadow vnmi flexpriority ept vpid fsgsbase smep erms xsaveopt
bugs		:
bogomips	: 6587.39
clflush size	: 64
cache_alignment	: 64
address sizes	: 36 bits physical, 48 bits virtual
power management:

processor	: 5
vendor_id	: GenuineIntel
cpu family	: 6
model		: 58
model name	: Intel(R) Xeon(R) CPU E3-1230 V2 @ 3.30GHz
stepping	: 9
microcode	: 0x12
cpu MHz		: 3500.578
cache size	: 8192 KB
physical id	: 0
siblings	: 8
core id		: 1
cpu cores	: 4
apicid		: 3
initial apicid	: 3
fpu		: yes
fpu_exception	: yes
cpuid level	: 13
wp		: yes
flags		: fpu vme de pse tsc msr pae mce cx8 apic sep mtrr pge mca cmov pat pse36 clflush dts acpi mmx fxsr sse sse2 ss ht tm pbe syscall nx rdtscp lm constant_tsc arch_perfmon pebs bts rep_good nopl xtopology nonstop_tsc aperfmperf eagerfpu pni pclmulqdq dtes64 monitor ds_cpl vmx smx est tm2 ssse3 cx16 xtpr pdcm pcid sse4_1 sse4_2 x2apic popcnt tsc_deadline_timer aes xsave avx f16c rdrand lahf_lm ida arat epb pln pts dtherm tpr_shadow vnmi flexpriority ept vpid fsgsbase smep erms xsaveopt
bugs		:
bogomips	: 6587.39
clflush size	: 64
cache_alignment	: 64
address sizes	: 36 bits physical, 48 bits virtual
power management:

processor	: 6
vendor_id	: GenuineIntel
cpu family	: 6
model		: 58
model name	: Intel(R) Xeon(R) CPU E3-1230 V2 @ 3.30GHz
stepping	: 9
microcode	: 0x12
cpu MHz		: 3611.953
cache size	: 8192 KB
physical id	: 0
siblings	: 8
core id		: 2
cpu cores	: 4
apicid		: 5
initial apicid	: 5
fpu		: yes
fpu_exception	: yes
cpuid level	: 13
wp		: yes
flags		: fpu vme de pse tsc msr pae mce cx8 apic sep mtrr pge mca cmov pat pse36 clflush dts acpi mmx fxsr sse sse2 ss ht tm pbe syscall nx rdtscp lm constant_tsc arch_perfmon pebs bts rep_good nopl xtopology nonstop_tsc aperfmperf eagerfpu pni pclmulqdq dtes64 monitor ds_cpl vmx smx est tm2 ssse3 cx16 xtpr pdcm pcid sse4_1 sse4_2 x2apic popcnt tsc_deadline_timer aes xsave avx f16c rdrand lahf_lm ida arat epb pln pts dtherm tpr_shadow vnmi flexpriority ept vpid fsgsbase smep erms xsaveopt
bugs		:
bogomips	: 6587.39
clflush size	: 64
cache_alignment	: 64
address sizes	: 36 bits physical, 48 bits virtual
power management:

processor	: 7
vendor_id	: GenuineIntel
cpu family	: 6
model		: 58
model name	: Intel(R) Xeon(R) CPU E3-1230 V2 @ 3.30GHz
stepping	: 9
microcode	: 0x12
cpu MHz		: 3598.417
cache size	: 8192 KB
physical id	: 0
siblings	: 8
core id		: 3
cpu cores	: 4
apicid		: 7
initial apicid	: 7
fpu		: yes
fpu_exception	: yes
cpuid level	: 13
wp		: yes
flags		: fpu vme de pse tsc msr pae mce cx8 apic sep mtrr pge mca cmov pat pse36 clflush dts acpi mmx fxsr sse sse2 ss ht tm pbe syscall nx rdtscp lm constant_tsc arch_perfmon pebs bts rep_good nopl xtopology nonstop_tsc aperfmperf eagerfpu pni pclmulqdq dtes64 monitor ds_cpl vmx smx est tm2 ssse3 cx16 xtpr pdcm pcid sse4_1 sse4_2 x2apic popcnt tsc_deadline_timer aes xsave avx f16c rdrand lahf_lm ida arat epb pln pts dtherm tpr_shadow vnmi flexpriority ept vpid fsgsbase smep erms xsaveopt
bugs		:
bogomips	: 6587.39
clflush size	: 64
cache_alignment	: 64
address sizes	: 36 bits physical, 48 bits virtual
power management:



Memory: 4k page, physical 16398448k(11575396k free), swap 0k(0k free)

vm_info: Java HotSpot(TM) 64-Bit Server VM (25.25-b02) for linux-amd64 JRE (1.8.0_25-b17), built on Sep 17 2014 17:32:11 by "java_re" with gcc 4.3.0 20080428 (Red Hat 4.3.0-8)

time: Tue Apr 14 08:34:10 2015
elapsed time: 6 seconds (0d 0h 0m 6s)

