#
# A fatal error has been detected by the Java Runtime Environment:
#
#  SIGSEGV (0xb) at pc=0x00007fc2e34b6a2a, pid=14601, tid=140475496703744
#
# JRE version: Java(TM) SE Runtime Environment (8.0_25-b17) (build 1.8.0_25-b17)
# Java VM: Java HotSpot(TM) 64-Bit Server VM (25.25-b02 mixed mode linux-amd64 compressed oops)
# Problematic frame:
# C  [libffi.so.6+0x4a2a]  ffi_closure_free+0x49a
#
# Failed to write core dump. Core dumps have been disabled. To enable core dumping, try "ulimit -c unlimited" before starting Java again
#
# If you would like to submit a bug report, please visit:
#   http://bugreport.sun.com/bugreport/crash.jsp
# The crash happened outside the Java Virtual Machine in native code.
# See problematic frame for where to report the bug.
#

---------------  T H R E A D  ---------------

Current thread (0x00007fc31426f800):  JavaThread "Thread-0" [_thread_in_native, id=14652, stack(0x00007fc30004a000,0x00007fc30014b000)]

siginfo: si_signo: 11 (SIGSEGV), si_code: 1 (SEGV_MAPERR), si_addr: 0x0000000000000018

Registers:
RAX=0x0000000000000f80, RBX=0x00007fc2e36ba2c0, RCX=0x0000000000000000, RDX=0x0000000000000000
RSP=0x00007fc3001496d0, RBP=0x00007fc31b0f4038, RSI=0x00007fc31b0f4070, RDI=0x0000000000000001
R8 =0x0000000000000000, R9 =0x0000000000000000, R10=0x000000000000003c, R11=0x00007fc2e34b6590
R12=0x00007fc31b0f4048, R13=0x00007fc3034af938, R14=0x00007fc3001497a8, R15=0x00007fc31426f800
RIP=0x00007fc2e34b6a2a, EFLAGS=0x0000000000010246, CSGSFS=0x0000000000000033, ERR=0x0000000000000006
  TRAPNO=0x000000000000000e

Top of Stack: (sp=0x00007fc3001496d0)
0x00007fc3001496d0:   00007fc31426f800 00007fc2e2cf3660
0x00007fc3001496e0:   00007fc2f3bbd4c0 00007fc314007440
0x00007fc3001496f0:   00007fc31b0f4048 00007fc3034af938
0x00007fc300149700:   00007fc300149780 0000000000000000
0x00007fc300149710:   00007fc3034af938 00007fc3001497a8
0x00007fc300149720:   00007fc31426f800 00007fc3050156d4
0x00007fc300149730:   00007fc31426f800 00007fc305015422
0x00007fc300149740:   00007fc300149740 00007fc3034af938
0x00007fc300149750:   00007fc3001497a8 00007fc3034afd30
0x00007fc300149760:   0000000000000000 00007fc3034af938
0x00007fc300149770:   0000000000000000 00007fc3001497a0
0x00007fc300149780:   00007fc3001497f0 00007fc30500798d
0x00007fc300149790:   000000076d881558 00007fc30500f2b8
0x00007fc3001497a0:   00007fc31b0f4048 000000076d8dce50
0x00007fc3001497b0:   00007fc3001497b0 00007fc303330d0b
0x00007fc3001497c0:   00007fc300149800 00007fc30348c5f8
0x00007fc3001497d0:   0000000000000000 00007fc303330d28
0x00007fc3001497e0:   00007fc3001497a0 00007fc300149800
0x00007fc3001497f0:   00007fc300149848 00007fc30500798d
0x00007fc300149800:   000000076d8dce50 00007fc300149808
0x00007fc300149810:   00007fc3033319e6 00007fc300149858
0x00007fc300149820:   00007fc30348c480 0000000000000000
0x00007fc300149830:   00007fc303331a00 00007fc300149800
0x00007fc300149840:   00007fc300149858 00007fc3001498a0
0x00007fc300149850:   00007fc30500798d 000000076d8dce50
0x00007fc300149860:   00007fc300149860 00007fc30332eb37
0x00007fc300149870:   00007fc3001498b0 00007fc303332398
0x00007fc300149880:   0000000000000000 00007fc30332eb50
0x00007fc300149890:   00007fc300149858 00007fc3001498b0
0x00007fc3001498a0:   00007fc3001498f8 00007fc30500798d
0x00007fc3001498b0:   000000076cf328a8 00007fc3001498b8
0x00007fc3001498c0:   00007fc30332ebe7 00007fc300149910 

Instructions: (pc=0x00007fc2e34b6a2a)
0x00007fc2e34b6a0a:   56 18 4c 8b 4e 30 48 39 d6 0f 84 ef 03 00 00 48
0x00007fc2e34b6a1a:   8b 4e 10 48 3b 0d b4 38 20 00 0f 82 26 fe ff ff
0x00007fc2e34b6a2a:   48 89 51 18 48 89 4a 10 4d 85 c9 0f 84 55 03 00
0x00007fc2e34b6a3a:   00 48 8b 4e 38 48 8d 79 4a 48 3b 34 fb 0f 84 b3 

Register to memory mapping:

RAX=0x0000000000000f80 is an unknown value
RBX=0x00007fc2e36ba2c0: <offset 0x2082c0> in /usr/lib/libffi.so.6 at 0x00007fc2e34b2000
RCX=0x0000000000000000 is an unknown value
RDX=0x0000000000000000 is an unknown value
RSP=0x00007fc3001496d0 is pointing into the stack for thread: 0x00007fc31426f800
RBP=0x00007fc31b0f4038 is an unknown value
RSI=0x00007fc31b0f4070 is an unknown value
RDI=0x0000000000000001 is an unknown value
R8 =0x0000000000000000 is an unknown value
R9 =0x0000000000000000 is an unknown value
R10=0x000000000000003c is an unknown value
R11=0x00007fc2e34b6590: ffi_closure_free+0 in /usr/lib/libffi.so.6 at 0x00007fc2e34b2000
R12=0x00007fc31b0f4048 is an unknown value
R13={method} {0x00007fc3034af938} 'nffi_closure_free' '(J)V' in 'org/lwjgl/system/libffi/LibFFI'
R14=0x00007fc3001497a8 is pointing into the stack for thread: 0x00007fc31426f800
R15=0x00007fc31426f800 is a thread


Stack: [0x00007fc30004a000,0x00007fc30014b000],  sp=0x00007fc3001496d0,  free space=1021k
Native frames: (J=compiled Java code, j=interpreted, Vv=VM code, C=native code)
C  [libffi.so.6+0x4a2a]  ffi_closure_free+0x49a

Java frames: (J=compiled Java code, j=interpreted, Vv=VM code)
j  org.lwjgl.system.libffi.LibFFI.nffi_closure_free(J)V+0
j  org.lwjgl.system.libffi.Closure.destroy()V+35
j  org.lwjgl.system.Retainable$Default.release()V+38
j  myutils.gui.opengl.AbstractOpenGLApplication.end()V+7
j  myutils.gui.opengl.AbstractOpenGLApplication.run()V+15
j  edu.hkcc.pacmanrobot.controller.gamecontroller.MiniMap.run()V+27
v  ~StubRoutines::call_stub

---------------  P R O C E S S  ---------------

Java Threads: ( => current thread )
  0x00007fc29c004000 JavaThread "Thread-3" [_thread_blocked, id=14679, stack(0x00007fc2e2a0a000,0x00007fc2e2b0b000)]
  0x00007fc29c002000 JavaThread "Thread-2" [_thread_in_native, id=14677, stack(0x00007fc2e2b0b000,0x00007fc2e2c0c000)]
  0x00007fc31400a000 JavaThread "DestroyJavaVM" [_thread_blocked, id=14602, stack(0x00007fc31afef000,0x00007fc31b0f0000)]
=>0x00007fc31426f800 JavaThread "Thread-0" [_thread_in_native, id=14652, stack(0x00007fc30004a000,0x00007fc30014b000)]
  0x00007fc314262000 JavaThread "Monitor Ctrl-Break" daemon [_thread_in_native, id=14642, stack(0x00007fc3001e1000,0x00007fc3002e2000)]
  0x00007fc3140d1800 JavaThread "Service Thread" daemon [_thread_blocked, id=14633, stack(0x00007fc300604000,0x00007fc300705000)]
  0x00007fc3140ba000 JavaThread "C1 CompilerThread3" daemon [_thread_blocked, id=14632, stack(0x00007fc300705000,0x00007fc300806000)]
  0x00007fc3140b8000 JavaThread "C2 CompilerThread2" daemon [_thread_blocked, id=14631, stack(0x00007fc300806000,0x00007fc300907000)]
  0x00007fc3140b6800 JavaThread "C2 CompilerThread1" daemon [_thread_blocked, id=14630, stack(0x00007fc300907000,0x00007fc300a08000)]
  0x00007fc3140b3800 JavaThread "C2 CompilerThread0" daemon [_thread_blocked, id=14629, stack(0x00007fc300a08000,0x00007fc300b09000)]
  0x00007fc3140b1800 JavaThread "Signal Dispatcher" daemon [_thread_blocked, id=14628, stack(0x00007fc300b09000,0x00007fc300c0a000)]
  0x00007fc314084800 JavaThread "Finalizer" daemon [_thread_blocked, id=14624, stack(0x00007fc300dcf000,0x00007fc300ed0000)]
  0x00007fc314082800 JavaThread "Reference Handler" daemon [_thread_blocked, id=14623, stack(0x00007fc300ed0000,0x00007fc300fd1000)]

Other Threads:
  0x00007fc31407b800 VMThread [stack: 0x00007fc300fd1000,0x00007fc3010d2000] [id=14622]
  0x00007fc3140d4800 WatcherThread [stack: 0x00007fc300503000,0x00007fc300604000] [id=14634]

VM state:not at safepoint (normal execution)

VM Mutex/Monitor currently owned by a thread: None

Heap:
 PSYoungGen      total 75264K, used 34894K [0x000000076c980000, 0x0000000771d80000, 0x00000007c0000000)
  eden space 64512K, 54% used [0x000000076c980000,0x000000076eb93a58,0x0000000770880000)
  from space 10752K, 0% used [0x0000000771300000,0x0000000771300000,0x0000000771d80000)
  to   space 10752K, 0% used [0x0000000770880000,0x0000000770880000,0x0000000771300000)
 ParOldGen       total 172032K, used 0K [0x00000006c5c00000, 0x00000006d0400000, 0x000000076c980000)
  object space 172032K, 0% used [0x00000006c5c00000,0x00000006c5c00000,0x00000006d0400000)
 Metaspace       used 10396K, capacity 10534K, committed 10624K, reserved 1058816K
  class space    used 1088K, capacity 1113K, committed 1152K, reserved 1048576K

Card table byte_map: [0x00007fc30482d000,0x00007fc305000000] byte_map_base: 0x00007fc3011ff000

Marking Bits: (ParMarkBitMap*) 0x00007fc31a5252c0
 Begin Bits: [0x00007fc2cc2e0000, 0x00007fc2d0170000)
 End Bits:   [0x00007fc2d0170000, 0x00007fc2d4000000)

Polling page: 0x00007fc31b148000

CodeCache: size=245760Kb used=2659Kb max_used=2669Kb free=243100Kb
 bounds [0x00007fc305000000, 0x00007fc3052a0000, 0x00007fc314000000]
 total_blobs=1075 nmethods=525 adapters=465
 compilation: enabled

Compilation events (10 events):
Event: 7.875 Thread 0x00007fc3140b3800 nmethod 517 0x00007fc305299d10 code [0x00007fc305299e60, 0x00007fc305299f68]
Event: 7.876 Thread 0x00007fc3140ba000 nmethod 521 0x00007fc305298c90 code [0x00007fc305298e80, 0x00007fc305299748]
Event: 7.876 Thread 0x00007fc3140ba000  520       3       sun.reflect.UTF8::utf8Length (81 bytes)
Event: 7.876 Thread 0x00007fc3140b6800  523       4       sun.reflect.ClassFileAssembler::emitByte (11 bytes)
Event: 7.877 Thread 0x00007fc3140ba000 nmethod 520 0x00007fc305298210 code [0x00007fc3052983c0, 0x00007fc3052989e8]
Event: 7.877 Thread 0x00007fc3140ba000  522       3       java.lang.reflect.AccessibleObject::<init> (5 bytes)
Event: 7.877 Thread 0x00007fc3140ba000 nmethod 522 0x00007fc305297e50 code [0x00007fc305297fc0, 0x00007fc305298170]
Event: 7.878 Thread 0x00007fc3140b6800 nmethod 523 0x00007fc305297a10 code [0x00007fc305297b80, 0x00007fc305297cc8]
Event: 7.878 Thread 0x00007fc3140ba000  524       1       java.net.AbstractPlainSocketImpl::getTimeout (5 bytes)
Event: 7.878 Thread 0x00007fc3140ba000 nmethod 524 0x00007fc305297750 code [0x00007fc3052978a0, 0x00007fc3052979b0]

GC Heap History (0 events):
No events

Deoptimization events (1 events):
Event: 5.909 Thread 0x00007fc31426f800 Uncommon trap: reason=unreached action=reinterpret pc=0x00007fc3051fc0d4 method=sun.misc.URLClassPath$JarLoader.ensureOpen()V @ 4

Internal exceptions (10 events):
Event: 7.854 Thread 0x00007fc29c002000 Exception <a 'java/security/PrivilegedActionException'> (0x000000076eaabe88) thrown at [/HUDSON/workspace/8-2-build-linux-amd64/jdk8u25/1514/hotspot/src/share/vm/prims/jvm.cpp, line 1312]
Event: 7.854 Thread 0x00007fc29c002000 Exception <a 'java/security/PrivilegedActionException'> (0x000000076eab1260) thrown at [/HUDSON/workspace/8-2-build-linux-amd64/jdk8u25/1514/hotspot/src/share/vm/prims/jvm.cpp, line 1312]
Event: 7.855 Thread 0x00007fc29c002000 Exception <a 'java/security/PrivilegedActionException'> (0x000000076eab69a0) thrown at [/HUDSON/workspace/8-2-build-linux-amd64/jdk8u25/1514/hotspot/src/share/vm/prims/jvm.cpp, line 1312]
Event: 7.855 Thread 0x00007fc29c002000 Exception <a 'java/security/PrivilegedActionException'> (0x000000076eabb230) thrown at [/HUDSON/workspace/8-2-build-linux-amd64/jdk8u25/1514/hotspot/src/share/vm/prims/jvm.cpp, line 1312]
Event: 7.856 Thread 0x00007fc29c002000 Exception <a 'java/security/PrivilegedActionException'> (0x000000076eae6888) thrown at [/HUDSON/workspace/8-2-build-linux-amd64/jdk8u25/1514/hotspot/src/share/vm/prims/jvm.cpp, line 1312]
Event: 7.856 Thread 0x00007fc29c002000 Exception <a 'java/security/PrivilegedActionException'> (0x000000076eaeb6d8) thrown at [/HUDSON/workspace/8-2-build-linux-amd64/jdk8u25/1514/hotspot/src/share/vm/prims/jvm.cpp, line 1312]
Event: 7.859 Thread 0x00007fc29c002000 Exception <a 'java/lang/NoSuchMethodError': <clinit>> (0x000000076eafcb38) thrown at [/HUDSON/workspace/8-2-build-linux-amd64/jdk8u25/1514/hotspot/src/share/vm/prims/jni.cpp, line 1603]
Event: 7.880 Thread 0x00007fc29c002000 Exception <a 'java/security/PrivilegedActionException'> (0x000000076eb5e198) thrown at [/HUDSON/workspace/8-2-build-linux-amd64/jdk8u25/1514/hotspot/src/share/vm/prims/jvm.cpp, line 1312]
Event: 7.887 Thread 0x00007fc31426f800 Exception <a 'java/security/PrivilegedActionException'> (0x000000076e70bc48) thrown at [/HUDSON/workspace/8-2-build-linux-amd64/jdk8u25/1514/hotspot/src/share/vm/prims/jvm.cpp, line 1312]
Event: 7.887 Thread 0x00007fc31426f800 Exception <a 'java/security/PrivilegedActionException'> (0x000000076e70f5c8) thrown at [/HUDSON/workspace/8-2-build-linux-amd64/jdk8u25/1514/hotspot/src/share/vm/prims/jvm.cpp, line 1312]

Events (10 events):
Event: 7.875 loading class java/util/concurrent/locks/ReentrantLock$NonfairSync
Event: 7.875 loading class java/util/concurrent/locks/ReentrantLock$NonfairSync done
Event: 7.876 loading class java/util/concurrent/locks/AbstractQueuedSynchronizer$ConditionObject
Event: 7.876 loading class java/util/concurrent/locks/AbstractQueuedSynchronizer$ConditionObject done
Event: 7.880 loading class edu/hkcc/pacmanrobot/utils/map/ObstacleMap$$anon$1
Event: 7.880 loading class edu/hkcc/pacmanrobot/utils/map/ObstacleMap$$anon$1 done
Event: 7.887 loading class edu/hkcc/pacmanrobot/utils/Utils$
Event: 7.887 loading class edu/hkcc/pacmanrobot/utils/Utils$ done
Event: 7.887 loading class edu/hkcc/pacmanrobot/utils/Point2D
Event: 7.887 loading class edu/hkcc/pacmanrobot/utils/Point2D done


Dynamic libraries:
00400000-00401000 r-xp 00000000 fe:00 3950470                            /usr/lib/jvm/java-8-jdk/jre/bin/java
00600000-00601000 rw-p 00000000 fe:00 3950470                            /usr/lib/jvm/java-8-jdk/jre/bin/java
0241e000-0243f000 rw-p 00000000 00:00 0                                  [heap]
6c5c00000-6d0400000 rw-p 00000000 00:00 0 
6d0400000-76c980000 ---p 00000000 00:00 0 
76c980000-771d80000 rw-p 00000000 00:00 0 
771d80000-7c0000000 ---p 00000000 00:00 0 
7c0000000-7c0120000 rw-p 00000000 00:00 0 
7c0120000-800000000 ---p 00000000 00:00 0 
7fc290000000-7fc290043000 rw-p 00000000 00:00 0 
7fc290043000-7fc294000000 ---p 00000000 00:00 0 
7fc294000000-7fc294021000 rw-p 00000000 00:00 0 
7fc294021000-7fc298000000 ---p 00000000 00:00 0 
7fc298000000-7fc29835a000 rw-p 00000000 00:00 0 
7fc29835a000-7fc29c000000 ---p 00000000 00:00 0 
7fc29c000000-7fc29c021000 rw-p 00000000 00:00 0 
7fc29c021000-7fc2a0000000 ---p 00000000 00:00 0 
7fc2a0000000-7fc2a0021000 rw-p 00000000 00:00 0 
7fc2a0021000-7fc2a4000000 ---p 00000000 00:00 0 
7fc2a4000000-7fc2a4060000 rw-p 00000000 00:00 0 
7fc2a4060000-7fc2a8000000 ---p 00000000 00:00 0 
7fc2a8000000-7fc2a81ab000 rw-p 00000000 00:00 0 
7fc2a81ab000-7fc2ac000000 ---p 00000000 00:00 0 
7fc2ac000000-7fc2ac021000 rw-p 00000000 00:00 0 
7fc2ac021000-7fc2b0000000 ---p 00000000 00:00 0 
7fc2b0000000-7fc2b021d000 rw-p 00000000 00:00 0 
7fc2b021d000-7fc2b4000000 ---p 00000000 00:00 0 
7fc2b4000000-7fc2b42a7000 rw-p 00000000 00:00 0 
7fc2b42a7000-7fc2b8000000 ---p 00000000 00:00 0 
7fc2b8000000-7fc2b8021000 rw-p 00000000 00:00 0 
7fc2b8021000-7fc2bc000000 ---p 00000000 00:00 0 
7fc2bc000000-7fc2bc454000 rw-p 00000000 00:00 0 
7fc2bc454000-7fc2c0000000 ---p 00000000 00:00 0 
7fc2c0000000-7fc2c0021000 rw-p 00000000 00:00 0 
7fc2c0021000-7fc2c4000000 ---p 00000000 00:00 0 
7fc2c4000000-7fc2c4021000 rw-p 00000000 00:00 0 
7fc2c4021000-7fc2c8000000 ---p 00000000 00:00 0 
7fc2c8000000-7fc2c8021000 rw-p 00000000 00:00 0 
7fc2c8021000-7fc2cc000000 ---p 00000000 00:00 0 
7fc2cc2e0000-7fc2d4000000 rw-p 00000000 00:00 0 
7fc2d4000000-7fc2d4021000 rw-p 00000000 00:00 0 
7fc2d4021000-7fc2d8000000 ---p 00000000 00:00 0 
7fc2d8000000-7fc2d8021000 rw-p 00000000 00:00 0 
7fc2d8021000-7fc2dc000000 ---p 00000000 00:00 0 
7fc2dc000000-7fc2dc021000 rw-p 00000000 00:00 0 
7fc2dc021000-7fc2e0000000 ---p 00000000 00:00 0 
7fc2e2a0a000-7fc2e2a0d000 ---p 00000000 00:00 0 
7fc2e2a0d000-7fc2e2b0b000 rw-p 00000000 00:00 0                          [stack:14679]
7fc2e2b0b000-7fc2e2b0e000 ---p 00000000 00:00 0 
7fc2e2b0e000-7fc2e2d4c000 rw-p 00000000 00:00 0                          [stack:14677]
7fc2e2d4c000-7fc2e2e0c000 ---p 00000000 00:00 0 
7fc2e2e0c000-7fc2e2e10000 r-xp 00000000 fe:00 2630949                    /usr/lib/libtxc_dxtn.so
7fc2e2e10000-7fc2e300f000 ---p 00004000 fe:00 2630949                    /usr/lib/libtxc_dxtn.so
7fc2e300f000-7fc2e3010000 r--p 00003000 fe:00 2630949                    /usr/lib/libtxc_dxtn.so
7fc2e3010000-7fc2e3011000 rw-p 00004000 fe:00 2630949                    /usr/lib/libtxc_dxtn.so
7fc2e3011000-7fc2e3070000 r-xp 00000000 fe:00 2625020                    /usr/lib/libncursesw.so.5.9
7fc2e3070000-7fc2e3270000 ---p 0005f000 fe:00 2625020                    /usr/lib/libncursesw.so.5.9
7fc2e3270000-7fc2e3274000 r--p 0005f000 fe:00 2625020                    /usr/lib/libncursesw.so.5.9
7fc2e3274000-7fc2e3276000 rw-p 00063000 fe:00 2625020                    /usr/lib/libncursesw.so.5.9
7fc2e3276000-7fc2e32ac000 r-xp 00000000 fe:00 2655999                    /usr/lib/libedit.so.0.0.52
7fc2e32ac000-7fc2e34ab000 ---p 00036000 fe:00 2655999                    /usr/lib/libedit.so.0.0.52
7fc2e34ab000-7fc2e34ad000 r--p 00035000 fe:00 2655999                    /usr/lib/libedit.so.0.0.52
7fc2e34ad000-7fc2e34ae000 rw-p 00037000 fe:00 2655999                    /usr/lib/libedit.so.0.0.52
7fc2e34ae000-7fc2e34b2000 rw-p 00000000 00:00 0 
7fc2e34b2000-7fc2e34ba000 r-xp 00000000 fe:00 2632155                    /usr/lib/libffi.so.6.0.4
7fc2e34ba000-7fc2e36b9000 ---p 00008000 fe:00 2632155                    /usr/lib/libffi.so.6.0.4
7fc2e36b9000-7fc2e36ba000 r--p 00007000 fe:00 2632155                    /usr/lib/libffi.so.6.0.4
7fc2e36ba000-7fc2e36bb000 rw-p 00008000 fe:00 2632155                    /usr/lib/libffi.so.6.0.4
7fc2e36bb000-7fc2e36d0000 r-xp 00000000 fe:00 2627701                    /usr/lib/libz.so.1.2.8
7fc2e36d0000-7fc2e38cf000 ---p 00015000 fe:00 2627701                    /usr/lib/libz.so.1.2.8
7fc2e38cf000-7fc2e38d0000 r--p 00014000 fe:00 2627701                    /usr/lib/libz.so.1.2.8
7fc2e38d0000-7fc2e38d1000 rw-p 00015000 fe:00 2627701                    /usr/lib/libz.so.1.2.8
7fc2e38d1000-7fc2e38d9000 r-xp 00000000 fe:00 2645324                    /usr/lib/libpciaccess.so.0.11.1
7fc2e38d9000-7fc2e3ad9000 ---p 00008000 fe:00 2645324                    /usr/lib/libpciaccess.so.0.11.1
7fc2e3ad9000-7fc2e3ada000 r--p 00008000 fe:00 2645324                    /usr/lib/libpciaccess.so.0.11.1
7fc2e3ada000-7fc2e3adb000 rw-p 00009000 fe:00 2645324                    /usr/lib/libpciaccess.so.0.11.1
7fc2e3adb000-7fc2e3af1000 r-xp 00000000 fe:00 2624967                    /usr/lib/libgcc_s.so.1
7fc2e3af1000-7fc2e3cf0000 ---p 00016000 fe:00 2624967                    /usr/lib/libgcc_s.so.1
7fc2e3cf0000-7fc2e3cf1000 rw-p 00015000 fe:00 2624967                    /usr/lib/libgcc_s.so.1
7fc2e3cf1000-7fc2e3de1000 r-xp 00000000 fe:00 2624974                    /usr/lib/libstdc++.so.6.0.20
7fc2e3de1000-7fc2e3fe1000 ---p 000f0000 fe:00 2624974                    /usr/lib/libstdc++.so.6.0.20
7fc2e3fe1000-7fc2e3fe9000 r--p 000f0000 fe:00 2624974                    /usr/lib/libstdc++.so.6.0.20
7fc2e3fe9000-7fc2e3feb000 rw-p 000f8000 fe:00 2624974                    /usr/lib/libstdc++.so.6.0.20
7fc2e3feb000-7fc2e4000000 rw-p 00000000 00:00 0 
7fc2e4000000-7fc2e4021000 rw-p 00000000 00:00 0 
7fc2e4021000-7fc2e8000000 ---p 00000000 00:00 0 
7fc2e808f000-7fc2e9e89000 r-xp 00000000 fe:00 2689109                    /usr/lib/libLLVM-3.6.so
7fc2e9e89000-7fc2ea088000 ---p 01dfa000 fe:00 2689109                    /usr/lib/libLLVM-3.6.so
7fc2ea088000-7fc2ea2a4000 r--p 01df9000 fe:00 2689109                    /usr/lib/libLLVM-3.6.so
7fc2ea2a4000-7fc2ea2be000 rw-p 02015000 fe:00 2689109                    /usr/lib/libLLVM-3.6.so
7fc2ea2be000-7fc2ea2d4000 rw-p 00000000 00:00 0 
7fc2ea2d4000-7fc2ea2e9000 r-xp 00000000 fe:00 2645555                    /usr/lib/libelf-0.161.so
7fc2ea2e9000-7fc2ea4e9000 ---p 00015000 fe:00 2645555                    /usr/lib/libelf-0.161.so
7fc2ea4e9000-7fc2ea4eb000 r--p 00015000 fe:00 2645555                    /usr/lib/libelf-0.161.so
7fc2ea4eb000-7fc2ea4ec000 rw-p 00017000 fe:00 2645555                    /usr/lib/libelf-0.161.so
7fc2ea4ec000-7fc2ea4f8000 r-xp 00000000 fe:00 2645372                    /usr/lib/libdrm_radeon.so.1.0.1
7fc2ea4f8000-7fc2ea6f7000 ---p 0000c000 fe:00 2645372                    /usr/lib/libdrm_radeon.so.1.0.1
7fc2ea6f7000-7fc2ea6f8000 r--p 0000b000 fe:00 2645372                    /usr/lib/libdrm_radeon.so.1.0.1
7fc2ea6f8000-7fc2ea6f9000 rw-p 0000c000 fe:00 2645372                    /usr/lib/libdrm_radeon.so.1.0.1
7fc2ea6f9000-7fc2ea71a000 r-xp 00000000 fe:00 2645370                    /usr/lib/libdrm_intel.so.1.0.0
7fc2ea71a000-7fc2ea919000 ---p 00021000 fe:00 2645370                    /usr/lib/libdrm_intel.so.1.0.0
7fc2ea919000-7fc2ea91a000 r--p 00020000 fe:00 2645370                    /usr/lib/libdrm_intel.so.1.0.0
7fc2ea91a000-7fc2ea91b000 rw-p 00021000 fe:00 2645370                    /usr/lib/libdrm_intel.so.1.0.0
7fc2ea91b000-7fc2ea921000 r-xp 00000000 fe:00 2645371                    /usr/lib/libdrm_nouveau.so.2.0.0
7fc2ea921000-7fc2eab20000 ---p 00006000 fe:00 2645371                    /usr/lib/libdrm_nouveau.so.2.0.0
7fc2eab20000-7fc2eab21000 r--p 00005000 fe:00 2645371                    /usr/lib/libdrm_nouveau.so.2.0.0
7fc2eab21000-7fc2eab22000 rw-p 00006000 fe:00 2645371                    /usr/lib/libdrm_nouveau.so.2.0.0
7fc2eab22000-7fc2eb292000 r-xp 00000000 fe:00 3301865                    /usr/lib/xorg/modules/dri/nouveau_dri.so
7fc2eb292000-7fc2eb491000 ---p 00770000 fe:00 3301865                    /usr/lib/xorg/modules/dri/nouveau_dri.so
7fc2eb491000-7fc2eb4e8000 r--p 0076f000 fe:00 3301865                    /usr/lib/xorg/modules/dri/nouveau_dri.so
7fc2eb4e8000-7fc2eb4f4000 rw-p 007c6000 fe:00 3301865                    /usr/lib/xorg/modules/dri/nouveau_dri.so
7fc2eb4f4000-7fc2eb6d9000 rw-p 00000000 00:00 0 
7fc2eb6d9000-7fc2eb6dc000 ---p 00000000 00:00 0 
7fc2eb6dc000-7fc2eb7da000 rw-p 00000000 00:00 0 
7fc2eb7da000-7fc2eb7de000 r-xp 00000000 fe:00 2631613                    /usr/lib/libattr.so.1.1.0
7fc2eb7de000-7fc2eb9dd000 ---p 00004000 fe:00 2631613                    /usr/lib/libattr.so.1.1.0
7fc2eb9dd000-7fc2eb9de000 r--p 00003000 fe:00 2631613                    /usr/lib/libattr.so.1.1.0
7fc2eb9de000-7fc2eb9df000 rw-p 00004000 fe:00 2631613                    /usr/lib/libattr.so.1.1.0
7fc2eb9df000-7fc2eb9e3000 r-xp 00000000 fe:00 2631742                    /usr/lib/libcap.so.2.24
7fc2eb9e3000-7fc2ebbe2000 ---p 00004000 fe:00 2631742                    /usr/lib/libcap.so.2.24
7fc2ebbe2000-7fc2ebbe3000 rw-p 00003000 fe:00 2631742                    /usr/lib/libcap.so.2.24
7fc2ebbe3000-7fc2ebbf7000 r-xp 00000000 fe:00 2624622                    /usr/lib/libresolv-2.21.so
7fc2ebbf7000-7fc2ebdf6000 ---p 00014000 fe:00 2624622                    /usr/lib/libresolv-2.21.so
7fc2ebdf6000-7fc2ebdf7000 r--p 00013000 fe:00 2624622                    /usr/lib/libresolv-2.21.so
7fc2ebdf7000-7fc2ebdf8000 rw-p 00014000 fe:00 2624622                    /usr/lib/libresolv-2.21.so
7fc2ebdf8000-7fc2ebdfa000 rw-p 00000000 00:00 0 
7fc2ebdfa000-7fc2ebdff000 r-xp 00000000 fe:00 2624684                    /usr/lib/libnss_dns-2.21.so
7fc2ebdff000-7fc2ebffe000 ---p 00005000 fe:00 2624684                    /usr/lib/libnss_dns-2.21.so
7fc2ebffe000-7fc2ebfff000 r--p 00004000 fe:00 2624684                    /usr/lib/libnss_dns-2.21.so
7fc2ebfff000-7fc2ec000000 rw-p 00005000 fe:00 2624684                    /usr/lib/libnss_dns-2.21.so
7fc2ec000000-7fc2ec021000 rw-p 00000000 00:00 0 
7fc2ec021000-7fc2f0000000 ---p 00000000 00:00 0 
7fc2f0060000-7fc2f0065000 r-xp 00000000 fe:00 2627693                    /usr/lib/libXdmcp.so.6.0.0
7fc2f0065000-7fc2f0264000 ---p 00005000 fe:00 2627693                    /usr/lib/libXdmcp.so.6.0.0
7fc2f0264000-7fc2f0265000 r--p 00004000 fe:00 2627693                    /usr/lib/libXdmcp.so.6.0.0
7fc2f0265000-7fc2f0266000 rw-p 00005000 fe:00 2627693                    /usr/lib/libXdmcp.so.6.0.0
7fc2f0266000-7fc2f0268000 r-xp 00000000 fe:00 2640834                    /usr/lib/libXau.so.6.0.0
7fc2f0268000-7fc2f0468000 ---p 00002000 fe:00 2640834                    /usr/lib/libXau.so.6.0.0
7fc2f0468000-7fc2f0469000 r--p 00002000 fe:00 2640834                    /usr/lib/libXau.so.6.0.0
7fc2f0469000-7fc2f046a000 rw-p 00003000 fe:00 2640834                    /usr/lib/libXau.so.6.0.0
7fc2f046a000-7fc2f0473000 r-xp 00000000 fe:00 2645497                    /usr/lib/libXrender.so.1.3.0
7fc2f0473000-7fc2f0672000 ---p 00009000 fe:00 2645497                    /usr/lib/libXrender.so.1.3.0
7fc2f0672000-7fc2f0673000 r--p 00008000 fe:00 2645497                    /usr/lib/libXrender.so.1.3.0
7fc2f0673000-7fc2f0674000 rw-p 00009000 fe:00 2645497                    /usr/lib/libXrender.so.1.3.0
7fc2f0674000-7fc2f0680000 r-xp 00000000 fe:00 2645368                    /usr/lib/libdrm.so.2.4.0
7fc2f0680000-7fc2f087f000 ---p 0000c000 fe:00 2645368                    /usr/lib/libdrm.so.2.4.0
7fc2f087f000-7fc2f0880000 r--p 0000b000 fe:00 2645368                    /usr/lib/libdrm.so.2.4.0
7fc2f0880000-7fc2f0881000 rw-p 0000c000 fe:00 2645368                    /usr/lib/libdrm.so.2.4.0
7fc2f0881000-7fc2f0882000 r-xp 00000000 fe:00 2645518                    /usr/lib/libxshmfence.so.1.0.0
7fc2f0882000-7fc2f0a82000 ---p 00001000 fe:00 2645518                    /usr/lib/libxshmfence.so.1.0.0
7fc2f0a82000-7fc2f0a83000 r--p 00001000 fe:00 2645518                    /usr/lib/libxshmfence.so.1.0.0
7fc2f0a83000-7fc2f0a84000 rw-p 00002000 fe:00 2645518                    /usr/lib/libxshmfence.so.1.0.0
7fc2f0a84000-7fc2f0a89000 r-xp 00000000 fe:00 2643171                    /usr/lib/libxcb-sync.so.1.0.0
7fc2f0a89000-7fc2f0c89000 ---p 00005000 fe:00 2643171                    /usr/lib/libxcb-sync.so.1.0.0
7fc2f0c89000-7fc2f0c8a000 r--p 00005000 fe:00 2643171                    /usr/lib/libxcb-sync.so.1.0.0
7fc2f0c8a000-7fc2f0c8b000 rw-p 00006000 fe:00 2643171                    /usr/lib/libxcb-sync.so.1.0.0
7fc2f0c8b000-7fc2f0c8e000 r-xp 00000000 fe:00 2643140                    /usr/lib/libxcb-shape.so.0.0.0
7fc2f0c8e000-7fc2f0e8d000 ---p 00003000 fe:00 2643140                    /usr/lib/libxcb-shape.so.0.0.0
7fc2f0e8d000-7fc2f0e8e000 r--p 00002000 fe:00 2643140                    /usr/lib/libxcb-shape.so.0.0.0
7fc2f0e8e000-7fc2f0e8f000 rw-p 00003000 fe:00 2643140                    /usr/lib/libxcb-shape.so.0.0.0
7fc2f0e8f000-7fc2f0e98000 r-xp 00000000 fe:00 2643125                    /usr/lib/libxcb-render.so.0.0.0
7fc2f0e98000-7fc2f1097000 ---p 00009000 fe:00 2643125                    /usr/lib/libxcb-render.so.0.0.0
7fc2f1097000-7fc2f1098000 r--p 00008000 fe:00 2643125                    /usr/lib/libxcb-render.so.0.0.0
7fc2f1098000-7fc2f1099000 rw-p 00009000 fe:00 2643125                    /usr/lib/libxcb-render.so.0.0.0
7fc2f1099000-7fc2f109f000 r-xp 00000000 fe:00 2643122                    /usr/lib/libxcb-xfixes.so.0.0.0
7fc2f109f000-7fc2f129f000 ---p 00006000 fe:00 2643122                    /usr/lib/libxcb-xfixes.so.0.0.0
7fc2f129f000-7fc2f12a0000 r--p 00006000 fe:00 2643122                    /usr/lib/libxcb-xfixes.so.0.0.0
7fc2f12a0000-7fc2f12a1000 rw-p 00007000 fe:00 2643122                    /usr/lib/libxcb-xfixes.so.0.0.0
7fc2f12a1000-7fc2f12ae000 r-xp 00000000 fe:00 2643179                    /usr/lib/libxcb-randr.so.0.1.0
7fc2f12ae000-7fc2f14ad000 ---p 0000d000 fe:00 2643179                    /usr/lib/libxcb-randr.so.0.1.0
7fc2f14ad000-7fc2f14ae000 r--p 0000c000 fe:00 2643179                    /usr/lib/libxcb-randr.so.0.1.0
7fc2f14ae000-7fc2f14af000 rw-p 0000d000 fe:00 2643179                    /usr/lib/libxcb-randr.so.0.1.0
7fc2f14af000-7fc2f14b1000 r-xp 00000000 fe:00 2643158                    /usr/lib/libxcb-present.so.0.0.0
7fc2f14b1000-7fc2f16b0000 ---p 00002000 fe:00 2643158                    /usr/lib/libxcb-present.so.0.0.0
7fc2f16b0000-7fc2f16b1000 r--p 00001000 fe:00 2643158                    /usr/lib/libxcb-present.so.0.0.0
7fc2f16b1000-7fc2f16b2000 rw-p 00002000 fe:00 2643158                    /usr/lib/libxcb-present.so.0.0.0
7fc2f16b2000-7fc2f16b4000 r-xp 00000000 fe:00 2643130                    /usr/lib/libxcb-dri3.so.0.0.0
7fc2f16b4000-7fc2f18b3000 ---p 00002000 fe:00 2643130                    /usr/lib/libxcb-dri3.so.0.0.0
7fc2f18b3000-7fc2f18b4000 r--p 00001000 fe:00 2643130                    /usr/lib/libxcb-dri3.so.0.0.0
7fc2f18b4000-7fc2f18b5000 rw-p 00002000 fe:00 2643130                    /usr/lib/libxcb-dri3.so.0.0.0
7fc2f18b5000-7fc2f18b9000 r-xp 00000000 fe:00 2643155                    /usr/lib/libxcb-dri2.so.0.0.0
7fc2f18b9000-7fc2f1ab8000 ---p 00004000 fe:00 2643155                    /usr/lib/libxcb-dri2.so.0.0.0
7fc2f1ab8000-7fc2f1ab9000 r--p 00003000 fe:00 2643155                    /usr/lib/libxcb-dri2.so.0.0.0
7fc2f1ab9000-7fc2f1aba000 rw-p 00004000 fe:00 2643155                    /usr/lib/libxcb-dri2.so.0.0.0
7fc2f1aba000-7fc2f1ad1000 r-xp 00000000 fe:00 2643129                    /usr/lib/libxcb-glx.so.0.0.0
7fc2f1ad1000-7fc2f1cd1000 ---p 00017000 fe:00 2643129                    /usr/lib/libxcb-glx.so.0.0.0
7fc2f1cd1000-7fc2f1cd3000 r--p 00017000 fe:00 2643129                    /usr/lib/libxcb-glx.so.0.0.0
7fc2f1cd3000-7fc2f1cd4000 rw-p 00019000 fe:00 2643129                    /usr/lib/libxcb-glx.so.0.0.0
7fc2f1cd4000-7fc2f1cd5000 r-xp 00000000 fe:00 2643225                    /usr/lib/libX11-xcb.so.1.0.0
7fc2f1cd5000-7fc2f1ed4000 ---p 00001000 fe:00 2643225                    /usr/lib/libX11-xcb.so.1.0.0
7fc2f1ed4000-7fc2f1ed5000 r--p 00000000 fe:00 2643225                    /usr/lib/libX11-xcb.so.1.0.0
7fc2f1ed5000-7fc2f1ed6000 rw-p 00001000 fe:00 2643225                    /usr/lib/libX11-xcb.so.1.0.0
7fc2f1ed6000-7fc2f1edb000 r-xp 00000000 fe:00 2644195                    /usr/lib/libXfixes.so.3.1.0
7fc2f1edb000-7fc2f20da000 ---p 00005000 fe:00 2644195                    /usr/lib/libXfixes.so.3.1.0
7fc2f20da000-7fc2f20db000 r--p 00004000 fe:00 2644195                    /usr/lib/libXfixes.so.3.1.0
7fc2f20db000-7fc2f20dc000 rw-p 00005000 fe:00 2644195                    /usr/lib/libXfixes.so.3.1.0
7fc2f20dc000-7fc2f20de000 r-xp 00000000 fe:00 2645591                    /usr/lib/libXdamage.so.1.1.0
7fc2f20de000-7fc2f22dd000 ---p 00002000 fe:00 2645591                    /usr/lib/libXdamage.so.1.1.0
7fc2f22dd000-7fc2f22de000 r--p 00001000 fe:00 2645591                    /usr/lib/libXdamage.so.1.1.0
7fc2f22de000-7fc2f22df000 rw-p 00002000 fe:00 2645591                    /usr/lib/libXdamage.so.1.1.0
7fc2f22df000-7fc2f22f0000 r-xp 00000000 fe:00 2644111                    /usr/lib/libXext.so.6.4.0
7fc2f22f0000-7fc2f24ef000 ---p 00011000 fe:00 2644111                    /usr/lib/libXext.so.6.4.0
7fc2f24ef000-7fc2f24f0000 r--p 00010000 fe:00 2644111                    /usr/lib/libXext.so.6.4.0
7fc2f24f0000-7fc2f24f1000 rw-p 00011000 fe:00 2644111                    /usr/lib/libXext.so.6.4.0
7fc2f24f1000-7fc2f2517000 r-xp 00000000 fe:00 2649644                    /usr/lib/libglapi.so.0.0.0
7fc2f2517000-7fc2f2717000 ---p 00026000 fe:00 2649644                    /usr/lib/libglapi.so.0.0.0
7fc2f2717000-7fc2f271a000 r--p 00026000 fe:00 2649644                    /usr/lib/libglapi.so.0.0.0
7fc2f271a000-7fc2f271b000 rw-p 00029000 fe:00 2649644                    /usr/lib/libglapi.so.0.0.0
7fc2f271b000-7fc2f271c000 rw-p 00000000 00:00 0 
7fc2f271c000-7fc2f2743000 r-xp 00000000 fe:00 2631998                    /usr/lib/libexpat.so.1.6.0
7fc2f2743000-7fc2f2942000 ---p 00027000 fe:00 2631998                    /usr/lib/libexpat.so.1.6.0
7fc2f2942000-7fc2f2945000 r--p 00026000 fe:00 2631998                    /usr/lib/libexpat.so.1.6.0
7fc2f2945000-7fc2f2946000 rw-p 00029000 fe:00 2631998                    /usr/lib/libexpat.so.1.6.0
7fc2f2946000-7fc2f2967000 r-xp 00000000 fe:00 2643143                    /usr/lib/libxcb.so.1.1.0
7fc2f2967000-7fc2f2b66000 ---p 00021000 fe:00 2643143                    /usr/lib/libxcb.so.1.1.0
7fc2f2b66000-7fc2f2b67000 r--p 00020000 fe:00 2643143                    /usr/lib/libxcb.so.1.1.0
7fc2f2b67000-7fc2f2b68000 rw-p 00021000 fe:00 2643143                    /usr/lib/libxcb.so.1.1.0
7fc2f2b68000-7fc2f2b72000 r-xp 00000000 fe:00 2645985                    /usr/lib/libXcursor.so.1.0.2
7fc2f2b72000-7fc2f2d71000 ---p 0000a000 fe:00 2645985                    /usr/lib/libXcursor.so.1.0.2
7fc2f2d71000-7fc2f2d72000 r--p 00009000 fe:00 2645985                    /usr/lib/libXcursor.so.1.0.2
7fc2f2d72000-7fc2f2d73000 rw-p 0000a000 fe:00 2645985                    /usr/lib/libXcursor.so.1.0.2
7fc2f2d73000-7fc2f2d75000 r-xp 00000000 fe:00 2645987                    /usr/lib/libXinerama.so.1.0.0
7fc2f2d75000-7fc2f2f74000 ---p 00002000 fe:00 2645987                    /usr/lib/libXinerama.so.1.0.0
7fc2f2f74000-7fc2f2f75000 r--p 00001000 fe:00 2645987                    /usr/lib/libXinerama.so.1.0.0
7fc2f2f75000-7fc2f2f76000 rw-p 00002000 fe:00 2645987                    /usr/lib/libXinerama.so.1.0.0
7fc2f2f76000-7fc2f2f7b000 r-xp 00000000 fe:00 2645576                    /usr/lib/libXxf86vm.so.1.0.0
7fc2f2f7b000-7fc2f317a000 ---p 00005000 fe:00 2645576                    /usr/lib/libXxf86vm.so.1.0.0
7fc2f317a000-7fc2f317b000 r--p 00004000 fe:00 2645576                    /usr/lib/libXxf86vm.so.1.0.0
7fc2f317b000-7fc2f317c000 rw-p 00005000 fe:00 2645576                    /usr/lib/libXxf86vm.so.1.0.0
7fc2f317c000-7fc2f3185000 r-xp 00000000 fe:00 2645997                    /usr/lib/libXrandr.so.2.2.0
7fc2f3185000-7fc2f3384000 ---p 00009000 fe:00 2645997                    /usr/lib/libXrandr.so.2.2.0
7fc2f3384000-7fc2f3385000 r--p 00008000 fe:00 2645997                    /usr/lib/libXrandr.so.2.2.0
7fc2f3385000-7fc2f3386000 rw-p 00009000 fe:00 2645997                    /usr/lib/libXrandr.so.2.2.0
7fc2f3386000-7fc2f3395000 r-xp 00000000 fe:00 2644191                    /usr/lib/libXi.so.6.1.0
7fc2f3395000-7fc2f3595000 ---p 0000f000 fe:00 2644191                    /usr/lib/libXi.so.6.1.0
7fc2f3595000-7fc2f3596000 r--p 0000f000 fe:00 2644191                    /usr/lib/libXi.so.6.1.0
7fc2f3596000-7fc2f3597000 rw-p 00010000 fe:00 2644191                    /usr/lib/libXi.so.6.1.0
7fc2f3597000-7fc2f362f000 r-xp 00000000 fe:00 3297220                    /usr/lib/mesa/libGL.so.1.2.0
7fc2f362f000-7fc2f382e000 ---p 00098000 fe:00 3297220                    /usr/lib/mesa/libGL.so.1.2.0
7fc2f382e000-7fc2f3831000 r--p 00097000 fe:00 3297220                    /usr/lib/mesa/libGL.so.1.2.0
7fc2f3831000-7fc2f3832000 rw-p 0009a000 fe:00 3297220                    /usr/lib/mesa/libGL.so.1.2.0
7fc2f3832000-7fc2f3833000 rw-p 00000000 00:00 0 
7fc2f3833000-7fc2f396e000 r-xp 00000000 fe:00 2643224                    /usr/lib/libX11.so.6.3.0
7fc2f396e000-7fc2f3b6d000 ---p 0013b000 fe:00 2643224                    /usr/lib/libX11.so.6.3.0
7fc2f3b6d000-7fc2f3b6f000 r--p 0013a000 fe:00 2643224                    /usr/lib/libX11.so.6.3.0
7fc2f3b6f000-7fc2f3b74000 rw-p 0013c000 fe:00 2643224                    /usr/lib/libX11.so.6.3.0
7fc2f3b74000-7fc2f3b75000 rw-p 00000000 00:00 0 
7fc2f3b75000-7fc2f3be7000 r-xp 00000000 fe:02 41551762                   /home/beenotung/git/workspace/hkcc-pacman-robot/lib/lwjgl3/native/linux/x64/liblwjgl.so
7fc2f3be7000-7fc2f3de6000 ---p 00072000 fe:02 41551762                   /home/beenotung/git/workspace/hkcc-pacman-robot/lib/lwjgl3/native/linux/x64/liblwjgl.so
7fc2f3de6000-7fc2f3de7000 r--p 00071000 fe:02 41551762                   /home/beenotung/git/workspace/hkcc-pacman-robot/lib/lwjgl3/native/linux/x64/liblwjgl.so
7fc2f3de7000-7fc2f3de8000 rw-p 00072000 fe:02 41551762                   /home/beenotung/git/workspace/hkcc-pacman-robot/lib/lwjgl3/native/linux/x64/liblwjgl.so
7fc2f3de8000-7fc2f3de9000 rw-p 00000000 00:00 0 
7fc2f3de9000-7fc2f3dff000 r-xp 00000000 fe:00 4072527                    /usr/lib/jvm/java-8-jdk/jre/lib/amd64/libnet.so
7fc2f3dff000-7fc2f3fff000 ---p 00016000 fe:00 4072527                    /usr/lib/jvm/java-8-jdk/jre/lib/amd64/libnet.so
7fc2f3fff000-7fc2f4000000 rw-p 00016000 fe:00 4072527                    /usr/lib/jvm/java-8-jdk/jre/lib/amd64/libnet.so
7fc2f4000000-7fc2f4021000 rw-p 00000000 00:00 0 
7fc2f4021000-7fc2f8000000 ---p 00000000 00:00 0 
7fc2f8000000-7fc2f8021000 rw-p 00000000 00:00 0 
7fc2f8021000-7fc2fc000000 ---p 00000000 00:00 0 
7fc2fc000000-7fc2fc021000 rw-p 00000000 00:00 0 
7fc2fc021000-7fc300000000 ---p 00000000 00:00 0 
7fc300038000-7fc300048000 r-xp 00000000 fe:00 2655815                    /usr/lib/libudev.so.1.6.2
7fc300048000-7fc300049000 r--p 0000f000 fe:00 2655815                    /usr/lib/libudev.so.1.6.2
7fc300049000-7fc30004a000 rw-p 00010000 fe:00 2655815                    /usr/lib/libudev.so.1.6.2
7fc30004a000-7fc30004d000 ---p 00000000 00:00 0 
7fc30004d000-7fc30014b000 rw-p 00000000 00:00 0                          [stack:14652]
7fc30014b000-7fc300157000 r-xp 00000000 fe:00 2633439                    /usr/lib/libnss_myhostname.so.2
7fc300157000-7fc300158000 ---p 0000c000 fe:00 2633439                    /usr/lib/libnss_myhostname.so.2
7fc300158000-7fc30015a000 r--p 0000c000 fe:00 2633439                    /usr/lib/libnss_myhostname.so.2
7fc30015a000-7fc30015b000 rw-p 0000e000 fe:00 2633439                    /usr/lib/libnss_myhostname.so.2
7fc300186000-7fc30018a000 r--s 00093000 fe:00 3949442                    /usr/lib/jvm/java-8-jdk/jre/lib/jsse.jar
7fc30018a000-7fc300194000 r--s 00116000 fe:00 3949472                    /usr/lib/jvm/java-8-jdk/jre/lib/ext/localedata.jar
7fc300194000-7fc3001b0000 r--s 00393000 fe:00 3949466                    /usr/lib/jvm/java-8-jdk/jre/lib/ext/cldrdata.jar
7fc3001b0000-7fc3001e1000 rw-p 00000000 00:00 0 
7fc3001e1000-7fc3001e4000 ---p 00000000 00:00 0 
7fc3001e4000-7fc3002e2000 rw-p 00000000 00:00 0                          [stack:14642]
7fc3002e2000-7fc3002e4000 r--s 00016000 fe:00 3939981                    /usr/share/intellijidea-ce/lib/idea_rt.jar
7fc3002e4000-7fc3002e7000 r--s 00011000 fe:02 41551757                   /home/beenotung/git/workspace/hkcc-pacman-robot/lib/lwjgl3/jar/disruptor.jar
7fc3002e7000-7fc3002f6000 r--s 0012b000 fe:02 41551758                   /home/beenotung/git/workspace/hkcc-pacman-robot/lib/lwjgl3/jar/lwjgl.jar
7fc3002f6000-7fc30039e000 r--s 0090a000 fe:02 41551950                   /home/beenotung/git/workspace/hkcc-pacman-robot/lib/NeuroEvolution/NeuroEvolution.jar
7fc30039e000-7fc300422000 r--s 00826000 fe:02 41682275                   /home/beenotung/git/workspace/hkcc-pacman-robot/lib/myutils/myutils.jar
7fc300422000-7fc300424000 r--s 0000f000 fe:02 41681194                   /home/beenotung/git/workspace/hkcc-pacman-robot/lib/pi4j/pi4j-gpio-extension-sources.jar
7fc300424000-7fc300427000 r--s 00032000 fe:02 41681193                   /home/beenotung/git/workspace/hkcc-pacman-robot/lib/pi4j/pi4j-gpio-extension-javadoc.jar
7fc300427000-7fc300429000 r--s 00003000 fe:02 41681197                   /home/beenotung/git/workspace/hkcc-pacman-robot/lib/pi4j/pi4j-service-sources.jar
7fc300429000-7fc30042b000 r--s 00012000 fe:02 41681196                   /home/beenotung/git/workspace/hkcc-pacman-robot/lib/pi4j/pi4j-service-javadoc.jar
7fc30042b000-7fc30042d000 r--s 00013000 fe:02 41681191                   /home/beenotung/git/workspace/hkcc-pacman-robot/lib/pi4j/pi4j-example-sources.jar
7fc30042d000-7fc300430000 r--s 00031000 fe:02 41681190                   /home/beenotung/git/workspace/hkcc-pacman-robot/lib/pi4j/pi4j-example-javadoc.jar
7fc300430000-7fc300432000 r--s 00011000 fe:02 41681195                   /home/beenotung/git/workspace/hkcc-pacman-robot/lib/pi4j/pi4j-gpio-extension.jar
7fc300432000-7fc300438000 r--s 00033000 fe:02 41681186                   /home/beenotung/git/workspace/hkcc-pacman-robot/lib/pi4j/pi4j-device-sources.jar
7fc300438000-7fc300448000 r--s 00124000 fe:02 41681185                   /home/beenotung/git/workspace/hkcc-pacman-robot/lib/pi4j/pi4j-device-javadoc.jar
7fc300448000-7fc30044d000 r--s 00038000 fe:02 41681183                   /home/beenotung/git/workspace/hkcc-pacman-robot/lib/pi4j/pi4j-core-sources.jar
7fc30044d000-7fc300457000 r--s 000d6000 fe:02 41681182                   /home/beenotung/git/workspace/hkcc-pacman-robot/lib/pi4j/pi4j-core-javadoc.jar
7fc300457000-7fc300459000 r--s 00003000 fe:02 41681198                   /home/beenotung/git/workspace/hkcc-pacman-robot/lib/pi4j/pi4j-service.jar
7fc300459000-7fc300460000 r--s 0002c000 fe:02 41681189                   /home/beenotung/git/workspace/hkcc-pacman-robot/lib/pi4j/pi4j-device.jar
7fc300460000-7fc300465000 r--s 0002f000 fe:02 41681184                   /home/beenotung/git/workspace/hkcc-pacman-robot/lib/pi4j/pi4j-core.jar
7fc300465000-7fc30046b000 r--s 00036000 fe:02 41681180                   /home/beenotung/git/workspace/hkcc-pacman-robot/lib/pi4j/junit.jar
7fc30046b000-7fc3004c4000 r--s 004f6000 fe:02 41812706                   /home/beenotung/.ivy2/cache/org.scala-lang/scala-library/jars/scala-library-2.11.6.jar
7fc3004c4000-7fc3004d7000 r--s 000d5000 fe:00 3949455                    /usr/lib/jvm/java-8-jdk/jre/lib/plugin.jar
7fc3004d7000-7fc3004ea000 r--s 00344000 fe:00 3949438                    /usr/lib/jvm/java-8-jdk/jre/lib/resources.jar
7fc3004ea000-7fc300503000 r--s 001ea000 fe:00 3949441                    /usr/lib/jvm/java-8-jdk/jre/lib/deploy.jar
7fc300503000-7fc300504000 ---p 00000000 00:00 0 
7fc300504000-7fc300604000 rw-p 00000000 00:00 0                          [stack:14634]
7fc300604000-7fc300607000 ---p 00000000 00:00 0 
7fc300607000-7fc300705000 rw-p 00000000 00:00 0                          [stack:14633]
7fc300705000-7fc300708000 ---p 00000000 00:00 0 
7fc300708000-7fc300806000 rw-p 00000000 00:00 0                          [stack:14632]
7fc300806000-7fc300809000 ---p 00000000 00:00 0 
7fc300809000-7fc300907000 rw-p 00000000 00:00 0                          [stack:14631]
7fc300907000-7fc30090a000 ---p 00000000 00:00 0 
7fc30090a000-7fc300a08000 rw-p 00000000 00:00 0                          [stack:14630]
7fc300a08000-7fc300a0b000 ---p 00000000 00:00 0 
7fc300a0b000-7fc300b09000 rw-p 00000000 00:00 0                          [stack:14629]
7fc300b09000-7fc300b0c000 ---p 00000000 00:00 0 
7fc300b0c000-7fc300c0a000 rw-p 00000000 00:00 0                          [stack:14628]
7fc300c0a000-7fc300dcf000 r--p 00000000 fe:00 2655801                    /usr/lib/locale/locale-archive
7fc300dcf000-7fc300dd2000 ---p 00000000 00:00 0 
7fc300dd2000-7fc300ed0000 rw-p 00000000 00:00 0                          [stack:14624]
7fc300ed0000-7fc300ed3000 ---p 00000000 00:00 0 
7fc300ed3000-7fc300fd1000 rw-p 00000000 00:00 0                          [stack:14623]
7fc300fd1000-7fc300fd2000 ---p 00000000 00:00 0 
7fc300fd2000-7fc302cd4000 rw-p 00000000 00:00 0                          [stack:14622]
7fc302cd4000-7fc302eaa000 r--s 03caa000 fe:00 3949446                    /usr/lib/jvm/java-8-jdk/jre/lib/rt.jar
7fc302eaa000-7fc303ef2000 rw-p 00000000 00:00 0 
7fc303ef2000-7fc303ef3000 ---p 00000000 00:00 0 
7fc303ef3000-7fc303ff3000 rw-p 00000000 00:00 0                          [stack:14611]
7fc303ff3000-7fc303ff4000 ---p 00000000 00:00 0 
7fc303ff4000-7fc3040f4000 rw-p 00000000 00:00 0                          [stack:14610]
7fc3040f4000-7fc3040f5000 ---p 00000000 00:00 0 
7fc3040f5000-7fc3041f5000 rw-p 00000000 00:00 0                          [stack:14609]
7fc3041f5000-7fc3041f6000 ---p 00000000 00:00 0 
7fc3041f6000-7fc30434a000 rw-p 00000000 00:00 0                          [stack:14608]
7fc30434a000-7fc30482d000 ---p 00000000 00:00 0 
7fc30482d000-7fc304881000 rw-p 00000000 00:00 0 
7fc304881000-7fc304d63000 ---p 00000000 00:00 0 
7fc304d63000-7fc304d8e000 rw-p 00000000 00:00 0 
7fc304d8e000-7fc304fff000 ---p 00000000 00:00 0 
7fc304fff000-7fc305000000 rw-p 00000000 00:00 0 
7fc305000000-7fc3052a0000 rwxp 00000000 00:00 0 
7fc3052a0000-7fc314000000 ---p 00000000 00:00 0 
7fc314000000-7fc314550000 rw-p 00000000 00:00 0 
7fc314550000-7fc318000000 ---p 00000000 00:00 0 
7fc318000000-7fc318001000 rwxp 00000000 00:00 0 
7fc318001000-7fc318004000 r--s 00018000 fe:02 41681192                   /home/beenotung/git/workspace/hkcc-pacman-robot/lib/pi4j/pi4j-example.jar
7fc318004000-7fc318006000 r--s 0001a000 fe:00 3949452                    /usr/lib/jvm/java-8-jdk/jre/lib/jce.jar
7fc318006000-7fc31800a000 r--s 00093000 fe:00 3949442                    /usr/lib/jvm/java-8-jdk/jre/lib/jsse.jar
7fc31800a000-7fc31800f000 r--s 00084000 fe:00 3949445                    /usr/lib/jvm/java-8-jdk/jre/lib/jfr.jar
7fc31800f000-7fc318019000 r--s 00069000 fe:00 3949459                    /usr/lib/jvm/java-8-jdk/jre/lib/javaws.jar
7fc318019000-7fc31801b000 r--s 00007000 fe:00 3949435                    /usr/lib/jvm/java-8-jdk/jre/lib/jfxswt.jar
7fc31801b000-7fc318097000 rw-p 00000000 00:00 0 
7fc318097000-7fc318098000 ---p 00000000 00:00 0 
7fc318098000-7fc318198000 rw-p 00000000 00:00 0                          [stack:14607]
7fc318198000-7fc318199000 ---p 00000000 00:00 0 
7fc318199000-7fc318299000 rw-p 00000000 00:00 0                          [stack:14606]
7fc318299000-7fc31829a000 ---p 00000000 00:00 0 
7fc31829a000-7fc31839a000 rw-p 00000000 00:00 0                          [stack:14605]
7fc31839a000-7fc31839b000 ---p 00000000 00:00 0 
7fc31839b000-7fc3184a6000 rw-p 00000000 00:00 0                          [stack:14604]
7fc3184a6000-7fc31885b000 ---p 00000000 00:00 0 
7fc31885b000-7fc318875000 r-xp 00000000 fe:00 4072537                    /usr/lib/jvm/java-8-jdk/jre/lib/amd64/libzip.so
7fc318875000-7fc318a75000 ---p 0001a000 fe:00 4072537                    /usr/lib/jvm/java-8-jdk/jre/lib/amd64/libzip.so
7fc318a75000-7fc318a76000 rw-p 0001a000 fe:00 4072537                    /usr/lib/jvm/java-8-jdk/jre/lib/amd64/libzip.so
7fc318a76000-7fc318a81000 r-xp 00000000 fe:00 2624626                    /usr/lib/libnss_files-2.21.so
7fc318a81000-7fc318c81000 ---p 0000b000 fe:00 2624626                    /usr/lib/libnss_files-2.21.so
7fc318c81000-7fc318c82000 r--p 0000b000 fe:00 2624626                    /usr/lib/libnss_files-2.21.so
7fc318c82000-7fc318c83000 rw-p 0000c000 fe:00 2624626                    /usr/lib/libnss_files-2.21.so
7fc318c83000-7fc318cad000 r-xp 00000000 fe:00 4072557                    /usr/lib/jvm/java-8-jdk/jre/lib/amd64/libjava.so
7fc318cad000-7fc318ead000 ---p 0002a000 fe:00 4072557                    /usr/lib/jvm/java-8-jdk/jre/lib/amd64/libjava.so
7fc318ead000-7fc318eaf000 rw-p 0002a000 fe:00 4072557                    /usr/lib/jvm/java-8-jdk/jre/lib/amd64/libjava.so
7fc318eaf000-7fc318ebc000 r-xp 00000000 fe:00 4072544                    /usr/lib/jvm/java-8-jdk/jre/lib/amd64/libverify.so
7fc318ebc000-7fc3190bc000 ---p 0000d000 fe:00 4072544                    /usr/lib/jvm/java-8-jdk/jre/lib/amd64/libverify.so
7fc3190bc000-7fc3190be000 rw-p 0000d000 fe:00 4072544                    /usr/lib/jvm/java-8-jdk/jre/lib/amd64/libverify.so
7fc3190be000-7fc3190c5000 r-xp 00000000 fe:00 2624673                    /usr/lib/librt-2.21.so
7fc3190c5000-7fc3192c4000 ---p 00007000 fe:00 2624673                    /usr/lib/librt-2.21.so
7fc3192c4000-7fc3192c5000 r--p 00006000 fe:00 2624673                    /usr/lib/librt-2.21.so
7fc3192c5000-7fc3192c6000 rw-p 00007000 fe:00 2624673                    /usr/lib/librt-2.21.so
7fc3192c6000-7fc3193c9000 r-xp 00000000 fe:00 2624701                    /usr/lib/libm-2.21.so
7fc3193c9000-7fc3195c9000 ---p 00103000 fe:00 2624701                    /usr/lib/libm-2.21.so
7fc3195c9000-7fc3195ca000 r--p 00103000 fe:00 2624701                    /usr/lib/libm-2.21.so
7fc3195ca000-7fc3195cb000 rw-p 00104000 fe:00 2624701                    /usr/lib/libm-2.21.so
7fc3195cb000-7fc31a238000 r-xp 00000000 fe:00 4460819                    /usr/lib/jvm/java-8-jdk/jre/lib/amd64/server/libjvm.so
7fc31a238000-7fc31a437000 ---p 00c6d000 fe:00 4460819                    /usr/lib/jvm/java-8-jdk/jre/lib/amd64/server/libjvm.so
7fc31a437000-7fc31a50d000 rw-p 00c6c000 fe:00 4460819                    /usr/lib/jvm/java-8-jdk/jre/lib/amd64/server/libjvm.so
7fc31a50d000-7fc31a550000 rw-p 00000000 00:00 0 
7fc31a550000-7fc31a6e9000 r-xp 00000000 fe:00 2624641                    /usr/lib/libc-2.21.so
7fc31a6e9000-7fc31a8e9000 ---p 00199000 fe:00 2624641                    /usr/lib/libc-2.21.so
7fc31a8e9000-7fc31a8ed000 r--p 00199000 fe:00 2624641                    /usr/lib/libc-2.21.so
7fc31a8ed000-7fc31a8ef000 rw-p 0019d000 fe:00 2624641                    /usr/lib/libc-2.21.so
7fc31a8ef000-7fc31a8f3000 rw-p 00000000 00:00 0 
7fc31a8f3000-7fc31a8f5000 r-xp 00000000 fe:00 2624682                    /usr/lib/libdl-2.21.so
7fc31a8f5000-7fc31aaf5000 ---p 00002000 fe:00 2624682                    /usr/lib/libdl-2.21.so
7fc31aaf5000-7fc31aaf6000 r--p 00002000 fe:00 2624682                    /usr/lib/libdl-2.21.so
7fc31aaf6000-7fc31aaf7000 rw-p 00003000 fe:00 2624682                    /usr/lib/libdl-2.21.so
7fc31aaf7000-7fc31ab0c000 r-xp 00000000 fe:00 4460811                    /usr/lib/jvm/java-8-jdk/jre/lib/amd64/jli/libjli.so
7fc31ab0c000-7fc31ad0b000 ---p 00015000 fe:00 4460811                    /usr/lib/jvm/java-8-jdk/jre/lib/amd64/jli/libjli.so
7fc31ad0b000-7fc31ad0c000 rw-p 00014000 fe:00 4460811                    /usr/lib/jvm/java-8-jdk/jre/lib/amd64/jli/libjli.so
7fc31ad0c000-7fc31ad24000 r-xp 00000000 fe:00 2624671                    /usr/lib/libpthread-2.21.so
7fc31ad24000-7fc31af23000 ---p 00018000 fe:00 2624671                    /usr/lib/libpthread-2.21.so
7fc31af23000-7fc31af24000 r--p 00017000 fe:00 2624671                    /usr/lib/libpthread-2.21.so
7fc31af24000-7fc31af25000 rw-p 00018000 fe:00 2624671                    /usr/lib/libpthread-2.21.so
7fc31af25000-7fc31af29000 rw-p 00000000 00:00 0 
7fc31af29000-7fc31af4b000 r-xp 00000000 fe:00 2624696                    /usr/lib/ld-2.21.so
7fc31af4c000-7fc31af51000 r--s 002f8000 fe:00 3949453                    /usr/lib/jvm/java-8-jdk/jre/lib/charsets.jar
7fc31af51000-7fc31afef000 rw-p 00000000 00:00 0 
7fc31afef000-7fc31aff2000 ---p 00000000 00:00 0 
7fc31aff2000-7fc31b0f4000 rw-p 00000000 00:00 0                          [stack:14602]
7fc31b0f4000-7fc31b0f5000 rwxp 00000000 00:00 0 
7fc31b0f5000-7fc31b0f6000 r--s 00000000 fe:00 3949449                    /usr/lib/jvm/java-8-jdk/jre/lib/management-agent.jar
7fc31b0f6000-7fc31b13f000 rw-p 00000000 00:00 0 
7fc31b13f000-7fc31b147000 rw-s 00000000 00:1f 104344                     /tmp/hsperfdata_beenotung/14601
7fc31b147000-7fc31b148000 rw-p 00000000 00:00 0 
7fc31b148000-7fc31b149000 r--p 00000000 00:00 0 
7fc31b149000-7fc31b14a000 rw-p 00000000 00:00 0 
7fc31b14a000-7fc31b14b000 r--p 00021000 fe:00 2624696                    /usr/lib/ld-2.21.so
7fc31b14b000-7fc31b14c000 rw-p 00022000 fe:00 2624696                    /usr/lib/ld-2.21.so
7fc31b14c000-7fc31b14d000 rw-p 00000000 00:00 0 
7ffde39e8000-7ffde3a0a000 rw-p 00000000 00:00 0                          [stack]
7ffde3b45000-7ffde3b47000 r--p 00000000 00:00 0                          [vvar]
7ffde3b47000-7ffde3b49000 r-xp 00000000 00:00 0                          [vdso]
ffffffffff600000-ffffffffff601000 r-xp 00000000 00:00 0                  [vsyscall]

VM Arguments:
jvm_args: -Djava.library.path=/home/beenotung/git/workspace/hkcc-pacman-robot/lib/lwjgl3/native/linux/x64:/home/beenotung/git/workspace/hkcc-pacman-robot/lib/lwjgl3/native/linux/x86:/home/beenotung/git/workspace/hkcc-pacman-robot/lib/lwjgl3/native/macosx/x64:/home/beenotung/git/workspace/hkcc-pacman-robot/lib/lwjgl3/native/windows/x64:/home/beenotung/git/workspace/hkcc-pacman-robot/lib/lwjgl3/native/windows/x86 -Didea.launcher.port=7536 -Didea.launcher.bin.path=/usr/share/intellijidea-ce/bin -Dfile.encoding=UTF-8 
java_command: com.intellij.rt.execution.application.AppMain edu.hkcc.pacmanrobot.launcher.MiniMapLauncher
java_class_path (initial): /usr/lib/jvm/default/jre/lib/management-agent.jar:/usr/lib/jvm/default/jre/lib/rt.jar:/usr/lib/jvm/default/jre/lib/charsets.jar:/usr/lib/jvm/default/jre/lib/jfxswt.jar:/usr/lib/jvm/default/jre/lib/javaws.jar:/usr/lib/jvm/default/jre/lib/deploy.jar:/usr/lib/jvm/default/jre/lib/resources.jar:/usr/lib/jvm/default/jre/lib/plugin.jar:/usr/lib/jvm/default/jre/lib/jfr.jar:/usr/lib/jvm/default/jre/lib/jsse.jar:/usr/lib/jvm/default/jre/lib/jce.jar:/usr/lib/jvm/default/jre/lib/ext/jfxrt.jar:/usr/lib/jvm/default/jre/lib/ext/sunpkcs11.jar:/usr/lib/jvm/default/jre/lib/ext/nashorn.jar:/usr/lib/jvm/default/jre/lib/ext/sunjce_provider.jar:/usr/lib/jvm/default/jre/lib/ext/cldrdata.jar:/usr/lib/jvm/default/jre/lib/ext/sunec.jar:/usr/lib/jvm/default/jre/lib/ext/dnsns.jar:/usr/lib/jvm/default/jre/lib/ext/localedata.jar:/usr/lib/jvm/default/jre/lib/ext/zipfs.jar:/home/beenotung/git/workspace/hkcc-pacman-robot/target/scala-2.11/classes:/home/beenotung/.ivy2/cache/org.scala-lang/scala-library/jars/scala-library-2.11.6.jar:/home/beenotung/git/workspace/hkcc-pacman-robot/lib/pi4j/junit.jar:/home/beenotung/git/workspace/hkcc-pacman-robot/lib/pi4j/pi4j-core.jar:/home/beenotung/git/workspace/hkcc-pacman-robot/lib/pi4j/pi4j-device.jar:/home/beenotung/git/workspace/hkcc-pacman-robot/lib/pi4j/pi4j-example.jar:/home/beenotung/git/workspace/hkcc-pacman-robot/lib/pi4j/pi4j-service.jar:/home/beenotung/git/workspace/hkcc-pacman-robot/lib/pi4j/pi4j-core-javadoc.jar:/home/beenotung/git/workspace/hkcc-pacman-robot/lib/pi4j/pi4j-core-sources.jar:/home/beenotung/git/workspace/hkcc-pacman-robot/lib/pi4j/pi4j-device-javadoc.jar:/home/beenotung/git/workspace/hkcc-pacman-robot/lib/pi4j/pi4j-device-sources.jar:/home/beenotung/git/workspace/hkcc-pacman-robot/lib/pi4j/pi4j-gpio-extension.jar:/home/beenotung/git/workspace/hkcc-pacman-robot/lib/pi4j/pi4j-example-javadoc.jar:/home/beenotung/git/workspace/hkcc-pacman-robot/lib/pi4j/pi4j-example-sources.jar:/home/beenotung/git/workspace/hk
Launcher Type: SUN_STANDARD

Environment Variables:
PATH=/usr/games:/home/beenotung/bin:/usr/local/sbin:/usr/local/bin:/usr/bin:/opt/android-sdk/tools:/usr/lib/jvm/default/bin:/usr/bin/site_perl:/usr/bin/vendor_perl:/usr/bin/core_perl
USERNAME=beenotung
LD_LIBRARY_PATH=.:
SHELL=/bin/bash
DISPLAY=:1

Signal Handlers:
SIGSEGV: [libjvm.so+0xa79a80], sa_mask[0]=11111111011111111101111111111110, sa_flags=SA_RESTART|SA_SIGINFO
SIGBUS: [libjvm.so+0xa79a80], sa_mask[0]=11111111011111111101111111111110, sa_flags=SA_RESTART|SA_SIGINFO
SIGFPE: [libjvm.so+0x8e24e0], sa_mask[0]=11111111011111111101111111111110, sa_flags=SA_RESTART|SA_SIGINFO
SIGPIPE: [libjvm.so+0x8e24e0], sa_mask[0]=11111111011111111101111111111110, sa_flags=SA_RESTART|SA_SIGINFO
SIGXFSZ: [libjvm.so+0x8e24e0], sa_mask[0]=11111111011111111101111111111110, sa_flags=SA_RESTART|SA_SIGINFO
SIGILL: [libjvm.so+0x8e24e0], sa_mask[0]=11111111011111111101111111111110, sa_flags=SA_RESTART|SA_SIGINFO
SIGUSR1: SIG_DFL, sa_mask[0]=00000000000000000000000000000000, sa_flags=none
SIGUSR2: [libjvm.so+0x8e3d10], sa_mask[0]=00100000000000000000000000000000, sa_flags=SA_RESTART|SA_SIGINFO
SIGHUP: [libjvm.so+0x8e50d0], sa_mask[0]=11111111011111111101111111111110, sa_flags=SA_RESTART|SA_SIGINFO
SIGINT: [libjvm.so+0x8e50d0], sa_mask[0]=11111111011111111101111111111110, sa_flags=SA_RESTART|SA_SIGINFO
SIGTERM: [libjvm.so+0x8e50d0], sa_mask[0]=11111111011111111101111111111110, sa_flags=SA_RESTART|SA_SIGINFO
SIGQUIT: [libjvm.so+0x8e50d0], sa_mask[0]=11111111011111111101111111111110, sa_flags=SA_RESTART|SA_SIGINFO


---------------  S Y S T E M  ---------------

OS:LSB_VERSION=1.4
DISTRIB_ID=Arch
DISTRIB_RELEASE=rolling
DISTRIB_DESCRIPTION="Arch Linux"

uname:Linux 3.19.3-3-ARCH #1 SMP PREEMPT Wed Apr 8 14:10:00 CEST 2015 x86_64
libc:glibc 2.21 NPTL 2.21 
rlimit: STACK 8192k, CORE 0k, NPROC 64015, NOFILE 4096, AS infinity
load average:0.29 0.12 0.35

/proc/meminfo:
MemTotal:       16398448 kB
MemFree:        11271180 kB
MemAvailable:   12668596 kB
Buffers:          150076 kB
Cached:          1374516 kB
SwapCached:            0 kB
Active:          3925932 kB
Inactive:         828872 kB
Active(anon):    3232192 kB
Inactive(anon):    23248 kB
Active(file):     693740 kB
Inactive(file):   805624 kB
Unevictable:         532 kB
Mlocked:             532 kB
SwapTotal:             0 kB
SwapFree:              0 kB
Dirty:             16080 kB
Writeback:             0 kB
AnonPages:       3230808 kB
Mapped:           413484 kB
Shmem:             25240 kB
Slab:             180656 kB
SReclaimable:     133976 kB
SUnreclaim:        46680 kB
KernelStack:       13792 kB
PageTables:        64280 kB
NFS_Unstable:          0 kB
Bounce:                0 kB
WritebackTmp:          0 kB
CommitLimit:     8199224 kB
Committed_AS:    9146496 kB
VmallocTotal:   34359738367 kB
VmallocUsed:      155636 kB
VmallocChunk:   34359458656 kB
HardwareCorrupted:     0 kB
AnonHugePages:   1214464 kB
HugePages_Total:       0
HugePages_Free:        0
HugePages_Rsvd:        0
HugePages_Surp:        0
Hugepagesize:       2048 kB
DirectMap4k:      159292 kB
DirectMap2M:    16578560 kB


CPU:total 8 (4 cores per cpu, 2 threads per core) family 6 model 58 stepping 9, cmov, cx8, fxsr, mmx, sse, sse2, sse3, ssse3, sse4.1, sse4.2, popcnt, avx, aes, clmul, erms, ht, tsc, tscinvbit, tscinv

/proc/cpuinfo:
processor	: 0
vendor_id	: GenuineIntel
cpu family	: 6
model		: 58
model name	: Intel(R) Xeon(R) CPU E3-1230 V2 @ 3.30GHz
stepping	: 9
microcode	: 0x12
cpu MHz		: 2151.058
cache size	: 8192 KB
physical id	: 0
siblings	: 8
core id		: 0
cpu cores	: 4
apicid		: 0
initial apicid	: 0
fpu		: yes
fpu_exception	: yes
cpuid level	: 13
wp		: yes
flags		: fpu vme de pse tsc msr pae mce cx8 apic sep mtrr pge mca cmov pat pse36 clflush dts acpi mmx fxsr sse sse2 ss ht tm pbe syscall nx rdtscp lm constant_tsc arch_perfmon pebs bts rep_good nopl xtopology nonstop_tsc aperfmperf eagerfpu pni pclmulqdq dtes64 monitor ds_cpl vmx smx est tm2 ssse3 cx16 xtpr pdcm pcid sse4_1 sse4_2 x2apic popcnt tsc_deadline_timer aes xsave avx f16c rdrand lahf_lm ida arat epb pln pts dtherm tpr_shadow vnmi flexpriority ept vpid fsgsbase smep erms xsaveopt
bugs		:
bogomips	: 6587.39
clflush size	: 64
cache_alignment	: 64
address sizes	: 36 bits physical, 48 bits virtual
power management:

processor	: 1
vendor_id	: GenuineIntel
cpu family	: 6
model		: 58
model name	: Intel(R) Xeon(R) CPU E3-1230 V2 @ 3.30GHz
stepping	: 9
microcode	: 0x12
cpu MHz		: 2424.855
cache size	: 8192 KB
physical id	: 0
siblings	: 8
core id		: 1
cpu cores	: 4
apicid		: 2
initial apicid	: 2
fpu		: yes
fpu_exception	: yes
cpuid level	: 13
wp		: yes
flags		: fpu vme de pse tsc msr pae mce cx8 apic sep mtrr pge mca cmov pat pse36 clflush dts acpi mmx fxsr sse sse2 ss ht tm pbe syscall nx rdtscp lm constant_tsc arch_perfmon pebs bts rep_good nopl xtopology nonstop_tsc aperfmperf eagerfpu pni pclmulqdq dtes64 monitor ds_cpl vmx smx est tm2 ssse3 cx16 xtpr pdcm pcid sse4_1 sse4_2 x2apic popcnt tsc_deadline_timer aes xsave avx f16c rdrand lahf_lm ida arat epb pln pts dtherm tpr_shadow vnmi flexpriority ept vpid fsgsbase smep erms xsaveopt
bugs		:
bogomips	: 6587.39
clflush size	: 64
cache_alignment	: 64
address sizes	: 36 bits physical, 48 bits virtual
power management:

processor	: 2
vendor_id	: GenuineIntel
cpu family	: 6
model		: 58
model name	: Intel(R) Xeon(R) CPU E3-1230 V2 @ 3.30GHz
stepping	: 9
microcode	: 0x12
cpu MHz		: 2403.199
cache size	: 8192 KB
physical id	: 0
siblings	: 8
core id		: 2
cpu cores	: 4
apicid		: 4
initial apicid	: 4
fpu		: yes
fpu_exception	: yes
cpuid level	: 13
wp		: yes
flags		: fpu vme de pse tsc msr pae mce cx8 apic sep mtrr pge mca cmov pat pse36 clflush dts acpi mmx fxsr sse sse2 ss ht tm pbe syscall nx rdtscp lm constant_tsc arch_perfmon pebs bts rep_good nopl xtopology nonstop_tsc aperfmperf eagerfpu pni pclmulqdq dtes64 monitor ds_cpl vmx smx est tm2 ssse3 cx16 xtpr pdcm pcid sse4_1 sse4_2 x2apic popcnt tsc_deadline_timer aes xsave avx f16c rdrand lahf_lm ida arat epb pln pts dtherm tpr_shadow vnmi flexpriority ept vpid fsgsbase smep erms xsaveopt
bugs		:
bogomips	: 6587.39
clflush size	: 64
cache_alignment	: 64
address sizes	: 36 bits physical, 48 bits virtual
power management:

processor	: 3
vendor_id	: GenuineIntel
cpu family	: 6
model		: 58
model name	: Intel(R) Xeon(R) CPU E3-1230 V2 @ 3.30GHz
stepping	: 9
microcode	: 0x12
cpu MHz		: 2458.757
cache size	: 8192 KB
physical id	: 0
siblings	: 8
core id		: 3
cpu cores	: 4
apicid		: 6
initial apicid	: 6
fpu		: yes
fpu_exception	: yes
cpuid level	: 13
wp		: yes
flags		: fpu vme de pse tsc msr pae mce cx8 apic sep mtrr pge mca cmov pat pse36 clflush dts acpi mmx fxsr sse sse2 ss ht tm pbe syscall nx rdtscp lm constant_tsc arch_perfmon pebs bts rep_good nopl xtopology nonstop_tsc aperfmperf eagerfpu pni pclmulqdq dtes64 monitor ds_cpl vmx smx est tm2 ssse3 cx16 xtpr pdcm pcid sse4_1 sse4_2 x2apic popcnt tsc_deadline_timer aes xsave avx f16c rdrand lahf_lm ida arat epb pln pts dtherm tpr_shadow vnmi flexpriority ept vpid fsgsbase smep erms xsaveopt
bugs		:
bogomips	: 6587.39
clflush size	: 64
cache_alignment	: 64
address sizes	: 36 bits physical, 48 bits virtual
power management:

processor	: 4
vendor_id	: GenuineIntel
cpu family	: 6
model		: 58
model name	: Intel(R) Xeon(R) CPU E3-1230 V2 @ 3.30GHz
stepping	: 9
microcode	: 0x12
cpu MHz		: 2275.066
cache size	: 8192 KB
physical id	: 0
siblings	: 8
core id		: 0
cpu cores	: 4
apicid		: 1
initial apicid	: 1
fpu		: yes
fpu_exception	: yes
cpuid level	: 13
wp		: yes
flags		: fpu vme de pse tsc msr pae mce cx8 apic sep mtrr pge mca cmov pat pse36 clflush dts acpi mmx fxsr sse sse2 ss ht tm pbe syscall nx rdtscp lm constant_tsc arch_perfmon pebs bts rep_good nopl xtopology nonstop_tsc aperfmperf eagerfpu pni pclmulqdq dtes64 monitor ds_cpl vmx smx est tm2 ssse3 cx16 xtpr pdcm pcid sse4_1 sse4_2 x2apic popcnt tsc_deadline_timer aes xsave avx f16c rdrand lahf_lm ida arat epb pln pts dtherm tpr_shadow vnmi flexpriority ept vpid fsgsbase smep erms xsaveopt
bugs		:
bogomips	: 6587.39
clflush size	: 64
cache_alignment	: 64
address sizes	: 36 bits physical, 48 bits virtual
power management:

processor	: 5
vendor_id	: GenuineIntel
cpu family	: 6
model		: 58
model name	: Intel(R) Xeon(R) CPU E3-1230 V2 @ 3.30GHz
stepping	: 9
microcode	: 0x12
cpu MHz		: 2233.300
cache size	: 8192 KB
physical id	: 0
siblings	: 8
core id		: 1
cpu cores	: 4
apicid		: 3
initial apicid	: 3
fpu		: yes
fpu_exception	: yes
cpuid level	: 13
wp		: yes
flags		: fpu vme de pse tsc msr pae mce cx8 apic sep mtrr pge mca cmov pat pse36 clflush dts acpi mmx fxsr sse sse2 ss ht tm pbe syscall nx rdtscp lm constant_tsc arch_perfmon pebs bts rep_good nopl xtopology nonstop_tsc aperfmperf eagerfpu pni pclmulqdq dtes64 monitor ds_cpl vmx smx est tm2 ssse3 cx16 xtpr pdcm pcid sse4_1 sse4_2 x2apic popcnt tsc_deadline_timer aes xsave avx f16c rdrand lahf_lm ida arat epb pln pts dtherm tpr_shadow vnmi flexpriority ept vpid fsgsbase smep erms xsaveopt
bugs		:
bogomips	: 6587.39
clflush size	: 64
cache_alignment	: 64
address sizes	: 36 bits physical, 48 bits virtual
power management:

processor	: 6
vendor_id	: GenuineIntel
cpu family	: 6
model		: 58
model name	: Intel(R) Xeon(R) CPU E3-1230 V2 @ 3.30GHz
stepping	: 9
microcode	: 0x12
cpu MHz		: 2452.957
cache size	: 8192 KB
physical id	: 0
siblings	: 8
core id		: 2
cpu cores	: 4
apicid		: 5
initial apicid	: 5
fpu		: yes
fpu_exception	: yes
cpuid level	: 13
wp		: yes
flags		: fpu vme de pse tsc msr pae mce cx8 apic sep mtrr pge mca cmov pat pse36 clflush dts acpi mmx fxsr sse sse2 ss ht tm pbe syscall nx rdtscp lm constant_tsc arch_perfmon pebs bts rep_good nopl xtopology nonstop_tsc aperfmperf eagerfpu pni pclmulqdq dtes64 monitor ds_cpl vmx smx est tm2 ssse3 cx16 xtpr pdcm pcid sse4_1 sse4_2 x2apic popcnt tsc_deadline_timer aes xsave avx f16c rdrand lahf_lm ida arat epb pln pts dtherm tpr_shadow vnmi flexpriority ept vpid fsgsbase smep erms xsaveopt
bugs		:
bogomips	: 6587.39
clflush size	: 64
cache_alignment	: 64
address sizes	: 36 bits physical, 48 bits virtual
power management:

processor	: 7
vendor_id	: GenuineIntel
cpu family	: 6
model		: 58
model name	: Intel(R) Xeon(R) CPU E3-1230 V2 @ 3.30GHz
stepping	: 9
microcode	: 0x12
cpu MHz		: 2331.398
cache size	: 8192 KB
physical id	: 0
siblings	: 8
core id		: 3
cpu cores	: 4
apicid		: 7
initial apicid	: 7
fpu		: yes
fpu_exception	: yes
cpuid level	: 13
wp		: yes
flags		: fpu vme de pse tsc msr pae mce cx8 apic sep mtrr pge mca cmov pat pse36 clflush dts acpi mmx fxsr sse sse2 ss ht tm pbe syscall nx rdtscp lm constant_tsc arch_perfmon pebs bts rep_good nopl xtopology nonstop_tsc aperfmperf eagerfpu pni pclmulqdq dtes64 monitor ds_cpl vmx smx est tm2 ssse3 cx16 xtpr pdcm pcid sse4_1 sse4_2 x2apic popcnt tsc_deadline_timer aes xsave avx f16c rdrand lahf_lm ida arat epb pln pts dtherm tpr_shadow vnmi flexpriority ept vpid fsgsbase smep erms xsaveopt
bugs		:
bogomips	: 6587.39
clflush size	: 64
cache_alignment	: 64
address sizes	: 36 bits physical, 48 bits virtual
power management:



Memory: 4k page, physical 16398448k(11271180k free), swap 0k(0k free)

vm_info: Java HotSpot(TM) 64-Bit Server VM (25.25-b02) for linux-amd64 JRE (1.8.0_25-b17), built on Sep 17 2014 17:32:11 by "java_re" with gcc 4.3.0 20080428 (Red Hat 4.3.0-8)

time: Tue Apr 14 09:01:32 2015
elapsed time: 7 seconds (0d 0h 0m 7s)

