#
# A fatal error has been detected by the Java Runtime Environment:
#
#  SIGSEGV (0xb) at pc=0x00007fdf58e68a2a, pid=15053, tid=140597280868096
#
# JRE version: Java(TM) SE Runtime Environment (8.0_25-b17) (build 1.8.0_25-b17)
# Java VM: Java HotSpot(TM) 64-Bit Server VM (25.25-b02 mixed mode linux-amd64 compressed oops)
# Problematic frame:
# C  [libffi.so.6+0x4a2a]  ffi_closure_free+0x49a
#
# Failed to write core dump. Core dumps have been disabled. To enable core dumping, try "ulimit -c unlimited" before starting Java again
#
# If you would like to submit a bug report, please visit:
#   http://bugreport.sun.com/bugreport/crash.jsp
# The crash happened outside the Java Virtual Machine in native code.
# See problematic frame for where to report the bug.
#

---------------  T H R E A D  ---------------

Current thread (0x00007fdfc4409800):  JavaThread "Thread-0" [_thread_in_native, id=15119, stack(0x00007fdf5aeb8000,0x00007fdf5afb9000)]

siginfo: si_signo: 11 (SIGSEGV), si_code: 1 (SEGV_MAPERR), si_addr: 0x0000000000000018

Registers:
RAX=0x0000000000000f80, RBX=0x00007fdf5906c2c0, RCX=0x0000000000000000, RDX=0x0000000000000000
RSP=0x00007fdf5afb74d0, RBP=0x00007fdfca472038, RSI=0x00007fdfca472070, RDI=0x0000000000000001
R8 =0x0000000000000000, R9 =0x0000000000000000, R10=0x000000000000003c, R11=0x00007fdf58e68590
R12=0x00007fdfca472048, R13=0x00007fdfb28c3938, R14=0x00007fdf5afb75a8, R15=0x00007fdfc4409800
RIP=0x00007fdf58e68a2a, EFLAGS=0x0000000000010246, CSGSFS=0x0000000000000033, ERR=0x0000000000000006
  TRAPNO=0x000000000000000e

Top of Stack: (sp=0x00007fdf5afb74d0)
0x00007fdf5afb74d0:   00007fdfc4409800 00007fdf58463448
0x00007fdf5afb74e0:   00007fdf733cb4c0 00007fdfc4007440
0x00007fdf5afb74f0:   00007fdfca472048 00007fdfb28c3938
0x00007fdf5afb7500:   00007fdf5afb7580 0000000000000000
0x00007fdf5afb7510:   00007fdfb28c3938 00007fdf5afb75a8
0x00007fdf5afb7520:   00007fdfc4409800 00007fdfb4bed6d4
0x00007fdf5afb7530:   00007fdfc4409800 00007fdfb4bed422
0x00007fdf5afb7540:   00007fdf5afb7540 00007fdfb28c3938
0x00007fdf5afb7550:   00007fdf5afb75a8 00007fdfb28c3d30
0x00007fdf5afb7560:   0000000000000000 00007fdfb28c3938
0x00007fdf5afb7570:   0000000000000000 00007fdf5afb75a0
0x00007fdf5afb7580:   00007fdf5afb75f0 00007fdfb4bdf98d
0x00007fdf5afb7590:   000000076d881488 00007fdfb4be72b8
0x00007fdf5afb75a0:   00007fdfca472048 000000076d8dcda8
0x00007fdf5afb75b0:   00007fdf5afb75b0 00007fdfb2744d0b
0x00007fdf5afb75c0:   00007fdf5afb7600 00007fdfb28a05f8
0x00007fdf5afb75d0:   0000000000000000 00007fdfb2744d28
0x00007fdf5afb75e0:   00007fdf5afb75a0 00007fdf5afb7600
0x00007fdf5afb75f0:   00007fdf5afb7648 00007fdfb4bdf98d
0x00007fdf5afb7600:   000000076d8dcda8 00007fdf5afb7608
0x00007fdf5afb7610:   00007fdfb27459e6 00007fdf5afb7658
0x00007fdf5afb7620:   00007fdfb28a0480 0000000000000000
0x00007fdf5afb7630:   00007fdfb2745a00 00007fdf5afb7600
0x00007fdf5afb7640:   00007fdf5afb7658 00007fdf5afb76a0
0x00007fdf5afb7650:   00007fdfb4bdf98d 000000076d8dcda8
0x00007fdf5afb7660:   00007fdf5afb7660 00007fdfb2742b37
0x00007fdf5afb7670:   00007fdf5afb76b0 00007fdfb2746398
0x00007fdf5afb7680:   0000000000000000 00007fdfb2742b50
0x00007fdf5afb7690:   00007fdf5afb7658 00007fdf5afb76b0
0x00007fdf5afb76a0:   00007fdf5afb76f8 00007fdfb4bdf98d
0x00007fdf5afb76b0:   000000076cf328a8 00007fdf5afb76b8
0x00007fdf5afb76c0:   00007fdfb2742be7 00007fdf5afb7710 

Instructions: (pc=0x00007fdf58e68a2a)
0x00007fdf58e68a0a:   56 18 4c 8b 4e 30 48 39 d6 0f 84 ef 03 00 00 48
0x00007fdf58e68a1a:   8b 4e 10 48 3b 0d b4 38 20 00 0f 82 26 fe ff ff
0x00007fdf58e68a2a:   48 89 51 18 48 89 4a 10 4d 85 c9 0f 84 55 03 00
0x00007fdf58e68a3a:   00 48 8b 4e 38 48 8d 79 4a 48 3b 34 fb 0f 84 b3 

Register to memory mapping:

RAX=0x0000000000000f80 is an unknown value
RBX=0x00007fdf5906c2c0: <offset 0x2082c0> in /usr/lib/libffi.so.6 at 0x00007fdf58e64000
RCX=0x0000000000000000 is an unknown value
RDX=0x0000000000000000 is an unknown value
RSP=0x00007fdf5afb74d0 is pointing into the stack for thread: 0x00007fdfc4409800
RBP=0x00007fdfca472038 is an unknown value
RSI=0x00007fdfca472070 is an unknown value
RDI=0x0000000000000001 is an unknown value
R8 =0x0000000000000000 is an unknown value
R9 =0x0000000000000000 is an unknown value
R10=0x000000000000003c is an unknown value
R11=0x00007fdf58e68590: ffi_closure_free+0 in /usr/lib/libffi.so.6 at 0x00007fdf58e64000
R12=0x00007fdfca472048 is an unknown value
R13={method} {0x00007fdfb28c3938} 'nffi_closure_free' '(J)V' in 'org/lwjgl/system/libffi/LibFFI'
R14=0x00007fdf5afb75a8 is pointing into the stack for thread: 0x00007fdfc4409800
R15=0x00007fdfc4409800 is a thread


Stack: [0x00007fdf5aeb8000,0x00007fdf5afb9000],  sp=0x00007fdf5afb74d0,  free space=1021k
Native frames: (J=compiled Java code, j=interpreted, Vv=VM code, C=native code)
C  [libffi.so.6+0x4a2a]  ffi_closure_free+0x49a

Java frames: (J=compiled Java code, j=interpreted, Vv=VM code)
j  org.lwjgl.system.libffi.LibFFI.nffi_closure_free(J)V+0
j  org.lwjgl.system.libffi.Closure.destroy()V+35
j  org.lwjgl.system.Retainable$Default.release()V+38
j  myutils.gui.opengl.AbstractOpenGLApplication.end()V+7
j  myutils.gui.opengl.AbstractOpenGLApplication.run()V+15
j  edu.hkcc.pacmanrobot.controller.gamecontroller.MiniMap.run()V+27
v  ~StubRoutines::call_stub

---------------  P R O C E S S  ---------------

Java Threads: ( => current thread )
  0x00007fdf48002000 JavaThread "Thread-3" [_thread_blocked, id=15130, stack(0x00007fdf5863d000,0x00007fdf5873e000)]
  0x00007fdf48003800 JavaThread "Thread-2" [_thread_in_native, id=15129, stack(0x00007fdf5853c000,0x00007fdf5863d000)]
  0x00007fdfc400a000 JavaThread "DestroyJavaVM" [_thread_blocked, id=15054, stack(0x00007fdfca36d000,0x00007fdfca46e000)]
=>0x00007fdfc4409800 JavaThread "Thread-0" [_thread_in_native, id=15119, stack(0x00007fdf5aeb8000,0x00007fdf5afb9000)]
  0x00007fdfc425a000 JavaThread "Monitor Ctrl-Break" daemon [_thread_in_native, id=15094, stack(0x00007fdf7383f000,0x00007fdf73940000)]
  0x00007fdfc40d2000 JavaThread "Service Thread" daemon [_thread_blocked, id=15085, stack(0x00007fdf73bfc000,0x00007fdf73cfd000)]
  0x00007fdfc40ba800 JavaThread "C1 CompilerThread3" daemon [_thread_blocked, id=15084, stack(0x00007fdf73cfd000,0x00007fdf73dfe000)]
  0x00007fdfc40b8000 JavaThread "C2 CompilerThread2" daemon [_thread_blocked, id=15083, stack(0x00007fdf73dfe000,0x00007fdf73eff000)]
  0x00007fdfc40b6800 JavaThread "C2 CompilerThread1" daemon [_thread_blocked, id=15082, stack(0x00007fdf73eff000,0x00007fdf74000000)]
  0x00007fdfc40b3800 JavaThread "C2 CompilerThread0" daemon [_thread_blocked, id=15081, stack(0x00007fdf8801a000,0x00007fdf8811b000)]
  0x00007fdfc40b1800 JavaThread "Signal Dispatcher" daemon [_thread_blocked, id=15080, stack(0x00007fdfb0066000,0x00007fdfb0167000)]
  0x00007fdfc4084800 JavaThread "Finalizer" daemon [_thread_blocked, id=15076, stack(0x00007fdfb0167000,0x00007fdfb0268000)]
  0x00007fdfc4082800 JavaThread "Reference Handler" daemon [_thread_blocked, id=15075, stack(0x00007fdfb0268000,0x00007fdfb0369000)]

Other Threads:
  0x00007fdfc407b800 VMThread [stack: 0x00007fdfb0369000,0x00007fdfb046a000] [id=15074]
  0x00007fdfc40d4800 WatcherThread [stack: 0x00007fdf73afb000,0x00007fdf73bfc000] [id=15086]

VM state:not at safepoint (normal execution)

VM Mutex/Monitor currently owned by a thread: None

Heap:
 PSYoungGen      total 75264K, used 34894K [0x000000076c980000, 0x0000000771d80000, 0x00000007c0000000)
  eden space 64512K, 54% used [0x000000076c980000,0x000000076eb93a00,0x0000000770880000)
  from space 10752K, 0% used [0x0000000771300000,0x0000000771300000,0x0000000771d80000)
  to   space 10752K, 0% used [0x0000000770880000,0x0000000770880000,0x0000000771300000)
 ParOldGen       total 172032K, used 0K [0x00000006c5c00000, 0x00000006d0400000, 0x000000076c980000)
  object space 172032K, 0% used [0x00000006c5c00000,0x00000006c5c00000,0x00000006d0400000)
 Metaspace       used 10393K, capacity 10534K, committed 10624K, reserved 1058816K
  class space    used 1088K, capacity 1113K, committed 1152K, reserved 1048576K

Card table byte_map: [0x00007fdfb4045000,0x00007fdfb4818000] byte_map_base: 0x00007fdfb0a17000

Marking Bits: (ParMarkBitMap*) 0x00007fdfc98a32c0
 Begin Bits: [0x00007fdf882e0000, 0x00007fdf8c170000)
 End Bits:   [0x00007fdf8c170000, 0x00007fdf90000000)

Polling page: 0x00007fdfca4c6000

CodeCache: size=245760Kb used=2661Kb max_used=2661Kb free=243098Kb
 bounds [0x00007fdfb4bd8000, 0x00007fdfb4e78000, 0x00007fdfc3bd8000]
 total_blobs=1070 nmethods=520 adapters=465
 compilation: enabled

Compilation events (10 events):
Event: 6.336 Thread 0x00007fdfc40ba800  516       3       sun.misc.URLClassPath$JarLoader$2::getInputStream (15 bytes)
Event: 6.336 Thread 0x00007fdfc40ba800 nmethod 516 0x00007fdfb4e714d0 code [0x00007fdfb4e71640, 0x00007fdfb4e71808]
Event: 6.336 Thread 0x00007fdfc40ba800  517       3       sun.misc.URLClassPath$JarLoader$2::getContentLength (9 bytes)
Event: 6.336 Thread 0x00007fdfc40ba800 nmethod 517 0x00007fdfb4e71050 code [0x00007fdfb4e711c0, 0x00007fdfb4e71410]
Event: 6.336 Thread 0x00007fdfc40ba800  518       3       sun.misc.URLClassPath$JarLoader$2::getCodeSigners (8 bytes)
Event: 6.337 Thread 0x00007fdfc40ba800 nmethod 518 0x00007fdfb4e70c10 code [0x00007fdfb4e70d80, 0x00007fdfb4e70fa8]
Event: 6.337 Thread 0x00007fdfc40ba800  519   !   3       java.util.jar.JarFile$JarFileEntry::getCodeSigners (78 bytes)
Event: 6.337 Thread 0x00007fdfc40ba800 nmethod 519 0x00007fdfb4e70210 code [0x00007fdfb4e703e0, 0x00007fdfb4e709d8]
Event: 6.337 Thread 0x00007fdfc40ba800  520       3       java.util.jar.JarFile::access$200 (5 bytes)
Event: 6.337 Thread 0x00007fdfc40ba800 nmethod 520 0x00007fdfb4e6fe90 code [0x00007fdfb4e70000, 0x00007fdfb4e70168]

GC Heap History (0 events):
No events

Deoptimization events (1 events):
Event: 6.232 Thread 0x00007fdfc4409800 Uncommon trap: reason=unreached action=reinterpret pc=0x00007fdfb4dcfb74 method=sun.misc.URLClassPath$JarLoader.ensureOpen()V @ 4

Internal exceptions (10 events):
Event: 6.334 Thread 0x00007fdfc4409800 Exception <a 'java/security/PrivilegedActionException'> (0x000000076eaa2078) thrown at [/HUDSON/workspace/8-2-build-linux-amd64/jdk8u25/1514/hotspot/src/share/vm/prims/jvm.cpp, line 1312]
Event: 6.335 Thread 0x00007fdfc4409800 Exception <a 'java/security/PrivilegedActionException'> (0x000000076eaaa550) thrown at [/HUDSON/workspace/8-2-build-linux-amd64/jdk8u25/1514/hotspot/src/share/vm/prims/jvm.cpp, line 1312]
Event: 6.335 Thread 0x00007fdfc4409800 Exception <a 'java/security/PrivilegedActionException'> (0x000000076eab0bb0) thrown at [/HUDSON/workspace/8-2-build-linux-amd64/jdk8u25/1514/hotspot/src/share/vm/prims/jvm.cpp, line 1312]
Event: 6.335 Thread 0x00007fdfc4409800 Exception <a 'java/security/PrivilegedActionException'> (0x000000076eab6c38) thrown at [/HUDSON/workspace/8-2-build-linux-amd64/jdk8u25/1514/hotspot/src/share/vm/prims/jvm.cpp, line 1312]
Event: 6.335 Thread 0x00007fdfc4409800 Exception <a 'java/security/PrivilegedActionException'> (0x000000076eabcc88) thrown at [/HUDSON/workspace/8-2-build-linux-amd64/jdk8u25/1514/hotspot/src/share/vm/prims/jvm.cpp, line 1312]
Event: 6.335 Thread 0x00007fdfc4409800 Exception <a 'java/security/PrivilegedActionException'> (0x000000076eac2fa8) thrown at [/HUDSON/workspace/8-2-build-linux-amd64/jdk8u25/1514/hotspot/src/share/vm/prims/jvm.cpp, line 1312]
Event: 6.336 Thread 0x00007fdfc4409800 Exception <a 'java/security/PrivilegedActionException'> (0x000000076eacb170) thrown at [/HUDSON/workspace/8-2-build-linux-amd64/jdk8u25/1514/hotspot/src/share/vm/prims/jvm.cpp, line 1312]
Event: 6.336 Thread 0x00007fdfc4409800 Exception <a 'java/security/PrivilegedActionException'> (0x000000076ead3140) thrown at [/HUDSON/workspace/8-2-build-linux-amd64/jdk8u25/1514/hotspot/src/share/vm/prims/jvm.cpp, line 1312]
Event: 6.336 Thread 0x00007fdfc4409800 Exception <a 'java/security/PrivilegedActionException'> (0x000000076eada528) thrown at [/HUDSON/workspace/8-2-build-linux-amd64/jdk8u25/1514/hotspot/src/share/vm/prims/jvm.cpp, line 1312]
Event: 6.337 Thread 0x00007fdfc4409800 Exception <a 'java/security/PrivilegedActionException'> (0x000000076eaddea8) thrown at [/HUDSON/workspace/8-2-build-linux-amd64/jdk8u25/1514/hotspot/src/share/vm/prims/jvm.cpp, line 1312]

Events (10 events):
Event: 6.335 loading class org/lwjgl/opengl/WGLNVDXInterop
Event: 6.335 loading class org/lwjgl/opengl/WGLNVDXInterop done
Event: 6.336 loading class org/lwjgl/opengl/WGLNVGPUAffinity
Event: 6.336 loading class org/lwjgl/opengl/WGLNVGPUAffinity done
Event: 6.336 loading class org/lwjgl/system/linux/opengl/LinuxGLContext$MakeCurrentActionARB
Event: 6.336 loading class org/lwjgl/system/linux/opengl/LinuxGLContext$MakeCurrentActionARB done
Event: 6.336 loading class edu/hkcc/pacmanrobot/utils/Utils$
Event: 6.336 loading class edu/hkcc/pacmanrobot/utils/Utils$ done
Event: 6.337 loading class edu/hkcc/pacmanrobot/utils/Point2D
Event: 6.337 loading class edu/hkcc/pacmanrobot/utils/Point2D done


Dynamic libraries:
00400000-00401000 r-xp 00000000 fe:00 3950470                            /usr/lib/jvm/java-8-jdk/jre/bin/java
00600000-00601000 rw-p 00000000 fe:00 3950470                            /usr/lib/jvm/java-8-jdk/jre/bin/java
02180000-021a1000 rw-p 00000000 00:00 0                                  [heap]
6c5c00000-6d0400000 rw-p 00000000 00:00 0 
6d0400000-76c980000 ---p 00000000 00:00 0 
76c980000-771d80000 rw-p 00000000 00:00 0 
771d80000-7c0000000 ---p 00000000 00:00 0 
7c0000000-7c0120000 rw-p 00000000 00:00 0 
7c0120000-800000000 ---p 00000000 00:00 0 
7fdf3c000000-7fdf3c03d000 rw-p 00000000 00:00 0 
7fdf3c03d000-7fdf40000000 ---p 00000000 00:00 0 
7fdf44000000-7fdf44021000 rw-p 00000000 00:00 0 
7fdf44021000-7fdf48000000 ---p 00000000 00:00 0 
7fdf48000000-7fdf48021000 rw-p 00000000 00:00 0 
7fdf48021000-7fdf4c000000 ---p 00000000 00:00 0 
7fdf4ddbb000-7fdf4fbb5000 r-xp 00000000 fe:00 2689109                    /usr/lib/libLLVM-3.6.so
7fdf4fbb5000-7fdf4fdb4000 ---p 01dfa000 fe:00 2689109                    /usr/lib/libLLVM-3.6.so
7fdf4fdb4000-7fdf4ffd0000 r--p 01df9000 fe:00 2689109                    /usr/lib/libLLVM-3.6.so
7fdf4ffd0000-7fdf4ffea000 rw-p 02015000 fe:00 2689109                    /usr/lib/libLLVM-3.6.so
7fdf4ffea000-7fdf50000000 rw-p 00000000 00:00 0 
7fdf50000000-7fdf5034f000 rw-p 00000000 00:00 0 
7fdf5034f000-7fdf54000000 ---p 00000000 00:00 0 
7fdf54000000-7fdf54058000 rw-p 00000000 00:00 0 
7fdf54058000-7fdf58000000 ---p 00000000 00:00 0 
7fdf5833c000-7fdf5847c000 rw-p 00000000 00:00 0 
7fdf5847c000-7fdf5853c000 ---p 00000000 00:00 0 
7fdf5853c000-7fdf5853f000 ---p 00000000 00:00 0 
7fdf5853f000-7fdf5863d000 rw-p 00000000 00:00 0                          [stack:15129]
7fdf5863d000-7fdf58640000 ---p 00000000 00:00 0 
7fdf58640000-7fdf5873e000 rw-p 00000000 00:00 0                          [stack:15130]
7fdf587be000-7fdf587c2000 r-xp 00000000 fe:00 2630949                    /usr/lib/libtxc_dxtn.so
7fdf587c2000-7fdf589c1000 ---p 00004000 fe:00 2630949                    /usr/lib/libtxc_dxtn.so
7fdf589c1000-7fdf589c2000 r--p 00003000 fe:00 2630949                    /usr/lib/libtxc_dxtn.so
7fdf589c2000-7fdf589c3000 rw-p 00004000 fe:00 2630949                    /usr/lib/libtxc_dxtn.so
7fdf589c3000-7fdf58a22000 r-xp 00000000 fe:00 2625020                    /usr/lib/libncursesw.so.5.9
7fdf58a22000-7fdf58c22000 ---p 0005f000 fe:00 2625020                    /usr/lib/libncursesw.so.5.9
7fdf58c22000-7fdf58c26000 r--p 0005f000 fe:00 2625020                    /usr/lib/libncursesw.so.5.9
7fdf58c26000-7fdf58c28000 rw-p 00063000 fe:00 2625020                    /usr/lib/libncursesw.so.5.9
7fdf58c28000-7fdf58c5e000 r-xp 00000000 fe:00 2655999                    /usr/lib/libedit.so.0.0.52
7fdf58c5e000-7fdf58e5d000 ---p 00036000 fe:00 2655999                    /usr/lib/libedit.so.0.0.52
7fdf58e5d000-7fdf58e5f000 r--p 00035000 fe:00 2655999                    /usr/lib/libedit.so.0.0.52
7fdf58e5f000-7fdf58e60000 rw-p 00037000 fe:00 2655999                    /usr/lib/libedit.so.0.0.52
7fdf58e60000-7fdf58e64000 rw-p 00000000 00:00 0 
7fdf58e64000-7fdf58e6c000 r-xp 00000000 fe:00 2632155                    /usr/lib/libffi.so.6.0.4
7fdf58e6c000-7fdf5906b000 ---p 00008000 fe:00 2632155                    /usr/lib/libffi.so.6.0.4
7fdf5906b000-7fdf5906c000 r--p 00007000 fe:00 2632155                    /usr/lib/libffi.so.6.0.4
7fdf5906c000-7fdf5906d000 rw-p 00008000 fe:00 2632155                    /usr/lib/libffi.so.6.0.4
7fdf5906d000-7fdf59082000 r-xp 00000000 fe:00 2627701                    /usr/lib/libz.so.1.2.8
7fdf59082000-7fdf59281000 ---p 00015000 fe:00 2627701                    /usr/lib/libz.so.1.2.8
7fdf59281000-7fdf59282000 r--p 00014000 fe:00 2627701                    /usr/lib/libz.so.1.2.8
7fdf59282000-7fdf59283000 rw-p 00015000 fe:00 2627701                    /usr/lib/libz.so.1.2.8
7fdf59283000-7fdf5928b000 r-xp 00000000 fe:00 2645324                    /usr/lib/libpciaccess.so.0.11.1
7fdf5928b000-7fdf5948b000 ---p 00008000 fe:00 2645324                    /usr/lib/libpciaccess.so.0.11.1
7fdf5948b000-7fdf5948c000 r--p 00008000 fe:00 2645324                    /usr/lib/libpciaccess.so.0.11.1
7fdf5948c000-7fdf5948d000 rw-p 00009000 fe:00 2645324                    /usr/lib/libpciaccess.so.0.11.1
7fdf5948d000-7fdf594a3000 r-xp 00000000 fe:00 2624967                    /usr/lib/libgcc_s.so.1
7fdf594a3000-7fdf596a2000 ---p 00016000 fe:00 2624967                    /usr/lib/libgcc_s.so.1
7fdf596a2000-7fdf596a3000 rw-p 00015000 fe:00 2624967                    /usr/lib/libgcc_s.so.1
7fdf596a3000-7fdf59793000 r-xp 00000000 fe:00 2624974                    /usr/lib/libstdc++.so.6.0.20
7fdf59793000-7fdf59993000 ---p 000f0000 fe:00 2624974                    /usr/lib/libstdc++.so.6.0.20
7fdf59993000-7fdf5999b000 r--p 000f0000 fe:00 2624974                    /usr/lib/libstdc++.so.6.0.20
7fdf5999b000-7fdf5999d000 rw-p 000f8000 fe:00 2624974                    /usr/lib/libstdc++.so.6.0.20
7fdf5999d000-7fdf599b2000 rw-p 00000000 00:00 0 
7fdf599b2000-7fdf599c7000 r-xp 00000000 fe:00 2645555                    /usr/lib/libelf-0.161.so
7fdf599c7000-7fdf59bc7000 ---p 00015000 fe:00 2645555                    /usr/lib/libelf-0.161.so
7fdf59bc7000-7fdf59bc9000 r--p 00015000 fe:00 2645555                    /usr/lib/libelf-0.161.so
7fdf59bc9000-7fdf59bca000 rw-p 00017000 fe:00 2645555                    /usr/lib/libelf-0.161.so
7fdf59bca000-7fdf59bd6000 r-xp 00000000 fe:00 2645372                    /usr/lib/libdrm_radeon.so.1.0.1
7fdf59bd6000-7fdf59dd5000 ---p 0000c000 fe:00 2645372                    /usr/lib/libdrm_radeon.so.1.0.1
7fdf59dd5000-7fdf59dd6000 r--p 0000b000 fe:00 2645372                    /usr/lib/libdrm_radeon.so.1.0.1
7fdf59dd6000-7fdf59dd7000 rw-p 0000c000 fe:00 2645372                    /usr/lib/libdrm_radeon.so.1.0.1
7fdf59dd7000-7fdf59df8000 r-xp 00000000 fe:00 2645370                    /usr/lib/libdrm_intel.so.1.0.0
7fdf59df8000-7fdf59ff7000 ---p 00021000 fe:00 2645370                    /usr/lib/libdrm_intel.so.1.0.0
7fdf59ff7000-7fdf59ff8000 r--p 00020000 fe:00 2645370                    /usr/lib/libdrm_intel.so.1.0.0
7fdf59ff8000-7fdf59ff9000 rw-p 00021000 fe:00 2645370                    /usr/lib/libdrm_intel.so.1.0.0
7fdf59ff9000-7fdf59fff000 r-xp 00000000 fe:00 2645371                    /usr/lib/libdrm_nouveau.so.2.0.0
7fdf59fff000-7fdf5a1fe000 ---p 00006000 fe:00 2645371                    /usr/lib/libdrm_nouveau.so.2.0.0
7fdf5a1fe000-7fdf5a1ff000 r--p 00005000 fe:00 2645371                    /usr/lib/libdrm_nouveau.so.2.0.0
7fdf5a1ff000-7fdf5a200000 rw-p 00006000 fe:00 2645371                    /usr/lib/libdrm_nouveau.so.2.0.0
7fdf5a200000-7fdf5a970000 r-xp 00000000 fe:00 3301865                    /usr/lib/xorg/modules/dri/nouveau_dri.so
7fdf5a970000-7fdf5ab6f000 ---p 00770000 fe:00 3301865                    /usr/lib/xorg/modules/dri/nouveau_dri.so
7fdf5ab6f000-7fdf5abc6000 r--p 0076f000 fe:00 3301865                    /usr/lib/xorg/modules/dri/nouveau_dri.so
7fdf5abc6000-7fdf5abd2000 rw-p 007c6000 fe:00 3301865                    /usr/lib/xorg/modules/dri/nouveau_dri.so
7fdf5abd2000-7fdf5adb7000 rw-p 00000000 00:00 0 
7fdf5adb7000-7fdf5adba000 ---p 00000000 00:00 0 
7fdf5adba000-7fdf5aeb8000 rw-p 00000000 00:00 0 
7fdf5aeb8000-7fdf5aebb000 ---p 00000000 00:00 0 
7fdf5aebb000-7fdf5afb9000 rw-p 00000000 00:00 0                          [stack:15119]
7fdf5afb9000-7fdf5afbd000 r-xp 00000000 fe:00 2631613                    /usr/lib/libattr.so.1.1.0
7fdf5afbd000-7fdf5b1bc000 ---p 00004000 fe:00 2631613                    /usr/lib/libattr.so.1.1.0
7fdf5b1bc000-7fdf5b1bd000 r--p 00003000 fe:00 2631613                    /usr/lib/libattr.so.1.1.0
7fdf5b1bd000-7fdf5b1be000 rw-p 00004000 fe:00 2631613                    /usr/lib/libattr.so.1.1.0
7fdf5b1be000-7fdf5b1c2000 r-xp 00000000 fe:00 2631742                    /usr/lib/libcap.so.2.24
7fdf5b1c2000-7fdf5b3c1000 ---p 00004000 fe:00 2631742                    /usr/lib/libcap.so.2.24
7fdf5b3c1000-7fdf5b3c2000 rw-p 00003000 fe:00 2631742                    /usr/lib/libcap.so.2.24
7fdf5b3c2000-7fdf5b3d6000 r-xp 00000000 fe:00 2624622                    /usr/lib/libresolv-2.21.so
7fdf5b3d6000-7fdf5b5d5000 ---p 00014000 fe:00 2624622                    /usr/lib/libresolv-2.21.so
7fdf5b5d5000-7fdf5b5d6000 r--p 00013000 fe:00 2624622                    /usr/lib/libresolv-2.21.so
7fdf5b5d6000-7fdf5b5d7000 rw-p 00014000 fe:00 2624622                    /usr/lib/libresolv-2.21.so
7fdf5b5d7000-7fdf5b5d9000 rw-p 00000000 00:00 0 
7fdf5b5d9000-7fdf5b5de000 r-xp 00000000 fe:00 2624684                    /usr/lib/libnss_dns-2.21.so
7fdf5b5de000-7fdf5b7dd000 ---p 00005000 fe:00 2624684                    /usr/lib/libnss_dns-2.21.so
7fdf5b7dd000-7fdf5b7de000 r--p 00004000 fe:00 2624684                    /usr/lib/libnss_dns-2.21.so
7fdf5b7de000-7fdf5b7df000 rw-p 00005000 fe:00 2624684                    /usr/lib/libnss_dns-2.21.so
7fdf5b7df000-7fdf5b7e4000 r-xp 00000000 fe:00 2627693                    /usr/lib/libXdmcp.so.6.0.0
7fdf5b7e4000-7fdf5b9e3000 ---p 00005000 fe:00 2627693                    /usr/lib/libXdmcp.so.6.0.0
7fdf5b9e3000-7fdf5b9e4000 r--p 00004000 fe:00 2627693                    /usr/lib/libXdmcp.so.6.0.0
7fdf5b9e4000-7fdf5b9e5000 rw-p 00005000 fe:00 2627693                    /usr/lib/libXdmcp.so.6.0.0
7fdf5b9e5000-7fdf5b9e7000 r-xp 00000000 fe:00 2640834                    /usr/lib/libXau.so.6.0.0
7fdf5b9e7000-7fdf5bbe7000 ---p 00002000 fe:00 2640834                    /usr/lib/libXau.so.6.0.0
7fdf5bbe7000-7fdf5bbe8000 r--p 00002000 fe:00 2640834                    /usr/lib/libXau.so.6.0.0
7fdf5bbe8000-7fdf5bbe9000 rw-p 00003000 fe:00 2640834                    /usr/lib/libXau.so.6.0.0
7fdf5bbe9000-7fdf5bbf2000 r-xp 00000000 fe:00 2645497                    /usr/lib/libXrender.so.1.3.0
7fdf5bbf2000-7fdf5bdf1000 ---p 00009000 fe:00 2645497                    /usr/lib/libXrender.so.1.3.0
7fdf5bdf1000-7fdf5bdf2000 r--p 00008000 fe:00 2645497                    /usr/lib/libXrender.so.1.3.0
7fdf5bdf2000-7fdf5bdf3000 rw-p 00009000 fe:00 2645497                    /usr/lib/libXrender.so.1.3.0
7fdf5bdf3000-7fdf5bdff000 r-xp 00000000 fe:00 2645368                    /usr/lib/libdrm.so.2.4.0
7fdf5bdff000-7fdf5bffe000 ---p 0000c000 fe:00 2645368                    /usr/lib/libdrm.so.2.4.0
7fdf5bffe000-7fdf5bfff000 r--p 0000b000 fe:00 2645368                    /usr/lib/libdrm.so.2.4.0
7fdf5bfff000-7fdf5c000000 rw-p 0000c000 fe:00 2645368                    /usr/lib/libdrm.so.2.4.0
7fdf5c000000-7fdf5c021000 rw-p 00000000 00:00 0 
7fdf5c021000-7fdf60000000 ---p 00000000 00:00 0 
7fdf60000000-7fdf60021000 rw-p 00000000 00:00 0 
7fdf60021000-7fdf64000000 ---p 00000000 00:00 0 
7fdf64000000-7fdf64219000 rw-p 00000000 00:00 0 
7fdf64219000-7fdf68000000 ---p 00000000 00:00 0 
7fdf68000000-7fdf681a4000 rw-p 00000000 00:00 0 
7fdf681a4000-7fdf6c000000 ---p 00000000 00:00 0 
7fdf6c000000-7fdf6c246000 rw-p 00000000 00:00 0 
7fdf6c246000-7fdf70000000 ---p 00000000 00:00 0 
7fdf70018000-7fdf70028000 r-xp 00000000 fe:00 2655815                    /usr/lib/libudev.so.1.6.2
7fdf70028000-7fdf70029000 r--p 0000f000 fe:00 2655815                    /usr/lib/libudev.so.1.6.2
7fdf70029000-7fdf7002a000 rw-p 00010000 fe:00 2655815                    /usr/lib/libudev.so.1.6.2
7fdf7002a000-7fdf70036000 r-xp 00000000 fe:00 2633439                    /usr/lib/libnss_myhostname.so.2
7fdf70036000-7fdf70037000 ---p 0000c000 fe:00 2633439                    /usr/lib/libnss_myhostname.so.2
7fdf70037000-7fdf70039000 r--p 0000c000 fe:00 2633439                    /usr/lib/libnss_myhostname.so.2
7fdf70039000-7fdf7003a000 rw-p 0000e000 fe:00 2633439                    /usr/lib/libnss_myhostname.so.2
7fdf7003a000-7fdf7003b000 r-xp 00000000 fe:00 2645518                    /usr/lib/libxshmfence.so.1.0.0
7fdf7003b000-7fdf7023b000 ---p 00001000 fe:00 2645518                    /usr/lib/libxshmfence.so.1.0.0
7fdf7023b000-7fdf7023c000 r--p 00001000 fe:00 2645518                    /usr/lib/libxshmfence.so.1.0.0
7fdf7023c000-7fdf7023d000 rw-p 00002000 fe:00 2645518                    /usr/lib/libxshmfence.so.1.0.0
7fdf7023d000-7fdf70242000 r-xp 00000000 fe:00 2643171                    /usr/lib/libxcb-sync.so.1.0.0
7fdf70242000-7fdf70442000 ---p 00005000 fe:00 2643171                    /usr/lib/libxcb-sync.so.1.0.0
7fdf70442000-7fdf70443000 r--p 00005000 fe:00 2643171                    /usr/lib/libxcb-sync.so.1.0.0
7fdf70443000-7fdf70444000 rw-p 00006000 fe:00 2643171                    /usr/lib/libxcb-sync.so.1.0.0
7fdf70444000-7fdf70447000 r-xp 00000000 fe:00 2643140                    /usr/lib/libxcb-shape.so.0.0.0
7fdf70447000-7fdf70646000 ---p 00003000 fe:00 2643140                    /usr/lib/libxcb-shape.so.0.0.0
7fdf70646000-7fdf70647000 r--p 00002000 fe:00 2643140                    /usr/lib/libxcb-shape.so.0.0.0
7fdf70647000-7fdf70648000 rw-p 00003000 fe:00 2643140                    /usr/lib/libxcb-shape.so.0.0.0
7fdf70648000-7fdf70651000 r-xp 00000000 fe:00 2643125                    /usr/lib/libxcb-render.so.0.0.0
7fdf70651000-7fdf70850000 ---p 00009000 fe:00 2643125                    /usr/lib/libxcb-render.so.0.0.0
7fdf70850000-7fdf70851000 r--p 00008000 fe:00 2643125                    /usr/lib/libxcb-render.so.0.0.0
7fdf70851000-7fdf70852000 rw-p 00009000 fe:00 2643125                    /usr/lib/libxcb-render.so.0.0.0
7fdf70852000-7fdf70858000 r-xp 00000000 fe:00 2643122                    /usr/lib/libxcb-xfixes.so.0.0.0
7fdf70858000-7fdf70a58000 ---p 00006000 fe:00 2643122                    /usr/lib/libxcb-xfixes.so.0.0.0
7fdf70a58000-7fdf70a59000 r--p 00006000 fe:00 2643122                    /usr/lib/libxcb-xfixes.so.0.0.0
7fdf70a59000-7fdf70a5a000 rw-p 00007000 fe:00 2643122                    /usr/lib/libxcb-xfixes.so.0.0.0
7fdf70a5a000-7fdf70a67000 r-xp 00000000 fe:00 2643179                    /usr/lib/libxcb-randr.so.0.1.0
7fdf70a67000-7fdf70c66000 ---p 0000d000 fe:00 2643179                    /usr/lib/libxcb-randr.so.0.1.0
7fdf70c66000-7fdf70c67000 r--p 0000c000 fe:00 2643179                    /usr/lib/libxcb-randr.so.0.1.0
7fdf70c67000-7fdf70c68000 rw-p 0000d000 fe:00 2643179                    /usr/lib/libxcb-randr.so.0.1.0
7fdf70c68000-7fdf70c6a000 r-xp 00000000 fe:00 2643158                    /usr/lib/libxcb-present.so.0.0.0
7fdf70c6a000-7fdf70e69000 ---p 00002000 fe:00 2643158                    /usr/lib/libxcb-present.so.0.0.0
7fdf70e69000-7fdf70e6a000 r--p 00001000 fe:00 2643158                    /usr/lib/libxcb-present.so.0.0.0
7fdf70e6a000-7fdf70e6b000 rw-p 00002000 fe:00 2643158                    /usr/lib/libxcb-present.so.0.0.0
7fdf70e6b000-7fdf70e6d000 r-xp 00000000 fe:00 2643130                    /usr/lib/libxcb-dri3.so.0.0.0
7fdf70e6d000-7fdf7106c000 ---p 00002000 fe:00 2643130                    /usr/lib/libxcb-dri3.so.0.0.0
7fdf7106c000-7fdf7106d000 r--p 00001000 fe:00 2643130                    /usr/lib/libxcb-dri3.so.0.0.0
7fdf7106d000-7fdf7106e000 rw-p 00002000 fe:00 2643130                    /usr/lib/libxcb-dri3.so.0.0.0
7fdf7106e000-7fdf71072000 r-xp 00000000 fe:00 2643155                    /usr/lib/libxcb-dri2.so.0.0.0
7fdf71072000-7fdf71271000 ---p 00004000 fe:00 2643155                    /usr/lib/libxcb-dri2.so.0.0.0
7fdf71271000-7fdf71272000 r--p 00003000 fe:00 2643155                    /usr/lib/libxcb-dri2.so.0.0.0
7fdf71272000-7fdf71273000 rw-p 00004000 fe:00 2643155                    /usr/lib/libxcb-dri2.so.0.0.0
7fdf71273000-7fdf7128a000 r-xp 00000000 fe:00 2643129                    /usr/lib/libxcb-glx.so.0.0.0
7fdf7128a000-7fdf7148a000 ---p 00017000 fe:00 2643129                    /usr/lib/libxcb-glx.so.0.0.0
7fdf7148a000-7fdf7148c000 r--p 00017000 fe:00 2643129                    /usr/lib/libxcb-glx.so.0.0.0
7fdf7148c000-7fdf7148d000 rw-p 00019000 fe:00 2643129                    /usr/lib/libxcb-glx.so.0.0.0
7fdf7148d000-7fdf7148e000 r-xp 00000000 fe:00 2643225                    /usr/lib/libX11-xcb.so.1.0.0
7fdf7148e000-7fdf7168d000 ---p 00001000 fe:00 2643225                    /usr/lib/libX11-xcb.so.1.0.0
7fdf7168d000-7fdf7168e000 r--p 00000000 fe:00 2643225                    /usr/lib/libX11-xcb.so.1.0.0
7fdf7168e000-7fdf7168f000 rw-p 00001000 fe:00 2643225                    /usr/lib/libX11-xcb.so.1.0.0
7fdf7168f000-7fdf71694000 r-xp 00000000 fe:00 2644195                    /usr/lib/libXfixes.so.3.1.0
7fdf71694000-7fdf71893000 ---p 00005000 fe:00 2644195                    /usr/lib/libXfixes.so.3.1.0
7fdf71893000-7fdf71894000 r--p 00004000 fe:00 2644195                    /usr/lib/libXfixes.so.3.1.0
7fdf71894000-7fdf71895000 rw-p 00005000 fe:00 2644195                    /usr/lib/libXfixes.so.3.1.0
7fdf71895000-7fdf71897000 r-xp 00000000 fe:00 2645591                    /usr/lib/libXdamage.so.1.1.0
7fdf71897000-7fdf71a96000 ---p 00002000 fe:00 2645591                    /usr/lib/libXdamage.so.1.1.0
7fdf71a96000-7fdf71a97000 r--p 00001000 fe:00 2645591                    /usr/lib/libXdamage.so.1.1.0
7fdf71a97000-7fdf71a98000 rw-p 00002000 fe:00 2645591                    /usr/lib/libXdamage.so.1.1.0
7fdf71a98000-7fdf71aa9000 r-xp 00000000 fe:00 2644111                    /usr/lib/libXext.so.6.4.0
7fdf71aa9000-7fdf71ca8000 ---p 00011000 fe:00 2644111                    /usr/lib/libXext.so.6.4.0
7fdf71ca8000-7fdf71ca9000 r--p 00010000 fe:00 2644111                    /usr/lib/libXext.so.6.4.0
7fdf71ca9000-7fdf71caa000 rw-p 00011000 fe:00 2644111                    /usr/lib/libXext.so.6.4.0
7fdf71caa000-7fdf71cd0000 r-xp 00000000 fe:00 2649644                    /usr/lib/libglapi.so.0.0.0
7fdf71cd0000-7fdf71ed0000 ---p 00026000 fe:00 2649644                    /usr/lib/libglapi.so.0.0.0
7fdf71ed0000-7fdf71ed3000 r--p 00026000 fe:00 2649644                    /usr/lib/libglapi.so.0.0.0
7fdf71ed3000-7fdf71ed4000 rw-p 00029000 fe:00 2649644                    /usr/lib/libglapi.so.0.0.0
7fdf71ed4000-7fdf71ed5000 rw-p 00000000 00:00 0 
7fdf71ed5000-7fdf71efc000 r-xp 00000000 fe:00 2631998                    /usr/lib/libexpat.so.1.6.0
7fdf71efc000-7fdf720fb000 ---p 00027000 fe:00 2631998                    /usr/lib/libexpat.so.1.6.0
7fdf720fb000-7fdf720fe000 r--p 00026000 fe:00 2631998                    /usr/lib/libexpat.so.1.6.0
7fdf720fe000-7fdf720ff000 rw-p 00029000 fe:00 2631998                    /usr/lib/libexpat.so.1.6.0
7fdf720ff000-7fdf72120000 r-xp 00000000 fe:00 2643143                    /usr/lib/libxcb.so.1.1.0
7fdf72120000-7fdf7231f000 ---p 00021000 fe:00 2643143                    /usr/lib/libxcb.so.1.1.0
7fdf7231f000-7fdf72320000 r--p 00020000 fe:00 2643143                    /usr/lib/libxcb.so.1.1.0
7fdf72320000-7fdf72321000 rw-p 00021000 fe:00 2643143                    /usr/lib/libxcb.so.1.1.0
7fdf72321000-7fdf7232b000 r-xp 00000000 fe:00 2645985                    /usr/lib/libXcursor.so.1.0.2
7fdf7232b000-7fdf7252a000 ---p 0000a000 fe:00 2645985                    /usr/lib/libXcursor.so.1.0.2
7fdf7252a000-7fdf7252b000 r--p 00009000 fe:00 2645985                    /usr/lib/libXcursor.so.1.0.2
7fdf7252b000-7fdf7252c000 rw-p 0000a000 fe:00 2645985                    /usr/lib/libXcursor.so.1.0.2
7fdf7252c000-7fdf7252e000 r-xp 00000000 fe:00 2645987                    /usr/lib/libXinerama.so.1.0.0
7fdf7252e000-7fdf7272d000 ---p 00002000 fe:00 2645987                    /usr/lib/libXinerama.so.1.0.0
7fdf7272d000-7fdf7272e000 r--p 00001000 fe:00 2645987                    /usr/lib/libXinerama.so.1.0.0
7fdf7272e000-7fdf7272f000 rw-p 00002000 fe:00 2645987                    /usr/lib/libXinerama.so.1.0.0
7fdf7272f000-7fdf72734000 r-xp 00000000 fe:00 2645576                    /usr/lib/libXxf86vm.so.1.0.0
7fdf72734000-7fdf72933000 ---p 00005000 fe:00 2645576                    /usr/lib/libXxf86vm.so.1.0.0
7fdf72933000-7fdf72934000 r--p 00004000 fe:00 2645576                    /usr/lib/libXxf86vm.so.1.0.0
7fdf72934000-7fdf72935000 rw-p 00005000 fe:00 2645576                    /usr/lib/libXxf86vm.so.1.0.0
7fdf72935000-7fdf7293e000 r-xp 00000000 fe:00 2645997                    /usr/lib/libXrandr.so.2.2.0
7fdf7293e000-7fdf72b3d000 ---p 00009000 fe:00 2645997                    /usr/lib/libXrandr.so.2.2.0
7fdf72b3d000-7fdf72b3e000 r--p 00008000 fe:00 2645997                    /usr/lib/libXrandr.so.2.2.0
7fdf72b3e000-7fdf72b3f000 rw-p 00009000 fe:00 2645997                    /usr/lib/libXrandr.so.2.2.0
7fdf72b3f000-7fdf72b4e000 r-xp 00000000 fe:00 2644191                    /usr/lib/libXi.so.6.1.0
7fdf72b4e000-7fdf72d4e000 ---p 0000f000 fe:00 2644191                    /usr/lib/libXi.so.6.1.0
7fdf72d4e000-7fdf72d4f000 r--p 0000f000 fe:00 2644191                    /usr/lib/libXi.so.6.1.0
7fdf72d4f000-7fdf72d50000 rw-p 00010000 fe:00 2644191                    /usr/lib/libXi.so.6.1.0
7fdf72d50000-7fdf72de8000 r-xp 00000000 fe:00 3297220                    /usr/lib/mesa/libGL.so.1.2.0
7fdf72de8000-7fdf72fe7000 ---p 00098000 fe:00 3297220                    /usr/lib/mesa/libGL.so.1.2.0
7fdf72fe7000-7fdf72fea000 r--p 00097000 fe:00 3297220                    /usr/lib/mesa/libGL.so.1.2.0
7fdf72fea000-7fdf72feb000 rw-p 0009a000 fe:00 3297220                    /usr/lib/mesa/libGL.so.1.2.0
7fdf72feb000-7fdf72fec000 rw-p 00000000 00:00 0 
7fdf72fec000-7fdf73127000 r-xp 00000000 fe:00 2643224                    /usr/lib/libX11.so.6.3.0
7fdf73127000-7fdf73326000 ---p 0013b000 fe:00 2643224                    /usr/lib/libX11.so.6.3.0
7fdf73326000-7fdf73328000 r--p 0013a000 fe:00 2643224                    /usr/lib/libX11.so.6.3.0
7fdf73328000-7fdf7332d000 rw-p 0013c000 fe:00 2643224                    /usr/lib/libX11.so.6.3.0
7fdf7332d000-7fdf7332e000 rw-p 00000000 00:00 0 
7fdf73359000-7fdf73363000 r--s 00116000 fe:00 3949472                    /usr/lib/jvm/java-8-jdk/jre/lib/ext/localedata.jar
7fdf73363000-7fdf7337f000 r--s 00393000 fe:00 3949466                    /usr/lib/jvm/java-8-jdk/jre/lib/ext/cldrdata.jar
7fdf7337f000-7fdf73383000 r--s 00093000 fe:00 3949442                    /usr/lib/jvm/java-8-jdk/jre/lib/jsse.jar
7fdf73383000-7fdf733f5000 r-xp 00000000 fe:02 41551762                   /home/beenotung/git/workspace/hkcc-pacman-robot/lib/lwjgl3/native/linux/x64/liblwjgl.so
7fdf733f5000-7fdf735f4000 ---p 00072000 fe:02 41551762                   /home/beenotung/git/workspace/hkcc-pacman-robot/lib/lwjgl3/native/linux/x64/liblwjgl.so
7fdf735f4000-7fdf735f5000 r--p 00071000 fe:02 41551762                   /home/beenotung/git/workspace/hkcc-pacman-robot/lib/lwjgl3/native/linux/x64/liblwjgl.so
7fdf735f5000-7fdf735f6000 rw-p 00072000 fe:02 41551762                   /home/beenotung/git/workspace/hkcc-pacman-robot/lib/lwjgl3/native/linux/x64/liblwjgl.so
7fdf735f6000-7fdf73628000 rw-p 00000000 00:00 0 
7fdf73628000-7fdf7363e000 r-xp 00000000 fe:00 4072527                    /usr/lib/jvm/java-8-jdk/jre/lib/amd64/libnet.so
7fdf7363e000-7fdf7383e000 ---p 00016000 fe:00 4072527                    /usr/lib/jvm/java-8-jdk/jre/lib/amd64/libnet.so
7fdf7383e000-7fdf7383f000 rw-p 00016000 fe:00 4072527                    /usr/lib/jvm/java-8-jdk/jre/lib/amd64/libnet.so
7fdf7383f000-7fdf73842000 ---p 00000000 00:00 0 
7fdf73842000-7fdf73940000 rw-p 00000000 00:00 0                          [stack:15094]
7fdf73940000-7fdf73942000 r--s 00016000 fe:00 3939981                    /usr/share/intellijidea-ce/lib/idea_rt.jar
7fdf73942000-7fdf73945000 r--s 00011000 fe:02 41551757                   /home/beenotung/git/workspace/hkcc-pacman-robot/lib/lwjgl3/jar/disruptor.jar
7fdf73945000-7fdf73954000 r--s 0012b000 fe:02 41551758                   /home/beenotung/git/workspace/hkcc-pacman-robot/lib/lwjgl3/jar/lwjgl.jar
7fdf73954000-7fdf739fc000 r--s 0090a000 fe:02 41551950                   /home/beenotung/git/workspace/hkcc-pacman-robot/lib/NeuroEvolution/NeuroEvolution.jar
7fdf739fc000-7fdf73a80000 r--s 00826000 fe:02 41682275                   /home/beenotung/git/workspace/hkcc-pacman-robot/lib/myutils/myutils.jar
7fdf73a80000-7fdf73a82000 r--s 0000f000 fe:02 41681194                   /home/beenotung/git/workspace/hkcc-pacman-robot/lib/pi4j/pi4j-gpio-extension-sources.jar
7fdf73a82000-7fdf73a85000 r--s 00032000 fe:02 41681193                   /home/beenotung/git/workspace/hkcc-pacman-robot/lib/pi4j/pi4j-gpio-extension-javadoc.jar
7fdf73a85000-7fdf73a87000 r--s 00003000 fe:02 41681197                   /home/beenotung/git/workspace/hkcc-pacman-robot/lib/pi4j/pi4j-service-sources.jar
7fdf73a87000-7fdf73a89000 r--s 00012000 fe:02 41681196                   /home/beenotung/git/workspace/hkcc-pacman-robot/lib/pi4j/pi4j-service-javadoc.jar
7fdf73a89000-7fdf73a8c000 r--s 00031000 fe:02 41681190                   /home/beenotung/git/workspace/hkcc-pacman-robot/lib/pi4j/pi4j-example-javadoc.jar
7fdf73a8c000-7fdf73a92000 r--s 00033000 fe:02 41681186                   /home/beenotung/git/workspace/hkcc-pacman-robot/lib/pi4j/pi4j-device-sources.jar
7fdf73a92000-7fdf73aa2000 r--s 00124000 fe:02 41681185                   /home/beenotung/git/workspace/hkcc-pacman-robot/lib/pi4j/pi4j-device-javadoc.jar
7fdf73aa2000-7fdf73afb000 r--s 004f6000 fe:02 41812706                   /home/beenotung/.ivy2/cache/org.scala-lang/scala-library/jars/scala-library-2.11.6.jar
7fdf73afb000-7fdf73afc000 ---p 00000000 00:00 0 
7fdf73afc000-7fdf73bfc000 rw-p 00000000 00:00 0                          [stack:15086]
7fdf73bfc000-7fdf73bff000 ---p 00000000 00:00 0 
7fdf73bff000-7fdf73cfd000 rw-p 00000000 00:00 0                          [stack:15085]
7fdf73cfd000-7fdf73d00000 ---p 00000000 00:00 0 
7fdf73d00000-7fdf73dfe000 rw-p 00000000 00:00 0                          [stack:15084]
7fdf73dfe000-7fdf73e01000 ---p 00000000 00:00 0 
7fdf73e01000-7fdf73eff000 rw-p 00000000 00:00 0                          [stack:15083]
7fdf73eff000-7fdf73f02000 ---p 00000000 00:00 0 
7fdf73f02000-7fdf74000000 rw-p 00000000 00:00 0                          [stack:15082]
7fdf74000000-7fdf74021000 rw-p 00000000 00:00 0 
7fdf74021000-7fdf78000000 ---p 00000000 00:00 0 
7fdf78000000-7fdf783f7000 rw-p 00000000 00:00 0 
7fdf783f7000-7fdf7c000000 ---p 00000000 00:00 0 
7fdf7c000000-7fdf7c021000 rw-p 00000000 00:00 0 
7fdf7c021000-7fdf80000000 ---p 00000000 00:00 0 
7fdf80000000-7fdf80021000 rw-p 00000000 00:00 0 
7fdf80021000-7fdf84000000 ---p 00000000 00:00 0 
7fdf84000000-7fdf84021000 rw-p 00000000 00:00 0 
7fdf84021000-7fdf88000000 ---p 00000000 00:00 0 
7fdf88000000-7fdf88002000 r--s 00013000 fe:02 41681191                   /home/beenotung/git/workspace/hkcc-pacman-robot/lib/pi4j/pi4j-example-sources.jar
7fdf88002000-7fdf88004000 r--s 00011000 fe:02 41681195                   /home/beenotung/git/workspace/hkcc-pacman-robot/lib/pi4j/pi4j-gpio-extension.jar
7fdf88004000-7fdf88009000 r--s 00038000 fe:02 41681183                   /home/beenotung/git/workspace/hkcc-pacman-robot/lib/pi4j/pi4j-core-sources.jar
7fdf88009000-7fdf88013000 r--s 000d6000 fe:02 41681182                   /home/beenotung/git/workspace/hkcc-pacman-robot/lib/pi4j/pi4j-core-javadoc.jar
7fdf88013000-7fdf8801a000 r--s 0002c000 fe:02 41681189                   /home/beenotung/git/workspace/hkcc-pacman-robot/lib/pi4j/pi4j-device.jar
7fdf8801a000-7fdf8801d000 ---p 00000000 00:00 0 
7fdf8801d000-7fdf8811b000 rw-p 00000000 00:00 0                          [stack:15081]
7fdf8811b000-7fdf882e0000 r--p 00000000 fe:00 2655801                    /usr/lib/locale/locale-archive
7fdf882e0000-7fdf90000000 rw-p 00000000 00:00 0 
7fdf90000000-7fdf90021000 rw-p 00000000 00:00 0 
7fdf90021000-7fdf94000000 ---p 00000000 00:00 0 
7fdf94000000-7fdf94021000 rw-p 00000000 00:00 0 
7fdf94021000-7fdf98000000 ---p 00000000 00:00 0 
7fdf98000000-7fdf98021000 rw-p 00000000 00:00 0 
7fdf98021000-7fdf9c000000 ---p 00000000 00:00 0 
7fdf9c000000-7fdf9c021000 rw-p 00000000 00:00 0 
7fdf9c021000-7fdfa0000000 ---p 00000000 00:00 0 
7fdfa0000000-7fdfa0021000 rw-p 00000000 00:00 0 
7fdfa0021000-7fdfa4000000 ---p 00000000 00:00 0 
7fdfa4000000-7fdfa4021000 rw-p 00000000 00:00 0 
7fdfa4021000-7fdfa8000000 ---p 00000000 00:00 0 
7fdfa8000000-7fdfa8021000 rw-p 00000000 00:00 0 
7fdfa8021000-7fdfac000000 ---p 00000000 00:00 0 
7fdfac000000-7fdfac021000 rw-p 00000000 00:00 0 
7fdfac021000-7fdfb0000000 ---p 00000000 00:00 0 
7fdfb0000000-7fdfb0002000 r--s 00003000 fe:02 41681198                   /home/beenotung/git/workspace/hkcc-pacman-robot/lib/pi4j/pi4j-service.jar
7fdfb0002000-7fdfb0005000 r--s 00018000 fe:02 41681192                   /home/beenotung/git/workspace/hkcc-pacman-robot/lib/pi4j/pi4j-example.jar
7fdfb0005000-7fdfb000a000 r--s 0002f000 fe:02 41681184                   /home/beenotung/git/workspace/hkcc-pacman-robot/lib/pi4j/pi4j-core.jar
7fdfb000a000-7fdfb0010000 r--s 00036000 fe:02 41681180                   /home/beenotung/git/workspace/hkcc-pacman-robot/lib/pi4j/junit.jar
7fdfb0010000-7fdfb0012000 r--s 0001a000 fe:00 3949452                    /usr/lib/jvm/java-8-jdk/jre/lib/jce.jar
7fdfb0012000-7fdfb0016000 r--s 00093000 fe:00 3949442                    /usr/lib/jvm/java-8-jdk/jre/lib/jsse.jar
7fdfb0016000-7fdfb001b000 r--s 00084000 fe:00 3949445                    /usr/lib/jvm/java-8-jdk/jre/lib/jfr.jar
7fdfb001b000-7fdfb002e000 r--s 000d5000 fe:00 3949455                    /usr/lib/jvm/java-8-jdk/jre/lib/plugin.jar
7fdfb002e000-7fdfb0041000 r--s 00344000 fe:00 3949438                    /usr/lib/jvm/java-8-jdk/jre/lib/resources.jar
7fdfb0041000-7fdfb005a000 r--s 001ea000 fe:00 3949441                    /usr/lib/jvm/java-8-jdk/jre/lib/deploy.jar
7fdfb005a000-7fdfb0064000 r--s 00069000 fe:00 3949459                    /usr/lib/jvm/java-8-jdk/jre/lib/javaws.jar
7fdfb0064000-7fdfb0066000 r--s 00007000 fe:00 3949435                    /usr/lib/jvm/java-8-jdk/jre/lib/jfxswt.jar
7fdfb0066000-7fdfb0069000 ---p 00000000 00:00 0 
7fdfb0069000-7fdfb0167000 rw-p 00000000 00:00 0                          [stack:15080]
7fdfb0167000-7fdfb016a000 ---p 00000000 00:00 0 
7fdfb016a000-7fdfb0268000 rw-p 00000000 00:00 0                          [stack:15076]
7fdfb0268000-7fdfb026b000 ---p 00000000 00:00 0 
7fdfb026b000-7fdfb0369000 rw-p 00000000 00:00 0                          [stack:15075]
7fdfb0369000-7fdfb036a000 ---p 00000000 00:00 0 
7fdfb036a000-7fdfb208d000 rw-p 00000000 00:00 0                          [stack:15074]
7fdfb208d000-7fdfb2263000 r--s 03caa000 fe:00 3949446                    /usr/lib/jvm/java-8-jdk/jre/lib/rt.jar
7fdfb2263000-7fdfb3306000 rw-p 00000000 00:00 0 
7fdfb3306000-7fdfb3307000 ---p 00000000 00:00 0 
7fdfb3307000-7fdfb3407000 rw-p 00000000 00:00 0                          [stack:15062]
7fdfb3407000-7fdfb3408000 ---p 00000000 00:00 0 
7fdfb3408000-7fdfb3508000 rw-p 00000000 00:00 0                          [stack:15061]
7fdfb3508000-7fdfb3509000 ---p 00000000 00:00 0 
7fdfb3509000-7fdfb3609000 rw-p 00000000 00:00 0                          [stack:15060]
7fdfb3609000-7fdfb360a000 ---p 00000000 00:00 0 
7fdfb360a000-7fdfb370a000 rw-p 00000000 00:00 0                          [stack:15059]
7fdfb370a000-7fdfb370b000 ---p 00000000 00:00 0 
7fdfb370b000-7fdfb380b000 rw-p 00000000 00:00 0                          [stack:15058]
7fdfb380b000-7fdfb380c000 ---p 00000000 00:00 0 
7fdfb380c000-7fdfb390c000 rw-p 00000000 00:00 0                          [stack:15057]
7fdfb390c000-7fdfb390d000 ---p 00000000 00:00 0 
7fdfb390d000-7fdfb3a0d000 rw-p 00000000 00:00 0                          [stack:15056]
7fdfb3a0d000-7fdfb3a0e000 ---p 00000000 00:00 0 
7fdfb3a0e000-7fdfb3b62000 rw-p 00000000 00:00 0                          [stack:15055]
7fdfb3b62000-7fdfb4045000 ---p 00000000 00:00 0 
7fdfb4045000-7fdfb4099000 rw-p 00000000 00:00 0 
7fdfb4099000-7fdfb457b000 ---p 00000000 00:00 0 
7fdfb457b000-7fdfb45a6000 rw-p 00000000 00:00 0 
7fdfb45a6000-7fdfb4817000 ---p 00000000 00:00 0 
7fdfb4817000-7fdfb4823000 rw-p 00000000 00:00 0 
7fdfb4823000-7fdfb4bd8000 ---p 00000000 00:00 0 
7fdfb4bd8000-7fdfb4e78000 rwxp 00000000 00:00 0 
7fdfb4e78000-7fdfc3bd8000 ---p 00000000 00:00 0 
7fdfc3bd8000-7fdfc3bf2000 r-xp 00000000 fe:00 4072537                    /usr/lib/jvm/java-8-jdk/jre/lib/amd64/libzip.so
7fdfc3bf2000-7fdfc3df2000 ---p 0001a000 fe:00 4072537                    /usr/lib/jvm/java-8-jdk/jre/lib/amd64/libzip.so
7fdfc3df2000-7fdfc3df3000 rw-p 0001a000 fe:00 4072537                    /usr/lib/jvm/java-8-jdk/jre/lib/amd64/libzip.so
7fdfc3df3000-7fdfc3dfe000 r-xp 00000000 fe:00 2624626                    /usr/lib/libnss_files-2.21.so
7fdfc3dfe000-7fdfc3ffe000 ---p 0000b000 fe:00 2624626                    /usr/lib/libnss_files-2.21.so
7fdfc3ffe000-7fdfc3fff000 r--p 0000b000 fe:00 2624626                    /usr/lib/libnss_files-2.21.so
7fdfc3fff000-7fdfc4000000 rw-p 0000c000 fe:00 2624626                    /usr/lib/libnss_files-2.21.so
7fdfc4000000-7fdfc4560000 rw-p 00000000 00:00 0 
7fdfc4560000-7fdfc8000000 ---p 00000000 00:00 0 
7fdfc8000000-7fdfc8001000 rwxp 00000000 00:00 0 
7fdfc8001000-7fdfc802b000 r-xp 00000000 fe:00 4072557                    /usr/lib/jvm/java-8-jdk/jre/lib/amd64/libjava.so
7fdfc802b000-7fdfc822b000 ---p 0002a000 fe:00 4072557                    /usr/lib/jvm/java-8-jdk/jre/lib/amd64/libjava.so
7fdfc822b000-7fdfc822d000 rw-p 0002a000 fe:00 4072557                    /usr/lib/jvm/java-8-jdk/jre/lib/amd64/libjava.so
7fdfc822d000-7fdfc823a000 r-xp 00000000 fe:00 4072544                    /usr/lib/jvm/java-8-jdk/jre/lib/amd64/libverify.so
7fdfc823a000-7fdfc843a000 ---p 0000d000 fe:00 4072544                    /usr/lib/jvm/java-8-jdk/jre/lib/amd64/libverify.so
7fdfc843a000-7fdfc843c000 rw-p 0000d000 fe:00 4072544                    /usr/lib/jvm/java-8-jdk/jre/lib/amd64/libverify.so
7fdfc843c000-7fdfc8443000 r-xp 00000000 fe:00 2624673                    /usr/lib/librt-2.21.so
7fdfc8443000-7fdfc8642000 ---p 00007000 fe:00 2624673                    /usr/lib/librt-2.21.so
7fdfc8642000-7fdfc8643000 r--p 00006000 fe:00 2624673                    /usr/lib/librt-2.21.so
7fdfc8643000-7fdfc8644000 rw-p 00007000 fe:00 2624673                    /usr/lib/librt-2.21.so
7fdfc8644000-7fdfc8747000 r-xp 00000000 fe:00 2624701                    /usr/lib/libm-2.21.so
7fdfc8747000-7fdfc8947000 ---p 00103000 fe:00 2624701                    /usr/lib/libm-2.21.so
7fdfc8947000-7fdfc8948000 r--p 00103000 fe:00 2624701                    /usr/lib/libm-2.21.so
7fdfc8948000-7fdfc8949000 rw-p 00104000 fe:00 2624701                    /usr/lib/libm-2.21.so
7fdfc8949000-7fdfc95b6000 r-xp 00000000 fe:00 4460819                    /usr/lib/jvm/java-8-jdk/jre/lib/amd64/server/libjvm.so
7fdfc95b6000-7fdfc97b5000 ---p 00c6d000 fe:00 4460819                    /usr/lib/jvm/java-8-jdk/jre/lib/amd64/server/libjvm.so
7fdfc97b5000-7fdfc988b000 rw-p 00c6c000 fe:00 4460819                    /usr/lib/jvm/java-8-jdk/jre/lib/amd64/server/libjvm.so
7fdfc988b000-7fdfc98ce000 rw-p 00000000 00:00 0 
7fdfc98ce000-7fdfc9a67000 r-xp 00000000 fe:00 2624641                    /usr/lib/libc-2.21.so
7fdfc9a67000-7fdfc9c67000 ---p 00199000 fe:00 2624641                    /usr/lib/libc-2.21.so
7fdfc9c67000-7fdfc9c6b000 r--p 00199000 fe:00 2624641                    /usr/lib/libc-2.21.so
7fdfc9c6b000-7fdfc9c6d000 rw-p 0019d000 fe:00 2624641                    /usr/lib/libc-2.21.so
7fdfc9c6d000-7fdfc9c71000 rw-p 00000000 00:00 0 
7fdfc9c71000-7fdfc9c73000 r-xp 00000000 fe:00 2624682                    /usr/lib/libdl-2.21.so
7fdfc9c73000-7fdfc9e73000 ---p 00002000 fe:00 2624682                    /usr/lib/libdl-2.21.so
7fdfc9e73000-7fdfc9e74000 r--p 00002000 fe:00 2624682                    /usr/lib/libdl-2.21.so
7fdfc9e74000-7fdfc9e75000 rw-p 00003000 fe:00 2624682                    /usr/lib/libdl-2.21.so
7fdfc9e75000-7fdfc9e8a000 r-xp 00000000 fe:00 4460811                    /usr/lib/jvm/java-8-jdk/jre/lib/amd64/jli/libjli.so
7fdfc9e8a000-7fdfca089000 ---p 00015000 fe:00 4460811                    /usr/lib/jvm/java-8-jdk/jre/lib/amd64/jli/libjli.so
7fdfca089000-7fdfca08a000 rw-p 00014000 fe:00 4460811                    /usr/lib/jvm/java-8-jdk/jre/lib/amd64/jli/libjli.so
7fdfca08a000-7fdfca0a2000 r-xp 00000000 fe:00 2624671                    /usr/lib/libpthread-2.21.so
7fdfca0a2000-7fdfca2a1000 ---p 00018000 fe:00 2624671                    /usr/lib/libpthread-2.21.so
7fdfca2a1000-7fdfca2a2000 r--p 00017000 fe:00 2624671                    /usr/lib/libpthread-2.21.so
7fdfca2a2000-7fdfca2a3000 rw-p 00018000 fe:00 2624671                    /usr/lib/libpthread-2.21.so
7fdfca2a3000-7fdfca2a7000 rw-p 00000000 00:00 0 
7fdfca2a7000-7fdfca2c9000 r-xp 00000000 fe:00 2624696                    /usr/lib/ld-2.21.so
7fdfca2ca000-7fdfca2cf000 r--s 002f8000 fe:00 3949453                    /usr/lib/jvm/java-8-jdk/jre/lib/charsets.jar
7fdfca2cf000-7fdfca36d000 rw-p 00000000 00:00 0 
7fdfca36d000-7fdfca370000 ---p 00000000 00:00 0 
7fdfca370000-7fdfca472000 rw-p 00000000 00:00 0                          [stack:15054]
7fdfca472000-7fdfca473000 rwxp 00000000 00:00 0 
7fdfca473000-7fdfca474000 r--s 00000000 fe:00 3949449                    /usr/lib/jvm/java-8-jdk/jre/lib/management-agent.jar
7fdfca474000-7fdfca4bd000 rw-p 00000000 00:00 0 
7fdfca4bd000-7fdfca4c5000 rw-s 00000000 00:1e 150919                     /tmp/hsperfdata_beenotung/15053
7fdfca4c5000-7fdfca4c6000 rw-p 00000000 00:00 0 
7fdfca4c6000-7fdfca4c7000 r--p 00000000 00:00 0 
7fdfca4c7000-7fdfca4c8000 rw-p 00000000 00:00 0 
7fdfca4c8000-7fdfca4c9000 r--p 00021000 fe:00 2624696                    /usr/lib/ld-2.21.so
7fdfca4c9000-7fdfca4ca000 rw-p 00022000 fe:00 2624696                    /usr/lib/ld-2.21.so
7fdfca4ca000-7fdfca4cb000 rw-p 00000000 00:00 0 
7ffec7b04000-7ffec7b26000 rw-p 00000000 00:00 0                          [stack]
7ffec7b72000-7ffec7b74000 r--p 00000000 00:00 0                          [vvar]
7ffec7b74000-7ffec7b76000 r-xp 00000000 00:00 0                          [vdso]
ffffffffff600000-ffffffffff601000 r-xp 00000000 00:00 0                  [vsyscall]

VM Arguments:
jvm_args: -Djava.library.path=/home/beenotung/git/workspace/hkcc-pacman-robot/lib/lwjgl3/native/linux/x64:/home/beenotung/git/workspace/hkcc-pacman-robot/lib/lwjgl3/native/linux/x86:/home/beenotung/git/workspace/hkcc-pacman-robot/lib/lwjgl3/native/macosx/x64:/home/beenotung/git/workspace/hkcc-pacman-robot/lib/lwjgl3/native/windows/x64:/home/beenotung/git/workspace/hkcc-pacman-robot/lib/lwjgl3/native/windows/x86 -Didea.launcher.port=7532 -Didea.launcher.bin.path=/usr/share/intellijidea-ce/bin -Dfile.encoding=UTF-8 
java_command: com.intellij.rt.execution.application.AppMain edu.hkcc.pacmanrobot.launcher.MiniMapLauncher
java_class_path (initial): /usr/lib/jvm/default/jre/lib/management-agent.jar:/usr/lib/jvm/default/jre/lib/rt.jar:/usr/lib/jvm/default/jre/lib/charsets.jar:/usr/lib/jvm/default/jre/lib/jfxswt.jar:/usr/lib/jvm/default/jre/lib/javaws.jar:/usr/lib/jvm/default/jre/lib/deploy.jar:/usr/lib/jvm/default/jre/lib/resources.jar:/usr/lib/jvm/default/jre/lib/plugin.jar:/usr/lib/jvm/default/jre/lib/jfr.jar:/usr/lib/jvm/default/jre/lib/jsse.jar:/usr/lib/jvm/default/jre/lib/jce.jar:/usr/lib/jvm/default/jre/lib/ext/jfxrt.jar:/usr/lib/jvm/default/jre/lib/ext/sunpkcs11.jar:/usr/lib/jvm/default/jre/lib/ext/nashorn.jar:/usr/lib/jvm/default/jre/lib/ext/sunjce_provider.jar:/usr/lib/jvm/default/jre/lib/ext/cldrdata.jar:/usr/lib/jvm/default/jre/lib/ext/sunec.jar:/usr/lib/jvm/default/jre/lib/ext/dnsns.jar:/usr/lib/jvm/default/jre/lib/ext/localedata.jar:/usr/lib/jvm/default/jre/lib/ext/zipfs.jar:/home/beenotung/git/workspace/hkcc-pacman-robot/target/scala-2.11/classes:/home/beenotung/.ivy2/cache/org.scala-lang/scala-library/jars/scala-library-2.11.6.jar:/home/beenotung/git/workspace/hkcc-pacman-robot/lib/pi4j/junit.jar:/home/beenotung/git/workspace/hkcc-pacman-robot/lib/pi4j/pi4j-core.jar:/home/beenotung/git/workspace/hkcc-pacman-robot/lib/pi4j/pi4j-device.jar:/home/beenotung/git/workspace/hkcc-pacman-robot/lib/pi4j/pi4j-example.jar:/home/beenotung/git/workspace/hkcc-pacman-robot/lib/pi4j/pi4j-service.jar:/home/beenotung/git/workspace/hkcc-pacman-robot/lib/pi4j/pi4j-core-javadoc.jar:/home/beenotung/git/workspace/hkcc-pacman-robot/lib/pi4j/pi4j-core-sources.jar:/home/beenotung/git/workspace/hkcc-pacman-robot/lib/pi4j/pi4j-device-javadoc.jar:/home/beenotung/git/workspace/hkcc-pacman-robot/lib/pi4j/pi4j-device-sources.jar:/home/beenotung/git/workspace/hkcc-pacman-robot/lib/pi4j/pi4j-gpio-extension.jar:/home/beenotung/git/workspace/hkcc-pacman-robot/lib/pi4j/pi4j-example-javadoc.jar:/home/beenotung/git/workspace/hkcc-pacman-robot/lib/pi4j/pi4j-example-sources.jar:/home/beenotung/git/workspace/hk
Launcher Type: SUN_STANDARD

Environment Variables:
PATH=/usr/games:/home/beenotung/bin:/usr/local/sbin:/usr/local/bin:/usr/bin:/opt/android-sdk/tools:/usr/lib/jvm/default/bin:/usr/bin/site_perl:/usr/bin/vendor_perl:/usr/bin/core_perl
USERNAME=beenotung
LD_LIBRARY_PATH=.:
SHELL=/bin/bash
DISPLAY=:1

Signal Handlers:
SIGSEGV: [libjvm.so+0xa79a80], sa_mask[0]=11111111011111111101111111111110, sa_flags=SA_RESTART|SA_SIGINFO
SIGBUS: [libjvm.so+0xa79a80], sa_mask[0]=11111111011111111101111111111110, sa_flags=SA_RESTART|SA_SIGINFO
SIGFPE: [libjvm.so+0x8e24e0], sa_mask[0]=11111111011111111101111111111110, sa_flags=SA_RESTART|SA_SIGINFO
SIGPIPE: [libjvm.so+0x8e24e0], sa_mask[0]=11111111011111111101111111111110, sa_flags=SA_RESTART|SA_SIGINFO
SIGXFSZ: [libjvm.so+0x8e24e0], sa_mask[0]=11111111011111111101111111111110, sa_flags=SA_RESTART|SA_SIGINFO
SIGILL: [libjvm.so+0x8e24e0], sa_mask[0]=11111111011111111101111111111110, sa_flags=SA_RESTART|SA_SIGINFO
SIGUSR1: SIG_DFL, sa_mask[0]=00000000000000000000000000000000, sa_flags=none
SIGUSR2: [libjvm.so+0x8e3d10], sa_mask[0]=00100000000000000000000000000000, sa_flags=SA_RESTART|SA_SIGINFO
SIGHUP: [libjvm.so+0x8e50d0], sa_mask[0]=11111111011111111101111111111110, sa_flags=SA_RESTART|SA_SIGINFO
SIGINT: [libjvm.so+0x8e50d0], sa_mask[0]=11111111011111111101111111111110, sa_flags=SA_RESTART|SA_SIGINFO
SIGTERM: [libjvm.so+0x8e50d0], sa_mask[0]=11111111011111111101111111111110, sa_flags=SA_RESTART|SA_SIGINFO
SIGQUIT: [libjvm.so+0x8e50d0], sa_mask[0]=11111111011111111101111111111110, sa_flags=SA_RESTART|SA_SIGINFO


---------------  S Y S T E M  ---------------

OS:LSB_VERSION=1.4
DISTRIB_ID=Arch
DISTRIB_RELEASE=rolling
DISTRIB_DESCRIPTION="Arch Linux"

uname:Linux 3.19.3-3-ARCH #1 SMP PREEMPT Wed Apr 8 14:10:00 CEST 2015 x86_64
libc:glibc 2.21 NPTL 2.21 
rlimit: STACK 8192k, CORE 0k, NPROC 64015, NOFILE 4096, AS infinity
load average:0.52 0.56 0.61

/proc/meminfo:
MemTotal:       16398448 kB
MemFree:        11285096 kB
MemAvailable:   12853416 kB
Buffers:          175052 kB
Cached:          1510964 kB
SwapCached:            0 kB
Active:          3840444 kB
Inactive:         893556 kB
Active(anon):    3050228 kB
Inactive(anon):    22416 kB
Active(file):     790216 kB
Inactive(file):   871140 kB
Unevictable:         532 kB
Mlocked:             532 kB
SwapTotal:             0 kB
SwapFree:              0 kB
Dirty:              1268 kB
Writeback:             0 kB
AnonPages:       3048540 kB
Mapped:           412432 kB
Shmem:             24664 kB
Slab:             197892 kB
SReclaimable:     151796 kB
SUnreclaim:        46096 kB
KernelStack:       13424 kB
PageTables:        61004 kB
NFS_Unstable:          0 kB
Bounce:                0 kB
WritebackTmp:          0 kB
CommitLimit:     8199224 kB
Committed_AS:    8715540 kB
VmallocTotal:   34359738367 kB
VmallocUsed:      155572 kB
VmallocChunk:   34359559384 kB
HardwareCorrupted:     0 kB
AnonHugePages:   1241088 kB
HugePages_Total:       0
HugePages_Free:        0
HugePages_Rsvd:        0
HugePages_Surp:        0
Hugepagesize:       2048 kB
DirectMap4k:      177724 kB
DirectMap2M:    16560128 kB


CPU:total 8 (4 cores per cpu, 2 threads per core) family 6 model 58 stepping 9, cmov, cx8, fxsr, mmx, sse, sse2, sse3, ssse3, sse4.1, sse4.2, popcnt, avx, aes, clmul, erms, ht, tsc, tscinvbit, tscinv

/proc/cpuinfo:
processor	: 0
vendor_id	: GenuineIntel
cpu family	: 6
model		: 58
model name	: Intel(R) Xeon(R) CPU E3-1230 V2 @ 3.30GHz
stepping	: 9
microcode	: 0x12
cpu MHz		: 3225.621
cache size	: 8192 KB
physical id	: 0
siblings	: 8
core id		: 0
cpu cores	: 4
apicid		: 0
initial apicid	: 0
fpu		: yes
fpu_exception	: yes
cpuid level	: 13
wp		: yes
flags		: fpu vme de pse tsc msr pae mce cx8 apic sep mtrr pge mca cmov pat pse36 clflush dts acpi mmx fxsr sse sse2 ss ht tm pbe syscall nx rdtscp lm constant_tsc arch_perfmon pebs bts rep_good nopl xtopology nonstop_tsc aperfmperf eagerfpu pni pclmulqdq dtes64 monitor ds_cpl vmx smx est tm2 ssse3 cx16 xtpr pdcm pcid sse4_1 sse4_2 x2apic popcnt tsc_deadline_timer aes xsave avx f16c rdrand lahf_lm ida arat epb pln pts dtherm tpr_shadow vnmi flexpriority ept vpid fsgsbase smep erms xsaveopt
bugs		:
bogomips	: 6588.75
clflush size	: 64
cache_alignment	: 64
address sizes	: 36 bits physical, 48 bits virtual
power management:

processor	: 1
vendor_id	: GenuineIntel
cpu family	: 6
model		: 58
model name	: Intel(R) Xeon(R) CPU E3-1230 V2 @ 3.30GHz
stepping	: 9
microcode	: 0x12
cpu MHz		: 3684.011
cache size	: 8192 KB
physical id	: 0
siblings	: 8
core id		: 1
cpu cores	: 4
apicid		: 2
initial apicid	: 2
fpu		: yes
fpu_exception	: yes
cpuid level	: 13
wp		: yes
flags		: fpu vme de pse tsc msr pae mce cx8 apic sep mtrr pge mca cmov pat pse36 clflush dts acpi mmx fxsr sse sse2 ss ht tm pbe syscall nx rdtscp lm constant_tsc arch_perfmon pebs bts rep_good nopl xtopology nonstop_tsc aperfmperf eagerfpu pni pclmulqdq dtes64 monitor ds_cpl vmx smx est tm2 ssse3 cx16 xtpr pdcm pcid sse4_1 sse4_2 x2apic popcnt tsc_deadline_timer aes xsave avx f16c rdrand lahf_lm ida arat epb pln pts dtherm tpr_shadow vnmi flexpriority ept vpid fsgsbase smep erms xsaveopt
bugs		:
bogomips	: 6588.75
clflush size	: 64
cache_alignment	: 64
address sizes	: 36 bits physical, 48 bits virtual
power management:

processor	: 2
vendor_id	: GenuineIntel
cpu family	: 6
model		: 58
model name	: Intel(R) Xeon(R) CPU E3-1230 V2 @ 3.30GHz
stepping	: 9
microcode	: 0x12
cpu MHz		: 3237.480
cache size	: 8192 KB
physical id	: 0
siblings	: 8
core id		: 2
cpu cores	: 4
apicid		: 4
initial apicid	: 4
fpu		: yes
fpu_exception	: yes
cpuid level	: 13
wp		: yes
flags		: fpu vme de pse tsc msr pae mce cx8 apic sep mtrr pge mca cmov pat pse36 clflush dts acpi mmx fxsr sse sse2 ss ht tm pbe syscall nx rdtscp lm constant_tsc arch_perfmon pebs bts rep_good nopl xtopology nonstop_tsc aperfmperf eagerfpu pni pclmulqdq dtes64 monitor ds_cpl vmx smx est tm2 ssse3 cx16 xtpr pdcm pcid sse4_1 sse4_2 x2apic popcnt tsc_deadline_timer aes xsave avx f16c rdrand lahf_lm ida arat epb pln pts dtherm tpr_shadow vnmi flexpriority ept vpid fsgsbase smep erms xsaveopt
bugs		:
bogomips	: 6588.75
clflush size	: 64
cache_alignment	: 64
address sizes	: 36 bits physical, 48 bits virtual
power management:

processor	: 3
vendor_id	: GenuineIntel
cpu family	: 6
model		: 58
model name	: Intel(R) Xeon(R) CPU E3-1230 V2 @ 3.30GHz
stepping	: 9
microcode	: 0x12
cpu MHz		: 3273.316
cache size	: 8192 KB
physical id	: 0
siblings	: 8
core id		: 3
cpu cores	: 4
apicid		: 6
initial apicid	: 6
fpu		: yes
fpu_exception	: yes
cpuid level	: 13
wp		: yes
flags		: fpu vme de pse tsc msr pae mce cx8 apic sep mtrr pge mca cmov pat pse36 clflush dts acpi mmx fxsr sse sse2 ss ht tm pbe syscall nx rdtscp lm constant_tsc arch_perfmon pebs bts rep_good nopl xtopology nonstop_tsc aperfmperf eagerfpu pni pclmulqdq dtes64 monitor ds_cpl vmx smx est tm2 ssse3 cx16 xtpr pdcm pcid sse4_1 sse4_2 x2apic popcnt tsc_deadline_timer aes xsave avx f16c rdrand lahf_lm ida arat epb pln pts dtherm tpr_shadow vnmi flexpriority ept vpid fsgsbase smep erms xsaveopt
bugs		:
bogomips	: 6588.75
clflush size	: 64
cache_alignment	: 64
address sizes	: 36 bits physical, 48 bits virtual
power management:

processor	: 4
vendor_id	: GenuineIntel
cpu family	: 6
model		: 58
model name	: Intel(R) Xeon(R) CPU E3-1230 V2 @ 3.30GHz
stepping	: 9
microcode	: 0x12
cpu MHz		: 3630.000
cache size	: 8192 KB
physical id	: 0
siblings	: 8
core id		: 0
cpu cores	: 4
apicid		: 1
initial apicid	: 1
fpu		: yes
fpu_exception	: yes
cpuid level	: 13
wp		: yes
flags		: fpu vme de pse tsc msr pae mce cx8 apic sep mtrr pge mca cmov pat pse36 clflush dts acpi mmx fxsr sse sse2 ss ht tm pbe syscall nx rdtscp lm constant_tsc arch_perfmon pebs bts rep_good nopl xtopology nonstop_tsc aperfmperf eagerfpu pni pclmulqdq dtes64 monitor ds_cpl vmx smx est tm2 ssse3 cx16 xtpr pdcm pcid sse4_1 sse4_2 x2apic popcnt tsc_deadline_timer aes xsave avx f16c rdrand lahf_lm ida arat epb pln pts dtherm tpr_shadow vnmi flexpriority ept vpid fsgsbase smep erms xsaveopt
bugs		:
bogomips	: 6588.75
clflush size	: 64
cache_alignment	: 64
address sizes	: 36 bits physical, 48 bits virtual
power management:

processor	: 5
vendor_id	: GenuineIntel
cpu family	: 6
model		: 58
model name	: Intel(R) Xeon(R) CPU E3-1230 V2 @ 3.30GHz
stepping	: 9
microcode	: 0x12
cpu MHz		: 3442.828
cache size	: 8192 KB
physical id	: 0
siblings	: 8
core id		: 1
cpu cores	: 4
apicid		: 3
initial apicid	: 3
fpu		: yes
fpu_exception	: yes
cpuid level	: 13
wp		: yes
flags		: fpu vme de pse tsc msr pae mce cx8 apic sep mtrr pge mca cmov pat pse36 clflush dts acpi mmx fxsr sse sse2 ss ht tm pbe syscall nx rdtscp lm constant_tsc arch_perfmon pebs bts rep_good nopl xtopology nonstop_tsc aperfmperf eagerfpu pni pclmulqdq dtes64 monitor ds_cpl vmx smx est tm2 ssse3 cx16 xtpr pdcm pcid sse4_1 sse4_2 x2apic popcnt tsc_deadline_timer aes xsave avx f16c rdrand lahf_lm ida arat epb pln pts dtherm tpr_shadow vnmi flexpriority ept vpid fsgsbase smep erms xsaveopt
bugs		:
bogomips	: 6588.75
clflush size	: 64
cache_alignment	: 64
address sizes	: 36 bits physical, 48 bits virtual
power management:

processor	: 6
vendor_id	: GenuineIntel
cpu family	: 6
model		: 58
model name	: Intel(R) Xeon(R) CPU E3-1230 V2 @ 3.30GHz
stepping	: 9
microcode	: 0x12
cpu MHz		: 3578.695
cache size	: 8192 KB
physical id	: 0
siblings	: 8
core id		: 2
cpu cores	: 4
apicid		: 5
initial apicid	: 5
fpu		: yes
fpu_exception	: yes
cpuid level	: 13
wp		: yes
flags		: fpu vme de pse tsc msr pae mce cx8 apic sep mtrr pge mca cmov pat pse36 clflush dts acpi mmx fxsr sse sse2 ss ht tm pbe syscall nx rdtscp lm constant_tsc arch_perfmon pebs bts rep_good nopl xtopology nonstop_tsc aperfmperf eagerfpu pni pclmulqdq dtes64 monitor ds_cpl vmx smx est tm2 ssse3 cx16 xtpr pdcm pcid sse4_1 sse4_2 x2apic popcnt tsc_deadline_timer aes xsave avx f16c rdrand lahf_lm ida arat epb pln pts dtherm tpr_shadow vnmi flexpriority ept vpid fsgsbase smep erms xsaveopt
bugs		:
bogomips	: 6588.75
clflush size	: 64
cache_alignment	: 64
address sizes	: 36 bits physical, 48 bits virtual
power management:

processor	: 7
vendor_id	: GenuineIntel
cpu family	: 6
model		: 58
model name	: Intel(R) Xeon(R) CPU E3-1230 V2 @ 3.30GHz
stepping	: 9
microcode	: 0x12
cpu MHz		: 3625.101
cache size	: 8192 KB
physical id	: 0
siblings	: 8
core id		: 3
cpu cores	: 4
apicid		: 7
initial apicid	: 7
fpu		: yes
fpu_exception	: yes
cpuid level	: 13
wp		: yes
flags		: fpu vme de pse tsc msr pae mce cx8 apic sep mtrr pge mca cmov pat pse36 clflush dts acpi mmx fxsr sse sse2 ss ht tm pbe syscall nx rdtscp lm constant_tsc arch_perfmon pebs bts rep_good nopl xtopology nonstop_tsc aperfmperf eagerfpu pni pclmulqdq dtes64 monitor ds_cpl vmx smx est tm2 ssse3 cx16 xtpr pdcm pcid sse4_1 sse4_2 x2apic popcnt tsc_deadline_timer aes xsave avx f16c rdrand lahf_lm ida arat epb pln pts dtherm tpr_shadow vnmi flexpriority ept vpid fsgsbase smep erms xsaveopt
bugs		:
bogomips	: 6588.75
clflush size	: 64
cache_alignment	: 64
address sizes	: 36 bits physical, 48 bits virtual
power management:



Memory: 4k page, physical 16398448k(11285096k free), swap 0k(0k free)

vm_info: Java HotSpot(TM) 64-Bit Server VM (25.25-b02) for linux-amd64 JRE (1.8.0_25-b17), built on Sep 17 2014 17:32:11 by "java_re" with gcc 4.3.0 20080428 (Red Hat 4.3.0-8)

time: Tue Apr 14 08:07:13 2015
elapsed time: 6 seconds (0d 0h 0m 6s)

