#
# A fatal error has been detected by the Java Runtime Environment:
#
#  SIGSEGV (0xb) at pc=0x00007f74a34b6a2a, pid=7340, tid=140139072190208
#
# JRE version: Java(TM) SE Runtime Environment (8.0_25-b17) (build 1.8.0_25-b17)
# Java VM: Java HotSpot(TM) 64-Bit Server VM (25.25-b02 mixed mode linux-amd64 compressed oops)
# Problematic frame:
# C  [libffi.so.6+0x4a2a]  ffi_closure_free+0x49a
#
# Failed to write core dump. Core dumps have been disabled. To enable core dumping, try "ulimit -c unlimited" before starting Java again
#
# If you would like to submit a bug report, please visit:
#   http://bugreport.sun.com/bugreport/crash.jsp
# The crash happened outside the Java Virtual Machine in native code.
# See problematic frame for where to report the bug.
#

---------------  T H R E A D  ---------------

Current thread (0x00007f74d82ca000):  JavaThread "Thread-0" [_thread_in_native, id=7393, stack(0x00007f74ab8df000,0x00007f74ab9e0000)]

siginfo: si_signo: 11 (SIGSEGV), si_code: 1 (SEGV_MAPERR), si_addr: 0x0000000000000018

Registers:
RAX=0x0000000000000f80, RBX=0x00007f74a36ba2c0, RCX=0x0000000000000000, RDX=0x0000000000000000
RSP=0x00007f74ab9de450, RBP=0x00007f74def6c038, RSI=0x00007f74def6c070, RDI=0x0000000000000001
R8 =0x0000000000000000, R9 =0x0000000000000000, R10=0x000000000000003c, R11=0x00007f74a34b6590
R12=0x00007f74def6c048, R13=0x00007f74c73ae938, R14=0x00007f74ab9de528, R15=0x00007f74d82ca000
RIP=0x00007f74a34b6a2a, EFLAGS=0x0000000000010246, CSGSFS=0x0000000000000033, ERR=0x0000000000000006
  TRAPNO=0x000000000000000e

Top of Stack: (sp=0x00007f74ab9de450)
0x00007f74ab9de450:   00007f74d82ca000 00007f74a2cf37c0
0x00007f74ab9de460:   00007f74b3dd44c0 00007f74d8007440
0x00007f74ab9de470:   00007f74def6c048 00007f74c73ae938
0x00007f74ab9de480:   00007f74ab9de500 0000000000000000
0x00007f74ab9de490:   00007f74c73ae938 00007f74ab9de528
0x00007f74ab9de4a0:   00007f74d82ca000 00007f74c90156d4
0x00007f74ab9de4b0:   00007f74d82ca000 00007f74c9015422
0x00007f74ab9de4c0:   00007f74ab9de4c0 00007f74c73ae938
0x00007f74ab9de4d0:   00007f74ab9de528 00007f74c73aed30
0x00007f74ab9de4e0:   0000000000000000 00007f74c73ae938
0x00007f74ab9de4f0:   0000000000000000 00007f74ab9de520
0x00007f74ab9de500:   00007f74ab9de570 00007f74c900798d
0x00007f74ab9de510:   000000076d8812e0 00007f74c900f2b8
0x00007f74ab9de520:   00007f74def6c048 000000076d8dcd00
0x00007f74ab9de530:   00007f74ab9de530 00007f74c722fd0b
0x00007f74ab9de540:   00007f74ab9de580 00007f74c738b5f8
0x00007f74ab9de550:   0000000000000000 00007f74c722fd28
0x00007f74ab9de560:   00007f74ab9de520 00007f74ab9de580
0x00007f74ab9de570:   00007f74ab9de5c8 00007f74c900798d
0x00007f74ab9de580:   000000076d8dcd00 00007f74ab9de588
0x00007f74ab9de590:   00007f74c72309e6 00007f74ab9de5d8
0x00007f74ab9de5a0:   00007f74c738b480 0000000000000000
0x00007f74ab9de5b0:   00007f74c7230a00 00007f74ab9de580
0x00007f74ab9de5c0:   00007f74ab9de5d8 00007f74ab9de620
0x00007f74ab9de5d0:   00007f74c900798d 000000076d8dcd00
0x00007f74ab9de5e0:   00007f74ab9de5e0 00007f74c722db37
0x00007f74ab9de5f0:   00007f74ab9de630 00007f74c7231398
0x00007f74ab9de600:   0000000000000000 00007f74c722db50
0x00007f74ab9de610:   00007f74ab9de5d8 00007f74ab9de630
0x00007f74ab9de620:   00007f74ab9de678 00007f74c900798d
0x00007f74ab9de630:   000000076cf328a8 00007f74ab9de638
0x00007f74ab9de640:   00007f74c722dbe7 00007f74ab9de690 

Instructions: (pc=0x00007f74a34b6a2a)
0x00007f74a34b6a0a:   56 18 4c 8b 4e 30 48 39 d6 0f 84 ef 03 00 00 48
0x00007f74a34b6a1a:   8b 4e 10 48 3b 0d b4 38 20 00 0f 82 26 fe ff ff
0x00007f74a34b6a2a:   48 89 51 18 48 89 4a 10 4d 85 c9 0f 84 55 03 00
0x00007f74a34b6a3a:   00 48 8b 4e 38 48 8d 79 4a 48 3b 34 fb 0f 84 b3 

Register to memory mapping:

RAX=0x0000000000000f80 is an unknown value
RBX=0x00007f74a36ba2c0: <offset 0x2082c0> in /usr/lib/libffi.so.6 at 0x00007f74a34b2000
RCX=0x0000000000000000 is an unknown value
RDX=0x0000000000000000 is an unknown value
RSP=0x00007f74ab9de450 is pointing into the stack for thread: 0x00007f74d82ca000
RBP=0x00007f74def6c038 is an unknown value
RSI=0x00007f74def6c070 is an unknown value
RDI=0x0000000000000001 is an unknown value
R8 =0x0000000000000000 is an unknown value
R9 =0x0000000000000000 is an unknown value
R10=0x000000000000003c is an unknown value
R11=0x00007f74a34b6590: ffi_closure_free+0 in /usr/lib/libffi.so.6 at 0x00007f74a34b2000
R12=0x00007f74def6c048 is an unknown value
R13={method} {0x00007f74c73ae938} 'nffi_closure_free' '(J)V' in 'org/lwjgl/system/libffi/LibFFI'
R14=0x00007f74ab9de528 is pointing into the stack for thread: 0x00007f74d82ca000
R15=0x00007f74d82ca000 is a thread


Stack: [0x00007f74ab8df000,0x00007f74ab9e0000],  sp=0x00007f74ab9de450,  free space=1021k
Native frames: (J=compiled Java code, j=interpreted, Vv=VM code, C=native code)
C  [libffi.so.6+0x4a2a]  ffi_closure_free+0x49a

Java frames: (J=compiled Java code, j=interpreted, Vv=VM code)
j  org.lwjgl.system.libffi.LibFFI.nffi_closure_free(J)V+0
j  org.lwjgl.system.libffi.Closure.destroy()V+35
j  org.lwjgl.system.Retainable$Default.release()V+38
j  myutils.gui.opengl.AbstractOpenGLApplication.end()V+7
j  myutils.gui.opengl.AbstractOpenGLApplication.run()V+15
j  edu.hkcc.pacmanrobot.controller.gamecontroller.MiniMap.run()V+27
v  ~StubRoutines::call_stub

---------------  P R O C E S S  ---------------

Java Threads: ( => current thread )
  0x00007f7458002000 JavaThread "Thread-3" [_thread_blocked, id=7401, stack(0x00007f74a8093000,0x00007f74a8194000)]
  0x00007f7458004000 JavaThread "Thread-2" [_thread_in_native, id=7400, stack(0x00007f74a2b0b000,0x00007f74a2c0c000)]
  0x00007f74d800a000 JavaThread "DestroyJavaVM" [_thread_blocked, id=7341, stack(0x00007f74dee67000,0x00007f74def68000)]
=>0x00007f74d82ca000 JavaThread "Thread-0" [_thread_in_native, id=7393, stack(0x00007f74ab8df000,0x00007f74ab9e0000)]
  0x00007f74d826a000 JavaThread "Monitor Ctrl-Break" daemon [_thread_in_native, id=7381, stack(0x00007f74c405a000,0x00007f74c415b000)]
  0x00007f74d80da000 JavaThread "Service Thread" daemon [_thread_blocked, id=7379, stack(0x00007f74c4487000,0x00007f74c4588000)]
  0x00007f74d80ba800 JavaThread "C1 CompilerThread3" daemon [_thread_blocked, id=7376, stack(0x00007f74c4588000,0x00007f74c4689000)]
  0x00007f74d80b8000 JavaThread "C2 CompilerThread2" daemon [_thread_blocked, id=7375, stack(0x00007f74c4689000,0x00007f74c478a000)]
  0x00007f74d80b6800 JavaThread "C2 CompilerThread1" daemon [_thread_blocked, id=7374, stack(0x00007f74c478a000,0x00007f74c488b000)]
  0x00007f74d80b3800 JavaThread "C2 CompilerThread0" daemon [_thread_blocked, id=7373, stack(0x00007f74c488b000,0x00007f74c498c000)]
  0x00007f74d80b1800 JavaThread "Signal Dispatcher" daemon [_thread_blocked, id=7372, stack(0x00007f74c498c000,0x00007f74c4a8d000)]
  0x00007f74d8084800 JavaThread "Finalizer" daemon [_thread_blocked, id=7365, stack(0x00007f74c4c52000,0x00007f74c4d53000)]
  0x00007f74d8082800 JavaThread "Reference Handler" daemon [_thread_blocked, id=7363, stack(0x00007f74c4d53000,0x00007f74c4e54000)]

Other Threads:
  0x00007f74d807b800 VMThread [stack: 0x00007f74c4e54000,0x00007f74c4f55000] [id=7361]
  0x00007f74d80e4800 WatcherThread [stack: 0x00007f74c4386000,0x00007f74c4487000] [id=7380]

VM state:not at safepoint (normal execution)

VM Mutex/Monitor currently owned by a thread: None

Heap:
 PSYoungGen      total 75264K, used 34907K [0x000000076c980000, 0x0000000771d80000, 0x00000007c0000000)
  eden space 64512K, 54% used [0x000000076c980000,0x000000076eb96e30,0x0000000770880000)
  from space 10752K, 0% used [0x0000000771300000,0x0000000771300000,0x0000000771d80000)
  to   space 10752K, 0% used [0x0000000770880000,0x0000000770880000,0x0000000771300000)
 ParOldGen       total 172032K, used 0K [0x00000006c5c00000, 0x00000006d0400000, 0x000000076c980000)
  object space 172032K, 0% used [0x00000006c5c00000,0x00000006c5c00000,0x00000006d0400000)
 Metaspace       used 10387K, capacity 10470K, committed 10624K, reserved 1058816K
  class space    used 1088K, capacity 1113K, committed 1152K, reserved 1048576K

Card table byte_map: [0x00007f74c882d000,0x00007f74c9000000] byte_map_base: 0x00007f74c51ff000

Marking Bits: (ParMarkBitMap*) 0x00007f74de39d2c0
 Begin Bits: [0x00007f74b82e0000, 0x00007f74bc170000)
 End Bits:   [0x00007f74bc170000, 0x00007f74c0000000)

Polling page: 0x00007f74defc0000

CodeCache: size=245760Kb used=2656Kb max_used=2668Kb free=243103Kb
 bounds [0x00007f74c9000000, 0x00007f74c92a0000, 0x00007f74d8000000]
 total_blobs=1069 nmethods=519 adapters=465
 compilation: enabled

Compilation events (10 events):
Event: 6.102 Thread 0x00007f74d80ba800 nmethod 512 0x00007f74c9295b50 code [0x00007f74c9295cc0, 0x00007f74c9295ee8]
Event: 6.102 Thread 0x00007f74d80ba800  515   !   3       sun.reflect.UTF8::encode (191 bytes)
Event: 6.102 Thread 0x00007f74d80b8000 nmethod 513 0x00007f74c92957d0 code [0x00007f74c9295920, 0x00007f74c9295a28]
Event: 6.103 Thread 0x00007f74d80ba800 nmethod 515 0x00007f74c9299d10 code [0x00007f74c9299f00, 0x00007f74c929a7c8]
Event: 6.103 Thread 0x00007f74d80ba800  516       3       java.lang.reflect.AccessibleObject::<init> (5 bytes)
Event: 6.103 Thread 0x00007f74d80ba800 nmethod 516 0x00007f74c9295410 code [0x00007f74c9295580, 0x00007f74c9295730]
Event: 6.105 Thread 0x00007f74d80ba800  517       1       java.net.AbstractPlainSocketImpl::getTimeout (5 bytes)
Event: 6.105 Thread 0x00007f74d80ba800 nmethod 517 0x00007f74c9295110 code [0x00007f74c9295260, 0x00007f74c9295370]
Event: 6.106 Thread 0x00007f74d80b3800  518       4       sun.reflect.ClassFileAssembler::emitByte (11 bytes)
Event: 6.107 Thread 0x00007f74d80b3800 nmethod 518 0x00007f74c929c5d0 code [0x00007f74c929c740, 0x00007f74c929c888]

GC Heap History (0 events):
No events

Deoptimization events (4 events):
Event: 5.904 Thread 0x00007f74d82ca000 Uncommon trap: reason=unreached action=reinterpret pc=0x00007f74c91cb574 method=sun.misc.URLClassPath$JarLoader.ensureOpen()V @ 4
Event: 5.907 Thread 0x00007f74d82ca000 Uncommon trap: reason=unreached action=reinterpret pc=0x00007f74c91e81f4 method=sun.misc.URLClassPath$JarLoader.ensureOpen()V @ 4
Event: 5.907 Thread 0x00007f74d82ca000 Uncommon trap: reason=unreached action=reinterpret pc=0x00007f74c91e5480 method=java.util.zip.ZipCoder.encoder()Ljava/nio/charset/CharsetEncoder; @ 4
Event: 5.908 Thread 0x00007f74d82ca000 Uncommon trap: reason=unreached action=reinterpret pc=0x00007f74c91e2218 method=java.util.zip.ZipCoder.encoder()Ljava/nio/charset/CharsetEncoder; @ 4

Internal exceptions (10 events):
Event: 6.090 Thread 0x00007f7458004000 Exception <a 'java/security/PrivilegedActionException'> (0x000000076eaaf1a8) thrown at [/HUDSON/workspace/8-2-build-linux-amd64/jdk8u25/1514/hotspot/src/share/vm/prims/jvm.cpp, line 1312]
Event: 6.090 Thread 0x00007f7458004000 Exception <a 'java/security/PrivilegedActionException'> (0x000000076eab4580) thrown at [/HUDSON/workspace/8-2-build-linux-amd64/jdk8u25/1514/hotspot/src/share/vm/prims/jvm.cpp, line 1312]
Event: 6.090 Thread 0x00007f7458004000 Exception <a 'java/security/PrivilegedActionException'> (0x000000076eab9cc0) thrown at [/HUDSON/workspace/8-2-build-linux-amd64/jdk8u25/1514/hotspot/src/share/vm/prims/jvm.cpp, line 1312]
Event: 6.090 Thread 0x00007f7458004000 Exception <a 'java/security/PrivilegedActionException'> (0x000000076eabe550) thrown at [/HUDSON/workspace/8-2-build-linux-amd64/jdk8u25/1514/hotspot/src/share/vm/prims/jvm.cpp, line 1312]
Event: 6.091 Thread 0x00007f7458004000 Exception <a 'java/security/PrivilegedActionException'> (0x000000076eae9ba8) thrown at [/HUDSON/workspace/8-2-build-linux-amd64/jdk8u25/1514/hotspot/src/share/vm/prims/jvm.cpp, line 1312]
Event: 6.091 Thread 0x00007f7458004000 Exception <a 'java/security/PrivilegedActionException'> (0x000000076eaee9f8) thrown at [/HUDSON/workspace/8-2-build-linux-amd64/jdk8u25/1514/hotspot/src/share/vm/prims/jvm.cpp, line 1312]
Event: 6.092 Thread 0x00007f7458004000 Exception <a 'java/lang/NoSuchMethodError': <clinit>> (0x000000076eafff10) thrown at [/HUDSON/workspace/8-2-build-linux-amd64/jdk8u25/1514/hotspot/src/share/vm/prims/jni.cpp, line 1603]
Event: 6.106 Thread 0x00007f7458004000 Exception <a 'java/security/PrivilegedActionException'> (0x000000076eb61570) thrown at [/HUDSON/workspace/8-2-build-linux-amd64/jdk8u25/1514/hotspot/src/share/vm/prims/jvm.cpp, line 1312]
Event: 6.117 Thread 0x00007f74d82ca000 Exception <a 'java/security/PrivilegedActionException'> (0x000000076e70f020) thrown at [/HUDSON/workspace/8-2-build-linux-amd64/jdk8u25/1514/hotspot/src/share/vm/prims/jvm.cpp, line 1312]
Event: 6.117 Thread 0x00007f74d82ca000 Exception <a 'java/security/PrivilegedActionException'> (0x000000076e7129a0) thrown at [/HUDSON/workspace/8-2-build-linux-amd64/jdk8u25/1514/hotspot/src/share/vm/prims/jvm.cpp, line 1312]

Events (10 events):
Event: 6.102 loading class java/util/concurrent/locks/ReentrantLock$NonfairSync
Event: 6.102 loading class java/util/concurrent/locks/ReentrantLock$NonfairSync done
Event: 6.103 loading class java/util/concurrent/locks/AbstractQueuedSynchronizer$ConditionObject
Event: 6.103 loading class java/util/concurrent/locks/AbstractQueuedSynchronizer$ConditionObject done
Event: 6.106 loading class edu/hkcc/pacmanrobot/utils/map/ObstacleMap$$anon$1
Event: 6.106 loading class edu/hkcc/pacmanrobot/utils/map/ObstacleMap$$anon$1 done
Event: 6.116 loading class edu/hkcc/pacmanrobot/utils/Utils$
Event: 6.117 loading class edu/hkcc/pacmanrobot/utils/Utils$ done
Event: 6.117 loading class edu/hkcc/pacmanrobot/utils/Point2D
Event: 6.117 loading class edu/hkcc/pacmanrobot/utils/Point2D done


Dynamic libraries:
00400000-00401000 r-xp 00000000 fe:00 3950470                            /usr/lib/jvm/java-8-jdk/jre/bin/java
00600000-00601000 rw-p 00000000 fe:00 3950470                            /usr/lib/jvm/java-8-jdk/jre/bin/java
00778000-00799000 rw-p 00000000 00:00 0                                  [heap]
6c5c00000-6d0400000 rw-p 00000000 00:00 0 
6d0400000-76c980000 ---p 00000000 00:00 0 
76c980000-771d80000 rw-p 00000000 00:00 0 
771d80000-7c0000000 ---p 00000000 00:00 0 
7c0000000-7c0120000 rw-p 00000000 00:00 0 
7c0120000-800000000 ---p 00000000 00:00 0 
7f744c000000-7f744c021000 rw-p 00000000 00:00 0 
7f744c021000-7f7450000000 ---p 00000000 00:00 0 
7f7450000000-7f7450041000 rw-p 00000000 00:00 0 
7f7450041000-7f7454000000 ---p 00000000 00:00 0 
7f7454000000-7f7454432000 rw-p 00000000 00:00 0 
7f7454432000-7f7458000000 ---p 00000000 00:00 0 
7f7458000000-7f7458021000 rw-p 00000000 00:00 0 
7f7458021000-7f745c000000 ---p 00000000 00:00 0 
7f745c000000-7f745c021000 rw-p 00000000 00:00 0 
7f745c021000-7f7460000000 ---p 00000000 00:00 0 
7f7460000000-7f7460021000 rw-p 00000000 00:00 0 
7f7460021000-7f7464000000 ---p 00000000 00:00 0 
7f7464000000-7f74641ef000 rw-p 00000000 00:00 0 
7f74641ef000-7f7468000000 ---p 00000000 00:00 0 
7f7468000000-7f7468021000 rw-p 00000000 00:00 0 
7f7468021000-7f746c000000 ---p 00000000 00:00 0 
7f746c000000-7f746c235000 rw-p 00000000 00:00 0 
7f746c235000-7f7470000000 ---p 00000000 00:00 0 
7f7470000000-7f7470306000 rw-p 00000000 00:00 0 
7f7470306000-7f7474000000 ---p 00000000 00:00 0 
7f7474000000-7f7474021000 rw-p 00000000 00:00 0 
7f7474021000-7f7478000000 ---p 00000000 00:00 0 
7f7478000000-7f7478496000 rw-p 00000000 00:00 0 
7f7478496000-7f747c000000 ---p 00000000 00:00 0 
7f747c000000-7f747c021000 rw-p 00000000 00:00 0 
7f747c021000-7f7480000000 ---p 00000000 00:00 0 
7f7480000000-7f7480021000 rw-p 00000000 00:00 0 
7f7480021000-7f7484000000 ---p 00000000 00:00 0 
7f7484000000-7f7484021000 rw-p 00000000 00:00 0 
7f7484021000-7f7488000000 ---p 00000000 00:00 0 
7f7488000000-7f7488021000 rw-p 00000000 00:00 0 
7f7488021000-7f748c000000 ---p 00000000 00:00 0 
7f748c000000-7f748c021000 rw-p 00000000 00:00 0 
7f748c021000-7f7490000000 ---p 00000000 00:00 0 
7f7494000000-7f7494021000 rw-p 00000000 00:00 0 
7f7494021000-7f7498000000 ---p 00000000 00:00 0 
7f749c000000-7f749c021000 rw-p 00000000 00:00 0 
7f749c021000-7f74a0000000 ---p 00000000 00:00 0 
7f74a2b0b000-7f74a2b0e000 ---p 00000000 00:00 0 
7f74a2b0e000-7f74a2d4c000 rw-p 00000000 00:00 0                          [stack:7400]
7f74a2d4c000-7f74a2e0c000 ---p 00000000 00:00 0 
7f74a2e0c000-7f74a2e10000 r-xp 00000000 fe:00 2630949                    /usr/lib/libtxc_dxtn.so
7f74a2e10000-7f74a300f000 ---p 00004000 fe:00 2630949                    /usr/lib/libtxc_dxtn.so
7f74a300f000-7f74a3010000 r--p 00003000 fe:00 2630949                    /usr/lib/libtxc_dxtn.so
7f74a3010000-7f74a3011000 rw-p 00004000 fe:00 2630949                    /usr/lib/libtxc_dxtn.so
7f74a3011000-7f74a3070000 r-xp 00000000 fe:00 2625020                    /usr/lib/libncursesw.so.5.9
7f74a3070000-7f74a3270000 ---p 0005f000 fe:00 2625020                    /usr/lib/libncursesw.so.5.9
7f74a3270000-7f74a3274000 r--p 0005f000 fe:00 2625020                    /usr/lib/libncursesw.so.5.9
7f74a3274000-7f74a3276000 rw-p 00063000 fe:00 2625020                    /usr/lib/libncursesw.so.5.9
7f74a3276000-7f74a32ac000 r-xp 00000000 fe:00 2655999                    /usr/lib/libedit.so.0.0.52
7f74a32ac000-7f74a34ab000 ---p 00036000 fe:00 2655999                    /usr/lib/libedit.so.0.0.52
7f74a34ab000-7f74a34ad000 r--p 00035000 fe:00 2655999                    /usr/lib/libedit.so.0.0.52
7f74a34ad000-7f74a34ae000 rw-p 00037000 fe:00 2655999                    /usr/lib/libedit.so.0.0.52
7f74a34ae000-7f74a34b2000 rw-p 00000000 00:00 0 
7f74a34b2000-7f74a34ba000 r-xp 00000000 fe:00 2632155                    /usr/lib/libffi.so.6.0.4
7f74a34ba000-7f74a36b9000 ---p 00008000 fe:00 2632155                    /usr/lib/libffi.so.6.0.4
7f74a36b9000-7f74a36ba000 r--p 00007000 fe:00 2632155                    /usr/lib/libffi.so.6.0.4
7f74a36ba000-7f74a36bb000 rw-p 00008000 fe:00 2632155                    /usr/lib/libffi.so.6.0.4
7f74a36bb000-7f74a36d0000 r-xp 00000000 fe:00 2627701                    /usr/lib/libz.so.1.2.8
7f74a36d0000-7f74a38cf000 ---p 00015000 fe:00 2627701                    /usr/lib/libz.so.1.2.8
7f74a38cf000-7f74a38d0000 r--p 00014000 fe:00 2627701                    /usr/lib/libz.so.1.2.8
7f74a38d0000-7f74a38d1000 rw-p 00015000 fe:00 2627701                    /usr/lib/libz.so.1.2.8
7f74a38d1000-7f74a38d9000 r-xp 00000000 fe:00 2645324                    /usr/lib/libpciaccess.so.0.11.1
7f74a38d9000-7f74a3ad9000 ---p 00008000 fe:00 2645324                    /usr/lib/libpciaccess.so.0.11.1
7f74a3ad9000-7f74a3ada000 r--p 00008000 fe:00 2645324                    /usr/lib/libpciaccess.so.0.11.1
7f74a3ada000-7f74a3adb000 rw-p 00009000 fe:00 2645324                    /usr/lib/libpciaccess.so.0.11.1
7f74a3adb000-7f74a3af1000 r-xp 00000000 fe:00 2624967                    /usr/lib/libgcc_s.so.1
7f74a3af1000-7f74a3cf0000 ---p 00016000 fe:00 2624967                    /usr/lib/libgcc_s.so.1
7f74a3cf0000-7f74a3cf1000 rw-p 00015000 fe:00 2624967                    /usr/lib/libgcc_s.so.1
7f74a3cf1000-7f74a3de1000 r-xp 00000000 fe:00 2624974                    /usr/lib/libstdc++.so.6.0.20
7f74a3de1000-7f74a3fe1000 ---p 000f0000 fe:00 2624974                    /usr/lib/libstdc++.so.6.0.20
7f74a3fe1000-7f74a3fe9000 r--p 000f0000 fe:00 2624974                    /usr/lib/libstdc++.so.6.0.20
7f74a3fe9000-7f74a3feb000 rw-p 000f8000 fe:00 2624974                    /usr/lib/libstdc++.so.6.0.20
7f74a3feb000-7f74a4000000 rw-p 00000000 00:00 0 
7f74a4000000-7f74a4021000 rw-p 00000000 00:00 0 
7f74a4021000-7f74a8000000 ---p 00000000 00:00 0 
7f74a8093000-7f74a8096000 ---p 00000000 00:00 0 
7f74a8096000-7f74a8194000 rw-p 00000000 00:00 0                          [stack:7401]
7f74a8194000-7f74a9f8e000 r-xp 00000000 fe:00 2689109                    /usr/lib/libLLVM-3.6.so
7f74a9f8e000-7f74aa18d000 ---p 01dfa000 fe:00 2689109                    /usr/lib/libLLVM-3.6.so
7f74aa18d000-7f74aa3a9000 r--p 01df9000 fe:00 2689109                    /usr/lib/libLLVM-3.6.so
7f74aa3a9000-7f74aa3c3000 rw-p 02015000 fe:00 2689109                    /usr/lib/libLLVM-3.6.so
7f74aa3c3000-7f74aa3d9000 rw-p 00000000 00:00 0 
7f74aa3d9000-7f74aa3ee000 r-xp 00000000 fe:00 2645555                    /usr/lib/libelf-0.161.so
7f74aa3ee000-7f74aa5ee000 ---p 00015000 fe:00 2645555                    /usr/lib/libelf-0.161.so
7f74aa5ee000-7f74aa5f0000 r--p 00015000 fe:00 2645555                    /usr/lib/libelf-0.161.so
7f74aa5f0000-7f74aa5f1000 rw-p 00017000 fe:00 2645555                    /usr/lib/libelf-0.161.so
7f74aa5f1000-7f74aa5fd000 r-xp 00000000 fe:00 2645372                    /usr/lib/libdrm_radeon.so.1.0.1
7f74aa5fd000-7f74aa7fc000 ---p 0000c000 fe:00 2645372                    /usr/lib/libdrm_radeon.so.1.0.1
7f74aa7fc000-7f74aa7fd000 r--p 0000b000 fe:00 2645372                    /usr/lib/libdrm_radeon.so.1.0.1
7f74aa7fd000-7f74aa7fe000 rw-p 0000c000 fe:00 2645372                    /usr/lib/libdrm_radeon.so.1.0.1
7f74aa7fe000-7f74aa81f000 r-xp 00000000 fe:00 2645370                    /usr/lib/libdrm_intel.so.1.0.0
7f74aa81f000-7f74aaa1e000 ---p 00021000 fe:00 2645370                    /usr/lib/libdrm_intel.so.1.0.0
7f74aaa1e000-7f74aaa1f000 r--p 00020000 fe:00 2645370                    /usr/lib/libdrm_intel.so.1.0.0
7f74aaa1f000-7f74aaa20000 rw-p 00021000 fe:00 2645370                    /usr/lib/libdrm_intel.so.1.0.0
7f74aaa20000-7f74aaa26000 r-xp 00000000 fe:00 2645371                    /usr/lib/libdrm_nouveau.so.2.0.0
7f74aaa26000-7f74aac25000 ---p 00006000 fe:00 2645371                    /usr/lib/libdrm_nouveau.so.2.0.0
7f74aac25000-7f74aac26000 r--p 00005000 fe:00 2645371                    /usr/lib/libdrm_nouveau.so.2.0.0
7f74aac26000-7f74aac27000 rw-p 00006000 fe:00 2645371                    /usr/lib/libdrm_nouveau.so.2.0.0
7f74aac27000-7f74ab397000 r-xp 00000000 fe:00 3301865                    /usr/lib/xorg/modules/dri/nouveau_dri.so
7f74ab397000-7f74ab596000 ---p 00770000 fe:00 3301865                    /usr/lib/xorg/modules/dri/nouveau_dri.so
7f74ab596000-7f74ab5ed000 r--p 0076f000 fe:00 3301865                    /usr/lib/xorg/modules/dri/nouveau_dri.so
7f74ab5ed000-7f74ab5f9000 rw-p 007c6000 fe:00 3301865                    /usr/lib/xorg/modules/dri/nouveau_dri.so
7f74ab5f9000-7f74ab7de000 rw-p 00000000 00:00 0 
7f74ab7de000-7f74ab7e1000 ---p 00000000 00:00 0 
7f74ab7e1000-7f74ab8df000 rw-p 00000000 00:00 0 
7f74ab8df000-7f74ab8e2000 ---p 00000000 00:00 0 
7f74ab8e2000-7f74ab9e0000 rw-p 00000000 00:00 0                          [stack:7393]
7f74ab9e0000-7f74ab9e4000 r-xp 00000000 fe:00 2631613                    /usr/lib/libattr.so.1.1.0
7f74ab9e4000-7f74abbe3000 ---p 00004000 fe:00 2631613                    /usr/lib/libattr.so.1.1.0
7f74abbe3000-7f74abbe4000 r--p 00003000 fe:00 2631613                    /usr/lib/libattr.so.1.1.0
7f74abbe4000-7f74abbe5000 rw-p 00004000 fe:00 2631613                    /usr/lib/libattr.so.1.1.0
7f74abbe5000-7f74abbe9000 r-xp 00000000 fe:00 2631742                    /usr/lib/libcap.so.2.24
7f74abbe9000-7f74abde8000 ---p 00004000 fe:00 2631742                    /usr/lib/libcap.so.2.24
7f74abde8000-7f74abde9000 rw-p 00003000 fe:00 2631742                    /usr/lib/libcap.so.2.24
7f74abde9000-7f74abdfd000 r-xp 00000000 fe:00 2624622                    /usr/lib/libresolv-2.21.so
7f74abdfd000-7f74abffc000 ---p 00014000 fe:00 2624622                    /usr/lib/libresolv-2.21.so
7f74abffc000-7f74abffd000 r--p 00013000 fe:00 2624622                    /usr/lib/libresolv-2.21.so
7f74abffd000-7f74abffe000 rw-p 00014000 fe:00 2624622                    /usr/lib/libresolv-2.21.so
7f74abffe000-7f74ac000000 rw-p 00000000 00:00 0 
7f74ac000000-7f74ac021000 rw-p 00000000 00:00 0 
7f74ac021000-7f74b0000000 ---p 00000000 00:00 0 
7f74b0071000-7f74b0076000 r-xp 00000000 fe:00 2624684                    /usr/lib/libnss_dns-2.21.so
7f74b0076000-7f74b0275000 ---p 00005000 fe:00 2624684                    /usr/lib/libnss_dns-2.21.so
7f74b0275000-7f74b0276000 r--p 00004000 fe:00 2624684                    /usr/lib/libnss_dns-2.21.so
7f74b0276000-7f74b0277000 rw-p 00005000 fe:00 2624684                    /usr/lib/libnss_dns-2.21.so
7f74b0277000-7f74b027c000 r-xp 00000000 fe:00 2627693                    /usr/lib/libXdmcp.so.6.0.0
7f74b027c000-7f74b047b000 ---p 00005000 fe:00 2627693                    /usr/lib/libXdmcp.so.6.0.0
7f74b047b000-7f74b047c000 r--p 00004000 fe:00 2627693                    /usr/lib/libXdmcp.so.6.0.0
7f74b047c000-7f74b047d000 rw-p 00005000 fe:00 2627693                    /usr/lib/libXdmcp.so.6.0.0
7f74b047d000-7f74b047f000 r-xp 00000000 fe:00 2640834                    /usr/lib/libXau.so.6.0.0
7f74b047f000-7f74b067f000 ---p 00002000 fe:00 2640834                    /usr/lib/libXau.so.6.0.0
7f74b067f000-7f74b0680000 r--p 00002000 fe:00 2640834                    /usr/lib/libXau.so.6.0.0
7f74b0680000-7f74b0681000 rw-p 00003000 fe:00 2640834                    /usr/lib/libXau.so.6.0.0
7f74b0681000-7f74b068a000 r-xp 00000000 fe:00 2645497                    /usr/lib/libXrender.so.1.3.0
7f74b068a000-7f74b0889000 ---p 00009000 fe:00 2645497                    /usr/lib/libXrender.so.1.3.0
7f74b0889000-7f74b088a000 r--p 00008000 fe:00 2645497                    /usr/lib/libXrender.so.1.3.0
7f74b088a000-7f74b088b000 rw-p 00009000 fe:00 2645497                    /usr/lib/libXrender.so.1.3.0
7f74b088b000-7f74b0897000 r-xp 00000000 fe:00 2645368                    /usr/lib/libdrm.so.2.4.0
7f74b0897000-7f74b0a96000 ---p 0000c000 fe:00 2645368                    /usr/lib/libdrm.so.2.4.0
7f74b0a96000-7f74b0a97000 r--p 0000b000 fe:00 2645368                    /usr/lib/libdrm.so.2.4.0
7f74b0a97000-7f74b0a98000 rw-p 0000c000 fe:00 2645368                    /usr/lib/libdrm.so.2.4.0
7f74b0a98000-7f74b0a99000 r-xp 00000000 fe:00 2645518                    /usr/lib/libxshmfence.so.1.0.0
7f74b0a99000-7f74b0c99000 ---p 00001000 fe:00 2645518                    /usr/lib/libxshmfence.so.1.0.0
7f74b0c99000-7f74b0c9a000 r--p 00001000 fe:00 2645518                    /usr/lib/libxshmfence.so.1.0.0
7f74b0c9a000-7f74b0c9b000 rw-p 00002000 fe:00 2645518                    /usr/lib/libxshmfence.so.1.0.0
7f74b0c9b000-7f74b0ca0000 r-xp 00000000 fe:00 2643171                    /usr/lib/libxcb-sync.so.1.0.0
7f74b0ca0000-7f74b0ea0000 ---p 00005000 fe:00 2643171                    /usr/lib/libxcb-sync.so.1.0.0
7f74b0ea0000-7f74b0ea1000 r--p 00005000 fe:00 2643171                    /usr/lib/libxcb-sync.so.1.0.0
7f74b0ea1000-7f74b0ea2000 rw-p 00006000 fe:00 2643171                    /usr/lib/libxcb-sync.so.1.0.0
7f74b0ea2000-7f74b0ea5000 r-xp 00000000 fe:00 2643140                    /usr/lib/libxcb-shape.so.0.0.0
7f74b0ea5000-7f74b10a4000 ---p 00003000 fe:00 2643140                    /usr/lib/libxcb-shape.so.0.0.0
7f74b10a4000-7f74b10a5000 r--p 00002000 fe:00 2643140                    /usr/lib/libxcb-shape.so.0.0.0
7f74b10a5000-7f74b10a6000 rw-p 00003000 fe:00 2643140                    /usr/lib/libxcb-shape.so.0.0.0
7f74b10a6000-7f74b10af000 r-xp 00000000 fe:00 2643125                    /usr/lib/libxcb-render.so.0.0.0
7f74b10af000-7f74b12ae000 ---p 00009000 fe:00 2643125                    /usr/lib/libxcb-render.so.0.0.0
7f74b12ae000-7f74b12af000 r--p 00008000 fe:00 2643125                    /usr/lib/libxcb-render.so.0.0.0
7f74b12af000-7f74b12b0000 rw-p 00009000 fe:00 2643125                    /usr/lib/libxcb-render.so.0.0.0
7f74b12b0000-7f74b12b6000 r-xp 00000000 fe:00 2643122                    /usr/lib/libxcb-xfixes.so.0.0.0
7f74b12b6000-7f74b14b6000 ---p 00006000 fe:00 2643122                    /usr/lib/libxcb-xfixes.so.0.0.0
7f74b14b6000-7f74b14b7000 r--p 00006000 fe:00 2643122                    /usr/lib/libxcb-xfixes.so.0.0.0
7f74b14b7000-7f74b14b8000 rw-p 00007000 fe:00 2643122                    /usr/lib/libxcb-xfixes.so.0.0.0
7f74b14b8000-7f74b14c5000 r-xp 00000000 fe:00 2643179                    /usr/lib/libxcb-randr.so.0.1.0
7f74b14c5000-7f74b16c4000 ---p 0000d000 fe:00 2643179                    /usr/lib/libxcb-randr.so.0.1.0
7f74b16c4000-7f74b16c5000 r--p 0000c000 fe:00 2643179                    /usr/lib/libxcb-randr.so.0.1.0
7f74b16c5000-7f74b16c6000 rw-p 0000d000 fe:00 2643179                    /usr/lib/libxcb-randr.so.0.1.0
7f74b16c6000-7f74b16c8000 r-xp 00000000 fe:00 2643158                    /usr/lib/libxcb-present.so.0.0.0
7f74b16c8000-7f74b18c7000 ---p 00002000 fe:00 2643158                    /usr/lib/libxcb-present.so.0.0.0
7f74b18c7000-7f74b18c8000 r--p 00001000 fe:00 2643158                    /usr/lib/libxcb-present.so.0.0.0
7f74b18c8000-7f74b18c9000 rw-p 00002000 fe:00 2643158                    /usr/lib/libxcb-present.so.0.0.0
7f74b18c9000-7f74b18cb000 r-xp 00000000 fe:00 2643130                    /usr/lib/libxcb-dri3.so.0.0.0
7f74b18cb000-7f74b1aca000 ---p 00002000 fe:00 2643130                    /usr/lib/libxcb-dri3.so.0.0.0
7f74b1aca000-7f74b1acb000 r--p 00001000 fe:00 2643130                    /usr/lib/libxcb-dri3.so.0.0.0
7f74b1acb000-7f74b1acc000 rw-p 00002000 fe:00 2643130                    /usr/lib/libxcb-dri3.so.0.0.0
7f74b1acc000-7f74b1ad0000 r-xp 00000000 fe:00 2643155                    /usr/lib/libxcb-dri2.so.0.0.0
7f74b1ad0000-7f74b1ccf000 ---p 00004000 fe:00 2643155                    /usr/lib/libxcb-dri2.so.0.0.0
7f74b1ccf000-7f74b1cd0000 r--p 00003000 fe:00 2643155                    /usr/lib/libxcb-dri2.so.0.0.0
7f74b1cd0000-7f74b1cd1000 rw-p 00004000 fe:00 2643155                    /usr/lib/libxcb-dri2.so.0.0.0
7f74b1cd1000-7f74b1ce8000 r-xp 00000000 fe:00 2643129                    /usr/lib/libxcb-glx.so.0.0.0
7f74b1ce8000-7f74b1ee8000 ---p 00017000 fe:00 2643129                    /usr/lib/libxcb-glx.so.0.0.0
7f74b1ee8000-7f74b1eea000 r--p 00017000 fe:00 2643129                    /usr/lib/libxcb-glx.so.0.0.0
7f74b1eea000-7f74b1eeb000 rw-p 00019000 fe:00 2643129                    /usr/lib/libxcb-glx.so.0.0.0
7f74b1eeb000-7f74b1eec000 r-xp 00000000 fe:00 2643225                    /usr/lib/libX11-xcb.so.1.0.0
7f74b1eec000-7f74b20eb000 ---p 00001000 fe:00 2643225                    /usr/lib/libX11-xcb.so.1.0.0
7f74b20eb000-7f74b20ec000 r--p 00000000 fe:00 2643225                    /usr/lib/libX11-xcb.so.1.0.0
7f74b20ec000-7f74b20ed000 rw-p 00001000 fe:00 2643225                    /usr/lib/libX11-xcb.so.1.0.0
7f74b20ed000-7f74b20f2000 r-xp 00000000 fe:00 2644195                    /usr/lib/libXfixes.so.3.1.0
7f74b20f2000-7f74b22f1000 ---p 00005000 fe:00 2644195                    /usr/lib/libXfixes.so.3.1.0
7f74b22f1000-7f74b22f2000 r--p 00004000 fe:00 2644195                    /usr/lib/libXfixes.so.3.1.0
7f74b22f2000-7f74b22f3000 rw-p 00005000 fe:00 2644195                    /usr/lib/libXfixes.so.3.1.0
7f74b22f3000-7f74b22f5000 r-xp 00000000 fe:00 2645591                    /usr/lib/libXdamage.so.1.1.0
7f74b22f5000-7f74b24f4000 ---p 00002000 fe:00 2645591                    /usr/lib/libXdamage.so.1.1.0
7f74b24f4000-7f74b24f5000 r--p 00001000 fe:00 2645591                    /usr/lib/libXdamage.so.1.1.0
7f74b24f5000-7f74b24f6000 rw-p 00002000 fe:00 2645591                    /usr/lib/libXdamage.so.1.1.0
7f74b24f6000-7f74b2507000 r-xp 00000000 fe:00 2644111                    /usr/lib/libXext.so.6.4.0
7f74b2507000-7f74b2706000 ---p 00011000 fe:00 2644111                    /usr/lib/libXext.so.6.4.0
7f74b2706000-7f74b2707000 r--p 00010000 fe:00 2644111                    /usr/lib/libXext.so.6.4.0
7f74b2707000-7f74b2708000 rw-p 00011000 fe:00 2644111                    /usr/lib/libXext.so.6.4.0
7f74b2708000-7f74b272e000 r-xp 00000000 fe:00 2649644                    /usr/lib/libglapi.so.0.0.0
7f74b272e000-7f74b292e000 ---p 00026000 fe:00 2649644                    /usr/lib/libglapi.so.0.0.0
7f74b292e000-7f74b2931000 r--p 00026000 fe:00 2649644                    /usr/lib/libglapi.so.0.0.0
7f74b2931000-7f74b2932000 rw-p 00029000 fe:00 2649644                    /usr/lib/libglapi.so.0.0.0
7f74b2932000-7f74b2933000 rw-p 00000000 00:00 0 
7f74b2933000-7f74b295a000 r-xp 00000000 fe:00 2631998                    /usr/lib/libexpat.so.1.6.0
7f74b295a000-7f74b2b59000 ---p 00027000 fe:00 2631998                    /usr/lib/libexpat.so.1.6.0
7f74b2b59000-7f74b2b5c000 r--p 00026000 fe:00 2631998                    /usr/lib/libexpat.so.1.6.0
7f74b2b5c000-7f74b2b5d000 rw-p 00029000 fe:00 2631998                    /usr/lib/libexpat.so.1.6.0
7f74b2b5d000-7f74b2b7e000 r-xp 00000000 fe:00 2643143                    /usr/lib/libxcb.so.1.1.0
7f74b2b7e000-7f74b2d7d000 ---p 00021000 fe:00 2643143                    /usr/lib/libxcb.so.1.1.0
7f74b2d7d000-7f74b2d7e000 r--p 00020000 fe:00 2643143                    /usr/lib/libxcb.so.1.1.0
7f74b2d7e000-7f74b2d7f000 rw-p 00021000 fe:00 2643143                    /usr/lib/libxcb.so.1.1.0
7f74b2d7f000-7f74b2d89000 r-xp 00000000 fe:00 2645985                    /usr/lib/libXcursor.so.1.0.2
7f74b2d89000-7f74b2f88000 ---p 0000a000 fe:00 2645985                    /usr/lib/libXcursor.so.1.0.2
7f74b2f88000-7f74b2f89000 r--p 00009000 fe:00 2645985                    /usr/lib/libXcursor.so.1.0.2
7f74b2f89000-7f74b2f8a000 rw-p 0000a000 fe:00 2645985                    /usr/lib/libXcursor.so.1.0.2
7f74b2f8a000-7f74b2f8c000 r-xp 00000000 fe:00 2645987                    /usr/lib/libXinerama.so.1.0.0
7f74b2f8c000-7f74b318b000 ---p 00002000 fe:00 2645987                    /usr/lib/libXinerama.so.1.0.0
7f74b318b000-7f74b318c000 r--p 00001000 fe:00 2645987                    /usr/lib/libXinerama.so.1.0.0
7f74b318c000-7f74b318d000 rw-p 00002000 fe:00 2645987                    /usr/lib/libXinerama.so.1.0.0
7f74b318d000-7f74b3192000 r-xp 00000000 fe:00 2645576                    /usr/lib/libXxf86vm.so.1.0.0
7f74b3192000-7f74b3391000 ---p 00005000 fe:00 2645576                    /usr/lib/libXxf86vm.so.1.0.0
7f74b3391000-7f74b3392000 r--p 00004000 fe:00 2645576                    /usr/lib/libXxf86vm.so.1.0.0
7f74b3392000-7f74b3393000 rw-p 00005000 fe:00 2645576                    /usr/lib/libXxf86vm.so.1.0.0
7f74b3393000-7f74b339c000 r-xp 00000000 fe:00 2645997                    /usr/lib/libXrandr.so.2.2.0
7f74b339c000-7f74b359b000 ---p 00009000 fe:00 2645997                    /usr/lib/libXrandr.so.2.2.0
7f74b359b000-7f74b359c000 r--p 00008000 fe:00 2645997                    /usr/lib/libXrandr.so.2.2.0
7f74b359c000-7f74b359d000 rw-p 00009000 fe:00 2645997                    /usr/lib/libXrandr.so.2.2.0
7f74b359d000-7f74b35ac000 r-xp 00000000 fe:00 2644191                    /usr/lib/libXi.so.6.1.0
7f74b35ac000-7f74b37ac000 ---p 0000f000 fe:00 2644191                    /usr/lib/libXi.so.6.1.0
7f74b37ac000-7f74b37ad000 r--p 0000f000 fe:00 2644191                    /usr/lib/libXi.so.6.1.0
7f74b37ad000-7f74b37ae000 rw-p 00010000 fe:00 2644191                    /usr/lib/libXi.so.6.1.0
7f74b37ae000-7f74b3846000 r-xp 00000000 fe:00 3297220                    /usr/lib/mesa/libGL.so.1.2.0
7f74b3846000-7f74b3a45000 ---p 00098000 fe:00 3297220                    /usr/lib/mesa/libGL.so.1.2.0
7f74b3a45000-7f74b3a48000 r--p 00097000 fe:00 3297220                    /usr/lib/mesa/libGL.so.1.2.0
7f74b3a48000-7f74b3a49000 rw-p 0009a000 fe:00 3297220                    /usr/lib/mesa/libGL.so.1.2.0
7f74b3a49000-7f74b3a4a000 rw-p 00000000 00:00 0 
7f74b3a4a000-7f74b3b85000 r-xp 00000000 fe:00 2643224                    /usr/lib/libX11.so.6.3.0
7f74b3b85000-7f74b3d84000 ---p 0013b000 fe:00 2643224                    /usr/lib/libX11.so.6.3.0
7f74b3d84000-7f74b3d86000 r--p 0013a000 fe:00 2643224                    /usr/lib/libX11.so.6.3.0
7f74b3d86000-7f74b3d8b000 rw-p 0013c000 fe:00 2643224                    /usr/lib/libX11.so.6.3.0
7f74b3d8b000-7f74b3d8c000 rw-p 00000000 00:00 0 
7f74b3d8c000-7f74b3dfe000 r-xp 00000000 fe:02 41551762                   /home/beenotung/git/workspace/hkcc-pacman-robot/lib/lwjgl3/native/linux/x64/liblwjgl.so
7f74b3dfe000-7f74b3ffd000 ---p 00072000 fe:02 41551762                   /home/beenotung/git/workspace/hkcc-pacman-robot/lib/lwjgl3/native/linux/x64/liblwjgl.so
7f74b3ffd000-7f74b3ffe000 r--p 00071000 fe:02 41551762                   /home/beenotung/git/workspace/hkcc-pacman-robot/lib/lwjgl3/native/linux/x64/liblwjgl.so
7f74b3ffe000-7f74b3fff000 rw-p 00072000 fe:02 41551762                   /home/beenotung/git/workspace/hkcc-pacman-robot/lib/lwjgl3/native/linux/x64/liblwjgl.so
7f74b3fff000-7f74b4000000 rw-p 00000000 00:00 0 
7f74b4000000-7f74b4021000 rw-p 00000000 00:00 0 
7f74b4021000-7f74b8000000 ---p 00000000 00:00 0 
7f74b8023000-7f74b802d000 r--s 00116000 fe:00 3949472                    /usr/lib/jvm/java-8-jdk/jre/lib/ext/localedata.jar
7f74b802d000-7f74b8049000 r--s 00393000 fe:00 3949466                    /usr/lib/jvm/java-8-jdk/jre/lib/ext/cldrdata.jar
7f74b80c9000-7f74b80df000 r-xp 00000000 fe:00 4072527                    /usr/lib/jvm/java-8-jdk/jre/lib/amd64/libnet.so
7f74b80df000-7f74b82df000 ---p 00016000 fe:00 4072527                    /usr/lib/jvm/java-8-jdk/jre/lib/amd64/libnet.so
7f74b82df000-7f74b82e0000 rw-p 00016000 fe:00 4072527                    /usr/lib/jvm/java-8-jdk/jre/lib/amd64/libnet.so
7f74b82e0000-7f74c0000000 rw-p 00000000 00:00 0 
7f74c0000000-7f74c0021000 rw-p 00000000 00:00 0 
7f74c0021000-7f74c4000000 ---p 00000000 00:00 0 
7f74c4002000-7f74c4006000 r--s 00093000 fe:00 3949442                    /usr/lib/jvm/java-8-jdk/jre/lib/jsse.jar
7f74c4006000-7f74c4007000 rwxp 00000000 00:00 0 
7f74c4007000-7f74c4017000 r-xp 00000000 fe:00 2655815                    /usr/lib/libudev.so.1.6.2
7f74c4017000-7f74c4018000 r--p 0000f000 fe:00 2655815                    /usr/lib/libudev.so.1.6.2
7f74c4018000-7f74c4019000 rw-p 00010000 fe:00 2655815                    /usr/lib/libudev.so.1.6.2
7f74c4019000-7f74c4025000 r-xp 00000000 fe:00 2633439                    /usr/lib/libnss_myhostname.so.2
7f74c4025000-7f74c4026000 ---p 0000c000 fe:00 2633439                    /usr/lib/libnss_myhostname.so.2
7f74c4026000-7f74c4028000 r--p 0000c000 fe:00 2633439                    /usr/lib/libnss_myhostname.so.2
7f74c4028000-7f74c4029000 rw-p 0000e000 fe:00 2633439                    /usr/lib/libnss_myhostname.so.2
7f74c4029000-7f74c405a000 rw-p 00000000 00:00 0 
7f74c405a000-7f74c405d000 ---p 00000000 00:00 0 
7f74c405d000-7f74c415b000 rw-p 00000000 00:00 0                          [stack:7381]
7f74c415b000-7f74c415d000 r--s 00016000 fe:00 3939981                    /usr/share/intellijidea-ce/lib/idea_rt.jar
7f74c415d000-7f74c4160000 r--s 00011000 fe:02 41551757                   /home/beenotung/git/workspace/hkcc-pacman-robot/lib/lwjgl3/jar/disruptor.jar
7f74c4160000-7f74c416f000 r--s 0012b000 fe:02 41551758                   /home/beenotung/git/workspace/hkcc-pacman-robot/lib/lwjgl3/jar/lwjgl.jar
7f74c416f000-7f74c4217000 r--s 0090a000 fe:02 41551950                   /home/beenotung/git/workspace/hkcc-pacman-robot/lib/NeuroEvolution/NeuroEvolution.jar
7f74c4217000-7f74c429b000 r--s 00826000 fe:02 41682275                   /home/beenotung/git/workspace/hkcc-pacman-robot/lib/myutils/myutils.jar
7f74c429b000-7f74c429d000 r--s 0000f000 fe:02 41681194                   /home/beenotung/git/workspace/hkcc-pacman-robot/lib/pi4j/pi4j-gpio-extension-sources.jar
7f74c429d000-7f74c42a0000 r--s 00032000 fe:02 41681193                   /home/beenotung/git/workspace/hkcc-pacman-robot/lib/pi4j/pi4j-gpio-extension-javadoc.jar
7f74c42a0000-7f74c42a2000 r--s 00003000 fe:02 41681197                   /home/beenotung/git/workspace/hkcc-pacman-robot/lib/pi4j/pi4j-service-sources.jar
7f74c42a2000-7f74c42a4000 r--s 00012000 fe:02 41681196                   /home/beenotung/git/workspace/hkcc-pacman-robot/lib/pi4j/pi4j-service-javadoc.jar
7f74c42a4000-7f74c42a6000 r--s 00013000 fe:02 41681191                   /home/beenotung/git/workspace/hkcc-pacman-robot/lib/pi4j/pi4j-example-sources.jar
7f74c42a6000-7f74c42a9000 r--s 00031000 fe:02 41681190                   /home/beenotung/git/workspace/hkcc-pacman-robot/lib/pi4j/pi4j-example-javadoc.jar
7f74c42a9000-7f74c42ab000 r--s 00011000 fe:02 41681195                   /home/beenotung/git/workspace/hkcc-pacman-robot/lib/pi4j/pi4j-gpio-extension.jar
7f74c42ab000-7f74c42b1000 r--s 00033000 fe:02 41681186                   /home/beenotung/git/workspace/hkcc-pacman-robot/lib/pi4j/pi4j-device-sources.jar
7f74c42b1000-7f74c42c1000 r--s 00124000 fe:02 41681185                   /home/beenotung/git/workspace/hkcc-pacman-robot/lib/pi4j/pi4j-device-javadoc.jar
7f74c42c1000-7f74c42c6000 r--s 00038000 fe:02 41681183                   /home/beenotung/git/workspace/hkcc-pacman-robot/lib/pi4j/pi4j-core-sources.jar
7f74c42c6000-7f74c42d0000 r--s 000d6000 fe:02 41681182                   /home/beenotung/git/workspace/hkcc-pacman-robot/lib/pi4j/pi4j-core-javadoc.jar
7f74c42d0000-7f74c42d2000 r--s 00003000 fe:02 41681198                   /home/beenotung/git/workspace/hkcc-pacman-robot/lib/pi4j/pi4j-service.jar
7f74c42d2000-7f74c42d5000 r--s 00018000 fe:02 41681192                   /home/beenotung/git/workspace/hkcc-pacman-robot/lib/pi4j/pi4j-example.jar
7f74c42d5000-7f74c42dc000 r--s 0002c000 fe:02 41681189                   /home/beenotung/git/workspace/hkcc-pacman-robot/lib/pi4j/pi4j-device.jar
7f74c42dc000-7f74c42e1000 r--s 0002f000 fe:02 41681184                   /home/beenotung/git/workspace/hkcc-pacman-robot/lib/pi4j/pi4j-core.jar
7f74c42e1000-7f74c42e7000 r--s 00036000 fe:02 41681180                   /home/beenotung/git/workspace/hkcc-pacman-robot/lib/pi4j/junit.jar
7f74c42e7000-7f74c4340000 r--s 004f6000 fe:02 41812706                   /home/beenotung/.ivy2/cache/org.scala-lang/scala-library/jars/scala-library-2.11.6.jar
7f74c4340000-7f74c4342000 r--s 0001a000 fe:00 3949452                    /usr/lib/jvm/java-8-jdk/jre/lib/jce.jar
7f74c4342000-7f74c4347000 r--s 00084000 fe:00 3949445                    /usr/lib/jvm/java-8-jdk/jre/lib/jfr.jar
7f74c4347000-7f74c435a000 r--s 000d5000 fe:00 3949455                    /usr/lib/jvm/java-8-jdk/jre/lib/plugin.jar
7f74c435a000-7f74c436d000 r--s 00344000 fe:00 3949438                    /usr/lib/jvm/java-8-jdk/jre/lib/resources.jar
7f74c436d000-7f74c4386000 r--s 001ea000 fe:00 3949441                    /usr/lib/jvm/java-8-jdk/jre/lib/deploy.jar
7f74c4386000-7f74c4387000 ---p 00000000 00:00 0 
7f74c4387000-7f74c4487000 rw-p 00000000 00:00 0                          [stack:7380]
7f74c4487000-7f74c448a000 ---p 00000000 00:00 0 
7f74c448a000-7f74c4588000 rw-p 00000000 00:00 0                          [stack:7379]
7f74c4588000-7f74c458b000 ---p 00000000 00:00 0 
7f74c458b000-7f74c4689000 rw-p 00000000 00:00 0                          [stack:7376]
7f74c4689000-7f74c468c000 ---p 00000000 00:00 0 
7f74c468c000-7f74c478a000 rw-p 00000000 00:00 0                          [stack:7375]
7f74c478a000-7f74c478d000 ---p 00000000 00:00 0 
7f74c478d000-7f74c488b000 rw-p 00000000 00:00 0                          [stack:7374]
7f74c488b000-7f74c488e000 ---p 00000000 00:00 0 
7f74c488e000-7f74c498c000 rw-p 00000000 00:00 0                          [stack:7373]
7f74c498c000-7f74c498f000 ---p 00000000 00:00 0 
7f74c498f000-7f74c4a8d000 rw-p 00000000 00:00 0                          [stack:7372]
7f74c4a8d000-7f74c4c52000 r--p 00000000 fe:00 2655801                    /usr/lib/locale/locale-archive
7f74c4c52000-7f74c4c55000 ---p 00000000 00:00 0 
7f74c4c55000-7f74c4d53000 rw-p 00000000 00:00 0                          [stack:7365]
7f74c4d53000-7f74c4d56000 ---p 00000000 00:00 0 
7f74c4d56000-7f74c4e54000 rw-p 00000000 00:00 0                          [stack:7363]
7f74c4e54000-7f74c4e55000 ---p 00000000 00:00 0 
7f74c4e55000-7f74c6b78000 rw-p 00000000 00:00 0                          [stack:7361]
7f74c6b78000-7f74c6d4e000 r--s 03caa000 fe:00 3949446                    /usr/lib/jvm/java-8-jdk/jre/lib/rt.jar
7f74c6d4e000-7f74c7df1000 rw-p 00000000 00:00 0 
7f74c7df1000-7f74c7df2000 ---p 00000000 00:00 0 
7f74c7df2000-7f74c7ef2000 rw-p 00000000 00:00 0                          [stack:7352]
7f74c7ef2000-7f74c7ef3000 ---p 00000000 00:00 0 
7f74c7ef3000-7f74c7ff3000 rw-p 00000000 00:00 0                          [stack:7349]
7f74c7ff3000-7f74c7ff4000 ---p 00000000 00:00 0 
7f74c7ff4000-7f74c80f4000 rw-p 00000000 00:00 0                          [stack:7348]
7f74c80f4000-7f74c80f5000 ---p 00000000 00:00 0 
7f74c80f5000-7f74c81f5000 rw-p 00000000 00:00 0                          [stack:7346]
7f74c81f5000-7f74c81f6000 ---p 00000000 00:00 0 
7f74c81f6000-7f74c834a000 rw-p 00000000 00:00 0                          [stack:7345]
7f74c834a000-7f74c882d000 ---p 00000000 00:00 0 
7f74c882d000-7f74c8881000 rw-p 00000000 00:00 0 
7f74c8881000-7f74c8d63000 ---p 00000000 00:00 0 
7f74c8d63000-7f74c8d8e000 rw-p 00000000 00:00 0 
7f74c8d8e000-7f74c8fff000 ---p 00000000 00:00 0 
7f74c8fff000-7f74c9000000 rw-p 00000000 00:00 0 
7f74c9000000-7f74c92a0000 rwxp 00000000 00:00 0 
7f74c92a0000-7f74d8000000 ---p 00000000 00:00 0 
7f74d8000000-7f74d8580000 rw-p 00000000 00:00 0 
7f74d8580000-7f74dc000000 ---p 00000000 00:00 0 
7f74dc000000-7f74dc004000 r--s 00093000 fe:00 3949442                    /usr/lib/jvm/java-8-jdk/jre/lib/jsse.jar
7f74dc004000-7f74dc00e000 r--s 00069000 fe:00 3949459                    /usr/lib/jvm/java-8-jdk/jre/lib/javaws.jar
7f74dc00e000-7f74dc010000 r--s 00007000 fe:00 3949435                    /usr/lib/jvm/java-8-jdk/jre/lib/jfxswt.jar
7f74dc010000-7f74dc011000 ---p 00000000 00:00 0 
7f74dc011000-7f74dc111000 rw-p 00000000 00:00 0                          [stack:7344]
7f74dc111000-7f74dc112000 ---p 00000000 00:00 0 
7f74dc112000-7f74dc212000 rw-p 00000000 00:00 0                          [stack:7343]
7f74dc212000-7f74dc213000 ---p 00000000 00:00 0 
7f74dc213000-7f74dc31e000 rw-p 00000000 00:00 0                          [stack:7342]
7f74dc31e000-7f74dc6d3000 ---p 00000000 00:00 0 
7f74dc6d3000-7f74dc6ed000 r-xp 00000000 fe:00 4072537                    /usr/lib/jvm/java-8-jdk/jre/lib/amd64/libzip.so
7f74dc6ed000-7f74dc8ed000 ---p 0001a000 fe:00 4072537                    /usr/lib/jvm/java-8-jdk/jre/lib/amd64/libzip.so
7f74dc8ed000-7f74dc8ee000 rw-p 0001a000 fe:00 4072537                    /usr/lib/jvm/java-8-jdk/jre/lib/amd64/libzip.so
7f74dc8ee000-7f74dc8f9000 r-xp 00000000 fe:00 2624626                    /usr/lib/libnss_files-2.21.so
7f74dc8f9000-7f74dcaf9000 ---p 0000b000 fe:00 2624626                    /usr/lib/libnss_files-2.21.so
7f74dcaf9000-7f74dcafa000 r--p 0000b000 fe:00 2624626                    /usr/lib/libnss_files-2.21.so
7f74dcafa000-7f74dcafb000 rw-p 0000c000 fe:00 2624626                    /usr/lib/libnss_files-2.21.so
7f74dcafb000-7f74dcb25000 r-xp 00000000 fe:00 4072557                    /usr/lib/jvm/java-8-jdk/jre/lib/amd64/libjava.so
7f74dcb25000-7f74dcd25000 ---p 0002a000 fe:00 4072557                    /usr/lib/jvm/java-8-jdk/jre/lib/amd64/libjava.so
7f74dcd25000-7f74dcd27000 rw-p 0002a000 fe:00 4072557                    /usr/lib/jvm/java-8-jdk/jre/lib/amd64/libjava.so
7f74dcd27000-7f74dcd34000 r-xp 00000000 fe:00 4072544                    /usr/lib/jvm/java-8-jdk/jre/lib/amd64/libverify.so
7f74dcd34000-7f74dcf34000 ---p 0000d000 fe:00 4072544                    /usr/lib/jvm/java-8-jdk/jre/lib/amd64/libverify.so
7f74dcf34000-7f74dcf36000 rw-p 0000d000 fe:00 4072544                    /usr/lib/jvm/java-8-jdk/jre/lib/amd64/libverify.so
7f74dcf36000-7f74dcf3d000 r-xp 00000000 fe:00 2624673                    /usr/lib/librt-2.21.so
7f74dcf3d000-7f74dd13c000 ---p 00007000 fe:00 2624673                    /usr/lib/librt-2.21.so
7f74dd13c000-7f74dd13d000 r--p 00006000 fe:00 2624673                    /usr/lib/librt-2.21.so
7f74dd13d000-7f74dd13e000 rw-p 00007000 fe:00 2624673                    /usr/lib/librt-2.21.so
7f74dd13e000-7f74dd241000 r-xp 00000000 fe:00 2624701                    /usr/lib/libm-2.21.so
7f74dd241000-7f74dd441000 ---p 00103000 fe:00 2624701                    /usr/lib/libm-2.21.so
7f74dd441000-7f74dd442000 r--p 00103000 fe:00 2624701                    /usr/lib/libm-2.21.so
7f74dd442000-7f74dd443000 rw-p 00104000 fe:00 2624701                    /usr/lib/libm-2.21.so
7f74dd443000-7f74de0b0000 r-xp 00000000 fe:00 4460819                    /usr/lib/jvm/java-8-jdk/jre/lib/amd64/server/libjvm.so
7f74de0b0000-7f74de2af000 ---p 00c6d000 fe:00 4460819                    /usr/lib/jvm/java-8-jdk/jre/lib/amd64/server/libjvm.so
7f74de2af000-7f74de385000 rw-p 00c6c000 fe:00 4460819                    /usr/lib/jvm/java-8-jdk/jre/lib/amd64/server/libjvm.so
7f74de385000-7f74de3c8000 rw-p 00000000 00:00 0 
7f74de3c8000-7f74de561000 r-xp 00000000 fe:00 2624641                    /usr/lib/libc-2.21.so
7f74de561000-7f74de761000 ---p 00199000 fe:00 2624641                    /usr/lib/libc-2.21.so
7f74de761000-7f74de765000 r--p 00199000 fe:00 2624641                    /usr/lib/libc-2.21.so
7f74de765000-7f74de767000 rw-p 0019d000 fe:00 2624641                    /usr/lib/libc-2.21.so
7f74de767000-7f74de76b000 rw-p 00000000 00:00 0 
7f74de76b000-7f74de76d000 r-xp 00000000 fe:00 2624682                    /usr/lib/libdl-2.21.so
7f74de76d000-7f74de96d000 ---p 00002000 fe:00 2624682                    /usr/lib/libdl-2.21.so
7f74de96d000-7f74de96e000 r--p 00002000 fe:00 2624682                    /usr/lib/libdl-2.21.so
7f74de96e000-7f74de96f000 rw-p 00003000 fe:00 2624682                    /usr/lib/libdl-2.21.so
7f74de96f000-7f74de984000 r-xp 00000000 fe:00 4460811                    /usr/lib/jvm/java-8-jdk/jre/lib/amd64/jli/libjli.so
7f74de984000-7f74deb83000 ---p 00015000 fe:00 4460811                    /usr/lib/jvm/java-8-jdk/jre/lib/amd64/jli/libjli.so
7f74deb83000-7f74deb84000 rw-p 00014000 fe:00 4460811                    /usr/lib/jvm/java-8-jdk/jre/lib/amd64/jli/libjli.so
7f74deb84000-7f74deb9c000 r-xp 00000000 fe:00 2624671                    /usr/lib/libpthread-2.21.so
7f74deb9c000-7f74ded9b000 ---p 00018000 fe:00 2624671                    /usr/lib/libpthread-2.21.so
7f74ded9b000-7f74ded9c000 r--p 00017000 fe:00 2624671                    /usr/lib/libpthread-2.21.so
7f74ded9c000-7f74ded9d000 rw-p 00018000 fe:00 2624671                    /usr/lib/libpthread-2.21.so
7f74ded9d000-7f74deda1000 rw-p 00000000 00:00 0 
7f74deda1000-7f74dedc3000 r-xp 00000000 fe:00 2624696                    /usr/lib/ld-2.21.so
7f74dedc4000-7f74dedc9000 r--s 002f8000 fe:00 3949453                    /usr/lib/jvm/java-8-jdk/jre/lib/charsets.jar
7f74dedc9000-7f74dee67000 rw-p 00000000 00:00 0 
7f74dee67000-7f74dee6a000 ---p 00000000 00:00 0 
7f74dee6a000-7f74def6c000 rw-p 00000000 00:00 0                          [stack:7341]
7f74def6c000-7f74def6d000 rwxp 00000000 00:00 0 
7f74def6d000-7f74def6e000 r--s 00000000 fe:00 3949449                    /usr/lib/jvm/java-8-jdk/jre/lib/management-agent.jar
7f74def6e000-7f74defb7000 rw-p 00000000 00:00 0 
7f74defb7000-7f74defbf000 rw-s 00000000 00:1f 98740                      /tmp/hsperfdata_beenotung/7340
7f74defbf000-7f74defc0000 rw-p 00000000 00:00 0 
7f74defc0000-7f74defc1000 r--p 00000000 00:00 0 
7f74defc1000-7f74defc2000 rw-p 00000000 00:00 0 
7f74defc2000-7f74defc3000 r--p 00021000 fe:00 2624696                    /usr/lib/ld-2.21.so
7f74defc3000-7f74defc4000 rw-p 00022000 fe:00 2624696                    /usr/lib/ld-2.21.so
7f74defc4000-7f74defc5000 rw-p 00000000 00:00 0 
7ffc20d6c000-7ffc20d8e000 rw-p 00000000 00:00 0                          [stack]
7ffc20d96000-7ffc20d98000 r--p 00000000 00:00 0                          [vvar]
7ffc20d98000-7ffc20d9a000 r-xp 00000000 00:00 0                          [vdso]
ffffffffff600000-ffffffffff601000 r-xp 00000000 00:00 0                  [vsyscall]

VM Arguments:
jvm_args: -Djava.library.path=/home/beenotung/git/workspace/hkcc-pacman-robot/lib/lwjgl3/native/linux/x64:/home/beenotung/git/workspace/hkcc-pacman-robot/lib/lwjgl3/native/linux/x86:/home/beenotung/git/workspace/hkcc-pacman-robot/lib/lwjgl3/native/macosx/x64:/home/beenotung/git/workspace/hkcc-pacman-robot/lib/lwjgl3/native/windows/x64:/home/beenotung/git/workspace/hkcc-pacman-robot/lib/lwjgl3/native/windows/x86 -Didea.launcher.port=7533 -Didea.launcher.bin.path=/usr/share/intellijidea-ce/bin -Dfile.encoding=UTF-8 
java_command: com.intellij.rt.execution.application.AppMain edu.hkcc.pacmanrobot.launcher.MiniMapLauncher
java_class_path (initial): /usr/lib/jvm/default/jre/lib/management-agent.jar:/usr/lib/jvm/default/jre/lib/rt.jar:/usr/lib/jvm/default/jre/lib/charsets.jar:/usr/lib/jvm/default/jre/lib/jfxswt.jar:/usr/lib/jvm/default/jre/lib/javaws.jar:/usr/lib/jvm/default/jre/lib/deploy.jar:/usr/lib/jvm/default/jre/lib/resources.jar:/usr/lib/jvm/default/jre/lib/plugin.jar:/usr/lib/jvm/default/jre/lib/jfr.jar:/usr/lib/jvm/default/jre/lib/jsse.jar:/usr/lib/jvm/default/jre/lib/jce.jar:/usr/lib/jvm/default/jre/lib/ext/jfxrt.jar:/usr/lib/jvm/default/jre/lib/ext/sunpkcs11.jar:/usr/lib/jvm/default/jre/lib/ext/nashorn.jar:/usr/lib/jvm/default/jre/lib/ext/sunjce_provider.jar:/usr/lib/jvm/default/jre/lib/ext/cldrdata.jar:/usr/lib/jvm/default/jre/lib/ext/sunec.jar:/usr/lib/jvm/default/jre/lib/ext/dnsns.jar:/usr/lib/jvm/default/jre/lib/ext/localedata.jar:/usr/lib/jvm/default/jre/lib/ext/zipfs.jar:/home/beenotung/git/workspace/hkcc-pacman-robot/target/scala-2.11/classes:/home/beenotung/.ivy2/cache/org.scala-lang/scala-library/jars/scala-library-2.11.6.jar:/home/beenotung/git/workspace/hkcc-pacman-robot/lib/pi4j/junit.jar:/home/beenotung/git/workspace/hkcc-pacman-robot/lib/pi4j/pi4j-core.jar:/home/beenotung/git/workspace/hkcc-pacman-robot/lib/pi4j/pi4j-device.jar:/home/beenotung/git/workspace/hkcc-pacman-robot/lib/pi4j/pi4j-example.jar:/home/beenotung/git/workspace/hkcc-pacman-robot/lib/pi4j/pi4j-service.jar:/home/beenotung/git/workspace/hkcc-pacman-robot/lib/pi4j/pi4j-core-javadoc.jar:/home/beenotung/git/workspace/hkcc-pacman-robot/lib/pi4j/pi4j-core-sources.jar:/home/beenotung/git/workspace/hkcc-pacman-robot/lib/pi4j/pi4j-device-javadoc.jar:/home/beenotung/git/workspace/hkcc-pacman-robot/lib/pi4j/pi4j-device-sources.jar:/home/beenotung/git/workspace/hkcc-pacman-robot/lib/pi4j/pi4j-gpio-extension.jar:/home/beenotung/git/workspace/hkcc-pacman-robot/lib/pi4j/pi4j-example-javadoc.jar:/home/beenotung/git/workspace/hkcc-pacman-robot/lib/pi4j/pi4j-example-sources.jar:/home/beenotung/git/workspace/hk
Launcher Type: SUN_STANDARD

Environment Variables:
PATH=/usr/games:/home/beenotung/bin:/usr/local/sbin:/usr/local/bin:/usr/bin:/opt/android-sdk/tools:/usr/lib/jvm/default/bin:/usr/bin/site_perl:/usr/bin/vendor_perl:/usr/bin/core_perl
USERNAME=beenotung
LD_LIBRARY_PATH=.:
SHELL=/bin/bash
DISPLAY=:1

Signal Handlers:
SIGSEGV: [libjvm.so+0xa79a80], sa_mask[0]=11111111011111111101111111111110, sa_flags=SA_RESTART|SA_SIGINFO
SIGBUS: [libjvm.so+0xa79a80], sa_mask[0]=11111111011111111101111111111110, sa_flags=SA_RESTART|SA_SIGINFO
SIGFPE: [libjvm.so+0x8e24e0], sa_mask[0]=11111111011111111101111111111110, sa_flags=SA_RESTART|SA_SIGINFO
SIGPIPE: [libjvm.so+0x8e24e0], sa_mask[0]=11111111011111111101111111111110, sa_flags=SA_RESTART|SA_SIGINFO
SIGXFSZ: [libjvm.so+0x8e24e0], sa_mask[0]=11111111011111111101111111111110, sa_flags=SA_RESTART|SA_SIGINFO
SIGILL: [libjvm.so+0x8e24e0], sa_mask[0]=11111111011111111101111111111110, sa_flags=SA_RESTART|SA_SIGINFO
SIGUSR1: SIG_DFL, sa_mask[0]=00000000000000000000000000000000, sa_flags=none
SIGUSR2: [libjvm.so+0x8e3d10], sa_mask[0]=00100000000000000000000000000000, sa_flags=SA_RESTART|SA_SIGINFO
SIGHUP: [libjvm.so+0x8e50d0], sa_mask[0]=11111111011111111101111111111110, sa_flags=SA_RESTART|SA_SIGINFO
SIGINT: [libjvm.so+0x8e50d0], sa_mask[0]=11111111011111111101111111111110, sa_flags=SA_RESTART|SA_SIGINFO
SIGTERM: [libjvm.so+0x8e50d0], sa_mask[0]=11111111011111111101111111111110, sa_flags=SA_RESTART|SA_SIGINFO
SIGQUIT: [libjvm.so+0x8e50d0], sa_mask[0]=11111111011111111101111111111110, sa_flags=SA_RESTART|SA_SIGINFO


---------------  S Y S T E M  ---------------

OS:LSB_VERSION=1.4
DISTRIB_ID=Arch
DISTRIB_RELEASE=rolling
DISTRIB_DESCRIPTION="Arch Linux"

uname:Linux 3.19.3-3-ARCH #1 SMP PREEMPT Wed Apr 8 14:10:00 CEST 2015 x86_64
libc:glibc 2.21 NPTL 2.21 
rlimit: STACK 8192k, CORE 0k, NPROC 64015, NOFILE 4096, AS infinity
load average:1.38 1.01 1.02

/proc/meminfo:
MemTotal:       16398448 kB
MemFree:        11439372 kB
MemAvailable:   12799540 kB
Buffers:          146032 kB
Cached:          1341216 kB
SwapCached:            0 kB
Active:          3786468 kB
Inactive:         805216 kB
Active(anon):    3106400 kB
Inactive(anon):    21992 kB
Active(file):     680068 kB
Inactive(file):   783224 kB
Unevictable:         532 kB
Mlocked:             532 kB
SwapTotal:             0 kB
SwapFree:              0 kB
Dirty:              1532 kB
Writeback:             0 kB
AnonPages:       3104952 kB
Mapped:           408568 kB
Shmem:             23968 kB
Slab:             177928 kB
SReclaimable:     131624 kB
SUnreclaim:        46304 kB
KernelStack:       13792 kB
PageTables:        62840 kB
NFS_Unstable:          0 kB
Bounce:                0 kB
WritebackTmp:          0 kB
CommitLimit:     8199224 kB
Committed_AS:    9057312 kB
VmallocTotal:   34359738367 kB
VmallocUsed:      155604 kB
VmallocChunk:   34359493808 kB
HardwareCorrupted:     0 kB
AnonHugePages:    608256 kB
HugePages_Total:       0
HugePages_Free:        0
HugePages_Rsvd:        0
HugePages_Surp:        0
Hugepagesize:       2048 kB
DirectMap4k:      159292 kB
DirectMap2M:    16578560 kB


CPU:total 8 (4 cores per cpu, 2 threads per core) family 6 model 58 stepping 9, cmov, cx8, fxsr, mmx, sse, sse2, sse3, ssse3, sse4.1, sse4.2, popcnt, avx, aes, clmul, erms, ht, tsc, tscinvbit, tscinv

/proc/cpuinfo:
processor	: 0
vendor_id	: GenuineIntel
cpu family	: 6
model		: 58
model name	: Intel(R) Xeon(R) CPU E3-1230 V2 @ 3.30GHz
stepping	: 9
microcode	: 0x12
cpu MHz		: 3515.402
cache size	: 8192 KB
physical id	: 0
siblings	: 8
core id		: 0
cpu cores	: 4
apicid		: 0
initial apicid	: 0
fpu		: yes
fpu_exception	: yes
cpuid level	: 13
wp		: yes
flags		: fpu vme de pse tsc msr pae mce cx8 apic sep mtrr pge mca cmov pat pse36 clflush dts acpi mmx fxsr sse sse2 ss ht tm pbe syscall nx rdtscp lm constant_tsc arch_perfmon pebs bts rep_good nopl xtopology nonstop_tsc aperfmperf eagerfpu pni pclmulqdq dtes64 monitor ds_cpl vmx smx est tm2 ssse3 cx16 xtpr pdcm pcid sse4_1 sse4_2 x2apic popcnt tsc_deadline_timer aes xsave avx f16c rdrand lahf_lm ida arat epb pln pts dtherm tpr_shadow vnmi flexpriority ept vpid fsgsbase smep erms xsaveopt
bugs		:
bogomips	: 6587.39
clflush size	: 64
cache_alignment	: 64
address sizes	: 36 bits physical, 48 bits virtual
power management:

processor	: 1
vendor_id	: GenuineIntel
cpu family	: 6
model		: 58
model name	: Intel(R) Xeon(R) CPU E3-1230 V2 @ 3.30GHz
stepping	: 9
microcode	: 0x12
cpu MHz		: 3506.121
cache size	: 8192 KB
physical id	: 0
siblings	: 8
core id		: 1
cpu cores	: 4
apicid		: 2
initial apicid	: 2
fpu		: yes
fpu_exception	: yes
cpuid level	: 13
wp		: yes
flags		: fpu vme de pse tsc msr pae mce cx8 apic sep mtrr pge mca cmov pat pse36 clflush dts acpi mmx fxsr sse sse2 ss ht tm pbe syscall nx rdtscp lm constant_tsc arch_perfmon pebs bts rep_good nopl xtopology nonstop_tsc aperfmperf eagerfpu pni pclmulqdq dtes64 monitor ds_cpl vmx smx est tm2 ssse3 cx16 xtpr pdcm pcid sse4_1 sse4_2 x2apic popcnt tsc_deadline_timer aes xsave avx f16c rdrand lahf_lm ida arat epb pln pts dtherm tpr_shadow vnmi flexpriority ept vpid fsgsbase smep erms xsaveopt
bugs		:
bogomips	: 6587.39
clflush size	: 64
cache_alignment	: 64
address sizes	: 36 bits physical, 48 bits virtual
power management:

processor	: 2
vendor_id	: GenuineIntel
cpu family	: 6
model		: 58
model name	: Intel(R) Xeon(R) CPU E3-1230 V2 @ 3.30GHz
stepping	: 9
microcode	: 0x12
cpu MHz		: 3528.550
cache size	: 8192 KB
physical id	: 0
siblings	: 8
core id		: 2
cpu cores	: 4
apicid		: 4
initial apicid	: 4
fpu		: yes
fpu_exception	: yes
cpuid level	: 13
wp		: yes
flags		: fpu vme de pse tsc msr pae mce cx8 apic sep mtrr pge mca cmov pat pse36 clflush dts acpi mmx fxsr sse sse2 ss ht tm pbe syscall nx rdtscp lm constant_tsc arch_perfmon pebs bts rep_good nopl xtopology nonstop_tsc aperfmperf eagerfpu pni pclmulqdq dtes64 monitor ds_cpl vmx smx est tm2 ssse3 cx16 xtpr pdcm pcid sse4_1 sse4_2 x2apic popcnt tsc_deadline_timer aes xsave avx f16c rdrand lahf_lm ida arat epb pln pts dtherm tpr_shadow vnmi flexpriority ept vpid fsgsbase smep erms xsaveopt
bugs		:
bogomips	: 6587.39
clflush size	: 64
cache_alignment	: 64
address sizes	: 36 bits physical, 48 bits virtual
power management:

processor	: 3
vendor_id	: GenuineIntel
cpu family	: 6
model		: 58
model name	: Intel(R) Xeon(R) CPU E3-1230 V2 @ 3.30GHz
stepping	: 9
microcode	: 0x12
cpu MHz		: 3529.710
cache size	: 8192 KB
physical id	: 0
siblings	: 8
core id		: 3
cpu cores	: 4
apicid		: 6
initial apicid	: 6
fpu		: yes
fpu_exception	: yes
cpuid level	: 13
wp		: yes
flags		: fpu vme de pse tsc msr pae mce cx8 apic sep mtrr pge mca cmov pat pse36 clflush dts acpi mmx fxsr sse sse2 ss ht tm pbe syscall nx rdtscp lm constant_tsc arch_perfmon pebs bts rep_good nopl xtopology nonstop_tsc aperfmperf eagerfpu pni pclmulqdq dtes64 monitor ds_cpl vmx smx est tm2 ssse3 cx16 xtpr pdcm pcid sse4_1 sse4_2 x2apic popcnt tsc_deadline_timer aes xsave avx f16c rdrand lahf_lm ida arat epb pln pts dtherm tpr_shadow vnmi flexpriority ept vpid fsgsbase smep erms xsaveopt
bugs		:
bogomips	: 6587.39
clflush size	: 64
cache_alignment	: 64
address sizes	: 36 bits physical, 48 bits virtual
power management:

processor	: 4
vendor_id	: GenuineIntel
cpu family	: 6
model		: 58
model name	: Intel(R) Xeon(R) CPU E3-1230 V2 @ 3.30GHz
stepping	: 9
microcode	: 0x12
cpu MHz		: 3500.062
cache size	: 8192 KB
physical id	: 0
siblings	: 8
core id		: 0
cpu cores	: 4
apicid		: 1
initial apicid	: 1
fpu		: yes
fpu_exception	: yes
cpuid level	: 13
wp		: yes
flags		: fpu vme de pse tsc msr pae mce cx8 apic sep mtrr pge mca cmov pat pse36 clflush dts acpi mmx fxsr sse sse2 ss ht tm pbe syscall nx rdtscp lm constant_tsc arch_perfmon pebs bts rep_good nopl xtopology nonstop_tsc aperfmperf eagerfpu pni pclmulqdq dtes64 monitor ds_cpl vmx smx est tm2 ssse3 cx16 xtpr pdcm pcid sse4_1 sse4_2 x2apic popcnt tsc_deadline_timer aes xsave avx f16c rdrand lahf_lm ida arat epb pln pts dtherm tpr_shadow vnmi flexpriority ept vpid fsgsbase smep erms xsaveopt
bugs		:
bogomips	: 6587.39
clflush size	: 64
cache_alignment	: 64
address sizes	: 36 bits physical, 48 bits virtual
power management:

processor	: 5
vendor_id	: GenuineIntel
cpu family	: 6
model		: 58
model name	: Intel(R) Xeon(R) CPU E3-1230 V2 @ 3.30GHz
stepping	: 9
microcode	: 0x12
cpu MHz		: 3551.496
cache size	: 8192 KB
physical id	: 0
siblings	: 8
core id		: 1
cpu cores	: 4
apicid		: 3
initial apicid	: 3
fpu		: yes
fpu_exception	: yes
cpuid level	: 13
wp		: yes
flags		: fpu vme de pse tsc msr pae mce cx8 apic sep mtrr pge mca cmov pat pse36 clflush dts acpi mmx fxsr sse sse2 ss ht tm pbe syscall nx rdtscp lm constant_tsc arch_perfmon pebs bts rep_good nopl xtopology nonstop_tsc aperfmperf eagerfpu pni pclmulqdq dtes64 monitor ds_cpl vmx smx est tm2 ssse3 cx16 xtpr pdcm pcid sse4_1 sse4_2 x2apic popcnt tsc_deadline_timer aes xsave avx f16c rdrand lahf_lm ida arat epb pln pts dtherm tpr_shadow vnmi flexpriority ept vpid fsgsbase smep erms xsaveopt
bugs		:
bogomips	: 6587.39
clflush size	: 64
cache_alignment	: 64
address sizes	: 36 bits physical, 48 bits virtual
power management:

processor	: 6
vendor_id	: GenuineIntel
cpu family	: 6
model		: 58
model name	: Intel(R) Xeon(R) CPU E3-1230 V2 @ 3.30GHz
stepping	: 9
microcode	: 0x12
cpu MHz		: 3543.890
cache size	: 8192 KB
physical id	: 0
siblings	: 8
core id		: 2
cpu cores	: 4
apicid		: 5
initial apicid	: 5
fpu		: yes
fpu_exception	: yes
cpuid level	: 13
wp		: yes
flags		: fpu vme de pse tsc msr pae mce cx8 apic sep mtrr pge mca cmov pat pse36 clflush dts acpi mmx fxsr sse sse2 ss ht tm pbe syscall nx rdtscp lm constant_tsc arch_perfmon pebs bts rep_good nopl xtopology nonstop_tsc aperfmperf eagerfpu pni pclmulqdq dtes64 monitor ds_cpl vmx smx est tm2 ssse3 cx16 xtpr pdcm pcid sse4_1 sse4_2 x2apic popcnt tsc_deadline_timer aes xsave avx f16c rdrand lahf_lm ida arat epb pln pts dtherm tpr_shadow vnmi flexpriority ept vpid fsgsbase smep erms xsaveopt
bugs		:
bogomips	: 6587.39
clflush size	: 64
cache_alignment	: 64
address sizes	: 36 bits physical, 48 bits virtual
power management:

processor	: 7
vendor_id	: GenuineIntel
cpu family	: 6
model		: 58
model name	: Intel(R) Xeon(R) CPU E3-1230 V2 @ 3.30GHz
stepping	: 9
microcode	: 0x12
cpu MHz		: 3596.613
cache size	: 8192 KB
physical id	: 0
siblings	: 8
core id		: 3
cpu cores	: 4
apicid		: 7
initial apicid	: 7
fpu		: yes
fpu_exception	: yes
cpuid level	: 13
wp		: yes
flags		: fpu vme de pse tsc msr pae mce cx8 apic sep mtrr pge mca cmov pat pse36 clflush dts acpi mmx fxsr sse sse2 ss ht tm pbe syscall nx rdtscp lm constant_tsc arch_perfmon pebs bts rep_good nopl xtopology nonstop_tsc aperfmperf eagerfpu pni pclmulqdq dtes64 monitor ds_cpl vmx smx est tm2 ssse3 cx16 xtpr pdcm pcid sse4_1 sse4_2 x2apic popcnt tsc_deadline_timer aes xsave avx f16c rdrand lahf_lm ida arat epb pln pts dtherm tpr_shadow vnmi flexpriority ept vpid fsgsbase smep erms xsaveopt
bugs		:
bogomips	: 6587.39
clflush size	: 64
cache_alignment	: 64
address sizes	: 36 bits physical, 48 bits virtual
power management:



Memory: 4k page, physical 16398448k(11439372k free), swap 0k(0k free)

vm_info: Java HotSpot(TM) 64-Bit Server VM (25.25-b02) for linux-amd64 JRE (1.8.0_25-b17), built on Sep 17 2014 17:32:11 by "java_re" with gcc 4.3.0 20080428 (Red Hat 4.3.0-8)

time: Tue Apr 14 08:40:22 2015
elapsed time: 6 seconds (0d 0h 0m 6s)

