#
# A fatal error has been detected by the Java Runtime Environment:
#
#  SIGSEGV (0xb) at pc=0x00007f80106baa2a, pid=4095, tid=140188405188352
#
# JRE version: Java(TM) SE Runtime Environment (8.0_25-b17) (build 1.8.0_25-b17)
# Java VM: Java HotSpot(TM) 64-Bit Server VM (25.25-b02 mixed mode linux-amd64 compressed oops)
# Problematic frame:
# C  [libffi.so.6+0x4a2a]  ffi_closure_free+0x49a
#
# Failed to write core dump. Core dumps have been disabled. To enable core dumping, try "ulimit -c unlimited" before starting Java again
#
# If you would like to submit a bug report, please visit:
#   http://bugreport.sun.com/bugreport/crash.jsp
# The crash happened outside the Java Virtual Machine in native code.
# See problematic frame for where to report the bug.
#

---------------  T H R E A D  ---------------

Current thread (0x00007f8040415800):  JavaThread "Thread-0" [_thread_in_native, id=4148, stack(0x00007f802807c000,0x00007f802817d000)]

siginfo: si_signo: 11 (SIGSEGV), si_code: 1 (SEGV_MAPERR), si_addr: 0x0000000000000018

Registers:
RAX=0x0000000000000f80, RBX=0x00007f80108be2c0, RCX=0x0000000000000000, RDX=0x0000000000000000
RSP=0x00007f802817b5d0, RBP=0x00007f80485be038, RSI=0x00007f80485be070, RDI=0x0000000000000001
R8 =0x0000000000000000, R9 =0x0000000000000000, R10=0x000000000000003c, R11=0x00007f80106ba590
R12=0x00007f80485be048, R13=0x00007f80305bd938, R14=0x00007f802817b6a8, R15=0x00007f8040415800
RIP=0x00007f80106baa2a, EFLAGS=0x0000000000010246, CSGSFS=0x0000000000000033, ERR=0x0000000000000006
  TRAPNO=0x000000000000000e

Top of Stack: (sp=0x00007f802817b5d0)
0x00007f802817b5d0:   00007f8040415800 00007f800bf36590
0x00007f802817b5e0:   00007f80292374c0 00007f8040007440
0x00007f802817b5f0:   00007f80485be048 00007f80305bd938
0x00007f802817b600:   00007f802817b680 0000000000000000
0x00007f802817b610:   00007f80305bd938 00007f802817b6a8
0x00007f802817b620:   00007f8040415800 00007f80310156d4
0x00007f802817b630:   00007f8040415800 00007f8031015422
0x00007f802817b640:   00007f802817b640 00007f80305bd938
0x00007f802817b650:   00007f802817b6a8 00007f80305bdd30
0x00007f802817b660:   0000000000000000 00007f80305bd938
0x00007f802817b670:   0000000000000000 00007f802817b6a0
0x00007f802817b680:   00007f802817b6f0 00007f803100798d
0x00007f802817b690:   000000076d8814b8 00007f803100f2b8
0x00007f802817b6a0:   00007f80485be048 000000076d8dcdc0
0x00007f802817b6b0:   00007f802817b6b0 00007f803043ed0b
0x00007f802817b6c0:   00007f802817b700 00007f803059a5f8
0x00007f802817b6d0:   0000000000000000 00007f803043ed28
0x00007f802817b6e0:   00007f802817b6a0 00007f802817b700
0x00007f802817b6f0:   00007f802817b748 00007f803100798d
0x00007f802817b700:   000000076d8dcdc0 00007f802817b708
0x00007f802817b710:   00007f803043f9e6 00007f802817b758
0x00007f802817b720:   00007f803059a480 0000000000000000
0x00007f802817b730:   00007f803043fa00 00007f802817b700
0x00007f802817b740:   00007f802817b758 00007f802817b7a0
0x00007f802817b750:   00007f803100798d 000000076d8dcdc0
0x00007f802817b760:   00007f802817b760 00007f803043cb37
0x00007f802817b770:   00007f802817b7b0 00007f8030440398
0x00007f802817b780:   0000000000000000 00007f803043cb50
0x00007f802817b790:   00007f802817b758 00007f802817b7b0
0x00007f802817b7a0:   00007f802817b7f8 00007f803100798d
0x00007f802817b7b0:   000000076cf328a8 00007f802817b7b8
0x00007f802817b7c0:   00007f803043cbe7 00007f802817b810 

Instructions: (pc=0x00007f80106baa2a)
0x00007f80106baa0a:   56 18 4c 8b 4e 30 48 39 d6 0f 84 ef 03 00 00 48
0x00007f80106baa1a:   8b 4e 10 48 3b 0d b4 38 20 00 0f 82 26 fe ff ff
0x00007f80106baa2a:   48 89 51 18 48 89 4a 10 4d 85 c9 0f 84 55 03 00
0x00007f80106baa3a:   00 48 8b 4e 38 48 8d 79 4a 48 3b 34 fb 0f 84 b3 

Register to memory mapping:

RAX=0x0000000000000f80 is an unknown value
RBX=0x00007f80108be2c0: <offset 0x2082c0> in /usr/lib/libffi.so.6 at 0x00007f80106b6000
RCX=0x0000000000000000 is an unknown value
RDX=0x0000000000000000 is an unknown value
RSP=0x00007f802817b5d0 is pointing into the stack for thread: 0x00007f8040415800
RBP=0x00007f80485be038 is an unknown value
RSI=0x00007f80485be070 is an unknown value
RDI=0x0000000000000001 is an unknown value
R8 =0x0000000000000000 is an unknown value
R9 =0x0000000000000000 is an unknown value
R10=0x000000000000003c is an unknown value
R11=0x00007f80106ba590: ffi_closure_free+0 in /usr/lib/libffi.so.6 at 0x00007f80106b6000
R12=0x00007f80485be048 is an unknown value
R13={method} {0x00007f80305bd938} 'nffi_closure_free' '(J)V' in 'org/lwjgl/system/libffi/LibFFI'
R14=0x00007f802817b6a8 is pointing into the stack for thread: 0x00007f8040415800
R15=0x00007f8040415800 is a thread


Stack: [0x00007f802807c000,0x00007f802817d000],  sp=0x00007f802817b5d0,  free space=1021k
Native frames: (J=compiled Java code, j=interpreted, Vv=VM code, C=native code)
C  [libffi.so.6+0x4a2a]  ffi_closure_free+0x49a

Java frames: (J=compiled Java code, j=interpreted, Vv=VM code)
j  org.lwjgl.system.libffi.LibFFI.nffi_closure_free(J)V+0
j  org.lwjgl.system.libffi.Closure.destroy()V+35
j  org.lwjgl.system.Retainable$Default.release()V+38
j  myutils.gui.opengl.AbstractOpenGLApplication.end()V+7
j  myutils.gui.opengl.AbstractOpenGLApplication.run()V+15
j  edu.hkcc.pacmanrobot.controller.gamecontroller.MiniMap.run()V+27
v  ~StubRoutines::call_stub

---------------  P R O C E S S  ---------------

Java Threads: ( => current thread )
  0x00007f7fc0003800 JavaThread "Thread-3" [_thread_blocked, id=4155, stack(0x00007f8020ad0000,0x00007f8020bd1000)]
  0x00007f7fc0002000 JavaThread "Thread-2" [_thread_in_native, id=4154, stack(0x00007f80209cf000,0x00007f8020ad0000)]
  0x00007f804000a000 JavaThread "DestroyJavaVM" [_thread_blocked, id=4097, stack(0x00007f80484b9000,0x00007f80485ba000)]
=>0x00007f8040415800 JavaThread "Thread-0" [_thread_in_native, id=4148, stack(0x00007f802807c000,0x00007f802817d000)]
  0x00007f8040262000 JavaThread "Monitor Ctrl-Break" daemon [_thread_in_native, id=4138, stack(0x00007f80296ab000,0x00007f80297ac000)]
  0x00007f80400c9800 JavaThread "Service Thread" daemon [_thread_blocked, id=4133, stack(0x00007f8029ad6000,0x00007f8029bd7000)]
  0x00007f80400ba000 JavaThread "C1 CompilerThread3" daemon [_thread_blocked, id=4132, stack(0x00007f8029bd7000,0x00007f8029cd8000)]
  0x00007f80400b8000 JavaThread "C2 CompilerThread2" daemon [_thread_blocked, id=4131, stack(0x00007f8029cd8000,0x00007f8029dd9000)]
  0x00007f80400b6800 JavaThread "C2 CompilerThread1" daemon [_thread_blocked, id=4130, stack(0x00007f8029dd9000,0x00007f8029eda000)]
  0x00007f80400b3800 JavaThread "C2 CompilerThread0" daemon [_thread_blocked, id=4129, stack(0x00007f8029eda000,0x00007f8029fdb000)]
  0x00007f80400b1800 JavaThread "Signal Dispatcher" daemon [_thread_blocked, id=4128, stack(0x00007f8029fdb000,0x00007f802a0dc000)]
  0x00007f8040084800 JavaThread "Finalizer" daemon [_thread_blocked, id=4118, stack(0x00007f802a2a1000,0x00007f802a3a2000)]
  0x00007f8040082800 JavaThread "Reference Handler" daemon [_thread_blocked, id=4117, stack(0x00007f802a3a2000,0x00007f802a4a3000)]

Other Threads:
  0x00007f804007b800 VMThread [stack: 0x00007f802a4a3000,0x00007f802a5a4000] [id=4115]
  0x00007f80400cc800 WatcherThread [stack: 0x00007f80299d5000,0x00007f8029ad6000] [id=4134]

VM state:not at safepoint (normal execution)

VM Mutex/Monitor currently owned by a thread: None

Heap:
 PSYoungGen      total 75264K, used 34894K [0x000000076c980000, 0x0000000771d80000, 0x00000007c0000000)
  eden space 64512K, 54% used [0x000000076c980000,0x000000076eb93a30,0x0000000770880000)
  from space 10752K, 0% used [0x0000000771300000,0x0000000771300000,0x0000000771d80000)
  to   space 10752K, 0% used [0x0000000770880000,0x0000000770880000,0x0000000771300000)
 ParOldGen       total 172032K, used 0K [0x00000006c5c00000, 0x00000006d0400000, 0x000000076c980000)
  object space 172032K, 0% used [0x00000006c5c00000,0x00000006c5c00000,0x00000006d0400000)
 Metaspace       used 10390K, capacity 10534K, committed 10624K, reserved 1058816K
  class space    used 1087K, capacity 1113K, committed 1152K, reserved 1048576K

Card table byte_map: [0x00007f8045192000,0x00007f8045965000] byte_map_base: 0x00007f8041b64000

Marking Bits: (ParMarkBitMap*) 0x00007f80479ef2c0
 Begin Bits: [0x00007f7ff42e0000, 0x00007f7ff8170000)
 End Bits:   [0x00007f7ff8170000, 0x00007f7ffc000000)

Polling page: 0x00007f8048612000

CodeCache: size=245760Kb used=2660Kb max_used=2660Kb free=243099Kb
 bounds [0x00007f8031000000, 0x00007f80312a0000, 0x00007f8040000000]
 total_blobs=1068 nmethods=518 adapters=465
 compilation: enabled

Compilation events (10 events):
Event: 6.002 Thread 0x00007f80400ba000  515       3       sun.util.calendar.BaseCalendar$Date::hit (24 bytes)
Event: 6.002 Thread 0x00007f80400ba000 nmethod 515 0x00007f8031288410 code [0x00007f8031288580, 0x00007f8031288770]
Event: 6.002 Thread 0x00007f80400ba000  516       3       sun.util.calendar.BaseCalendar$Date::getCachedJan1 (5 bytes)
Event: 6.002 Thread 0x00007f80400ba000 nmethod 516 0x00007f80312984d0 code [0x00007f8031298620, 0x00007f8031298770]
Event: 6.002 Thread 0x00007f80400ba000  517       3       sun.util.calendar.BaseCalendar::getDayOfWeekFromFixedDate (26 bytes)
Event: 6.002 Thread 0x00007f80400b6800 nmethod 503 0x00007f80312987d0 code [0x00007f8031298a20, 0x00007f80312993c0]
Event: 6.002 Thread 0x00007f80400ba000 nmethod 517 0x00007f8031289610 code [0x00007f80312897a0, 0x00007f8031289b30]
Event: 6.002 Thread 0x00007f80400ba000  518       3       sun.util.calendar.CalendarDate::setDayOfWeek (6 bytes)
Event: 6.002 Thread 0x00007f80400ba000 nmethod 518 0x00007f8031289310 code [0x00007f8031289460, 0x00007f80312895b0]
Event: 6.002 Thread 0x00007f80400b3800 nmethod 505 0x00007f8031294510 code [0x00007f8031294740, 0x00007f8031295150]

GC Heap History (0 events):
No events

Deoptimization events (1 events):
Event: 5.905 Thread 0x00007f8040415800 Uncommon trap: reason=unreached action=reinterpret pc=0x00007f8031204fb8 method=sun.misc.URLClassPath$JarLoader.ensureOpen()V @ 4

Internal exceptions (10 events):
Event: 6.013 Thread 0x00007f8040415800 Exception <a 'java/security/PrivilegedActionException'> (0x000000076eaa20a8) thrown at [/HUDSON/workspace/8-2-build-linux-amd64/jdk8u25/1514/hotspot/src/share/vm/prims/jvm.cpp, line 1312]
Event: 6.013 Thread 0x00007f8040415800 Exception <a 'java/security/PrivilegedActionException'> (0x000000076eaaa580) thrown at [/HUDSON/workspace/8-2-build-linux-amd64/jdk8u25/1514/hotspot/src/share/vm/prims/jvm.cpp, line 1312]
Event: 6.014 Thread 0x00007f8040415800 Exception <a 'java/security/PrivilegedActionException'> (0x000000076eab0be0) thrown at [/HUDSON/workspace/8-2-build-linux-amd64/jdk8u25/1514/hotspot/src/share/vm/prims/jvm.cpp, line 1312]
Event: 6.014 Thread 0x00007f8040415800 Exception <a 'java/security/PrivilegedActionException'> (0x000000076eab6c68) thrown at [/HUDSON/workspace/8-2-build-linux-amd64/jdk8u25/1514/hotspot/src/share/vm/prims/jvm.cpp, line 1312]
Event: 6.014 Thread 0x00007f8040415800 Exception <a 'java/security/PrivilegedActionException'> (0x000000076eabccb8) thrown at [/HUDSON/workspace/8-2-build-linux-amd64/jdk8u25/1514/hotspot/src/share/vm/prims/jvm.cpp, line 1312]
Event: 6.014 Thread 0x00007f8040415800 Exception <a 'java/security/PrivilegedActionException'> (0x000000076eac2fd8) thrown at [/HUDSON/workspace/8-2-build-linux-amd64/jdk8u25/1514/hotspot/src/share/vm/prims/jvm.cpp, line 1312]
Event: 6.015 Thread 0x00007f8040415800 Exception <a 'java/security/PrivilegedActionException'> (0x000000076eacb1a0) thrown at [/HUDSON/workspace/8-2-build-linux-amd64/jdk8u25/1514/hotspot/src/share/vm/prims/jvm.cpp, line 1312]
Event: 6.015 Thread 0x00007f8040415800 Exception <a 'java/security/PrivilegedActionException'> (0x000000076ead3170) thrown at [/HUDSON/workspace/8-2-build-linux-amd64/jdk8u25/1514/hotspot/src/share/vm/prims/jvm.cpp, line 1312]
Event: 6.015 Thread 0x00007f8040415800 Exception <a 'java/security/PrivilegedActionException'> (0x000000076eada558) thrown at [/HUDSON/workspace/8-2-build-linux-amd64/jdk8u25/1514/hotspot/src/share/vm/prims/jvm.cpp, line 1312]
Event: 6.016 Thread 0x00007f8040415800 Exception <a 'java/security/PrivilegedActionException'> (0x000000076eadded8) thrown at [/HUDSON/workspace/8-2-build-linux-amd64/jdk8u25/1514/hotspot/src/share/vm/prims/jvm.cpp, line 1312]

Events (10 events):
Event: 6.014 loading class org/lwjgl/opengl/WGLNVDXInterop
Event: 6.014 loading class org/lwjgl/opengl/WGLNVDXInterop done
Event: 6.015 loading class org/lwjgl/opengl/WGLNVGPUAffinity
Event: 6.015 loading class org/lwjgl/opengl/WGLNVGPUAffinity done
Event: 6.015 loading class org/lwjgl/system/linux/opengl/LinuxGLContext$MakeCurrentActionARB
Event: 6.015 loading class org/lwjgl/system/linux/opengl/LinuxGLContext$MakeCurrentActionARB done
Event: 6.015 loading class edu/hkcc/pacmanrobot/utils/Utils$
Event: 6.015 loading class edu/hkcc/pacmanrobot/utils/Utils$ done
Event: 6.016 loading class edu/hkcc/pacmanrobot/utils/Point2D
Event: 6.016 loading class edu/hkcc/pacmanrobot/utils/Point2D done


Dynamic libraries:
00400000-00401000 r-xp 00000000 fe:00 3950470                            /usr/lib/jvm/java-8-jdk/jre/bin/java
00600000-00601000 rw-p 00000000 fe:00 3950470                            /usr/lib/jvm/java-8-jdk/jre/bin/java
01e2a000-01e4b000 rw-p 00000000 00:00 0                                  [heap]
6c5c00000-6d0400000 rw-p 00000000 00:00 0 
6d0400000-76c980000 ---p 00000000 00:00 0 
76c980000-771d80000 rw-p 00000000 00:00 0 
771d80000-7c0000000 ---p 00000000 00:00 0 
7c0000000-7c0120000 rw-p 00000000 00:00 0 
7c0120000-800000000 ---p 00000000 00:00 0 
7f7fb8000000-7f7fb8045000 rw-p 00000000 00:00 0 
7f7fb8045000-7f7fbc000000 ---p 00000000 00:00 0 
7f7fc0000000-7f7fc0021000 rw-p 00000000 00:00 0 
7f7fc0021000-7f7fc4000000 ---p 00000000 00:00 0 
7f7fc4000000-7f7fc4021000 rw-p 00000000 00:00 0 
7f7fc4021000-7f7fc8000000 ---p 00000000 00:00 0 
7f7fc8000000-7f7fc802e000 rw-p 00000000 00:00 0 
7f7fc802e000-7f7fcc000000 ---p 00000000 00:00 0 
7f7fcc000000-7f7fcc36f000 rw-p 00000000 00:00 0 
7f7fcc36f000-7f7fd0000000 ---p 00000000 00:00 0 
7f7fd0000000-7f7fd0021000 rw-p 00000000 00:00 0 
7f7fd0021000-7f7fd4000000 ---p 00000000 00:00 0 
7f7fd4000000-7f7fd4021000 rw-p 00000000 00:00 0 
7f7fd4021000-7f7fd8000000 ---p 00000000 00:00 0 
7f7fd8000000-7f7fd840e000 rw-p 00000000 00:00 0 
7f7fd840e000-7f7fdc000000 ---p 00000000 00:00 0 
7f7fdc000000-7f7fdc254000 rw-p 00000000 00:00 0 
7f7fdc254000-7f7fe0000000 ---p 00000000 00:00 0 
7f7fe0000000-7f7fe023b000 rw-p 00000000 00:00 0 
7f7fe023b000-7f7fe4000000 ---p 00000000 00:00 0 
7f7fe4000000-7f7fe4281000 rw-p 00000000 00:00 0 
7f7fe4281000-7f7fe8000000 ---p 00000000 00:00 0 
7f7fe8000000-7f7fe8021000 rw-p 00000000 00:00 0 
7f7fe8021000-7f7fec000000 ---p 00000000 00:00 0 
7f7fec000000-7f7fec021000 rw-p 00000000 00:00 0 
7f7fec021000-7f7ff0000000 ---p 00000000 00:00 0 
7f7ff0000000-7f7ff0021000 rw-p 00000000 00:00 0 
7f7ff0021000-7f7ff4000000 ---p 00000000 00:00 0 
7f7ff42e0000-7f7ffc000000 rw-p 00000000 00:00 0 
7f7ffc000000-7f7ffc021000 rw-p 00000000 00:00 0 
7f7ffc021000-7f8000000000 ---p 00000000 00:00 0 
7f8000000000-7f8000021000 rw-p 00000000 00:00 0 
7f8000021000-7f8004000000 ---p 00000000 00:00 0 
7f8004000000-7f8004021000 rw-p 00000000 00:00 0 
7f8004021000-7f8008000000 ---p 00000000 00:00 0 
7f800be00000-7f800bf40000 rw-p 00000000 00:00 0 
7f800bf40000-7f800c000000 ---p 00000000 00:00 0 
7f800c000000-7f800c021000 rw-p 00000000 00:00 0 
7f800c021000-7f8010000000 ---p 00000000 00:00 0 
7f8010010000-7f8010014000 r-xp 00000000 fe:00 2630949                    /usr/lib/libtxc_dxtn.so
7f8010014000-7f8010213000 ---p 00004000 fe:00 2630949                    /usr/lib/libtxc_dxtn.so
7f8010213000-7f8010214000 r--p 00003000 fe:00 2630949                    /usr/lib/libtxc_dxtn.so
7f8010214000-7f8010215000 rw-p 00004000 fe:00 2630949                    /usr/lib/libtxc_dxtn.so
7f8010215000-7f8010274000 r-xp 00000000 fe:00 2625020                    /usr/lib/libncursesw.so.5.9
7f8010274000-7f8010474000 ---p 0005f000 fe:00 2625020                    /usr/lib/libncursesw.so.5.9
7f8010474000-7f8010478000 r--p 0005f000 fe:00 2625020                    /usr/lib/libncursesw.so.5.9
7f8010478000-7f801047a000 rw-p 00063000 fe:00 2625020                    /usr/lib/libncursesw.so.5.9
7f801047a000-7f80104b0000 r-xp 00000000 fe:00 2655999                    /usr/lib/libedit.so.0.0.52
7f80104b0000-7f80106af000 ---p 00036000 fe:00 2655999                    /usr/lib/libedit.so.0.0.52
7f80106af000-7f80106b1000 r--p 00035000 fe:00 2655999                    /usr/lib/libedit.so.0.0.52
7f80106b1000-7f80106b2000 rw-p 00037000 fe:00 2655999                    /usr/lib/libedit.so.0.0.52
7f80106b2000-7f80106b6000 rw-p 00000000 00:00 0 
7f80106b6000-7f80106be000 r-xp 00000000 fe:00 2632155                    /usr/lib/libffi.so.6.0.4
7f80106be000-7f80108bd000 ---p 00008000 fe:00 2632155                    /usr/lib/libffi.so.6.0.4
7f80108bd000-7f80108be000 r--p 00007000 fe:00 2632155                    /usr/lib/libffi.so.6.0.4
7f80108be000-7f80108bf000 rw-p 00008000 fe:00 2632155                    /usr/lib/libffi.so.6.0.4
7f80108bf000-7f80108d4000 r-xp 00000000 fe:00 2627701                    /usr/lib/libz.so.1.2.8
7f80108d4000-7f8010ad3000 ---p 00015000 fe:00 2627701                    /usr/lib/libz.so.1.2.8
7f8010ad3000-7f8010ad4000 r--p 00014000 fe:00 2627701                    /usr/lib/libz.so.1.2.8
7f8010ad4000-7f8010ad5000 rw-p 00015000 fe:00 2627701                    /usr/lib/libz.so.1.2.8
7f8010ad5000-7f8010add000 r-xp 00000000 fe:00 2645324                    /usr/lib/libpciaccess.so.0.11.1
7f8010add000-7f8010cdd000 ---p 00008000 fe:00 2645324                    /usr/lib/libpciaccess.so.0.11.1
7f8010cdd000-7f8010cde000 r--p 00008000 fe:00 2645324                    /usr/lib/libpciaccess.so.0.11.1
7f8010cde000-7f8010cdf000 rw-p 00009000 fe:00 2645324                    /usr/lib/libpciaccess.so.0.11.1
7f8010cdf000-7f8010cf5000 r-xp 00000000 fe:00 2624967                    /usr/lib/libgcc_s.so.1
7f8010cf5000-7f8010ef4000 ---p 00016000 fe:00 2624967                    /usr/lib/libgcc_s.so.1
7f8010ef4000-7f8010ef5000 rw-p 00015000 fe:00 2624967                    /usr/lib/libgcc_s.so.1
7f8010ef5000-7f8010fe5000 r-xp 00000000 fe:00 2624974                    /usr/lib/libstdc++.so.6.0.20
7f8010fe5000-7f80111e5000 ---p 000f0000 fe:00 2624974                    /usr/lib/libstdc++.so.6.0.20
7f80111e5000-7f80111ed000 r--p 000f0000 fe:00 2624974                    /usr/lib/libstdc++.so.6.0.20
7f80111ed000-7f80111ef000 rw-p 000f8000 fe:00 2624974                    /usr/lib/libstdc++.so.6.0.20
7f80111ef000-7f8011204000 rw-p 00000000 00:00 0 
7f8011204000-7f8012ffe000 r-xp 00000000 fe:00 2689109                    /usr/lib/libLLVM-3.6.so
7f8012ffe000-7f80131fd000 ---p 01dfa000 fe:00 2689109                    /usr/lib/libLLVM-3.6.so
7f80131fd000-7f8013419000 r--p 01df9000 fe:00 2689109                    /usr/lib/libLLVM-3.6.so
7f8013419000-7f8013433000 rw-p 02015000 fe:00 2689109                    /usr/lib/libLLVM-3.6.so
7f8013433000-7f8013449000 rw-p 00000000 00:00 0 
7f8013449000-7f8013bb9000 r-xp 00000000 fe:00 3301865                    /usr/lib/xorg/modules/dri/nouveau_dri.so
7f8013bb9000-7f8013db8000 ---p 00770000 fe:00 3301865                    /usr/lib/xorg/modules/dri/nouveau_dri.so
7f8013db8000-7f8013e0f000 r--p 0076f000 fe:00 3301865                    /usr/lib/xorg/modules/dri/nouveau_dri.so
7f8013e0f000-7f8013e1b000 rw-p 007c6000 fe:00 3301865                    /usr/lib/xorg/modules/dri/nouveau_dri.so
7f8013e1b000-7f8014000000 rw-p 00000000 00:00 0 
7f8014000000-7f8014021000 rw-p 00000000 00:00 0 
7f8014021000-7f8018000000 ---p 00000000 00:00 0 
7f8018000000-7f8018021000 rw-p 00000000 00:00 0 
7f8018021000-7f801c000000 ---p 00000000 00:00 0 
7f801c000000-7f801c021000 rw-p 00000000 00:00 0 
7f801c021000-7f8020000000 ---p 00000000 00:00 0 
7f8020181000-7f8020196000 r-xp 00000000 fe:00 2645555                    /usr/lib/libelf-0.161.so
7f8020196000-7f8020396000 ---p 00015000 fe:00 2645555                    /usr/lib/libelf-0.161.so
7f8020396000-7f8020398000 r--p 00015000 fe:00 2645555                    /usr/lib/libelf-0.161.so
7f8020398000-7f8020399000 rw-p 00017000 fe:00 2645555                    /usr/lib/libelf-0.161.so
7f8020399000-7f80203a5000 r-xp 00000000 fe:00 2645372                    /usr/lib/libdrm_radeon.so.1.0.1
7f80203a5000-7f80205a4000 ---p 0000c000 fe:00 2645372                    /usr/lib/libdrm_radeon.so.1.0.1
7f80205a4000-7f80205a5000 r--p 0000b000 fe:00 2645372                    /usr/lib/libdrm_radeon.so.1.0.1
7f80205a5000-7f80205a6000 rw-p 0000c000 fe:00 2645372                    /usr/lib/libdrm_radeon.so.1.0.1
7f80205a6000-7f80205c7000 r-xp 00000000 fe:00 2645370                    /usr/lib/libdrm_intel.so.1.0.0
7f80205c7000-7f80207c6000 ---p 00021000 fe:00 2645370                    /usr/lib/libdrm_intel.so.1.0.0
7f80207c6000-7f80207c7000 r--p 00020000 fe:00 2645370                    /usr/lib/libdrm_intel.so.1.0.0
7f80207c7000-7f80207c8000 rw-p 00021000 fe:00 2645370                    /usr/lib/libdrm_intel.so.1.0.0
7f80207c8000-7f80207ce000 r-xp 00000000 fe:00 2645371                    /usr/lib/libdrm_nouveau.so.2.0.0
7f80207ce000-7f80209cd000 ---p 00006000 fe:00 2645371                    /usr/lib/libdrm_nouveau.so.2.0.0
7f80209cd000-7f80209ce000 r--p 00005000 fe:00 2645371                    /usr/lib/libdrm_nouveau.so.2.0.0
7f80209ce000-7f80209cf000 rw-p 00006000 fe:00 2645371                    /usr/lib/libdrm_nouveau.so.2.0.0
7f80209cf000-7f80209d2000 ---p 00000000 00:00 0 
7f80209d2000-7f8020ad0000 rw-p 00000000 00:00 0                          [stack:4154]
7f8020ad0000-7f8020ad3000 ---p 00000000 00:00 0 
7f8020ad3000-7f8020bd1000 rw-p 00000000 00:00 0                          [stack:4155]
7f8020bd1000-7f8020bd4000 ---p 00000000 00:00 0 
7f8020bd4000-7f8020cd2000 rw-p 00000000 00:00 0 
7f8020cd2000-7f8020cd6000 r-xp 00000000 fe:00 2631613                    /usr/lib/libattr.so.1.1.0
7f8020cd6000-7f8020ed5000 ---p 00004000 fe:00 2631613                    /usr/lib/libattr.so.1.1.0
7f8020ed5000-7f8020ed6000 r--p 00003000 fe:00 2631613                    /usr/lib/libattr.so.1.1.0
7f8020ed6000-7f8020ed7000 rw-p 00004000 fe:00 2631613                    /usr/lib/libattr.so.1.1.0
7f8020ed7000-7f8020edb000 r-xp 00000000 fe:00 2631742                    /usr/lib/libcap.so.2.24
7f8020edb000-7f80210da000 ---p 00004000 fe:00 2631742                    /usr/lib/libcap.so.2.24
7f80210da000-7f80210db000 rw-p 00003000 fe:00 2631742                    /usr/lib/libcap.so.2.24
7f80210db000-7f80210ef000 r-xp 00000000 fe:00 2624622                    /usr/lib/libresolv-2.21.so
7f80210ef000-7f80212ee000 ---p 00014000 fe:00 2624622                    /usr/lib/libresolv-2.21.so
7f80212ee000-7f80212ef000 r--p 00013000 fe:00 2624622                    /usr/lib/libresolv-2.21.so
7f80212ef000-7f80212f0000 rw-p 00014000 fe:00 2624622                    /usr/lib/libresolv-2.21.so
7f80212f0000-7f80212f2000 rw-p 00000000 00:00 0 
7f80212f2000-7f80212f7000 r-xp 00000000 fe:00 2624684                    /usr/lib/libnss_dns-2.21.so
7f80212f7000-7f80214f6000 ---p 00005000 fe:00 2624684                    /usr/lib/libnss_dns-2.21.so
7f80214f6000-7f80214f7000 r--p 00004000 fe:00 2624684                    /usr/lib/libnss_dns-2.21.so
7f80214f7000-7f80214f8000 rw-p 00005000 fe:00 2624684                    /usr/lib/libnss_dns-2.21.so
7f80214f8000-7f80214fd000 r-xp 00000000 fe:00 2627693                    /usr/lib/libXdmcp.so.6.0.0
7f80214fd000-7f80216fc000 ---p 00005000 fe:00 2627693                    /usr/lib/libXdmcp.so.6.0.0
7f80216fc000-7f80216fd000 r--p 00004000 fe:00 2627693                    /usr/lib/libXdmcp.so.6.0.0
7f80216fd000-7f80216fe000 rw-p 00005000 fe:00 2627693                    /usr/lib/libXdmcp.so.6.0.0
7f80216fe000-7f8021700000 r-xp 00000000 fe:00 2640834                    /usr/lib/libXau.so.6.0.0
7f8021700000-7f8021900000 ---p 00002000 fe:00 2640834                    /usr/lib/libXau.so.6.0.0
7f8021900000-7f8021901000 r--p 00002000 fe:00 2640834                    /usr/lib/libXau.so.6.0.0
7f8021901000-7f8021902000 rw-p 00003000 fe:00 2640834                    /usr/lib/libXau.so.6.0.0
7f8021902000-7f802190b000 r-xp 00000000 fe:00 2645497                    /usr/lib/libXrender.so.1.3.0
7f802190b000-7f8021b0a000 ---p 00009000 fe:00 2645497                    /usr/lib/libXrender.so.1.3.0
7f8021b0a000-7f8021b0b000 r--p 00008000 fe:00 2645497                    /usr/lib/libXrender.so.1.3.0
7f8021b0b000-7f8021b0c000 rw-p 00009000 fe:00 2645497                    /usr/lib/libXrender.so.1.3.0
7f8021b0c000-7f8021b18000 r-xp 00000000 fe:00 2645368                    /usr/lib/libdrm.so.2.4.0
7f8021b18000-7f8021d17000 ---p 0000c000 fe:00 2645368                    /usr/lib/libdrm.so.2.4.0
7f8021d17000-7f8021d18000 r--p 0000b000 fe:00 2645368                    /usr/lib/libdrm.so.2.4.0
7f8021d18000-7f8021d19000 rw-p 0000c000 fe:00 2645368                    /usr/lib/libdrm.so.2.4.0
7f8021d19000-7f8021d1a000 r-xp 00000000 fe:00 2645518                    /usr/lib/libxshmfence.so.1.0.0
7f8021d1a000-7f8021f1a000 ---p 00001000 fe:00 2645518                    /usr/lib/libxshmfence.so.1.0.0
7f8021f1a000-7f8021f1b000 r--p 00001000 fe:00 2645518                    /usr/lib/libxshmfence.so.1.0.0
7f8021f1b000-7f8021f1c000 rw-p 00002000 fe:00 2645518                    /usr/lib/libxshmfence.so.1.0.0
7f8021f1c000-7f8021f21000 r-xp 00000000 fe:00 2643171                    /usr/lib/libxcb-sync.so.1.0.0
7f8021f21000-7f8022121000 ---p 00005000 fe:00 2643171                    /usr/lib/libxcb-sync.so.1.0.0
7f8022121000-7f8022122000 r--p 00005000 fe:00 2643171                    /usr/lib/libxcb-sync.so.1.0.0
7f8022122000-7f8022123000 rw-p 00006000 fe:00 2643171                    /usr/lib/libxcb-sync.so.1.0.0
7f8022123000-7f8022126000 r-xp 00000000 fe:00 2643140                    /usr/lib/libxcb-shape.so.0.0.0
7f8022126000-7f8022325000 ---p 00003000 fe:00 2643140                    /usr/lib/libxcb-shape.so.0.0.0
7f8022325000-7f8022326000 r--p 00002000 fe:00 2643140                    /usr/lib/libxcb-shape.so.0.0.0
7f8022326000-7f8022327000 rw-p 00003000 fe:00 2643140                    /usr/lib/libxcb-shape.so.0.0.0
7f8022327000-7f8022330000 r-xp 00000000 fe:00 2643125                    /usr/lib/libxcb-render.so.0.0.0
7f8022330000-7f802252f000 ---p 00009000 fe:00 2643125                    /usr/lib/libxcb-render.so.0.0.0
7f802252f000-7f8022530000 r--p 00008000 fe:00 2643125                    /usr/lib/libxcb-render.so.0.0.0
7f8022530000-7f8022531000 rw-p 00009000 fe:00 2643125                    /usr/lib/libxcb-render.so.0.0.0
7f8022531000-7f8022537000 r-xp 00000000 fe:00 2643122                    /usr/lib/libxcb-xfixes.so.0.0.0
7f8022537000-7f8022737000 ---p 00006000 fe:00 2643122                    /usr/lib/libxcb-xfixes.so.0.0.0
7f8022737000-7f8022738000 r--p 00006000 fe:00 2643122                    /usr/lib/libxcb-xfixes.so.0.0.0
7f8022738000-7f8022739000 rw-p 00007000 fe:00 2643122                    /usr/lib/libxcb-xfixes.so.0.0.0
7f8022739000-7f8022746000 r-xp 00000000 fe:00 2643179                    /usr/lib/libxcb-randr.so.0.1.0
7f8022746000-7f8022945000 ---p 0000d000 fe:00 2643179                    /usr/lib/libxcb-randr.so.0.1.0
7f8022945000-7f8022946000 r--p 0000c000 fe:00 2643179                    /usr/lib/libxcb-randr.so.0.1.0
7f8022946000-7f8022947000 rw-p 0000d000 fe:00 2643179                    /usr/lib/libxcb-randr.so.0.1.0
7f8022947000-7f8022949000 r-xp 00000000 fe:00 2643158                    /usr/lib/libxcb-present.so.0.0.0
7f8022949000-7f8022b48000 ---p 00002000 fe:00 2643158                    /usr/lib/libxcb-present.so.0.0.0
7f8022b48000-7f8022b49000 r--p 00001000 fe:00 2643158                    /usr/lib/libxcb-present.so.0.0.0
7f8022b49000-7f8022b4a000 rw-p 00002000 fe:00 2643158                    /usr/lib/libxcb-present.so.0.0.0
7f8022b4a000-7f8022b4c000 r-xp 00000000 fe:00 2643130                    /usr/lib/libxcb-dri3.so.0.0.0
7f8022b4c000-7f8022d4b000 ---p 00002000 fe:00 2643130                    /usr/lib/libxcb-dri3.so.0.0.0
7f8022d4b000-7f8022d4c000 r--p 00001000 fe:00 2643130                    /usr/lib/libxcb-dri3.so.0.0.0
7f8022d4c000-7f8022d4d000 rw-p 00002000 fe:00 2643130                    /usr/lib/libxcb-dri3.so.0.0.0
7f8022d4d000-7f8022d51000 r-xp 00000000 fe:00 2643155                    /usr/lib/libxcb-dri2.so.0.0.0
7f8022d51000-7f8022f50000 ---p 00004000 fe:00 2643155                    /usr/lib/libxcb-dri2.so.0.0.0
7f8022f50000-7f8022f51000 r--p 00003000 fe:00 2643155                    /usr/lib/libxcb-dri2.so.0.0.0
7f8022f51000-7f8022f52000 rw-p 00004000 fe:00 2643155                    /usr/lib/libxcb-dri2.so.0.0.0
7f8022f52000-7f8022f69000 r-xp 00000000 fe:00 2643129                    /usr/lib/libxcb-glx.so.0.0.0
7f8022f69000-7f8023169000 ---p 00017000 fe:00 2643129                    /usr/lib/libxcb-glx.so.0.0.0
7f8023169000-7f802316b000 r--p 00017000 fe:00 2643129                    /usr/lib/libxcb-glx.so.0.0.0
7f802316b000-7f802316c000 rw-p 00019000 fe:00 2643129                    /usr/lib/libxcb-glx.so.0.0.0
7f802316c000-7f802316d000 r-xp 00000000 fe:00 2643225                    /usr/lib/libX11-xcb.so.1.0.0
7f802316d000-7f802336c000 ---p 00001000 fe:00 2643225                    /usr/lib/libX11-xcb.so.1.0.0
7f802336c000-7f802336d000 r--p 00000000 fe:00 2643225                    /usr/lib/libX11-xcb.so.1.0.0
7f802336d000-7f802336e000 rw-p 00001000 fe:00 2643225                    /usr/lib/libX11-xcb.so.1.0.0
7f802336e000-7f8023373000 r-xp 00000000 fe:00 2644195                    /usr/lib/libXfixes.so.3.1.0
7f8023373000-7f8023572000 ---p 00005000 fe:00 2644195                    /usr/lib/libXfixes.so.3.1.0
7f8023572000-7f8023573000 r--p 00004000 fe:00 2644195                    /usr/lib/libXfixes.so.3.1.0
7f8023573000-7f8023574000 rw-p 00005000 fe:00 2644195                    /usr/lib/libXfixes.so.3.1.0
7f8023574000-7f8023576000 r-xp 00000000 fe:00 2645591                    /usr/lib/libXdamage.so.1.1.0
7f8023576000-7f8023775000 ---p 00002000 fe:00 2645591                    /usr/lib/libXdamage.so.1.1.0
7f8023775000-7f8023776000 r--p 00001000 fe:00 2645591                    /usr/lib/libXdamage.so.1.1.0
7f8023776000-7f8023777000 rw-p 00002000 fe:00 2645591                    /usr/lib/libXdamage.so.1.1.0
7f8023777000-7f8023788000 r-xp 00000000 fe:00 2644111                    /usr/lib/libXext.so.6.4.0
7f8023788000-7f8023987000 ---p 00011000 fe:00 2644111                    /usr/lib/libXext.so.6.4.0
7f8023987000-7f8023988000 r--p 00010000 fe:00 2644111                    /usr/lib/libXext.so.6.4.0
7f8023988000-7f8023989000 rw-p 00011000 fe:00 2644111                    /usr/lib/libXext.so.6.4.0
7f8023989000-7f80239af000 r-xp 00000000 fe:00 2649644                    /usr/lib/libglapi.so.0.0.0
7f80239af000-7f8023baf000 ---p 00026000 fe:00 2649644                    /usr/lib/libglapi.so.0.0.0
7f8023baf000-7f8023bb2000 r--p 00026000 fe:00 2649644                    /usr/lib/libglapi.so.0.0.0
7f8023bb2000-7f8023bb3000 rw-p 00029000 fe:00 2649644                    /usr/lib/libglapi.so.0.0.0
7f8023bb3000-7f8023bb4000 rw-p 00000000 00:00 0 
7f8023bb4000-7f8023bdb000 r-xp 00000000 fe:00 2631998                    /usr/lib/libexpat.so.1.6.0
7f8023bdb000-7f8023dda000 ---p 00027000 fe:00 2631998                    /usr/lib/libexpat.so.1.6.0
7f8023dda000-7f8023ddd000 r--p 00026000 fe:00 2631998                    /usr/lib/libexpat.so.1.6.0
7f8023ddd000-7f8023dde000 rw-p 00029000 fe:00 2631998                    /usr/lib/libexpat.so.1.6.0
7f8023dde000-7f8023dff000 r-xp 00000000 fe:00 2643143                    /usr/lib/libxcb.so.1.1.0
7f8023dff000-7f8023ffe000 ---p 00021000 fe:00 2643143                    /usr/lib/libxcb.so.1.1.0
7f8023ffe000-7f8023fff000 r--p 00020000 fe:00 2643143                    /usr/lib/libxcb.so.1.1.0
7f8023fff000-7f8024000000 rw-p 00021000 fe:00 2643143                    /usr/lib/libxcb.so.1.1.0
7f8024000000-7f8024021000 rw-p 00000000 00:00 0 
7f8024021000-7f8028000000 ---p 00000000 00:00 0 
7f802807c000-7f802807f000 ---p 00000000 00:00 0 
7f802807f000-7f802817d000 rw-p 00000000 00:00 0                          [stack:4148]
7f802817d000-7f8028189000 r-xp 00000000 fe:00 2633439                    /usr/lib/libnss_myhostname.so.2
7f8028189000-7f802818a000 ---p 0000c000 fe:00 2633439                    /usr/lib/libnss_myhostname.so.2
7f802818a000-7f802818c000 r--p 0000c000 fe:00 2633439                    /usr/lib/libnss_myhostname.so.2
7f802818c000-7f802818d000 rw-p 0000e000 fe:00 2633439                    /usr/lib/libnss_myhostname.so.2
7f802818d000-7f8028197000 r-xp 00000000 fe:00 2645985                    /usr/lib/libXcursor.so.1.0.2
7f8028197000-7f8028396000 ---p 0000a000 fe:00 2645985                    /usr/lib/libXcursor.so.1.0.2
7f8028396000-7f8028397000 r--p 00009000 fe:00 2645985                    /usr/lib/libXcursor.so.1.0.2
7f8028397000-7f8028398000 rw-p 0000a000 fe:00 2645985                    /usr/lib/libXcursor.so.1.0.2
7f8028398000-7f802839a000 r-xp 00000000 fe:00 2645987                    /usr/lib/libXinerama.so.1.0.0
7f802839a000-7f8028599000 ---p 00002000 fe:00 2645987                    /usr/lib/libXinerama.so.1.0.0
7f8028599000-7f802859a000 r--p 00001000 fe:00 2645987                    /usr/lib/libXinerama.so.1.0.0
7f802859a000-7f802859b000 rw-p 00002000 fe:00 2645987                    /usr/lib/libXinerama.so.1.0.0
7f802859b000-7f80285a0000 r-xp 00000000 fe:00 2645576                    /usr/lib/libXxf86vm.so.1.0.0
7f80285a0000-7f802879f000 ---p 00005000 fe:00 2645576                    /usr/lib/libXxf86vm.so.1.0.0
7f802879f000-7f80287a0000 r--p 00004000 fe:00 2645576                    /usr/lib/libXxf86vm.so.1.0.0
7f80287a0000-7f80287a1000 rw-p 00005000 fe:00 2645576                    /usr/lib/libXxf86vm.so.1.0.0
7f80287a1000-7f80287aa000 r-xp 00000000 fe:00 2645997                    /usr/lib/libXrandr.so.2.2.0
7f80287aa000-7f80289a9000 ---p 00009000 fe:00 2645997                    /usr/lib/libXrandr.so.2.2.0
7f80289a9000-7f80289aa000 r--p 00008000 fe:00 2645997                    /usr/lib/libXrandr.so.2.2.0
7f80289aa000-7f80289ab000 rw-p 00009000 fe:00 2645997                    /usr/lib/libXrandr.so.2.2.0
7f80289ab000-7f80289ba000 r-xp 00000000 fe:00 2644191                    /usr/lib/libXi.so.6.1.0
7f80289ba000-7f8028bba000 ---p 0000f000 fe:00 2644191                    /usr/lib/libXi.so.6.1.0
7f8028bba000-7f8028bbb000 r--p 0000f000 fe:00 2644191                    /usr/lib/libXi.so.6.1.0
7f8028bbb000-7f8028bbc000 rw-p 00010000 fe:00 2644191                    /usr/lib/libXi.so.6.1.0
7f8028bbc000-7f8028c54000 r-xp 00000000 fe:00 3297220                    /usr/lib/mesa/libGL.so.1.2.0
7f8028c54000-7f8028e53000 ---p 00098000 fe:00 3297220                    /usr/lib/mesa/libGL.so.1.2.0
7f8028e53000-7f8028e56000 r--p 00097000 fe:00 3297220                    /usr/lib/mesa/libGL.so.1.2.0
7f8028e56000-7f8028e57000 rw-p 0009a000 fe:00 3297220                    /usr/lib/mesa/libGL.so.1.2.0
7f8028e57000-7f8028e58000 rw-p 00000000 00:00 0 
7f8028e58000-7f8028f93000 r-xp 00000000 fe:00 2643224                    /usr/lib/libX11.so.6.3.0
7f8028f93000-7f8029192000 ---p 0013b000 fe:00 2643224                    /usr/lib/libX11.so.6.3.0
7f8029192000-7f8029194000 r--p 0013a000 fe:00 2643224                    /usr/lib/libX11.so.6.3.0
7f8029194000-7f8029199000 rw-p 0013c000 fe:00 2643224                    /usr/lib/libX11.so.6.3.0
7f8029199000-7f802919a000 rw-p 00000000 00:00 0 
7f80291b3000-7f80291bd000 r--s 00116000 fe:00 3949472                    /usr/lib/jvm/java-8-jdk/jre/lib/ext/localedata.jar
7f80291bd000-7f80291d9000 r--s 00393000 fe:00 3949466                    /usr/lib/jvm/java-8-jdk/jre/lib/ext/cldrdata.jar
7f80291d9000-7f80291e9000 r-xp 00000000 fe:00 2655815                    /usr/lib/libudev.so.1.6.2
7f80291e9000-7f80291ea000 r--p 0000f000 fe:00 2655815                    /usr/lib/libudev.so.1.6.2
7f80291ea000-7f80291eb000 rw-p 00010000 fe:00 2655815                    /usr/lib/libudev.so.1.6.2
7f80291eb000-7f80291ef000 r--s 00093000 fe:00 3949442                    /usr/lib/jvm/java-8-jdk/jre/lib/jsse.jar
7f80291ef000-7f8029261000 r-xp 00000000 fe:02 41551762                   /home/beenotung/git/workspace/hkcc-pacman-robot/lib/lwjgl3/native/linux/x64/liblwjgl.so
7f8029261000-7f8029460000 ---p 00072000 fe:02 41551762                   /home/beenotung/git/workspace/hkcc-pacman-robot/lib/lwjgl3/native/linux/x64/liblwjgl.so
7f8029460000-7f8029461000 r--p 00071000 fe:02 41551762                   /home/beenotung/git/workspace/hkcc-pacman-robot/lib/lwjgl3/native/linux/x64/liblwjgl.so
7f8029461000-7f8029462000 rw-p 00072000 fe:02 41551762                   /home/beenotung/git/workspace/hkcc-pacman-robot/lib/lwjgl3/native/linux/x64/liblwjgl.so
7f8029462000-7f8029494000 rw-p 00000000 00:00 0 
7f8029494000-7f80294aa000 r-xp 00000000 fe:00 4072527                    /usr/lib/jvm/java-8-jdk/jre/lib/amd64/libnet.so
7f80294aa000-7f80296aa000 ---p 00016000 fe:00 4072527                    /usr/lib/jvm/java-8-jdk/jre/lib/amd64/libnet.so
7f80296aa000-7f80296ab000 rw-p 00016000 fe:00 4072527                    /usr/lib/jvm/java-8-jdk/jre/lib/amd64/libnet.so
7f80296ab000-7f80296ae000 ---p 00000000 00:00 0 
7f80296ae000-7f80297ac000 rw-p 00000000 00:00 0                          [stack:4138]
7f80297ac000-7f80297ae000 r--s 00016000 fe:00 3939981                    /usr/share/intellijidea-ce/lib/idea_rt.jar
7f80297ae000-7f80297b1000 r--s 00011000 fe:02 41551757                   /home/beenotung/git/workspace/hkcc-pacman-robot/lib/lwjgl3/jar/disruptor.jar
7f80297b1000-7f80297c0000 r--s 0012b000 fe:02 41551758                   /home/beenotung/git/workspace/hkcc-pacman-robot/lib/lwjgl3/jar/lwjgl.jar
7f80297c0000-7f8029868000 r--s 0090a000 fe:02 41551950                   /home/beenotung/git/workspace/hkcc-pacman-robot/lib/NeuroEvolution/NeuroEvolution.jar
7f8029868000-7f80298ec000 r--s 00826000 fe:02 41682275                   /home/beenotung/git/workspace/hkcc-pacman-robot/lib/myutils/myutils.jar
7f80298ec000-7f80298ee000 r--s 0000f000 fe:02 41681194                   /home/beenotung/git/workspace/hkcc-pacman-robot/lib/pi4j/pi4j-gpio-extension-sources.jar
7f80298ee000-7f80298f1000 r--s 00032000 fe:02 41681193                   /home/beenotung/git/workspace/hkcc-pacman-robot/lib/pi4j/pi4j-gpio-extension-javadoc.jar
7f80298f1000-7f80298f3000 r--s 00003000 fe:02 41681197                   /home/beenotung/git/workspace/hkcc-pacman-robot/lib/pi4j/pi4j-service-sources.jar
7f80298f3000-7f80298f5000 r--s 00012000 fe:02 41681196                   /home/beenotung/git/workspace/hkcc-pacman-robot/lib/pi4j/pi4j-service-javadoc.jar
7f80298f5000-7f80298f7000 r--s 00013000 fe:02 41681191                   /home/beenotung/git/workspace/hkcc-pacman-robot/lib/pi4j/pi4j-example-sources.jar
7f80298f7000-7f80298fa000 r--s 00031000 fe:02 41681190                   /home/beenotung/git/workspace/hkcc-pacman-robot/lib/pi4j/pi4j-example-javadoc.jar
7f80298fa000-7f80298fc000 r--s 00011000 fe:02 41681195                   /home/beenotung/git/workspace/hkcc-pacman-robot/lib/pi4j/pi4j-gpio-extension.jar
7f80298fc000-7f8029902000 r--s 00033000 fe:02 41681186                   /home/beenotung/git/workspace/hkcc-pacman-robot/lib/pi4j/pi4j-device-sources.jar
7f8029902000-7f8029912000 r--s 00124000 fe:02 41681185                   /home/beenotung/git/workspace/hkcc-pacman-robot/lib/pi4j/pi4j-device-javadoc.jar
7f8029912000-7f8029917000 r--s 00038000 fe:02 41681183                   /home/beenotung/git/workspace/hkcc-pacman-robot/lib/pi4j/pi4j-core-sources.jar
7f8029917000-7f8029921000 r--s 000d6000 fe:02 41681182                   /home/beenotung/git/workspace/hkcc-pacman-robot/lib/pi4j/pi4j-core-javadoc.jar
7f8029921000-7f8029923000 r--s 00003000 fe:02 41681198                   /home/beenotung/git/workspace/hkcc-pacman-robot/lib/pi4j/pi4j-service.jar
7f8029923000-7f8029926000 r--s 00018000 fe:02 41681192                   /home/beenotung/git/workspace/hkcc-pacman-robot/lib/pi4j/pi4j-example.jar
7f8029926000-7f802992d000 r--s 0002c000 fe:02 41681189                   /home/beenotung/git/workspace/hkcc-pacman-robot/lib/pi4j/pi4j-device.jar
7f802992d000-7f8029932000 r--s 0002f000 fe:02 41681184                   /home/beenotung/git/workspace/hkcc-pacman-robot/lib/pi4j/pi4j-core.jar
7f8029932000-7f8029938000 r--s 00036000 fe:02 41681180                   /home/beenotung/git/workspace/hkcc-pacman-robot/lib/pi4j/junit.jar
7f8029938000-7f8029991000 r--s 004f6000 fe:02 41812706                   /home/beenotung/.ivy2/cache/org.scala-lang/scala-library/jars/scala-library-2.11.6.jar
7f8029991000-7f8029996000 r--s 00084000 fe:00 3949445                    /usr/lib/jvm/java-8-jdk/jre/lib/jfr.jar
7f8029996000-7f80299a9000 r--s 000d5000 fe:00 3949455                    /usr/lib/jvm/java-8-jdk/jre/lib/plugin.jar
7f80299a9000-7f80299bc000 r--s 00344000 fe:00 3949438                    /usr/lib/jvm/java-8-jdk/jre/lib/resources.jar
7f80299bc000-7f80299d5000 r--s 001ea000 fe:00 3949441                    /usr/lib/jvm/java-8-jdk/jre/lib/deploy.jar
7f80299d5000-7f80299d6000 ---p 00000000 00:00 0 
7f80299d6000-7f8029ad6000 rw-p 00000000 00:00 0                          [stack:4134]
7f8029ad6000-7f8029ad9000 ---p 00000000 00:00 0 
7f8029ad9000-7f8029bd7000 rw-p 00000000 00:00 0                          [stack:4133]
7f8029bd7000-7f8029bda000 ---p 00000000 00:00 0 
7f8029bda000-7f8029cd8000 rw-p 00000000 00:00 0                          [stack:4132]
7f8029cd8000-7f8029cdb000 ---p 00000000 00:00 0 
7f8029cdb000-7f8029dd9000 rw-p 00000000 00:00 0                          [stack:4131]
7f8029dd9000-7f8029ddc000 ---p 00000000 00:00 0 
7f8029ddc000-7f8029eda000 rw-p 00000000 00:00 0                          [stack:4130]
7f8029eda000-7f8029edd000 ---p 00000000 00:00 0 
7f8029edd000-7f8029fdb000 rw-p 00000000 00:00 0                          [stack:4129]
7f8029fdb000-7f8029fde000 ---p 00000000 00:00 0 
7f8029fde000-7f802a0dc000 rw-p 00000000 00:00 0                          [stack:4128]
7f802a0dc000-7f802a2a1000 r--p 00000000 fe:00 2655801                    /usr/lib/locale/locale-archive
7f802a2a1000-7f802a2a4000 ---p 00000000 00:00 0 
7f802a2a4000-7f802a3a2000 rw-p 00000000 00:00 0                          [stack:4118]
7f802a3a2000-7f802a3a5000 ---p 00000000 00:00 0 
7f802a3a5000-7f802a4a3000 rw-p 00000000 00:00 0                          [stack:4117]
7f802a4a3000-7f802a4a4000 ---p 00000000 00:00 0 
7f802a4a4000-7f802c000000 rw-p 00000000 00:00 0                          [stack:4115]
7f802c000000-7f802c021000 rw-p 00000000 00:00 0 
7f802c021000-7f8030000000 ---p 00000000 00:00 0 
7f8030000000-7f8030001000 rwxp 00000000 00:00 0 
7f8030001000-7f8030003000 r--s 0001a000 fe:00 3949452                    /usr/lib/jvm/java-8-jdk/jre/lib/jce.jar
7f8030003000-7f803000d000 r--s 00069000 fe:00 3949459                    /usr/lib/jvm/java-8-jdk/jre/lib/javaws.jar
7f803000d000-7f8031000000 rw-p 00000000 00:00 0 
7f8031000000-7f80312a0000 rwxp 00000000 00:00 0 
7f80312a0000-7f8040000000 ---p 00000000 00:00 0 
7f8040000000-7f8040554000 rw-p 00000000 00:00 0 
7f8040554000-7f8044000000 ---p 00000000 00:00 0 
7f8044000000-7f8044004000 r--s 00093000 fe:00 3949442                    /usr/lib/jvm/java-8-jdk/jre/lib/jsse.jar
7f8044004000-7f8044006000 r--s 00007000 fe:00 3949435                    /usr/lib/jvm/java-8-jdk/jre/lib/jfxswt.jar
7f8044006000-7f80441ac000 rw-p 00000000 00:00 0 
7f80441ac000-7f8044382000 r--s 03caa000 fe:00 3949446                    /usr/lib/jvm/java-8-jdk/jre/lib/rt.jar
7f8044382000-7f8044453000 rw-p 00000000 00:00 0 
7f8044453000-7f8044454000 ---p 00000000 00:00 0 
7f8044454000-7f8044554000 rw-p 00000000 00:00 0                          [stack:4106]
7f8044554000-7f8044555000 ---p 00000000 00:00 0 
7f8044555000-7f8044655000 rw-p 00000000 00:00 0                          [stack:4105]
7f8044655000-7f8044656000 ---p 00000000 00:00 0 
7f8044656000-7f8044756000 rw-p 00000000 00:00 0                          [stack:4104]
7f8044756000-7f8044757000 ---p 00000000 00:00 0 
7f8044757000-7f8044857000 rw-p 00000000 00:00 0                          [stack:4103]
7f8044857000-7f8044858000 ---p 00000000 00:00 0 
7f8044858000-7f8044958000 rw-p 00000000 00:00 0                          [stack:4102]
7f8044958000-7f8044959000 ---p 00000000 00:00 0 
7f8044959000-7f8044a59000 rw-p 00000000 00:00 0                          [stack:4101]
7f8044a59000-7f8044a5a000 ---p 00000000 00:00 0 
7f8044a5a000-7f8044b5a000 rw-p 00000000 00:00 0                          [stack:4100]
7f8044b5a000-7f8044b5b000 ---p 00000000 00:00 0 
7f8044b5b000-7f8044caf000 rw-p 00000000 00:00 0                          [stack:4099]
7f8044caf000-7f8045192000 ---p 00000000 00:00 0 
7f8045192000-7f80451e6000 rw-p 00000000 00:00 0 
7f80451e6000-7f80456c8000 ---p 00000000 00:00 0 
7f80456c8000-7f80456f3000 rw-p 00000000 00:00 0 
7f80456f3000-7f8045964000 ---p 00000000 00:00 0 
7f8045964000-7f8045970000 rw-p 00000000 00:00 0 
7f8045970000-7f8045d25000 ---p 00000000 00:00 0 
7f8045d25000-7f8045d3f000 r-xp 00000000 fe:00 4072537                    /usr/lib/jvm/java-8-jdk/jre/lib/amd64/libzip.so
7f8045d3f000-7f8045f3f000 ---p 0001a000 fe:00 4072537                    /usr/lib/jvm/java-8-jdk/jre/lib/amd64/libzip.so
7f8045f3f000-7f8045f40000 rw-p 0001a000 fe:00 4072537                    /usr/lib/jvm/java-8-jdk/jre/lib/amd64/libzip.so
7f8045f40000-7f8045f4b000 r-xp 00000000 fe:00 2624626                    /usr/lib/libnss_files-2.21.so
7f8045f4b000-7f804614b000 ---p 0000b000 fe:00 2624626                    /usr/lib/libnss_files-2.21.so
7f804614b000-7f804614c000 r--p 0000b000 fe:00 2624626                    /usr/lib/libnss_files-2.21.so
7f804614c000-7f804614d000 rw-p 0000c000 fe:00 2624626                    /usr/lib/libnss_files-2.21.so
7f804614d000-7f8046177000 r-xp 00000000 fe:00 4072557                    /usr/lib/jvm/java-8-jdk/jre/lib/amd64/libjava.so
7f8046177000-7f8046377000 ---p 0002a000 fe:00 4072557                    /usr/lib/jvm/java-8-jdk/jre/lib/amd64/libjava.so
7f8046377000-7f8046379000 rw-p 0002a000 fe:00 4072557                    /usr/lib/jvm/java-8-jdk/jre/lib/amd64/libjava.so
7f8046379000-7f8046386000 r-xp 00000000 fe:00 4072544                    /usr/lib/jvm/java-8-jdk/jre/lib/amd64/libverify.so
7f8046386000-7f8046586000 ---p 0000d000 fe:00 4072544                    /usr/lib/jvm/java-8-jdk/jre/lib/amd64/libverify.so
7f8046586000-7f8046588000 rw-p 0000d000 fe:00 4072544                    /usr/lib/jvm/java-8-jdk/jre/lib/amd64/libverify.so
7f8046588000-7f804658f000 r-xp 00000000 fe:00 2624673                    /usr/lib/librt-2.21.so
7f804658f000-7f804678e000 ---p 00007000 fe:00 2624673                    /usr/lib/librt-2.21.so
7f804678e000-7f804678f000 r--p 00006000 fe:00 2624673                    /usr/lib/librt-2.21.so
7f804678f000-7f8046790000 rw-p 00007000 fe:00 2624673                    /usr/lib/librt-2.21.so
7f8046790000-7f8046893000 r-xp 00000000 fe:00 2624701                    /usr/lib/libm-2.21.so
7f8046893000-7f8046a93000 ---p 00103000 fe:00 2624701                    /usr/lib/libm-2.21.so
7f8046a93000-7f8046a94000 r--p 00103000 fe:00 2624701                    /usr/lib/libm-2.21.so
7f8046a94000-7f8046a95000 rw-p 00104000 fe:00 2624701                    /usr/lib/libm-2.21.so
7f8046a95000-7f8047702000 r-xp 00000000 fe:00 4460819                    /usr/lib/jvm/java-8-jdk/jre/lib/amd64/server/libjvm.so
7f8047702000-7f8047901000 ---p 00c6d000 fe:00 4460819                    /usr/lib/jvm/java-8-jdk/jre/lib/amd64/server/libjvm.so
7f8047901000-7f80479d7000 rw-p 00c6c000 fe:00 4460819                    /usr/lib/jvm/java-8-jdk/jre/lib/amd64/server/libjvm.so
7f80479d7000-7f8047a1a000 rw-p 00000000 00:00 0 
7f8047a1a000-7f8047bb3000 r-xp 00000000 fe:00 2624641                    /usr/lib/libc-2.21.so
7f8047bb3000-7f8047db3000 ---p 00199000 fe:00 2624641                    /usr/lib/libc-2.21.so
7f8047db3000-7f8047db7000 r--p 00199000 fe:00 2624641                    /usr/lib/libc-2.21.so
7f8047db7000-7f8047db9000 rw-p 0019d000 fe:00 2624641                    /usr/lib/libc-2.21.so
7f8047db9000-7f8047dbd000 rw-p 00000000 00:00 0 
7f8047dbd000-7f8047dbf000 r-xp 00000000 fe:00 2624682                    /usr/lib/libdl-2.21.so
7f8047dbf000-7f8047fbf000 ---p 00002000 fe:00 2624682                    /usr/lib/libdl-2.21.so
7f8047fbf000-7f8047fc0000 r--p 00002000 fe:00 2624682                    /usr/lib/libdl-2.21.so
7f8047fc0000-7f8047fc1000 rw-p 00003000 fe:00 2624682                    /usr/lib/libdl-2.21.so
7f8047fc1000-7f8047fd6000 r-xp 00000000 fe:00 4460811                    /usr/lib/jvm/java-8-jdk/jre/lib/amd64/jli/libjli.so
7f8047fd6000-7f80481d5000 ---p 00015000 fe:00 4460811                    /usr/lib/jvm/java-8-jdk/jre/lib/amd64/jli/libjli.so
7f80481d5000-7f80481d6000 rw-p 00014000 fe:00 4460811                    /usr/lib/jvm/java-8-jdk/jre/lib/amd64/jli/libjli.so
7f80481d6000-7f80481ee000 r-xp 00000000 fe:00 2624671                    /usr/lib/libpthread-2.21.so
7f80481ee000-7f80483ed000 ---p 00018000 fe:00 2624671                    /usr/lib/libpthread-2.21.so
7f80483ed000-7f80483ee000 r--p 00017000 fe:00 2624671                    /usr/lib/libpthread-2.21.so
7f80483ee000-7f80483ef000 rw-p 00018000 fe:00 2624671                    /usr/lib/libpthread-2.21.so
7f80483ef000-7f80483f3000 rw-p 00000000 00:00 0 
7f80483f3000-7f8048415000 r-xp 00000000 fe:00 2624696                    /usr/lib/ld-2.21.so
7f8048416000-7f804841b000 r--s 002f8000 fe:00 3949453                    /usr/lib/jvm/java-8-jdk/jre/lib/charsets.jar
7f804841b000-7f80484b9000 rw-p 00000000 00:00 0 
7f80484b9000-7f80484bc000 ---p 00000000 00:00 0 
7f80484bc000-7f80485be000 rw-p 00000000 00:00 0                          [stack:4097]
7f80485be000-7f80485bf000 rwxp 00000000 00:00 0 
7f80485bf000-7f80485c0000 r--s 00000000 fe:00 3949449                    /usr/lib/jvm/java-8-jdk/jre/lib/management-agent.jar
7f80485c0000-7f8048609000 rw-p 00000000 00:00 0 
7f8048609000-7f8048611000 rw-s 00000000 00:1f 111054                     /tmp/hsperfdata_beenotung/4095
7f8048611000-7f8048612000 rw-p 00000000 00:00 0 
7f8048612000-7f8048613000 r--p 00000000 00:00 0 
7f8048613000-7f8048614000 rw-p 00000000 00:00 0 
7f8048614000-7f8048615000 r--p 00021000 fe:00 2624696                    /usr/lib/ld-2.21.so
7f8048615000-7f8048616000 rw-p 00022000 fe:00 2624696                    /usr/lib/ld-2.21.so
7f8048616000-7f8048617000 rw-p 00000000 00:00 0 
7ffdeabda000-7ffdeabfc000 rw-p 00000000 00:00 0                          [stack]
7ffdeabfc000-7ffdeabfe000 r--p 00000000 00:00 0                          [vvar]
7ffdeabfe000-7ffdeac00000 r-xp 00000000 00:00 0                          [vdso]
ffffffffff600000-ffffffffff601000 r-xp 00000000 00:00 0                  [vsyscall]

VM Arguments:
jvm_args: -Djava.library.path=/home/beenotung/git/workspace/hkcc-pacman-robot/lib/lwjgl3/native/linux/x64:/home/beenotung/git/workspace/hkcc-pacman-robot/lib/lwjgl3/native/linux/x86:/home/beenotung/git/workspace/hkcc-pacman-robot/lib/lwjgl3/native/macosx/x64:/home/beenotung/git/workspace/hkcc-pacman-robot/lib/lwjgl3/native/windows/x64:/home/beenotung/git/workspace/hkcc-pacman-robot/lib/lwjgl3/native/windows/x86 -Didea.launcher.port=7537 -Didea.launcher.bin.path=/usr/share/intellijidea-ce/bin -Dfile.encoding=UTF-8 
java_command: com.intellij.rt.execution.application.AppMain edu.hkcc.pacmanrobot.launcher.MiniMapLauncher
java_class_path (initial): /usr/lib/jvm/default/jre/lib/management-agent.jar:/usr/lib/jvm/default/jre/lib/rt.jar:/usr/lib/jvm/default/jre/lib/charsets.jar:/usr/lib/jvm/default/jre/lib/jfxswt.jar:/usr/lib/jvm/default/jre/lib/javaws.jar:/usr/lib/jvm/default/jre/lib/deploy.jar:/usr/lib/jvm/default/jre/lib/resources.jar:/usr/lib/jvm/default/jre/lib/plugin.jar:/usr/lib/jvm/default/jre/lib/jfr.jar:/usr/lib/jvm/default/jre/lib/jsse.jar:/usr/lib/jvm/default/jre/lib/jce.jar:/usr/lib/jvm/default/jre/lib/ext/jfxrt.jar:/usr/lib/jvm/default/jre/lib/ext/sunpkcs11.jar:/usr/lib/jvm/default/jre/lib/ext/nashorn.jar:/usr/lib/jvm/default/jre/lib/ext/sunjce_provider.jar:/usr/lib/jvm/default/jre/lib/ext/cldrdata.jar:/usr/lib/jvm/default/jre/lib/ext/sunec.jar:/usr/lib/jvm/default/jre/lib/ext/dnsns.jar:/usr/lib/jvm/default/jre/lib/ext/localedata.jar:/usr/lib/jvm/default/jre/lib/ext/zipfs.jar:/home/beenotung/git/workspace/hkcc-pacman-robot/target/scala-2.11/classes:/home/beenotung/.ivy2/cache/org.scala-lang/scala-library/jars/scala-library-2.11.6.jar:/home/beenotung/git/workspace/hkcc-pacman-robot/lib/pi4j/junit.jar:/home/beenotung/git/workspace/hkcc-pacman-robot/lib/pi4j/pi4j-core.jar:/home/beenotung/git/workspace/hkcc-pacman-robot/lib/pi4j/pi4j-device.jar:/home/beenotung/git/workspace/hkcc-pacman-robot/lib/pi4j/pi4j-example.jar:/home/beenotung/git/workspace/hkcc-pacman-robot/lib/pi4j/pi4j-service.jar:/home/beenotung/git/workspace/hkcc-pacman-robot/lib/pi4j/pi4j-core-javadoc.jar:/home/beenotung/git/workspace/hkcc-pacman-robot/lib/pi4j/pi4j-core-sources.jar:/home/beenotung/git/workspace/hkcc-pacman-robot/lib/pi4j/pi4j-device-javadoc.jar:/home/beenotung/git/workspace/hkcc-pacman-robot/lib/pi4j/pi4j-device-sources.jar:/home/beenotung/git/workspace/hkcc-pacman-robot/lib/pi4j/pi4j-gpio-extension.jar:/home/beenotung/git/workspace/hkcc-pacman-robot/lib/pi4j/pi4j-example-javadoc.jar:/home/beenotung/git/workspace/hkcc-pacman-robot/lib/pi4j/pi4j-example-sources.jar:/home/beenotung/git/workspace/hk
Launcher Type: SUN_STANDARD

Environment Variables:
PATH=/usr/games:/home/beenotung/bin:/usr/local/sbin:/usr/local/bin:/usr/bin:/opt/android-sdk/tools:/usr/lib/jvm/default/bin:/usr/bin/site_perl:/usr/bin/vendor_perl:/usr/bin/core_perl
USERNAME=beenotung
LD_LIBRARY_PATH=.:
SHELL=/bin/bash
DISPLAY=:1

Signal Handlers:
SIGSEGV: [libjvm.so+0xa79a80], sa_mask[0]=11111111011111111101111111111110, sa_flags=SA_RESTART|SA_SIGINFO
SIGBUS: [libjvm.so+0xa79a80], sa_mask[0]=11111111011111111101111111111110, sa_flags=SA_RESTART|SA_SIGINFO
SIGFPE: [libjvm.so+0x8e24e0], sa_mask[0]=11111111011111111101111111111110, sa_flags=SA_RESTART|SA_SIGINFO
SIGPIPE: [libjvm.so+0x8e24e0], sa_mask[0]=11111111011111111101111111111110, sa_flags=SA_RESTART|SA_SIGINFO
SIGXFSZ: [libjvm.so+0x8e24e0], sa_mask[0]=11111111011111111101111111111110, sa_flags=SA_RESTART|SA_SIGINFO
SIGILL: [libjvm.so+0x8e24e0], sa_mask[0]=11111111011111111101111111111110, sa_flags=SA_RESTART|SA_SIGINFO
SIGUSR1: SIG_DFL, sa_mask[0]=00000000000000000000000000000000, sa_flags=none
SIGUSR2: [libjvm.so+0x8e3d10], sa_mask[0]=00100000000000000000000000000000, sa_flags=SA_RESTART|SA_SIGINFO
SIGHUP: [libjvm.so+0x8e50d0], sa_mask[0]=11111111011111111101111111111110, sa_flags=SA_RESTART|SA_SIGINFO
SIGINT: [libjvm.so+0x8e50d0], sa_mask[0]=11111111011111111101111111111110, sa_flags=SA_RESTART|SA_SIGINFO
SIGTERM: [libjvm.so+0x8e50d0], sa_mask[0]=11111111011111111101111111111110, sa_flags=SA_RESTART|SA_SIGINFO
SIGQUIT: [libjvm.so+0x8e50d0], sa_mask[0]=11111111011111111101111111111110, sa_flags=SA_RESTART|SA_SIGINFO


---------------  S Y S T E M  ---------------

OS:LSB_VERSION=1.4
DISTRIB_ID=Arch
DISTRIB_RELEASE=rolling
DISTRIB_DESCRIPTION="Arch Linux"

uname:Linux 3.19.3-3-ARCH #1 SMP PREEMPT Wed Apr 8 14:10:00 CEST 2015 x86_64
libc:glibc 2.21 NPTL 2.21 
rlimit: STACK 8192k, CORE 0k, NPROC 64015, NOFILE 4096, AS infinity
load average:0.44 0.62 0.75

/proc/meminfo:
MemTotal:       16398448 kB
MemFree:        11865944 kB
MemAvailable:   13176400 kB
Buffers:          146592 kB
Cached:          1279816 kB
SwapCached:            0 kB
Active:          3442580 kB
Inactive:         724260 kB
Active(anon):    2742404 kB
Inactive(anon):    13972 kB
Active(file):     700176 kB
Inactive(file):   710288 kB
Unevictable:         700 kB
Mlocked:             700 kB
SwapTotal:             0 kB
SwapFree:              0 kB
Dirty:             14664 kB
Writeback:             0 kB
AnonPages:       2741444 kB
Mapped:           379808 kB
Shmem:             15944 kB
Slab:             183332 kB
SReclaimable:     137852 kB
SUnreclaim:        45480 kB
KernelStack:       13840 kB
PageTables:        61380 kB
NFS_Unstable:          0 kB
Bounce:                0 kB
WritebackTmp:          0 kB
CommitLimit:     8199224 kB
Committed_AS:    8669484 kB
VmallocTotal:   34359738367 kB
VmallocUsed:      155880 kB
VmallocChunk:   34359577232 kB
HardwareCorrupted:     0 kB
AnonHugePages:   1169408 kB
HugePages_Total:       0
HugePages_Free:        0
HugePages_Rsvd:        0
HugePages_Surp:        0
Hugepagesize:       2048 kB
DirectMap4k:      181820 kB
DirectMap2M:    16556032 kB


CPU:total 8 (4 cores per cpu, 2 threads per core) family 6 model 58 stepping 9, cmov, cx8, fxsr, mmx, sse, sse2, sse3, ssse3, sse4.1, sse4.2, popcnt, avx, aes, clmul, erms, ht, tsc, tscinvbit, tscinv

/proc/cpuinfo:
processor	: 0
vendor_id	: GenuineIntel
cpu family	: 6
model		: 58
model name	: Intel(R) Xeon(R) CPU E3-1230 V2 @ 3.30GHz
stepping	: 9
microcode	: 0x12
cpu MHz		: 3618.011
cache size	: 8192 KB
physical id	: 0
siblings	: 8
core id		: 0
cpu cores	: 4
apicid		: 0
initial apicid	: 0
fpu		: yes
fpu_exception	: yes
cpuid level	: 13
wp		: yes
flags		: fpu vme de pse tsc msr pae mce cx8 apic sep mtrr pge mca cmov pat pse36 clflush dts acpi mmx fxsr sse sse2 ss ht tm pbe syscall nx rdtscp lm constant_tsc arch_perfmon pebs bts rep_good nopl xtopology nonstop_tsc aperfmperf eagerfpu pni pclmulqdq dtes64 monitor ds_cpl vmx smx est tm2 ssse3 cx16 xtpr pdcm pcid sse4_1 sse4_2 x2apic popcnt tsc_deadline_timer aes xsave avx f16c rdrand lahf_lm ida arat epb pln pts dtherm tpr_shadow vnmi flexpriority ept vpid fsgsbase smep erms xsaveopt
bugs		:
bogomips	: 6587.15
clflush size	: 64
cache_alignment	: 64
address sizes	: 36 bits physical, 48 bits virtual
power management:

processor	: 1
vendor_id	: GenuineIntel
cpu family	: 6
model		: 58
model name	: Intel(R) Xeon(R) CPU E3-1230 V2 @ 3.30GHz
stepping	: 9
microcode	: 0x12
cpu MHz		: 3598.804
cache size	: 8192 KB
physical id	: 0
siblings	: 8
core id		: 1
cpu cores	: 4
apicid		: 2
initial apicid	: 2
fpu		: yes
fpu_exception	: yes
cpuid level	: 13
wp		: yes
flags		: fpu vme de pse tsc msr pae mce cx8 apic sep mtrr pge mca cmov pat pse36 clflush dts acpi mmx fxsr sse sse2 ss ht tm pbe syscall nx rdtscp lm constant_tsc arch_perfmon pebs bts rep_good nopl xtopology nonstop_tsc aperfmperf eagerfpu pni pclmulqdq dtes64 monitor ds_cpl vmx smx est tm2 ssse3 cx16 xtpr pdcm pcid sse4_1 sse4_2 x2apic popcnt tsc_deadline_timer aes xsave avx f16c rdrand lahf_lm ida arat epb pln pts dtherm tpr_shadow vnmi flexpriority ept vpid fsgsbase smep erms xsaveopt
bugs		:
bogomips	: 6587.15
clflush size	: 64
cache_alignment	: 64
address sizes	: 36 bits physical, 48 bits virtual
power management:

processor	: 2
vendor_id	: GenuineIntel
cpu family	: 6
model		: 58
model name	: Intel(R) Xeon(R) CPU E3-1230 V2 @ 3.30GHz
stepping	: 9
microcode	: 0x12
cpu MHz		: 3615.949
cache size	: 8192 KB
physical id	: 0
siblings	: 8
core id		: 2
cpu cores	: 4
apicid		: 4
initial apicid	: 4
fpu		: yes
fpu_exception	: yes
cpuid level	: 13
wp		: yes
flags		: fpu vme de pse tsc msr pae mce cx8 apic sep mtrr pge mca cmov pat pse36 clflush dts acpi mmx fxsr sse sse2 ss ht tm pbe syscall nx rdtscp lm constant_tsc arch_perfmon pebs bts rep_good nopl xtopology nonstop_tsc aperfmperf eagerfpu pni pclmulqdq dtes64 monitor ds_cpl vmx smx est tm2 ssse3 cx16 xtpr pdcm pcid sse4_1 sse4_2 x2apic popcnt tsc_deadline_timer aes xsave avx f16c rdrand lahf_lm ida arat epb pln pts dtherm tpr_shadow vnmi flexpriority ept vpid fsgsbase smep erms xsaveopt
bugs		:
bogomips	: 6587.15
clflush size	: 64
cache_alignment	: 64
address sizes	: 36 bits physical, 48 bits virtual
power management:

processor	: 3
vendor_id	: GenuineIntel
cpu family	: 6
model		: 58
model name	: Intel(R) Xeon(R) CPU E3-1230 V2 @ 3.30GHz
stepping	: 9
microcode	: 0x12
cpu MHz		: 3657.843
cache size	: 8192 KB
physical id	: 0
siblings	: 8
core id		: 3
cpu cores	: 4
apicid		: 6
initial apicid	: 6
fpu		: yes
fpu_exception	: yes
cpuid level	: 13
wp		: yes
flags		: fpu vme de pse tsc msr pae mce cx8 apic sep mtrr pge mca cmov pat pse36 clflush dts acpi mmx fxsr sse sse2 ss ht tm pbe syscall nx rdtscp lm constant_tsc arch_perfmon pebs bts rep_good nopl xtopology nonstop_tsc aperfmperf eagerfpu pni pclmulqdq dtes64 monitor ds_cpl vmx smx est tm2 ssse3 cx16 xtpr pdcm pcid sse4_1 sse4_2 x2apic popcnt tsc_deadline_timer aes xsave avx f16c rdrand lahf_lm ida arat epb pln pts dtherm tpr_shadow vnmi flexpriority ept vpid fsgsbase smep erms xsaveopt
bugs		:
bogomips	: 6587.15
clflush size	: 64
cache_alignment	: 64
address sizes	: 36 bits physical, 48 bits virtual
power management:

processor	: 4
vendor_id	: GenuineIntel
cpu family	: 6
model		: 58
model name	: Intel(R) Xeon(R) CPU E3-1230 V2 @ 3.30GHz
stepping	: 9
microcode	: 0x12
cpu MHz		: 3560.003
cache size	: 8192 KB
physical id	: 0
siblings	: 8
core id		: 0
cpu cores	: 4
apicid		: 1
initial apicid	: 1
fpu		: yes
fpu_exception	: yes
cpuid level	: 13
wp		: yes
flags		: fpu vme de pse tsc msr pae mce cx8 apic sep mtrr pge mca cmov pat pse36 clflush dts acpi mmx fxsr sse sse2 ss ht tm pbe syscall nx rdtscp lm constant_tsc arch_perfmon pebs bts rep_good nopl xtopology nonstop_tsc aperfmperf eagerfpu pni pclmulqdq dtes64 monitor ds_cpl vmx smx est tm2 ssse3 cx16 xtpr pdcm pcid sse4_1 sse4_2 x2apic popcnt tsc_deadline_timer aes xsave avx f16c rdrand lahf_lm ida arat epb pln pts dtherm tpr_shadow vnmi flexpriority ept vpid fsgsbase smep erms xsaveopt
bugs		:
bogomips	: 6587.15
clflush size	: 64
cache_alignment	: 64
address sizes	: 36 bits physical, 48 bits virtual
power management:

processor	: 5
vendor_id	: GenuineIntel
cpu family	: 6
model		: 58
model name	: Intel(R) Xeon(R) CPU E3-1230 V2 @ 3.30GHz
stepping	: 9
microcode	: 0x12
cpu MHz		: 3555.878
cache size	: 8192 KB
physical id	: 0
siblings	: 8
core id		: 1
cpu cores	: 4
apicid		: 3
initial apicid	: 3
fpu		: yes
fpu_exception	: yes
cpuid level	: 13
wp		: yes
flags		: fpu vme de pse tsc msr pae mce cx8 apic sep mtrr pge mca cmov pat pse36 clflush dts acpi mmx fxsr sse sse2 ss ht tm pbe syscall nx rdtscp lm constant_tsc arch_perfmon pebs bts rep_good nopl xtopology nonstop_tsc aperfmperf eagerfpu pni pclmulqdq dtes64 monitor ds_cpl vmx smx est tm2 ssse3 cx16 xtpr pdcm pcid sse4_1 sse4_2 x2apic popcnt tsc_deadline_timer aes xsave avx f16c rdrand lahf_lm ida arat epb pln pts dtherm tpr_shadow vnmi flexpriority ept vpid fsgsbase smep erms xsaveopt
bugs		:
bogomips	: 6587.15
clflush size	: 64
cache_alignment	: 64
address sizes	: 36 bits physical, 48 bits virtual
power management:

processor	: 6
vendor_id	: GenuineIntel
cpu family	: 6
model		: 58
model name	: Intel(R) Xeon(R) CPU E3-1230 V2 @ 3.30GHz
stepping	: 9
microcode	: 0x12
cpu MHz		: 3586.816
cache size	: 8192 KB
physical id	: 0
siblings	: 8
core id		: 2
cpu cores	: 4
apicid		: 5
initial apicid	: 5
fpu		: yes
fpu_exception	: yes
cpuid level	: 13
wp		: yes
flags		: fpu vme de pse tsc msr pae mce cx8 apic sep mtrr pge mca cmov pat pse36 clflush dts acpi mmx fxsr sse sse2 ss ht tm pbe syscall nx rdtscp lm constant_tsc arch_perfmon pebs bts rep_good nopl xtopology nonstop_tsc aperfmperf eagerfpu pni pclmulqdq dtes64 monitor ds_cpl vmx smx est tm2 ssse3 cx16 xtpr pdcm pcid sse4_1 sse4_2 x2apic popcnt tsc_deadline_timer aes xsave avx f16c rdrand lahf_lm ida arat epb pln pts dtherm tpr_shadow vnmi flexpriority ept vpid fsgsbase smep erms xsaveopt
bugs		:
bogomips	: 6587.15
clflush size	: 64
cache_alignment	: 64
address sizes	: 36 bits physical, 48 bits virtual
power management:

processor	: 7
vendor_id	: GenuineIntel
cpu family	: 6
model		: 58
model name	: Intel(R) Xeon(R) CPU E3-1230 V2 @ 3.30GHz
stepping	: 9
microcode	: 0x12
cpu MHz		: 3621.750
cache size	: 8192 KB
physical id	: 0
siblings	: 8
core id		: 3
cpu cores	: 4
apicid		: 7
initial apicid	: 7
fpu		: yes
fpu_exception	: yes
cpuid level	: 13
wp		: yes
flags		: fpu vme de pse tsc msr pae mce cx8 apic sep mtrr pge mca cmov pat pse36 clflush dts acpi mmx fxsr sse sse2 ss ht tm pbe syscall nx rdtscp lm constant_tsc arch_perfmon pebs bts rep_good nopl xtopology nonstop_tsc aperfmperf eagerfpu pni pclmulqdq dtes64 monitor ds_cpl vmx smx est tm2 ssse3 cx16 xtpr pdcm pcid sse4_1 sse4_2 x2apic popcnt tsc_deadline_timer aes xsave avx f16c rdrand lahf_lm ida arat epb pln pts dtherm tpr_shadow vnmi flexpriority ept vpid fsgsbase smep erms xsaveopt
bugs		:
bogomips	: 6587.15
clflush size	: 64
cache_alignment	: 64
address sizes	: 36 bits physical, 48 bits virtual
power management:



Memory: 4k page, physical 16398448k(11865944k free), swap 0k(0k free)

vm_info: Java HotSpot(TM) 64-Bit Server VM (25.25-b02) for linux-amd64 JRE (1.8.0_25-b17), built on Sep 17 2014 17:32:11 by "java_re" with gcc 4.3.0 20080428 (Red Hat 4.3.0-8)

time: Tue Apr 14 03:17:47 2015
elapsed time: 6 seconds (0d 0h 0m 6s)

